2020-10-10 16:56:50,906 - root - INFO : ************** 当前运行环境: Fat *************
2020-10-10 16:56:50,906 - root - INFO : 描述信息: 【潭州平台】获取登录用户 token
2020-10-10 16:56:50,906 - root - INFO : 请求地址: https://open-fat.shiguangkey.com/api/udb/workwechat/auth/login
2020-10-10 16:56:50,906 - root - INFO : 请求方法: [- POST -]
2020-10-10 16:56:50,906 - root - INFO : 请求头部: {'content-type': 'application/x-www-form-urlencoded', 'terminaltype': '4'}
2020-10-10 16:56:50,906 - root - INFO : 请求正文: {'account': 't0312814888', 'password': '4QrcOUm6Wau+VuBX8g+IPg'}
2020-10-10 16:56:51,076 - root - INFO : 响应消息: {'traceId': 'f9095b754bb7413db2748194fc6bf169', 'status': '0', 'msg': 'success', 'data': {'user': {'uid': 19865505, 'mobile': '', 'account': '', 'nickname': '拥挤的鳐鱼', 'headImg': 'https://res.shiguangkey.com/res/images/default.png', 'openId': '', 'newRegister': False, 'needBindPhone': False, 'showAccountList': False}, 'token': '0x7718c90712f1fa10c74493c9b93bf4'}}
2020-10-10 16:56:51,076 - root - INFO : 提取变量: [ pttoken: 0x7718c90712f1fa10c74493c9b93bf4 ]
2020-10-10 16:56:51,077 - root - INFO : 校验类型: [-status], 结果: [Passed], 预期: [0]
2020-10-10 16:56:51,077 - root - INFO : 校验类型: [-msg], 结果: [Passed], 预期: [success]
2020-10-10 16:56:51,077 - root - INFO :  = = =  = = =  = = =  = = =  = = =  = = =  = = =  = = = 分割线 = = =  = = =  = = =  = = =  = = =  = = =  = = =  = = = 
2020-10-10 16:56:51,200 - root - INFO : 凭证获取成功并写入 /common/config.txt 配置文件中
2020-10-10 16:56:51,278 - root - INFO : 当前运行Case: test_import_mobile_single
2020-10-10 16:56:51,279 - root - INFO : 描述信息: 【潭州平台】获取登录用户 token
2020-10-10 16:56:51,279 - root - INFO : 请求地址: https://open-fat.shiguangkey.com/api/udb/workwechat/auth/login
2020-10-10 16:56:51,279 - root - INFO : 请求方法: [- POST -]
2020-10-10 16:56:51,279 - root - INFO : 请求头部: {'content-type': 'application/x-www-form-urlencoded', 'terminaltype': '4'}
2020-10-10 16:56:51,279 - root - INFO : 请求正文: {'account': 't0383212689', 'password': '4QrcOUm6Wau+VuBX8g+IPg'}
2020-10-10 16:56:51,430 - root - INFO : 响应消息: {'traceId': '52f5fe5ff89543f88dd812c962ce8a1f', 'status': '0', 'msg': 'success', 'data': {'user': {'uid': 19861712, 'mobile': '', 'account': '', 'nickname': '暖和的少女花', 'headImg': 'https://res.shiguangkey.com/res/images/default.png', 'openId': '', 'newRegister': False, 'needBindPhone': False, 'showAccountList': False}, 'token': '0x7789040712f10d0c5204c42b66c9a5'}}
2020-10-10 16:56:51,430 - root - INFO : 提取变量: [ pttoken: 0x7789040712f10d0c5204c42b66c9a5 ]
2020-10-10 16:56:51,430 - root - INFO : 校验类型: [-status], 结果: [Passed], 预期: [0]
2020-10-10 16:56:51,430 - root - INFO : 校验类型: [-msg], 结果: [Passed], 预期: [success]
2020-10-10 16:56:51,431 - root - INFO :  = = =  = = =  = = =  = = =  = = =  = = =  = = =  = = = 分割线 = = =  = = =  = = =  = = =  = = =  = = =  = = =  = = = 
2020-10-10 16:56:51,431 - root - INFO : 正在执行Function: ad_plan
2020-10-10 16:56:51,431 - root - INFO : 正在执行Function: program_info_save
2020-10-10 16:56:51,431 - root - INFO : 描述信息: 【银河/广告/广告计划】新增广告计划
2020-10-10 16:56:51,431 - root - INFO : 请求地址: https://galaxy-api-fat.shiguangkey.com/api/galaxy/program/info/save
2020-10-10 16:56:51,431 - root - INFO : 请求方法: [- POST -]
2020-10-10 16:56:51,431 - root - INFO : 请求头部: {'content-type': 'application/json', 'token': '0x773b800712f1fa1f1aa40e8b54315d'}
2020-10-10 16:56:51,431 - root - INFO : 请求正文: {'channelId': 6, 'name': '自动化计划60594730', 'subjectId': 282, 'subjectName': 'Python', 'isTest': 0, 'putMode': 1, 'type': 1, 'gatherType': 1, 'allocInstType': 2, 'channelName': '微信'}
2020-10-10 16:56:51,651 - root - INFO : 响应消息: {'traceId': '8a585ec4cc9646d4a818f0d6bf1890bd', 'status': '0', 'msg': 'success', 'data': {}}
2020-10-10 16:56:51,651 - root - INFO : 校验类型: [-status], 结果: [Passed], 预期: [0]
2020-10-10 16:56:51,651 - root - INFO : 校验类型: [-msg], 结果: [Passed], 预期: [success]
2020-10-10 16:56:51,651 - root - INFO :  = = =  = = =  = = =  = = =  = = =  = = =  = = =  = = = 分割线 = = =  = = =  = = =  = = =  = = =  = = =  = = =  = = = 
2020-10-10 16:56:51,651 - root - INFO : 正在执行Function: program_pageList
2020-10-10 16:56:51,651 - root - INFO : 描述信息: 【银河/广告/广告计划】查询广告计划
2020-10-10 16:56:51,652 - root - INFO : 请求地址: https://galaxy-api-fat.shiguangkey.com/api/galaxy/program/pageList
2020-10-10 16:56:51,652 - root - INFO : 请求方法: [- POST -]
2020-10-10 16:56:51,652 - root - INFO : 请求头部: {'content-type': 'application/x-www-form-urlencoded', 'token': '0x773b800712f1fa1f1aa40e8b54315d'}
2020-10-10 16:56:51,652 - root - INFO : 请求正文: {'name': '自动化计划60594730', 'isHide': 0, 'pageIndex': 1, 'pageSize': 20, 'gatherType': 1, 'putMode': 1, 'allocInstType': 2}
2020-10-10 16:56:51,971 - root - INFO : 响应消息: {'traceId': 'a11af508f8dd4bc79285b2a4fe8b6d3d', 'status': '0', 'msg': 'success', 'data': {'totalItem': 1, 'list': [{'id': 13512, 'oldProgramId': None, 'no': '1000000422915459', 'name': '自动化计划60594730', 'type': 1, 'programName': None, 'subjectName': 'Python', 'subjectId': 282, 'channelName': '微信', 'channelId': 6, 'isImport': None, 'position': None, 'keyword': None, 'areaId': None, 'areaName': None, 'remark': None, 'isNeedCaptch': None, 'state': None, 'adMainId': None, 'channelAgencyAccountId': None, 'accountCode': None, 'adMainAccount': None, 'thirdUrl': None, 'allocInstType': 2, 'receiveDeptId': None, 'receiveDeptIdChain': None, 'isHide': 0, 'isTest': 0, 'creatorDeptId': 8009, 'creatorName': '自动化专用-勿动', 'createTime': 1602320214000, 'putMode': 1, 'updateState': 1}]}}
2020-10-10 16:56:51,971 - root - INFO : 提取变量: [ channelId: 6 ]
2020-10-10 16:56:51,972 - root - INFO : 提取变量: [ putMode: 1 ]
2020-10-10 16:56:51,972 - root - INFO : 提取变量: [ adName: 自动化计划60594730 ]
2020-10-10 16:56:51,972 - root - INFO : 提取变量: [ adId: 13512 ]
2020-10-10 16:56:51,972 - root - INFO : 提取变量: [ type: 1 ]
2020-10-10 16:56:51,972 - root - INFO : 校验类型: [-status], 结果: [Passed], 预期: [0]
2020-10-10 16:56:51,972 - root - INFO : 校验类型: [-msg], 结果: [Passed], 预期: [success]
2020-10-10 16:56:51,972 - root - INFO : 校验类型: [-in]  结果: [Passed]  预期: [name]
2020-10-10 16:56:51,973 - root - INFO :  = = =  = = =  = = =  = = =  = = =  = = =  = = =  = = = 分割线 = = =  = = =  = = =  = = =  = = =  = = =  = = =  = = = 
2020-10-10 16:56:51,973 - root - INFO : 正在执行Function: creativity_save
2020-10-10 16:56:51,973 - root - INFO : 描述信息: 【银河/广告/广告计划】新建广告创意
2020-10-10 16:56:51,973 - root - INFO : 请求地址: https://galaxy-api-fat.shiguangkey.com/api/galaxy/creativity/save
2020-10-10 16:56:51,973 - root - INFO : 请求方法: [- POST -]
2020-10-10 16:56:51,973 - root - INFO : 请求头部: {'content-type': 'application/x-www-form-urlencoded', 'token': '0x773b800712f1fa1f1aa40e8b54315d'}
2020-10-10 16:56:51,973 - root - INFO : 请求正文: {'name': '自动化创意66668725', 'gatherType': 1, 'isNeedCaptch': 0, 'position': 1, 'type': '1', 'putMode': '1', 'channelId': '6', 'programId': '13512', 'programName': '自动化计划60594730'}
2020-10-10 16:56:52,214 - root - INFO : 响应消息: {'traceId': '1c2ffa8496d04dc4a0603d5a256d9ef2', 'status': '0', 'msg': 'success', 'data': {}}
2020-10-10 16:56:52,214 - root - INFO : 校验类型: [-status], 结果: [Passed], 预期: [0]
2020-10-10 16:56:52,214 - root - INFO : 校验类型: [-msg], 结果: [Passed], 预期: [success]
2020-10-10 16:56:52,214 - root - INFO :  = = =  = = =  = = =  = = =  = = =  = = =  = = =  = = = 分割线 = = =  = = =  = = =  = = =  = = =  = = =  = = =  = = = 
2020-10-10 16:56:52,214 - root - INFO : 正在执行Function: creativity_pageList
2020-10-10 16:56:52,214 - root - INFO : 描述信息: 【银河/广告/广告创意】查询广告创意
2020-10-10 16:56:52,214 - root - INFO : 请求地址: https://galaxy-api-fat.shiguangkey.com/api/galaxy/creativity/pageList
2020-10-10 16:56:52,214 - root - INFO : 请求方法: [- POST -]
2020-10-10 16:56:52,214 - root - INFO : 请求头部: {'content-type': 'application/x-www-form-urlencoded', 'token': '0x773b800712f1fa1f1aa40e8b54315d'}
2020-10-10 16:56:52,214 - root - INFO : 请求正文: {'gatherType': 1, 'programId': '13512', 'isHide': 0, 'pageIndex': 1, 'pageSize': 20}
2020-10-10 16:56:52,561 - root - INFO : 响应消息: {'traceId': 'dbc8d61b1c384bfaa3fd767f58150040', 'status': '0', 'msg': 'success', 'data': {'totalItem': 1, 'list': [{'id': 113178, 'oldCreativityId': None, 'oldProgramId': None, 'no': 'c83abee185004bc89c89a84ae78d6583', 'name': '自动化创意66668725', 'programName': '自动化计划60594730', 'subjectName': 'Python', 'subjectId': 282, 'channelName': '微信', 'channelId': 6, 'isImport': 0, 'position': '1', 'keyword': None, 'areaId': None, 'areaName': None, 'creatorName': '自动化专用-勿动', 'createTime': 1602320214000, 'remark': None, 'isNeedCaptch': 0, 'state': 2, 'adMainId': None, 'channelAgencyAccountId': None, 'accountCode': None, 'adMainAccount': None, 'thirdUrl': None, 'allocInstType': 2, 'receiveDeptId': None, 'receiveDeptIdChain': None, 'isHide': 0, 'isTest': 0, 'creatorDeptId': 8009, 'vector': None, 'customerVectorValue': None, 'followerName': None, 'followerTanzkAccount': None, 'putMode': 1, 'receptionistId': None, 'receptionistName': None, 'receptionistTanzkAccount': None, 'receptionistDeptId': None, 'receptionistDeptIdChain': None, 'creatorDeptIdChain': '1001-8006-8007-8008-8009', 'updateState': 1, 'type': 1, 'programId': 13512, 'promotionTerminal': 1, 'vectorType': None, 'channelQrCode': None, 'channelNumber': None, 'companyWechatId': None, 'vectorId': None, 'vectorName': None}]}}
2020-10-10 16:56:52,561 - root - INFO : 提取变量: [ creativityId: 113178 ]
2020-10-10 16:56:52,561 - root - INFO : 提取变量: [ creativityName: 自动化创意66668725 ]
2020-10-10 16:56:52,562 - root - INFO : 提取变量: [ creativityNo: c83abee185004bc89c89a84ae78d6583 ]
2020-10-10 16:56:52,562 - root - INFO : 校验类型: [-status], 结果: [Passed], 预期: [0]
2020-10-10 16:56:52,562 - root - INFO : 校验类型: [-msg], 结果: [Passed], 预期: [success]
2020-10-10 16:56:52,562 - root - INFO :  = = =  = = =  = = =  = = =  = = =  = = =  = = =  = = = 分割线 = = =  = = =  = = =  = = =  = = =  = = =  = = =  = = = 
2020-10-10 16:56:52,562 - root - INFO : 描述信息: 【银河/广告/广告创意】导入单个手机流量
2020-10-10 16:56:52,667 - root - INFO : 请求地址: https://galaxy-api-fat.shiguangkey.com/api/galaxy/gather/importing
2020-10-10 16:56:52,676 - root - INFO : 请求方法: [- POST -]
2020-10-10 16:56:52,676 - root - INFO : 请求头部: {'content-type': 'multipart/form-data; boundary=eabfd8fa8312c7f97ece77e71563f62a', 'token': '0x7789040712f10d0c5204c42b66c9a5'}
2020-10-10 16:56:52,676 - root - INFO : 请求正文: b'--eabfd8fa8312c7f97ece77e71563f62a\r\nContent-Disposition: form-data; name="adNo"\r\n\r\nc83abee185004bc89c89a84ae78d6583\r\n--eabfd8fa8312c7f97ece77e71563f62a\r\nContent-Disposition: form-data; name="putMode"\r\n\r\n1\r\n--eabfd8fa8312c7f97ece77e71563f62a\r\nContent-Disposition: form-data; name="file"; filename="import20201010165652.xlsx"\r\nContent-Type: application/vnd.openxmlformats-officedocument.spreadsheetml.sheet\r\n\r\n\xd0\xcf\x11\xe0\xa1\xb1\x1a\xe1\x00\x00\x00\x00\x00\x00\x00\x00\x00\x00\x00\x00\x00\x00\x00\x00>\x00\x03\x00\xfe\xff\t\x00\x06\x00\x00\x00\x00\x00\x00\x00\x00\x00\x00\x00\x01\x00\x00\x00\t\x00\x00\x00\x00\x00\x00\x00\x00\x10\x00\x00\xfe\xff\xff\xff\x00\x00\x00\x00\xfe\xff\xff\xff\x00\x00\x00\x00\x08\x00\x00\x00\xff\xff\xff\xff\xff\xff\xff\xff\xff\xff\xff\xff\xff\xff\xff\xff\xff\xff\xff\xff\xff\xff\xff\xff\xff\xff\xff\xff\xff\xff\xff\xff\xff\xff\xff\xff\xff\xff\xff\xff\xff\xff\xff\xff\xff\xff\xff\xff\xff\xff\xff\xff\xff\xff\xff\xff\xff\xff\xff\xff\xff\xff\xff\xff\xff\xff\xff\xff\xff\xff\xff\xff\xff\xff\xff\xff\xff\xff\xff\xff\xff\xff\xff\xff\xff\xff\xff\xff\xff\xff\xff\xff\xff\xff\xff\xff\xff\xff\xff\xff\xff\xff\xff\xff\xff\xff\xff\xff\xff\xff\xff\xff\xff\xff\xff\xff\xff\xff\xff\xff\xff\xff\xff\xff\xff\xff\xff\xff\xff\xff\xff\xff\xff\xff\xff\xff\xff\xff\xff\xff\xff\xff\xff\xff\xff\xff\xff\xff\xff\xff\xff\xff\xff\xff\xff\xff\xff\xff\xff\xff\xff\xff\xff\xff\xff\xff\xff\xff\xff\xff\xff\xff\xff\xff\xff\xff\xff\xff\xff\xff\xff\xff\xff\xff\xff\xff\xff\xff\xff\xff\xff\xff\xff\xff\xff\xff\xff\xff\xff\xff\xff\xff\xff\xff\xff\xff\xff\xff\xff\xff\xff\xff\xff\xff\xff\xff\xff\xff\xff\xff\xff\xff\xff\xff\xff\xff\xff\xff\xff\xff\xff\xff\xff\xff\xff\xff\xff\xff\xff\xff\xff\xff\xff\xff\xff\xff\xff\xff\xff\xff\xff\xff\xff\xff\xff\xff\xff\xff\xff\xff\xff\xff\xff\xff\xff\xff\xff\xff\xff\xff\xff\xff\xff\xff\xff\xff\xff\xff\xff\xff\xff\xff\xff\xff\xff\xff\xff\xff\xff\xff\xff\xff\xff\xff\xff\xff\xff\xff\xff\xff\xff\xff\xff\xff\xff\xff\xff\xff\xff\xff\xff\xff\xff\xff\xff\xff\xff\xff\xff\xff\xff\xff\xff\xff\xff\xff\xff\xff\xff\xff\xff\xff\xff\xff\xff\xff\xff\xff\xff\xff\xff\xff\xff\xff\xff\xff\xff\xff\xff\xff\xff\xff\xff\xff\xff\xff\xff\xff\xff\xff\xff\xff\xff\xff\xff\xff\xff\xff\xff\xff\xff\xff\xff\xff\xff\xff\xff\xff\xff\xff\xff\xff\xff\xff\xff\xff\xff\xff\xff\xff\xff\xff\xff\xff\xff\xff\xff\xff\xff\xff\xff\xff\xff\xff\xff\xff\xff\xff\xff\xff\xff\xff\xff\xff\xff\xff\xff\xff\xff\xff\xff\xff\xff\xff\xff\xff\xff\xff\xff\xff\xff\xff\t\x08\x10\x00\x00\x06\x05\x00\xbb\r\xcc\x07\x00\x00\x00\x00\x06\x00\x00\x00\xe1\x00\x02\x00\xb0\x04\xc1\x00\x02\x00\x00\x00\xe2\x00\x00\x00\\\x00p\x00None                                                                                                            B\x00\x02\x00\xb0\x04a\x01\x02\x00\x00\x00=\x01\x02\x00\x01\x00\x9c\x00\x02\x00\x0e\x00\x19\x00\x02\x00\x00\x00\x12\x00\x02\x00\x00\x00c\x00\x02\x00\x00\x00\x13\x00\x02\x00\x00\x00\xaf\x01\x02\x00\x00\x00\xbc\x01\x02\x00\x00\x00@\x00\x02\x00\x00\x00\x8d\x00\x02\x00\x00\x00=\x00\x12\x00\xe0\x01Z\x00\xcf?N*8\x00\x00\x00\x00\x00\x01\x00X\x02"\x00\x02\x00\x00\x00\x0e\x00\x02\x00\x01\x00\xb7\x01\x02\x00\x00\x00\xda\x00\x02\x00\x00\x001\x00\x15\x00\xc8\x00\x00\x00\xff\x7f\x90\x01\x00\x00\x00\x00\x01\x00\x05\x00Arial1\x00\x15\x00\xc8\x00\x00\x00\xff\x7f\x90\x01\x00\x00\x00\x00\x01\x00\x05\x00Arial1\x00\x15\x00\xc8\x00\x00\x00\xff\x7f\x90\x01\x00\x00\x00\x00\x01\x00\x05\x00Arial1\x00\x15\x00\xc8\x00\x00\x00\xff\x7f\x90\x01\x00\x00\x00\x00\x01\x00\x05\x00Arial1\x00\x15\x00\xc8\x00\x00\x00\xff\x7f\x90\x01\x00\x00\x00\x00\x01\x00\x05\x00Arial1\x00\x15\x00\xc8\x00\x00\x00\xff\x7f\x90\x01\x00\x00\x00\x00\x01\x00\x05\x00Arial1\x00\x15\x00\xc8\x00\x00\x00\xff\x7f\x90\x01\x00\x00\x00\x00\x01\x00\x05\x00Arial\x1e\x04\x0c\x00\xa4\x00\x07\x00\x00General\xe0\x00\x14\x00\x06\x00\xa4\x00\xf5\xff \x00\x00\xf4\x00\x00\x00\x00\x00\x00\x00\x00\xc0 \xe0\x00\x14\x00\x06\x00\xa4\x00\xf5\xff \x00\x00\xf4\x00\x00\x00\x00\x00\x00\x00\x00\xc0 \xe0\x00\x14\x00\x06\x00\xa4\x00\xf5\xff \x00\x00\xf4\x00\x00\x00\x00\x00\x00\x00\x00\xc0 \xe0\x00\x14\x00\x06\x00\xa4\x00\xf5\xff \x00\x00\xf4\x00\x00\x00\x00\x00\x00\x00\x00\xc0 \xe0\x00\x14\x00\x06\x00\xa4\x00\xf5\xff \x00\x00\xf4\x00\x00\x00\x00\x00\x00\x00\x00\xc0 \xe0\x00\x14\x00\x06\x00\xa4\x00\xf5\xff \x00\x00\xf4\x00\x00\x00\x00\x00\x00\x00\x00\xc0 \xe0\x00\x14\x00\x06\x00\xa4\x00\xf5\xff \x00\x00\xf4\x00\x00\x00\x00\x00\x00\x00\x00\xc0 \xe0\x00\x14\x00\x06\x00\xa4\x00\xf5\xff \x00\x00\xf4\x00\x00\x00\x00\x00\x00\x00\x00\xc0 \xe0\x00\x14\x00\x06\x00\xa4\x00\xf5\xff \x00\x00\xf4\x00\x00\x00\x00\x00\x00\x00\x00\xc0 \xe0\x00\x14\x00\x06\x00\xa4\x00\xf5\xff \x00\x00\xf4\x00\x00\x00\x00\x00\x00\x00\x00\xc0 \xe0\x00\x14\x00\x06\x00\xa4\x00\xf5\xff \x00\x00\xf4\x00\x00\x00\x00\x00\x00\x00\x00\xc0 \xe0\x00\x14\x00\x06\x00\xa4\x00\xf5\xff \x00\x00\xf4\x00\x00\x00\x00\x00\x00\x00\x00\xc0 \xe0\x00\x14\x00\x06\x00\xa4\x00\xf5\xff \x00\x00\xf4\x00\x00\x00\x00\x00\x00\x00\x00\xc0 \xe0\x00\x14\x00\x06\x00\xa4\x00\xf5\xff \x00\x00\xf4\x00\x00\x00\x00\x00\x00\x00\x00\xc0 \xe0\x00\x14\x00\x06\x00\xa4\x00\xf5\xff \x00\x00\xf4\x00\x00\x00\x00\x00\x00\x00\x00\xc0 \xe0\x00\x14\x00\x06\x00\xa4\x00\xf5\xff \x00\x00\xf4\x00\x00\x00\x00\x00\x00\x00\x00\xc0 \xe0\x00\x14\x00\x06\x00\xa4\x00\x01\x00 \x00\x00\xf8\x00\x00\x00\x00\x00\x00\x00\x00\xc0 \xe0\x00\x14\x00\x07\x00\xa4\x00\x01\x00 \x00\x00\xf8\x00\x00\x00\x00\x00\x00\x00\x00\xc0 \x93\x02\x04\x00\x00\x80\x00\xff`\x01\x02\x00\x01\x00\x85\x00\x0e\x00t\x04\x00\x00\x00\x00\x06\x00Sheet1\xfc\x00\xcf\x00\x0f\x00\x00\x00\r\x00\x00\x00\x08\x00\x01\xa2[7b5f\xf0y\x08\xff\xd3Y\rT\t\xff\x08\x00\x01Kb:g\xf7S\x01x\x08\xff\xc5_kX\t\xff\x04\x00\x01Q\x00Q\x00\xf7S\x01x\x02\x00\x01\xae_\xe1O\x04\x00\x01\xc2S\x03\x80t^\x84\x9f\x10\x00\x01Am\xcf\x91eg\x90n\xf6e\xf4\x95\x08\xff\xc5_kX,\x00\tN)Y\x85Qpenc\t\xff\n\x00\x010W\xdfW\x08\xff\x02^\xa7~\x0c\xff^\x97\xc5_kX\t\xff\x04\x00\x01Am\xcf\x91\x07Y\xe8l\x02\x00\x01\x8bs\x94N\x0b\x00\x0013402359639\x08\x00\x0048654388\x13\x00\x002020/10/10 16:56:50\x03\x00\x01\x7f\x95\x99l\x02^\n\x00\x00\x00\t\x08\x10\x00\x00\x06\x10\x00\xbb\r\xcc\x07\x00\x00\x00\x00\x06\x00\x00\x00\r\x00\x02\x00\x01\x00\x0c\x00\x02\x00d\x00\x0f\x00\x02\x00\x01\x00\x11\x00\x02\x00\x00\x00\x10\x00\x08\x00\xfc\xa9\xf1\xd2MbP?_\x00\x02\x00\x00\x00\x80\x00\x08\x00\x00\x00\x00\x00\x01\x00\x00\x00%\x02\x04\x00\x00\x00\xff\x00\x81\x00\x02\x00\x01\x0c\x00\x02\x0e\x00\x00\x00\x00\x00\x02\x00\x00\x00\x00\x00\x08\x00\x00\x00*\x00\x02\x00\x00\x00+\x00\x02\x00\x00\x00\x82\x00\x02\x00\x01\x00\x1b\x00\x02\x00\x00\x00\x1a\x00\x02\x00\x00\x00\x14\x00\x05\x00\x02\x00\x00&P\x15\x00\x05\x00\x02\x00\x00&F\x83\x00\x02\x00\x01\x00\x84\x00\x02\x00\x00\x00&\x00\x08\x00333333\xd3?\'\x00\x08\x00333333\xd3?(\x00\x08\x00\x85\xebQ\xb8\x1e\x85\xe3?)\x00\x08\x00\xaeG\xe1z\x14\xae\xd7?\xa1\x00"\x00\t\x00d\x00\x01\x00\x01\x00\x01\x00\x83\x00,\x01,\x01\x9a\x99\x99\x99\x99\x99\xb9?\x9a\x99\x99\x99\x99\x99\xb9?\x01\x00\x12\x00\x02\x00\x00\x00\xdd\x00\x02\x00\x00\x00\x19\x00\x02\x00\x00\x00c\x00\x02\x00\x00\x00\x13\x00\x02\x00\x00\x00\x08\x02\x10\x00\x00\x00\x00\x00\x08\x00\xff\x00\x00\x00\x00\x00\x00\x01\x0f\x00\xfd\x00\n\x00\x00\x00\x00\x00\x11\x00\x00\x00\x00\x00\xfd\x00\n\x00\x00\x00\x01\x00\x11\x00\x01\x00\x00\x00\xfd\x00\n\x00\x00\x00\x02\x00\x11\x00\x02\x00\x00\x00\xfd\x00\n\x00\x00\x00\x03\x00\x11\x00\x03\x00\x00\x00\xfd\x00\n\x00\x00\x00\x04\x00\x11\x00\x04\x00\x00\x00\xfd\x00\n\x00\x00\x00\x05\x00\x11\x00\x05\x00\x00\x00\xfd\x00\n\x00\x00\x00\x06\x00\x11\x00\x06\x00\x00\x00\xfd\x00\n\x00\x00\x00\x07\x00\x11\x00\x07\x00\x00\x00\x08\x02\x10\x00\x01\x00\x00\x00\x08\x00\xff\x00\x00\x00\x00\x00\x00\x01\x0f\x00\xfd\x00\n\x00\x01\x00\x00\x00\x11\x00\x08\x00\x00\x00\xfd\x00\n\x00\x01\x00\x01\x00\x11\x00\t\x00\x00\x00\xfd\x00\n\x00\x01\x00\x02\x00\x11\x00\n\x00\x00\x00\xfd\x00\n\x00\x01\x00\x03\x00\x11\x00\n\x00\x00\x00~\x02\n\x00\x01\x00\x04\x00\x11\x00r\x00\x00\x00\xfd\x00\n\x00\x01\x00\x05\x00\x11\x00\x0b\x00\x00\x00\xfd\x00\n\x00\x01\x00\x06\x00\x11\x00\x0c\x00\x00\x00\xfd\x00\n\x00\x01\x00\x07\x00\x11\x00\x07\x00\x00\x00>\x02\x12\x00\xb6\x02\x00\x00\x00\x00@\x00\x00\x00\x00\x00\x00\x00\x00\x00\x00\x00\n\x00\x00\x00\x00\x00\x00\x00\x00\x00\x00\x00\x00\x00\x00\x00\x00\x00\x00\x00\x00\x00\x00\x00\x00\x00\x00\x00\x00\x00\x00\x00\x00\x00\x00\x00\x00\x00\x00\x00\x00\x00\x00\x00\x00\x00\x00\x00\x00\x00\x00\x00\x00\x00\x00\x00\x00\x00\x00\x00\x00\x00\x00\x00\x00\x00\x00\x00\x00\x00\x00\x00\x00\x00\x00\x00\x00\x00\x00\x00\x00\x00\x00\x00\x00\x00\x00\x00\x00\x00\x00\x00\x00\x00\x00\x00\x00\x00\x00\x00\x00\x00\x00\x00\x00\x00\x00\x00\x00\x00\x00\x00\x00\x00\x00\x00\x00\x00\x00\x00\x00\x00\x00\x00\x00\x00\x00\x00\x00\x00\x00\x00\x00\x00\x00\x00\x00\x00\x00\x00\x00\x00\x00\x00\x00\x00\x00\x00\x00\x00\x00\x00\x00\x00\x00\x00\x00\x00\x00\x00\x00\x00\x00\x00\x00\x00\x00\x00\x00\x00\x00\x00\x00\x00\x00\x00\x00\x00\x00\x00\x00\x00\x00\x00\x00\x00\x00\x00\x00\x00\x00\x00\x00\x00\x00\x00\x00\x00\x00\x00\x00\x00\x00\x00\x00\x00\x00\x00\x00\x00\x00\x00\x00\x00\x00\x00\x00\x00\x00\x00\x00\x00\x00\x00\x00\x00\x00\x00\x00\x00\x00\x00\x00\x00\x00\x00\x00\x00\x00\x00\x00\x00\x00\x00\x00\x00\x00\x00\x00\x00\x00\x00\x00\x00\x00\x00\x00\x00\x00\x00\x00\x00\x00\x00\x00\x00\x00\x00\x00\x00\x00\x00\x00\x00\x00\x00\x00\x00\x00\x00\x00\x00\x00\x00\x00\x00\x00\x00\x00\x00\x00\x00\x00\x00\x00\x00\x00\x00\x00\x00\x00\x00\x00\x00\x00\x00\x00\x00\x00\x00\x00\x00\x00\x00\x00\x00\x00\x00\x00\x00\x00\x00\x00\x00\x00\x00\x00\x00\x00\x00\x00\x00\x00\x00\x00\x00\x00\x00\x00\x00\x00\x00\x00\x00\x00\x00\x00\x00\x00\x00\x00\x00\x00\x00\x00\x00\x00\x00\x00\x00\x00\x00\x00\x00\x00\x00\x00\x00\x00\x00\x00\x00\x00\x00\x00\x00\x00\x00\x00\x00\x00\x00\x00\x00\x00\x00\x00\x00\x00\x00\x00\x00\x00\x00\x00\x00\x00\x00\x00\x00\x00\x00\x00\x00\x00\x00\x00\x00\x00\x00\x00\x00\x00\x00\x00\x00\x00\x00\x00\x00\x00\x00\x00\x00\x00\x00\x00\x00\x00\x00\x00\x00\x00\x00\x00\x00\x00\x00\x00\x00\x00\x00\x00\x00\x00\x00\x00\x00\x00\x00\x00\x00\x00\x00\x00\x00\x00\x00\x00\x00\x00\x00\x00\x00\x00\x00\x00\x00\x00\x00\x00\x00\x00\x00\x00\x00\x00\x00\x00\x00\x00\x00\x00\x00\x00\x00\x00\x00\x00\x00\x00\x00\x00\x00\x00\x00\x00\x00\x00\x00\x00\x00\x00\x00\x00\x00\x00\x00\x00\x00\x00\x00\x00\x00\x00\x00\x00\x00\x00\x00\x00\x00\x00\x00\x00\x00\x00\x00\x00\x00\x00\x00\x00\x00\x00\x00\x00\x00\x00\x00\x00\x00\x00\x00\x00\x00\x00\x00\x00\x00\x00\x00\x00\x00\x00\x00\x00\x00\x00\x00\x00\x00\x00\x00\x00\x00\x00\x00\x00\x00\x00\x00\x00\x00\x00\x00\x00\x00\x00\x00\x00\x00\x00\x00\x00\x00\x00\x00\x00\x00\x00\x00\x00\x00\x00\x00\x00\x00\x00\x00\x00\x00\x00\x00\x00\x00\x00\x00\x00\x00\x00\x00\x00\x00\x00\x00\x00\x00\x00\x00\x00\x00\x00\x00\x00\x00\x00\x00\x00\x00\x00\x00\x00\x00\x00\x00\x00\x00\x00\x00\x00\x00\x00\x00\x00\x00\x00\x00\x00\x00\x00\x00\x00\x00\x00\x00\x00\x00\x00\x00\x00\x00\x00\x00\x00\x00\x00\x00\x00\x00\x00\x00\x00\x00\x00\x00\x00\x00\x00\x00\x00\x00\x00\x00\x00\x00\x00\x00\x00\x00\x00\x00\x00\x00\x00\x00\x00\x00\x00\x00\x00\x00\x00\x00\x00\x00\x00\x00\x00\x00\x00\x00\x00\x00\x00\x00\x00\x00\x00\x00\x00\x00\x00\x00\x00\x00\x00\x00\x00\x00\x00\x00\x00\x00\x00\x00\x00\x00\x00\x00\x00\x00\x00\x00\x00\x00\x00\x00\x00\x00\x00\x00\x00\x00\x00\x00\x00\x00\x00\x00\x00\x00\x00\x00\x00\x00\x00\x00\x00\x00\x00\x00\x00\x00\x00\x00\x00\x00\x00\x00\x00\x00\x00\x00\x00\x00\x00\x00\x00\x00\x00\x00\x00\x00\x00\x00\x00\x00\x00\x00\x00\x00\x00\x00\x00\x00\x00\x00\x00\x00\x00\x00\x00\x00\x00\x00\x00\x00\x00\x00\x00\x00\x00\x00\x00\x00\x00\x00\x00\x00\x00\x00\x00\x00\x00\x00\x00\x00\x00\x00\x00\x00\x00\x00\x00\x00\x00\x00\x00\x00\x00\x00\x00\x00\x00\x00\x00\x00\x00\x00\x00\x00\x00\x00\x00\x00\x00\x00\x00\x00\x00\x00\x00\x00\x00\x00\x00\x00\x00\x00\x00\x00\x00\x00\x00\x00\x00\x00\x00\x00\x00\x00\x00\x00\x00\x00\x00\x00\x00\x00\x00\x00\x00\x00\x00\x00\x00\x00\x00\x00\x00\x00\x00\x00\x00\x00\x00\x00\x00\x00\x00\x00\x00\x00\x00\x00\x00\x00\x00\x00\x00\x00\x00\x00\x00\x00\x00\x00\x00\x00\x00\x00\x00\x00\x00\x00\x00\x00\x00\x00\x00\x00\x00\x00\x00\x00\x00\x00\x00\x00\x00\x00\x00\x00\x00\x00\x00\x00\x00\x00\x00\x00\x00\x00\x00\x00\x00\x00\x00\x00\x00\x00\x00\x00\x00\x00\x00\x00\x00\x00\x00\x00\x00\x00\x00\x00\x00\x00\x00\x00\x00\x00\x00\x00\x00\x00\x00\x00\x00\x00\x00\x00\x00\x00\x00\x00\x00\x00\x00\x00\x00\x00\x00\x00\x00\x00\x00\x00\x00\x00\x00\x00\x00\x00\x00\x00\x00\x00\x00\x00\x00\x00\x00\x00\x00\x00\x00\x00\x00\x00\x00\x00\x00\x00\x00\x00\x00\x00\x00\x00\x00\x00\x00\x00\x00\x00\x00\x00\x00\x00\x00\x00\x00\x00\x00\x00\x00\x00\x00\x00\x00\x00\x00\x00\x00\x00\x00\x00\x00\x00\x00\x00\x00\x00\x00\x00\x00\x00\x00\x00\x00\x00\x00\x00\x00\x00\x00\x00\x00\x00\x00\x00\x00\x00\x00\x00\x00\x00\x00\x00\x00\x00\x00\x00\x00\x00\x00\x00\x00\x00\x00\x00\x00\x00\x00\x00\x00\x00\x00\x00\x00\x00\x00\x00\x00\x00\x00\x00\x00\x00\x00\x00\x00\x00\x00\x00\x00\x00\x00\x00\x00\x00\x00\x00\x00\x00\x00\x00\x00\x00\x00\x00\x00\x00\x00\x00\x00\x00\x00\x00\x00\x00\x00\x00\x00\x00\x00\x00\x00\x00\x00\x00\x00\x00\x00\x00\x00\x00\x00\x00\x00\x00\x00\x00\x00\x00\x00\x00\x00\x00\x00\x00\x00\x00\x00\x00\x00\x00\x00\x00\x00\x00\x00\x00\x00\x00\x00\x00\x00\x00\x00\x00\x00\x00\x00\x00\x00\x00\x00\x00\x00\x00\x00\x00\x00\x00\x00\x00\x00\x00\x00\x00\x00\x00\x00\x00\x00\x00\x00\x00\x00\x00\x00\x00\x00\x00\x00\x00\x00\x00\x00\x00\x00\x00\x00\x00\x00\x00\x00\x00\x00\x00\x00\x00\x00\x00\x00\x00\x00\x00\x00\x00\x00\x00\x00\x00\x00\x00\x00\x00\x00\x00\x00\x00\x00\x00\x00\x00\x00\x00\x00\x00\x00\x00\x00\x00\x00\x00\x00\x00\x00\x00\x00\x00\x00\x00\x00\x00\x00\x00\x00\x00\x00\x00\x00\x00\x00\x00\x00\x00\x00\x00\x00\x00\x00\x00\x00\x00\x00\x00\x00\x00\x00\x00\x00\x00\x00\x00\x00\x00\x00\x00\x00\x00\x00\x00\x00\x00\x00\x00\x00\x00\x00\x00\x00\x00\x00\x00\x00\x00\x00\x00\x00\x00\x00\x00\x00\x00\x00\x00\x00\x00\x00\x00\x00\x00\x00\x00\x00\x00\x00\x00\x00\x00\x00\x00\x00\x00\x00\x00\x00\x00\x00\x00\x00\x00\x00\x00\x00\x00\x00\x00\x00\x00\x00\x00\x00\x00\x00\x00\x00\x00\x00\x00\x00\x00\x00\x00\x00\x00\x00\x00\x00\x00\x00\x00\x00\x00\x00\x00\x00\x00\x00\x00\x00\x00\x00\x00\x00\x00\x00\x00\x00\x00\x00\x00\x00\x00\x00\x00\x00\x00\x00\x00\x00\x00\x00\x00\x00\x00\x00\x00\x00\x00\x00\x00\x00\x00\x00\x00\x00\x00\x00\x00\x00\x00\x00\x00\x00\x00\x00\x00\x00\x00\x00\x00\x00\x00\x00\x00\x00\x00\x00\x00\x00\x00\x00\x00\x00\x00\x00\x00\x00\x00\x00\x00\x00\x00\x00\x00\x00\x00\x00\x00\x00\x00\x00\x00\x00\x00\x00\x00\x00\x00\x00\x00\x00\x00\x00\x00\x00\x00\x00\x00\x00\x00\x00\x00\x00\x00\x00\x00\x00\x00\x00\x00\x00\x00\x00\x00\x00\x00\x00\x00\x00\x00\x00\x00\x00\x00\x00\x00\x00\x00\x00\x00\x00\x00\x00\x00\x00\x00\x00\x00\x00\x00\x00\x00\x00\x00\x00\x00\x00\x00\x00\x00\x00\x00\x00\x00\x00\x00\x00\x00\x00\x00\x00\x00\x00\x00\x00\x00\x00\x00\x00\x00\x00\x00\x00\x00\x00\x00\x00\x00\x00\x00\x00\x00\x00\x00\x00\x00\x00\x00\x00\x00\x00\x00\x00\x00\x00\x00\x00\x00\x00\x00\x00\x00\x00\x00\x00\x00\x00\x00\x00\x00\x00\x00\x00\x00\x00\x00\x00\x00\x00\x00\x00\x00\x00\x00\x00\x00\x00\x00\x00\x00\x00\x00\x00\x00\x00\x00\x00\x00\x00\x00\x00\x00\x00\x00\x00\x00\x00\x00\x00\x00\x00\x00\x00\x00\x00\x00\x00\x00\x00\x00\x00\x00\x00\x00\x00\x00\x00\x00\x00\x00\x00\x00\x00\x00\x00\x00\x00\x00\x00\x00\x00\x00\x00\x00\x00\x00\x00\x00\x00\x00\x00\x00\x00\x00\x00\x00\x00\x00\x00\x00\x00\x00\x00\x00\x00\x00\x00\x00\x00\x00\x00\x00\x00\x00\x00\x00\x00\x00\x00\x00\x00\x00\x00\x00\x00\x00\x00\x00\x00\x00\x00\x00\x00\x00\x00\x00\x00\x00\x00\x00\x00\x00\x00\x00\x00\x00\x00\x00\x00\x00\x00\x00\x00\x00\x00\x00\x00\x00\x00\x00\x00\x00\x00\x00\x00\x00\x00\x00\x00\x00\x00\x00\x00\x00\x00\x00\x00\x00\x00\x00\x00\x00\x00\x00\x00\x00\x00\x00\x00\x00\x00\x00\x00\x00\x00\x00\x00\x00\x00\x00\x00\x00\x00\x00\x00\x00\x00\x00\x00\x00\x00\x00\x00\x00\x00\x00\x00\x00\x00\x00\x00\x00\x00\x00\x00\x00\x00\x00\x00\x00\x00\x00\x00\x00\x00\x00\x00\x00\x00\x00\x00\x00\x00\x00\x00\x00\x00\x00\x00\x00\x00\x00\x00\x00\x00\x00\x00\x00\x00\x00\x00\x00\x00\x00\x00\x00\x00\x00\x00\x00\x00\x00\x00\x00\x00\x00\x00\x00\x00\x00\x00\x00\x00\x00\x00\x00\x00\x00\x00\x00\x00\x00\x00\x00\x00\x00\x00\x00\x00\x00\x00\x00\x00\x00\x00\x00\x00\x00\x00\x00\x00\x00\x00\x00\x00\x00\x00\x00\x00\x00\x00\x00\x00\x00\x00\x00\x00\x00\x00\x00\x00\x00\x00\x00\x00\x00\x00\x00\x00\x00\x00\x00\x00\x00\x00\x00\x00\x00\x00\x00\x00\x00\x00\x00\x00\x00\x00\x00\x00\x00\x00\x00\x00\x00\x00\x00\x00\x00\x00\x00\x00\x00\x00\x00\x00\x00\x00\x00\x00\x00\x00\x00\x00\x00\x00\x00\x00\x00\x00\x00\x00\x00\x00\x00\x00\x00\x00\x00\x00\x00\x00\x00\x00\x00\x00\x00\x00\x00\x00\x00\x00\x00\x00\x00\x00\x00\x00\x00\x00\x00\x00\x00\x00\x00\x00\x00\x00\x00\x00\x00\x00\x00\x00\x00\x00\x00\x00\x00\x00\x00\x00\x00\x00\x00\x00\x00\x00\x00\x00\x00\x00\x00\x00\x00\x00\x00\x00\x00\x00\x00\x00\x00\x00\x00\x00\x00\x00\x00\x00\x00\x00\x00\x00\x00\x00\x00\x00\x00\x00\x00\x00\x00\x00\x00\x00\x00\x00\x00\x00\x00\x00\x00\x00\x00\x00\x00\x00\x00\x00\x00\x00\x00\x00\x00\x00\x00\x00\x00\x00\x00\x00\x00\x00\x00\x00\x00\x00\x00\x00\x00\x00\x00\x00\x00\x00\x00\x00\x00\x00\x00\x00\x00\x00\x00\x00\x00\x00\x00\x00\x00\x00\x00\x00\x00\x00\x00\x00\x00\x00\x00\x00\x00\x00\x00\x00\x00\x00\x00\x00\x00\x00\x00\x00\x00\x00\x00\x00\x00\x00\x00\x00\x00\x00\x00\x00\x00\x00\x00\x00\x00\x00\x00\x00\x00\x00\x00\x00\x00\x00\x00\x00\x00\x00\x00\x00\x00\x00\x00\x00\x00\x00\x00\x00\x00\x00\x00\x00\x00\x00\x00\x00\x00\x00\x00\x00\x00\x00\x00\x00\x00\x00\x00\x00\x00\x00\x00\x00\x00\x00\x00\x00\x00\x00\x00\x00\x00\x00\x00\x00\x00\x00\x00\x00\x00\x00\x00\x00\x00\x00\x00\x00\x00\x00\x00\x00\x00\x00\x00\x00\x00\x00\x00\x00\x00\x00\x00\x00\x00\x00\x00\x00\x00\x00\x00\x00\x00\x00\x00\x00\x00\x00\x00\x00\x00\x00\x00\x00\x00\x00\x00\x00\x00\x00\x00\x00\x00\x00\x00\x00\x00\x00\x00\x00\x00\x00\x00\x00\x00\x00\x00\x00\x00\x00\x00\x00\x00\x00\x00\x00\x00\x00\x00\x00\x00\x00\x00\x00\x00\x00\x00\x00\x00\x01\x00\x00\x00\x02\x00\x00\x00\x03\x00\x00\x00\x04\x00\x00\x00\x05\x00\x00\x00\x06\x00\x00\x00\x07\x00\x00\x00\xfe\xff\xff\xff\xfd\xff\xff\xff\xfe\xff\xff\xff\xff\xff\xff\xff\xff\xff\xff\xff\xff\xff\xff\xff\xff\xff\xff\xff\xff\xff\xff\xff\xff\xff\xff\xff\xff\xff\xff\xff\xff\xff\xff\xff\xff\xff\xff\xff\xff\xff\xff\xff\xff\xff\xff\xff\xff\xff\xff\xff\xff\xff\xff\xff\xff\xff\xff\xff\xff\xff\xff\xff\xff\xff\xff\xff\xff\xff\xff\xff\xff\xff\xff\xff\xff\xff\xff\xff\xff\xff\xff\xff\xff\xff\xff\xff\xff\xff\xff\xff\xff\xff\xff\xff\xff\xff\xff\xff\xff\xff\xff\xff\xff\xff\xff\xff\xff\xff\xff\xff\xff\xff\xff\xff\xff\xff\xff\xff\xff\xff\xff\xff\xff\xff\xff\xff\xff\xff\xff\xff\xff\xff\xff\xff\xff\xff\xff\xff\xff\xff\xff\xff\xff\xff\xff\xff\xff\xff\xff\xff\xff\xff\xff\xff\xff\xff\xff\xff\xff\xff\xff\xff\xff\xff\xff\xff\xff\xff\xff\xff\xff\xff\xff\xff\xff\xff\xff\xff\xff\xff\xff\xff\xff\xff\xff\xff\xff\xff\xff\xff\xff\xff\xff\xff\xff\xff\xff\xff\xff\xff\xff\xff\xff\xff\xff\xff\xff\xff\xff\xff\xff\xff\xff\xff\xff\xff\xff\xff\xff\xff\xff\xff\xff\xff\xff\xff\xff\xff\xff\xff\xff\xff\xff\xff\xff\xff\xff\xff\xff\xff\xff\xff\xff\xff\xff\xff\xff\xff\xff\xff\xff\xff\xff\xff\xff\xff\xff\xff\xff\xff\xff\xff\xff\xff\xff\xff\xff\xff\xff\xff\xff\xff\xff\xff\xff\xff\xff\xff\xff\xff\xff\xff\xff\xff\xff\xff\xff\xff\xff\xff\xff\xff\xff\xff\xff\xff\xff\xff\xff\xff\xff\xff\xff\xff\xff\xff\xff\xff\xff\xff\xff\xff\xff\xff\xff\xff\xff\xff\xff\xff\xff\xff\xff\xff\xff\xff\xff\xff\xff\xff\xff\xff\xff\xff\xff\xff\xff\xff\xff\xff\xff\xff\xff\xff\xff\xff\xff\xff\xff\xff\xff\xff\xff\xff\xff\xff\xff\xff\xff\xff\xff\xff\xff\xff\xff\xff\xff\xff\xff\xff\xff\xff\xff\xff\xff\xff\xff\xff\xff\xff\xff\xff\xff\xff\xff\xff\xff\xff\xff\xff\xff\xff\xff\xff\xff\xff\xff\xff\xff\xff\xff\xff\xff\xff\xff\xff\xff\xff\xff\xff\xff\xff\xff\xff\xff\xff\xff\xff\xff\xff\xff\xff\xff\xff\xff\xff\xff\xff\xff\xff\xff\xff\xff\xff\xff\xff\xff\xff\xff\xff\xff\xff\xff\xff\xff\xff\xff\xff\xff\xff\xff\xff\xff\xff\xff\xff\xff\xff\xff\xff\xff\xff\xff\xff\xff\xff\xff\xff\xff\xff\xff\xff\xff\xffR\x00o\x00o\x00t\x00 \x00E\x00n\x00t\x00r\x00y\x00\x00\x00\x00\x00\x00\x00\x00\x00\x00\x00\x00\x00\x00\x00\x00\x00\x00\x00\x00\x00\x00\x00\x00\x00\x00\x00\x00\x00\x00\x00\x00\x00\x00\x00\x00\x00\x00\x00\x00\x00\x00\x00\x00\x00\x16\x00\x05\x01\xff\xff\xff\xff\xff\xff\xff\xff\x01\x00\x00\x00\x00\x00\x00\x00\x00\x00\x00\x00\x00\x00\x00\x00\x00\x00\x00\x00\x00\x00\x00\x00\x00\x00\x00\x00\x00\x00\x00\x00\x00\x00\x00\x00\x00\x00\x00\x00\xfe\xff\xff\xff\x00\x00\x00\x00\x00\x00\x00\x00W\x00o\x00r\x00k\x00b\x00o\x00o\x00k\x00\x00\x00\x00\x00\x00\x00\x00\x00\x00\x00\x00\x00\x00\x00\x00\x00\x00\x00\x00\x00\x00\x00\x00\x00\x00\x00\x00\x00\x00\x00\x00\x00\x00\x00\x00\x00\x00\x00\x00\x00\x00\x00\x00\x00\x00\x00\x00\x00\x12\x00\x02\x01\xff\xff\xff\xff\xff\xff\xff\xff\xff\xff\xff\xff\x00\x00\x00\x00\x00\x00\x00\x00\x00\x00\x00\x00\x00\x00\x00\x00\x00\x00\x00\x00\x00\x00\x00\x00\x00\x00\x00\x00\x00\x00\x00\x00\x00\x00\x00\x00\x00\x00\x00\x00\x00\x10\x00\x00\x00\x00\x00\x00\x00\x00\x00\x00\x00\x00\x00\x00\x00\x00\x00\x00\x00\x00\x00\x00\x00\x00\x00\x00\x00\x00\x00\x00\x00\x00\x00\x00\x00\x00\x00\x00\x00\x00\x00\x00\x00\x00\x00\x00\x00\x00\x00\x00\x00\x00\x00\x00\x00\x00\x00\x00\x00\x00\x00\x00\x00\x00\x00\x00\x00\x00\x00\x00\x00\x00\x00\x01\xff\xff\xff\xff\xff\xff\xff\xff\xff\xff\xff\xff\x00\x00\x00\x00\x00\x00\x00\x00\x00\x00\x00\x00\x00\x00\x00\x00\x00\x00\x00\x00\x00\x00\x00\x00\x00\x00\x00\x00\x00\x00\x00\x00\x00\x00\x00\x00\xfe\xff\xff\xff\x00\x00\x00\x00\x00\x00\x00\x00\x00\x00\x00\x00\x00\x00\x00\x00\x00\x00\x00\x00\x00\x00\x00\x00\x00\x00\x00\x00\x00\x00\x00\x00\x00\x00\x00\x00\x00\x00\x00\x00\x00\x00\x00\x00\x00\x00\x00\x00\x00\x00\x00\x00\x00\x00\x00\x00\x00\x00\x00\x00\x00\x00\x00\x00\x00\x00\x00\x00\x00\x00\x00\x00\x00\x00\x00\x01\xff\xff\xff\xff\xff\xff\xff\xff\xff\xff\xff\xff\x00\x00\x00\x00\x00\x00\x00\x00\x00\x00\x00\x00\x00\x00\x00\x00\x00\x00\x00\x00\x00\x00\x00\x00\x00\x00\x00\x00\x00\x00\x00\x00\x00\x00\x00\x00\xfe\xff\xff\xff\x00\x00\x00\x00\x00\x00\x00\x00\r\n--eabfd8fa8312c7f97ece77e71563f62a--\r\n'
2020-10-10 16:56:52,941 - root - INFO : 响应消息: {'traceId': '40901de7d042409f99a9d56161f81500', 'status': '0', 'msg': 'success', 'data': {}}
2020-10-10 16:56:52,942 - root - INFO : 校验类型: [-status], 结果: [Passed], 预期: [0]
2020-10-10 16:56:52,942 - root - INFO : 校验类型: [-msg], 结果: [Passed], 预期: [success]
2020-10-10 16:56:52,942 - root - INFO :  = = =  = = =  = = =  = = =  = = =  = = =  = = =  = = = 分割线 = = =  = = =  = = =  = = =  = = =  = = =  = = =  = = = 
2020-10-10 16:56:52,945 - root - INFO : ************** 当前运行环境: Fat *************
2020-10-10 16:56:53,058 - root - INFO : 正在执行Block: register_code_phone
2020-10-10 16:56:53,058 - root - INFO : 正在执行Function: login_operation
2020-10-10 16:56:53,058 - root - INFO : 描述信息: 【运营系统】登录运营后台
2020-10-10 16:56:53,058 - root - INFO : 请求地址: https://admin-fat.shiguangkey.com/sys/login
2020-10-10 16:56:53,058 - root - INFO : 请求方法: [- POST -]
2020-10-10 16:56:53,058 - root - INFO : 请求头部: {'content-type': 'application/x-www-form-urlencoded', 'cookie': 'Hm_ct_7e8b931a9b138d095673181619178304=2382*1*1; Hm_lvt_7e8b931a9b138d095673181619178304=1597992196,1598525266,1598681451,1598930027; token=0x7798bf0712ef2ec6c4848f7ba47d63; tz-admin-token-fat=0x7798bf0712ef2ec6c4848f7ba47d63; im-token=undefined; Hm_lpvt_7e8b931a9b138d095673181619178304=1599813517; JSESSIONID=DA13A2D11F7166825225F40B7F79646D'}
2020-10-10 16:56:53,058 - root - INFO : 请求正文: {'username': 'admin', 'password': 'admin1024', 'captcha': 'AAAAA'}
2020-10-10 16:56:53,188 - root - INFO : 响应消息: {'code': 0}
2020-10-10 16:56:53,188 - root - INFO : 校验类型: [-code], 结果: [Passed], 预期: [0]
2020-10-10 16:56:53,188 - root - INFO :  = = =  = = =  = = =  = = =  = = =  = = =  = = =  = = = 分割线 = = =  = = =  = = =  = = =  = = =  = = =  = = =  = = = 
2020-10-10 16:56:53,188 - root - INFO : 描述信息: 【运营系统】获取注册验证码
2020-10-10 16:56:53,188 - root - INFO : 请求地址: https://admin-fat.shiguangkey.com/user/set-smscode
2020-10-10 16:56:53,188 - root - INFO : 请求方法: [- GET -]
2020-10-10 16:56:53,188 - root - INFO : 请求头部: {'cookie': 'Hm_ct_7e8b931a9b138d095673181619178304=2382*1*1; Hm_lvt_7e8b931a9b138d095673181619178304=1597992196,1598525266,1598681451,1598930027; token=0x7798bf0712ef2ec6c4848f7ba47d63; tz-admin-token-fat=0x7798bf0712ef2ec6c4848f7ba47d63; im-token=undefined; Hm_lpvt_7e8b931a9b138d095673181619178304=1599813517; JSESSIONID=DA13A2D11F7166825225F40B7F79646D'}
2020-10-10 16:56:53,188 - root - INFO : 请求正文: {'phone': '13402359639', '_': '1602320211000'}
2020-10-10 16:56:53,328 - root - INFO : 响应消息: {'bizId': None, 'data': {'smsCode': '3637'}, 'messageId': '20201010165655952127400', 'msg': 'success', 'status': 0, 'version': None}
2020-10-10 16:56:53,329 - root - INFO : 提取变量: [ smsCode: 3637 ]
2020-10-10 16:56:53,329 - root - INFO : 校验类型: [-status], 结果: [Passed], 预期: [0]
2020-10-10 16:56:53,329 - root - INFO : 校验类型: [-msg], 结果: [Passed], 预期: [success]
2020-10-10 16:56:53,329 - root - INFO : 校验类型: [-in]  结果: [Passed]  预期: smsCode
2020-10-10 16:56:53,329 - root - INFO :  = = =  = = =  = = =  = = =  = = =  = = =  = = =  = = = 分割线 = = =  = = =  = = =  = = =  = = =  = = =  = = =  = = = 
2020-10-10 16:56:53,329 - root - INFO : 描述信息: 【潭州课堂】获取登录学员 token
2020-10-10 16:56:53,329 - root - INFO : 请求地址: https://open-fat.shiguangkey.com/api/udb/login/phone/login
2020-10-10 16:56:53,329 - root - INFO : 请求方法: [- POST -]
2020-10-10 16:56:53,330 - root - INFO : 请求头部: {'content-type': 'application/x-www-form-urlencoded', 'terminaltype': '4'}
2020-10-10 16:56:53,330 - root - INFO : 请求正文: {'phone': '86-13402359639', 'code': '3637'}
2020-10-10 16:56:53,580 - root - INFO : 响应消息: {'traceId': 'f998d292223c4f848910ecdf6bf82fd4', 'status': '0', 'msg': 'success', 'data': {'user': {'uid': 19866822, 'mobile': '13402359639', 'account': 't0338679056', 'nickname': '苍翠的麦兰', 'headImg': 'https://res.shiguangkey.com/res/images/default.png', 'openId': '', 'newRegister': True, 'needBindPhone': False, 'showAccountList': False}, 'token': 'ce466aa50712f24c69e504af2a693e06'}}
2020-10-10 16:56:53,581 - root - INFO : 提取变量: [ student: ce466aa50712f24c69e504af2a693e06 ]
2020-10-10 16:56:53,581 - root - INFO : 校验类型: [-status], 结果: [Passed], 预期: [0]
2020-10-10 16:56:53,581 - root - INFO : 校验类型: [-msg], 结果: [Passed], 预期: [success]
2020-10-10 16:56:53,581 - root - INFO :  = = =  = = =  = = =  = = =  = = =  = = =  = = =  = = = 分割线 = = =  = = =  = = =  = = =  = = =  = = =  = = =  = = = 
2020-10-10 16:56:53,581 - root - INFO : 描述信息: 【潭州课堂】获取潭州账号
2020-10-10 16:56:53,581 - root - INFO : 请求地址: https://open-fat.shiguangkey.com/api/udb/user/mine
2020-10-10 16:56:53,581 - root - INFO : 请求方法: [- GET -]
2020-10-10 16:56:53,581 - root - INFO : 请求头部: {'terminaltype': '4', 'token': 'ce466aa50712f24c69e504af2a693e06'}
2020-10-10 16:56:53,581 - root - INFO : 请求正文: None
2020-10-10 16:56:53,726 - root - INFO : 响应消息: {'traceId': 'aed8793d90c149d5915767c83d9ecb4f', 'status': '0', 'msg': 'success', 'data': {'userDetail': {'uid': 19866822, 'account': 't0338679056', 'phone': '13402359639', 'nickname': '苍翠的麦兰', 'birthday': '', 'headImg': 'https://res.shiguangkey.com/res/images/default.png', 'qq': '', 'description': '', 'realname': '', 'gender': 2, 'email': '', 'industry': '', 'profession': '', 'address': '', 'signature': '', 'openId': '', 'wechat': '', 'token': '', 'relevanceMobile': '', 'pwdNeedPerfect': True, 'certMobile': '13402359639', 'needBindPhone': False}}}
2020-10-10 16:56:53,727 - root - INFO : 提取变量: [ account: t0338679056 ]
2020-10-10 16:56:53,727 - root - INFO : 校验类型: [-status], 结果: [Passed], 预期: [0]
2020-10-10 16:56:53,727 - root - INFO : 校验类型: [-msg], 结果: [Passed], 预期: [success]
2020-10-10 16:56:53,727 - root - INFO :  = = =  = = =  = = =  = = =  = = =  = = =  = = =  = = = 分割线 = = =  = = =  = = =  = = =  = = =  = = =  = = =  = = = 
2020-10-10 16:56:53,727 - root - INFO : 描述信息: 【潭州平台】获取登录用户 token
2020-10-10 16:56:53,727 - root - INFO : 请求地址: https://open-fat.shiguangkey.com/api/udb/workwechat/auth/login
2020-10-10 16:56:53,727 - root - INFO : 请求方法: [- POST -]
2020-10-10 16:56:53,727 - root - INFO : 请求头部: {'content-type': 'application/x-www-form-urlencoded', 'terminaltype': '4'}
2020-10-10 16:56:53,727 - root - INFO : 请求正文: {'account': 't0383212689', 'password': '4QrcOUm6Wau+VuBX8g+IPg'}
2020-10-10 16:56:53,860 - root - INFO : 响应消息: {'traceId': '10e2f75a3d7649a6a6a36ecc57a59c2e', 'status': '0', 'msg': 'success', 'data': {'user': {'uid': 19861712, 'mobile': '', 'account': '', 'nickname': '暖和的少女花', 'headImg': 'https://res.shiguangkey.com/res/images/default.png', 'openId': '', 'newRegister': False, 'needBindPhone': False, 'showAccountList': False}, 'token': '0x7731630712f10d0950e42758a6fb82'}}
2020-10-10 16:56:53,860 - root - INFO : 提取变量: [ pttoken: 0x7731630712f10d0950e42758a6fb82 ]
2020-10-10 16:56:53,860 - root - INFO : 校验类型: [-status], 结果: [Passed], 预期: [0]
2020-10-10 16:56:53,861 - root - INFO : 校验类型: [-msg], 结果: [Passed], 预期: [success]
2020-10-10 16:56:53,861 - root - INFO :  = = =  = = =  = = =  = = =  = = =  = = =  = = =  = = = 分割线 = = =  = = =  = = =  = = =  = = =  = = =  = = =  = = = 
2020-10-10 16:56:53,861 - root - INFO : 描述信息: 【CRM-工单管理-工单列表】新建工单
