2020-10-09 15:07:30,946 - root - INFO : 描述信息: 【潭州平台】获取登录用户 token
2020-10-09 15:07:30,947 - root - INFO : 请求地址: https://open-fat.shiguangkey.com/api/udb/workwechat/auth/login
2020-10-09 15:07:30,947 - root - INFO : 请求方法: [- POST -]
2020-10-09 15:07:30,947 - root - INFO : 请求头部: {'content-type': 'application/x-www-form-urlencoded', 'terminaltype': '4'}
2020-10-09 15:07:30,947 - root - INFO : 请求正文: {'account': 't0384223793', 'password': '4QrcOUm6Wau+VuBX8g+IPg'}
2020-10-09 15:07:31,180 - root - INFO : 响应消息: {'traceId': 'b29539e91c6f45feac29c8897828369c', 'status': '0', 'msg': 'success', 'data': {'user': {'uid': 19862099, 'mobile': '', 'account': '', 'nickname': '日常的阿魏', 'headImg': 'https://res.shiguangkey.com/res/images/default.png', 'openId': '', 'newRegister': False, 'needBindPhone': False, 'showAccountList': False}, 'token': '0x7737d20712f1253a8bc424a8631e65'}}
2020-10-09 15:07:31,182 - root - INFO : 提取变量: [ pttoken: 0x7737d20712f1253a8bc424a8631e65 ]
2020-10-09 15:07:31,182 - root - INFO : 校验类型: [-status], 结果: [Passed], 预期: [0]
2020-10-09 15:07:31,182 - root - INFO : 校验类型: [-msg], 结果: [Passed], 预期: [success]
2020-10-09 15:07:31,182 - root - INFO :  = = =  = = =  = = =  = = =  = = =  = = =  = = =  = = = 分割线 = = =  = = =  = = =  = = =  = = =  = = =  = = =  = = = 
2020-10-09 15:07:31,182 - root - INFO : 正在执行Function: ad_plan
2020-10-09 15:07:31,182 - root - INFO : 正在执行Function: program_info_save
2020-10-09 15:07:31,182 - root - INFO : 描述信息: 【银河/广告/广告计划】新增广告计划
2020-10-09 15:07:31,182 - root - INFO : 请求地址: https://galaxy-api-fat.shiguangkey.com/api/galaxy/program/info/save
2020-10-09 15:07:31,182 - root - INFO : 请求方法: [- POST -]
2020-10-09 15:07:31,182 - root - INFO : 请求头部: {'content-type': 'application/json', 'token': '0x775fb60712f1fa187cc4589af1010a'}
2020-10-09 15:07:31,182 - root - INFO : 请求正文: {'channelId': 6, 'name': '自动化计划18634310', 'subjectId': 282, 'subjectName': 'Python', 'isTest': 0, 'putMode': 1, 'type': 1, 'gatherType': 1, 'allocInstType': 1, 'channelName': '微信'}
2020-10-09 15:07:31,470 - root - INFO : 响应消息: {'traceId': '00d1403321bb47408afd54e17ce96e80', 'status': '0', 'msg': 'success', 'data': {}}
2020-10-09 15:07:31,470 - root - INFO : 校验类型: [-status], 结果: [Passed], 预期: [0]
2020-10-09 15:07:31,470 - root - INFO : 校验类型: [-msg], 结果: [Passed], 预期: [success]
2020-10-09 15:07:31,470 - root - INFO :  = = =  = = =  = = =  = = =  = = =  = = =  = = =  = = = 分割线 = = =  = = =  = = =  = = =  = = =  = = =  = = =  = = = 
2020-10-09 15:07:31,470 - root - INFO : 正在执行Function: program_pageList
2020-10-09 15:07:31,470 - root - INFO : 描述信息: 【银河/广告/广告计划】查询广告计划
2020-10-09 15:07:31,470 - root - INFO : 请求地址: https://galaxy-api-fat.shiguangkey.com/api/galaxy/program/pageList
2020-10-09 15:07:31,470 - root - INFO : 请求方法: [- POST -]
2020-10-09 15:07:31,470 - root - INFO : 请求头部: {'content-type': 'application/x-www-form-urlencoded', 'token': '0x775fb60712f1fa187cc4589af1010a'}
2020-10-09 15:07:31,470 - root - INFO : 请求正文: {'name': '自动化计划18634310', 'isHide': 0, 'pageIndex': 1, 'pageSize': 20, 'gatherType': 1, 'putMode': 1, 'allocInstType': 1}
2020-10-09 15:07:31,804 - root - INFO : 响应消息: {'traceId': 'da42b4ed4520428483c9c4a1a4fbc4c8', 'status': '0', 'msg': 'success', 'data': {'totalItem': 1, 'list': [{'id': 13396, 'oldProgramId': None, 'no': '1000001192214223', 'name': '自动化计划18634310', 'type': 1, 'programName': None, 'subjectName': 'Python', 'subjectId': 282, 'channelName': '微信', 'channelId': 6, 'isImport': None, 'position': None, 'keyword': None, 'areaId': None, 'areaName': None, 'remark': None, 'isNeedCaptch': None, 'state': None, 'adMainId': None, 'channelAgencyAccountId': None, 'accountCode': None, 'adMainAccount': None, 'thirdUrl': None, 'allocInstType': 1, 'receiveDeptId': None, 'receiveDeptIdChain': None, 'isHide': 0, 'isTest': 0, 'creatorDeptId': 8009, 'creatorName': '自动化专用-勿动', 'createTime': 1602227253000, 'putMode': 1, 'updateState': 1}]}}
2020-10-09 15:07:31,805 - root - INFO : 提取变量: [ channelId: 6 ]
2020-10-09 15:07:31,805 - root - INFO : 提取变量: [ putMode: 1 ]
2020-10-09 15:07:31,805 - root - INFO : 提取变量: [ adName: 自动化计划18634310 ]
2020-10-09 15:07:31,806 - root - INFO : 提取变量: [ adId: 13396 ]
2020-10-09 15:07:31,806 - root - INFO : 提取变量: [ type: 1 ]
2020-10-09 15:07:31,806 - root - INFO : 校验类型: [-status], 结果: [Passed], 预期: [0]
2020-10-09 15:07:31,806 - root - INFO : 校验类型: [-msg], 结果: [Passed], 预期: [success]
2020-10-09 15:07:31,806 - root - INFO : 校验类型: [-in]  结果: [Passed]  预期: [name]
2020-10-09 15:07:31,806 - root - INFO :  = = =  = = =  = = =  = = =  = = =  = = =  = = =  = = = 分割线 = = =  = = =  = = =  = = =  = = =  = = =  = = =  = = = 
2020-10-09 15:07:31,806 - root - INFO : 正在执行Function: creativity_save
2020-10-09 15:07:31,806 - root - INFO : 描述信息: 【银河/广告/广告计划】新建广告创意
2020-10-09 15:07:31,806 - root - INFO : 请求地址: https://galaxy-api-fat.shiguangkey.com/api/galaxy/creativity/save
2020-10-09 15:07:31,807 - root - INFO : 请求方法: [- POST -]
2020-10-09 15:07:31,807 - root - INFO : 请求头部: {'content-type': 'application/x-www-form-urlencoded', 'token': '0x775fb60712f1fa187cc4589af1010a'}
2020-10-09 15:07:31,807 - root - INFO : 请求正文: {'name': '自动化创意23772243', 'gatherType': 1, 'isNeedCaptch': 1, 'position': 1, 'type': '1', 'putMode': '1', 'channelId': '6', 'programId': '13396', 'programName': '自动化计划18634310'}
2020-10-09 15:07:32,044 - root - INFO : 响应消息: {'traceId': 'c243e473f55347e2963e7bc87a2153fe', 'status': '0', 'msg': 'success', 'data': {}}
2020-10-09 15:07:32,044 - root - INFO : 校验类型: [-status], 结果: [Passed], 预期: [0]
2020-10-09 15:07:32,045 - root - INFO : 校验类型: [-msg], 结果: [Passed], 预期: [success]
2020-10-09 15:07:32,045 - root - INFO :  = = =  = = =  = = =  = = =  = = =  = = =  = = =  = = = 分割线 = = =  = = =  = = =  = = =  = = =  = = =  = = =  = = = 
2020-10-09 15:07:32,045 - root - INFO : 正在执行Function: creativity_pageList
2020-10-09 15:07:32,045 - root - INFO : 描述信息: 【银河/广告/广告创意】查询广告创意
2020-10-09 15:07:32,045 - root - INFO : 请求地址: https://galaxy-api-fat.shiguangkey.com/api/galaxy/creativity/pageList
2020-10-09 15:07:32,045 - root - INFO : 请求方法: [- POST -]
2020-10-09 15:07:32,045 - root - INFO : 请求头部: {'content-type': 'application/x-www-form-urlencoded', 'token': '0x775fb60712f1fa187cc4589af1010a'}
2020-10-09 15:07:32,045 - root - INFO : 请求正文: {'gatherType': 1, 'programId': '13396', 'isHide': 0, 'pageIndex': 1, 'pageSize': 20}
2020-10-09 15:07:32,394 - root - INFO : 响应消息: {'traceId': '1d86c99f620e483ba7765cd2b66e8425', 'status': '0', 'msg': 'success', 'data': {'totalItem': 1, 'list': [{'id': 113032, 'oldCreativityId': None, 'oldProgramId': None, 'no': '90a72a52eed9470b9ad26b8204f9fcd9', 'name': '自动化创意23772243', 'programName': '自动化计划18634310', 'subjectName': 'Python', 'subjectId': 282, 'channelName': '微信', 'channelId': 6, 'isImport': 0, 'position': '1', 'keyword': None, 'areaId': None, 'areaName': None, 'creatorName': '自动化专用-勿动', 'createTime': 1602227254000, 'remark': None, 'isNeedCaptch': 1, 'state': 2, 'adMainId': None, 'channelAgencyAccountId': None, 'accountCode': None, 'adMainAccount': None, 'thirdUrl': None, 'allocInstType': 1, 'receiveDeptId': None, 'receiveDeptIdChain': None, 'isHide': 0, 'isTest': 0, 'creatorDeptId': 8009, 'vector': None, 'customerVectorValue': None, 'followerName': None, 'followerTanzkAccount': None, 'putMode': 1, 'receptionistId': None, 'receptionistName': None, 'receptionistTanzkAccount': None, 'receptionistDeptId': None, 'receptionistDeptIdChain': None, 'creatorDeptIdChain': '1001-8006-8007-8008-8009', 'updateState': 1, 'type': 1, 'programId': 13396, 'promotionTerminal': 1, 'vectorType': None, 'channelQrCode': None, 'channelNumber': None, 'companyWechatId': None, 'vectorId': None, 'vectorName': None}]}}
2020-10-09 15:07:32,395 - root - INFO : 提取变量: [ creativityId: 113032 ]
2020-10-09 15:07:32,395 - root - INFO : 提取变量: [ creativityName: 自动化创意23772243 ]
2020-10-09 15:07:32,395 - root - INFO : 提取变量: [ creativityNo: 90a72a52eed9470b9ad26b8204f9fcd9 ]
2020-10-09 15:07:32,395 - root - INFO : 校验类型: [-status], 结果: [Passed], 预期: [0]
2020-10-09 15:07:32,395 - root - INFO : 校验类型: [-msg], 结果: [Passed], 预期: [success]
2020-10-09 15:07:32,395 - root - INFO :  = = =  = = =  = = =  = = =  = = =  = = =  = = =  = = = 分割线 = = =  = = =  = = =  = = =  = = =  = = =  = = =  = = = 
2020-10-09 15:07:33,754 - root - INFO : 描述信息: 【潭州平台】获取登录用户 token
2020-10-09 15:07:33,754 - root - INFO : 请求地址: https://open-fat.shiguangkey.com/api/udb/workwechat/auth/login
2020-10-09 15:07:33,754 - root - INFO : 请求方法: [- POST -]
2020-10-09 15:07:33,755 - root - INFO : 请求头部: {'content-type': 'application/x-www-form-urlencoded', 'terminaltype': '4'}
2020-10-09 15:07:33,755 - root - INFO : 请求正文: {'account': 't0384223793', 'password': '4QrcOUm6Wau+VuBX8g+IPg'}
2020-10-09 15:07:33,903 - root - INFO : 响应消息: {'traceId': '7b522525d015457185f3a75824029c6f', 'status': '0', 'msg': 'success', 'data': {'user': {'uid': 19862099, 'mobile': '', 'account': '', 'nickname': '日常的阿魏', 'headImg': 'https://res.shiguangkey.com/res/images/default.png', 'openId': '', 'newRegister': False, 'needBindPhone': False, 'showAccountList': False}, 'token': '0x77156a0712f125361784007a221010'}}
2020-10-09 15:07:33,903 - root - INFO : 提取变量: [ pttoken: 0x77156a0712f125361784007a221010 ]
2020-10-09 15:07:33,903 - root - INFO : 校验类型: [-status], 结果: [Passed], 预期: [0]
2020-10-09 15:07:33,903 - root - INFO : 校验类型: [-msg], 结果: [Passed], 预期: [success]
2020-10-09 15:07:33,903 - root - INFO :  = = =  = = =  = = =  = = =  = = =  = = =  = = =  = = = 分割线 = = =  = = =  = = =  = = =  = = =  = = =  = = =  = = = 
2020-10-09 15:07:33,904 - root - INFO : 正在执行Function: ad_plan
2020-10-09 15:07:33,904 - root - INFO : 正在执行Function: program_info_save
2020-10-09 15:07:33,904 - root - INFO : 描述信息: 【银河/广告/广告计划】新增广告计划
2020-10-09 15:07:33,904 - root - INFO : 请求地址: https://galaxy-api-fat.shiguangkey.com/api/galaxy/program/info/save
2020-10-09 15:07:33,904 - root - INFO : 请求方法: [- POST -]
2020-10-09 15:07:33,904 - root - INFO : 请求头部: {'content-type': 'application/json', 'token': '0x775fb60712f1fa187cc4589af1010a'}
2020-10-09 15:07:33,904 - root - INFO : 请求正文: {'channelId': 6, 'name': '自动化计划56279023', 'subjectId': 282, 'subjectName': 'Python', 'isTest': 0, 'putMode': 1, 'type': 1, 'gatherType': 1, 'allocInstType': 1, 'channelName': '微信'}
2020-10-09 15:07:34,130 - root - INFO : 响应消息: {'traceId': 'f872bae159aa4b78bb70a3c8b594a78f', 'status': '0', 'msg': 'success', 'data': {}}
2020-10-09 15:07:34,130 - root - INFO : 校验类型: [-status], 结果: [Passed], 预期: [0]
2020-10-09 15:07:34,130 - root - INFO : 校验类型: [-msg], 结果: [Passed], 预期: [success]
2020-10-09 15:07:34,130 - root - INFO :  = = =  = = =  = = =  = = =  = = =  = = =  = = =  = = = 分割线 = = =  = = =  = = =  = = =  = = =  = = =  = = =  = = = 
2020-10-09 15:07:34,130 - root - INFO : 正在执行Function: program_pageList
2020-10-09 15:07:34,130 - root - INFO : 描述信息: 【银河/广告/广告计划】查询广告计划
2020-10-09 15:07:34,130 - root - INFO : 请求地址: https://galaxy-api-fat.shiguangkey.com/api/galaxy/program/pageList
2020-10-09 15:07:34,130 - root - INFO : 请求方法: [- POST -]
2020-10-09 15:07:34,130 - root - INFO : 请求头部: {'content-type': 'application/x-www-form-urlencoded', 'token': '0x775fb60712f1fa187cc4589af1010a'}
2020-10-09 15:07:34,130 - root - INFO : 请求正文: {'name': '自动化计划56279023', 'isHide': 0, 'pageIndex': 1, 'pageSize': 20, 'gatherType': 1, 'putMode': 1, 'allocInstType': 1}
2020-10-09 15:07:34,443 - root - INFO : 响应消息: {'traceId': '10a34c3c88264acab13c5329a5401534', 'status': '0', 'msg': 'success', 'data': {'totalItem': 1, 'list': [{'id': 13397, 'oldProgramId': None, 'no': '1000001821253930', 'name': '自动化计划56279023', 'type': 1, 'programName': None, 'subjectName': 'Python', 'subjectId': 282, 'channelName': '微信', 'channelId': 6, 'isImport': None, 'position': None, 'keyword': None, 'areaId': None, 'areaName': None, 'remark': None, 'isNeedCaptch': None, 'state': None, 'adMainId': None, 'channelAgencyAccountId': None, 'accountCode': None, 'adMainAccount': None, 'thirdUrl': None, 'allocInstType': 1, 'receiveDeptId': None, 'receiveDeptIdChain': None, 'isHide': 0, 'isTest': 0, 'creatorDeptId': 8009, 'creatorName': '自动化专用-勿动', 'createTime': 1602227256000, 'putMode': 1, 'updateState': 1}]}}
2020-10-09 15:07:34,443 - root - INFO : 提取变量: [ channelId: 6 ]
2020-10-09 15:07:34,444 - root - INFO : 提取变量: [ putMode: 1 ]
2020-10-09 15:07:34,444 - root - INFO : 提取变量: [ adName: 自动化计划56279023 ]
2020-10-09 15:07:34,444 - root - INFO : 提取变量: [ adId: 13397 ]
2020-10-09 15:07:34,444 - root - INFO : 提取变量: [ type: 1 ]
2020-10-09 15:07:34,445 - root - INFO : 校验类型: [-status], 结果: [Passed], 预期: [0]
2020-10-09 15:07:34,445 - root - INFO : 校验类型: [-msg], 结果: [Passed], 预期: [success]
2020-10-09 15:07:34,445 - root - INFO : 校验类型: [-in]  结果: [Passed]  预期: [name]
2020-10-09 15:07:34,445 - root - INFO :  = = =  = = =  = = =  = = =  = = =  = = =  = = =  = = = 分割线 = = =  = = =  = = =  = = =  = = =  = = =  = = =  = = = 
2020-10-09 15:07:34,445 - root - INFO : 正在执行Function: creativity_save
2020-10-09 15:07:34,445 - root - INFO : 描述信息: 【银河/广告/广告计划】新建广告创意
2020-10-09 15:07:34,445 - root - INFO : 请求地址: https://galaxy-api-fat.shiguangkey.com/api/galaxy/creativity/save
2020-10-09 15:07:34,445 - root - INFO : 请求方法: [- POST -]
2020-10-09 15:07:34,445 - root - INFO : 请求头部: {'content-type': 'application/x-www-form-urlencoded', 'token': '0x775fb60712f1fa187cc4589af1010a'}
2020-10-09 15:07:34,445 - root - INFO : 请求正文: {'name': '$<ideaName>', 'gatherType': 1, 'isNeedCaptch': 1, 'position': 1, 'type': '$<type>', 'putMode': '$<putMode>', 'channelId': '$<channelId>', 'programId': '$<adId>', 'programName': '$<adName>'}
2020-10-09 15:07:34,630 - root - INFO : 响应消息: {'traceId': '9aa6f30572714f8f8c224c54d3e85940', 'status': '999999910', 'msg': '参数校验不通过', 'data': {}}
