2020-10-10 09:34:55,395 - root - INFO : ************** 当前运行环境: Fat *************
2020-10-10 09:34:55,395 - root - INFO : 描述信息: 【潭州平台】获取登录用户 token
2020-10-10 09:34:55,395 - root - INFO : 请求地址: https://open-fat.shiguangkey.com/api/udb/workwechat/auth/login
2020-10-10 09:34:55,395 - root - INFO : 请求方法: [- POST -]
2020-10-10 09:34:55,395 - root - INFO : 请求头部: {'content-type': 'application/x-www-form-urlencoded', 'terminaltype': '4'}
2020-10-10 09:34:55,395 - root - INFO : 请求正文: {'account': 't0312814888', 'password': '4QrcOUm6Wau+VuBX8g+IPg'}
2020-10-10 09:34:55,532 - root - INFO : 响应消息: {'traceId': '05d60b919b864e22a9c6e2e89e56fe74', 'status': '0', 'msg': 'success', 'data': {'user': {'uid': 19865505, 'mobile': '', 'account': '', 'nickname': '拥挤的鳐鱼', 'headImg': 'https://res.shiguangkey.com/res/images/default.png', 'openId': '', 'newRegister': False, 'needBindPhone': False, 'showAccountList': False}, 'token': '0x776ff70712f1fa12b81458b908c914'}}
2020-10-10 09:34:55,533 - root - INFO : 提取变量: [ pttoken: 0x776ff70712f1fa12b81458b908c914 ]
2020-10-10 09:34:55,533 - root - INFO : 校验类型: [-status], 结果: [Passed], 预期: [0]
2020-10-10 09:34:55,534 - root - INFO : 校验类型: [-msg], 结果: [Passed], 预期: [success]
2020-10-10 09:34:55,534 - root - INFO :  = = =  = = =  = = =  = = =  = = =  = = =  = = =  = = = 分割线 = = =  = = =  = = =  = = =  = = =  = = =  = = =  = = = 
2020-10-10 09:34:55,667 - root - INFO : 凭证获取成功并写入 /common/config.txt 配置文件中
2020-10-10 09:34:55,667 - root - INFO : 描述信息: 【潭州平台】获取登录用户 token
2020-10-10 09:34:55,668 - root - INFO : 请求地址: https://open-fat.shiguangkey.com/api/udb/workwechat/auth/login
2020-10-10 09:34:55,668 - root - INFO : 请求方法: [- POST -]
2020-10-10 09:34:55,668 - root - INFO : 请求头部: {'content-type': 'application/x-www-form-urlencoded', 'terminaltype': '4'}
2020-10-10 09:34:55,668 - root - INFO : 请求正文: {'account': 't0384223793', 'password': '4QrcOUm6Wau+VuBX8g+IPg'}
2020-10-10 09:34:55,819 - root - INFO : 响应消息: {'traceId': 'a276101b20444bb897827ed6930b987c', 'status': '0', 'msg': 'success', 'data': {'user': {'uid': 19862099, 'mobile': '', 'account': '', 'nickname': '日常的阿魏', 'headImg': 'https://res.shiguangkey.com/res/images/default.png', 'openId': '', 'newRegister': False, 'needBindPhone': False, 'showAccountList': False}, 'token': '0x77a1860712f125352a948a28a4ec2d'}}
2020-10-10 09:34:55,819 - root - INFO : 提取变量: [ pttoken: 0x77a1860712f125352a948a28a4ec2d ]
2020-10-10 09:34:55,819 - root - INFO : 校验类型: [-status], 结果: [Passed], 预期: [0]
2020-10-10 09:34:55,819 - root - INFO : 校验类型: [-msg], 结果: [Passed], 预期: [success]
2020-10-10 09:34:55,819 - root - INFO :  = = =  = = =  = = =  = = =  = = =  = = =  = = =  = = = 分割线 = = =  = = =  = = =  = = =  = = =  = = =  = = =  = = = 
2020-10-10 09:34:55,853 - root - INFO : 当前运行Case: test_chk_cost_apply_batch_pass
2020-10-10 09:34:55,854 - root - INFO : 描述信息: 【潭州平台】获取登录用户 token
2020-10-10 09:34:55,854 - root - INFO : 请求地址: https://open-fat.shiguangkey.com/api/udb/workwechat/auth/login
2020-10-10 09:34:55,854 - root - INFO : 请求方法: [- POST -]
2020-10-10 09:34:55,854 - root - INFO : 请求头部: {'content-type': 'application/x-www-form-urlencoded', 'terminaltype': '4'}
2020-10-10 09:34:55,854 - root - INFO : 请求正文: {'account': 't0385252771', 'password': '4QrcOUm6Wau+VuBX8g+IPg'}
2020-10-10 09:34:55,996 - root - INFO : 响应消息: {'traceId': '3e5ece4e7bc14cc08a18e2f9ca3eb33b', 'status': '0', 'msg': 'success', 'data': {'user': {'uid': 19861714, 'mobile': '', 'account': '', 'nickname': '精彩的鲀鱼', 'headImg': 'https://res.shiguangkey.com/res/images/default.png', 'openId': '', 'newRegister': False, 'needBindPhone': False, 'showAccountList': False}, 'token': '0x77bc550712f10d2063f4dbab1026b4'}}
2020-10-10 09:34:55,997 - root - INFO : 提取变量: [ pttoken: 0x77bc550712f10d2063f4dbab1026b4 ]
2020-10-10 09:34:55,997 - root - INFO : 校验类型: [-status], 结果: [Passed], 预期: [0]
2020-10-10 09:34:55,997 - root - INFO : 校验类型: [-msg], 结果: [Passed], 预期: [success]
2020-10-10 09:34:55,997 - root - INFO :  = = =  = = =  = = =  = = =  = = =  = = =  = = =  = = = 分割线 = = =  = = =  = = =  = = =  = = =  = = =  = = =  = = = 
2020-10-10 09:34:56,004 - root - INFO : 正在执行Function: add_flow_budget
2020-10-10 09:34:56,005 - root - INFO : 描述信息: 【海川/预算管理/流量预算】新增流量预算
2020-10-10 09:34:56,005 - root - INFO : 请求地址: https://ocean-fat.shiguangkey.com/api/stat/budget/traffic/add?organizationId=8009
2020-10-10 09:34:56,005 - root - INFO : 请求方法: [- POST -]
2020-10-10 09:34:56,005 - root - INFO : 请求头部: {'content-type': 'application/json', 'token': '0x77bc550712f10d2063f4dbab1026b4'}
2020-10-10 09:34:56,005 - root - INFO : 请求正文: {'id': '', 'costMonth': '2020-12-01', 'weekNum': 1, 'weekRange': '1-4', 'promotionerDeptId': 8009, 'subjectId': '925', 'putMode': 2, 'gatherType': 2, 'flowCost': '0.00', 'avgCardNum': 1, 'monthEntryNum': 1, 'monthUnCorrectNum': 1, 'monthCorrectNum': 1, 'visitorNum': 3, 'workDay': 1, 'stageCardNum': 3, 'flowExpenditure': 0, 'customerPrice': 1, 'conversionRate': 1, 'signUpNum': 3, 'performance': 3, 'roi': 0, 'applyRemark': '', 'subjectName': 'DEMO', 'receiveDeptId': '', 'receiveDeptName': '', 'promotionerDeptName': '', 'subjectIdChain': '261-505-925', 'organizationId': 8009}
2020-10-10 09:34:56,269 - root - INFO : 响应消息: {'data': None, 'msg': '该条申请已存在', 'platform': 'ocean-stat-service', 'res': -99999, 'traceId': 'c8c03dd7496b840e'}
