2020-09-03 11:22:22,258 - root - INFO : 描述信息: 【潭州平台】获取登录用户 token
2020-09-03 11:22:22,258 - root - INFO : 请求地址: https://open-fat.shiguangkey.com/api/udb/workwechat/auth/login
2020-09-03 11:22:22,258 - root - INFO : 请求方法: [- POST -]
2020-09-03 11:22:22,258 - root - INFO : 请求头部: {'content-type': 'application/x-www-form-urlencoded', 'terminaltype': '4', 'user-agent': 'Mozilla/5.0 (Windows NT 10.0; Win64; x64) AppleWebKit/537.36 (KHTML, like Gecko) Chrome/80.0.3987.106 Safari/537.36', 'Connection': 'close', 'keep-alive': 'False'}
2020-09-03 11:22:22,258 - root - INFO : 请求正文: {'account': 't0384223793', 'password': '4QrcOUm6Wau+VuBX8g+IPg'}
2020-09-03 11:22:22,417 - root - INFO : 响应消息: {'traceId': '1750c57621e64e379513360242fa47a4', 'status': '0', 'msg': 'success', 'data': {'user': {'uid': 19862099, 'mobile': '', 'account': '', 'nickname': '日常的阿魏', 'headImg': 'https://res.shiguangkey.com/res/images/default.png', 'openId': '', 'newRegister': False, 'needBindPhone': False, 'showAccountList': False}, 'token': '0x77ce040712f1253f3454299a40884d'}}
2020-09-03 11:22:22,418 - root - INFO : 提取变量: [ pttoken: 0x77ce040712f1253f3454299a40884d ]
2020-09-03 11:22:22,418 - root - INFO : 校验类型: [-status], 结果: [Passed], 预期: [0]
2020-09-03 11:22:22,418 - root - INFO : 校验类型: [-msg], 结果: [Passed], 预期: [success]
2020-09-03 11:22:22,418 - root - INFO :  = = =  = = =  = = =  = = =  = = =  = = =  = = =  = = = 分割线 = = =  = = =  = = =  = = =  = = =  = = =  = = =  = = = 
2020-09-03 11:22:22,429 - root - INFO : 当前运行Case: test_add_flow_cost_mgt_mobile
2020-09-03 11:22:22,429 - root - INFO : 正在执行Function: test_add_flow_cost_mgt_mobile
2020-09-03 11:22:22,430 - root - INFO : 正在执行Function: flow_cost_mgt_save
2020-09-03 11:22:22,430 - root - INFO : 描述信息: 【预算/流量成本管理/新增流量成本】手机流量成本-普通投放模式
2020-09-03 11:22:22,430 - root - INFO : 请求地址: https://galaxy-api-fat.shiguangkey.com/api/galaxy/flow/cost/manage/save
2020-09-03 11:22:22,430 - root - INFO : 请求方法: [- POST -]
2020-09-03 11:22:22,430 - root - INFO : 请求头部: {'content-type': 'application/x-www-form-urlencoded', 'token': '0x77ce040712f1253f3454299a40884d', 'x-dept-id-chain': '1001-8006-8007-8008-8009', 'user-agent': 'Mozilla/5.0 (Windows NT 10.0; Win64; x64) AppleWebKit/537.36 (KHTML, like Gecko) Chrome/80.0.3987.106 Safari/537.36', 'Connection': 'close', 'keep-alive': 'False'}
2020-09-03 11:22:22,431 - root - INFO : 请求正文: {'costMonth': 1598889600000, 'promotionerDeptIdChain': '1001-8006-8007-8008-8009', 'subjectId': '272', 'channelId': 4, 'gatherType': 1, 'putMode': 1, 'lastMonthLaunchNumber': 10000, 'lastMonthCashConsume': 1000, 'lastMonthSupplyTotal': 10000, 'lastMonthCost': 100, 'lastMonthDayAverageSupply': 1600, 'sameMonthDayAverageSupply': 10000, 'sameMonthDayAverageIncrement': 100, 'sameMonthCost': 1000, 'sameMonthDayConsume': 100, 'sameMonthSupply': 10000, 'sameMonthCashConsume': 1000, 'promotionerDeptName': '潭州教育>自动化测试分公司--勿动>自动化测试群--勿动>自动化测试事业部>自动化测试院', 'subjectName': '游戏运营', 'channelName': '知乎'}
2020-09-03 11:22:22,769 - root - INFO : 响应消息: {'traceId': 'f7063b2abaa74ba296703e374e4cca40', 'status': '110111002', 'msg': '已有同维度数据', 'data': {}}
2020-09-03 11:22:22,821 - root - INFO : 当前运行Case: test_add_flow_cost_mgt_wx
2020-09-03 11:22:22,821 - root - INFO : 正在执行Function: test_add_flow_cost_mgt_wx
2020-09-03 11:22:22,821 - root - INFO : 正在执行Function: flow_cost_mgt_save
2020-09-03 11:22:22,821 - root - INFO : 描述信息: 【预算/流量成本管理/新增流量成本】手机流量成本-普通投放模式
2020-09-03 11:22:22,821 - root - INFO : 请求地址: https://galaxy-api-fat.shiguangkey.com/api/galaxy/flow/cost/manage/save
2020-09-03 11:22:22,822 - root - INFO : 请求方法: [- POST -]
2020-09-03 11:22:22,822 - root - INFO : 请求头部: {'content-type': 'application/x-www-form-urlencoded', 'token': '0x77ce040712f1253f3454299a40884d', 'x-dept-id-chain': '1001-8006-8007-8008-8009', 'user-agent': 'Mozilla/5.0 (Windows NT 10.0; Win64; x64) AppleWebKit/537.36 (KHTML, like Gecko) Chrome/80.0.3987.106 Safari/537.36', 'Connection': 'close', 'keep-alive': 'False'}
2020-09-03 11:22:22,834 - root - INFO : 请求正文: {'costMonth': 1598889600000, 'promotionerDeptIdChain': '1001-8006-8007-8008-8009', 'subjectId': '272', 'channelId': 4, 'gatherType': 3, 'putMode': 1, 'lastMonthLaunchNumber': 10000, 'lastMonthCashConsume': 1000, 'lastMonthSupplyTotal': 10000, 'lastMonthCost': 100, 'lastMonthDayAverageSupply': 1600, 'sameMonthDayAverageSupply': 10000, 'sameMonthDayAverageIncrement': 100, 'sameMonthCost': 1000, 'sameMonthDayConsume': 100, 'sameMonthSupply': 10000, 'sameMonthCashConsume': 1000, 'promotionerDeptName': '潭州教育>自动化测试分公司--勿动>自动化测试群--勿动>自动化测试事业部>自动化测试院', 'subjectName': '游戏运营', 'channelName': '知乎'}
2020-09-03 11:22:23,033 - root - INFO : 响应消息: {'traceId': 'd578a421e31e4d1fad0c2554ef2ef1b9', 'status': '110111002', 'msg': '已有同维度数据', 'data': {}}
2020-09-03 11:22:23,056 - root - INFO : 当前运行Case: test_add_flow_cost_mgt_qq
2020-09-03 11:22:23,056 - root - INFO : 正在执行Function: test_add_flow_cost_mgt_qq
2020-09-03 11:22:23,056 - root - INFO : 正在执行Function: flow_cost_mgt_save
2020-09-03 11:22:23,056 - root - INFO : 描述信息: 【预算/流量成本管理/新增流量成本】手机流量成本-普通投放模式
2020-09-03 11:22:23,056 - root - INFO : 请求地址: https://galaxy-api-fat.shiguangkey.com/api/galaxy/flow/cost/manage/save
2020-09-03 11:22:23,057 - root - INFO : 请求方法: [- POST -]
2020-09-03 11:22:23,057 - root - INFO : 请求头部: {'content-type': 'application/x-www-form-urlencoded', 'token': '0x77ce040712f1253f3454299a40884d', 'x-dept-id-chain': '1001-8006-8007-8008-8009', 'user-agent': 'Mozilla/5.0 (Windows NT 10.0; Win64; x64) AppleWebKit/537.36 (KHTML, like Gecko) Chrome/80.0.3987.106 Safari/537.36', 'Connection': 'close', 'keep-alive': 'False'}
2020-09-03 11:22:23,057 - root - INFO : 请求正文: {'costMonth': 1598889600000, 'promotionerDeptIdChain': '1001-8006-8007-8008-8009', 'subjectId': '272', 'channelId': 4, 'gatherType': 2, 'putMode': 1, 'lastMonthLaunchNumber': 10000, 'lastMonthCashConsume': 1000, 'lastMonthSupplyTotal': 10000, 'lastMonthCost': 100, 'lastMonthDayAverageSupply': 1600, 'sameMonthDayAverageSupply': 10000, 'sameMonthDayAverageIncrement': 100, 'sameMonthCost': 1000, 'sameMonthDayConsume': 100, 'sameMonthSupply': 10000, 'sameMonthCashConsume': 1000, 'promotionerDeptName': '潭州教育>自动化测试分公司--勿动>自动化测试群--勿动>自动化测试事业部>自动化测试院', 'subjectName': '游戏运营', 'channelName': '知乎'}
2020-09-03 11:22:23,269 - root - INFO : 响应消息: {'traceId': '53d8028d4e2e4b8785e384f31f602541', 'status': '110111002', 'msg': '已有同维度数据', 'data': {}}
2020-09-03 11:22:23,292 - root - INFO : 当前运行Case: test_update_flow_cost_mgt
2020-09-03 11:22:23,292 - root - INFO : 正在执行Function: test_update_flow_cost_mgt
2020-09-03 11:22:23,292 - root - INFO : 正在执行Function: flow_cost_mgt_save
2020-09-03 11:22:23,292 - root - INFO : 描述信息: 【预算/流量成本管理/新增流量成本】手机流量成本-普通投放模式
2020-09-03 11:22:23,293 - root - INFO : 请求地址: https://galaxy-api-fat.shiguangkey.com/api/galaxy/flow/cost/manage/save
2020-09-03 11:22:23,293 - root - INFO : 请求方法: [- POST -]
2020-09-03 11:22:23,293 - root - INFO : 请求头部: {'content-type': 'application/x-www-form-urlencoded', 'token': '0x77ce040712f1253f3454299a40884d', 'x-dept-id-chain': '1001-8006-8007-8008-8009', 'user-agent': 'Mozilla/5.0 (Windows NT 10.0; Win64; x64) AppleWebKit/537.36 (KHTML, like Gecko) Chrome/80.0.3987.106 Safari/537.36', 'Connection': 'close', 'keep-alive': 'False'}
2020-09-03 11:22:23,293 - root - INFO : 请求正文: {'costMonth': 1601481600000, 'promotionerDeptIdChain': '1001-8006-8007-8008-8009', 'subjectId': '498', 'channelId': 4, 'gatherType': 2, 'putMode': 1, 'lastMonthLaunchNumber': 10000, 'lastMonthCashConsume': 1000, 'lastMonthSupplyTotal': 10000, 'lastMonthCost': 100, 'lastMonthDayAverageSupply': 1600, 'sameMonthDayAverageSupply': 10000, 'sameMonthDayAverageIncrement': 100, 'sameMonthCost': 1000, 'sameMonthDayConsume': 100, 'sameMonthSupply': 10000, 'sameMonthCashConsume': 1000, 'promotionerDeptName': '潭州教育>自动化测试分公司--勿动>自动化测试群--勿动>自动化测试事业部>自动化测试院', 'subjectName': 'VI设计', 'channelName': '知乎'}
2020-09-03 11:22:23,509 - root - INFO : 响应消息: {'traceId': 'c11ec191677945bfbae71317e4af083b', 'status': '0', 'msg': 'success', 'data': {}}
2020-09-03 11:22:23,509 - root - INFO : 校验类型: [-status], 结果: [Passed], 预期: [0]
2020-09-03 11:22:23,509 - root - INFO : 校验类型: [-msg], 结果: [Passed], 预期: [success]
2020-09-03 11:22:23,509 - root - INFO :  = = =  = = =  = = =  = = =  = = =  = = =  = = =  = = = 分割线 = = =  = = =  = = =  = = =  = = =  = = =  = = =  = = = 
2020-09-03 11:22:23,509 - root - INFO : 正在执行Function: flow_cost_mgt_page_list
2020-09-03 11:22:23,509 - root - INFO : 描述信息: 【预算/流量成本管理/查询】
2020-09-03 11:22:23,509 - root - INFO : 请求地址: https://galaxy-api-fat.shiguangkey.com/api/galaxy/flow/cost/manage/pageList
2020-09-03 11:22:23,509 - root - INFO : 请求方法: [- POST -]
2020-09-03 11:22:23,509 - root - INFO : 请求头部: {'content-type': 'application/x-www-form-urlencoded', 'token': '0x77ce040712f1253f3454299a40884d', 'user-agent': 'Mozilla/5.0 (Windows NT 10.0; Win64; x64) AppleWebKit/537.36 (KHTML, like Gecko) Chrome/80.0.3987.106 Safari/537.36', 'Connection': 'close', 'keep-alive': 'False'}
2020-09-03 11:22:23,509 - root - INFO : 请求正文: {'pageIndex': 1, 'pageSize': 20, 'gatherType': 2, 'startCostMonth': 1601481600000, 'endCostMonth': 1601654399999, 'channelId': 4}
2020-09-03 11:22:23,690 - root - INFO : 响应消息: {'traceId': '1c0745175cee4217af04e0e6e391c981', 'status': '0', 'msg': 'success', 'data': {'list': [{'id': 76, 'costMonth': 1601481600000, 'promotionerDeptIdChain': '1001-8006-8007-8008-8009', 'promotionerDeptName': '潭州教育>自动化测试分公司--勿动>自动化测试群--勿动>自动化测试事业部>自动化测试院', 'subjectId': 498, 'subjectName': 'VI设计', 'channelId': 4, 'channelName': '知乎', 'gatherType': 2, 'putMode': 1, 'lastMonthLaunchNumber': 10000, 'lastMonthCashConsume': 1000.0, 'lastMonthSupplyTotal': 10000, 'lastMonthCost': 100.0, 'lastMonthDayAverageSupply': 1600, 'sameMonthDayAverageSupply': 10000, 'sameMonthDayAverageIncrement': 100, 'sameMonthCost': 1000.0, 'sameMonthDayConsume': 100.0, 'sameMonthSupply': 10000, 'sameMonthCashConsume': 1000.0, 'creatorId': 19862099, 'creatorName': '日常的阿魏', 'creatorDeptId': 8009, 'creatorDeptIdChain': '1001-8006-8007-8008-8009', 'createTime': 1599103340000, 'modifierId': '', 'modifierName': '', 'modifyTime': '', 'isDelete': 2020}, {'id': 74, 'costMonth': 1601481600000, 'promotionerDeptIdChain': '1001-8006-8007-8008-8009', 'promotionerDeptName': '潭州教育>自动化测试分公司--勿动>自动化测试群--勿动>自动化测试事业部>自动化测试院', 'subjectId': 492, 'subjectName': '方言', 'channelId': 4, 'channelName': '知乎', 'gatherType': 2, 'putMode': 1, 'lastMonthLaunchNumber': 10000, 'lastMonthCashConsume': 1000.0, 'lastMonthSupplyTotal': 10000, 'lastMonthCost': 100.0, 'lastMonthDayAverageSupply': 1600, 'sameMonthDayAverageSupply': 10000, 'sameMonthDayAverageIncrement': 100, 'sameMonthCost': 1000.0, 'sameMonthDayConsume': 100.0, 'sameMonthSupply': 10000, 'sameMonthCashConsume': 1000.0, 'creatorId': 19862099, 'creatorName': '日常的阿魏', 'creatorDeptId': 8009, 'creatorDeptIdChain': '1001-8006-8007-8008-8009', 'createTime': 1599103206000, 'modifierId': 19862099, 'modifierName': '日常的阿魏', 'modifyTime': '', 'isDelete': 2020}, {'id': 67, 'costMonth': 1601481600000, 'promotionerDeptIdChain': '1001-8006-8007-8008-8009', 'promotionerDeptName': '潭州教育>自动化测试分公司--勿动>自动化测试群--勿动>自动化测试事业部>自动化测试院', 'subjectId': 495, 'subjectName': '形象设计', 'channelId': 4, 'channelName': '知乎', 'gatherType': 2, 'putMode': 1, 'lastMonthLaunchNumber': 10000, 'lastMonthCashConsume': 1000.0, 'lastMonthSupplyTotal': 10000, 'lastMonthCost': 100.0, 'lastMonthDayAverageSupply': 1600, 'sameMonthDayAverageSupply': 10000, 'sameMonthDayAverageIncrement': 100, 'sameMonthCost': 1000.0, 'sameMonthDayConsume': 100.0, 'sameMonthSupply': 10000, 'sameMonthCashConsume': 1000.0, 'creatorId': 19862099, 'creatorName': '日常的阿魏', 'creatorDeptId': 8009, 'creatorDeptIdChain': '1001-8006-8007-8008-8009', 'createTime': 1599102851000, 'modifierId': 19862099, 'modifierName': '日常的阿魏', 'modifyTime': '', 'isDelete': 2020}, {'id': 64, 'costMonth': 1601481600000, 'promotionerDeptIdChain': '1001-8006-8007-8008-8009', 'promotionerDeptName': '潭州教育>自动化测试分公司--勿动>自动化测试群--勿动>自动化测试事业部>自动化测试院', 'subjectId': 269, 'subjectName': '产品策划', 'channelId': 4, 'channelName': '知乎', 'gatherType': 2, 'putMode': 1, 'lastMonthLaunchNumber': 10000, 'lastMonthCashConsume': 1000.0, 'lastMonthSupplyTotal': 10000, 'lastMonthCost': 100.0, 'lastMonthDayAverageSupply': 1600, 'sameMonthDayAverageSupply': 10000, 'sameMonthDayAverageIncrement': 100, 'sameMonthCost': 1000.0, 'sameMonthDayConsume': 100.0, 'sameMonthSupply': 10000, 'sameMonthCashConsume': 1000.0, 'creatorId': 19862099, 'creatorName': '日常的阿魏', 'creatorDeptId': 8009, 'creatorDeptIdChain': '1001-8006-8007-8008-8009', 'createTime': 1599101537000, 'modifierId': 19862099, 'modifierName': '日常的阿魏', 'modifyTime': '', 'isDelete': 2020}, {'id': 56, 'costMonth': 1601481600000, 'promotionerDeptIdChain': '1001-8006-8007-8008-8009', 'promotionerDeptName': '潭州教育>自动化测试分公司--勿动>自动化测试群--勿动>自动化测试事业部>自动化测试院', 'subjectId': 272, 'subjectName': '游戏运营', 'channelId': 4, 'channelName': '知乎', 'gatherType': 2, 'putMode': 1, 'lastMonthLaunchNumber': 10000, 'lastMonthCashConsume': 1000.0, 'lastMonthSupplyTotal': 10000, 'lastMonthCost': 1000.0, 'lastMonthDayAverageSupply': 1600, 'sameMonthDayAverageSupply': 10000, 'sameMonthDayAverageIncrement': 100, 'sameMonthCost': 1000.0, 'sameMonthDayConsume': 100.0, 'sameMonthSupply': 10000, 'sameMonthCashConsume': 1000.0, 'creatorId': 19862099, 'creatorName': '日常的阿魏', 'creatorDeptId': 8009, 'creatorDeptIdChain': '1001-8006-8007-8008-8009', 'createTime': 1599096065000, 'modifierId': 19862099, 'modifierName': '日常的阿魏', 'modifyTime': '', 'isDelete': 2020}], 'totalItem': 5, 'summation': {'lastMonthLaunchNumber': 50000, 'lastMonthCashConsume': 5000.0, 'lastMonthSupplyTotal': 50000, 'lastMonthCost': 0.1, 'lastMonthDayAverageSupply': 8000, 'sameMonthDayAverageSupply': 50000, 'sameMonthDayAverageIncrement': 500, 'sameMonthCost': 0.1, 'sameMonthDayConsume': 500.0, 'sameMonthSupply': 50000, 'sameMonthCashConsume': 5000.0}}}
2020-09-03 11:22:23,713 - root - INFO : 提取变量: [ id: 76 ]
2020-09-03 11:22:23,715 - root - INFO : 提取变量: [ costMonth: 1601481600000 ]
2020-09-03 11:22:23,716 - root - INFO : 提取变量: [ subjectId: 498 ]
2020-09-03 11:22:23,716 - root - INFO : 提取变量: [ subjectName: VI设计 ]
2020-09-03 11:22:23,716 - root - INFO : 校验类型: [-status], 结果: [Passed], 预期: [0]
2020-09-03 11:22:23,716 - root - INFO : 校验类型: [-msg], 结果: [Passed], 预期: [success]
2020-09-03 11:22:23,717 - root - INFO :  = = =  = = =  = = =  = = =  = = =  = = =  = = =  = = = 分割线 = = =  = = =  = = =  = = =  = = =  = = =  = = =  = = = 
2020-09-03 11:22:23,717 - root - INFO : 正在执行Function: flow_cost_mgt_update
2020-09-03 11:22:23,717 - root - INFO : 描述信息: 【预算/流量成本管理/更新流量成本】手机流量成本-普通投放模式
2020-09-03 11:22:23,717 - root - INFO : 请求地址: https://galaxy-api-fat.shiguangkey.com/api/galaxy/flow/cost/manage/update
2020-09-03 11:22:23,717 - root - INFO : 请求方法: [- POST -]
2020-09-03 11:22:23,717 - root - INFO : 请求头部: {'content-type': 'application/x-www-form-urlencoded', 'token': '0x77ce040712f1253f3454299a40884d', 'x-dept-id-chain': '1001-8006-8007-8008-8009', 'user-agent': 'Mozilla/5.0 (Windows NT 10.0; Win64; x64) AppleWebKit/537.36 (KHTML, like Gecko) Chrome/80.0.3987.106 Safari/537.36', 'Connection': 'close', 'keep-alive': 'False'}
2020-09-03 11:22:23,717 - root - INFO : 请求正文: {'id': '76', 'costMonth': '1601481600000', 'promotionerDeptIdChain': '1001-8006-8007-8008-8009', 'subjectId': '498', 'channelId': 4, 'gatherType': 2, 'putMode': 1, 'lastMonthLaunchNumber': 10000, 'lastMonthCashConsume': 1000, 'lastMonthSupplyTotal': 10000, 'lastMonthCost': 100, 'lastMonthDayAverageSupply': 1600, 'sameMonthDayAverageSupply': 10000, 'sameMonthDayAverageIncrement': 100, 'sameMonthCost': 1000, 'sameMonthDayConsume': 100, 'sameMonthSupply': 10000, 'sameMonthCashConsume': 1000, 'promotionerDeptName': '潭州教育>自动化测试分公司--勿动>自动化测试群--勿动>自动化测试事业部>自动化测试院', 'subjectName': 'VI设计', 'channelName': '知乎'}
2020-09-03 11:22:23,908 - root - INFO : 响应消息: {'traceId': '769b7d633f8f42eca6485158a1fc9433', 'status': '0', 'msg': 'success', 'data': {}}
2020-09-03 11:22:23,908 - root - INFO : 校验类型: [-status], 结果: [Passed], 预期: [0]
2020-09-03 11:22:23,908 - root - INFO : 校验类型: [-msg], 结果: [Passed], 预期: [success]
2020-09-03 11:22:23,908 - root - INFO :  = = =  = = =  = = =  = = =  = = =  = = =  = = =  = = = 分割线 = = =  = = =  = = =  = = =  = = =  = = =  = = =  = = = 
2020-09-03 11:22:23,921 - root - INFO : 当前运行Case: test_update_flow_cost_mgt_gather
2020-09-03 11:22:23,921 - root - INFO : 正在执行Function: test_update_flow_cost_mgt_gather
2020-09-03 11:22:23,921 - root - INFO : 正在执行Function: flow_cost_mgt_save
2020-09-03 11:22:23,921 - root - INFO : 描述信息: 【预算/流量成本管理/新增流量成本】手机流量成本-普通投放模式
2020-09-03 11:22:23,921 - root - INFO : 请求地址: https://galaxy-api-fat.shiguangkey.com/api/galaxy/flow/cost/manage/save
2020-09-03 11:22:23,921 - root - INFO : 请求方法: [- POST -]
2020-09-03 11:22:23,921 - root - INFO : 请求头部: {'content-type': 'application/x-www-form-urlencoded', 'token': '0x77ce040712f1253f3454299a40884d', 'x-dept-id-chain': '1001-8006-8007-8008-8009', 'user-agent': 'Mozilla/5.0 (Windows NT 10.0; Win64; x64) AppleWebKit/537.36 (KHTML, like Gecko) Chrome/80.0.3987.106 Safari/537.36', 'Connection': 'close', 'keep-alive': 'False'}
2020-09-03 11:22:23,921 - root - INFO : 请求正文: {'costMonth': 1601481600000, 'promotionerDeptIdChain': '1001-8006-8007-8008-8009', 'subjectId': '498', 'channelId': 4, 'gatherType': 1, 'putMode': 1, 'lastMonthLaunchNumber': 10000, 'lastMonthCashConsume': 1000, 'lastMonthSupplyTotal': 10000, 'lastMonthCost': 100, 'lastMonthDayAverageSupply': 1600, 'sameMonthDayAverageSupply': 10000, 'sameMonthDayAverageIncrement': 100, 'sameMonthCost': 1000, 'sameMonthDayConsume': 100, 'sameMonthSupply': 10000, 'sameMonthCashConsume': 1000, 'promotionerDeptName': '潭州教育>自动化测试分公司--勿动>自动化测试群--勿动>自动化测试事业部>自动化测试院', 'subjectName': 'VI设计', 'channelName': '知乎'}
2020-09-03 11:22:24,139 - root - INFO : 响应消息: {'traceId': '6051853b8ce24e009a4885c3a54b8ab6', 'status': '0', 'msg': 'success', 'data': {}}
2020-09-03 11:22:24,139 - root - INFO : 校验类型: [-status], 结果: [Passed], 预期: [0]
2020-09-03 11:22:24,139 - root - INFO : 校验类型: [-msg], 结果: [Passed], 预期: [success]
2020-09-03 11:22:24,139 - root - INFO :  = = =  = = =  = = =  = = =  = = =  = = =  = = =  = = = 分割线 = = =  = = =  = = =  = = =  = = =  = = =  = = =  = = = 
2020-09-03 11:22:24,139 - root - INFO : 正在执行Function: flow_cost_mgt_page_list
2020-09-03 11:22:24,139 - root - INFO : 描述信息: 【预算/流量成本管理/查询】
2020-09-03 11:22:24,140 - root - INFO : 请求地址: https://galaxy-api-fat.shiguangkey.com/api/galaxy/flow/cost/manage/pageList
2020-09-03 11:22:24,140 - root - INFO : 请求方法: [- POST -]
2020-09-03 11:22:24,140 - root - INFO : 请求头部: {'content-type': 'application/x-www-form-urlencoded', 'token': '0x77ce040712f1253f3454299a40884d', 'user-agent': 'Mozilla/5.0 (Windows NT 10.0; Win64; x64) AppleWebKit/537.36 (KHTML, like Gecko) Chrome/80.0.3987.106 Safari/537.36', 'Connection': 'close', 'keep-alive': 'False'}
2020-09-03 11:22:24,140 - root - INFO : 请求正文: {'pageIndex': 1, 'pageSize': 20, 'gatherType': 1, 'startCostMonth': 1601481600000, 'endCostMonth': 1601654399999, 'channelId': 4}
2020-09-03 11:22:24,313 - root - INFO : 响应消息: {'traceId': '3a40fad10e4b454aa45d9582a68f1481', 'status': '0', 'msg': 'success', 'data': {'list': [{'id': 77, 'costMonth': 1601481600000, 'promotionerDeptIdChain': '1001-8006-8007-8008-8009', 'promotionerDeptName': '潭州教育>自动化测试分公司--勿动>自动化测试群--勿动>自动化测试事业部>自动化测试院', 'subjectId': 498, 'subjectName': 'VI设计', 'channelId': 4, 'channelName': '知乎', 'gatherType': 1, 'putMode': 1, 'lastMonthLaunchNumber': 10000, 'lastMonthCashConsume': 1000.0, 'lastMonthSupplyTotal': 10000, 'lastMonthCost': 100.0, 'lastMonthDayAverageSupply': 1600, 'sameMonthDayAverageSupply': 10000, 'sameMonthDayAverageIncrement': 100, 'sameMonthCost': 1000.0, 'sameMonthDayConsume': 100.0, 'sameMonthSupply': 10000, 'sameMonthCashConsume': 1000.0, 'creatorId': 19862099, 'creatorName': '日常的阿魏', 'creatorDeptId': 8009, 'creatorDeptIdChain': '1001-8006-8007-8008-8009', 'createTime': 1599103341000, 'modifierId': '', 'modifierName': '', 'modifyTime': '', 'isDelete': 2020}, {'id': 66, 'costMonth': 1601481600000, 'promotionerDeptIdChain': '1001-8006-8007-8008-8009', 'promotionerDeptName': '潭州教育>自动化测试分公司--勿动>自动化测试群--勿动>自动化测试事业部>自动化测试院', 'subjectId': 495, 'subjectName': '形象设计', 'channelId': 4, 'channelName': '知乎', 'gatherType': 1, 'putMode': 1, 'lastMonthLaunchNumber': 10000, 'lastMonthCashConsume': 1000.0, 'lastMonthSupplyTotal': 10000, 'lastMonthCost': 100.0, 'lastMonthDayAverageSupply': 1600, 'sameMonthDayAverageSupply': 10000, 'sameMonthDayAverageIncrement': 100, 'sameMonthCost': 1000.0, 'sameMonthDayConsume': 100.0, 'sameMonthSupply': 10000, 'sameMonthCashConsume': 1000.0, 'creatorId': 19862099, 'creatorName': '日常的阿魏', 'creatorDeptId': 8009, 'creatorDeptIdChain': '1001-8006-8007-8008-8009', 'createTime': 1599102816000, 'modifierId': '', 'modifierName': '', 'modifyTime': '', 'isDelete': 2020}, {'id': 54, 'costMonth': 1601481600000, 'promotionerDeptIdChain': '1001-8006-8007-8008-8009', 'promotionerDeptName': '潭州教育>自动化测试分公司--勿动>自动化测试群--勿动>自动化测试事业部>自动化测试院', 'subjectId': 272, 'subjectName': '游戏运营', 'channelId': 4, 'channelName': '知乎', 'gatherType': 1, 'putMode': 1, 'lastMonthLaunchNumber': 10000, 'lastMonthCashConsume': 1000.0, 'lastMonthSupplyTotal': 10000, 'lastMonthCost': 100.0, 'lastMonthDayAverageSupply': 1600, 'sameMonthDayAverageSupply': 10000, 'sameMonthDayAverageIncrement': 100, 'sameMonthCost': 1000.0, 'sameMonthDayConsume': 100.0, 'sameMonthSupply': 10000, 'sameMonthCashConsume': 1000.0, 'creatorId': 19862099, 'creatorName': '日常的阿魏', 'creatorDeptId': 8009, 'creatorDeptIdChain': '1001-8006-8007-8008-8009', 'createTime': 1599096064000, 'modifierId': '', 'modifierName': '', 'modifyTime': '', 'isDelete': 2020}, {'id': 50, 'costMonth': 1601481600000, 'promotionerDeptIdChain': '1001-8006-8007-8008-8009', 'promotionerDeptName': '潭州教育>自动化测试分公司--勿动>自动化测试群--勿动>自动化测试事业部>自动化测试院', 'subjectId': 275, 'subjectName': '新媒体运营', 'channelId': 4, 'channelName': '知乎', 'gatherType': 1, 'putMode': 1, 'lastMonthLaunchNumber': 1, 'lastMonthCashConsume': 1.0, 'lastMonthSupplyTotal': 1, 'lastMonthCost': 1.0, 'lastMonthDayAverageSupply': 1, 'sameMonthDayAverageSupply': 1, 'sameMonthDayAverageIncrement': 1, 'sameMonthCost': 1.0, 'sameMonthDayConsume': 1.0, 'sameMonthSupply': 1, 'sameMonthCashConsume': 1.0, 'creatorId': 19862099, 'creatorName': '日常的阿魏', 'creatorDeptId': 8009, 'creatorDeptIdChain': '1001-8006-8007-8008-8009', 'createTime': 1599037032000, 'modifierId': '', 'modifierName': '', 'modifyTime': '', 'isDelete': 2020}], 'totalItem': 4, 'summation': {'lastMonthLaunchNumber': 30001, 'lastMonthCashConsume': 3001.0, 'lastMonthSupplyTotal': 30001, 'lastMonthCost': 0.1, 'lastMonthDayAverageSupply': 4801, 'sameMonthDayAverageSupply': 30001, 'sameMonthDayAverageIncrement': 301, 'sameMonthCost': 0.1, 'sameMonthDayConsume': 301.0, 'sameMonthSupply': 30001, 'sameMonthCashConsume': 3001.0}}}
2020-09-03 11:22:24,315 - root - INFO : 提取变量: [ id: 77 ]
2020-09-03 11:22:24,316 - root - INFO : 提取变量: [ costMonth: 1601481600000 ]
2020-09-03 11:22:24,316 - root - INFO : 提取变量: [ subjectId: 498 ]
2020-09-03 11:22:24,317 - root - INFO : 提取变量: [ subjectName: VI设计 ]
2020-09-03 11:22:24,317 - root - INFO : 校验类型: [-status], 结果: [Passed], 预期: [0]
2020-09-03 11:22:24,317 - root - INFO : 校验类型: [-msg], 结果: [Passed], 预期: [success]
2020-09-03 11:22:24,317 - root - INFO :  = = =  = = =  = = =  = = =  = = =  = = =  = = =  = = = 分割线 = = =  = = =  = = =  = = =  = = =  = = =  = = =  = = = 
2020-09-03 11:22:24,317 - root - INFO : 正在执行Function: flow_cost_mgt_update
2020-09-03 11:22:24,317 - root - INFO : 描述信息: 【预算/流量成本管理/更新流量成本】手机流量成本-普通投放模式
2020-09-03 11:22:24,318 - root - INFO : 请求地址: https://galaxy-api-fat.shiguangkey.com/api/galaxy/flow/cost/manage/update
2020-09-03 11:22:24,318 - root - INFO : 请求方法: [- POST -]
2020-09-03 11:22:24,318 - root - INFO : 请求头部: {'content-type': 'application/x-www-form-urlencoded', 'token': '0x77ce040712f1253f3454299a40884d', 'x-dept-id-chain': '1001-8006-8007-8008-8009', 'user-agent': 'Mozilla/5.0 (Windows NT 10.0; Win64; x64) AppleWebKit/537.36 (KHTML, like Gecko) Chrome/80.0.3987.106 Safari/537.36', 'Connection': 'close', 'keep-alive': 'False'}
2020-09-03 11:22:24,318 - root - INFO : 请求正文: {'id': '77', 'costMonth': '1601481600000', 'promotionerDeptIdChain': '1001-8006-8007-8008-8009', 'subjectId': '498', 'channelId': 4, 'gatherType': 3, 'putMode': 1, 'lastMonthLaunchNumber': 10000, 'lastMonthCashConsume': 1000, 'lastMonthSupplyTotal': 10000, 'lastMonthCost': 100, 'lastMonthDayAverageSupply': 1600, 'sameMonthDayAverageSupply': 10000, 'sameMonthDayAverageIncrement': 100, 'sameMonthCost': 1000, 'sameMonthDayConsume': 100, 'sameMonthSupply': 10000, 'sameMonthCashConsume': 1000, 'promotionerDeptName': '潭州教育>自动化测试分公司--勿动>自动化测试群--勿动>自动化测试事业部>自动化测试院', 'subjectName': 'VI设计', 'channelName': '知乎'}
2020-09-03 11:22:24,498 - root - INFO : 响应消息: {'traceId': '682c4b672f64497eaaca4c321bc5aa63', 'status': '0', 'msg': 'success', 'data': {}}
2020-09-03 11:22:24,498 - root - INFO : 校验类型: [-status], 结果: [Passed], 预期: [0]
2020-09-03 11:22:24,498 - root - INFO : 校验类型: [-msg], 结果: [Passed], 预期: [success]
2020-09-03 11:22:24,498 - root - INFO :  = = =  = = =  = = =  = = =  = = =  = = =  = = =  = = = 分割线 = = =  = = =  = = =  = = =  = = =  = = =  = = =  = = = 
