2020-10-20 19:24:40,640 - root - INFO : 描述信息: 【潭州平台】获取登录用户 token
2020-10-20 19:24:40,641 - root - INFO : 请求地址: https://open-fat.shiguangkey.com/api/udb/workwechat/auth/login
2020-10-20 19:24:40,641 - root - INFO : 请求方法: [- POST -]
2020-10-20 19:24:40,641 - root - INFO : 请求头部: {'content-type': 'application/x-www-form-urlencoded', 'terminaltype': '4'}
2020-10-20 19:24:40,641 - root - INFO : 请求正文: {'account': 't0384223793', 'password': '4QrcOUm6Wau+VuBX8g+IPg'}
2020-10-20 19:24:40,909 - root - INFO : 响应消息: {'traceId': 'dd06472d039c48559648be7624923454', 'status': '0', 'msg': 'success', 'data': {'user': {'uid': 19862099, 'mobile': '', 'account': '', 'nickname': '日常的阿魏', 'headImg': 'https://res.shiguangkey.com/res/images/default.png', 'openId': '', 'newRegister': False, 'needBindPhone': False, 'showAccountList': False}, 'token': '0x7752f00712f1253c15945dd843a9c4'}}
2020-10-20 19:24:40,910 - root - INFO : 提取变量: [ pttoken: 0x7752f00712f1253c15945dd843a9c4 ]
2020-10-20 19:24:40,910 - root - INFO : 校验类型: [-status], 结果: [Passed], 预期: [0]
2020-10-20 19:24:40,911 - root - INFO : 校验类型: [-msg], 结果: [Passed], 预期: [success]
2020-10-20 19:24:40,911 - root - INFO :  = = =  = = =  = = =  = = =  = = =  = = =  = = =  = = = 分割线 = = =  = = =  = = =  = = =  = = =  = = =  = = =  = = = 
2020-10-20 19:25:10,422 - root - INFO : 当前所在Class: Website || 类描述信息: None
2020-10-20 19:25:10,544 - root - INFO : 当前所在Class: Check || 类描述信息: None
2020-10-20 19:25:10,598 - root - INFO : 描述信息: 【银河/广告/广告创意】查询广告创意
2020-10-20 19:25:10,599 - root - INFO : 请求地址: https://galaxy-api-fat.shiguangkey.com/api/galaxy/creativity/pageList
2020-10-20 19:25:10,599 - root - INFO : 请求方法: [- POST -]
2020-10-20 19:25:10,599 - root - INFO : 请求头部: {'content-type': 'application/x-www-form-urlencoded', 'token': '0x7752f00712f1253c15945dd843a9c4'}
2020-10-20 19:25:10,599 - root - INFO : 请求正文: {'gatherType': 1, 'id': '114002', 'isHide': 0, 'pageIndex': 1, 'pageSize': 20}
2020-10-20 19:25:10,801 - root - INFO : 响应消息: {'traceId': '2605a5d7f5c84e70b95a9a14898125aa', 'status': '0', 'msg': 'success', 'data': {'totalItem': 1, 'list': [{'id': 114002, 'oldCreativityId': None, 'oldProgramId': None, 'no': 'd5842b044c9547a2b470b2a3d7fd42e9', 'name': '自动化创意16859487', 'programName': '自动化计划01465495', 'subjectName': 'Python', 'subjectId': 282, 'channelName': '微信', 'channelId': 6, 'isImport': 0, 'position': '1', 'keyword': None, 'areaId': None, 'areaName': None, 'creatorName': '自动化专用-勿动', 'createTime': 1603186600000, 'remark': None, 'isNeedCaptch': 1, 'state': 2, 'adMainId': None, 'channelAgencyAccountId': None, 'accountCode': None, 'adMainAccount': None, 'thirdUrl': None, 'allocInstType': 1, 'receiveDeptId': None, 'receiveDeptIdChain': None, 'isHide': 0, 'isTest': 0, 'creatorDeptId': 8009, 'vector': None, 'customerVectorValue': None, 'followerName': None, 'followerTanzkAccount': None, 'putMode': 1, 'receptionistId': None, 'receptionistName': None, 'receptionistTanzkAccount': None, 'receptionistDeptId': None, 'receptionistDeptIdChain': None, 'creatorDeptIdChain': '1001-8006-8007-8008-8009', 'updateState': 1, 'type': 1, 'programId': 14211, 'promotionTerminal': 1, 'vectorType': None, 'channelQrCode': None, 'channelNumber': None, 'companyWechatId': None, 'vectorId': None, 'vectorName': None}]}}
2020-10-20 19:25:10,802 - root - INFO : 提取变量: [ creativityId: 114002 ]
2020-10-20 19:25:10,802 - root - INFO : 提取变量: [ creativityName: 自动化创意16859487 ]
2020-10-20 19:25:10,803 - root - INFO : 提取变量: [ creativityNo: d5842b044c9547a2b470b2a3d7fd42e9 ]
2020-10-20 19:25:10,803 - root - INFO : 提取变量: [ adName: 自动化计划01465495 ]
2020-10-20 19:25:10,803 - root - INFO : 校验类型: [-status], 结果: [Passed], 预期: [0]
2020-10-20 19:25:10,804 - root - INFO : 校验类型: [-msg], 结果: [Passed], 预期: [success]
2020-10-20 19:25:10,804 - root - INFO :  = = =  = = =  = = =  = = =  = = =  = = =  = = =  = = = 分割线 = = =  = = =  = = =  = = =  = = =  = = =  = = =  = = = 
2020-10-20 19:25:10,804 - root - INFO : 正在执行Function: landing_page_crt
2020-10-20 19:25:10,804 - root - INFO : 正在执行Function: create_website_pay
2020-10-20 19:25:10,804 - root - INFO : 描述信息: 【银河/工具/落地页工具】新建落地页-一键支付
2020-10-20 19:25:10,805 - root - INFO : 请求地址: https://luban-api-fat.shiguangkey.com/website-edit-api/website/create_website
2020-10-20 19:25:10,805 - root - INFO : 请求方法: [- POST -]
2020-10-20 19:25:10,805 - root - INFO : 请求头部: {'content-type': 'application/json', 'token': '0x7752f00712f1253c15945dd843a9c4'}
2020-10-20 19:25:10,805 - root - INFO : 请求正文: {'name': '自动化落地页98441235', 'goodsId': '105', 'previewUrl': 'https://fat-huawei-media.shiguangkey.com/kcmry3ec1go5l9l', 'isRecommendApp': False, 'submitType': 3, 'isSmsVerify': 1, 'websiteType': 1, 'adCreateType': 1, 'websiteWechatType': 1, 'bgColor': '', 'bgImage': '', 'version': '2.0.0', 'compReqs': [{'compJson': '{"id":"kcmrxf4afj4414j","type":19,"width":375,"height":70,"isFixed":true,"goodsName":"python公开课视频课","goodsId":416,"priceText":0.01,"priceOrigin":0.01,"priceTextColor":"#FF0363","priceTextSize":28,"tipText":"前100名活动限时价","tipTextColor":"#666666","tipTextSize":11,"buttonText":"立即购买","buttonTextColor":"#FFFFFF","buttonTextSize":18,"buttonBg":"#FF0363","isOneKey":true,"y":0}', 'fileIds': [], 'scene': 1, 'type': 19}, {'compJson': '{"id":"kcmrxf7pawt8u71","type":24,"width":375,"height":257,"goodsName":"python公开课视频课","goodsId":0,"goodsDesc":null,"goodsCover":"https://res.shiguangkey.com/file/201811/07/20181107094126190210027.png","priceText":0.01,"priceOrigin":0.01,"phoneNo":"130XXXXXXXX","payNo":"D000000000000000000","isPay":true,"y":0}', 'fileIds': [], 'scene': 2, 'type': 24}, {'compJson': '{"id":"kcmrxf7pltcazu2","type":13,"width":375,"height":136,"text":"上课须知\\n1.本产品为特价活动课程，一经购买，概不退款，请谅解；\\n2.课程购买成功后，老师会在24小时以内通过电话、微信或短信的方式联系您，请保持联系方式畅通。","fontSize":12,"fontWeight":"normal","fontStyle":"normal","textDecoration":"none","opacity":100,"textAlign":"left","letterSpacing":0,"lineHeight":2,"placeholder":"请输入文本内容","color":"#999999","y":257}', 'fileIds': [], 'scene': 2, 'type': 13}, {'compJson': '{"id":"kcmrxf7oqv0p0pw","type":3,"width":375,"height":176,"required":true,"value":"","title":"手机 (已加密)","placeholder":"请输入手机号码","unique":true,"validate":true,"layout":1,"phoneCodeType":0,"codeTextColor":"#FFFFFF","codeTextSize":15,"codeBgColor":"#1855FB","isAbroad":false,"y":0}', 'fileIds': [], 'scene': 3, 'type': 3}, {'compJson': '{"id":"kcmrxf7pxhahryk","type":24,"width":375,"height":218,"goodsName":"python公开课视频课","goodsId":0,"goodsDesc":null,"goodsCover":"https://res.shiguangkey.com/file/201811/07/20181107094126190210027.png","priceText":0.01,"priceOrigin":0.01,"phoneNo":"130XXXXXXXX","payNo":"D000000000000000000","y":176}', 'fileIds': [], 'scene': 3, 'type': 24}, {'compJson': '{"id":"kcmrxf7pwj33r33","type":23,"width":339,"height":71,"buttonHeight":45,"text":"确认支付 ￥0.01","textColor":"#FFFFFF","textSize":18,"borderColor":"#FF0363","borderWidth":2,"borderRadius":4,"bgColor":"#FF0363","isDownloadApp":false,"isFixed":true,"y":394}', 'fileIds': [], 'scene': 3, 'type': 23}]}
2020-10-20 19:25:11,039 - root - INFO : 响应消息: {'status': 0, 'msg': 'success', 'traceId': '135eb34332fd407592e132494a72e2ce', 'data': {'code': '1318513593361506306', 'id': 9028}}
2020-10-20 19:25:11,039 - root - INFO : 提取变量: [ websiteId: 9028 ]
2020-10-20 19:25:11,040 - root - INFO : 校验类型: [-status], 结果: [Passed], 预期: [0]
2020-10-20 19:25:11,040 - root - INFO : 校验类型: [-msg], 结果: [Passed], 预期: [success]
2020-10-20 19:25:11,040 - root - INFO :  = = =  = = =  = = =  = = =  = = =  = = =  = = =  = = = 分割线 = = =  = = =  = = =  = = =  = = =  = = =  = = =  = = = 
2020-10-20 19:25:11,040 - root - INFO : 正在执行Function: publish_website
2020-10-20 19:25:11,040 - root - INFO : 描述信息: 【银河/工具/落地页工具】发布落地页
2020-10-20 19:25:11,041 - root - INFO : 请求地址: https://luban-api-fat.shiguangkey.com/website-edit-api/website/publish_website
2020-10-20 19:25:11,041 - root - INFO : 请求方法: [- POST -]
2020-10-20 19:25:11,041 - root - INFO : 请求头部: {'content-type': 'application/json', 'token': '0x7752f00712f1253c15945dd843a9c4'}
2020-10-20 19:25:11,041 - root - INFO : 请求正文: {'websiteId': '9028'}
2020-10-20 19:25:11,219 - root - INFO : 响应消息: {'status': 0, 'msg': '落地页发布成功', 'traceId': '5b2ae478380b48e29d5a9aec51972bcd', 'data': None}
2020-10-20 19:25:11,219 - root - INFO : 校验类型: [-status], 结果: [Passed], 预期: [0]
2020-10-20 19:25:11,220 - root - INFO : 校验类型: [-msg], 结果: [Passed], 预期: [落地页发布成功]
2020-10-20 19:25:11,220 - root - INFO :  = = =  = = =  = = =  = = =  = = =  = = =  = = =  = = = 分割线 = = =  = = =  = = =  = = =  = = =  = = =  = = =  = = = 
2020-10-20 19:25:11,220 - root - INFO : 正在执行Function: association_creativity
2020-10-20 19:25:11,220 - root - INFO : 描述信息: 【银河/工具/落地页工具】生成链接
2020-10-20 19:25:11,220 - root - INFO : 请求地址: https://luban-api-fat.shiguangkey.com/website-edit-api/website_link/association_creativity
2020-10-20 19:25:11,221 - root - INFO : 请求方法: [- POST -]
2020-10-20 19:25:11,221 - root - INFO : 请求头部: {'content-type': 'application/json', 'token': '0x7752f00712f1253c15945dd843a9c4'}
2020-10-20 19:25:11,221 - root - INFO : 请求正文: {'websiteId': '9028', 'title': '自动化落地页98441235', 'releaseChannel': 3, 'putPlanNames': ['自动化计划01465495'], 'adType': 1, 'adPlan': '自动化计划01465495', 'channel': '微信', 'channelId': 6, 'subject': 'Python', 'subjectId': 282, 'baseReqs': [{'adCreativity': '自动化创意16859487', 'adNo': 'd5842b044c9547a2b470b2a3d7fd42e9', 'creativityId': '114002'}], 'accountId': 'wx359bdedd5d18907a', 'domain': 'https://mz-fat.tanzhouedu.com'}
2020-10-20 19:25:11,409 - root - INFO : 响应消息: {'status': 0, 'msg': 'success', 'traceId': '1398d0f44e014d51ba46978fe9d56e1c', 'data': [{'putPlanName': '自动化计划01465495', 'creativityCode': 'bc352f521e270323'}]}
2020-10-20 19:25:11,409 - root - INFO : 提取变量: [ creativityCode: bc352f521e270323 ]
2020-10-20 19:25:11,410 - root - INFO : 校验类型: [-status], 结果: [Passed], 预期: [0]
2020-10-20 19:25:11,410 - root - INFO : 校验类型: [-msg], 结果: [Passed], 预期: [success]
2020-10-20 19:25:11,410 - root - INFO : 校验类型: [-in]  结果: [Passed]  预期: [creativityCode]
2020-10-20 19:25:11,410 - root - INFO :  = = =  = = =  = = =  = = =  = = =  = = =  = = =  = = = 分割线 = = =  = = =  = = =  = = =  = = =  = = =  = = =  = = = 
2020-10-20 19:25:11,411 - root - INFO : 正在执行Function: list_landing_page
2020-10-20 19:25:11,411 - root - INFO : 描述信息: 【银河/工具/落地页工具】落地页数据查询
2020-10-20 19:25:11,411 - root - INFO : 请求地址: https://luban-api-fat.shiguangkey.com/website-edit-api/website_link/list_creativity
2020-10-20 19:25:11,411 - root - INFO : 请求方法: [- POST -]
2020-10-20 19:25:11,411 - root - INFO : 请求头部: {'content-type': 'application/json', 'token': '0x7752f00712f1253c15945dd843a9c4'}
2020-10-20 19:25:11,411 - root - INFO : 请求正文: {'websiteCode': '', 'creativityCode': '', 'adNo': '', 'isTest': '', 'channelCode': '', 'subjectId': '', 'putMode': '', 'websiteName': '自动化落地页98441235', 'submitStartTime': '2020-10-20 00:00:00', 'submitEndTime': '2020-10-20 23:59:59', 'pageNo': 1, 'pageSize': 10, 'websiteType': 1}
2020-10-20 19:25:12,539 - root - INFO : 响应消息: {'status': 0, 'msg': 'success', 'traceId': '2ed3f50f5e5f4b0c8b3dbd2f151a01c5', 'data': {'totalPage': 1, 'rows': [{'websiteLinkId': 8450, 'websiteName': '自动化落地页98441235', 'previewUrl': 'https://fat-huawei-media.shiguangkey.com/kcmry3ec1go5l9l', 'adNo': 'd5842b044c9547a2b470b2a3d7fd42e9', 'creativityId': 114002, 'putPlanName': '自动化计划01465495', 'websiteCode': '1318513593361506306', 'websiteId': 9028, 'promoter': '日常的阿魏', 'publishTime': '2020-10-20 19:25:13', 'updatedAt': 1603193112000, 'channel': '微信', 'subject': 'Python', 'putMode': None, 'creativityCode': 'bc352f521e270323', 'creativityStat': {'creativityCode': 'bc352f521e270323', 'pageView': 0, 'uniqueVisitor': 0, 'conversionRate': 0, 'orderNum': 0, 'formSubmitNum': 0, 'clickNum': 0, 'adultNum': 0, 'minorNum': 0, 'avgLoadTime': 0, 'downloadNum': 0, 'noCustomerGrown': None, 'noCustomerChild': None, 'cpc': None, 'noLeaningRepeatGrown': None, 'noLeaningRepeatChild': None, 'noLeaning': None}, 'websiteType': 1, 'transferType': 0, 'isTest': None, 'receiveDeptName': None, 'allocInstType': None, 'isDisable': 0, 'releaseChannel': 3, 'url': 'https://mz-fat.tanzhouedu.com?s=bc352f521e270323', 'customerNum': None, 'userId': 1716}], 'totalCount': 1, 'pageNo': 1, 'pageSize': 10, 'currentPageSize': 1}}
2020-10-20 19:25:12,540 - root - INFO : 提取变量: [ adNo: d5842b044c9547a2b470b2a3d7fd42e9 ]
2020-10-20 19:25:12,543 - root - INFO : 提取变量: [ websiteCode: 1318513593361506306 ]
2020-10-20 19:25:12,543 - root - INFO : 提取变量: [ websiteLinkId: 8450 ]
2020-10-20 19:25:12,544 - root - INFO : 提取变量: [ url: https://mz-fat.tanzhouedu.com?s=bc352f521e270323 ]
2020-10-20 19:25:12,544 - root - INFO : 校验类型: [-status], 结果: [Passed], 预期: [0]
2020-10-20 19:25:12,544 - root - INFO : 校验类型: [-msg], 结果: [Passed], 预期: [success]
2020-10-20 19:25:12,544 - root - INFO :  = = =  = = =  = = =  = = =  = = =  = = =  = = =  = = = 分割线 = = =  = = =  = = =  = = =  = = =  = = =  = = =  = = = 
