2020-10-09 14:24:54,123 - root - INFO : 描述信息: 【潭州平台】获取登录用户 token
2020-10-09 14:24:54,123 - root - INFO : 请求地址: https://open-fat.shiguangkey.com/api/udb/workwechat/auth/login
2020-10-09 14:24:54,123 - root - INFO : 请求方法: [- POST -]
2020-10-09 14:24:54,123 - root - INFO : 请求头部: {'content-type': 'application/x-www-form-urlencoded', 'terminaltype': '4'}
2020-10-09 14:24:54,124 - root - INFO : 请求正文: {'account': 't0384223793', 'password': '4QrcOUm6Wau+VuBX8g+IPg'}
2020-10-09 14:24:54,358 - root - INFO : 响应消息: {'traceId': '22e2e80c33214be692acac51a8ef10ad', 'status': '0', 'msg': 'success', 'data': {'user': {'uid': 19862099, 'mobile': '', 'account': '', 'nickname': '日常的阿魏', 'headImg': 'https://res.shiguangkey.com/res/images/default.png', 'openId': '', 'newRegister': False, 'needBindPhone': False, 'showAccountList': False}, 'token': '0x7786d00712f1253bb1f4b05b6b285d'}}
2020-10-09 14:24:54,359 - root - INFO : 提取变量: [ pttoken: 0x7786d00712f1253bb1f4b05b6b285d ]
2020-10-09 14:24:54,359 - root - INFO : 校验类型: [-status], 结果: [Passed], 预期: [0]
2020-10-09 14:24:54,359 - root - INFO : 校验类型: [-msg], 结果: [Passed], 预期: [success]
2020-10-09 14:24:54,359 - root - INFO :  = = =  = = =  = = =  = = =  = = =  = = =  = = =  = = = 分割线 = = =  = = =  = = =  = = =  = = =  = = =  = = =  = = = 
2020-10-09 14:24:54,359 - root - INFO : 正在执行Function: ad_plan
2020-10-09 14:24:54,359 - root - INFO : 正在执行Function: program_info_save
2020-10-09 14:24:54,359 - root - INFO : 描述信息: 【银河/广告/广告计划】新增广告计划
2020-10-09 14:24:54,359 - root - INFO : 请求地址: https://galaxy-api-fat.shiguangkey.com/api/galaxy/program/info/save
2020-10-09 14:24:54,359 - root - INFO : 请求方法: [- POST -]
2020-10-09 14:24:54,359 - root - INFO : 请求头部: {'content-type': 'application/json', 'token': '0x775fb60712f1fa187cc4589af1010a'}
2020-10-09 14:24:54,360 - root - INFO : 请求正文: {'channelId': 6, 'name': '自动化计划80331612', 'subjectId': 282, 'subjectName': 'Python', 'isTest': 0, 'putMode': 1, 'type': 1, 'gatherType': 1, 'allocInstType': 1, 'channelName': '微信'}
2020-10-09 14:24:54,629 - root - INFO : 响应消息: {'traceId': '31991c5df5a44638b224187b2e60dfc8', 'status': '0', 'msg': 'success', 'data': {}}
2020-10-09 14:24:54,629 - root - INFO : 校验类型: [-status], 结果: [Passed], 预期: [0]
2020-10-09 14:24:54,629 - root - INFO : 校验类型: [-msg], 结果: [Passed], 预期: [success]
2020-10-09 14:24:54,629 - root - INFO :  = = =  = = =  = = =  = = =  = = =  = = =  = = =  = = = 分割线 = = =  = = =  = = =  = = =  = = =  = = =  = = =  = = = 
2020-10-09 14:24:54,629 - root - INFO : 正在执行Function: program_pageList
2020-10-09 14:24:54,629 - root - INFO : 描述信息: 【银河/广告/广告计划】查询广告计划
2020-10-09 14:24:54,630 - root - INFO : 请求地址: https://galaxy-api-fat.shiguangkey.com/api/galaxy/program/pageList
2020-10-09 14:24:54,630 - root - INFO : 请求方法: [- POST -]
2020-10-09 14:24:54,630 - root - INFO : 请求头部: {'content-type': 'application/x-www-form-urlencoded', 'token': '0x775fb60712f1fa187cc4589af1010a'}
2020-10-09 14:24:54,630 - root - INFO : 请求正文: {'name': '自动化计划80331612', 'isHide': 0, 'pageIndex': 1, 'pageSize': 20, 'gatherType': 1, 'putMode': 1, 'allocInstType': 1}
2020-10-09 14:24:54,961 - root - INFO : 响应消息: {'traceId': '3c7d3012e0ea44ae8536a234b97b2158', 'status': '0', 'msg': 'success', 'data': {'totalItem': 1, 'list': [{'id': 13376, 'oldProgramId': None, 'no': '1000001156245159', 'name': '自动化计划80331612', 'type': 1, 'programName': None, 'subjectName': 'Python', 'subjectId': 282, 'channelName': '微信', 'channelId': 6, 'isImport': None, 'position': None, 'keyword': None, 'areaId': None, 'areaName': None, 'remark': None, 'isNeedCaptch': None, 'state': None, 'adMainId': None, 'channelAgencyAccountId': None, 'accountCode': None, 'adMainAccount': None, 'thirdUrl': None, 'allocInstType': 1, 'receiveDeptId': None, 'receiveDeptIdChain': None, 'isHide': 0, 'isTest': 0, 'creatorDeptId': 8009, 'creatorName': '自动化专用-勿动', 'createTime': 1602224697000, 'putMode': 1, 'updateState': 1}]}}
2020-10-09 14:24:54,961 - root - INFO : 提取变量: [ channelId: 6 ]
2020-10-09 14:24:54,961 - root - INFO : 提取变量: [ putMode: 1 ]
2020-10-09 14:24:54,962 - root - INFO : 提取变量: [ adName: 自动化计划80331612 ]
2020-10-09 14:24:54,962 - root - INFO : 提取变量: [ adId: 13376 ]
2020-10-09 14:24:54,962 - root - INFO : 提取变量: [ type: 1 ]
2020-10-09 14:24:54,962 - root - INFO : 校验类型: [-status], 结果: [Passed], 预期: [0]
2020-10-09 14:24:54,962 - root - INFO : 校验类型: [-msg], 结果: [Passed], 预期: [success]
2020-10-09 14:24:54,962 - root - INFO : 校验类型: [-in]  结果: [Passed]  预期: [name]
2020-10-09 14:24:54,962 - root - INFO :  = = =  = = =  = = =  = = =  = = =  = = =  = = =  = = = 分割线 = = =  = = =  = = =  = = =  = = =  = = =  = = =  = = = 
2020-10-09 14:24:54,962 - root - INFO : 正在执行Function: creativity_save
2020-10-09 14:24:54,964 - root - INFO : 描述信息: 【银河/广告/广告计划】新建广告创意
2020-10-09 14:24:54,964 - root - INFO : 请求地址: https://galaxy-api-fat.shiguangkey.com/api/galaxy/creativity/save
2020-10-09 14:24:54,964 - root - INFO : 请求方法: [- POST -]
2020-10-09 14:24:54,964 - root - INFO : 请求头部: {'content-type': 'application/x-www-form-urlencoded', 'token': '0x775fb60712f1fa187cc4589af1010a'}
2020-10-09 14:24:54,964 - root - INFO : 请求正文: {'name': '自动化创意33386522', 'gatherType': 1, 'isNeedCaptch': 1, 'position': 1, 'type': '1', 'putMode': '1', 'channelId': '6', 'programId': '13376', 'programName': '自动化计划80331612'}
2020-10-09 14:24:55,202 - root - INFO : 响应消息: {'traceId': 'a16c50356ee04d8db7ca08e522bf0d7c', 'status': '0', 'msg': 'success', 'data': {}}
2020-10-09 14:24:55,202 - root - INFO : 校验类型: [-status], 结果: [Passed], 预期: [0]
2020-10-09 14:24:55,202 - root - INFO : 校验类型: [-msg], 结果: [Passed], 预期: [success]
2020-10-09 14:24:55,203 - root - INFO :  = = =  = = =  = = =  = = =  = = =  = = =  = = =  = = = 分割线 = = =  = = =  = = =  = = =  = = =  = = =  = = =  = = = 
2020-10-09 14:24:55,203 - root - INFO : 正在执行Function: creativity_pageList
2020-10-09 14:24:55,203 - root - INFO : 描述信息: 【银河/广告/广告创意】查询广告创意
2020-10-09 14:24:55,203 - root - INFO : 请求地址: https://galaxy-api-fat.shiguangkey.com/api/galaxy/creativity/pageList
2020-10-09 14:24:55,203 - root - INFO : 请求方法: [- POST -]
2020-10-09 14:24:55,203 - root - INFO : 请求头部: {'content-type': 'application/x-www-form-urlencoded', 'token': '0x775fb60712f1fa187cc4589af1010a'}
2020-10-09 14:24:55,203 - root - INFO : 请求正文: {'gatherType': 1, 'programId': '13376', 'isHide': 0, 'pageIndex': 1, 'pageSize': 20}
2020-10-09 14:24:55,540 - root - INFO : 响应消息: {'traceId': '0465c9b7642a4df189887f3687c764fe', 'status': '0', 'msg': 'success', 'data': {'totalItem': 1, 'list': [{'id': 113014, 'oldCreativityId': None, 'oldProgramId': None, 'no': '1d0cea4822dc4f318c3f5dd177de4d1c', 'name': '自动化创意33386522', 'programName': '自动化计划80331612', 'subjectName': 'Python', 'subjectId': 282, 'channelName': '微信', 'channelId': 6, 'isImport': 0, 'position': '1', 'keyword': None, 'areaId': None, 'areaName': None, 'creatorName': '自动化专用-勿动', 'createTime': 1602224697000, 'remark': None, 'isNeedCaptch': 1, 'state': 2, 'adMainId': None, 'channelAgencyAccountId': None, 'accountCode': None, 'adMainAccount': None, 'thirdUrl': None, 'allocInstType': 1, 'receiveDeptId': None, 'receiveDeptIdChain': None, 'isHide': 0, 'isTest': 0, 'creatorDeptId': 8009, 'vector': None, 'customerVectorValue': None, 'followerName': None, 'followerTanzkAccount': None, 'putMode': 1, 'receptionistId': None, 'receptionistName': None, 'receptionistTanzkAccount': None, 'receptionistDeptId': None, 'receptionistDeptIdChain': None, 'creatorDeptIdChain': '1001-8006-8007-8008-8009', 'updateState': 1, 'type': 1, 'programId': 13376, 'promotionTerminal': 1, 'vectorType': None, 'channelQrCode': None, 'channelNumber': None, 'companyWechatId': None, 'vectorId': None, 'vectorName': None}]}}
2020-10-09 14:24:55,541 - root - INFO : 提取变量: [ creativityId: 113014 ]
2020-10-09 14:24:55,542 - root - INFO : 提取变量: [ creativityName: 自动化创意33386522 ]
2020-10-09 14:24:55,542 - root - INFO : 提取变量: [ creativityNo: 1d0cea4822dc4f318c3f5dd177de4d1c ]
2020-10-09 14:24:55,542 - root - INFO : 校验类型: [-status], 结果: [Passed], 预期: [0]
2020-10-09 14:24:55,542 - root - INFO : 校验类型: [-msg], 结果: [Passed], 预期: [success]
2020-10-09 14:24:55,542 - root - INFO :  = = =  = = =  = = =  = = =  = = =  = = =  = = =  = = = 分割线 = = =  = = =  = = =  = = =  = = =  = = =  = = =  = = = 
