2020-10-21 17:31:48,154 - root - INFO : 描述信息: 【潭州平台】获取登录用户 token
2020-10-21 17:31:48,154 - root - INFO : 请求地址: https://open-fat.shiguangkey.com/api/udb/workwechat/auth/login
2020-10-21 17:31:48,154 - root - INFO : 请求方法: [- POST -]
2020-10-21 17:31:48,154 - root - INFO : 请求头部: {'content-type': 'application/x-www-form-urlencoded', 'terminaltype': '4'}
2020-10-21 17:31:48,154 - root - INFO : 请求正文: {'account': 't0383212689', 'password': '4QrcOUm6Wau+VuBX8g+IPg'}
2020-10-21 17:31:48,362 - root - INFO : 响应消息: {'traceId': 'e2083af45bd44516a4bf82371d83067b', 'status': '0', 'msg': 'success', 'data': {'user': {'uid': 19861712, 'mobile': '', 'account': '', 'nickname': '暖和的少女花', 'headImg': 'https://res.shiguangkey.com/res/images/default.png', 'openId': '', 'newRegister': False, 'needBindPhone': False, 'showAccountList': False}, 'token': '0x7705400712f10d088d449e8aaa9285'}}
2020-10-21 17:31:48,363 - root - INFO : 提取变量: [ pttoken: 0x7705400712f10d088d449e8aaa9285 ]
2020-10-21 17:31:48,363 - root - INFO : 校验类型: [-status], 结果: [Passed], 预期: [0]
2020-10-21 17:31:48,363 - root - INFO : 校验类型: [-msg], 结果: [Passed], 预期: [success]
2020-10-21 17:31:48,363 - root - INFO :  = = =  = = =  = = =  = = =  = = =  = = =  = = =  = = = 分割线 = = =  = = =  = = =  = = =  = = =  = = =  = = =  = = = 
2020-10-21 17:32:02,615 - root - INFO : 正在执行Function: program_info_save
2020-10-21 17:32:02,616 - root - INFO : 描述信息: 【银河/广告/广告计划】新增广告计划
2020-10-21 17:32:02,616 - root - INFO : 请求地址: https://galaxy-api-fat.shiguangkey.com/api/galaxy/program/info/save
2020-10-21 17:32:02,616 - root - INFO : 请求方法: [- POST -]
2020-10-21 17:32:02,616 - root - INFO : 请求头部: {'content-type': 'application/json', 'token': '0x7705400712f10d088d449e8aaa9285'}
2020-10-21 17:32:02,617 - root - INFO : 请求正文: {'channelId': 6, 'name': '自动化计划22986863', 'subjectId': '280', 'subjectName': 'Python', 'isTest': 0, 'putMode': 3, 'type': 1, 'gatherType': 3, 'allocInstType': 3, 'channelName': '微信'}
2020-10-21 17:32:02,898 - root - INFO : 响应消息: {'traceId': 'a8605091ecfc42308c8a8072fd19c8b8', 'status': '0', 'msg': 'success', 'data': {}}
2020-10-21 17:32:02,898 - root - INFO : 校验类型: [-status], 结果: [Passed], 预期: [0]
2020-10-21 17:32:02,898 - root - INFO : 校验类型: [-msg], 结果: [Passed], 预期: [success]
2020-10-21 17:32:02,898 - root - INFO :  = = =  = = =  = = =  = = =  = = =  = = =  = = =  = = = 分割线 = = =  = = =  = = =  = = =  = = =  = = =  = = =  = = = 
2020-10-21 17:32:02,898 - root - INFO : 正在执行Function: program_pageList
2020-10-21 17:32:02,898 - root - INFO : 描述信息: 【银河/广告/广告计划】查询广告计划
2020-10-21 17:32:02,899 - root - INFO : 请求地址: https://galaxy-api-fat.shiguangkey.com/api/galaxy/program/pageList
2020-10-21 17:32:02,899 - root - INFO : 请求方法: [- POST -]
2020-10-21 17:32:02,899 - root - INFO : 请求头部: {'content-type': 'application/x-www-form-urlencoded', 'token': '0x7705400712f10d088d449e8aaa9285'}
2020-10-21 17:32:02,899 - root - INFO : 请求正文: {'name': '自动化计划22986863', 'isHide': 0, 'pageIndex': 1, 'pageSize': 20, 'gatherType': 3}
2020-10-21 17:32:03,327 - root - INFO : 响应消息: {'traceId': 'cdb65bcca57644e897d498d3d26f4c19', 'status': '0', 'msg': 'success', 'data': {'totalItem': 1, 'list': [{'id': 14286, 'oldProgramId': None, 'no': 'W1000001137247477', 'name': '自动化计划22986863', 'type': 1, 'programName': None, 'subjectName': 'Python', 'subjectId': 280, 'channelName': '微信', 'channelId': 6, 'isImport': None, 'position': None, 'keyword': None, 'areaId': None, 'areaName': None, 'remark': None, 'isNeedCaptch': None, 'state': None, 'adMainId': None, 'channelAgencyAccountId': None, 'accountCode': None, 'adMainAccount': None, 'thirdUrl': None, 'allocInstType': 3, 'receiveDeptId': None, 'receiveDeptIdChain': None, 'isHide': 0, 'isTest': 0, 'creatorDeptId': 8009, 'creatorName': '暖和的少女花', 'createTime': 1603272723000, 'putMode': 3, 'updateState': 1}]}}
2020-10-21 17:32:03,328 - root - INFO : 提取变量: [ channelId: 6 ]
2020-10-21 17:32:03,328 - root - INFO : 提取变量: [ putMode: 3 ]
2020-10-21 17:32:03,328 - root - INFO : 提取变量: [ adName: 自动化计划22986863 ]
2020-10-21 17:32:03,329 - root - INFO : 提取变量: [ adId: 14286 ]
2020-10-21 17:32:03,329 - root - INFO : 提取变量: [ type: 1 ]
2020-10-21 17:32:03,330 - root - INFO : 提取变量: [ subjectId: 280 ]
2020-10-21 17:32:03,330 - root - INFO : 校验类型: [-status], 结果: [Passed], 预期: [0]
2020-10-21 17:32:03,330 - root - INFO : 校验类型: [-msg], 结果: [Passed], 预期: [success]
2020-10-21 17:32:03,330 - root - INFO : 校验类型: [-in]  结果: [Passed]  预期: [name]
2020-10-21 17:32:03,330 - root - INFO :  = = =  = = =  = = =  = = =  = = =  = = =  = = =  = = = 分割线 = = =  = = =  = = =  = = =  = = =  = = =  = = =  = = = 
2020-10-21 17:32:03,331 - root - INFO : 描述信息: 查询企业微信载体信息
2020-10-21 17:32:03,331 - root - INFO : 请求地址: https://galaxy-api-fat.shiguangkey.com/api/galaxy/creativity/carrier
2020-10-21 17:32:03,331 - root - INFO : 请求方法: [- POST -]
2020-10-21 17:32:03,331 - root - INFO : 请求头部: {'content-type': 'application/x-www-form-urlencoded', 'token': '0x7705400712f10d088d449e8aaa9285'}
2020-10-21 17:32:03,331 - root - INFO : 请求正文: {'vectorType': 3, 'subjectId': '280', 'programId': '14286', 'isEnterpriseWx': 1, 'gatherType': 3, 'vector': '别皱眉'}
2020-10-21 17:32:03,563 - root - INFO : 响应消息: {'traceId': '9017c32107394485aa0b9988b219d730', 'status': '0', 'msg': 'success', 'data': {'list': [{'id': 552, 'carrierNo': '别皱眉', 'companyWechatId': '17444', 'carrierName': '别皱眉', 'followUid': 19861711, 'followName': '丁聪1', 'followNick': '严谨的紫花山柰', 'followTzAccount': 't0335197369', 'belongDepartmentId': 8009, 'belongDepartmentIdChain': '1001-8006-8007-8008-8009', 'receiveDeptName': '潭州教育>自动化测试分公司--勿动>自动化测试群--勿动>自动化测试事业部>自动化测试院'}]}}
2020-10-21 17:32:03,563 - root - INFO : 提取变量: [ zt_id: 552 ]
2020-10-21 17:32:03,563 - root - INFO : 提取变量: [ carrierNo: 别皱眉 ]
2020-10-21 17:32:03,564 - root - INFO : 提取变量: [ carrierName: 别皱眉 ]
2020-10-21 17:32:03,564 - root - INFO : 提取变量: [ companyWechatId: 17444 ]
2020-10-21 17:32:03,564 - root - INFO : 提取变量: [ receiveDeptName: 潭州教育>自动化测试分公司--勿动>自动化测试群--勿动>自动化测试事业部>自动化测试院 ]
2020-10-21 17:32:03,564 - root - INFO : 提取变量: [ followNick: 严谨的紫花山柰 ]
2020-10-21 17:32:03,564 - root - INFO : 提取变量: [ followTzAccount: t0335197369 ]
2020-10-21 17:32:03,565 - root - INFO : 提取变量: [ belongDepartmentId: 8009 ]
2020-10-21 17:32:03,565 - root - INFO : 校验类型: [-status], 结果: [Passed], 预期: [0]
2020-10-21 17:32:03,565 - root - INFO : 校验类型: [-msg], 结果: [Passed], 预期: [success]
2020-10-21 17:32:03,565 - root - INFO :  = = =  = = =  = = =  = = =  = = =  = = =  = = =  = = = 分割线 = = =  = = =  = = =  = = =  = = =  = = =  = = =  = = = 
2020-10-21 17:32:03,565 - root - INFO : 描述信息: 【广告/广告计划/新增创意】创建企业微信广告创意_直线下发，普通投放模式
2020-10-21 17:32:03,565 - root - INFO : 请求地址: https://galaxy-api-fat.shiguangkey.com/api/galaxy/creativity/save
2020-10-21 17:32:03,565 - root - INFO : 请求方法: [- POST -]
2020-10-21 17:32:03,566 - root - INFO : 请求头部: {'content-type': 'application/x-www-form-urlencoded', 'token': '0x7705400712f10d088d449e8aaa9285'}
2020-10-21 17:32:03,566 - root - INFO : 请求正文: {'name': '自动化创意79180344', 'gatherType': 3, 'vector': '别皱眉', 'receiveDeptId': '8009', 'followerTanzkAccount': 't0335197369', 'vectorType': 3, 'receiveDeptName': '潭州教育>自动化测试分公司--勿动>自动化测试群--勿动>自动化测试事业部>自动化测试院', 'companyWechatId': '17444', 'vectorId': '552', 'vectorName': '别皱眉', 'type': 1, 'putMode': 1, 'channelId': 2, 'programId': '14286', 'programName': '自动化计划22986863', 'channelQrCode': 'https://wework.qpic.cn/wwpic/237229_gOWqjeZeS6iPyds_1594782516/0', 'channelNumber': 370}
2020-10-21 17:32:03,811 - root - INFO : 响应消息: {'traceId': '45fb05426b584127bcfdf0db0e9cdf62', 'status': '0', 'msg': 'success', 'data': {}}
2020-10-21 17:32:03,811 - root - INFO : 校验类型: [-status], 结果: [Passed], 预期: [0]
2020-10-21 17:32:03,811 - root - INFO : 校验类型: [-msg], 结果: [Passed], 预期: [success]
2020-10-21 17:32:03,811 - root - INFO :  = = =  = = =  = = =  = = =  = = =  = = =  = = =  = = = 分割线 = = =  = = =  = = =  = = =  = = =  = = =  = = =  = = = 
2020-10-21 17:32:03,812 - root - INFO : 正在执行Function: creativity_pageList
2020-10-21 17:32:03,812 - root - INFO : 描述信息: 【银河/广告/广告创意】查询广告创意
2020-10-21 17:32:03,812 - root - INFO : 请求地址: https://galaxy-api-fat.shiguangkey.com/api/galaxy/creativity/pageList
2020-10-21 17:32:03,812 - root - INFO : 请求方法: [- POST -]
2020-10-21 17:32:03,812 - root - INFO : 请求头部: {'content-type': 'application/x-www-form-urlencoded', 'token': '0x7705400712f10d088d449e8aaa9285'}
2020-10-21 17:32:03,813 - root - INFO : 请求正文: {'gatherType': 3, 'programId': '14286', 'isHide': 0, 'pageIndex': 1, 'pageSize': 20}
2020-10-21 17:32:04,475 - root - INFO : 响应消息: {'traceId': 'da9cb35d8ca9457b99d8c99a3d1a5b22', 'status': '0', 'msg': 'success', 'data': {'totalItem': 1, 'list': [{'id': 114075, 'oldCreativityId': 0, 'oldProgramId': 0, 'no': 'Wb7fbe3bf63ad4bb98d80a2f097fd3255', 'name': '自动化创意79180344', 'programName': '自动化计划22986863', 'subjectName': 'Python', 'subjectId': 280, 'channelName': '微信', 'channelId': 6, 'isImport': 0, 'position': None, 'keyword': None, 'areaId': None, 'areaName': None, 'creatorName': '暖和的少女花', 'createTime': 1603272724000, 'remark': None, 'isNeedCaptch': 0, 'state': 2, 'adMainId': None, 'channelAgencyAccountId': None, 'accountCode': None, 'adMainAccount': None, 'thirdUrl': None, 'allocInstType': 3, 'receiveDeptId': 8009, 'receiveDeptIdChain': '1001-8006-8007-8008-8009', 'isHide': 0, 'isTest': 0, 'creatorDeptId': 8009, 'vector': '别皱眉', 'customerVectorValue': None, 'followerName': '严谨的紫花山柰', 'followerTanzkAccount': 't0335197369', 'putMode': 1, 'receptionistId': None, 'receptionistName': None, 'receptionistTanzkAccount': None, 'receptionistDeptId': None, 'receptionistDeptIdChain': None, 'creatorDeptIdChain': '1001-8006-8007-8008-8009', 'updateState': 1, 'type': 1, 'programId': 14286, 'promotionTerminal': 1, 'vectorType': 3, 'channelQrCode': 'https://wework.qpic.cn/wwpic/237229_gOWqjeZeS6iPyds_1594782516/0', 'channelNumber': 370, 'companyWechatId': 17444, 'vectorId': 552, 'vectorName': '别皱眉'}]}}
2020-10-21 17:32:04,475 - root - INFO : 提取变量: [ creativityId: 114075 ]
2020-10-21 17:32:04,475 - root - INFO : 提取变量: [ creativityName: 自动化创意79180344 ]
2020-10-21 17:32:04,475 - root - INFO : 提取变量: [ creativityNo: Wb7fbe3bf63ad4bb98d80a2f097fd3255 ]
2020-10-21 17:32:04,475 - root - INFO : 校验类型: [-status], 结果: [Passed], 预期: [0]
2020-10-21 17:32:04,476 - root - INFO : 校验类型: [-msg], 结果: [Passed], 预期: [success]
2020-10-21 17:32:04,476 - root - INFO :  = = =  = = =  = = =  = = =  = = =  = = =  = = =  = = = 分割线 = = =  = = =  = = =  = = =  = = =  = = =  = = =  = = = 
2020-10-21 17:35:59,998 - root - INFO : 正在执行Function: program_info_save
2020-10-21 17:35:59,998 - root - INFO : 描述信息: 【银河/广告/广告计划】新增广告计划
2020-10-21 17:35:59,998 - root - INFO : 请求地址: https://galaxy-api-fat.shiguangkey.com/api/galaxy/program/info/save
2020-10-21 17:35:59,999 - root - INFO : 请求方法: [- POST -]
2020-10-21 17:35:59,999 - root - INFO : 请求头部: {'content-type': 'application/json', 'token': '0x7705400712f10d088d449e8aaa9285'}
2020-10-21 17:35:59,999 - root - INFO : 请求正文: {'channelId': 6, 'name': '自动化计划63309355', 'subjectId': '280', 'subjectName': 'Python', 'isTest': 0, 'putMode': 3, 'type': 1, 'gatherType': 3, 'allocInstType': 3, 'channelName': '微信'}
2020-10-21 17:36:00,222 - root - INFO : 响应消息: {'traceId': '2cc218027491474291f72bf0f6bf8f75', 'status': '0', 'msg': 'success', 'data': {}}
2020-10-21 17:36:00,222 - root - INFO : 校验类型: [-status], 结果: [Passed], 预期: [0]
2020-10-21 17:36:00,222 - root - INFO : 校验类型: [-msg], 结果: [Passed], 预期: [success]
2020-10-21 17:36:00,222 - root - INFO :  = = =  = = =  = = =  = = =  = = =  = = =  = = =  = = = 分割线 = = =  = = =  = = =  = = =  = = =  = = =  = = =  = = = 
2020-10-21 17:36:00,222 - root - INFO : 正在执行Function: program_pageList
2020-10-21 17:36:00,223 - root - INFO : 描述信息: 【银河/广告/广告计划】查询广告计划
2020-10-21 17:36:00,223 - root - INFO : 请求地址: https://galaxy-api-fat.shiguangkey.com/api/galaxy/program/pageList
2020-10-21 17:36:00,223 - root - INFO : 请求方法: [- POST -]
2020-10-21 17:36:00,223 - root - INFO : 请求头部: {'content-type': 'application/x-www-form-urlencoded', 'token': '0x7705400712f10d088d449e8aaa9285'}
2020-10-21 17:36:00,223 - root - INFO : 请求正文: {'name': '自动化计划63309355', 'isHide': 0, 'pageIndex': 1, 'pageSize': 20, 'gatherType': 3}
2020-10-21 17:36:00,657 - root - INFO : 响应消息: {'traceId': 'ca2d0f7a1bcf41aeaee517587f6a46e3', 'status': '0', 'msg': 'success', 'data': {'totalItem': 1, 'list': [{'id': 14287, 'oldProgramId': None, 'no': 'W1000001741967899', 'name': '自动化计划63309355', 'type': 1, 'programName': None, 'subjectName': 'Python', 'subjectId': 280, 'channelName': '微信', 'channelId': 6, 'isImport': None, 'position': None, 'keyword': None, 'areaId': None, 'areaName': None, 'remark': None, 'isNeedCaptch': None, 'state': None, 'adMainId': None, 'channelAgencyAccountId': None, 'accountCode': None, 'adMainAccount': None, 'thirdUrl': None, 'allocInstType': 3, 'receiveDeptId': None, 'receiveDeptIdChain': None, 'isHide': 0, 'isTest': 0, 'creatorDeptId': 8009, 'creatorName': '暖和的少女花', 'createTime': 1603272961000, 'putMode': 3, 'updateState': 1}]}}
2020-10-21 17:36:00,658 - root - INFO : 提取变量: [ channelId: 6 ]
2020-10-21 17:36:00,658 - root - INFO : 提取变量: [ putMode: 3 ]
2020-10-21 17:36:00,659 - root - INFO : 提取变量: [ adName: 自动化计划63309355 ]
2020-10-21 17:36:00,659 - root - INFO : 提取变量: [ adId: 14287 ]
2020-10-21 17:36:00,660 - root - INFO : 提取变量: [ type: 1 ]
2020-10-21 17:36:00,660 - root - INFO : 提取变量: [ subjectId: 280 ]
2020-10-21 17:36:00,660 - root - INFO : 校验类型: [-status], 结果: [Passed], 预期: [0]
2020-10-21 17:36:00,660 - root - INFO : 校验类型: [-msg], 结果: [Passed], 预期: [success]
2020-10-21 17:36:00,661 - root - INFO : 校验类型: [-in]  结果: [Passed]  预期: [name]
2020-10-21 17:36:00,661 - root - INFO :  = = =  = = =  = = =  = = =  = = =  = = =  = = =  = = = 分割线 = = =  = = =  = = =  = = =  = = =  = = =  = = =  = = = 
2020-10-21 17:36:00,661 - root - INFO : 描述信息: 查询微信载体信息
2020-10-21 17:36:00,661 - root - INFO : 请求地址: https://galaxy-api-fat.shiguangkey.com/api/galaxy/creativity/carrier
2020-10-21 17:36:00,661 - root - INFO : 请求方法: [- POST -]
2020-10-21 17:36:00,662 - root - INFO : 请求头部: {'content-type': 'application/x-www-form-urlencoded', 'token': '0x7705400712f10d088d449e8aaa9285'}
2020-10-21 17:36:00,662 - root - INFO : 请求正文: {'vectorType': 3, 'subjectId': '280', 'programId': '14287', 'isEnterpriseWx': 0, 'gatherType': 3, 'vector': 'hw_1597826763451'}
2020-10-21 17:36:00,904 - root - INFO : 响应消息: {'traceId': '7d1b9ad8673a47539d0adb8252dad968', 'status': '0', 'msg': 'success', 'data': {'list': [{'id': 627, 'carrierNo': '1597826763451', 'companyWechatId': '', 'carrierName': 'hw_1597826763451', 'followUid': 19861711, 'followName': '丁聪1', 'followNick': '严谨的紫花山柰', 'followTzAccount': 't0335197369', 'belongDepartmentId': 8009, 'belongDepartmentIdChain': '1001-8006-8007-8008-8009', 'receiveDeptName': '潭州教育>自动化测试分公司--勿动>自动化测试群--勿动>自动化测试事业部>自动化测试院'}]}}
2020-10-21 17:36:00,905 - root - INFO : 提取变量: [ zt_id: 627 ]
2020-10-21 17:36:00,905 - root - INFO : 提取变量: [ receiveDeptName: 潭州教育>自动化测试分公司--勿动>自动化测试群--勿动>自动化测试事业部>自动化测试院 ]
2020-10-21 17:36:00,905 - root - INFO : 提取变量: [ followNick: 严谨的紫花山柰 ]
2020-10-21 17:36:00,906 - root - INFO : 提取变量: [ followTzAccount: t0335197369 ]
2020-10-21 17:36:00,906 - root - INFO : 提取变量: [ belongDepartmentId: 8009 ]
2020-10-21 17:36:00,906 - root - INFO : 提取变量: [ carrierNo: 1597826763451 ]
2020-10-21 17:36:00,906 - root - INFO : 提取变量: [ carrierName: hw_1597826763451 ]
2020-10-21 17:36:00,907 - root - INFO : 校验类型: [-status], 结果: [Passed], 预期: [0]
2020-10-21 17:36:00,907 - root - INFO : 校验类型: [-msg], 结果: [Passed], 预期: [success]
2020-10-21 17:36:00,907 - root - INFO :  = = =  = = =  = = =  = = =  = = =  = = =  = = =  = = = 分割线 = = =  = = =  = = =  = = =  = = =  = = =  = = =  = = = 
2020-10-21 17:36:00,907 - root - INFO : 描述信息: 【广告/广告计划/新增创意】创建企业微信广告创意_个人微信
2020-10-21 17:36:00,907 - root - INFO : 请求地址: https://galaxy-api-fat.shiguangkey.com/api/galaxy/creativity/save
2020-10-21 17:36:00,907 - root - INFO : 请求方法: [- POST -]
2020-10-21 17:36:00,908 - root - INFO : 请求头部: {'content-type': 'application/x-www-form-urlencoded', 'token': '0x7705400712f10d088d449e8aaa9285'}
2020-10-21 17:36:00,908 - root - INFO : 请求正文: {'name': '自动化创意30894341', 'gatherType': 3, 'vector': '1597826763451', 'receiveDeptId': '8009', 'followerTanzkAccount': 't0335197369', 'vectorType': 1, 'receiveDeptName': '潭州教育>自动化测试分公司--勿动>自动化测试群--勿动>自动化测试事业部>自动化测试院', 'vectorId': '627', 'vectorName': 'hw_1597826763451', 'type': 1, 'putMode': 1, 'channelId': 7, 'programId': '14287', 'programName': '自动化计划63309355'}
2020-10-21 17:36:01,166 - root - INFO : 响应消息: {'traceId': '08a518087944441fa8a25f916985e215', 'status': '0', 'msg': 'success', 'data': {}}
2020-10-21 17:36:01,166 - root - INFO : 校验类型: [-status], 结果: [Passed], 预期: [0]
2020-10-21 17:36:01,167 - root - INFO : 校验类型: [-msg], 结果: [Passed], 预期: [success]
2020-10-21 17:36:01,168 - root - INFO :  = = =  = = =  = = =  = = =  = = =  = = =  = = =  = = = 分割线 = = =  = = =  = = =  = = =  = = =  = = =  = = =  = = = 
2020-10-21 17:36:01,168 - root - INFO : 正在执行Function: creativity_pageList
2020-10-21 17:36:01,168 - root - INFO : 描述信息: 【银河/广告/广告创意】查询广告创意
2020-10-21 17:36:01,168 - root - INFO : 请求地址: https://galaxy-api-fat.shiguangkey.com/api/galaxy/creativity/pageList
2020-10-21 17:36:01,168 - root - INFO : 请求方法: [- POST -]
2020-10-21 17:36:01,168 - root - INFO : 请求头部: {'content-type': 'application/x-www-form-urlencoded', 'token': '0x7705400712f10d088d449e8aaa9285'}
2020-10-21 17:36:01,169 - root - INFO : 请求正文: {'gatherType': 3, 'programId': '14287', 'isHide': 0, 'pageIndex': 1, 'pageSize': 20}
2020-10-21 17:36:01,809 - root - INFO : 响应消息: {'traceId': 'ff5964c408854a9498d4c5d9dd3408ad', 'status': '0', 'msg': 'success', 'data': {'totalItem': 1, 'list': [{'id': 114076, 'oldCreativityId': 0, 'oldProgramId': 0, 'no': 'W299e6f700d7742e3888906d2259aa43a', 'name': '自动化创意30894341', 'programName': '自动化计划63309355', 'subjectName': 'Python', 'subjectId': 280, 'channelName': '微信', 'channelId': 6, 'isImport': 0, 'position': None, 'keyword': None, 'areaId': None, 'areaName': None, 'creatorName': '暖和的少女花', 'createTime': 1603272962000, 'remark': None, 'isNeedCaptch': 0, 'state': 2, 'adMainId': None, 'channelAgencyAccountId': None, 'accountCode': None, 'adMainAccount': None, 'thirdUrl': None, 'allocInstType': 3, 'receiveDeptId': 8009, 'receiveDeptIdChain': '1001-8006-8007-8008-8009', 'isHide': 0, 'isTest': 0, 'creatorDeptId': 8009, 'vector': '1597826763451', 'customerVectorValue': None, 'followerName': '严谨的紫花山柰', 'followerTanzkAccount': 't0335197369', 'putMode': 1, 'receptionistId': None, 'receptionistName': None, 'receptionistTanzkAccount': None, 'receptionistDeptId': None, 'receptionistDeptIdChain': None, 'creatorDeptIdChain': '1001-8006-8007-8008-8009', 'updateState': 1, 'type': 1, 'programId': 14287, 'promotionTerminal': 1, 'vectorType': 1, 'channelQrCode': None, 'channelNumber': None, 'companyWechatId': None, 'vectorId': 627, 'vectorName': 'hw_1597826763451'}]}}
2020-10-21 17:36:01,809 - root - INFO : 提取变量: [ creativityId: 114076 ]
2020-10-21 17:36:01,810 - root - INFO : 提取变量: [ creativityName: 自动化创意30894341 ]
2020-10-21 17:36:01,810 - root - INFO : 提取变量: [ creativityNo: W299e6f700d7742e3888906d2259aa43a ]
2020-10-21 17:36:01,810 - root - INFO : 校验类型: [-status], 结果: [Passed], 预期: [0]
2020-10-21 17:36:01,811 - root - INFO : 校验类型: [-msg], 结果: [Passed], 预期: [success]
2020-10-21 17:36:01,811 - root - INFO :  = = =  = = =  = = =  = = =  = = =  = = =  = = =  = = = 分割线 = = =  = = =  = = =  = = =  = = =  = = =  = = =  = = = 
2020-10-21 17:41:53,317 - root - INFO : 当前所在Class: Website || 类描述信息: None
2020-10-21 17:41:53,416 - root - INFO : 当前所在Class: Check || 类描述信息: None
2020-10-21 17:41:53,479 - root - INFO : 描述信息: 【银河/广告/广告创意】查询广告创意
2020-10-21 17:41:53,480 - root - INFO : 请求地址: https://galaxy-api-fat.shiguangkey.com/api/galaxy/creativity/pageList
2020-10-21 17:41:53,480 - root - INFO : 请求方法: [- POST -]
2020-10-21 17:41:53,480 - root - INFO : 请求头部: {'content-type': 'application/x-www-form-urlencoded', 'token': '0x7705400712f10d088d449e8aaa9285'}
2020-10-21 17:41:53,480 - root - INFO : 请求正文: {'gatherType': 1, 'id': '114070', 'isHide': 0, 'pageIndex': 1, 'pageSize': 20}
2020-10-21 17:41:53,768 - root - INFO : 响应消息: {'traceId': 'b36faa50129c469491f00a50277d2c88', 'status': '0', 'msg': 'success', 'data': {'totalItem': 1, 'list': [{'id': 114070, 'oldCreativityId': None, 'oldProgramId': None, 'no': '5e2588b9892b424e8f481ea3ece1f0c1', 'name': '自动化创意47454750', 'programName': '自动化计划28259831', 'subjectName': 'Python', 'subjectId': 282, 'channelName': '微信', 'channelId': 6, 'isImport': 0, 'position': '1', 'keyword': None, 'areaId': None, 'areaName': None, 'creatorName': '暖和的少女花', 'createTime': 1603267382000, 'remark': None, 'isNeedCaptch': 1, 'state': 2, 'adMainId': None, 'channelAgencyAccountId': None, 'accountCode': None, 'adMainAccount': None, 'thirdUrl': None, 'allocInstType': 1, 'receiveDeptId': None, 'receiveDeptIdChain': None, 'isHide': 0, 'isTest': 0, 'creatorDeptId': 8009, 'vector': None, 'customerVectorValue': None, 'followerName': None, 'followerTanzkAccount': None, 'putMode': 1, 'receptionistId': None, 'receptionistName': None, 'receptionistTanzkAccount': None, 'receptionistDeptId': None, 'receptionistDeptIdChain': None, 'creatorDeptIdChain': '1001-8006-8007-8008-8009', 'updateState': 0, 'type': 1, 'programId': 14272, 'promotionTerminal': 1, 'vectorType': None, 'channelQrCode': None, 'channelNumber': None, 'companyWechatId': None, 'vectorId': None, 'vectorName': None}]}}
2020-10-21 17:41:53,769 - root - INFO : 提取变量: [ creativityId: 114070 ]
2020-10-21 17:41:53,769 - root - INFO : 提取变量: [ creativityName: 自动化创意47454750 ]
2020-10-21 17:41:53,770 - root - INFO : 提取变量: [ creativityNo: 5e2588b9892b424e8f481ea3ece1f0c1 ]
2020-10-21 17:41:53,770 - root - INFO : 提取变量: [ adName: 自动化计划28259831 ]
2020-10-21 17:41:53,770 - root - INFO : 校验类型: [-status], 结果: [Passed], 预期: [0]
2020-10-21 17:41:53,771 - root - INFO : 校验类型: [-msg], 结果: [Passed], 预期: [success]
2020-10-21 17:41:53,771 - root - INFO :  = = =  = = =  = = =  = = =  = = =  = = =  = = =  = = = 分割线 = = =  = = =  = = =  = = =  = = =  = = =  = = =  = = = 
2020-10-21 17:41:53,771 - root - INFO : 正在执行Function: landing_page_crt
2020-10-21 17:41:53,771 - root - INFO : 正在执行Function: create_website_pay
2020-10-21 17:41:53,771 - root - INFO : 描述信息: 【银河/工具/落地页工具】新建落地页-一键支付
2020-10-21 17:41:53,772 - root - INFO : 请求地址: https://luban-api-fat.shiguangkey.com/website-edit-api/website/create_website
2020-10-21 17:41:53,772 - root - INFO : 请求方法: [- POST -]
2020-10-21 17:41:53,772 - root - INFO : 请求头部: {'content-type': 'application/json', 'token': '0x7705400712f10d088d449e8aaa9285'}
2020-10-21 17:41:53,773 - root - INFO : 请求正文: {'name': '自动化落地页37527402', 'goodsId': '416', 'previewUrl': 'https://fat-huawei-media.shiguangkey.com/kcmry3ec1go5l9l', 'isRecommendApp': False, 'submitType': 3, 'isSmsVerify': 1, 'websiteType': 1, 'adCreateType': 1, 'websiteWechatType': 1, 'bgColor': '', 'bgImage': '', 'version': '2.0.0', 'compReqs': [{'compJson': '{"id":"kcmrxf4afj4414j","type":19,"width":375,"height":70,"isFixed":true,"goodsName":"python公开课视频课","goodsId":416,"priceText":0.01,"priceOrigin":0.01,"priceTextColor":"#FF0363","priceTextSize":28,"tipText":"前100名活动限时价","tipTextColor":"#666666","tipTextSize":11,"buttonText":"立即购买","buttonTextColor":"#FFFFFF","buttonTextSize":18,"buttonBg":"#FF0363","isOneKey":true,"y":0}', 'fileIds': [], 'scene': 1, 'type': 19}, {'compJson': '{"id":"kcmrxf7pawt8u71","type":24,"width":375,"height":257,"goodsName":"python公开课视频课","goodsId":0,"goodsDesc":null,"goodsCover":"https://res.shiguangkey.com/file/201811/07/20181107094126190210027.png","priceText":0.01,"priceOrigin":0.01,"phoneNo":"130XXXXXXXX","payNo":"D000000000000000000","isPay":true,"y":0}', 'fileIds': [], 'scene': 2, 'type': 24}, {'compJson': '{"id":"kcmrxf7pltcazu2","type":13,"width":375,"height":136,"text":"上课须知\\n1.本产品为特价活动课程，一经购买，概不退款，请谅解；\\n2.课程购买成功后，老师会在24小时以内通过电话、微信或短信的方式联系您，请保持联系方式畅通。","fontSize":12,"fontWeight":"normal","fontStyle":"normal","textDecoration":"none","opacity":100,"textAlign":"left","letterSpacing":0,"lineHeight":2,"placeholder":"请输入文本内容","color":"#999999","y":257}', 'fileIds': [], 'scene': 2, 'type': 13}, {'compJson': '{"id":"kcmrxf7oqv0p0pw","type":3,"width":375,"height":176,"required":true,"value":"","title":"手机 (已加密)","placeholder":"请输入手机号码","unique":true,"validate":true,"layout":1,"phoneCodeType":0,"codeTextColor":"#FFFFFF","codeTextSize":15,"codeBgColor":"#1855FB","isAbroad":false,"y":0}', 'fileIds': [], 'scene': 3, 'type': 3}, {'compJson': '{"id":"kcmrxf7pxhahryk","type":24,"width":375,"height":218,"goodsName":"python公开课视频课","goodsId":0,"goodsDesc":null,"goodsCover":"https://res.shiguangkey.com/file/201811/07/20181107094126190210027.png","priceText":0.01,"priceOrigin":0.01,"phoneNo":"130XXXXXXXX","payNo":"D000000000000000000","y":176}', 'fileIds': [], 'scene': 3, 'type': 24}, {'compJson': '{"id":"kcmrxf7pwj33r33","type":23,"width":339,"height":71,"buttonHeight":45,"text":"确认支付 ￥0.01","textColor":"#FFFFFF","textSize":18,"borderColor":"#FF0363","borderWidth":2,"borderRadius":4,"bgColor":"#FF0363","isDownloadApp":false,"isFixed":true,"y":394}', 'fileIds': [], 'scene': 3, 'type': 23}]}
2020-10-21 17:41:54,012 - root - INFO : 响应消息: {'status': 0, 'msg': 'success', 'traceId': 'af7be06a53d04acd8e9a1ca627e4e3e3', 'data': {'code': '1318849988298940417', 'id': 9110}}
2020-10-21 17:41:54,012 - root - INFO : 提取变量: [ websiteId: 9110 ]
2020-10-21 17:41:54,012 - root - INFO : 校验类型: [-status], 结果: [Passed], 预期: [0]
2020-10-21 17:41:54,012 - root - INFO : 校验类型: [-msg], 结果: [Passed], 预期: [success]
2020-10-21 17:41:54,012 - root - INFO :  = = =  = = =  = = =  = = =  = = =  = = =  = = =  = = = 分割线 = = =  = = =  = = =  = = =  = = =  = = =  = = =  = = = 
2020-10-21 17:41:54,013 - root - INFO : 正在执行Function: publish_website
2020-10-21 17:41:54,013 - root - INFO : 描述信息: 【银河/工具/落地页工具】发布落地页
2020-10-21 17:41:54,013 - root - INFO : 请求地址: https://luban-api-fat.shiguangkey.com/website-edit-api/website/publish_website
2020-10-21 17:41:54,013 - root - INFO : 请求方法: [- POST -]
2020-10-21 17:41:54,013 - root - INFO : 请求头部: {'content-type': 'application/json', 'token': '0x7705400712f10d088d449e8aaa9285'}
2020-10-21 17:41:54,014 - root - INFO : 请求正文: {'websiteId': '9110'}
2020-10-21 17:41:54,195 - root - INFO : 响应消息: {'status': 0, 'msg': '落地页发布成功', 'traceId': '094dc4a10ae84e1eafc90c3a8cc3d5b4', 'data': None}
2020-10-21 17:41:54,196 - root - INFO : 校验类型: [-status], 结果: [Passed], 预期: [0]
2020-10-21 17:41:54,196 - root - INFO : 校验类型: [-msg], 结果: [Passed], 预期: [落地页发布成功]
2020-10-21 17:41:54,196 - root - INFO :  = = =  = = =  = = =  = = =  = = =  = = =  = = =  = = = 分割线 = = =  = = =  = = =  = = =  = = =  = = =  = = =  = = = 
2020-10-21 17:41:54,196 - root - INFO : 正在执行Function: association_creativity
2020-10-21 17:41:54,198 - root - INFO : 描述信息: 【银河/工具/落地页工具】生成链接
2020-10-21 17:41:54,198 - root - INFO : 请求地址: https://luban-api-fat.shiguangkey.com/website-edit-api/website_link/association_creativity
2020-10-21 17:41:54,198 - root - INFO : 请求方法: [- POST -]
2020-10-21 17:41:54,198 - root - INFO : 请求头部: {'content-type': 'application/json', 'token': '0x7705400712f10d088d449e8aaa9285'}
2020-10-21 17:41:54,198 - root - INFO : 请求正文: {'websiteId': '9110', 'title': '自动化落地页37527402', 'releaseChannel': 3, 'putPlanNames': ['自动化计划28259831'], 'adType': 1, 'adPlan': '自动化计划28259831', 'channel': '微信', 'channelId': 6, 'subject': 'Python', 'subjectId': 282, 'baseReqs': [{'adCreativity': '自动化创意47454750', 'adNo': '5e2588b9892b424e8f481ea3ece1f0c1', 'creativityId': '114070'}], 'accountId': 'wx359bdedd5d18907a', 'domain': 'https://mz-fat.tanzhouedu.com'}
2020-10-21 17:41:54,431 - root - INFO : 响应消息: {'status': 0, 'msg': 'success', 'traceId': '9faf35e5c8264283958a7b6ec150e576', 'data': [{'putPlanName': '自动化计划28259831', 'creativityCode': '9c287cba52f0c7bb'}]}
2020-10-21 17:41:54,431 - root - INFO : 提取变量: [ creativityCode: 9c287cba52f0c7bb ]
2020-10-21 17:41:54,431 - root - INFO : 校验类型: [-status], 结果: [Passed], 预期: [0]
2020-10-21 17:41:54,431 - root - INFO : 校验类型: [-msg], 结果: [Passed], 预期: [success]
2020-10-21 17:41:54,431 - root - INFO : 校验类型: [-in]  结果: [Passed]  预期: [creativityCode]
2020-10-21 17:41:54,431 - root - INFO :  = = =  = = =  = = =  = = =  = = =  = = =  = = =  = = = 分割线 = = =  = = =  = = =  = = =  = = =  = = =  = = =  = = = 
2020-10-21 17:41:54,432 - root - INFO : 正在执行Function: list_landing_page
2020-10-21 17:41:54,432 - root - INFO : 描述信息: 【银河/工具/落地页工具】落地页数据查询
2020-10-21 17:41:54,432 - root - INFO : 请求地址: https://luban-api-fat.shiguangkey.com/website-edit-api/website_link/list_creativity
2020-10-21 17:41:54,432 - root - INFO : 请求方法: [- POST -]
2020-10-21 17:41:54,432 - root - INFO : 请求头部: {'content-type': 'application/json', 'token': '0x7705400712f10d088d449e8aaa9285'}
2020-10-21 17:41:54,432 - root - INFO : 请求正文: {'websiteCode': '', 'creativityCode': '', 'adNo': '', 'isTest': '', 'channelCode': '', 'subjectId': '', 'putMode': '', 'websiteName': '自动化落地页37527402', 'submitStartTime': '2020-10-21 00:00:00', 'submitEndTime': '2020-10-21 23:59:59', 'pageNo': 1, 'pageSize': 10, 'websiteType': 1}
2020-10-21 17:41:55,164 - root - INFO : 响应消息: {'status': 0, 'msg': 'success', 'traceId': '64279c6ba01a43548fe1ef99414198ef', 'data': {'totalPage': 1, 'rows': [{'websiteLinkId': 8519, 'websiteName': '自动化落地页37527402', 'previewUrl': 'https://fat-huawei-media.shiguangkey.com/kcmry3ec1go5l9l', 'adNo': '5e2588b9892b424e8f481ea3ece1f0c1', 'creativityId': 114070, 'putPlanName': '自动化计划28259831', 'websiteCode': '1318849988298940417', 'websiteId': 9110, 'promoter': '暖和的少女花', 'publishTime': '2020-10-21 17:41:55', 'updatedAt': 1603273315000, 'channel': '微信', 'subject': 'Python', 'putMode': None, 'creativityCode': '9c287cba52f0c7bb', 'creativityStat': {'creativityCode': '9c287cba52f0c7bb', 'pageView': 0, 'uniqueVisitor': 0, 'conversionRate': 0, 'orderNum': 0, 'formSubmitNum': 0, 'clickNum': 0, 'adultNum': 0, 'minorNum': 0, 'avgLoadTime': 0, 'downloadNum': 0, 'noCustomerGrown': None, 'noCustomerChild': None, 'cpc': None, 'noLeaningRepeatGrown': None, 'noLeaningRepeatChild': None, 'noLeaning': None}, 'websiteType': 1, 'transferType': 0, 'isTest': None, 'receiveDeptName': None, 'allocInstType': None, 'isDisable': 0, 'releaseChannel': 3, 'url': 'https://mz-fat.tanzhouedu.com?s=9c287cba52f0c7bb', 'customerNum': None, 'userId': 637}], 'totalCount': 1, 'pageNo': 1, 'pageSize': 10, 'currentPageSize': 1}}
2020-10-21 17:41:55,165 - root - INFO : 提取变量: [ adNo: 5e2588b9892b424e8f481ea3ece1f0c1 ]
2020-10-21 17:41:55,165 - root - INFO : 提取变量: [ websiteCode: 1318849988298940417 ]
2020-10-21 17:41:55,166 - root - INFO : 提取变量: [ websiteLinkId: 8519 ]
2020-10-21 17:41:55,166 - root - INFO : 提取变量: [ url: https://mz-fat.tanzhouedu.com?s=9c287cba52f0c7bb ]
2020-10-21 17:41:55,166 - root - INFO : 校验类型: [-status], 结果: [Passed], 预期: [0]
2020-10-21 17:41:55,166 - root - INFO : 校验类型: [-msg], 结果: [Passed], 预期: [success]
2020-10-21 17:41:55,166 - root - INFO :  = = =  = = =  = = =  = = =  = = =  = = =  = = =  = = = 分割线 = = =  = = =  = = =  = = =  = = =  = = =  = = =  = = = 
2020-10-21 17:42:59,589 - root - INFO : 当前所在Class: Website || 类描述信息: None
2020-10-21 17:42:59,687 - root - INFO : 当前所在Class: Check || 类描述信息: None
2020-10-21 17:42:59,859 - root - INFO : 描述信息: 【广告/广告创意/微信流量】获取创意ID(工具使用)
2020-10-21 17:42:59,859 - root - INFO : 请求地址: https://galaxy-api-fat.shiguangkey.com/api/galaxy/creativity/pageList
2020-10-21 17:42:59,859 - root - INFO : 请求方法: [- POST -]
2020-10-21 17:42:59,859 - root - INFO : 请求头部: {'content-type': 'application/x-www-form-urlencoded', 'token': '0x7705400712f10d088d449e8aaa9285'}
2020-10-21 17:42:59,860 - root - INFO : 请求正文: {'id': None, 'isHide': 0, 'gatherType': 3, 'pageIndex': 1, 'pageSize': 20}
2020-10-21 17:43:00,652 - root - INFO : 响应消息: {'traceId': 'e5ea414ff7d149e995943a04606063c5', 'status': '0', 'msg': 'success', 'data': {'totalItem': 362, 'list': [{'id': 114076, 'oldCreativityId': 0, 'oldProgramId': 0, 'no': 'W299e6f700d7742e3888906d2259aa43a', 'name': '自动化创意30894341', 'programName': '自动化计划63309355', 'subjectName': 'Python', 'subjectId': 280, 'channelName': '微信', 'channelId': 6, 'isImport': 0, 'position': None, 'keyword': None, 'areaId': None, 'areaName': None, 'creatorName': '暖和的少女花', 'createTime': 1603272962000, 'remark': None, 'isNeedCaptch': 0, 'state': 2, 'adMainId': None, 'channelAgencyAccountId': None, 'accountCode': None, 'adMainAccount': None, 'thirdUrl': None, 'allocInstType': 3, 'receiveDeptId': 8009, 'receiveDeptIdChain': '1001-8006-8007-8008-8009', 'isHide': 0, 'isTest': 0, 'creatorDeptId': 8009, 'vector': '1597826763451', 'customerVectorValue': None, 'followerName': '严谨的紫花山柰', 'followerTanzkAccount': 't0335197369', 'putMode': 1, 'receptionistId': None, 'receptionistName': None, 'receptionistTanzkAccount': None, 'receptionistDeptId': None, 'receptionistDeptIdChain': None, 'creatorDeptIdChain': '1001-8006-8007-8008-8009', 'updateState': 1, 'type': 1, 'programId': 14287, 'promotionTerminal': 1, 'vectorType': 1, 'channelQrCode': None, 'channelNumber': None, 'companyWechatId': None, 'vectorId': 627, 'vectorName': 'hw_1597826763451'}, {'id': 114075, 'oldCreativityId': 0, 'oldProgramId': 0, 'no': 'Wb7fbe3bf63ad4bb98d80a2f097fd3255', 'name': '自动化创意79180344', 'programName': '自动化计划22986863', 'subjectName': 'Python', 'subjectId': 280, 'channelName': '微信', 'channelId': 6, 'isImport': 0, 'position': None, 'keyword': None, 'areaId': None, 'areaName': None, 'creatorName': '暖和的少女花', 'createTime': 1603272724000, 'remark': None, 'isNeedCaptch': 0, 'state': 2, 'adMainId': None, 'channelAgencyAccountId': None, 'accountCode': None, 'adMainAccount': None, 'thirdUrl': None, 'allocInstType': 3, 'receiveDeptId': 8009, 'receiveDeptIdChain': '1001-8006-8007-8008-8009', 'isHide': 0, 'isTest': 0, 'creatorDeptId': 8009, 'vector': '别皱眉', 'customerVectorValue': None, 'followerName': '严谨的紫花山柰', 'followerTanzkAccount': 't0335197369', 'putMode': 1, 'receptionistId': None, 'receptionistName': None, 'receptionistTanzkAccount': None, 'receptionistDeptId': None, 'receptionistDeptIdChain': None, 'creatorDeptIdChain': '1001-8006-8007-8008-8009', 'updateState': 1, 'type': 1, 'programId': 14286, 'promotionTerminal': 1, 'vectorType': 3, 'channelQrCode': 'https://wework.qpic.cn/wwpic/237229_gOWqjeZeS6iPyds_1594782516/0', 'channelNumber': 370, 'companyWechatId': 17444, 'vectorId': 552, 'vectorName': '别皱眉'}, {'id': 114074, 'oldCreativityId': 0, 'oldProgramId': 0, 'no': 'Wac885321712a4de7b89311a82b435ad5', 'name': '自动化创意15506887', 'programName': '自动化计划72165805', 'subjectName': 'Python', 'subjectId': 280, 'channelName': '微信', 'channelId': 6, 'isImport': 0, 'position': None, 'keyword': None, 'areaId': None, 'areaName': None, 'creatorName': '暖和的少女花', 'createTime': 1603272611000, 'remark': None, 'isNeedCaptch': 0, 'state': 2, 'adMainId': None, 'channelAgencyAccountId': None, 'accountCode': None, 'adMainAccount': None, 'thirdUrl': None, 'allocInstType': 3, 'receiveDeptId': 8009, 'receiveDeptIdChain': '1001-8006-8007-8008-8009', 'isHide': 0, 'isTest': 0, 'creatorDeptId': 8009, 'vector': '别皱眉', 'customerVectorValue': None, 'followerName': '严谨的紫花山柰', 'followerTanzkAccount': 't0335197369', 'putMode': 1, 'receptionistId': None, 'receptionistName': None, 'receptionistTanzkAccount': None, 'receptionistDeptId': None, 'receptionistDeptIdChain': None, 'creatorDeptIdChain': '1001-8006-8007-8008-8009', 'updateState': 1, 'type': 1, 'programId': 14285, 'promotionTerminal': 1, 'vectorType': 3, 'channelQrCode': 'https://wework.qpic.cn/wwpic/237229_gOWqjeZeS6iPyds_1594782516/0', 'channelNumber': 370, 'companyWechatId': 17444, 'vectorId': 552, 'vectorName': '别皱眉'}, {'id': 114073, 'oldCreativityId': 0, 'oldProgramId': 0, 'no': 'W00fb37bae56c4b68ae08bd7d591dede9', 'name': '自动化创意64617275', 'programName': '自动化计划12259908', 'subjectName': 'Python', 'subjectId': 280, 'channelName': '微信', 'channelId': 6, 'isImport': 0, 'position': None, 'keyword': None, 'areaId': None, 'areaName': None, 'creatorName': '暖和的少女花', 'createTime': 1603272540000, 'remark': None, 'isNeedCaptch': 0, 'state': 2, 'adMainId': None, 'channelAgencyAccountId': None, 'accountCode': None, 'adMainAccount': None, 'thirdUrl': None, 'allocInstType': 3, 'receiveDeptId': 8009, 'receiveDeptIdChain': '1001-8006-8007-8008-8009', 'isHide': 0, 'isTest': 0, 'creatorDeptId': 8009, 'vector': '别皱眉', 'customerVectorValue': None, 'followerName': '严谨的紫花山柰', 'followerTanzkAccount': 't0335197369', 'putMode': 1, 'receptionistId': None, 'receptionistName': None, 'receptionistTanzkAccount': None, 'receptionistDeptId': None, 'receptionistDeptIdChain': None, 'creatorDeptIdChain': '1001-8006-8007-8008-8009', 'updateState': 1, 'type': 1, 'programId': 14284, 'promotionTerminal': 1, 'vectorType': 3, 'channelQrCode': 'https://wework.qpic.cn/wwpic/237229_gOWqjeZeS6iPyds_1594782516/0', 'channelNumber': 370, 'companyWechatId': 17444, 'vectorId': 552, 'vectorName': '别皱眉'}, {'id': 114067, 'oldCreativityId': 0, 'oldProgramId': 0, 'no': 'W04cbc2b9887849ceb1acfed5c4bae126', 'name': '自动化创意15701442', 'programName': '自动化计划06262815', 'subjectName': 'Python', 'subjectId': 282, 'channelName': '微信', 'channelId': 6, 'isImport': 0, 'position': None, 'keyword': None, 'areaId': None, 'areaName': None, 'creatorName': '自动化专用-勿动', 'createTime': 1603262582000, 'remark': None, 'isNeedCaptch': 0, 'state': 2, 'adMainId': None, 'channelAgencyAccountId': None, 'accountCode': None, 'adMainAccount': None, 'thirdUrl': None, 'allocInstType': 1, 'receiveDeptId': 8009, 'receiveDeptIdChain': '1001-8006-8007-8008-8009', 'isHide': 0, 'isTest': 0, 'creatorDeptId': 8009, 'vector': 'Jones', 'customerVectorValue': None, 'followerName': '精彩的鲀鱼', 'followerTanzkAccount': 't0385252771', 'putMode': 1, 'receptionistId': None, 'receptionistName': None, 'receptionistTanzkAccount': None, 'receptionistDeptId': None, 'receptionistDeptIdChain': None, 'creatorDeptIdChain': '1001-8006-8007-8008-8009', 'updateState': 1, 'type': 1, 'programId': 14269, 'promotionTerminal': 1, 'vectorType': 3, 'channelQrCode': 'https://wework.qpic.cn/wwpic/237229_gOWqjeZeS6iPyds_1594782516/0', 'channelNumber': 370, 'companyWechatId': 35140, 'vectorId': 870, 'vectorName': 'Jones'}, {'id': 114066, 'oldCreativityId': 0, 'oldProgramId': 0, 'no': 'Wcc44c04104954f939e39a97a0c2659d9', 'name': '自动化创意12038213', 'programName': '自动化计划07332449', 'subjectName': 'Python', 'subjectId': 282, 'channelName': '微信', 'channelId': 6, 'isImport': 0, 'position': None, 'keyword': None, 'areaId': None, 'areaName': None, 'creatorName': '自动化专用-勿动', 'createTime': 1603262416000, 'remark': None, 'isNeedCaptch': 0, 'state': 2, 'adMainId': None, 'channelAgencyAccountId': None, 'accountCode': None, 'adMainAccount': None, 'thirdUrl': None, 'allocInstType': 1, 'receiveDeptId': 8009, 'receiveDeptIdChain': '1001-8006-8007-8008-8009', 'isHide': 0, 'isTest': 0, 'creatorDeptId': 8009, 'vector': 'Jones', 'customerVectorValue': None, 'followerName': '精彩的鲀鱼', 'followerTanzkAccount': 't0385252771', 'putMode': 1, 'receptionistId': None, 'receptionistName': None, 'receptionistTanzkAccount': None, 'receptionistDeptId': None, 'receptionistDeptIdChain': None, 'creatorDeptIdChain': '1001-8006-8007-8008-8009', 'updateState': 1, 'type': 1, 'programId': 14268, 'promotionTerminal': 1, 'vectorType': 3, 'channelQrCode': 'https://wework.qpic.cn/wwpic/237229_gOWqjeZeS6iPyds_1594782516/0', 'channelNumber': 370, 'companyWechatId': 35140, 'vectorId': 870, 'vectorName': 'Jones'}, {'id': 114065, 'oldCreativityId': 0, 'oldProgramId': 0, 'no': 'W00bd64bd3d3e4fa6b077d6dc64ea1c3d', 'name': '自动化创意87752267', 'programName': '自动化计划58765067', 'subjectName': 'Python', 'subjectId': 282, 'channelName': '微信', 'channelId': 6, 'isImport': 0, 'position': None, 'keyword': None, 'areaId': None, 'areaName': None, 'creatorName': '自动化专用-勿动', 'createTime': 1603262376000, 'remark': None, 'isNeedCaptch': 0, 'state': 2, 'adMainId': None, 'channelAgencyAccountId': None, 'accountCode': None, 'adMainAccount': None, 'thirdUrl': None, 'allocInstType': 1, 'receiveDeptId': 4572, 'receiveDeptIdChain': '1001-2001-4569-4570-4571-4572', 'isHide': 0, 'isTest': 0, 'creatorDeptId': 8009, 'vector': '18672013107', 'customerVectorValue': None, 'followerName': 'KIMI的售前院负责人', 'followerTanzkAccount': 'm13807380006', 'putMode': 1, 'receptionistId': None, 'receptionistName': None, 'receptionistTanzkAccount': None, 'receptionistDeptId': None, 'receptionistDeptIdChain': None, 'creatorDeptIdChain': '1001-8006-8007-8008-8009', 'updateState': 1, 'type': 1, 'programId': 14266, 'promotionTerminal': 1, 'vectorType': 1, 'channelQrCode': None, 'channelNumber': None, 'companyWechatId': None, 'vectorId': 865, 'vectorName': '自动化测试载体'}, {'id': 114064, 'oldCreativityId': 0, 'oldProgramId': 0, 'no': 'W5207b0e4936c4630987b186387697410', 'name': 'assd', 'programName': '1021cx', 'subjectName': 'Python', 'subjectId': 282, 'channelName': '知乎', 'channelId': 4, 'isImport': 0, 'position': None, 'keyword': None, 'areaId': None, 'areaName': None, 'creatorName': '自动化专用-勿动', 'createTime': 1603261204000, 'remark': None, 'isNeedCaptch': 0, 'state': 2, 'adMainId': None, 'channelAgencyAccountId': None, 'accountCode': None, 'adMainAccount': None, 'thirdUrl': None, 'allocInstType': 3, 'receiveDeptId': 8009, 'receiveDeptIdChain': '1001-8006-8007-8008-8009', 'isHide': 0, 'isTest': 0, 'creatorDeptId': 8009, 'vector': 'Jones', 'customerVectorValue': None, 'followerName': '精彩的鲀鱼', 'followerTanzkAccount': 't0385252771', 'putMode': 1, 'receptionistId': None, 'receptionistName': None, 'receptionistTanzkAccount': None, 'receptionistDeptId': None, 'receptionistDeptIdChain': None, 'creatorDeptIdChain': '1001-8006-8007-8008-8009', 'updateState': 1, 'type': 1, 'programId': 14262, 'promotionTerminal': 1, 'vectorType': 3, 'channelQrCode': 'https://wework.qpic.cn/wwpic/38032_bOFarlkQSyaVhH__1603261204/0', 'channelNumber': 627, 'companyWechatId': 35140, 'vectorId': 870, 'vectorName': 'Jones'}, {'id': 114063, 'oldCreativityId': 0, 'oldProgramId': 0, 'no': 'W618ac9ff172241a7ab511f1772d18816', 'name': '1021cy', 'programName': '1021cx', 'subjectName': 'Python', 'subjectId': 282, 'channelName': '知乎', 'channelId': 4, 'isImport': 0, 'position': None, 'keyword': None, 'areaId': None, 'areaName': None, 'creatorName': '自动化专用-勿动', 'createTime': 1603260277000, 'remark': None, 'isNeedCaptch': 0, 'state': 2, 'adMainId': None, 'channelAgencyAccountId': None, 'accountCode': None, 'adMainAccount': None, 'thirdUrl': None, 'allocInstType': 3, 'receiveDeptId': 4572, 'receiveDeptIdChain': '1001-2001-4569-4570-4571-4572', 'isHide': 0, 'isTest': 0, 'creatorDeptId': 8009, 'vector': '18672013107', 'customerVectorValue': None, 'followerName': 'KIMI的售前院负责人', 'followerTanzkAccount': 'm13807380006', 'putMode': 1, 'receptionistId': None, 'receptionistName': None, 'receptionistTanzkAccount': None, 'receptionistDeptId': None, 'receptionistDeptIdChain': None, 'creatorDeptIdChain': '1001-8006-8007-8008-8009', 'updateState': 1, 'type': 1, 'programId': 14262, 'promotionTerminal': 1, 'vectorType': 1, 'channelQrCode': None, 'channelNumber': None, 'companyWechatId': None, 'vectorId': 865, 'vectorName': '自动化测试载体'}, {'id': 114057, 'oldCreativityId': 0, 'oldProgramId': 0, 'no': 'W4ad4aa286f2c4e9099ec0a2147107368', 'name': '自动化计划36282425', 'programName': '自动化计划36282425', 'subjectName': 'PHP', 'subjectId': 280, 'channelName': '百度信息流', 'channelId': 7, 'isImport': 0, 'position': None, 'keyword': None, 'areaId': None, 'areaName': None, 'creatorName': '自动化专用-勿动', 'createTime': 1603242733000, 'remark': None, 'isNeedCaptch': 0, 'state': 2, 'adMainId': None, 'channelAgencyAccountId': None, 'accountCode': None, 'adMainAccount': None, 'thirdUrl': None, 'allocInstType': 2, 'receiveDeptId': 4572, 'receiveDeptIdChain': None, 'isHide': 0, 'isTest': 1, 'creatorDeptId': 8009, 'vector': 'xy3467708161', 'customerVectorValue': None, 'followerName': None, 'followerTanzkAccount': 'm13807380006', 'putMode': 1, 'receptionistId': None, 'receptionistName': None, 'receptionistTanzkAccount': None, 'receptionistDeptId': None, 'receptionistDeptIdChain': None, 'creatorDeptIdChain': '1001-8006-8007-8008-8009', 'updateState': 1, 'type': 1, 'programId': 14257, 'promotionTerminal': 1, 'vectorType': 1, 'channelQrCode': None, 'channelNumber': None, 'companyWechatId': None, 'vectorId': 309, 'vectorName': '【勿删】自动化载体'}, {'id': 114056, 'oldCreativityId': 0, 'oldProgramId': 0, 'no': 'W5a18516acdd944ce83f3e88e6f1c1d36', 'name': '自动化计划55337397', 'programName': '自动化计划55337397', 'subjectName': 'PHP', 'subjectId': 280, 'channelName': '知乎', 'channelId': 4, 'isImport': 0, 'position': None, 'keyword': None, 'areaId': None, 'areaName': None, 'creatorName': '自动化专用-勿动', 'createTime': 1603242731000, 'remark': None, 'isNeedCaptch': 0, 'state': 2, 'adMainId': None, 'channelAgencyAccountId': None, 'accountCode': None, 'adMainAccount': None, 'thirdUrl': None, 'allocInstType': 3, 'receiveDeptId': 4572, 'receiveDeptIdChain': '1001-2001-4569-4570-4571-4572', 'isHide': 0, 'isTest': 0, 'creatorDeptId': 8009, 'vector': 'xy3467708161', 'customerVectorValue': None, 'followerName': 'KIMI的售前院负责人', 'followerTanzkAccount': 'm13807380006', 'putMode': 1, 'receptionistId': None, 'receptionistName': None, 'receptionistTanzkAccount': None, 'receptionistDeptId': None, 'receptionistDeptIdChain': None, 'creatorDeptIdChain': '1001-8006-8007-8008-8009', 'updateState': 1, 'type': 1, 'programId': 14256, 'promotionTerminal': 1, 'vectorType': 1, 'channelQrCode': None, 'channelNumber': None, 'companyWechatId': None, 'vectorId': 309, 'vectorName': '【勿删】自动化载体'}, {'id': 114055, 'oldCreativityId': 0, 'oldProgramId': 0, 'no': 'Wb2c611f2f69b45d38f8d04e9c8b9ad42', 'name': '自动化计划23138964', 'programName': '自动化计划23138964', 'subjectName': 'PHP', 'subjectId': 280, 'channelName': '百度信息流', 'channelId': 7, 'isImport': 0, 'position': None, 'keyword': None, 'areaId': None, 'areaName': None, 'creatorName': '自动化专用-勿动', 'createTime': 1603242729000, 'remark': None, 'isNeedCaptch': 0, 'state': 2, 'adMainId': None, 'channelAgencyAccountId': None, 'accountCode': None, 'adMainAccount': None, 'thirdUrl': None, 'allocInstType': 3, 'receiveDeptId': 4572, 'receiveDeptIdChain': '1001-2001-4569-4570-4571-4572', 'isHide': 0, 'isTest': 0, 'creatorDeptId': 8009, 'vector': 'xy3467708161', 'customerVectorValue': None, 'followerName': 'KIMI的售前院负责人', 'followerTanzkAccount': 'm13807380006', 'putMode': 1, 'receptionistId': None, 'receptionistName': None, 'receptionistTanzkAccount': None, 'receptionistDeptId': None, 'receptionistDeptIdChain': None, 'creatorDeptIdChain': '1001-8006-8007-8008-8009', 'updateState': 1, 'type': 1, 'programId': 14255, 'promotionTerminal': 1, 'vectorType': 1, 'channelQrCode': None, 'channelNumber': None, 'companyWechatId': None, 'vectorId': 309, 'vectorName': '【勿删】自动化载体'}, {'id': 114054, 'oldCreativityId': 0, 'oldProgramId': 0, 'no': 'Wba262b5ccc53481dbbd120efae5287f4', 'name': '自动化计划03400524', 'programName': '自动化计划03400524', 'subjectName': 'PHP', 'subjectId': 280, 'channelName': '百度信息流', 'channelId': 7, 'isImport': 0, 'position': None, 'keyword': None, 'areaId': None, 'areaName': None, 'creatorName': '自动化专用-勿动', 'createTime': 1603242726000, 'remark': None, 'isNeedCaptch': 0, 'state': 2, 'adMainId': None, 'channelAgencyAccountId': None, 'accountCode': None, 'adMainAccount': None, 'thirdUrl': None, 'allocInstType': 2, 'receiveDeptId': 4572, 'receiveDeptIdChain': None, 'isHide': 0, 'isTest': 1, 'creatorDeptId': 8009, 'vector': 'xy3467708161', 'customerVectorValue': None, 'followerName': None, 'followerTanzkAccount': 'm13807380006', 'putMode': 1, 'receptionistId': None, 'receptionistName': None, 'receptionistTanzkAccount': None, 'receptionistDeptId': None, 'receptionistDeptIdChain': None, 'creatorDeptIdChain': '1001-8006-8007-8008-8009', 'updateState': 1, 'type': 1, 'programId': 14254, 'promotionTerminal': 1, 'vectorType': 1, 'channelQrCode': None, 'channelNumber': None, 'companyWechatId': None, 'vectorId': 309, 'vectorName': '【勿删】自动化载体'}, {'id': 114053, 'oldCreativityId': 0, 'oldProgramId': 0, 'no': 'Wefdd6fbdf3f4412995a14e001220cf7b', 'name': '自动化计划72261552', 'programName': '自动化计划72261552', 'subjectName': 'PHP', 'subjectId': 280, 'channelName': '知乎', 'channelId': 4, 'isImport': 0, 'position': None, 'keyword': None, 'areaId': None, 'areaName': None, 'creatorName': '自动化专用-勿动', 'createTime': 1603242724000, 'remark': None, 'isNeedCaptch': 0, 'state': 2, 'adMainId': None, 'channelAgencyAccountId': None, 'accountCode': None, 'adMainAccount': None, 'thirdUrl': None, 'allocInstType': 3, 'receiveDeptId': 4572, 'receiveDeptIdChain': '1001-2001-4569-4570-4571-4572', 'isHide': 0, 'isTest': 0, 'creatorDeptId': 8009, 'vector': 'xy3467708161', 'customerVectorValue': None, 'followerName': 'KIMI的售前院负责人', 'followerTanzkAccount': 'm13807380006', 'putMode': 1, 'receptionistId': None, 'receptionistName': None, 'receptionistTanzkAccount': None, 'receptionistDeptId': None, 'receptionistDeptIdChain': None, 'creatorDeptIdChain': '1001-8006-8007-8008-8009', 'updateState': 1, 'type': 1, 'programId': 14253, 'promotionTerminal': 1, 'vectorType': 1, 'channelQrCode': None, 'channelNumber': None, 'companyWechatId': None, 'vectorId': 309, 'vectorName': '【勿删】自动化载体'}, {'id': 114032, 'oldCreativityId': 0, 'oldProgramId': 0, 'no': 'W3eb4f12bdd7446bd8ee7aed34896f809', 'name': '自动化创意43186488', 'programName': '自动化计划62446020', 'subjectName': 'PHP', 'subjectId': 280, 'channelName': '知乎', 'channelId': 4, 'isImport': 0, 'position': None, 'keyword': None, 'areaId': None, 'areaName': None, 'creatorName': '自动化专用-勿动', 'createTime': 1603242664000, 'remark': None, 'isNeedCaptch': 0, 'state': 2, 'adMainId': None, 'channelAgencyAccountId': None, 'accountCode': None, 'adMainAccount': None, 'thirdUrl': None, 'allocInstType': 3, 'receiveDeptId': 8009, 'receiveDeptIdChain': '1001-8006-8007-8008-8009', 'isHide': 0, 'isTest': 0, 'creatorDeptId': 8009, 'vector': 'Jones', 'customerVectorValue': None, 'followerName': '精彩的鲀鱼', 'followerTanzkAccount': 't0385252771', 'putMode': 1, 'receptionistId': None, 'receptionistName': None, 'receptionistTanzkAccount': None, 'receptionistDeptId': None, 'receptionistDeptIdChain': None, 'creatorDeptIdChain': '1001-8006-8007-8008-8009', 'updateState': 1, 'type': 1, 'programId': 14232, 'promotionTerminal': 1, 'vectorType': 3, 'channelQrCode': 'https://wework.qpic.cn/wwpic/237229_gOWqjeZeS6iPyds_1594782516/0', 'channelNumber': 370, 'companyWechatId': 35140, 'vectorId': 852, 'vectorName': 'Jones'}, {'id': 114031, 'oldCreativityId': 0, 'oldProgramId': 0, 'no': 'W33b7653e53074a7ab88643f68758cd7a', 'name': '自动化创意43152438', 'programName': '自动化计划92206045', 'subjectName': 'PHP', 'subjectId': 280, 'channelName': '知乎', 'channelId': 4, 'isImport': 0, 'position': None, 'keyword': None, 'areaId': None, 'areaName': None, 'creatorName': '自动化专用-勿动', 'createTime': 1603242661000, 'remark': None, 'isNeedCaptch': 0, 'state': 2, 'adMainId': None, 'channelAgencyAccountId': None, 'accountCode': None, 'adMainAccount': None, 'thirdUrl': None, 'allocInstType': 3, 'receiveDeptId': 8009, 'receiveDeptIdChain': '1001-8006-8007-8008-8009', 'isHide': 0, 'isTest': 0, 'creatorDeptId': 8009, 'vector': 'Jones', 'customerVectorValue': None, 'followerName': '精彩的鲀鱼', 'followerTanzkAccount': 't0385252771', 'putMode': 1, 'receptionistId': None, 'receptionistName': None, 'receptionistTanzkAccount': None, 'receptionistDeptId': None, 'receptionistDeptIdChain': None, 'creatorDeptIdChain': '1001-8006-8007-8008-8009', 'updateState': 1, 'type': 1, 'programId': 14231, 'promotionTerminal': 1, 'vectorType': 3, 'channelQrCode': 'https://wework.qpic.cn/wwpic/237229_gOWqjeZeS6iPyds_1594782516/0', 'channelNumber': 370, 'companyWechatId': 35140, 'vectorId': 852, 'vectorName': 'Jones'}, {'id': 114030, 'oldCreativityId': 0, 'oldProgramId': 0, 'no': 'W9a8eaea4309d4493a2ebe7bc21f64f79', 'name': '自动化创意65908389', 'programName': '自动化计划13440398', 'subjectName': 'PHP', 'subjectId': 280, 'channelName': '百度信息流', 'channelId': 7, 'isImport': 0, 'position': None, 'keyword': None, 'areaId': None, 'areaName': None, 'creatorName': '自动化专用-勿动', 'createTime': 1603242659000, 'remark': None, 'isNeedCaptch': 0, 'state': 2, 'adMainId': None, 'channelAgencyAccountId': None, 'accountCode': None, 'adMainAccount': None, 'thirdUrl': None, 'allocInstType': 3, 'receiveDeptId': 8009, 'receiveDeptIdChain': '1001-8006-8007-8008-8009', 'isHide': 0, 'isTest': 0, 'creatorDeptId': 8009, 'vector': 'Jones', 'customerVectorValue': None, 'followerName': '精彩的鲀鱼', 'followerTanzkAccount': 't0385252771', 'putMode': 1, 'receptionistId': None, 'receptionistName': None, 'receptionistTanzkAccount': None, 'receptionistDeptId': None, 'receptionistDeptIdChain': None, 'creatorDeptIdChain': '1001-8006-8007-8008-8009', 'updateState': 1, 'type': 1, 'programId': 14230, 'promotionTerminal': 1, 'vectorType': 3, 'channelQrCode': 'https://wework.qpic.cn/wwpic/237229_gOWqjeZeS6iPyds_1594782516/0', 'channelNumber': 370, 'companyWechatId': 35140, 'vectorId': 852, 'vectorName': 'Jones'}, {'id': 114029, 'oldCreativityId': 0, 'oldProgramId': 0, 'no': 'Wcfdd7f228c6c41efad03e58018b7bd2e', 'name': '自动化创意98201068', 'programName': '自动化计划30254473', 'subjectName': 'PHP', 'subjectId': 280, 'channelName': '百度信息流', 'channelId': 7, 'isImport': 0, 'position': None, 'keyword': None, 'areaId': None, 'areaName': None, 'creatorName': '自动化专用-勿动', 'createTime': 1603242657000, 'remark': None, 'isNeedCaptch': 0, 'state': 2, 'adMainId': None, 'channelAgencyAccountId': None, 'accountCode': None, 'adMainAccount': None, 'thirdUrl': None, 'allocInstType': 2, 'receiveDeptId': 8009, 'receiveDeptIdChain': None, 'isHide': 0, 'isTest': 1, 'creatorDeptId': 8009, 'vector': 'Jones', 'customerVectorValue': None, 'followerName': None, 'followerTanzkAccount': 't0385252771', 'putMode': 1, 'receptionistId': None, 'receptionistName': None, 'receptionistTanzkAccount': None, 'receptionistDeptId': None, 'receptionistDeptIdChain': None, 'creatorDeptIdChain': '1001-8006-8007-8008-8009', 'updateState': 1, 'type': 1, 'programId': 14229, 'promotionTerminal': 1, 'vectorType': 3, 'channelQrCode': 'https://wework.qpic.cn/wwpic/237229_gOWqjeZeS6iPyds_1594782516/0', 'channelNumber': 370, 'companyWechatId': 35140, 'vectorId': 852, 'vectorName': 'Jones'}, {'id': 114028, 'oldCreativityId': 0, 'oldProgramId': 0, 'no': 'W4390b07dd89c4e299981dd72296eac22', 'name': '自动化创意86594295', 'programName': '自动化计划60948434', 'subjectName': 'PHP', 'subjectId': 280, 'channelName': '知乎', 'channelId': 4, 'isImport': 0, 'position': None, 'keyword': None, 'areaId': None, 'areaName': None, 'creatorName': '自动化专用-勿动', 'createTime': 1603242655000, 'remark': None, 'isNeedCaptch': 0, 'state': 2, 'adMainId': None, 'channelAgencyAccountId': None, 'accountCode': None, 'adMainAccount': None, 'thirdUrl': None, 'allocInstType': 3, 'receiveDeptId': 8009, 'receiveDeptIdChain': '1001-8006-8007-8008-8009', 'isHide': 0, 'isTest': 0, 'creatorDeptId': 8009, 'vector': 'Jones', 'customerVectorValue': None, 'followerName': '精彩的鲀鱼', 'followerTanzkAccount': 't0385252771', 'putMode': 1, 'receptionistId': None, 'receptionistName': None, 'receptionistTanzkAccount': None, 'receptionistDeptId': None, 'receptionistDeptIdChain': None, 'creatorDeptIdChain': '1001-8006-8007-8008-8009', 'updateState': 1, 'type': 1, 'programId': 14228, 'promotionTerminal': 1, 'vectorType': 3, 'channelQrCode': 'https://wework.qpic.cn/wwpic/237229_gOWqjeZeS6iPyds_1594782516/0', 'channelNumber': 370, 'companyWechatId': 35140, 'vectorId': 852, 'vectorName': 'Jones'}, {'id': 114027, 'oldCreativityId': 0, 'oldProgramId': 0, 'no': 'W6c0c5e93a9674d6ca7d72dd55a512879', 'name': '79078696', 'programName': '自动化计划10422502', 'subjectName': 'Python', 'subjectId': 282, 'channelName': '微信', 'channelId': 7, 'isImport': 0, 'position': None, 'keyword': None, 'areaId': None, 'areaName': None, 'creatorName': '自动化专用-勿动', 'createTime': 1603242625000, 'remark': '123', 'isNeedCaptch': 0, 'state': 2, 'adMainId': None, 'channelAgencyAccountId': None, 'accountCode': None, 'adMainAccount': None, 'thirdUrl': None, 'allocInstType': 1, 'receiveDeptId': 4572, 'receiveDeptIdChain': '1001-2001-4569-4570-4571-4572', 'isHide': 0, 'isTest': 0, 'creatorDeptId': 8009, 'vector': '13881425670', 'customerVectorValue': None, 'followerName': 'KIMI的售前院负责人', 'followerTanzkAccount': 'm13807380006', 'putMode': 1, 'receptionistId': None, 'receptionistName': None, 'receptionistTanzkAccount': None, 'receptionistDeptId': None, 'receptionistDeptIdChain': None, 'creatorDeptIdChain': '1001-8006-8007-8008-8009', 'updateState': 1, 'type': 1, 'programId': 14224, 'promotionTerminal': 1, 'vectorType': 1, 'channelQrCode': None, 'channelNumber': None, 'companyWechatId': None, 'vectorId': 557, 'vectorName': '自动化测试载体'}]}}
2020-10-21 17:43:00,657 - root - INFO : 提取变量: [ creativityId: 114076 ]
2020-10-21 17:43:00,662 - root - INFO : 提取变量: [ creativityNo: W299e6f700d7742e3888906d2259aa43a ]
2020-10-21 17:43:00,666 - root - INFO : 提取变量: [ vectorName: hw_1597826763451 ]
2020-10-21 17:43:00,670 - root - INFO : 提取变量: [ vectorId: 627 ]
2020-10-21 17:43:00,674 - root - INFO : 提取变量: [ vector: 1597826763451 ]
2020-10-21 17:43:00,678 - root - INFO : 提取变量: [ channelNumber: None ]
2020-10-21 17:43:00,682 - root - INFO : 提取变量: [ programName: 自动化计划63309355 ]
2020-10-21 17:43:00,686 - root - INFO : 提取变量: [ newName: 自动化创意30894341 ]
2020-10-21 17:43:00,691 - root - INFO : 提取变量: [ position: None ]
2020-10-21 17:43:00,695 - root - INFO : 提取变量: [ remark: None ]
2020-10-21 17:43:00,696 - root - INFO : 校验类型: [-status], 结果: [Passed], 预期: [0]
2020-10-21 17:43:00,696 - root - INFO : 校验类型: [-msg], 结果: [Passed], 预期: [success]
2020-10-21 17:43:00,696 - root - INFO :  = = =  = = =  = = =  = = =  = = =  = = =  = = =  = = = 分割线 = = =  = = =  = = =  = = =  = = =  = = =  = = =  = = = 
2020-10-21 17:43:00,698 - root - INFO : 描述信息: 【工具/落地页工具/新建落地页/手动】生成二维码，保存(工具使用)
2020-10-21 17:43:00,698 - root - INFO : 请求地址: https://luban-api-fat.shiguangkey.com/website-edit-api/website/create_website
2020-10-21 17:43:00,698 - root - INFO : 请求方法: [- POST -]
2020-10-21 17:43:00,699 - root - INFO : 请求头部: {'content-type': 'application/json', 'token': '0x7705400712f10d088d449e8aaa9285'}
2020-10-21 17:43:00,699 - root - INFO : 请求正文: {'name': '落地页-48984096', 'goodsId': '416', 'previewUrl': 'https://fat-huawei-media.shiguangkey.com/kfgggwadl35zu6j', 'isRecommendApp': False, 'submitType': 0, 'wechatReqs': [{'imageUrl': 'https://wework.qpic.cn/wwpic/960110_J5MXkoF2T4KA13J_1600930134/0', 'wechat': '1597826763451', 'wechatChangeTime': 50, 'creativityId': '114076', 'creativityNo': 'W299e6f700d7742e3888906d2259aa43a', 'limitClickNum': 100, 'isWehub': False, 'isCarrier': True, 'channelNumber': 584, 'carrierId': '627'}], 'isSmsVerify': 0, 'pageMode': 1, 'websiteType': 2, 'adCreateType': 1, 'websiteWechatType': 2, 'bgColor': '', 'bgImage': '', 'version': '2.3.0', 'compReqs': [{'compJson': '{"id":"kfgggj37c3bv3yc","type":15,"wechatList":[{"imageUrl":"https://wework.qpic.cn/wwpic/960110_J5MXkoF2T4KA13J_1600930134/0", "wechat":"Jones","wechatChangeTime":50,"creativityId":114076,"creativityNo":W299e6f700d7742e3888906d2259aa43a, "creativityName":"自动化创意99929084","limitClickNum":100,"carrierName":"Abbey","isWehub":false,"isCarrier":true, "channelId":7,"channelNumber":371,"carrierId":296,"disabledCarrier":true,"disabled":false,"deleted":false}], "width":375,"height":375,"y":0}', 'fileIds': [], 'scene': 1, 'type': 15}]}
2020-10-21 17:43:00,921 - root - INFO : 响应消息: {'status': 0, 'msg': 'success', 'traceId': '7b48ff51e27e447f9e163c37a0401fdc', 'data': {'code': '1318850268981764098', 'id': 9112}}
2020-10-21 17:43:00,921 - root - INFO : 提取变量: [ websiteId: 9112 ]
2020-10-21 17:43:00,921 - root - INFO : 校验类型: [-status], 结果: [Passed], 预期: [0]
2020-10-21 17:43:00,921 - root - INFO : 校验类型: [-msg], 结果: [Passed], 预期: [success]
2020-10-21 17:43:00,922 - root - INFO :  = = =  = = =  = = =  = = =  = = =  = = =  = = =  = = = 分割线 = = =  = = =  = = =  = = =  = = =  = = =  = = =  = = = 
