2020-10-21 17:18:11,442 - root - INFO : 描述信息: 【潭州平台】获取登录用户 token
2020-10-21 17:18:11,443 - root - INFO : 请求地址: https://open-fat.shiguangkey.com/api/udb/workwechat/auth/login
2020-10-21 17:18:11,443 - root - INFO : 请求方法: [- POST -]
2020-10-21 17:18:11,443 - root - INFO : 请求头部: {'content-type': 'application/x-www-form-urlencoded', 'terminaltype': '4'}
2020-10-21 17:18:11,443 - root - INFO : 请求正文: {'account': 't0384223793', 'password': '4QrcOUm6Wau+VuBX8g+IPg'}
2020-10-21 17:18:11,602 - root - INFO : 响应消息: {'traceId': '0c1132aeb6564a94977b900f603fe344', 'status': '0', 'msg': 'success', 'data': {'user': {'uid': 19862099, 'mobile': '', 'account': '', 'nickname': '日常的阿魏', 'headImg': 'https://res.shiguangkey.com/res/images/default.png', 'openId': '', 'newRegister': False, 'needBindPhone': False, 'showAccountList': False}, 'token': '0x774f560712f1253a92f4f7d9495050'}}
2020-10-21 17:18:11,603 - root - INFO : 提取变量: [ pttoken: 0x774f560712f1253a92f4f7d9495050 ]
2020-10-21 17:18:11,603 - root - INFO : 校验类型: [-status], 结果: [Passed], 预期: [0]
2020-10-21 17:18:11,604 - root - INFO : 校验类型: [-msg], 结果: [Passed], 预期: [success]
2020-10-21 17:18:11,604 - root - INFO :  = = =  = = =  = = =  = = =  = = =  = = =  = = =  = = = 分割线 = = =  = = =  = = =  = = =  = = =  = = =  = = =  = = = 
2020-10-21 17:18:29,790 - root - INFO : 描述信息: 【潭州平台】获取登录用户 token
2020-10-21 17:18:29,791 - root - INFO : 请求地址: https://open-fat.shiguangkey.com/api/udb/workwechat/auth/login
2020-10-21 17:18:29,791 - root - INFO : 请求方法: [- POST -]
2020-10-21 17:18:29,791 - root - INFO : 请求头部: {'content-type': 'application/x-www-form-urlencoded', 'terminaltype': '4'}
2020-10-21 17:18:29,792 - root - INFO : 请求正文: {'account': 't0384223793', 'password': '4QrcOUm6Wau+VuBX8g+IPg'}
2020-10-21 17:18:29,948 - root - INFO : 响应消息: {'traceId': 'b0bfb2663f5a4f288fb6ba9ac6d7e531', 'status': '0', 'msg': 'success', 'data': {'user': {'uid': 19862099, 'mobile': '', 'account': '', 'nickname': '日常的阿魏', 'headImg': 'https://res.shiguangkey.com/res/images/default.png', 'openId': '', 'newRegister': False, 'needBindPhone': False, 'showAccountList': False}, 'token': '0x7786010712f125395334a0491f2a8d'}}
2020-10-21 17:18:29,949 - root - INFO : 提取变量: [ pttoken: 0x7786010712f125395334a0491f2a8d ]
2020-10-21 17:18:29,949 - root - INFO : 校验类型: [-status], 结果: [Passed], 预期: [0]
2020-10-21 17:18:29,949 - root - INFO : 校验类型: [-msg], 结果: [Passed], 预期: [success]
2020-10-21 17:18:29,949 - root - INFO :  = = =  = = =  = = =  = = =  = = =  = = =  = = =  = = = 分割线 = = =  = = =  = = =  = = =  = = =  = = =  = = =  = = = 
2020-10-21 17:18:29,949 - root - INFO : 正在执行Function: program_info_save
2020-10-21 17:18:29,950 - root - INFO : 描述信息: 【银河/广告/广告计划】新增广告计划
2020-10-21 17:18:29,950 - root - INFO : 请求地址: https://galaxy-api-fat.shiguangkey.com/api/galaxy/program/info/save
2020-10-21 17:18:29,950 - root - INFO : 请求方法: [- POST -]
2020-10-21 17:18:29,950 - root - INFO : 请求头部: {'content-type': 'application/json', 'token': '0x7786010712f125395334a0491f2a8d'}
2020-10-21 17:18:29,951 - root - INFO : 请求正文: {'channelId': 6, 'name': '自动化计划29237197', 'subjectId': '280', 'subjectName': 'Python', 'isTest': 0, 'putMode': 3, 'type': 1, 'gatherType': 3, 'allocInstType': 3, 'channelName': '微信'}
