2020-09-03 15:42:38,727 - root - INFO : 描述信息: 【潭州平台】获取登录用户 token
2020-09-03 15:42:38,727 - root - INFO : 请求地址: https://open-fat.shiguangkey.com/api/udb/workwechat/auth/login
2020-09-03 15:42:38,727 - root - INFO : 请求方法: [- POST -]
2020-09-03 15:42:38,727 - root - INFO : 请求头部: {'content-type': 'application/x-www-form-urlencoded', 'terminaltype': '4', 'user-agent': 'Mozilla/5.0 (Windows NT 10.0; Win64; x64) AppleWebKit/537.36 (KHTML, like Gecko) Chrome/80.0.3987.106 Safari/537.36', 'Connection': 'close', 'keep-alive': 'False'}
2020-09-03 15:42:38,728 - root - INFO : 请求正文: {'account': 't0384223793', 'password': '4QrcOUm6Wau+VuBX8g+IPg'}
2020-09-03 15:42:38,866 - root - INFO : 响应消息: {'traceId': 'cf48e694e84140bcb94cd14bd68e729a', 'status': '0', 'msg': 'success', 'data': {'user': {'uid': 19862099, 'mobile': '', 'account': '', 'nickname': '日常的阿魏', 'headImg': 'https://res.shiguangkey.com/res/images/default.png', 'openId': '', 'newRegister': False, 'needBindPhone': False, 'showAccountList': False}, 'token': '0x770f010712f125312ea4fcfac0c0b6'}}
2020-09-03 15:42:38,866 - root - INFO : 提取变量: [ pttoken: 0x770f010712f125312ea4fcfac0c0b6 ]
2020-09-03 15:42:38,867 - root - INFO : 校验类型: [-status], 结果: [Passed], 预期: [0]
2020-09-03 15:42:38,867 - root - INFO : 校验类型: [-msg], 结果: [Passed], 预期: [success]
2020-09-03 15:42:38,867 - root - INFO :  = = =  = = =  = = =  = = =  = = =  = = =  = = =  = = = 分割线 = = =  = = =  = = =  = = =  = = =  = = =  = = =  = = = 
2020-09-03 15:42:38,873 - root - INFO : 描述信息: 【潭州平台】获取登录用户 token
2020-09-03 15:42:38,874 - root - INFO : 请求地址: https://open-fat.shiguangkey.com/api/udb/workwechat/auth/login
2020-09-03 15:42:38,874 - root - INFO : 请求方法: [- POST -]
2020-09-03 15:42:38,874 - root - INFO : 请求头部: {'content-type': 'application/x-www-form-urlencoded', 'terminaltype': '4', 'user-agent': 'Mozilla/5.0 (Windows NT 10.0; Win64; x64) AppleWebKit/537.36 (KHTML, like Gecko) Chrome/80.0.3987.106 Safari/537.36', 'Connection': 'close', 'keep-alive': 'False'}
2020-09-03 15:42:38,874 - root - INFO : 请求正文: {'account': 't0384223793', 'password': '4QrcOUm6Wau+VuBX8g+IPg'}
2020-09-03 15:42:39,027 - root - INFO : 响应消息: {'traceId': '257cc2f575874a08a5f97577dc8f4a03', 'status': '0', 'msg': 'success', 'data': {'user': {'uid': 19862099, 'mobile': '', 'account': '', 'nickname': '日常的阿魏', 'headImg': 'https://res.shiguangkey.com/res/images/default.png', 'openId': '', 'newRegister': False, 'needBindPhone': False, 'showAccountList': False}, 'token': '0x7721830712f12532cc6461b88cf0cd'}}
2020-09-03 15:42:39,027 - root - INFO : 提取变量: [ pttoken: 0x7721830712f12532cc6461b88cf0cd ]
2020-09-03 15:42:39,028 - root - INFO : 校验类型: [-status], 结果: [Passed], 预期: [0]
2020-09-03 15:42:39,028 - root - INFO : 校验类型: [-msg], 结果: [Passed], 预期: [success]
2020-09-03 15:42:39,028 - root - INFO :  = = =  = = =  = = =  = = =  = = =  = = =  = = =  = = = 分割线 = = =  = = =  = = =  = = =  = = =  = = =  = = =  = = = 
2020-09-03 15:42:39,040 - root - INFO : 描述信息: 【潭州平台】获取登录用户 token
2020-09-03 15:42:39,040 - root - INFO : 请求地址: https://open-fat.shiguangkey.com/api/udb/workwechat/auth/login
2020-09-03 15:42:39,041 - root - INFO : 请求方法: [- POST -]
2020-09-03 15:42:39,041 - root - INFO : 请求头部: {'content-type': 'application/x-www-form-urlencoded', 'terminaltype': '4', 'user-agent': 'Mozilla/5.0 (Windows NT 10.0; Win64; x64) AppleWebKit/537.36 (KHTML, like Gecko) Chrome/80.0.3987.106 Safari/537.36', 'Connection': 'close', 'keep-alive': 'False'}
2020-09-03 15:42:39,041 - root - INFO : 请求正文: {'account': 't0384223793', 'password': '4QrcOUm6Wau+VuBX8g+IPg'}
2020-09-03 15:42:39,191 - root - INFO : 响应消息: {'traceId': '74e6e0ecc53b4327b8922a0bfce8a267', 'status': '0', 'msg': 'success', 'data': {'user': {'uid': 19862099, 'mobile': '', 'account': '', 'nickname': '日常的阿魏', 'headImg': 'https://res.shiguangkey.com/res/images/default.png', 'openId': '', 'newRegister': False, 'needBindPhone': False, 'showAccountList': False}, 'token': '0x77cf6a0712f12532725443284daf70'}}
2020-09-03 15:42:39,202 - root - INFO : 提取变量: [ pttoken: 0x77cf6a0712f12532725443284daf70 ]
2020-09-03 15:42:39,202 - root - INFO : 校验类型: [-status], 结果: [Passed], 预期: [0]
2020-09-03 15:42:39,202 - root - INFO : 校验类型: [-msg], 结果: [Passed], 预期: [success]
2020-09-03 15:42:39,202 - root - INFO :  = = =  = = =  = = =  = = =  = = =  = = =  = = =  = = = 分割线 = = =  = = =  = = =  = = =  = = =  = = =  = = =  = = = 
2020-09-03 15:42:39,204 - root - INFO : 当前运行Case: test_del_flow_cost_mgt
2020-09-03 15:42:39,204 - root - INFO : 正在执行Function: test_del_flow_cost_mgt
2020-09-03 15:42:39,205 - root - INFO : 正在执行Function: flow_cost_mgt_save
2020-09-03 15:42:39,205 - root - INFO : 描述信息: 【预算/流量成本管理/新增流量成本】
2020-09-03 15:42:39,205 - root - INFO : 请求地址: https://galaxy-api-fat.shiguangkey.com/api/galaxy/flow/cost/manage/save
2020-09-03 15:42:39,205 - root - INFO : 请求方法: [- POST -]
2020-09-03 15:42:39,205 - root - INFO : 请求头部: {'content-type': 'application/x-www-form-urlencoded', 'token': '0x77cf6a0712f12532725443284daf70', 'x-dept-id-chain': '1001-8006-8007-8008-8009', 'user-agent': 'Mozilla/5.0 (Windows NT 10.0; Win64; x64) AppleWebKit/537.36 (KHTML, like Gecko) Chrome/80.0.3987.106 Safari/537.36', 'Connection': 'close', 'keep-alive': 'False'}
2020-09-03 15:42:39,205 - root - INFO : 请求正文: {'costMonth': 1601481600000, 'promotionerDeptIdChain': '1001-8006-8007-8008-8009', 'subjectId': '373', 'channelId': 4, 'gatherType': 3, 'putMode': 1, 'lastMonthLaunchNumber': 10000, 'lastMonthCashConsume': 1000, 'lastMonthSupplyTotal': 10000, 'lastMonthCost': 100, 'lastMonthDayAverageSupply': 1600, 'sameMonthDayAverageSupply': 10000, 'sameMonthDayAverageIncrement': 100, 'sameMonthCost': 1000, 'sameMonthDayConsume': 100, 'sameMonthSupply': 10000, 'sameMonthCashConsume': 1000, 'promotionerDeptName': '潭州教育>自动化测试分公司--勿动>自动化测试群--勿动>自动化测试事业部>自动化测试院', 'subjectName': 'SEM', 'channelName': '知乎'}
2020-09-03 15:42:39,458 - root - INFO : 响应消息: {'traceId': '4113488b2e0f4b7ca5b8a8297af690d2', 'status': '0', 'msg': 'success', 'data': {}}
2020-09-03 15:42:39,458 - root - INFO : 校验类型: [-status], 结果: [Passed], 预期: [0]
2020-09-03 15:42:39,458 - root - INFO : 校验类型: [-msg], 结果: [Passed], 预期: [success]
2020-09-03 15:42:39,459 - root - INFO :  = = =  = = =  = = =  = = =  = = =  = = =  = = =  = = = 分割线 = = =  = = =  = = =  = = =  = = =  = = =  = = =  = = = 
