2020-10-20 20:03:12,919 - root - INFO : 描述信息: 【潭州平台】获取登录用户 token
2020-10-20 20:03:12,919 - root - INFO : 请求地址: https://open-fat.shiguangkey.com/api/udb/workwechat/auth/login
2020-10-20 20:03:12,919 - root - INFO : 请求方法: [- POST -]
2020-10-20 20:03:12,919 - root - INFO : 请求头部: {'content-type': 'application/x-www-form-urlencoded', 'terminaltype': '4'}
2020-10-20 20:03:12,919 - root - INFO : 请求正文: {'account': 't0384223793', 'password': '4QrcOUm6Wau+VuBX8g+IPg'}
2020-10-20 20:03:13,201 - root - INFO : 响应消息: {'traceId': '942570ad863e46a0882f3f2c0d7ef9d5', 'status': '0', 'msg': 'success', 'data': {'user': {'uid': 19862099, 'mobile': '', 'account': '', 'nickname': '日常的阿魏', 'headImg': 'https://res.shiguangkey.com/res/images/default.png', 'openId': '', 'newRegister': False, 'needBindPhone': False, 'showAccountList': False}, 'token': '0x77ef960712f1253dcb34f468ed7e34'}}
2020-10-20 20:03:13,207 - root - INFO : 提取变量: [ pttoken: 0x77ef960712f1253dcb34f468ed7e34 ]
2020-10-20 20:03:13,207 - root - INFO : 校验类型: [-status], 结果: [Passed], 预期: [0]
2020-10-20 20:03:13,207 - root - INFO : 校验类型: [-msg], 结果: [Passed], 预期: [success]
2020-10-20 20:03:13,207 - root - INFO :  = = =  = = =  = = =  = = =  = = =  = = =  = = =  = = = 分割线 = = =  = = =  = = =  = = =  = = =  = = =  = = =  = = = 
2020-10-20 20:03:18,762 - root - INFO : 描述信息: 【银河/广告/广告创意】录入单个消费记录
2020-10-20 20:03:18,762 - root - INFO : 请求地址: https://galaxy-api-fat.shiguangkey.com/api/galaxy/grgz/cost/save
2020-10-20 20:03:18,762 - root - INFO : 请求方法: [- POST -]
2020-10-20 20:03:18,762 - root - INFO : 请求头部: {'content-type': 'application/json', 'token': '0x77ef960712f1253dcb34f468ed7e34'}
2020-10-20 20:03:18,762 - root - INFO : 请求正文: {'noExposure': 100, 'noClicks': 100, 'cost': 10000, 'rebates': 1, 'costDate': '1603123200000', 'creativityId': '114002'}
2020-10-20 20:03:19,017 - root - INFO : 响应消息: {'traceId': 'acfb15d3816b494a86af726f6da2cea7', 'status': '0', 'msg': 'success', 'data': {}}
2020-10-20 20:03:19,017 - root - INFO : 校验类型: [-status], 结果: [Passed], 预期: [0]
2020-10-20 20:03:19,017 - root - INFO : 校验类型: [-msg], 结果: [Passed], 预期: [success]
2020-10-20 20:03:19,017 - root - INFO :  = = =  = = =  = = =  = = =  = = =  = = =  = = =  = = = 分割线 = = =  = = =  = = =  = = =  = = =  = = =  = = =  = = = 
2020-10-20 20:03:36,802 - root - INFO : 当前所在Class: Website || 类描述信息: None
