2020-09-04 11:14:17,320 - root - INFO : 描述信息: 【潭州平台】获取登录用户 token
2020-09-04 11:14:17,321 - root - INFO : 请求地址: https://open-fat.shiguangkey.com/api/udb/workwechat/auth/login
2020-09-04 11:14:17,321 - root - INFO : 请求方法: [- POST -]
2020-09-04 11:14:17,321 - root - INFO : 请求头部: {'content-type': 'application/x-www-form-urlencoded', 'terminaltype': '4', 'user-agent': 'Mozilla/5.0 (Windows NT 10.0; Win64; x64) AppleWebKit/537.36 (KHTML, like Gecko) Chrome/80.0.3987.106 Safari/537.36', 'Connection': 'close', 'keep-alive': 'False'}
2020-09-04 11:14:17,321 - root - INFO : 请求正文: {'account': 't0384223793', 'password': '4QrcOUm6Wau+VuBX8g+IPg'}
2020-09-04 11:14:17,469 - root - INFO : 响应消息: {'traceId': '5e654d65e0434920877bf26266711118', 'status': '0', 'msg': 'success', 'data': {'user': {'uid': 19862099, 'mobile': '', 'account': '', 'nickname': '日常的阿魏', 'headImg': 'https://res.shiguangkey.com/res/images/default.png', 'openId': '', 'newRegister': False, 'needBindPhone': False, 'showAccountList': False}, 'token': '0x77f2d70712f1253b3204a0abd6cb5f'}}
2020-09-04 11:14:17,470 - root - INFO : 提取变量: [ pttoken: 0x77f2d70712f1253b3204a0abd6cb5f ]
2020-09-04 11:14:17,470 - root - INFO : 校验类型: [-status], 结果: [Passed], 预期: [0]
2020-09-04 11:14:17,470 - root - INFO : 校验类型: [-msg], 结果: [Passed], 预期: [success]
2020-09-04 11:14:17,470 - root - INFO :  = = =  = = =  = = =  = = =  = = =  = = =  = = =  = = = 分割线 = = =  = = =  = = =  = = =  = = =  = = =  = = =  = = = 
2020-09-04 11:14:17,477 - root - INFO : 描述信息: 【潭州平台】获取登录用户 token
2020-09-04 11:14:17,478 - root - INFO : 请求地址: https://open-fat.shiguangkey.com/api/udb/workwechat/auth/login
2020-09-04 11:14:17,478 - root - INFO : 请求方法: [- POST -]
2020-09-04 11:14:17,478 - root - INFO : 请求头部: {'content-type': 'application/x-www-form-urlencoded', 'terminaltype': '4', 'user-agent': 'Mozilla/5.0 (Windows NT 10.0; Win64; x64) AppleWebKit/537.36 (KHTML, like Gecko) Chrome/80.0.3987.106 Safari/537.36', 'Connection': 'close', 'keep-alive': 'False'}
2020-09-04 11:14:17,478 - root - INFO : 请求正文: {'account': 't0385252771', 'password': '4QrcOUm6Wau+VuBX8g+IPg'}
2020-09-04 11:14:17,629 - root - INFO : 响应消息: {'traceId': '05cbc939cba9418f9ac9eaf9dff83822', 'status': '0', 'msg': 'success', 'data': {'user': {'uid': 19861714, 'mobile': '', 'account': '', 'nickname': '精彩的鲀鱼', 'headImg': 'https://res.shiguangkey.com/res/images/default.png', 'openId': '', 'newRegister': False, 'needBindPhone': False, 'showAccountList': False}, 'token': '0x77e4bc0712f10d207d441559d3451a'}}
2020-09-04 11:14:17,629 - root - INFO : 提取变量: [ pttoken: 0x77e4bc0712f10d207d441559d3451a ]
2020-09-04 11:14:17,630 - root - INFO : 校验类型: [-status], 结果: [Passed], 预期: [0]
2020-09-04 11:14:17,630 - root - INFO : 校验类型: [-msg], 结果: [Passed], 预期: [success]
2020-09-04 11:14:17,630 - root - INFO :  = = =  = = =  = = =  = = =  = = =  = = =  = = =  = = = 分割线 = = =  = = =  = = =  = = =  = = =  = = =  = = =  = = = 
2020-09-04 11:14:17,642 - root - INFO : 当前运行Case: test_chk_cost_apply
2020-09-04 11:14:17,642 - root - INFO : 正在执行Function: test_chk_cost_apply
2020-09-04 11:14:17,643 - root - INFO : 正在执行Function: add_flow_budget
2020-09-04 11:14:17,643 - root - INFO : 描述信息: 【海川/预算管理/流量预算】新增流量预算
2020-09-04 11:14:17,643 - root - INFO : 请求地址: https://ocean-fat.shiguangkey.com/api/stat/budget/traffic/add?organizationId=8009
2020-09-04 11:14:17,643 - root - INFO : 请求方法: [- POST -]
2020-09-04 11:14:17,643 - root - INFO : 请求头部: {'content-type': 'application/json', 'token': '0x77e4bc0712f10d207d441559d3451a', 'user-agent': 'Mozilla/5.0 (Windows NT 10.0; Win64; x64) AppleWebKit/537.36 (KHTML, like Gecko) Chrome/80.0.3987.106 Safari/537.36', 'Connection': 'close', 'keep-alive': 'False'}
2020-09-04 11:14:17,643 - root - INFO : 请求正文: {'id': '', 'costMonth': '2020-10-01', 'weekNum': 1, 'weekRange': '1-4', 'promotionerDeptId': 8009, 'subjectId': '522', 'putMode': 1, 'gatherType': 1, 'flowCost': '0.00', 'avgCardNum': 1, 'monthEntryNum': 1, 'monthUnCorrectNum': 1, 'monthCorrectNum': 1, 'visitorNum': 3, 'workDay': 1, 'stageCardNum': 3, 'flowExpenditure': 0, 'customerPrice': 1, 'conversionRate': 1, 'signUpNum': 3, 'performance': 3, 'roi': 0, 'applyRemark': '', 'subjectName': '3DMAX', 'receiveDeptId': '', 'receiveDeptName': '', 'promotionerDeptName': '', 'subjectIdChain': '261-505-522', 'organizationId': 8009}
2020-09-04 11:14:17,923 - root - INFO : 响应消息: {'data': None, 'msg': None, 'platform': None, 'res': 100, 'traceId': 'c5c0a67736144abb'}
2020-09-04 11:14:17,923 - root - INFO : 校验类型: [-res], 结果: [Passed], 预期: [100]
2020-09-04 11:14:17,923 - root - INFO : 校验类型: [-msg], 结果: [Passed], 预期: [None]
2020-09-04 11:14:17,923 - root - INFO :  = = =  = = =  = = =  = = =  = = =  = = =  = = =  = = = 分割线 = = =  = = =  = = =  = = =  = = =  = = =  = = =  = = = 
2020-09-04 11:14:17,923 - root - INFO : 正在执行Function: qry_flow_budget
2020-09-04 11:14:17,924 - root - INFO : 描述信息: 【海川/预算管理/流量预算】查询流量预算
2020-09-04 11:14:17,924 - root - INFO : 请求地址: https://ocean-fat.shiguangkey.com/api/stat/budget/traffic/pageList?organizationId=8009
2020-09-04 11:14:17,924 - root - INFO : 请求方法: [- POST -]
2020-09-04 11:14:17,924 - root - INFO : 请求头部: {'content-type': 'application/json', 'token': '0x77e4bc0712f10d207d441559d3451a', 'user-agent': 'Mozilla/5.0 (Windows NT 10.0; Win64; x64) AppleWebKit/537.36 (KHTML, like Gecko) Chrome/80.0.3987.106 Safari/537.36', 'Connection': 'close', 'keep-alive': 'False'}
2020-09-04 11:14:17,924 - root - INFO : 请求正文: {'pageNow': 1, 'pageSize': 20, 'auditState': 1, 'organizationId': [8009], 'deptId': 8009}
2020-09-04 11:14:18,112 - root - INFO : 响应消息: {'data': {'extraData': None, 'list': [{'apply': '精彩的鲀鱼', 'applyRemark': '', 'applyTime': 1599189255000, 'applyUid': 19861714, 'auditState': 1, 'avgCardNum': 1, 'conversionRate': 1.0, 'costMonth': 1601481600000, 'createTime': 1599189255000, 'creatorDeptId': 8009, 'creatorDeptIdChain': '1001', 'creatorId': 19861714, 'creatorName': '精彩的鲀鱼', 'customerPrice': 1.0, 'flowCost': 0.0, 'flowExpenditure': 0.0, 'gatherType': 1, 'id': 44, 'modifierId': 19861714, 'modifierName': '丁聪4', 'modifyTime': 1599189255000, 'monthCorrectNum': 1, 'monthEntryNum': 1, 'monthUnCorrectNum': 1, 'performance': 3.0, 'promotionerDeptId': 8009, 'promotionerDeptIdChain': '1001-8006-8007-8008-8009', 'promotionerDeptName': '潭州教育>自动化测试分公司--勿动>自动化测试群--勿动>自动化测试事业部>自动化测试院', 'putMode': 1, 'receiveDeptId': 8009, 'receiveDeptIdChain': '1001-8006-8007-8008-8009', 'receiveDeptName': '潭州教育>自动化测试分公司--勿动>自动化测试群--勿动>自动化测试事业部>自动化测试院', 'roi': 0.0, 'signUpNum': 3, 'stageCardNum': 3, 'subjectId': 522, 'subjectIdChain': '261-505-522', 'subjectName': '3DMAX', 'visitorNum': 3, 'weekNum': 1, 'weekRange': '1-4', 'workDay': 1}], 'pageNum': 1, 'pageSize': 20, 'pages': 1, 'sEcho': None, 'size': 1, 'total': 1}, 'msg': None, 'platform': None, 'res': 100, 'traceId': '41f8dd02f584b79a'}
2020-09-04 11:14:18,112 - root - INFO : 提取变量: [ flow_budget_id: 44 ]
2020-09-04 11:14:18,112 - root - INFO : 校验类型: [-res], 结果: [Passed], 预期: [100]
2020-09-04 11:14:18,112 - root - INFO : 校验类型: [-msg], 结果: [Passed], 预期: [None]
2020-09-04 11:14:18,112 - root - INFO :  = = =  = = =  = = =  = = =  = = =  = = =  = = =  = = = 分割线 = = =  = = =  = = =  = = =  = = =  = = =  = = =  = = = 
2020-09-04 11:14:18,112 - root - INFO : 正在执行Function: chk_flow_budget
2020-09-04 11:14:18,113 - root - INFO : 描述信息: 【海川/预算管理/流量预算】审核流量预算
2020-09-04 11:14:18,113 - root - INFO : 请求地址: https://ocean-fat.shiguangkey.com/api/stat/budget/traffic/audit
2020-09-04 11:14:18,113 - root - INFO : 请求方法: [- GET -]
2020-09-04 11:14:18,113 - root - INFO : 请求头部: {'token': '0x77e4bc0712f10d207d441559d3451a', 'user-agent': 'Mozilla/5.0 (Windows NT 10.0; Win64; x64) AppleWebKit/537.36 (KHTML, like Gecko) Chrome/80.0.3987.106 Safari/537.36', 'Connection': 'close', 'keep-alive': 'False'}
2020-09-04 11:14:18,113 - root - INFO : 请求正文: {'id': '44', 'auditFlag': 1, 'organizationId': 8009}
2020-09-04 11:14:18,276 - root - INFO : 响应消息: {'data': None, 'msg': None, 'platform': None, 'res': 100, 'traceId': '2b5dbc31d11dd68c'}
2020-09-04 11:14:18,276 - root - INFO : 校验类型: [-res], 结果: [Passed], 预期: [100]
2020-09-04 11:14:18,276 - root - INFO :  = = =  = = =  = = =  = = =  = = =  = = =  = = =  = = = 分割线 = = =  = = =  = = =  = = =  = = =  = = =  = = =  = = = 
2020-09-04 11:14:18,276 - root - INFO : 描述信息: 【潭州平台】获取登录用户 token
2020-09-04 11:14:18,276 - root - INFO : 请求地址: https://open-fat.shiguangkey.com/api/udb/workwechat/auth/login
2020-09-04 11:14:18,276 - root - INFO : 请求方法: [- POST -]
2020-09-04 11:14:18,276 - root - INFO : 请求头部: {'content-type': 'application/x-www-form-urlencoded', 'terminaltype': '4', 'user-agent': 'Mozilla/5.0 (Windows NT 10.0; Win64; x64) AppleWebKit/537.36 (KHTML, like Gecko) Chrome/80.0.3987.106 Safari/537.36', 'Connection': 'close', 'keep-alive': 'False'}
2020-09-04 11:14:18,276 - root - INFO : 请求正文: {'account': 't0384223793', 'password': '4QrcOUm6Wau+VuBX8g+IPg'}
2020-09-04 11:14:18,412 - root - INFO : 响应消息: {'traceId': 'dc520cfd8d9e4be5935b7bb91aa04374', 'status': '0', 'msg': 'success', 'data': {'user': {'uid': 19862099, 'mobile': '', 'account': '', 'nickname': '日常的阿魏', 'headImg': 'https://res.shiguangkey.com/res/images/default.png', 'openId': '', 'newRegister': False, 'needBindPhone': False, 'showAccountList': False}, 'token': '0x770d700712f1253a6d943c4b740ea0'}}
2020-09-04 11:14:18,412 - root - INFO : 提取变量: [ pttoken: 0x770d700712f1253a6d943c4b740ea0 ]
2020-09-04 11:14:18,412 - root - INFO : 校验类型: [-status], 结果: [Passed], 预期: [0]
2020-09-04 11:14:18,412 - root - INFO : 校验类型: [-msg], 结果: [Passed], 预期: [success]
2020-09-04 11:14:18,412 - root - INFO :  = = =  = = =  = = =  = = =  = = =  = = =  = = =  = = = 分割线 = = =  = = =  = = =  = = =  = = =  = = =  = = =  = = = 
2020-09-04 11:14:18,413 - root - INFO : 正在执行Function: chk_cost_apply
2020-09-04 11:14:18,413 - root - INFO : 描述信息: 【预算-投放预算管理-申请记录】审核
2020-09-04 11:14:18,413 - root - INFO : 请求地址: https://galaxy-api-fat.shiguangkey.com/api/galaxy/costApply/audit
2020-09-04 11:14:18,413 - root - INFO : 请求方法: [- POST -]
2020-09-04 11:14:18,413 - root - INFO : 请求头部: {'content-type': 'application/x-www-form-urlencoded', 'token': '0x770d700712f1253a6d943c4b740ea0', 'x-dept-id-chain': '1001-8006-8007-8008-8009', 'user-agent': 'Mozilla/5.0 (Windows NT 10.0; Win64; x64) AppleWebKit/537.36 (KHTML, like Gecko) Chrome/80.0.3987.106 Safari/537.36', 'Connection': 'close', 'keep-alive': 'False'}
2020-09-04 11:14:18,413 - root - INFO : 请求正文: {'ids': '44', 'auditState': 0, 'auditRemark': '拒绝'}
2020-09-04 11:14:18,631 - root - INFO : 响应消息: {'traceId': '02ecfed0ec114d07a4172987a4c22e78', 'status': '0', 'msg': 'success', 'data': {}}
2020-09-04 11:14:18,631 - root - INFO : 校验类型: [-status], 结果: [Passed], 预期: [0]
2020-09-04 11:14:18,631 - root - INFO : 校验类型: [-msg], 结果: [Passed], 预期: [success]
2020-09-04 11:14:18,631 - root - INFO :  = = =  = = =  = = =  = = =  = = =  = = =  = = =  = = = 分割线 = = =  = = =  = = =  = = =  = = =  = = =  = = =  = = = 
