2020-11-03 10:43:02,845 - root - INFO : 正在执行Function: program_inf_save
2020-11-03 10:43:02,845 - root - INFO : 描述信息: 【银河/广告/广告计划】新增广告计划
2020-11-03 10:43:02,846 - root - INFO : 请求地址: https://galaxy-api-fat.shiguangkey.com/api/galaxy/program/info/save
2020-11-03 10:43:02,846 - root - INFO : 请求方法: [- POST -]
2020-11-03 10:43:02,846 - root - INFO : 请求头部: {'content-type': 'application/json', 'token': '0x7795da0712f1fa1e459419eb772639'}
2020-11-03 10:43:02,846 - root - INFO : 请求正文: {'channelId': 6, 'name': '自动化计划90686924', 'subjectId': '282', 'subjectName': 'Python', 'isTest': 0, 'putMode': 1, 'type': 1, 'gatherType': 1, 'allocInstType': 1, 'channelName': '微信'}
2020-11-03 10:43:03,125 - root - INFO : 响应消息: {'traceId': '5d7452c3f3624a42bfadfab32ea48e91', 'status': '0', 'msg': 'success', 'data': {}}
2020-11-03 10:43:03,125 - root - INFO : 正在执行Function: program_page_list
2020-11-03 10:43:03,125 - root - INFO : 描述信息: 【银河/广告/广告计划】查询广告计划
2020-11-03 10:43:03,126 - root - INFO : 请求地址: https://galaxy-api-fat.shiguangkey.com/api/galaxy/program/pageList
2020-11-03 10:43:03,126 - root - INFO : 请求方法: [- POST -]
2020-11-03 10:43:03,126 - root - INFO : 请求头部: {'content-type': 'application/x-www-form-urlencoded', 'token': '0x7795da0712f1fa1e459419eb772639'}
2020-11-03 10:43:03,126 - root - INFO : 请求正文: {'name': '自动化计划90686924', 'isHide': 0, 'pageIndex': 1, 'pageSize': 20, 'gatherType': 1}
2020-11-03 10:43:03,466 - root - INFO : 响应消息: {'traceId': '592d742a5e2243f1830f8cc6c40af9c2', 'status': '0', 'msg': 'success', 'data': {'totalItem': 1, 'list': [{'id': 14941, 'oldProgramId': None, 'no': '1000001989686415', 'name': '自动化计划90686924', 'type': 1, 'programName': None, 'subjectName': 'Python', 'subjectId': 282, 'channelName': '微信', 'channelId': 6, 'isImport': None, 'position': None, 'keyword': None, 'areaId': None, 'areaName': None, 'remark': None, 'isNeedCaptch': None, 'state': None, 'adMainId': None, 'channelAgencyAccountId': None, 'accountCode': None, 'adMainAccount': None, 'thirdUrl': None, 'allocInstType': 1, 'receiveDeptId': None, 'receiveDeptIdChain': None, 'isHide': 0, 'isTest': 0, 'creatorDeptId': 8009, 'creatorName': '自动化专用-勿动', 'createTime': 1604371384000, 'putMode': 1, 'updateState': 1}]}}
2020-11-03 10:43:03,467 - root - INFO : 提取变量: [ channelId: 6 ]
2020-11-03 10:43:03,468 - root - INFO : 提取变量: [ putMode: 1 ]
2020-11-03 10:43:03,468 - root - INFO : 提取变量: [ adName: 自动化计划90686924 ]
2020-11-03 10:43:03,469 - root - INFO : 提取变量: [ adId: 14941 ]
2020-11-03 10:43:03,469 - root - INFO : 提取变量: [ type: 1 ]
2020-11-03 10:43:03,469 - root - INFO : 提取变量: [ subjectId: 282 ]
2020-11-03 10:43:03,470 - root - INFO : 正在执行Function: creativity_sav
2020-11-03 10:43:03,471 - root - INFO : 描述信息: 【银河/广告/广告计划】新建广告创意
2020-11-03 10:43:03,471 - root - INFO : 请求地址: https://galaxy-api-fat.shiguangkey.com/api/galaxy/creativity/save
2020-11-03 10:43:03,472 - root - INFO : 请求方法: [- POST -]
2020-11-03 10:43:03,472 - root - INFO : 请求头部: {'content-type': 'application/x-www-form-urlencoded', 'token': '0x7795da0712f1fa1e459419eb772639'}
2020-11-03 10:43:03,472 - root - INFO : 请求正文: {'name': '自动化创意54967281', 'gatherType': 1, 'isNeedCaptch': 0, 'position': 1, 'type': '1', 'putMode': '1', 'channelId': '6', 'programId': '14941', 'programName': '自动化计划90686924'}
2020-11-03 10:43:03,694 - root - INFO : 响应消息: {'traceId': '755a912a51564860a9c8650a2ba64bca', 'status': '0', 'msg': 'success', 'data': {}}
2020-11-03 10:43:03,694 - root - INFO : 正在执行Function: creativity_page_list
2020-11-03 10:43:03,695 - root - INFO : 描述信息: 【银河/广告/广告创意】查询广告创意
2020-11-03 10:43:03,695 - root - INFO : 请求地址: https://galaxy-api-fat.shiguangkey.com/api/galaxy/creativity/pageList
2020-11-03 10:43:03,695 - root - INFO : 请求方法: [- POST -]
2020-11-03 10:43:03,695 - root - INFO : 请求头部: {'content-type': 'application/x-www-form-urlencoded', 'token': '0x7795da0712f1fa1e459419eb772639'}
2020-11-03 10:43:03,696 - root - INFO : 请求正文: {'gatherType': 1, 'programId': '14941', 'isHide': 0, 'pageIndex': 1, 'pageSize': 20}
2020-11-03 10:43:04,030 - root - INFO : 响应消息: {'traceId': 'd967b455ccb94a97803ec51e026a738c', 'status': '0', 'msg': 'success', 'data': {'totalItem': 1, 'list': [{'id': 114651, 'oldCreativityId': None, 'oldProgramId': None, 'no': 'cfd0173c378c42349850a42828dc4ca7', 'name': '自动化创意54967281', 'programName': '自动化计划90686924', 'subjectName': 'Python', 'subjectId': 282, 'channelName': '微信', 'channelId': 6, 'isImport': 0, 'position': '1', 'keyword': None, 'areaId': None, 'areaName': None, 'creatorName': '自动化专用-勿动', 'createTime': 1604371385000, 'remark': None, 'isNeedCaptch': 0, 'state': 2, 'adMainId': None, 'channelAgencyAccountId': None, 'accountCode': None, 'adMainAccount': None, 'thirdUrl': None, 'allocInstType': 1, 'receiveDeptId': None, 'receiveDeptIdChain': None, 'isHide': 0, 'isTest': 0, 'creatorDeptId': 8009, 'vector': None, 'customerVectorValue': None, 'followerName': None, 'followerTanzkAccount': None, 'putMode': 1, 'receptionistId': None, 'receptionistName': None, 'receptionistTanzkAccount': None, 'receptionistDeptId': None, 'receptionistDeptIdChain': None, 'creatorDeptIdChain': '1001-8006-8007-8008-8009', 'updateState': 1, 'type': 1, 'programId': 14941, 'promotionTerminal': 1, 'vectorType': None, 'channelQrCode': None, 'channelNumber': None, 'companyWechatId': None, 'vectorId': None, 'vectorName': None}]}}
2020-11-03 10:43:04,031 - root - INFO : 提取变量: [ creativityId: 114651 ]
2020-11-03 10:43:04,031 - root - INFO : 提取变量: [ creativityName: 自动化创意54967281 ]
2020-11-03 10:43:04,032 - root - INFO : 提取变量: [ creativityNo: cfd0173c378c42349850a42828dc4ca7 ]
