2020-10-21 17:00:32,760 - root - INFO : 描述信息: 【潭州平台】获取登录用户 token
2020-10-21 17:00:32,761 - root - INFO : 请求地址: https://open-fat.shiguangkey.com/api/udb/workwechat/auth/login
2020-10-21 17:00:32,761 - root - INFO : 请求方法: [- POST -]
2020-10-21 17:00:32,761 - root - INFO : 请求头部: {'content-type': 'application/x-www-form-urlencoded', 'terminaltype': '4'}
2020-10-21 17:00:32,761 - root - INFO : 请求正文: {'account': 't0384223793', 'password': '4QrcOUm6Wau+VuBX8g+IPg'}
2020-10-21 17:00:32,918 - root - INFO : 响应消息: {'traceId': 'b95ea9502b60442990c4278c5cb0438d', 'status': '0', 'msg': 'success', 'data': {'user': {'uid': 19862099, 'mobile': '', 'account': '', 'nickname': '日常的阿魏', 'headImg': 'https://res.shiguangkey.com/res/images/default.png', 'openId': '', 'newRegister': False, 'needBindPhone': False, 'showAccountList': False}, 'token': '0x77ce340712f125328e84cc5a118359'}}
2020-10-21 17:00:32,919 - root - INFO : 提取变量: [ pttoken: 0x77ce340712f125328e84cc5a118359 ]
2020-10-21 17:00:32,919 - root - INFO : 校验类型: [-status], 结果: [Passed], 预期: [0]
2020-10-21 17:00:32,919 - root - INFO : 校验类型: [-msg], 结果: [Passed], 预期: [success]
2020-10-21 17:00:32,920 - root - INFO :  = = =  = = =  = = =  = = =  = = =  = = =  = = =  = = = 分割线 = = =  = = =  = = =  = = =  = = =  = = =  = = =  = = = 
2020-10-21 17:00:54,336 - root - INFO : 描述信息: 【潭州平台】获取登录用户 token
2020-10-21 17:00:54,336 - root - INFO : 请求地址: https://open-fat.shiguangkey.com/api/udb/workwechat/auth/login
2020-10-21 17:00:54,336 - root - INFO : 请求方法: [- POST -]
2020-10-21 17:00:54,336 - root - INFO : 请求头部: {'content-type': 'application/x-www-form-urlencoded', 'terminaltype': '4'}
2020-10-21 17:00:54,336 - root - INFO : 请求正文: {'account': 't0384223793', 'password': '4QrcOUm6Wau+VuBX8g+IPg'}
2020-10-21 17:00:54,563 - root - INFO : 响应消息: {'traceId': '2ea1d4da835c40b988786b00124fc4e8', 'status': '0', 'msg': 'success', 'data': {'user': {'uid': 19862099, 'mobile': '', 'account': '', 'nickname': '日常的阿魏', 'headImg': 'https://res.shiguangkey.com/res/images/default.png', 'openId': '', 'newRegister': False, 'needBindPhone': False, 'showAccountList': False}, 'token': '0x774e940712f125309114b99a48743f'}}
2020-10-21 17:00:54,564 - root - INFO : 提取变量: [ pttoken: 0x774e940712f125309114b99a48743f ]
2020-10-21 17:00:54,564 - root - INFO : 校验类型: [-status], 结果: [Passed], 预期: [0]
2020-10-21 17:00:54,564 - root - INFO : 校验类型: [-msg], 结果: [Passed], 预期: [success]
2020-10-21 17:00:54,564 - root - INFO :  = = =  = = =  = = =  = = =  = = =  = = =  = = =  = = = 分割线 = = =  = = =  = = =  = = =  = = =  = = =  = = =  = = = 
2020-10-21 17:00:54,564 - root - INFO : 正在执行Function: program_info_save
2020-10-21 17:00:54,564 - root - INFO : 描述信息: 【银河/广告/广告计划】新增广告计划
2020-10-21 17:00:54,564 - root - INFO : 请求地址: https://galaxy-api-fat.shiguangkey.com/api/galaxy/program/info/save
2020-10-21 17:00:54,564 - root - INFO : 请求方法: [- POST -]
2020-10-21 17:00:54,564 - root - INFO : 请求头部: {'content-type': 'application/json', 'token': '0x774e940712f125309114b99a48743f'}
2020-10-21 17:00:54,564 - root - INFO : 请求正文: {'channelId': 6, 'name': '自动化计划45418938', 'subjectId': 282, 'subjectName': 'Python', 'isTest': 0, 'putMode': 3, 'type': 1, 'gatherType': 3, 'allocInstType': 3, 'channelName': '微信'}
2020-10-21 17:00:54,815 - root - INFO : 响应消息: {'traceId': '0f7afa96d0534da2b4ad2abd957331e3', 'status': '0', 'msg': 'success', 'data': {}}
2020-10-21 17:00:54,815 - root - INFO : 校验类型: [-status], 结果: [Passed], 预期: [0]
2020-10-21 17:00:54,815 - root - INFO : 校验类型: [-msg], 结果: [Passed], 预期: [success]
2020-10-21 17:00:54,815 - root - INFO :  = = =  = = =  = = =  = = =  = = =  = = =  = = =  = = = 分割线 = = =  = = =  = = =  = = =  = = =  = = =  = = =  = = = 
2020-10-21 17:00:54,815 - root - INFO : 正在执行Function: program_pageList
2020-10-21 17:00:54,815 - root - INFO : 描述信息: 【银河/广告/广告计划】查询广告计划
2020-10-21 17:00:54,815 - root - INFO : 请求地址: https://galaxy-api-fat.shiguangkey.com/api/galaxy/program/pageList
2020-10-21 17:00:54,815 - root - INFO : 请求方法: [- POST -]
2020-10-21 17:00:54,815 - root - INFO : 请求头部: {'content-type': 'application/x-www-form-urlencoded', 'token': '0x774e940712f125309114b99a48743f'}
2020-10-21 17:00:54,815 - root - INFO : 请求正文: {'name': '自动化计划45418938', 'isHide': 0, 'pageIndex': 1, 'pageSize': 20, 'gatherType': 3}
2020-10-21 17:00:55,245 - root - INFO : 响应消息: {'traceId': '3b4823ea35aa4d50861a14ceed6bddf4', 'status': '0', 'msg': 'success', 'data': {'totalItem': 1, 'list': [{'id': 14276, 'oldProgramId': None, 'no': 'W1000001985066659', 'name': '自动化计划45418938', 'type': 1, 'programName': None, 'subjectName': 'Python', 'subjectId': 282, 'channelName': '微信', 'channelId': 6, 'isImport': None, 'position': None, 'keyword': None, 'areaId': None, 'areaName': None, 'remark': None, 'isNeedCaptch': None, 'state': None, 'adMainId': None, 'channelAgencyAccountId': None, 'accountCode': None, 'adMainAccount': None, 'thirdUrl': None, 'allocInstType': 3, 'receiveDeptId': None, 'receiveDeptIdChain': None, 'isHide': 0, 'isTest': 0, 'creatorDeptId': 8009, 'creatorName': '日常的阿魏', 'createTime': 1603270855000, 'putMode': 3, 'updateState': 1}]}}
2020-10-21 17:00:55,246 - root - INFO : 提取变量: [ channelId: 6 ]
2020-10-21 17:00:55,246 - root - INFO : 提取变量: [ putMode: 3 ]
2020-10-21 17:00:55,246 - root - INFO : 提取变量: [ adName: 自动化计划45418938 ]
2020-10-21 17:00:55,246 - root - INFO : 提取变量: [ adId: 14276 ]
2020-10-21 17:00:55,246 - root - INFO : 提取变量: [ type: 1 ]
2020-10-21 17:00:55,247 - root - INFO : 校验类型: [-status], 结果: [Passed], 预期: [0]
2020-10-21 17:00:55,247 - root - INFO : 校验类型: [-msg], 结果: [Passed], 预期: [success]
2020-10-21 17:00:55,247 - root - INFO : 校验类型: [-in]  结果: [Passed]  预期: [name]
2020-10-21 17:00:55,247 - root - INFO :  = = =  = = =  = = =  = = =  = = =  = = =  = = =  = = = 分割线 = = =  = = =  = = =  = = =  = = =  = = =  = = =  = = = 
2020-10-21 17:00:55,247 - root - INFO : 正在执行Function: creativity_save
2020-10-21 17:00:55,247 - root - INFO : 描述信息: 【银河/广告/广告计划】新建广告创意
2020-10-21 17:00:55,247 - root - INFO : 请求地址: https://galaxy-api-fat.shiguangkey.com/api/galaxy/creativity/save
2020-10-21 17:00:55,247 - root - INFO : 请求方法: [- POST -]
2020-10-21 17:00:55,247 - root - INFO : 请求头部: {'content-type': 'application/x-www-form-urlencoded', 'token': '0x774e940712f125309114b99a48743f'}
2020-10-21 17:00:55,247 - root - INFO : 请求正文: {'name': '自动化创意04434290', 'gatherType': 1, 'isNeedCaptch': 3, 'position': 1, 'type': '1', 'putMode': '3', 'channelId': '6', 'programId': '14276', 'programName': '自动化计划45418938'}
2020-10-21 17:00:55,509 - root - INFO : 响应消息: {'traceId': '041a4492e2d6471eb55e09c0bf9fc34f', 'status': '999999992', 'msg': '请求参数错误。', 'data': {}}
