2020-10-08 12:57:19,114 - root - INFO : ************** 当前运行环境: Fat *************
2020-10-08 12:57:19,115 - root - INFO : 描述信息: 【潭州平台】获取登录用户 token
2020-10-08 12:57:19,115 - root - INFO : 请求地址: https://open-fat.shiguangkey.com/api/udb/workwechat/auth/login
2020-10-08 12:57:19,115 - root - INFO : 请求方法: [- POST -]
2020-10-08 12:57:19,115 - root - INFO : 请求头部: {'content-type': 'application/x-www-form-urlencoded', 'terminaltype': '4', 'user-agent': 'Mozilla/5.0 (Windows NT 10.0; Win64; x64) AppleWebKit/537.36 (KHTML, like Gecko) Chrome/80.0.3987.106 Safari/537.36', 'Connection': 'close', 'keep-alive': 'False'}
2020-10-08 12:57:19,115 - root - INFO : 请求正文: {'account': 't0331433110', 'password': '4QrcOUm6Wau+VuBX8g+IPg'}
2020-10-08 12:57:19,392 - root - INFO : 响应消息: {'traceId': 'e75ab19efa7f4bcea396a2e668db9a23', 'status': '0', 'msg': 'success', 'data': {'user': {'uid': 19854060, 'mobile': '', 'account': '', 'nickname': '测试环境_全权限_负责人', 'headImg': 'https://res.shiguangkey.com/res/images/default.png', 'openId': '', 'newRegister': False, 'needBindPhone': False, 'showAccountList': False}, 'token': '0x7786fb0712ef2ec496a4cb8bfc2f16'}}
2020-10-08 12:57:19,393 - root - INFO : 提取变量: [ pttoken: 0x7786fb0712ef2ec496a4cb8bfc2f16 ]
2020-10-08 12:57:19,393 - root - INFO : 校验类型: [-status], 结果: [Passed], 预期: [0]
2020-10-08 12:57:19,393 - root - INFO : 校验类型: [-msg], 结果: [Passed], 预期: [success]
2020-10-08 12:57:19,394 - root - INFO :  = = =  = = =  = = =  = = =  = = =  = = =  = = =  = = = 分割线 = = =  = = =  = = =  = = =  = = =  = = =  = = =  = = = 
2020-10-08 12:57:19,394 - root - INFO : 描述信息: 【潭州平台】获取登录用户 token
2020-10-08 12:57:19,394 - root - INFO : 请求地址: https://open-fat.shiguangkey.com/api/udb/workwechat/auth/login
2020-10-08 12:57:19,394 - root - INFO : 请求方法: [- POST -]
2020-10-08 12:57:19,394 - root - INFO : 请求头部: {'content-type': 'application/x-www-form-urlencoded', 'terminaltype': '4', 'user-agent': 'Mozilla/5.0 (Windows NT 10.0; Win64; x64) AppleWebKit/537.36 (KHTML, like Gecko) Chrome/80.0.3987.106 Safari/537.36', 'Connection': 'close', 'keep-alive': 'False'}
2020-10-08 12:57:19,394 - root - INFO : 请求正文: {'account': 't0376791779', 'password': '4QrcOUm6Wau+VuBX8g+IPg'}
2020-10-08 12:57:19,553 - root - INFO : 响应消息: {'traceId': '7491d3d59f42485a84af555f6cdf48e8', 'status': '0', 'msg': 'success', 'data': {'user': {'uid': 19854056, 'mobile': '', 'account': '', 'nickname': '测试环境_全权限_小伙伴', 'headImg': 'https://res.shiguangkey.com/res/images/default.png', 'openId': '', 'newRegister': False, 'needBindPhone': False, 'showAccountList': False}, 'token': '0x77526e0712ef2e828e24b17be0238a'}}
2020-10-08 12:57:19,553 - root - INFO : 提取变量: [ pttoken: 0x77526e0712ef2e828e24b17be0238a ]
2020-10-08 12:57:19,553 - root - INFO : 校验类型: [-status], 结果: [Passed], 预期: [0]
2020-10-08 12:57:19,554 - root - INFO : 校验类型: [-msg], 结果: [Passed], 预期: [success]
2020-10-08 12:57:19,554 - root - INFO :  = = =  = = =  = = =  = = =  = = =  = = =  = = =  = = = 分割线 = = =  = = =  = = =  = = =  = = =  = = =  = = =  = = = 
2020-10-08 12:57:19,554 - root - INFO : 描述信息: 【潭州课堂】获取登录学员 token
2020-10-08 12:57:19,554 - root - INFO : 请求地址: https://open-fat.shiguangkey.com/api/udb/login/standard
2020-10-08 12:57:19,554 - root - INFO : 请求方法: [- POST -]
2020-10-08 12:57:19,554 - root - INFO : 请求头部: {'content-type': 'application/x-www-form-urlencoded', 'terminaltype': '4', 'inviteLinkId': '', 'user-agent': 'Mozilla/5.0 (Windows NT 10.0; Win64; x64) AppleWebKit/537.36 (KHTML, like Gecko) Chrome/80.0.3987.106 Safari/537.36', 'Connection': 'close', 'keep-alive': 'False'}
2020-10-08 12:57:19,554 - root - INFO : 请求正文: {'account': 't0331433110', 'password': '4QrcOUm6Wau+VuBX8g+IPg'}
2020-10-08 12:57:19,714 - root - INFO : 响应消息: {'traceId': 'a1ff50ce0de24005bf5d7a63108a74cc', 'status': '0', 'msg': 'success', 'data': {'user': {'uid': 19854060, 'mobile': '18100000003', 'account': 't0331433110', 'nickname': '测试环境_全权限_负责人', 'headImg': 'https://res.shiguangkey.com/res/images/default.png', 'openId': '', 'newRegister': False, 'needBindPhone': False, 'showAccountList': False}, 'token': '729e58ff0712ef2ec50b242d892707a2'}}
2020-10-08 12:57:19,715 - root - INFO : 提取变量: [ sttoken: 729e58ff0712ef2ec50b242d892707a2 ]
2020-10-08 12:57:19,715 - root - INFO : 校验类型: [-status], 结果: [Passed], 预期: [0]
2020-10-08 12:57:19,715 - root - INFO : 校验类型: [-msg], 结果: [Passed], 预期: [success]
2020-10-08 12:57:19,715 - root - INFO :  = = =  = = =  = = =  = = =  = = =  = = =  = = =  = = = 分割线 = = =  = = =  = = =  = = =  = = =  = = =  = = =  = = = 
2020-10-08 12:57:19,927 - root - INFO : 凭证获取成功并写入 /common/config.txt 配置文件中
2020-10-08 12:57:19,927 - root - INFO : 描述信息: 【潭州平台】获取登录用户 token
2020-10-08 12:57:19,927 - root - INFO : 请求地址: https://open-fat.shiguangkey.com/api/udb/workwechat/auth/login
2020-10-08 12:57:19,927 - root - INFO : 请求方法: [- POST -]
2020-10-08 12:57:19,927 - root - INFO : 请求头部: {'content-type': 'application/x-www-form-urlencoded', 'terminaltype': '4', 'user-agent': 'Mozilla/5.0 (Windows NT 10.0; Win64; x64) AppleWebKit/537.36 (KHTML, like Gecko) Chrome/80.0.3987.106 Safari/537.36', 'Connection': 'close', 'keep-alive': 'False'}
2020-10-08 12:57:19,927 - root - INFO : 请求正文: {'account': 't0384223793', 'password': '4QrcOUm6Wau+VuBX8g+IPg'}
2020-10-08 12:57:20,068 - root - INFO : 响应消息: {'traceId': '4564b12bc28b446c80144622d5edb8a4', 'status': '0', 'msg': 'success', 'data': {'user': {'uid': 19862099, 'mobile': '', 'account': '', 'nickname': '日常的阿魏', 'headImg': 'https://res.shiguangkey.com/res/images/default.png', 'openId': '', 'newRegister': False, 'needBindPhone': False, 'showAccountList': False}, 'token': '0x77b8bd0712f125391394f59a1c6f4d'}}
2020-10-08 12:57:20,068 - root - INFO : 提取变量: [ pttoken: 0x77b8bd0712f125391394f59a1c6f4d ]
2020-10-08 12:57:20,068 - root - INFO : 校验类型: [-status], 结果: [Passed], 预期: [0]
2020-10-08 12:57:20,068 - root - INFO : 校验类型: [-msg], 结果: [Passed], 预期: [success]
2020-10-08 12:57:20,068 - root - INFO :  = = =  = = =  = = =  = = =  = = =  = = =  = = =  = = = 分割线 = = =  = = =  = = =  = = =  = = =  = = =  = = =  = = = 
2020-10-08 12:57:20,115 - root - INFO : 当前运行Case: test_record_cost_apply
2020-10-08 12:57:20,115 - root - INFO : 正在执行Function: test_record_cost_apply
2020-10-08 12:57:20,116 - root - INFO : 描述信息: 【潭州平台】获取登录用户 token
2020-10-08 12:57:20,116 - root - INFO : 请求地址: https://open-fat.shiguangkey.com/api/udb/workwechat/auth/login
2020-10-08 12:57:20,116 - root - INFO : 请求方法: [- POST -]
2020-10-08 12:57:20,116 - root - INFO : 请求头部: {'content-type': 'application/x-www-form-urlencoded', 'terminaltype': '4', 'user-agent': 'Mozilla/5.0 (Windows NT 10.0; Win64; x64) AppleWebKit/537.36 (KHTML, like Gecko) Chrome/80.0.3987.106 Safari/537.36', 'Connection': 'close', 'keep-alive': 'False'}
2020-10-08 12:57:20,116 - root - INFO : 请求正文: {'account': 't0385252771', 'password': '4QrcOUm6Wau+VuBX8g+IPg'}
2020-10-08 12:57:20,270 - root - INFO : 响应消息: {'traceId': '1a167f8fa79848a88114e23e2adf4095', 'status': '0', 'msg': 'success', 'data': {'user': {'uid': 19861714, 'mobile': '', 'account': '', 'nickname': '精彩的鲀鱼', 'headImg': 'https://res.shiguangkey.com/res/images/default.png', 'openId': '', 'newRegister': False, 'needBindPhone': False, 'showAccountList': False}, 'token': '0x77c0440712f10d2119f4ac2bdcf72b'}}
2020-10-08 12:57:20,271 - root - INFO : 提取变量: [ pttoken: 0x77c0440712f10d2119f4ac2bdcf72b ]
2020-10-08 12:57:20,271 - root - INFO : 校验类型: [-status], 结果: [Passed], 预期: [0]
2020-10-08 12:57:20,271 - root - INFO : 校验类型: [-msg], 结果: [Passed], 预期: [success]
2020-10-08 12:57:20,271 - root - INFO :  = = =  = = =  = = =  = = =  = = =  = = =  = = =  = = = 分割线 = = =  = = =  = = =  = = =  = = =  = = =  = = =  = = = 
2020-10-08 12:57:20,271 - root - INFO : 正在执行Function: qry_cost_apply
2020-10-08 12:57:20,271 - root - INFO : 描述信息: 【预算-投放预算管理-申请记录】查询
2020-10-08 12:57:20,271 - root - INFO : 请求地址: https://galaxy-api-fat.shiguangkey.com/api/galaxy/costApply/pageList
2020-10-08 12:57:20,271 - root - INFO : 请求方法: [- POST -]
2020-10-08 12:57:20,271 - root - INFO : 请求头部: {'content-type': 'application/x-www-form-urlencoded', 'token': '0x77c0440712f10d2119f4ac2bdcf72b', 'user-agent': 'Mozilla/5.0 (Windows NT 10.0; Win64; x64) AppleWebKit/537.36 (KHTML, like Gecko) Chrome/80.0.3987.106 Safari/537.36', 'Connection': 'close', 'keep-alive': 'False'}
2020-10-08 12:57:20,271 - root - INFO : 请求正文: {'pageIndex': 1, 'pageSize': 20, 'auditState': 4}
2020-10-08 12:57:20,565 - root - INFO : 响应消息: {'traceId': '5f770697be1e4f1da024f7e754248bd1', 'status': 'R1003', 'msg': '您暂无权限访问该接口', 'data': {}}
