2020-11-02 16:18:17,864 - root - INFO : 描述信息: 【潭州平台】获取登录用户 token
2020-11-02 16:18:17,865 - root - INFO : 请求地址: https://open-fat.shiguangkey.com/api/udb/workwechat/auth/login
2020-11-02 16:18:17,865 - root - INFO : 请求方法: [- POST -]
2020-11-02 16:18:17,865 - root - INFO : 请求头部: {'content-type': 'application/x-www-form-urlencoded', 'terminaltype': '4'}
2020-11-02 16:18:17,865 - root - INFO : 请求正文: {'account': 't0373492024', 'password': '4QrcOUm6Wau+VuBX8g+IPg'}
2020-11-02 16:18:18,110 - root - INFO : 响应消息: {'traceId': '061eb8e363f34843998000ef8b94d3fd', 'status': '0', 'msg': 'success', 'data': {'user': {'uid': 19861716, 'mobile': '', 'account': '', 'nickname': '用功的柠檬', 'headImg': 'https://res.shiguangkey.com/res/images/default.png', 'openId': '', 'newRegister': False, 'needBindPhone': False, 'showAccountList': False}, 'token': '0x77441b0712f10d44a2f483fb486cc2'}}
2020-11-02 16:18:18,112 - root - INFO : 提取变量: [ pttoken: 0x77441b0712f10d44a2f483fb486cc2 ]
2020-11-02 16:18:18,112 - root - INFO : 校验类型: [-status], 结果: [Passed], 预期: [0]
2020-11-02 16:18:18,112 - root - INFO : 校验类型: [-msg], 结果: [Passed], 预期: [success]
2020-11-02 16:18:18,112 - root - INFO :  = = =  = = =  = = =  = = =  = = =  = = =  = = =  = = = 分割线 = = =  = = =  = = =  = = =  = = =  = = =  = = =  = = = 
2020-11-02 16:18:58,362 - root - INFO : 当前所在Class: Website || 类描述信息: None
2020-11-02 16:18:58,465 - root - INFO : 当前所在Class: Check || 类描述信息: None
2020-11-02 16:18:58,535 - root - INFO : 当前所在Class: Check || 类描述信息: None
2020-11-02 16:18:58,565 - root - INFO : 描述信息: 【银河/广告/广告创意】查询广告创意
2020-11-02 16:18:58,565 - root - INFO : 请求地址: https://galaxy-api-fat.shiguangkey.com/api/galaxy/creativity/pageList
2020-11-02 16:18:58,565 - root - INFO : 请求方法: [- POST -]
2020-11-02 16:18:58,565 - root - INFO : 请求头部: {'content-type': 'application/x-www-form-urlencoded', 'token': '0x77441b0712f10d44a2f483fb486cc2'}
2020-11-02 16:18:58,565 - root - INFO : 请求正文: {'gatherType': 1, 'id': '114635', 'isHide': 0, 'pageIndex': 1, 'pageSize': 20}
2020-11-02 16:18:58,889 - root - INFO : 响应消息: {'traceId': 'ce2d28532bd241e6ba98c36795819cbe', 'status': '0', 'msg': 'success', 'data': {'totalItem': 1, 'list': [{'id': 114635, 'oldCreativityId': None, 'oldProgramId': None, 'no': '12cebbfed934471f9b13d014f7082c9c', 'name': '自动化创意89426616', 'programName': '自动化计划43671311', 'subjectName': 'Python', 'subjectId': 282, 'channelName': '微信', 'channelId': 6, 'isImport': 0, 'position': '1', 'keyword': None, 'areaId': None, 'areaName': None, 'creatorName': '用功的柠檬', 'createTime': 1604304370000, 'remark': None, 'isNeedCaptch': 0, 'state': 2, 'adMainId': None, 'channelAgencyAccountId': None, 'accountCode': None, 'adMainAccount': None, 'thirdUrl': None, 'allocInstType': 1, 'receiveDeptId': None, 'receiveDeptIdChain': None, 'isHide': 0, 'isTest': 0, 'creatorDeptId': 1001, 'vector': None, 'customerVectorValue': None, 'followerName': None, 'followerTanzkAccount': None, 'putMode': 1, 'receptionistId': None, 'receptionistName': None, 'receptionistTanzkAccount': None, 'receptionistDeptId': None, 'receptionistDeptIdChain': None, 'creatorDeptIdChain': '1001', 'updateState': 1, 'type': 1, 'programId': 14918, 'promotionTerminal': 1, 'vectorType': None, 'channelQrCode': None, 'channelNumber': None, 'companyWechatId': None, 'vectorId': None, 'vectorName': None}]}}
2020-11-02 16:18:58,890 - root - INFO : 提取变量: [ creativityId: 114635 ]
2020-11-02 16:18:58,891 - root - INFO : 提取变量: [ creativityName: 自动化创意89426616 ]
2020-11-02 16:18:58,891 - root - INFO : 提取变量: [ creativityNo: 12cebbfed934471f9b13d014f7082c9c ]
2020-11-02 16:18:58,893 - root - INFO : 提取变量: [ adName: 自动化计划43671311 ]
2020-11-02 16:18:58,893 - root - INFO : 正在执行Function: landing_page_crt
2020-11-02 16:18:58,893 - root - INFO : 正在执行Function: create_website_no
2020-11-02 16:18:58,893 - root - INFO : 描述信息: 【银河/工具/落地页工具】新建落地页-空白落地页不需要验证
2020-11-02 16:18:58,893 - root - INFO : 请求地址: https://luban-api-fat.shiguangkey.com/website-edit-api/website/create_website
2020-11-02 16:18:58,893 - root - INFO : 请求方法: [- POST -]
2020-11-02 16:18:58,893 - root - INFO : 请求头部: {'content-type': 'application/json', 'token': '0x77441b0712f10d44a2f483fb486cc2'}
2020-11-02 16:18:58,893 - root - INFO : 请求正文: {'name': '自动化落地页48186155', 'goodsId': None, 'previewUrl': 'https://fat-huawei-media.shiguangkey.com/kcolji7cllgr0ee', 'isRecommendApp': False, 'submitType': 0, 'isSmsVerify': 0, 'websiteType': 1, 'adCreateType': 1, 'websiteWechatType': 1, 'bgColor': '', 'bgImage': '', 'version': '2.0.0', 'compReqs': [{'compJson': '{"id":"kcolj5jz1vue0hy","type":3,"width":375,"height":115,"required":true,"value":"","title":"手机 (已加密)","placeholder":"请输入手机号码","unique":true,"validate":false,"layout":1,"phoneCodeType":0,"codeTextColor":"#FFFFFF","codeTextSize":15,"codeBgColor":"#1855FB","isAbroad":false,"y":0}', 'fileIds': [], 'scene': 1, 'type': 3}, {'compJson': '{"id":"kcolj64vjygwwbi","type":8,"width":375,"height":102,"title":"年龄","options":[{"label":"成年","isDefault":false},{"label":"未成年","isDefault":false}],"required":true,"layout":1,"optColNum":2,"y":115}', 'fileIds': [], 'scene': 1, 'type': 8}, {'compJson': '{"id":"kcolj7tqmvsgoj0","type":6,"width":339,"height":77,"text":"提交","textColor":"#FFFFFF","textSize":17,"borderColor":"#1855FB","borderWidth":2,"borderRadius":4,"bgColor":"#1855FB","position":false,"positionBtnBgColor":"#1855FB","isBuy":false,"y":217}', 'fileIds': [], 'scene': 1, 'type': 6}, {'compJson': '{"id":"kcolj7tryu2ia4b","type":20,"width":375,"img":"https://prod-qiniu-media.shiguangkey.com/FhUCXVlZjjAzQghQxr1bHT9pa3yz","height":220,"title":"提交成功","desc":"我们已收到您的反馈，感谢填写","isDownloadApp":false,"y":0}', 'fileIds': [], 'scene': 2, 'type': 20}]}
2020-11-02 16:18:59,168 - root - INFO : 响应消息: {'status': 0, 'msg': 'success', 'traceId': '696a3e796bb144f7ad88b2cc65e9e8f3', 'data': {'code': '1323177783619620865', 'id': 9781}}
2020-11-02 16:18:59,168 - root - INFO : 提取变量: [ websiteId: 9781 ]
2020-11-02 16:18:59,168 - root - INFO : 正在执行Function: publish_web
2020-11-02 16:18:59,169 - root - INFO : 描述信息: 【银河/工具/落地页工具】发布落地页
2020-11-02 16:18:59,169 - root - INFO : 请求地址: https://luban-api-fat.shiguangkey.com/website-edit-api/website/publish_website
2020-11-02 16:18:59,169 - root - INFO : 请求方法: [- POST -]
2020-11-02 16:18:59,169 - root - INFO : 请求头部: {'content-type': 'application/json', 'token': '0x77441b0712f10d44a2f483fb486cc2'}
2020-11-02 16:18:59,169 - root - INFO : 请求正文: {'websiteId': '9781'}
2020-11-02 16:18:59,361 - root - INFO : 响应消息: {'status': 0, 'msg': '落地页发布成功', 'traceId': '3ed459535eb74d7bae5b3030cb68b728', 'data': None}
2020-11-02 16:18:59,361 - root - INFO : 正在执行Function: association_cr
2020-11-02 16:18:59,362 - root - INFO : 描述信息: 【银河/工具/落地页工具】生成链接
2020-11-02 16:18:59,363 - root - INFO : 请求地址: https://luban-api-fat.shiguangkey.com/website-edit-api/website_link/association_creativity
2020-11-02 16:18:59,363 - root - INFO : 请求方法: [- POST -]
2020-11-02 16:18:59,363 - root - INFO : 请求头部: {'content-type': 'application/json', 'token': '0x77441b0712f10d44a2f483fb486cc2'}
2020-11-02 16:18:59,363 - root - INFO : 请求正文: {'websiteId': '9781', 'title': '自动化落地页48186155', 'releaseChannel': 3, 'putPlanNames': ['自动化计划43671311'], 'adType': 1, 'adPlan': '自动化计划43671311', 'channel': '微信', 'channelId': 6, 'subject': 'Python', 'subjectId': 282, 'baseReqs': [{'adCreativity': '自动化创意89426616', 'adNo': '12cebbfed934471f9b13d014f7082c9c', 'creativityId': '114635'}], 'accountId': 'wx359bdedd5d18907a', 'domain': 'https://mz-fat.tanzhouedu.com'}
2020-11-02 16:18:59,570 - root - INFO : 响应消息: {'status': 0, 'msg': 'success', 'traceId': '67d99431512e4217a68892bdd7bcaf3a', 'data': [{'putPlanName': '自动化计划43671311', 'creativityCode': '5980d6d425a20e8a'}]}
2020-11-02 16:18:59,571 - root - INFO : 提取变量: [ creativityCode: 5980d6d425a20e8a ]
2020-11-02 16:18:59,571 - root - INFO : 正在执行Function: list_landing_page
2020-11-02 16:18:59,571 - root - INFO : 描述信息: 【银河/工具/落地页工具】落地页数据查询
2020-11-02 16:18:59,571 - root - INFO : 请求地址: https://luban-api-fat.shiguangkey.com/website-edit-api/website_link/list_creativity
2020-11-02 16:18:59,571 - root - INFO : 请求方法: [- POST -]
2020-11-02 16:18:59,571 - root - INFO : 请求头部: {'content-type': 'application/json', 'token': '0x77441b0712f10d44a2f483fb486cc2'}
2020-11-02 16:18:59,571 - root - INFO : 请求正文: {'websiteCode': '', 'creativityCode': '', 'adNo': '', 'isTest': '', 'channelCode': '', 'subjectId': '', 'putMode': '', 'websiteName': '自动化落地页48186155', 'submitStartTime': '2020-11-02 00:00:00', 'submitEndTime': '2020-11-02 23:59:59', 'pageNo': 1, 'pageSize': 10, 'websiteType': 1}
2020-11-02 16:19:00,149 - root - INFO : 响应消息: {'status': 0, 'msg': 'success', 'traceId': '2314925a8ef24faf92528d33c8fdf0ff', 'data': {'totalPage': 1, 'rows': [{'websiteLinkId': 9155, 'websiteName': '自动化落地页48186155', 'previewUrl': 'https://fat-huawei-media.shiguangkey.com/kcolji7cllgr0ee', 'adNo': '12cebbfed934471f9b13d014f7082c9c', 'creativityId': 114635, 'putPlanName': '自动化计划43671311', 'websiteCode': '1323177783619620865', 'websiteId': 9781, 'promoter': '用功的柠檬', 'publishTime': '2020-11-02 16:19:02', 'updatedAt': 1604305142000, 'channel': '微信', 'subject': 'Python', 'putMode': None, 'creativityCode': '5980d6d425a20e8a', 'creativityStat': {'creativityCode': '5980d6d425a20e8a', 'pageView': 0, 'uniqueVisitor': 0, 'conversionRate': 0, 'orderNum': 0, 'formSubmitNum': 0, 'clickNum': 0, 'adultNum': 0, 'minorNum': 0, 'avgLoadTime': 0, 'downloadNum': 0, 'noCustomerGrown': None, 'noCustomerChild': None, 'cpc': None, 'noLeaningRepeatGrown': None, 'noLeaningRepeatChild': None, 'noLeaning': None}, 'websiteType': 1, 'transferType': 0, 'isTest': None, 'receiveDeptName': None, 'allocInstType': None, 'isDisable': 0, 'releaseChannel': 3, 'url': 'https://mz-fat.tanzhouedu.com?s=5980d6d425a20e8a', 'customerNum': None, 'userId': 641}], 'totalCount': 1, 'pageNo': 1, 'pageSize': 10, 'currentPageSize': 1}}
2020-11-02 16:19:00,149 - root - INFO : 提取变量: [ adNo: 12cebbfed934471f9b13d014f7082c9c ]
2020-11-02 16:19:00,150 - root - INFO : 提取变量: [ websiteCode: 1323177783619620865 ]
2020-11-02 16:19:00,150 - root - INFO : 提取变量: [ websiteLinkId: 9155 ]
2020-11-02 16:19:00,150 - root - INFO : 提取变量: [ url: https://mz-fat.tanzhouedu.com?s=5980d6d425a20e8a ]
2020-11-02 16:19:00,151 - root - INFO : 校验类型: [-status], 结果: [Passed], 预期: [0]
2020-11-02 16:19:00,151 - root - INFO : 校验类型: [-msg], 结果: [Passed], 预期: [success]
2020-11-02 16:19:00,151 - root - INFO :  = = =  = = =  = = =  = = =  = = =  = = =  = = =  = = = 分割线 = = =  = = =  = = =  = = =  = = =  = = =  = = =  = = = 
