2020-10-24 13:54:07,793 - root - INFO : 描述信息: 【潭州平台】获取登录用户 token
2020-10-24 13:54:07,794 - root - INFO : 请求地址: https://open-fat.shiguangkey.com/api/udb/workwechat/auth/login
2020-10-24 13:54:07,794 - root - INFO : 请求方法: [- POST -]
2020-10-24 13:54:07,794 - root - INFO : 请求头部: {'content-type': 'application/x-www-form-urlencoded', 'terminaltype': '4'}
2020-10-24 13:54:07,794 - root - INFO : 请求正文: {'account': 't0383212689', 'password': '4QrcOUm6Wau+VuBX8g+IPg'}
2020-10-24 13:54:09,036 - root - INFO : 响应消息: {'traceId': 'dc0e4015677b4d678263f7b92bb9ac63', 'status': '0', 'msg': 'success', 'data': {'user': {'uid': 19861712, 'mobile': '', 'account': '', 'nickname': '暖和的少女花', 'headImg': 'https://res.shiguangkey.com/res/images/default.png', 'openId': '', 'newRegister': False, 'needBindPhone': False, 'showAccountList': False}, 'token': '0x777e120712f10d0678e4962a2062ba'}}
2020-10-24 13:54:09,037 - root - INFO : 提取变量: [ pttoken: 0x777e120712f10d0678e4962a2062ba ]
2020-10-24 13:54:09,037 - root - INFO : 校验类型: [-status], 结果: [Passed], 预期: [0]
2020-10-24 13:54:09,037 - root - INFO : 校验类型: [-msg], 结果: [Passed], 预期: [success]
2020-10-24 13:54:09,037 - root - INFO :  = = =  = = =  = = =  = = =  = = =  = = =  = = =  = = = 分割线 = = =  = = =  = = =  = = =  = = =  = = =  = = =  = = = 
2020-10-24 13:54:35,001 - root - INFO : 正在执行Function: add_agent
2020-10-24 13:54:35,001 - root - INFO : 描述信息: 【银河/账户/代理商管理】新增代理商
2020-10-24 13:54:35,002 - root - INFO : 请求地址: https://galaxy-api-fat.shiguangkey.com/api/galaxy/channelAgency/save
2020-10-24 13:54:35,002 - root - INFO : 请求方法: [- POST -]
2020-10-24 13:54:35,002 - root - INFO : 请求头部: {'content-type': 'application/x-www-form-urlencoded', 'token': '0x777e120712f10d0678e4962a2062ba', 'terminaltype': '4'}
2020-10-24 13:54:35,002 - root - INFO : 请求正文: {'agencyShortName': '阿里', 'agencyName': '王五测试分', 'thirdAgencyCode': '6201201021565', 'channelId': '6', 'channelName': '微信'}
2020-10-24 13:54:35,276 - root - INFO : 响应消息: {'traceId': '57fbd4606d6442199bae11a65f9d39e4', 'status': '0', 'msg': 'success', 'data': {}}
2020-10-24 13:54:35,277 - root - INFO : 校验类型: [-status], 结果: [Passed], 预期: [0]
2020-10-24 13:54:35,277 - root - INFO : 校验类型: [-msg], 结果: [Passed], 预期: [success]
2020-10-24 13:54:35,277 - root - INFO :  = = =  = = =  = = =  = = =  = = =  = = =  = = =  = = = 分割线 = = =  = = =  = = =  = = =  = = =  = = =  = = =  = = = 
2020-10-24 13:54:35,277 - root - INFO : 正在执行Function: qry_channel_agency
2020-10-24 13:54:35,277 - root - INFO : 描述信息: 【银河/账户/代理商管理】查询代理商
2020-10-24 13:54:35,278 - root - INFO : 请求地址: https://galaxy-api-fat.shiguangkey.com/api/galaxy/channelAgency/pageList
2020-10-24 13:54:35,278 - root - INFO : 请求方法: [- POST -]
2020-10-24 13:54:35,278 - root - INFO : 请求头部: {'content-type': 'application/x-www-form-urlencoded', 'token': '0x777e120712f10d0678e4962a2062ba', 'terminaltype': '4'}
2020-10-24 13:54:35,278 - root - INFO : 请求正文: {'pageIndex': 1, 'pageSize': 20, 'thirdAgencyCode': '6201201021565'}
2020-10-24 13:54:35,480 - root - INFO : 响应消息: {'traceId': '80a71190af4240b2ac6fe20b4b9d1d2f', 'status': '0', 'msg': 'success', 'data': {'totalItem': 1, 'list': [{'id': 128, 'agencyCode': 10000118, 'agencyName': '王五测试分', 'agencyShortName': '阿里', 'channelId': 6, 'channelName': '微信', 'bank': '-1', 'bankAccount': '-1', 'state': 1, 'creatorId': 19861712, 'creatorName': '暖和的少女花', 'creatorDeptId': 8009, 'creatorDeptIdChain': '1001-8006-8007-8008-8009', 'createTime': 1603518876000, 'modifierId': None, 'modifierName': None, 'modifyTime': 1603518876000, 'isDelete': 0, 'thirdAgencyCode': '6201201021565', 'stateName': None, 'rebateNum': 0}]}}
2020-10-24 13:54:35,481 - root - INFO : 提取变量: [ channelAgencyId: 128 ]
2020-10-24 13:54:35,481 - root - INFO : 提取变量: [ agencyCode: 10000118 ]
2020-10-24 13:54:35,481 - root - INFO : 提取变量: [ agencyName: 王五测试分 ]
2020-10-24 13:54:35,482 - root - INFO : 提取变量: [ agencyShortName: 阿里 ]
2020-10-24 13:54:35,482 - root - INFO : 提取变量: [ channelId: 6 ]
