2020-09-03 14:39:20,189 - root - INFO : 描述信息: 【潭州平台】获取登录用户 token
2020-09-03 14:39:20,189 - root - INFO : 请求地址: https://open-fat.shiguangkey.com/api/udb/workwechat/auth/login
2020-09-03 14:39:20,189 - root - INFO : 请求方法: [- POST -]
2020-09-03 14:39:20,189 - root - INFO : 请求头部: {'content-type': 'application/x-www-form-urlencoded', 'terminaltype': '4', 'user-agent': 'Mozilla/5.0 (Windows NT 10.0; Win64; x64) AppleWebKit/537.36 (KHTML, like Gecko) Chrome/80.0.3987.106 Safari/537.36', 'Connection': 'close', 'keep-alive': 'False'}
2020-09-03 14:39:20,190 - root - INFO : 请求正文: {'account': 't0384223793', 'password': '4QrcOUm6Wau+VuBX8g+IPg'}
2020-09-03 14:39:20,353 - root - INFO : 响应消息: {'traceId': '5fabd3eb8c8a4f5b892f0aab7fae9749', 'status': '0', 'msg': 'success', 'data': {'user': {'uid': 19862099, 'mobile': '', 'account': '', 'nickname': '日常的阿魏', 'headImg': 'https://res.shiguangkey.com/res/images/default.png', 'openId': '', 'newRegister': False, 'needBindPhone': False, 'showAccountList': False}, 'token': '0x774f290712f1253ad6846ccac3a82d'}}
2020-09-03 14:39:20,354 - root - INFO : 提取变量: [ pttoken: 0x774f290712f1253ad6846ccac3a82d ]
2020-09-03 14:39:20,354 - root - INFO : 校验类型: [-status], 结果: [Passed], 预期: [0]
2020-09-03 14:39:20,354 - root - INFO : 校验类型: [-msg], 结果: [Passed], 预期: [success]
2020-09-03 14:39:20,354 - root - INFO :  = = =  = = =  = = =  = = =  = = =  = = =  = = =  = = = 分割线 = = =  = = =  = = =  = = =  = = =  = = =  = = =  = = = 
2020-09-03 14:39:20,368 - root - INFO : 当前运行Case: test_del_flow_cost_mgt_gather
2020-09-03 14:39:20,368 - root - INFO : 正在执行Function: test_del_flow_cost_mgt_gather
2020-09-03 14:39:20,369 - root - INFO : 正在执行Function: flow_cost_mgt_save
2020-09-03 14:39:20,369 - root - INFO : 描述信息: 【预算/流量成本管理/新增流量成本】
2020-09-03 14:39:20,369 - root - INFO : 请求地址: https://galaxy-api-fat.shiguangkey.com/api/galaxy/flow/cost/manage/save
2020-09-03 14:39:20,369 - root - INFO : 请求方法: [- POST -]
2020-09-03 14:39:20,369 - root - INFO : 请求头部: {'content-type': 'application/x-www-form-urlencoded', 'token': '0x774f290712f1253ad6846ccac3a82d', 'x-dept-id-chain': '1001-8006-8007-8008-8009', 'user-agent': 'Mozilla/5.0 (Windows NT 10.0; Win64; x64) AppleWebKit/537.36 (KHTML, like Gecko) Chrome/80.0.3987.106 Safari/537.36', 'Connection': 'close', 'keep-alive': 'False'}
2020-09-03 14:39:20,369 - root - INFO : 请求正文: {'costMonth': 1601481600000, 'promotionerDeptIdChain': '1001-8006-8007-8008-8009', 'subjectId': '373', 'channelId': 4, 'gatherType': 3, 'putMode': 1, 'lastMonthLaunchNumber': 10000, 'lastMonthCashConsume': 1000, 'lastMonthSupplyTotal': 10000, 'lastMonthCost': 100, 'lastMonthDayAverageSupply': 1600, 'sameMonthDayAverageSupply': 10000, 'sameMonthDayAverageIncrement': 100, 'sameMonthCost': 1000, 'sameMonthDayConsume': 100, 'sameMonthSupply': 10000, 'sameMonthCashConsume': 1000, 'promotionerDeptName': '潭州教育>自动化测试分公司--勿动>自动化测试群--勿动>自动化测试事业部>自动化测试院', 'subjectName': 'SEM', 'channelName': '知乎'}
2020-09-03 14:39:20,580 - root - INFO : 响应消息: {'traceId': '0e7b1b3ac8184f319edda8f33f1bbf75', 'status': '0', 'msg': 'success', 'data': {}}
2020-09-03 14:39:20,580 - root - INFO : 校验类型: [-status], 结果: [Passed], 预期: [0]
2020-09-03 14:39:20,580 - root - INFO : 校验类型: [-msg], 结果: [Passed], 预期: [success]
2020-09-03 14:39:20,580 - root - INFO :  = = =  = = =  = = =  = = =  = = =  = = =  = = =  = = = 分割线 = = =  = = =  = = =  = = =  = = =  = = =  = = =  = = = 
2020-09-03 14:39:20,580 - root - INFO : 正在执行Function: flow_cost_mgt_page_list
2020-09-03 14:39:20,581 - root - INFO : 描述信息: 【预算/流量成本管理/查询】
2020-09-03 14:39:20,581 - root - INFO : 请求地址: https://galaxy-api-fat.shiguangkey.com/api/galaxy/flow/cost/manage/pageList
2020-09-03 14:39:20,581 - root - INFO : 请求方法: [- POST -]
2020-09-03 14:39:20,581 - root - INFO : 请求头部: {'content-type': 'application/x-www-form-urlencoded', 'token': '0x774f290712f1253ad6846ccac3a82d', 'user-agent': 'Mozilla/5.0 (Windows NT 10.0; Win64; x64) AppleWebKit/537.36 (KHTML, like Gecko) Chrome/80.0.3987.106 Safari/537.36', 'Connection': 'close', 'keep-alive': 'False'}
2020-09-03 14:39:20,581 - root - INFO : 请求正文: {'pageIndex': 1, 'pageSize': 20, 'gatherType': 3, 'startCostMonth': 1601481600000, 'endCostMonth': 1601654399999, 'channelId': 4}
2020-09-03 14:39:20,761 - root - INFO : 响应消息: {'traceId': '42de118590bc4d25a2abcc5e53203c32', 'status': '0', 'msg': 'success', 'data': {'list': [{'id': 86, 'costMonth': 1601481600000, 'promotionerDeptIdChain': '1001-8006-8007-8008-8009', 'promotionerDeptName': '潭州教育>自动化测试分公司--勿动>自动化测试群--勿动>自动化测试事业部>自动化测试院', 'subjectId': 373, 'subjectName': 'SEM', 'channelId': 4, 'channelName': '知乎', 'gatherType': 3, 'putMode': 1, 'lastMonthLaunchNumber': 10000, 'lastMonthCashConsume': 1000.0, 'lastMonthSupplyTotal': 10000, 'lastMonthCost': 100.0, 'lastMonthDayAverageSupply': 1600, 'sameMonthDayAverageSupply': 10000, 'sameMonthDayAverageIncrement': 100, 'sameMonthCost': 1000.0, 'sameMonthDayConsume': 100.0, 'sameMonthSupply': 10000, 'sameMonthCashConsume': 1000.0, 'creatorId': 19862099, 'creatorName': '日常的阿魏', 'creatorDeptId': 8009, 'creatorDeptIdChain': '1001-8006-8007-8008-8009', 'createTime': 1599115161000, 'modifierId': '', 'modifierName': '', 'modifyTime': '', 'isDelete': 2020}, {'id': 85, 'costMonth': 1601481600000, 'promotionerDeptIdChain': '1001-8006-8007-8008-8009', 'promotionerDeptName': '潭州教育>自动化测试分公司--勿动>自动化测试群--勿动>自动化测试事业部>自动化测试院', 'subjectId': 284, 'subjectName': 'JavaScript', 'channelId': 4, 'channelName': '知乎', 'gatherType': 3, 'putMode': 1, 'lastMonthLaunchNumber': 10000, 'lastMonthCashConsume': 1000.0, 'lastMonthSupplyTotal': 10000, 'lastMonthCost': 100.0, 'lastMonthDayAverageSupply': 1600, 'sameMonthDayAverageSupply': 10000, 'sameMonthDayAverageIncrement': 100, 'sameMonthCost': 1000.0, 'sameMonthDayConsume': 100.0, 'sameMonthSupply': 10000, 'sameMonthCashConsume': 1000.0, 'creatorId': 19862099, 'creatorName': '日常的阿魏', 'creatorDeptId': 8009, 'creatorDeptIdChain': '1001-8006-8007-8008-8009', 'createTime': 1599114453000, 'modifierId': '', 'modifierName': '', 'modifyTime': '', 'isDelete': 2020}, {'id': 84, 'costMonth': 1601481600000, 'promotionerDeptIdChain': '1001-8006-8007-8008-8009', 'promotionerDeptName': '潭州教育>自动化测试分公司--勿动>自动化测试群--勿动>自动化测试事业部>自动化测试院', 'subjectId': 275, 'subjectName': '新媒体运营', 'channelId': 4, 'channelName': '知乎', 'gatherType': 3, 'putMode': 1, 'lastMonthLaunchNumber': 10000, 'lastMonthCashConsume': 1000.0, 'lastMonthSupplyTotal': 10000, 'lastMonthCost': 100.0, 'lastMonthDayAverageSupply': 1600, 'sameMonthDayAverageSupply': 10000, 'sameMonthDayAverageIncrement': 100, 'sameMonthCost': 1000.0, 'sameMonthDayConsume': 100.0, 'sameMonthSupply': 10000, 'sameMonthCashConsume': 1000.0, 'creatorId': 19862099, 'creatorName': '日常的阿魏', 'creatorDeptId': 8009, 'creatorDeptIdChain': '1001-8006-8007-8008-8009', 'createTime': 1599114391000, 'modifierId': '', 'modifierName': '', 'modifyTime': '', 'isDelete': 2020}, {'id': 77, 'costMonth': 1601481600000, 'promotionerDeptIdChain': '1001-8006-8007-8008-8009', 'promotionerDeptName': '潭州教育>自动化测试分公司--勿动>自动化测试群--勿动>自动化测试事业部>自动化测试院', 'subjectId': 498, 'subjectName': 'VI设计', 'channelId': 4, 'channelName': '知乎', 'gatherType': 3, 'putMode': 1, 'lastMonthLaunchNumber': 10000, 'lastMonthCashConsume': 1000.0, 'lastMonthSupplyTotal': 10000, 'lastMonthCost': 100.0, 'lastMonthDayAverageSupply': 1600, 'sameMonthDayAverageSupply': 10000, 'sameMonthDayAverageIncrement': 100, 'sameMonthCost': 1000.0, 'sameMonthDayConsume': 100.0, 'sameMonthSupply': 10000, 'sameMonthCashConsume': 1000.0, 'creatorId': 19862099, 'creatorName': '日常的阿魏', 'creatorDeptId': 8009, 'creatorDeptIdChain': '1001-8006-8007-8008-8009', 'createTime': 1599103341000, 'modifierId': 19862099, 'modifierName': '日常的阿魏', 'modifyTime': '', 'isDelete': 2020}, {'id': 75, 'costMonth': 1601481600000, 'promotionerDeptIdChain': '1001-8006-8007-8008-8009', 'promotionerDeptName': '潭州教育>自动化测试分公司--勿动>自动化测试群--勿动>自动化测试事业部>自动化测试院', 'subjectId': 492, 'subjectName': '方言', 'channelId': 4, 'channelName': '知乎', 'gatherType': 3, 'putMode': 1, 'lastMonthLaunchNumber': 10000, 'lastMonthCashConsume': 1000.0, 'lastMonthSupplyTotal': 10000, 'lastMonthCost': 100.0, 'lastMonthDayAverageSupply': 1600, 'sameMonthDayAverageSupply': 10000, 'sameMonthDayAverageIncrement': 100, 'sameMonthCost': 1000.0, 'sameMonthDayConsume': 100.0, 'sameMonthSupply': 10000, 'sameMonthCashConsume': 1000.0, 'creatorId': 19862099, 'creatorName': '日常的阿魏', 'creatorDeptId': 8009, 'creatorDeptIdChain': '1001-8006-8007-8008-8009', 'createTime': 1599103207000, 'modifierId': 19862099, 'modifierName': '日常的阿魏', 'modifyTime': '', 'isDelete': 2020}, {'id': 65, 'costMonth': 1601481600000, 'promotionerDeptIdChain': '1001-8006-8007-8008-8009', 'promotionerDeptName': '潭州教育>自动化测试分公司--勿动>自动化测试群--勿动>自动化测试事业部>自动化测试院', 'subjectId': 495, 'subjectName': '形象设计', 'channelId': 4, 'channelName': '知乎', 'gatherType': 3, 'putMode': 1, 'lastMonthLaunchNumber': 10000, 'lastMonthCashConsume': 1000.0, 'lastMonthSupplyTotal': 10000, 'lastMonthCost': 100.0, 'lastMonthDayAverageSupply': 1600, 'sameMonthDayAverageSupply': 10000, 'sameMonthDayAverageIncrement': 100, 'sameMonthCost': 1000.0, 'sameMonthDayConsume': 100.0, 'sameMonthSupply': 10000, 'sameMonthCashConsume': 1000.0, 'creatorId': 19862099, 'creatorName': '日常的阿魏', 'creatorDeptId': 8009, 'creatorDeptIdChain': '1001-8006-8007-8008-8009', 'createTime': 1599102720000, 'modifierId': 19862099, 'modifierName': '日常的阿魏', 'modifyTime': '', 'isDelete': 2020}, {'id': 55, 'costMonth': 1601481600000, 'promotionerDeptIdChain': '1001-8006-8007-8008-8009', 'promotionerDeptName': '潭州教育>自动化测试分公司--勿动>自动化测试群--勿动>自动化测试事业部>自动化测试院', 'subjectId': 272, 'subjectName': '游戏运营', 'channelId': 4, 'channelName': '知乎', 'gatherType': 3, 'putMode': 1, 'lastMonthLaunchNumber': 10000, 'lastMonthCashConsume': 1000.0, 'lastMonthSupplyTotal': 10000, 'lastMonthCost': 100.0, 'lastMonthDayAverageSupply': 1600, 'sameMonthDayAverageSupply': 10000, 'sameMonthDayAverageIncrement': 100, 'sameMonthCost': 1000.0, 'sameMonthDayConsume': 100.0, 'sameMonthSupply': 10000, 'sameMonthCashConsume': 1000.0, 'creatorId': 19862099, 'creatorName': '日常的阿魏', 'creatorDeptId': 8009, 'creatorDeptIdChain': '1001-8006-8007-8008-8009', 'createTime': 1599096064000, 'modifierId': '', 'modifierName': '', 'modifyTime': '', 'isDelete': 2020}], 'totalItem': 7, 'summation': {'lastMonthLaunchNumber': 70000, 'lastMonthCashConsume': 7000.0, 'lastMonthSupplyTotal': 70000, 'lastMonthCost': 0.1, 'lastMonthDayAverageSupply': 11200, 'sameMonthDayAverageSupply': 70000, 'sameMonthDayAverageIncrement': 700, 'sameMonthCost': 0.1, 'sameMonthDayConsume': 700.0, 'sameMonthSupply': 70000, 'sameMonthCashConsume': 7000.0}}}
2020-09-03 14:39:20,762 - root - INFO : 提取变量: [ id: 86 ]
2020-09-03 14:39:20,763 - root - INFO : 提取变量: [ costMonth: 1601481600000 ]
2020-09-03 14:39:20,764 - root - INFO : 提取变量: [ subjectId: 373 ]
2020-09-03 14:39:20,765 - root - INFO : 提取变量: [ subjectName: SEM ]
2020-09-03 14:39:20,765 - root - INFO : 校验类型: [-status], 结果: [Passed], 预期: [0]
2020-09-03 14:39:20,765 - root - INFO : 校验类型: [-msg], 结果: [Passed], 预期: [success]
2020-09-03 14:39:20,765 - root - INFO :  = = =  = = =  = = =  = = =  = = =  = = =  = = =  = = = 分割线 = = =  = = =  = = =  = = =  = = =  = = =  = = =  = = = 
2020-09-03 14:39:20,766 - root - INFO : 正在执行Function: del_flow_cost_mgt
2020-09-03 14:39:20,766 - root - INFO : 描述信息: 【预算/流量成本管理/删除流量成本】
2020-09-03 14:39:20,766 - root - INFO : 请求地址: https://galaxy-api-fat.shiguangkey.com/api/galaxy/flow/cost/manage/delete
2020-09-03 14:39:20,766 - root - INFO : 请求方法: [- POST -]
2020-09-03 14:39:20,766 - root - INFO : 请求头部: {'content-type': 'application/x-www-form-urlencoded', 'token': '0x774f290712f1253ad6846ccac3a82d', 'x-dept-id-chain': '1001-8006-8007-8008-8009', 'user-agent': 'Mozilla/5.0 (Windows NT 10.0; Win64; x64) AppleWebKit/537.36 (KHTML, like Gecko) Chrome/80.0.3987.106 Safari/537.36', 'Connection': 'close', 'keep-alive': 'False'}
2020-09-03 14:39:20,766 - root - INFO : 请求正文: {'ids': '86'}
2020-09-03 14:39:20,941 - root - INFO : 响应消息: {'traceId': 'a4a2cf42eb2b453b94512df4eda3be41', 'status': '0', 'msg': 'success', 'data': {}}
2020-09-03 14:39:20,941 - root - INFO : 校验类型: [-status], 结果: [Passed], 预期: [0]
2020-09-03 14:39:20,941 - root - INFO : 校验类型: [-msg], 结果: [Passed], 预期: [success]
2020-09-03 14:39:20,941 - root - INFO :  = = =  = = =  = = =  = = =  = = =  = = =  = = =  = = = 分割线 = = =  = = =  = = =  = = =  = = =  = = =  = = =  = = = 
