2020-09-26 17:49:17,312 - root - INFO : 描述信息: 【潭州平台】获取登录用户 token
2020-09-26 17:49:17,313 - root - INFO : 请求地址: https://open-fat.shiguangkey.com/api/udb/workwechat/auth/login
2020-09-26 17:49:17,313 - root - INFO : 请求方法: [- POST -]
2020-09-26 17:49:17,313 - root - INFO : 请求头部: {'content-type': 'application/x-www-form-urlencoded', 'terminaltype': '4', 'user-agent': 'Mozilla/5.0 (Windows NT 10.0; Win64; x64) AppleWebKit/537.36 (KHTML, like Gecko) Chrome/80.0.3987.106 Safari/537.36', 'Connection': 'close', 'keep-alive': 'False'}
2020-09-26 17:49:17,332 - root - INFO : 请求正文: {'account': 't0384223793', 'password': '4QrcOUm6Wau+VuBX8g+IPg'}
2020-09-26 17:49:17,567 - root - INFO : 响应消息: {'traceId': '67ddeb4cd1164c358b3404682d96968c', 'status': '0', 'msg': 'success', 'data': {'user': {'uid': 19862099, 'mobile': '', 'account': '', 'nickname': '日常的阿魏', 'headImg': 'https://res.shiguangkey.com/res/images/default.png', 'openId': '', 'newRegister': False, 'needBindPhone': False, 'showAccountList': False}, 'token': '0x7767b20712f1253283f4c17ae6707e'}}
2020-09-26 17:49:17,568 - root - INFO : 提取变量: [ pttoken: 0x7767b20712f1253283f4c17ae6707e ]
2020-09-26 17:49:17,568 - root - INFO : 校验类型: [-status], 结果: [Passed], 预期: [0]
2020-09-26 17:49:17,568 - root - INFO : 校验类型: [-msg], 结果: [Passed], 预期: [success]
2020-09-26 17:49:17,568 - root - INFO :  = = =  = = =  = = =  = = =  = = =  = = =  = = =  = = = 分割线 = = =  = = =  = = =  = = =  = = =  = = =  = = =  = = = 
2020-09-26 17:49:17,693 - root - INFO : 当前运行Case: test_record_cost_apply
2020-09-26 17:49:17,693 - root - INFO : 正在执行Function: test_record_cost_apply
2020-09-26 17:49:17,694 - root - INFO : 描述信息: 【潭州平台】获取登录用户 token
2020-09-26 17:49:17,694 - root - INFO : 请求地址: https://open-fat.shiguangkey.com/api/udb/workwechat/auth/login
2020-09-26 17:49:17,694 - root - INFO : 请求方法: [- POST -]
2020-09-26 17:49:17,694 - root - INFO : 请求头部: {'content-type': 'application/x-www-form-urlencoded', 'terminaltype': '4', 'user-agent': 'Mozilla/5.0 (Windows NT 10.0; Win64; x64) AppleWebKit/537.36 (KHTML, like Gecko) Chrome/80.0.3987.106 Safari/537.36', 'Connection': 'close', 'keep-alive': 'False'}
2020-09-26 17:49:17,694 - root - INFO : 请求正文: {'account': 't0385252771', 'password': '4QrcOUm6Wau+VuBX8g+IPg'}
2020-09-26 17:49:17,851 - root - INFO : 响应消息: {'traceId': '9dfc204613e34508ae784d4f4344b195', 'status': '0', 'msg': 'success', 'data': {'user': {'uid': 19861714, 'mobile': '', 'account': '', 'nickname': '精彩的鲀鱼', 'headImg': 'https://res.shiguangkey.com/res/images/default.png', 'openId': '', 'newRegister': False, 'needBindPhone': False, 'showAccountList': False}, 'token': '0x77ff4e0712f10d29f9b4061a35ecff'}}
2020-09-26 17:49:17,851 - root - INFO : 提取变量: [ pttoken: 0x77ff4e0712f10d29f9b4061a35ecff ]
2020-09-26 17:49:17,851 - root - INFO : 校验类型: [-status], 结果: [Passed], 预期: [0]
2020-09-26 17:49:17,852 - root - INFO : 校验类型: [-msg], 结果: [Passed], 预期: [success]
2020-09-26 17:49:17,852 - root - INFO :  = = =  = = =  = = =  = = =  = = =  = = =  = = =  = = = 分割线 = = =  = = =  = = =  = = =  = = =  = = =  = = =  = = = 
2020-09-26 17:49:17,852 - root - INFO : 正在执行Function: qry_cost_apply
2020-09-26 17:49:17,852 - root - INFO : 描述信息: 【预算-投放预算管理-申请记录】查询
2020-09-26 17:49:17,852 - root - INFO : 请求地址: https://galaxy-api-fat.shiguangkey.com/api/galaxy/costApply/pageList
2020-09-26 17:49:17,852 - root - INFO : 请求方法: [- POST -]
2020-09-26 17:49:17,852 - root - INFO : 请求头部: {'content-type': 'application/x-www-form-urlencoded', 'token': '0x77ff4e0712f10d29f9b4061a35ecff', 'user-agent': 'Mozilla/5.0 (Windows NT 10.0; Win64; x64) AppleWebKit/537.36 (KHTML, like Gecko) Chrome/80.0.3987.106 Safari/537.36', 'Connection': 'close', 'keep-alive': 'False'}
2020-09-26 17:49:17,852 - root - INFO : 请求正文: {'pageIndex': 1, 'pageSize': 20, 'auditState': 3}
2020-09-26 17:49:18,190 - root - INFO : 响应消息: {'traceId': '6e6da9e34f6d4866ab101ab0ae0e1ca9', 'status': 'R1003', 'msg': '您暂无权限访问该接口', 'data': {}}
