2020-09-03 14:16:54,164 - root - INFO : 描述信息: 【潭州平台】获取登录用户 token
2020-09-03 14:16:54,165 - root - INFO : 请求地址: https://open-fat.shiguangkey.com/api/udb/workwechat/auth/login
2020-09-03 14:16:54,165 - root - INFO : 请求方法: [- POST -]
2020-09-03 14:16:54,165 - root - INFO : 请求头部: {'content-type': 'application/x-www-form-urlencoded', 'terminaltype': '4', 'user-agent': 'Mozilla/5.0 (Windows NT 10.0; Win64; x64) AppleWebKit/537.36 (KHTML, like Gecko) Chrome/80.0.3987.106 Safari/537.36', 'Connection': 'close', 'keep-alive': 'False'}
2020-09-03 14:16:54,165 - root - INFO : 请求正文: {'account': 't0384223793', 'password': '4QrcOUm6Wau+VuBX8g+IPg'}
2020-09-03 14:16:54,321 - root - INFO : 响应消息: {'traceId': 'd1fe1ecc24a148b7a6a1097c55e5224a', 'status': '0', 'msg': 'success', 'data': {'user': {'uid': 19862099, 'mobile': '', 'account': '', 'nickname': '日常的阿魏', 'headImg': 'https://res.shiguangkey.com/res/images/default.png', 'openId': '', 'newRegister': False, 'needBindPhone': False, 'showAccountList': False}, 'token': '0x7722e50712f12537b9248a49fcb599'}}
2020-09-03 14:16:54,322 - root - INFO : 提取变量: [ pttoken: 0x7722e50712f12537b9248a49fcb599 ]
2020-09-03 14:16:54,322 - root - INFO : 校验类型: [-status], 结果: [Passed], 预期: [0]
2020-09-03 14:16:54,322 - root - INFO : 校验类型: [-msg], 结果: [Passed], 预期: [success]
2020-09-03 14:16:54,322 - root - INFO :  = = =  = = =  = = =  = = =  = = =  = = =  = = =  = = = 分割线 = = =  = = =  = = =  = = =  = = =  = = =  = = =  = = = 
2020-09-03 14:16:54,335 - root - INFO : 当前运行Case: test_add_flow_cost_mgt_mobile
2020-09-03 14:16:54,335 - root - INFO : 正在执行Function: test_add_flow_cost_mgt_mobile
2020-09-03 14:16:54,336 - root - INFO : 正在执行Function: flow_cost_mgt_save
2020-09-03 14:16:54,336 - root - INFO : 描述信息: 【预算/流量成本管理/新增流量成本】手机流量成本-普通投放模式
2020-09-03 14:16:54,336 - root - INFO : 请求地址: https://galaxy-api-fat.shiguangkey.com/api/galaxy/flow/cost/manage/save
2020-09-03 14:16:54,337 - root - INFO : 请求方法: [- POST -]
2020-09-03 14:16:54,337 - root - INFO : 请求头部: {'content-type': 'application/x-www-form-urlencoded', 'token': '0x7722e50712f12537b9248a49fcb599', 'x-dept-id-chain': '1001-8006-8007-8008-8009', 'user-agent': 'Mozilla/5.0 (Windows NT 10.0; Win64; x64) AppleWebKit/537.36 (KHTML, like Gecko) Chrome/80.0.3987.106 Safari/537.36', 'Connection': 'close', 'keep-alive': 'False'}
2020-09-03 14:16:54,337 - root - INFO : 请求正文: {'costMonth': 1598889600000, 'promotionerDeptIdChain': '1001-8006-8007-8008-8009', 'subjectId': '272', 'channelId': 4, 'gatherType': 1, 'putMode': 1, 'lastMonthLaunchNumber': 10000, 'lastMonthCashConsume': 1000, 'lastMonthSupplyTotal': 10000, 'lastMonthCost': 100, 'lastMonthDayAverageSupply': 1600, 'sameMonthDayAverageSupply': 10000, 'sameMonthDayAverageIncrement': 100, 'sameMonthCost': 1000, 'sameMonthDayConsume': 100, 'sameMonthSupply': 10000, 'sameMonthCashConsume': 1000, 'promotionerDeptName': '潭州教育>自动化测试分公司--勿动>自动化测试群--勿动>自动化测试事业部>自动化测试院', 'subjectName': '游戏运营', 'channelName': '知乎'}
2020-09-03 14:16:54,589 - root - INFO : 响应消息: {'traceId': 'f554cc569cf242639fdaf9757f08cd2b', 'status': '110111002', 'msg': '已有同维度数据', 'data': {}}
2020-09-03 14:16:54,645 - root - INFO : 当前运行Case: test_add_flow_cost_mgt_wx
2020-09-03 14:16:54,645 - root - INFO : 正在执行Function: test_add_flow_cost_mgt_wx
2020-09-03 14:16:54,646 - root - INFO : 正在执行Function: flow_cost_mgt_save
2020-09-03 14:16:54,646 - root - INFO : 描述信息: 【预算/流量成本管理/新增流量成本】手机流量成本-普通投放模式
2020-09-03 14:16:54,646 - root - INFO : 请求地址: https://galaxy-api-fat.shiguangkey.com/api/galaxy/flow/cost/manage/save
2020-09-03 14:16:54,646 - root - INFO : 请求方法: [- POST -]
2020-09-03 14:16:54,646 - root - INFO : 请求头部: {'content-type': 'application/x-www-form-urlencoded', 'token': '0x7722e50712f12537b9248a49fcb599', 'x-dept-id-chain': '1001-8006-8007-8008-8009', 'user-agent': 'Mozilla/5.0 (Windows NT 10.0; Win64; x64) AppleWebKit/537.36 (KHTML, like Gecko) Chrome/80.0.3987.106 Safari/537.36', 'Connection': 'close', 'keep-alive': 'False'}
2020-09-03 14:16:54,646 - root - INFO : 请求正文: {'costMonth': 1598889600000, 'promotionerDeptIdChain': '1001-8006-8007-8008-8009', 'subjectId': '272', 'channelId': 4, 'gatherType': 3, 'putMode': 1, 'lastMonthLaunchNumber': 10000, 'lastMonthCashConsume': 1000, 'lastMonthSupplyTotal': 10000, 'lastMonthCost': 100, 'lastMonthDayAverageSupply': 1600, 'sameMonthDayAverageSupply': 10000, 'sameMonthDayAverageIncrement': 100, 'sameMonthCost': 1000, 'sameMonthDayConsume': 100, 'sameMonthSupply': 10000, 'sameMonthCashConsume': 1000, 'promotionerDeptName': '潭州教育>自动化测试分公司--勿动>自动化测试群--勿动>自动化测试事业部>自动化测试院', 'subjectName': '游戏运营', 'channelName': '知乎'}
2020-09-03 14:16:54,823 - root - INFO : 响应消息: {'traceId': '7d0a0fb624bf4df7ba23044bede1fd3f', 'status': '110111002', 'msg': '已有同维度数据', 'data': {}}
2020-09-03 14:16:54,850 - root - INFO : 当前运行Case: test_add_flow_cost_mgt_qq
2020-09-03 14:16:54,850 - root - INFO : 正在执行Function: test_add_flow_cost_mgt_qq
2020-09-03 14:16:54,850 - root - INFO : 正在执行Function: flow_cost_mgt_save
2020-09-03 14:16:54,850 - root - INFO : 描述信息: 【预算/流量成本管理/新增流量成本】手机流量成本-普通投放模式
2020-09-03 14:16:54,850 - root - INFO : 请求地址: https://galaxy-api-fat.shiguangkey.com/api/galaxy/flow/cost/manage/save
2020-09-03 14:16:54,850 - root - INFO : 请求方法: [- POST -]
2020-09-03 14:16:54,851 - root - INFO : 请求头部: {'content-type': 'application/x-www-form-urlencoded', 'token': '0x7722e50712f12537b9248a49fcb599', 'x-dept-id-chain': '1001-8006-8007-8008-8009', 'user-agent': 'Mozilla/5.0 (Windows NT 10.0; Win64; x64) AppleWebKit/537.36 (KHTML, like Gecko) Chrome/80.0.3987.106 Safari/537.36', 'Connection': 'close', 'keep-alive': 'False'}
2020-09-03 14:16:54,851 - root - INFO : 请求正文: {'costMonth': 1598889600000, 'promotionerDeptIdChain': '1001-8006-8007-8008-8009', 'subjectId': '272', 'channelId': 4, 'gatherType': 2, 'putMode': 1, 'lastMonthLaunchNumber': 10000, 'lastMonthCashConsume': 1000, 'lastMonthSupplyTotal': 10000, 'lastMonthCost': 100, 'lastMonthDayAverageSupply': 1600, 'sameMonthDayAverageSupply': 10000, 'sameMonthDayAverageIncrement': 100, 'sameMonthCost': 1000, 'sameMonthDayConsume': 100, 'sameMonthSupply': 10000, 'sameMonthCashConsume': 1000, 'promotionerDeptName': '潭州教育>自动化测试分公司--勿动>自动化测试群--勿动>自动化测试事业部>自动化测试院', 'subjectName': '游戏运营', 'channelName': '知乎'}
2020-09-03 14:16:55,039 - root - INFO : 响应消息: {'traceId': '80d2e6ab5e8444898117fdae5dfcf575', 'status': '110111002', 'msg': '已有同维度数据', 'data': {}}
2020-09-03 14:16:55,065 - root - INFO : 当前运行Case: test_update_flow_cost_mgt
2020-09-03 14:16:55,065 - root - INFO : 正在执行Function: test_update_flow_cost_mgt
2020-09-03 14:16:55,065 - root - INFO : 正在执行Function: flow_cost_mgt_save
2020-09-03 14:16:55,065 - root - INFO : 描述信息: 【预算/流量成本管理/新增流量成本】手机流量成本-普通投放模式
2020-09-03 14:16:55,065 - root - INFO : 请求地址: https://galaxy-api-fat.shiguangkey.com/api/galaxy/flow/cost/manage/save
2020-09-03 14:16:55,065 - root - INFO : 请求方法: [- POST -]
2020-09-03 14:16:55,065 - root - INFO : 请求头部: {'content-type': 'application/x-www-form-urlencoded', 'token': '0x7722e50712f12537b9248a49fcb599', 'x-dept-id-chain': '1001-8006-8007-8008-8009', 'user-agent': 'Mozilla/5.0 (Windows NT 10.0; Win64; x64) AppleWebKit/537.36 (KHTML, like Gecko) Chrome/80.0.3987.106 Safari/537.36', 'Connection': 'close', 'keep-alive': 'False'}
2020-09-03 14:16:55,065 - root - INFO : 请求正文: {'costMonth': 1601481600000, 'promotionerDeptIdChain': '1001-8006-8007-8008-8009', 'subjectId': '498', 'channelId': 4, 'gatherType': 2, 'putMode': 1, 'lastMonthLaunchNumber': 10000, 'lastMonthCashConsume': 1000, 'lastMonthSupplyTotal': 10000, 'lastMonthCost': 100, 'lastMonthDayAverageSupply': 1600, 'sameMonthDayAverageSupply': 10000, 'sameMonthDayAverageIncrement': 100, 'sameMonthCost': 1000, 'sameMonthDayConsume': 100, 'sameMonthSupply': 10000, 'sameMonthCashConsume': 1000, 'promotionerDeptName': '潭州教育>自动化测试分公司--勿动>自动化测试群--勿动>自动化测试事业部>自动化测试院', 'subjectName': 'VI设计', 'channelName': '知乎'}
2020-09-03 14:16:55,268 - root - INFO : 响应消息: {'traceId': 'd3218534535144668d33a52f3b8e6b46', 'status': '0', 'msg': 'success', 'data': {}}
2020-09-03 14:16:55,268 - root - INFO : 校验类型: [-status], 结果: [Passed], 预期: [0]
2020-09-03 14:16:55,268 - root - INFO : 校验类型: [-msg], 结果: [Passed], 预期: [success]
2020-09-03 14:16:55,268 - root - INFO :  = = =  = = =  = = =  = = =  = = =  = = =  = = =  = = = 分割线 = = =  = = =  = = =  = = =  = = =  = = =  = = =  = = = 
2020-09-03 14:16:55,268 - root - INFO : 正在执行Function: flow_cost_mgt_page_list
2020-09-03 14:16:55,269 - root - INFO : 描述信息: 【预算/流量成本管理/查询】
2020-09-03 14:16:55,269 - root - INFO : 请求地址: https://galaxy-api-fat.shiguangkey.com/api/galaxy/flow/cost/manage/pageList
2020-09-03 14:16:55,269 - root - INFO : 请求方法: [- POST -]
2020-09-03 14:16:55,269 - root - INFO : 请求头部: {'content-type': 'application/x-www-form-urlencoded', 'token': '0x7722e50712f12537b9248a49fcb599', 'user-agent': 'Mozilla/5.0 (Windows NT 10.0; Win64; x64) AppleWebKit/537.36 (KHTML, like Gecko) Chrome/80.0.3987.106 Safari/537.36', 'Connection': 'close', 'keep-alive': 'False'}
2020-09-03 14:16:55,269 - root - INFO : 请求正文: {'pageIndex': 1, 'pageSize': 20, 'gatherType': 2, 'startCostMonth': 1601481600000, 'endCostMonth': 1601654399999, 'channelId': 4}
2020-09-03 14:16:55,431 - root - INFO : 响应消息: {'traceId': '84d05df423bc478191a56d981dbcac14', 'status': '0', 'msg': 'success', 'data': {'list': [{'id': 78, 'costMonth': 1601481600000, 'promotionerDeptIdChain': '1001-8006-8007-8008-8009', 'promotionerDeptName': '潭州教育>自动化测试分公司--勿动>自动化测试群--勿动>自动化测试事业部>自动化测试院', 'subjectId': 498, 'subjectName': 'VI设计', 'channelId': 4, 'channelName': '知乎', 'gatherType': 2, 'putMode': 1, 'lastMonthLaunchNumber': 10000, 'lastMonthCashConsume': 1000.0, 'lastMonthSupplyTotal': 10000, 'lastMonthCost': 100.0, 'lastMonthDayAverageSupply': 1600, 'sameMonthDayAverageSupply': 10000, 'sameMonthDayAverageIncrement': 100, 'sameMonthCost': 1000.0, 'sameMonthDayConsume': 100.0, 'sameMonthSupply': 10000, 'sameMonthCashConsume': 1000.0, 'creatorId': 19862099, 'creatorName': '日常的阿魏', 'creatorDeptId': 8009, 'creatorDeptIdChain': '1001-8006-8007-8008-8009', 'createTime': 1599113815000, 'modifierId': '', 'modifierName': '', 'modifyTime': '', 'isDelete': 2020}, {'id': 74, 'costMonth': 1601481600000, 'promotionerDeptIdChain': '1001-8006-8007-8008-8009', 'promotionerDeptName': '潭州教育>自动化测试分公司--勿动>自动化测试群--勿动>自动化测试事业部>自动化测试院', 'subjectId': 492, 'subjectName': '方言', 'channelId': 4, 'channelName': '知乎', 'gatherType': 2, 'putMode': 1, 'lastMonthLaunchNumber': 10000, 'lastMonthCashConsume': 1000.0, 'lastMonthSupplyTotal': 10000, 'lastMonthCost': 100.0, 'lastMonthDayAverageSupply': 1600, 'sameMonthDayAverageSupply': 10000, 'sameMonthDayAverageIncrement': 100, 'sameMonthCost': 1000.0, 'sameMonthDayConsume': 100.0, 'sameMonthSupply': 10000, 'sameMonthCashConsume': 1000.0, 'creatorId': 19862099, 'creatorName': '日常的阿魏', 'creatorDeptId': 8009, 'creatorDeptIdChain': '1001-8006-8007-8008-8009', 'createTime': 1599103206000, 'modifierId': 19862099, 'modifierName': '日常的阿魏', 'modifyTime': '', 'isDelete': 2020}, {'id': 64, 'costMonth': 1601481600000, 'promotionerDeptIdChain': '1001-8006-8007-8008-8009', 'promotionerDeptName': '潭州教育>自动化测试分公司--勿动>自动化测试群--勿动>自动化测试事业部>自动化测试院', 'subjectId': 269, 'subjectName': '产品策划', 'channelId': 4, 'channelName': '知乎', 'gatherType': 2, 'putMode': 1, 'lastMonthLaunchNumber': 10000, 'lastMonthCashConsume': 1000.0, 'lastMonthSupplyTotal': 10000, 'lastMonthCost': 100.0, 'lastMonthDayAverageSupply': 1600, 'sameMonthDayAverageSupply': 10000, 'sameMonthDayAverageIncrement': 100, 'sameMonthCost': 1000.0, 'sameMonthDayConsume': 100.0, 'sameMonthSupply': 10000, 'sameMonthCashConsume': 1000.0, 'creatorId': 19862099, 'creatorName': '日常的阿魏', 'creatorDeptId': 8009, 'creatorDeptIdChain': '1001-8006-8007-8008-8009', 'createTime': 1599101537000, 'modifierId': 19862099, 'modifierName': '日常的阿魏', 'modifyTime': '', 'isDelete': 2020}, {'id': 56, 'costMonth': 1601481600000, 'promotionerDeptIdChain': '1001-8006-8007-8008-8009', 'promotionerDeptName': '潭州教育>自动化测试分公司--勿动>自动化测试群--勿动>自动化测试事业部>自动化测试院', 'subjectId': 272, 'subjectName': '游戏运营', 'channelId': 4, 'channelName': '知乎', 'gatherType': 2, 'putMode': 1, 'lastMonthLaunchNumber': 10000, 'lastMonthCashConsume': 1000.0, 'lastMonthSupplyTotal': 10000, 'lastMonthCost': 1000.0, 'lastMonthDayAverageSupply': 1600, 'sameMonthDayAverageSupply': 10000, 'sameMonthDayAverageIncrement': 100, 'sameMonthCost': 1000.0, 'sameMonthDayConsume': 100.0, 'sameMonthSupply': 10000, 'sameMonthCashConsume': 1000.0, 'creatorId': 19862099, 'creatorName': '日常的阿魏', 'creatorDeptId': 8009, 'creatorDeptIdChain': '1001-8006-8007-8008-8009', 'createTime': 1599096065000, 'modifierId': 19862099, 'modifierName': '日常的阿魏', 'modifyTime': '', 'isDelete': 2020}], 'totalItem': 4, 'summation': {'lastMonthLaunchNumber': 40000, 'lastMonthCashConsume': 4000.0, 'lastMonthSupplyTotal': 40000, 'lastMonthCost': 0.1, 'lastMonthDayAverageSupply': 6400, 'sameMonthDayAverageSupply': 40000, 'sameMonthDayAverageIncrement': 400, 'sameMonthCost': 0.1, 'sameMonthDayConsume': 400.0, 'sameMonthSupply': 40000, 'sameMonthCashConsume': 4000.0}}}
2020-09-03 14:16:55,433 - root - INFO : 提取变量: [ id: 78 ]
2020-09-03 14:16:55,434 - root - INFO : 提取变量: [ costMonth: 1601481600000 ]
2020-09-03 14:16:55,435 - root - INFO : 提取变量: [ subjectId: 498 ]
2020-09-03 14:16:55,435 - root - INFO : 提取变量: [ subjectName: VI设计 ]
2020-09-03 14:16:55,435 - root - INFO : 校验类型: [-status], 结果: [Passed], 预期: [0]
2020-09-03 14:16:55,435 - root - INFO : 校验类型: [-msg], 结果: [Passed], 预期: [success]
2020-09-03 14:16:55,435 - root - INFO :  = = =  = = =  = = =  = = =  = = =  = = =  = = =  = = = 分割线 = = =  = = =  = = =  = = =  = = =  = = =  = = =  = = = 
2020-09-03 14:16:55,435 - root - INFO : 正在执行Function: flow_cost_mgt_update
2020-09-03 14:16:55,436 - root - INFO : 描述信息: 【预算/流量成本管理/更新流量成本】
2020-09-03 14:16:55,436 - root - INFO : 请求地址: https://galaxy-api-fat.shiguangkey.com/api/galaxy/flow/cost/manage/update
2020-09-03 14:16:55,436 - root - INFO : 请求方法: [- POST -]
2020-09-03 14:16:55,436 - root - INFO : 请求头部: {'content-type': 'application/x-www-form-urlencoded', 'token': '0x7722e50712f12537b9248a49fcb599', 'x-dept-id-chain': '1001-8006-8007-8008-8009', 'user-agent': 'Mozilla/5.0 (Windows NT 10.0; Win64; x64) AppleWebKit/537.36 (KHTML, like Gecko) Chrome/80.0.3987.106 Safari/537.36', 'Connection': 'close', 'keep-alive': 'False'}
2020-09-03 14:16:55,436 - root - INFO : 请求正文: {'id': '78', 'costMonth': '1601481600000', 'promotionerDeptIdChain': '1001-8006-8007-8008-8009', 'subjectId': '498', 'channelId': 4, 'gatherType': 2, 'putMode': 1, 'lastMonthLaunchNumber': 10000, 'lastMonthCashConsume': 1000, 'lastMonthSupplyTotal': 10000, 'lastMonthCost': 100, 'lastMonthDayAverageSupply': 1600, 'sameMonthDayAverageSupply': 10000, 'sameMonthDayAverageIncrement': 100, 'sameMonthCost': 1000, 'sameMonthDayConsume': 100, 'sameMonthSupply': 10000, 'sameMonthCashConsume': 1000, 'promotionerDeptName': '潭州教育>自动化测试分公司--勿动>自动化测试群--勿动>自动化测试事业部>自动化测试院', 'subjectName': 'VI设计', 'channelName': '知乎'}
2020-09-03 14:16:55,619 - root - INFO : 响应消息: {'traceId': '2b9478f8c682469b9daa60f20ef51cc3', 'status': '0', 'msg': 'success', 'data': {}}
2020-09-03 14:16:55,619 - root - INFO : 校验类型: [-status], 结果: [Passed], 预期: [0]
2020-09-03 14:16:55,619 - root - INFO : 校验类型: [-msg], 结果: [Passed], 预期: [success]
2020-09-03 14:16:55,619 - root - INFO :  = = =  = = =  = = =  = = =  = = =  = = =  = = =  = = = 分割线 = = =  = = =  = = =  = = =  = = =  = = =  = = =  = = = 
2020-09-03 14:16:55,633 - root - INFO : 当前运行Case: test_update_flow_cost_mgt_gather
2020-09-03 14:16:55,633 - root - INFO : 正在执行Function: test_update_flow_cost_mgt_gather
2020-09-03 14:16:55,633 - root - INFO : 正在执行Function: flow_cost_mgt_save
2020-09-03 14:16:55,633 - root - INFO : 描述信息: 【预算/流量成本管理/新增流量成本】手机流量成本-普通投放模式
2020-09-03 14:16:55,633 - root - INFO : 请求地址: https://galaxy-api-fat.shiguangkey.com/api/galaxy/flow/cost/manage/save
2020-09-03 14:16:55,633 - root - INFO : 请求方法: [- POST -]
2020-09-03 14:16:55,633 - root - INFO : 请求头部: {'content-type': 'application/x-www-form-urlencoded', 'token': '0x7722e50712f12537b9248a49fcb599', 'x-dept-id-chain': '1001-8006-8007-8008-8009', 'user-agent': 'Mozilla/5.0 (Windows NT 10.0; Win64; x64) AppleWebKit/537.36 (KHTML, like Gecko) Chrome/80.0.3987.106 Safari/537.36', 'Connection': 'close', 'keep-alive': 'False'}
2020-09-03 14:16:55,633 - root - INFO : 请求正文: {'costMonth': 1601481600000, 'promotionerDeptIdChain': '1001-8006-8007-8008-8009', 'subjectId': '498', 'channelId': 4, 'gatherType': 1, 'putMode': 1, 'lastMonthLaunchNumber': 10000, 'lastMonthCashConsume': 1000, 'lastMonthSupplyTotal': 10000, 'lastMonthCost': 100, 'lastMonthDayAverageSupply': 1600, 'sameMonthDayAverageSupply': 10000, 'sameMonthDayAverageIncrement': 100, 'sameMonthCost': 1000, 'sameMonthDayConsume': 100, 'sameMonthSupply': 10000, 'sameMonthCashConsume': 1000, 'promotionerDeptName': '潭州教育>自动化测试分公司--勿动>自动化测试群--勿动>自动化测试事业部>自动化测试院', 'subjectName': 'VI设计', 'channelName': '知乎'}
2020-09-03 14:16:55,825 - root - INFO : 响应消息: {'traceId': '668cefab7dfd4ad4a684be18de1d3005', 'status': '0', 'msg': 'success', 'data': {}}
2020-09-03 14:16:55,825 - root - INFO : 校验类型: [-status], 结果: [Passed], 预期: [0]
2020-09-03 14:16:55,826 - root - INFO : 校验类型: [-msg], 结果: [Passed], 预期: [success]
2020-09-03 14:16:55,826 - root - INFO :  = = =  = = =  = = =  = = =  = = =  = = =  = = =  = = = 分割线 = = =  = = =  = = =  = = =  = = =  = = =  = = =  = = = 
2020-09-03 14:16:55,826 - root - INFO : 正在执行Function: flow_cost_mgt_page_list
2020-09-03 14:16:55,826 - root - INFO : 描述信息: 【预算/流量成本管理/查询】
2020-09-03 14:16:55,826 - root - INFO : 请求地址: https://galaxy-api-fat.shiguangkey.com/api/galaxy/flow/cost/manage/pageList
2020-09-03 14:16:55,826 - root - INFO : 请求方法: [- POST -]
2020-09-03 14:16:55,826 - root - INFO : 请求头部: {'content-type': 'application/x-www-form-urlencoded', 'token': '0x7722e50712f12537b9248a49fcb599', 'user-agent': 'Mozilla/5.0 (Windows NT 10.0; Win64; x64) AppleWebKit/537.36 (KHTML, like Gecko) Chrome/80.0.3987.106 Safari/537.36', 'Connection': 'close', 'keep-alive': 'False'}
2020-09-03 14:16:55,826 - root - INFO : 请求正文: {'pageIndex': 1, 'pageSize': 20, 'gatherType': 1, 'startCostMonth': 1601481600000, 'endCostMonth': 1601654399999, 'channelId': 4}
2020-09-03 14:16:56,016 - root - INFO : 响应消息: {'traceId': '14df0a9a3bcb416e904831dc675c776b', 'status': '0', 'msg': 'success', 'data': {'list': [{'id': 79, 'costMonth': 1601481600000, 'promotionerDeptIdChain': '1001-8006-8007-8008-8009', 'promotionerDeptName': '潭州教育>自动化测试分公司--勿动>自动化测试群--勿动>自动化测试事业部>自动化测试院', 'subjectId': 498, 'subjectName': 'VI设计', 'channelId': 4, 'channelName': '知乎', 'gatherType': 1, 'putMode': 1, 'lastMonthLaunchNumber': 10000, 'lastMonthCashConsume': 1000.0, 'lastMonthSupplyTotal': 10000, 'lastMonthCost': 100.0, 'lastMonthDayAverageSupply': 1600, 'sameMonthDayAverageSupply': 10000, 'sameMonthDayAverageIncrement': 100, 'sameMonthCost': 1000.0, 'sameMonthDayConsume': 100.0, 'sameMonthSupply': 10000, 'sameMonthCashConsume': 1000.0, 'creatorId': 19862099, 'creatorName': '日常的阿魏', 'creatorDeptId': 8009, 'creatorDeptIdChain': '1001-8006-8007-8008-8009', 'createTime': 1599113816000, 'modifierId': '', 'modifierName': '', 'modifyTime': '', 'isDelete': 2020}, {'id': 66, 'costMonth': 1601481600000, 'promotionerDeptIdChain': '1001-8006-8007-8008-8009', 'promotionerDeptName': '潭州教育>自动化测试分公司--勿动>自动化测试群--勿动>自动化测试事业部>自动化测试院', 'subjectId': 495, 'subjectName': '形象设计', 'channelId': 4, 'channelName': '知乎', 'gatherType': 1, 'putMode': 1, 'lastMonthLaunchNumber': 10000, 'lastMonthCashConsume': 1000.0, 'lastMonthSupplyTotal': 10000, 'lastMonthCost': 100.0, 'lastMonthDayAverageSupply': 1600, 'sameMonthDayAverageSupply': 10000, 'sameMonthDayAverageIncrement': 100, 'sameMonthCost': 1000.0, 'sameMonthDayConsume': 100.0, 'sameMonthSupply': 10000, 'sameMonthCashConsume': 1000.0, 'creatorId': 19862099, 'creatorName': '日常的阿魏', 'creatorDeptId': 8009, 'creatorDeptIdChain': '1001-8006-8007-8008-8009', 'createTime': 1599102816000, 'modifierId': '', 'modifierName': '', 'modifyTime': '', 'isDelete': 2020}, {'id': 54, 'costMonth': 1601481600000, 'promotionerDeptIdChain': '1001-8006-8007-8008-8009', 'promotionerDeptName': '潭州教育>自动化测试分公司--勿动>自动化测试群--勿动>自动化测试事业部>自动化测试院', 'subjectId': 272, 'subjectName': '游戏运营', 'channelId': 4, 'channelName': '知乎', 'gatherType': 1, 'putMode': 1, 'lastMonthLaunchNumber': 10000, 'lastMonthCashConsume': 1000.0, 'lastMonthSupplyTotal': 10000, 'lastMonthCost': 100.0, 'lastMonthDayAverageSupply': 1600, 'sameMonthDayAverageSupply': 10000, 'sameMonthDayAverageIncrement': 100, 'sameMonthCost': 1000.0, 'sameMonthDayConsume': 100.0, 'sameMonthSupply': 10000, 'sameMonthCashConsume': 1000.0, 'creatorId': 19862099, 'creatorName': '日常的阿魏', 'creatorDeptId': 8009, 'creatorDeptIdChain': '1001-8006-8007-8008-8009', 'createTime': 1599096064000, 'modifierId': '', 'modifierName': '', 'modifyTime': '', 'isDelete': 2020}, {'id': 50, 'costMonth': 1601481600000, 'promotionerDeptIdChain': '1001-8006-8007-8008-8009', 'promotionerDeptName': '潭州教育>自动化测试分公司--勿动>自动化测试群--勿动>自动化测试事业部>自动化测试院', 'subjectId': 275, 'subjectName': '新媒体运营', 'channelId': 4, 'channelName': '知乎', 'gatherType': 1, 'putMode': 1, 'lastMonthLaunchNumber': 1, 'lastMonthCashConsume': 1.0, 'lastMonthSupplyTotal': 1, 'lastMonthCost': 1.0, 'lastMonthDayAverageSupply': 1, 'sameMonthDayAverageSupply': 1, 'sameMonthDayAverageIncrement': 1, 'sameMonthCost': 1.0, 'sameMonthDayConsume': 1.0, 'sameMonthSupply': 1, 'sameMonthCashConsume': 1.0, 'creatorId': 19862099, 'creatorName': '日常的阿魏', 'creatorDeptId': 8009, 'creatorDeptIdChain': '1001-8006-8007-8008-8009', 'createTime': 1599037032000, 'modifierId': '', 'modifierName': '', 'modifyTime': '', 'isDelete': 2020}], 'totalItem': 4, 'summation': {'lastMonthLaunchNumber': 30001, 'lastMonthCashConsume': 3001.0, 'lastMonthSupplyTotal': 30001, 'lastMonthCost': 0.1, 'lastMonthDayAverageSupply': 4801, 'sameMonthDayAverageSupply': 30001, 'sameMonthDayAverageIncrement': 301, 'sameMonthCost': 0.1, 'sameMonthDayConsume': 301.0, 'sameMonthSupply': 30001, 'sameMonthCashConsume': 3001.0}}}
2020-09-03 14:16:56,021 - root - INFO : 提取变量: [ id: 79 ]
2020-09-03 14:16:56,022 - root - INFO : 提取变量: [ costMonth: 1601481600000 ]
2020-09-03 14:16:56,023 - root - INFO : 提取变量: [ subjectId: 498 ]
2020-09-03 14:16:56,023 - root - INFO : 提取变量: [ subjectName: VI设计 ]
2020-09-03 14:16:56,023 - root - INFO : 校验类型: [-status], 结果: [Passed], 预期: [0]
2020-09-03 14:16:56,023 - root - INFO : 校验类型: [-msg], 结果: [Passed], 预期: [success]
2020-09-03 14:16:56,023 - root - INFO :  = = =  = = =  = = =  = = =  = = =  = = =  = = =  = = = 分割线 = = =  = = =  = = =  = = =  = = =  = = =  = = =  = = = 
2020-09-03 14:16:56,023 - root - INFO : 正在执行Function: flow_cost_mgt_update
2020-09-03 14:16:56,024 - root - INFO : 描述信息: 【预算/流量成本管理/更新流量成本】
2020-09-03 14:16:56,024 - root - INFO : 请求地址: https://galaxy-api-fat.shiguangkey.com/api/galaxy/flow/cost/manage/update
2020-09-03 14:16:56,024 - root - INFO : 请求方法: [- POST -]
2020-09-03 14:16:56,024 - root - INFO : 请求头部: {'content-type': 'application/x-www-form-urlencoded', 'token': '0x7722e50712f12537b9248a49fcb599', 'x-dept-id-chain': '1001-8006-8007-8008-8009', 'user-agent': 'Mozilla/5.0 (Windows NT 10.0; Win64; x64) AppleWebKit/537.36 (KHTML, like Gecko) Chrome/80.0.3987.106 Safari/537.36', 'Connection': 'close', 'keep-alive': 'False'}
2020-09-03 14:16:56,024 - root - INFO : 请求正文: {'id': '79', 'costMonth': '1601481600000', 'promotionerDeptIdChain': '1001-8006-8007-8008-8009', 'subjectId': '498', 'channelId': 4, 'gatherType': 3, 'putMode': 1, 'lastMonthLaunchNumber': 10000, 'lastMonthCashConsume': 1000, 'lastMonthSupplyTotal': 10000, 'lastMonthCost': 100, 'lastMonthDayAverageSupply': 1600, 'sameMonthDayAverageSupply': 10000, 'sameMonthDayAverageIncrement': 100, 'sameMonthCost': 1000, 'sameMonthDayConsume': 100, 'sameMonthSupply': 10000, 'sameMonthCashConsume': 1000, 'promotionerDeptName': '潭州教育>自动化测试分公司--勿动>自动化测试群--勿动>自动化测试事业部>自动化测试院', 'subjectName': 'VI设计', 'channelName': '知乎'}
2020-09-03 14:16:56,230 - root - INFO : 响应消息: {'traceId': 'b2047d22ca0449dea5e24458b111b074', 'status': '110111002', 'msg': '已有同维度数据', 'data': {}}
2020-09-03 14:16:56,255 - root - INFO : 当前运行Case: test_del_flow_cost_mgt_gather
2020-09-03 14:16:56,255 - root - INFO : 正在执行Function: test_del_flow_cost_mgt_gather
2020-09-03 14:16:56,255 - root - INFO : 正在执行Function: flow_cost_mgt_save
2020-09-03 14:16:56,255 - root - INFO : 描述信息: 【预算/流量成本管理/新增流量成本】手机流量成本-普通投放模式
2020-09-03 14:16:56,255 - root - INFO : 请求地址: https://galaxy-api-fat.shiguangkey.com/api/galaxy/flow/cost/manage/save
2020-09-03 14:16:56,255 - root - INFO : 请求方法: [- POST -]
2020-09-03 14:16:56,255 - root - INFO : 请求头部: {'content-type': 'application/x-www-form-urlencoded', 'token': '0x7722e50712f12537b9248a49fcb599', 'x-dept-id-chain': '1001-8006-8007-8008-8009', 'user-agent': 'Mozilla/5.0 (Windows NT 10.0; Win64; x64) AppleWebKit/537.36 (KHTML, like Gecko) Chrome/80.0.3987.106 Safari/537.36', 'Connection': 'close', 'keep-alive': 'False'}
2020-09-03 14:16:56,256 - root - INFO : 请求正文: {'costMonth': 1601481600000, 'promotionerDeptIdChain': '1001-8006-8007-8008-8009', 'subjectId': '272', 'channelId': 4, 'gatherType': 3, 'putMode': 1, 'lastMonthLaunchNumber': 10000, 'lastMonthCashConsume': 1000, 'lastMonthSupplyTotal': 10000, 'lastMonthCost': 100, 'lastMonthDayAverageSupply': 1600, 'sameMonthDayAverageSupply': 10000, 'sameMonthDayAverageIncrement': 100, 'sameMonthCost': 1000, 'sameMonthDayConsume': 100, 'sameMonthSupply': 10000, 'sameMonthCashConsume': 1000, 'promotionerDeptName': '潭州教育>自动化测试分公司--勿动>自动化测试群--勿动>自动化测试事业部>自动化测试院', 'subjectName': '游戏运营', 'channelName': '知乎'}
2020-09-03 14:16:56,468 - root - INFO : 响应消息: {'traceId': 'a3a3664da04a4035888be0027b7963aa', 'status': '110111002', 'msg': '已有同维度数据', 'data': {}}
