2020-10-21 18:44:26,259 - root - INFO : 描述信息: 【潭州平台】获取登录用户 token
2020-10-21 18:44:26,260 - root - INFO : 请求地址: https://open-fat.shiguangkey.com/api/udb/workwechat/auth/login
2020-10-21 18:44:26,260 - root - INFO : 请求方法: [- POST -]
2020-10-21 18:44:26,261 - root - INFO : 请求头部: {'content-type': 'application/x-www-form-urlencoded', 'terminaltype': '4'}
2020-10-21 18:44:26,261 - root - INFO : 请求正文: {'account': 't0383212689', 'password': '4QrcOUm6Wau+VuBX8g+IPg'}
2020-10-21 18:44:26,559 - root - INFO : 响应消息: {'traceId': 'd52c98d4c9e045028f3fc88dabfc9545', 'status': '0', 'msg': 'success', 'data': {'user': {'uid': 19861712, 'mobile': '', 'account': '', 'nickname': '暖和的少女花', 'headImg': 'https://res.shiguangkey.com/res/images/default.png', 'openId': '', 'newRegister': False, 'needBindPhone': False, 'showAccountList': False}, 'token': '0x7758a30712f10d0a422486a8b21ff5'}}
2020-10-21 18:44:26,560 - root - INFO : 提取变量: [ pttoken: 0x7758a30712f10d0a422486a8b21ff5 ]
2020-10-21 18:44:26,560 - root - INFO : 校验类型: [-status], 结果: [Passed], 预期: [0]
2020-10-21 18:44:26,560 - root - INFO : 校验类型: [-msg], 结果: [Passed], 预期: [success]
2020-10-21 18:44:26,561 - root - INFO :  = = =  = = =  = = =  = = =  = = =  = = =  = = =  = = = 分割线 = = =  = = =  = = =  = = =  = = =  = = =  = = =  = = = 
2020-10-21 18:44:40,002 - root - INFO : 当前所在Class: Website || 类描述信息: None
2020-10-21 18:44:40,111 - root - INFO : 当前所在Class: Check || 类描述信息: None
2020-10-21 18:44:40,179 - root - INFO : 当前所在Class: Check || 类描述信息: None
2020-10-21 18:44:40,208 - root - INFO : 描述信息: 查询企业微信载体信息
2020-10-21 18:44:40,209 - root - INFO : 请求地址: https://luban-api-fat.shiguangkey.com/website-edit-api/carrier/search
2020-10-21 18:44:40,210 - root - INFO : 请求方法: [- POST -]
2020-10-21 18:44:40,210 - root - INFO : 请求头部: {'content-type': 'application/json', 'token': '0x7758a30712f10d0a422486a8b21ff5'}
2020-10-21 18:44:40,210 - root - INFO : 请求正文: {'carrierName': '别皱眉', 'type': 3}
2020-10-21 18:44:40,450 - root - INFO : 响应消息: {'status': 0, 'msg': 'success', 'traceId': 'df54f6aaf26d4edf9f7eeec3ac4db493', 'data': [{'id': 552, 'carrierName': '别皱眉', 'carrierNo': '别皱眉', 'qrCodeUrl': 'https://open.work.weixin.qq.com/wwopen/userQRCode?vcode=vc42c79008dbbacc02', 'wwUserId': '17444'}]}
2020-10-21 18:44:40,451 - root - INFO : 提取变量: [ vectorId: 552 ]
2020-10-21 18:44:40,451 - root - INFO : 提取变量: [ carrierNo: 别皱眉 ]
2020-10-21 18:44:40,451 - root - INFO : 提取变量: [ vector: 别皱眉 ]
2020-10-21 18:44:40,451 - root - INFO : 校验类型: [-status], 结果: [Passed], 预期: [0]
2020-10-21 18:44:40,452 - root - INFO : 校验类型: [-msg], 结果: [Passed], 预期: [success]
2020-10-21 18:44:40,452 - root - INFO :  = = =  = = =  = = =  = = =  = = =  = = =  = = =  = = = 分割线 = = =  = = =  = = =  = = =  = = =  = = =  = = =  = = = 
2020-10-21 18:44:40,515 - root - INFO : 描述信息: 【工具/落地页工具/新建落地页/手动】生成二维码，保存(工具使用)
2020-10-21 18:44:40,515 - root - INFO : 请求地址: https://luban-api-fat.shiguangkey.com/website-edit-api/website/create_website
2020-10-21 18:44:40,516 - root - INFO : 请求方法: [- POST -]
2020-10-21 18:44:40,516 - root - INFO : 请求头部: {'content-type': 'application/json', 'token': '0x7758a30712f10d0a422486a8b21ff5'}
2020-10-21 18:44:40,516 - root - INFO : 请求正文: {'name': '自动化落地页45144189', 'goodsId': None, 'previewUrl': 'https://fat-huawei-media.shiguangkey.com/kgj83rvewqrs6j6', 'isRecommendApp': False, 'submitType': 0, 'wechatReqs': [{'imageUrl': 'https://wework.qpic.cn/wwpic/825733_CZSQHUg-SMCv0u5_1603273871/0', 'wechat': '别皱眉', 'wechatChangeTime': 50, 'creativityId': 0, 'creativityNo': '', 'limitClickNum': 100, 'isWehub': False, 'isCarrier': True, 'carrierId': '552', 'channelNumber': 630}], 'isSmsVerify': 0, 'pageMode': 1, 'websiteType': 2, 'adCreateType': 2, 'websiteWechatType': 2, 'bgColor': '', 'bgImage': '', 'version': '2.5.0', 'compReqs': [{'compJson': '{"id":"kgj7urhze978pok","type":15,"wechatList":[{"imageUrl":"https://wework.qpic.cn/wwpic/825733_CZSQHUg-SMCv0u5_1603273871/0","wechat":"别皱眉","wechatChangeTime":50,"creativityId":0,"creativityNo":"","creativityName":"","limitClickNum":100,"carrierName":"别皱眉","isWehub":false,"isCarrier":true,"channelId":"","carrierId":552,"channelNumber":630,"disabled":false,"deleted":false}],"width":375,"height":160,"backgroundType":2,"background":"","codeWidth":120,"codeLeft":50,"codeTop":50,"y":0}', 'fileIds': [], 'scene': 1, 'type': 15}]}
2020-10-21 18:44:40,709 - root - INFO : 响应消息: {'status': 0, 'msg': 'success', 'traceId': '77ef3b477d6e4d71bfeb311f853c42d2', 'data': {'code': '1318865787508105218', 'id': 9117}}
2020-10-21 18:44:40,709 - root - INFO : 提取变量: [ websiteId: 9117 ]
2020-10-21 18:44:40,709 - root - INFO : 校验类型: [-status], 结果: [Passed], 预期: [0]
2020-10-21 18:44:40,709 - root - INFO : 校验类型: [-msg], 结果: [Passed], 预期: [success]
2020-10-21 18:44:40,710 - root - INFO :  = = =  = = =  = = =  = = =  = = =  = = =  = = =  = = = 分割线 = = =  = = =  = = =  = = =  = = =  = = =  = = =  = = = 
2020-10-21 18:44:40,710 - root - INFO : 描述信息: 【工具/落地页工具/新建落地页/手动】发布落地页
2020-10-21 18:44:40,710 - root - INFO : 请求地址: https://luban-api-fat.shiguangkey.com/website-edit-api/website/publish_website
2020-10-21 18:44:40,710 - root - INFO : 请求方法: [- POST -]
2020-10-21 18:44:40,710 - root - INFO : 请求头部: {'content-type': 'application/json', 'token': '0x7758a30712f10d0a422486a8b21ff5'}
2020-10-21 18:44:40,711 - root - INFO : 请求正文: {'websiteId': '9117'}
2020-10-21 18:44:40,887 - root - INFO : 响应消息: {'status': 0, 'msg': '落地页发布成功', 'traceId': 'bd7b882679e347bab36c3bf795896c68', 'data': None}
2020-10-21 18:44:40,887 - root - INFO : 校验类型: [-status], 结果: [Passed], 预期: [0]
2020-10-21 18:44:40,888 - root - INFO :  = = =  = = =  = = =  = = =  = = =  = = =  = = =  = = = 分割线 = = =  = = =  = = =  = = =  = = =  = = =  = = =  = = = 
2020-10-21 18:44:40,888 - root - INFO : 描述信息: 【工具/落地页工具/新建落地页/手动】生成链接
2020-10-21 18:44:40,888 - root - INFO : 请求地址: https://luban-api-fat.shiguangkey.com/website-edit-api/website_link/association_creativity
2020-10-21 18:44:40,888 - root - INFO : 请求方法: [- POST -]
2020-10-21 18:44:40,888 - root - INFO : 请求头部: {'content-type': 'application/json', 'token': '0x7758a30712f10d0a422486a8b21ff5'}
2020-10-21 18:44:40,888 - root - INFO : 请求正文: {'websiteId': '9117', 'title': 'kuaishou', 'accountId': 'wx359bdedd5d18907a', 'releaseChannel': 3, 'putPlanNames': ['自动化落地页45144189'], 'domain': 'https://mz-fat.tanzhouedu.com', 'subjectId': 280, 'websiteLinkFollowReq': {'gatherType': 3, 'isTest': 0, 'receiveDeptIdChain': '', 'receiveDeptName': '', 'allocInstType': 3, 'putMode': 1}, 'channelId': 6, 'subject': 'PHP'}
2020-10-21 18:44:41,076 - root - INFO : 响应消息: {'status': 0, 'msg': 'success', 'traceId': 'f08d60abd45549dfa5b53af6a62bbaf0', 'data': [{'putPlanName': None, 'creativityCode': 'f873b42950a81662'}]}
2020-10-21 18:44:41,076 - root - INFO : 提取变量: [ creativityCode: f873b42950a81662 ]
2020-10-21 18:44:41,077 - root - INFO : 校验类型: [-status], 结果: [Passed], 预期: [0]
2020-10-21 18:44:41,077 - root - INFO : 校验类型: [-msg], 结果: [Passed], 预期: [success]
2020-10-21 18:44:41,077 - root - INFO :  = = =  = = =  = = =  = = =  = = =  = = =  = = =  = = = 分割线 = = =  = = =  = = =  = = =  = = =  = = =  = = =  = = = 
2020-10-21 18:44:41,077 - root - INFO : 正在执行Function: list_landing_page
2020-10-21 18:44:41,077 - root - INFO : 描述信息: 【银河/工具/落地页工具】落地页数据查询
2020-10-21 18:44:41,077 - root - INFO : 请求地址: https://luban-api-fat.shiguangkey.com/website-edit-api/website_link/list_creativity
2020-10-21 18:44:41,077 - root - INFO : 请求方法: [- POST -]
2020-10-21 18:44:41,077 - root - INFO : 请求头部: {'content-type': 'application/json', 'token': '0x7758a30712f10d0a422486a8b21ff5'}
2020-10-21 18:44:41,077 - root - INFO : 请求正文: {'websiteCode': '', 'creativityCode': '', 'adNo': '', 'isTest': '', 'channelCode': '', 'subjectId': '', 'putMode': '', 'websiteName': '自动化落地页45144189', 'submitStartTime': '2020-10-21 00:00:00', 'submitEndTime': '2020-10-21 23:59:59', 'pageNo': 1, 'pageSize': 10, 'websiteType': 1}
2020-10-21 18:44:41,290 - root - INFO : 响应消息: {'status': 0, 'msg': 'success', 'traceId': 'd2dce2990147420a86d5526b93937b68', 'data': {'totalPage': 0, 'rows': [], 'totalCount': 0, 'pageNo': 1, 'pageSize': 10, 'currentPageSize': 0}}
