2020-11-03 10:03:48,237 - root - INFO : 正在执行Function: program_inf_save
2020-11-03 10:03:48,237 - root - INFO : 描述信息: 【银河/广告/广告计划】新增广告计划
2020-11-03 10:03:48,238 - root - INFO : 请求地址: https://galaxy-api-fat.shiguangkey.com/api/galaxy/program/info/save
2020-11-03 10:03:48,238 - root - INFO : 请求方法: [- POST -]
2020-11-03 10:03:48,238 - root - INFO : 请求头部: {'content-type': 'application/json', 'token': '0x7795da0712f1fa1e459419eb772639'}
2020-11-03 10:03:48,238 - root - INFO : 请求正文: {'channelId': 6, 'name': '自动化计划01834901', 'subjectId': '282', 'subjectName': 'Python', 'isTest': 0, 'putMode': 1, 'type': 1, 'gatherType': 1, 'allocInstType': 1, 'channelName': '微信'}
2020-11-03 10:03:48,463 - root - INFO : 响应消息: {'traceId': 'a0499a06625a482594d734e4d57a5a8e', 'status': '0', 'msg': 'success', 'data': {}}
2020-11-03 10:03:48,463 - root - INFO : 正在执行Function: program_page_list
2020-11-03 10:03:48,464 - root - INFO : 描述信息: 【银河/广告/广告计划】查询广告计划
2020-11-03 10:03:48,464 - root - INFO : 请求地址: https://galaxy-api-fat.shiguangkey.com/api/galaxy/program/pageList
2020-11-03 10:03:48,464 - root - INFO : 请求方法: [- POST -]
2020-11-03 10:03:48,464 - root - INFO : 请求头部: {'content-type': 'application/x-www-form-urlencoded', 'token': '0x7795da0712f1fa1e459419eb772639'}
2020-11-03 10:03:48,464 - root - INFO : 请求正文: {'name': '自动化计划01834901', 'isHide': 0, 'pageIndex': 1, 'pageSize': 20, 'gatherType': 1}
2020-11-03 10:03:48,809 - root - INFO : 响应消息: {'traceId': 'dd814e0aa0aa44fb97c1503e4a5a0e26', 'status': '0', 'msg': 'success', 'data': {'totalItem': 1, 'list': [{'id': 14938, 'oldProgramId': None, 'no': '1000001011635607', 'name': '自动化计划01834901', 'type': 1, 'programName': None, 'subjectName': 'Python', 'subjectId': 282, 'channelName': '微信', 'channelId': 6, 'isImport': None, 'position': None, 'keyword': None, 'areaId': None, 'areaName': None, 'remark': None, 'isNeedCaptch': None, 'state': None, 'adMainId': None, 'channelAgencyAccountId': None, 'accountCode': None, 'adMainAccount': None, 'thirdUrl': None, 'allocInstType': 1, 'receiveDeptId': None, 'receiveDeptIdChain': None, 'isHide': 0, 'isTest': 0, 'creatorDeptId': 8009, 'creatorName': '自动化专用-勿动', 'createTime': 1604369030000, 'putMode': 1, 'updateState': 1}]}}
2020-11-03 10:03:48,810 - root - INFO : 提取变量: [ channelId: 6 ]
2020-11-03 10:03:48,811 - root - INFO : 提取变量: [ putMode: 1 ]
2020-11-03 10:03:48,811 - root - INFO : 提取变量: [ adName: 自动化计划01834901 ]
2020-11-03 10:03:48,811 - root - INFO : 提取变量: [ adId: 14938 ]
2020-11-03 10:03:48,811 - root - INFO : 提取变量: [ type: 1 ]
2020-11-03 10:03:48,812 - root - INFO : 提取变量: [ subjectId: 282 ]
2020-11-03 10:03:48,812 - root - INFO : 正在执行Function: creativity_sav
2020-11-03 10:03:48,812 - root - INFO : 描述信息: 【银河/广告/广告计划】新建广告创意
2020-11-03 10:03:48,812 - root - INFO : 请求地址: https://galaxy-api-fat.shiguangkey.com/api/galaxy/creativity/save
2020-11-03 10:03:48,812 - root - INFO : 请求方法: [- POST -]
2020-11-03 10:03:48,812 - root - INFO : 请求头部: {'content-type': 'application/x-www-form-urlencoded', 'token': '0x7795da0712f1fa1e459419eb772639'}
2020-11-03 10:03:48,812 - root - INFO : 请求正文: {'name': '自动化创意58367681', 'gatherType': 1, 'isNeedCaptch': 0, 'position': 1, 'type': '1', 'putMode': '1', 'channelId': '6', 'programId': '14938', 'programName': '自动化计划01834901'}
2020-11-03 10:03:49,044 - root - INFO : 响应消息: {'traceId': '34e8335634d647a29b7c3c8858c1d27b', 'status': '0', 'msg': 'success', 'data': {}}
2020-11-03 10:03:49,044 - root - INFO : 正在执行Function: creativity_page_list
2020-11-03 10:03:49,044 - root - INFO : 描述信息: 【银河/广告/广告创意】查询广告创意
2020-11-03 10:03:49,044 - root - INFO : 请求地址: https://galaxy-api-fat.shiguangkey.com/api/galaxy/creativity/pageList
2020-11-03 10:03:49,045 - root - INFO : 请求方法: [- POST -]
2020-11-03 10:03:49,046 - root - INFO : 请求头部: {'content-type': 'application/x-www-form-urlencoded', 'token': '0x7795da0712f1fa1e459419eb772639'}
2020-11-03 10:03:49,046 - root - INFO : 请求正文: {'gatherType': 1, 'programId': '14938', 'isHide': 0, 'pageIndex': 1, 'pageSize': 20}
2020-11-03 10:03:49,397 - root - INFO : 响应消息: {'traceId': '08d63ea9924b41259ae3c072b8ddcb23', 'status': '0', 'msg': 'success', 'data': {'totalItem': 1, 'list': [{'id': 114648, 'oldCreativityId': None, 'oldProgramId': None, 'no': '8528351755164c14927ade509a9824a0', 'name': '自动化创意58367681', 'programName': '自动化计划01834901', 'subjectName': 'Python', 'subjectId': 282, 'channelName': '微信', 'channelId': 6, 'isImport': 0, 'position': '1', 'keyword': None, 'areaId': None, 'areaName': None, 'creatorName': '自动化专用-勿动', 'createTime': 1604369030000, 'remark': None, 'isNeedCaptch': 0, 'state': 2, 'adMainId': None, 'channelAgencyAccountId': None, 'accountCode': None, 'adMainAccount': None, 'thirdUrl': None, 'allocInstType': 1, 'receiveDeptId': None, 'receiveDeptIdChain': None, 'isHide': 0, 'isTest': 0, 'creatorDeptId': 8009, 'vector': None, 'customerVectorValue': None, 'followerName': None, 'followerTanzkAccount': None, 'putMode': 1, 'receptionistId': None, 'receptionistName': None, 'receptionistTanzkAccount': None, 'receptionistDeptId': None, 'receptionistDeptIdChain': None, 'creatorDeptIdChain': '1001-8006-8007-8008-8009', 'updateState': 1, 'type': 1, 'programId': 14938, 'promotionTerminal': 1, 'vectorType': None, 'channelQrCode': None, 'channelNumber': None, 'companyWechatId': None, 'vectorId': None, 'vectorName': None}]}}
2020-11-03 10:03:49,398 - root - INFO : 提取变量: [ creativityId: 114648 ]
2020-11-03 10:03:49,398 - root - INFO : 提取变量: [ creativityName: 自动化创意58367681 ]
2020-11-03 10:03:49,399 - root - INFO : 提取变量: [ creativityNo: 8528351755164c14927ade509a9824a0 ]
