2020-10-28 11:17:25,788 - root - INFO : 描述信息: 【潭州平台】获取登录用户 token
2020-10-28 11:17:25,804 - root - INFO : 请求地址: https://open-fat.shiguangkey.com/api/udb/workwechat/auth/login
2020-10-28 11:17:26,051 - root - INFO : 请求方法: [- POST -]
2020-10-28 11:17:26,052 - root - INFO : 请求头部: {'content-type': 'application/x-www-form-urlencoded', 'terminaltype': '4'}
2020-10-28 11:17:26,056 - root - INFO : 请求正文: {'account': 't0383212689', 'password': '4QrcOUm6Wau+VuBX8g+IPg'}
2020-10-28 11:17:26,615 - root - INFO : 响应消息: {'traceId': 'af18f8ab794f400782d28e99a50a379f', 'status': '0', 'msg': 'success', 'data': {'user': {'uid': 19861712, 'mobile': '', 'account': '', 'nickname': '暖和的少女花', 'headImg': 'https://res.shiguangkey.com/res/images/default.png', 'openId': '', 'newRegister': False, 'needBindPhone': False, 'showAccountList': False}, 'token': '0x7721ea0712f10d0af924d31b9dd9ed'}}
2020-10-28 11:17:26,616 - root - INFO : 提取变量: [ pttoken: 0x7721ea0712f10d0af924d31b9dd9ed ]
2020-10-28 11:17:26,616 - root - INFO : 校验类型: [-status], 结果: [Passed], 预期: [0]
2020-10-28 11:17:26,617 - root - INFO : 校验类型: [-msg], 结果: [Passed], 预期: [success]
2020-10-28 11:17:26,617 - root - INFO :  = = =  = = =  = = =  = = =  = = =  = = =  = = =  = = = 分割线 = = =  = = =  = = =  = = =  = = =  = = =  = = =  = = = 
2020-10-28 11:21:09,502 - root - INFO : 描述信息: 【潭州平台】获取登录用户 token
2020-10-28 11:21:09,502 - root - INFO : 请求地址: https://open-fat.shiguangkey.com/api/udb/workwechat/auth/login
2020-10-28 11:21:09,502 - root - INFO : 请求方法: [- POST -]
2020-10-28 11:21:09,502 - root - INFO : 请求头部: {'content-type': 'application/x-www-form-urlencoded', 'terminaltype': '4'}
2020-10-28 11:21:09,502 - root - INFO : 请求正文: {'account': 't0373492024', 'password': '4QrcOUm6Wau+VuBX8g+IPg'}
2020-10-28 11:21:09,725 - root - INFO : 响应消息: {'traceId': '2a2639be27294f57a4916713e622a6d9', 'status': '0', 'msg': 'success', 'data': {'user': {'uid': 19861716, 'mobile': '', 'account': '', 'nickname': '用功的柠檬', 'headImg': 'https://res.shiguangkey.com/res/images/default.png', 'openId': '', 'newRegister': False, 'needBindPhone': False, 'showAccountList': False}, 'token': '0x778a030712f10d4e9b54571b7db89f'}}
2020-10-28 11:21:09,726 - root - INFO : 提取变量: [ pttoken: 0x778a030712f10d4e9b54571b7db89f ]
2020-10-28 11:21:09,727 - root - INFO : 校验类型: [-status], 结果: [Passed], 预期: [0]
2020-10-28 11:21:09,728 - root - INFO : 校验类型: [-msg], 结果: [Passed], 预期: [success]
2020-10-28 11:21:09,728 - root - INFO :  = = =  = = =  = = =  = = =  = = =  = = =  = = =  = = = 分割线 = = =  = = =  = = =  = = =  = = =  = = =  = = =  = = = 
2020-10-28 11:21:09,763 - root - INFO : 正在执行Function: add_agent
2020-10-28 11:21:09,763 - root - INFO : 描述信息: 【银河/账户/代理商管理】新增代理商
2020-10-28 11:21:09,764 - root - INFO : 请求地址: https://galaxy-api-fat.shiguangkey.com/api/galaxy/channelAgency/save
2020-10-28 11:21:09,764 - root - INFO : 请求方法: [- POST -]
2020-10-28 11:21:09,764 - root - INFO : 请求头部: {'content-type': 'application/x-www-form-urlencoded', 'token': '0x778a030712f10d4e9b54571b7db89f', 'terminaltype': '4'}
2020-10-28 11:21:09,764 - root - INFO : 请求正文: {'agencyShortName': '', 'agencyName': '', 'thirdAgencyCode': '', 'channelId': '', 'channelName': ''}
2020-10-28 11:21:10,028 - root - INFO : 响应消息: {'traceId': 'c1531a5139d14f7996aef3cb058691cf', 'status': '999999992', 'msg': '请求参数错误。', 'data': {}}
2020-10-28 11:21:10,028 - root - INFO : 正在执行Function: qry_channel_agency
2020-10-28 11:21:10,029 - root - INFO : 描述信息: 【银河/账户/代理商管理】查询代理商
2020-10-28 11:21:10,030 - root - INFO : 请求地址: https://galaxy-api-fat.shiguangkey.com/api/galaxy/channelAgency/pageList
2020-10-28 11:21:10,030 - root - INFO : 请求方法: [- POST -]
2020-10-28 11:21:10,030 - root - INFO : 请求头部: {'content-type': 'application/x-www-form-urlencoded', 'token': '0x778a030712f10d4e9b54571b7db89f', 'terminaltype': '4'}
2020-10-28 11:21:10,030 - root - INFO : 请求正文: {'pageIndex': 1, 'pageSize': 20, 'agencyShortName': '', 'thirdAgencyCode': ''}
2020-10-28 11:21:10,211 - root - INFO : 响应消息: {'traceId': 'e2b5fbbf92e44f928510de55e8e69277', 'status': '0', 'msg': 'success', 'data': {'totalItem': 0, 'list': []}}
