2020-09-04 11:23:46,532 - root - INFO : 描述信息: 【潭州平台】获取登录用户 token
2020-09-04 11:23:46,532 - root - INFO : 请求地址: https://open-fat.shiguangkey.com/api/udb/workwechat/auth/login
2020-09-04 11:23:46,533 - root - INFO : 请求方法: [- POST -]
2020-09-04 11:23:46,533 - root - INFO : 请求头部: {'content-type': 'application/x-www-form-urlencoded', 'terminaltype': '4', 'user-agent': 'Mozilla/5.0 (Windows NT 10.0; Win64; x64) AppleWebKit/537.36 (KHTML, like Gecko) Chrome/80.0.3987.106 Safari/537.36', 'Connection': 'close', 'keep-alive': 'False'}
2020-09-04 11:23:46,533 - root - INFO : 请求正文: {'account': 't0384223793', 'password': '4QrcOUm6Wau+VuBX8g+IPg'}
2020-09-04 11:23:46,678 - root - INFO : 响应消息: {'traceId': 'c8d9044b454b4579bf8a3c7f12b85a1f', 'status': '0', 'msg': 'success', 'data': {'user': {'uid': 19862099, 'mobile': '', 'account': '', 'nickname': '日常的阿魏', 'headImg': 'https://res.shiguangkey.com/res/images/default.png', 'openId': '', 'newRegister': False, 'needBindPhone': False, 'showAccountList': False}, 'token': '0x771c450712f1253ccc84c3e9c1ba1f'}}
2020-09-04 11:23:46,679 - root - INFO : 提取变量: [ pttoken: 0x771c450712f1253ccc84c3e9c1ba1f ]
2020-09-04 11:23:46,679 - root - INFO : 校验类型: [-status], 结果: [Passed], 预期: [0]
2020-09-04 11:23:46,679 - root - INFO : 校验类型: [-msg], 结果: [Passed], 预期: [success]
2020-09-04 11:23:46,679 - root - INFO :  = = =  = = =  = = =  = = =  = = =  = = =  = = =  = = = 分割线 = = =  = = =  = = =  = = =  = = =  = = =  = = =  = = = 
2020-09-04 11:23:46,688 - root - INFO : 描述信息: 【潭州平台】获取登录用户 token
2020-09-04 11:23:46,688 - root - INFO : 请求地址: https://open-fat.shiguangkey.com/api/udb/workwechat/auth/login
2020-09-04 11:23:46,688 - root - INFO : 请求方法: [- POST -]
2020-09-04 11:23:46,688 - root - INFO : 请求头部: {'content-type': 'application/x-www-form-urlencoded', 'terminaltype': '4', 'user-agent': 'Mozilla/5.0 (Windows NT 10.0; Win64; x64) AppleWebKit/537.36 (KHTML, like Gecko) Chrome/80.0.3987.106 Safari/537.36', 'Connection': 'close', 'keep-alive': 'False'}
2020-09-04 11:23:46,688 - root - INFO : 请求正文: {'account': 't0385252771', 'password': '4QrcOUm6Wau+VuBX8g+IPg'}
2020-09-04 11:23:46,819 - root - INFO : 响应消息: {'traceId': 'f2323ebbd1584e3a9a40bb91e6a69775', 'status': '0', 'msg': 'success', 'data': {'user': {'uid': 19861714, 'mobile': '', 'account': '', 'nickname': '精彩的鲀鱼', 'headImg': 'https://res.shiguangkey.com/res/images/default.png', 'openId': '', 'newRegister': False, 'needBindPhone': False, 'showAccountList': False}, 'token': '0x77e2400712f10d270e1423993ce4e5'}}
2020-09-04 11:23:46,820 - root - INFO : 提取变量: [ pttoken: 0x77e2400712f10d270e1423993ce4e5 ]
2020-09-04 11:23:46,820 - root - INFO : 校验类型: [-status], 结果: [Passed], 预期: [0]
2020-09-04 11:23:46,820 - root - INFO : 校验类型: [-msg], 结果: [Passed], 预期: [success]
2020-09-04 11:23:46,820 - root - INFO :  = = =  = = =  = = =  = = =  = = =  = = =  = = =  = = = 分割线 = = =  = = =  = = =  = = =  = = =  = = =  = = =  = = = 
2020-09-04 11:23:46,828 - root - INFO : 当前运行Case: test_chk_cost_apply
2020-09-04 11:23:46,828 - root - INFO : 正在执行Function: test_chk_cost_apply
2020-09-04 11:23:46,829 - root - INFO : 正在执行Function: qry_cost_apply
2020-09-04 11:23:46,829 - root - INFO : 描述信息: 【预算-投放预算管理-申请记录】查询
2020-09-04 11:23:46,829 - root - INFO : 请求地址: https://galaxy-api-fat.shiguangkey.com/api/galaxy/costApply/pageList
2020-09-04 11:23:46,829 - root - INFO : 请求方法: [- POST -]
2020-09-04 11:23:46,829 - root - INFO : 请求头部: {'content-type': 'application/x-www-form-urlencoded', 'token': '0x77e2400712f10d270e1423993ce4e5', 'user-agent': 'Mozilla/5.0 (Windows NT 10.0; Win64; x64) AppleWebKit/537.36 (KHTML, like Gecko) Chrome/80.0.3987.106 Safari/537.36', 'Connection': 'close', 'keep-alive': 'False'}
2020-09-04 11:23:46,829 - root - INFO : 请求正文: {'pageIndex': 1, 'pageSize': 20, 'auditState': 3}
2020-09-04 11:23:47,007 - root - INFO : 响应消息: {'traceId': 'e7ce1d3a53b74acfac109fcdbe0a4442', 'status': 'R1003', 'msg': '您暂无权限访问该接口', 'data': {}}
