2020-09-04 14:20:09,085 - root - INFO : 描述信息: 【潭州平台】获取登录用户 token
2020-09-04 14:20:09,086 - root - INFO : 请求地址: https://open-fat.shiguangkey.com/api/udb/workwechat/auth/login
2020-09-04 14:20:09,086 - root - INFO : 请求方法: [- POST -]
2020-09-04 14:20:09,086 - root - INFO : 请求头部: {'content-type': 'application/x-www-form-urlencoded', 'terminaltype': '4', 'user-agent': 'Mozilla/5.0 (Windows NT 10.0; Win64; x64) AppleWebKit/537.36 (KHTML, like Gecko) Chrome/80.0.3987.106 Safari/537.36', 'Connection': 'close', 'keep-alive': 'False'}
2020-09-04 14:20:09,086 - root - INFO : 请求正文: {'account': 't0384223793', 'password': '4QrcOUm6Wau+VuBX8g+IPg'}
2020-09-04 14:20:09,331 - root - INFO : 响应消息: {'traceId': '92c0a15fb1484246b51b7755e968120d', 'status': '0', 'msg': 'success', 'data': {'user': {'uid': 19862099, 'mobile': '', 'account': '', 'nickname': '日常的阿魏', 'headImg': 'https://res.shiguangkey.com/res/images/default.png', 'openId': '', 'newRegister': False, 'needBindPhone': False, 'showAccountList': False}, 'token': '0x77e50b0712f1253f9f541cf96ac3cf'}}
2020-09-04 14:20:09,332 - root - INFO : 提取变量: [ pttoken: 0x77e50b0712f1253f9f541cf96ac3cf ]
2020-09-04 14:20:09,332 - root - INFO : 校验类型: [-status], 结果: [Passed], 预期: [0]
2020-09-04 14:20:09,332 - root - INFO : 校验类型: [-msg], 结果: [Passed], 预期: [success]
2020-09-04 14:20:09,332 - root - INFO :  = = =  = = =  = = =  = = =  = = =  = = =  = = =  = = = 分割线 = = =  = = =  = = =  = = =  = = =  = = =  = = =  = = = 
2020-09-04 14:20:09,349 - root - INFO : 当前运行Case: test_chk_cost_apply_batch_pass
2020-09-04 14:20:09,349 - root - INFO : 正在执行Function: test_chk_cost_apply_batch_pass
2020-09-04 14:20:09,350 - root - INFO : 描述信息: 【潭州平台】获取登录用户 token
2020-09-04 14:20:09,350 - root - INFO : 请求地址: https://open-fat.shiguangkey.com/api/udb/workwechat/auth/login
2020-09-04 14:20:09,350 - root - INFO : 请求方法: [- POST -]
2020-09-04 14:20:09,350 - root - INFO : 请求头部: {'content-type': 'application/x-www-form-urlencoded', 'terminaltype': '4', 'user-agent': 'Mozilla/5.0 (Windows NT 10.0; Win64; x64) AppleWebKit/537.36 (KHTML, like Gecko) Chrome/80.0.3987.106 Safari/537.36', 'Connection': 'close', 'keep-alive': 'False'}
2020-09-04 14:20:09,350 - root - INFO : 请求正文: {'account': 't0385252771', 'password': '4QrcOUm6Wau+VuBX8g+IPg'}
2020-09-04 14:20:09,503 - root - INFO : 响应消息: {'traceId': '422576ba1e1a42939d0345b1f90338e5', 'status': '0', 'msg': 'success', 'data': {'user': {'uid': 19861714, 'mobile': '', 'account': '', 'nickname': '精彩的鲀鱼', 'headImg': 'https://res.shiguangkey.com/res/images/default.png', 'openId': '', 'newRegister': False, 'needBindPhone': False, 'showAccountList': False}, 'token': '0x774dbe0712f10d251b54ba5b2475c9'}}
2020-09-04 14:20:09,503 - root - INFO : 提取变量: [ pttoken: 0x774dbe0712f10d251b54ba5b2475c9 ]
2020-09-04 14:20:09,503 - root - INFO : 校验类型: [-status], 结果: [Passed], 预期: [0]
2020-09-04 14:20:09,503 - root - INFO : 校验类型: [-msg], 结果: [Passed], 预期: [success]
2020-09-04 14:20:09,503 - root - INFO :  = = =  = = =  = = =  = = =  = = =  = = =  = = =  = = = 分割线 = = =  = = =  = = =  = = =  = = =  = = =  = = =  = = = 
2020-09-04 14:20:09,503 - root - INFO : 正在执行Function: add_flow_budget
2020-09-04 14:20:09,504 - root - INFO : 描述信息: 【海川/预算管理/流量预算】新增流量预算
2020-09-04 14:20:09,504 - root - INFO : 请求地址: https://ocean-fat.shiguangkey.com/api/stat/budget/traffic/add?organizationId=8009
2020-09-04 14:20:09,504 - root - INFO : 请求方法: [- POST -]
2020-09-04 14:20:09,504 - root - INFO : 请求头部: {'content-type': 'application/json', 'token': '0x774dbe0712f10d251b54ba5b2475c9', 'user-agent': 'Mozilla/5.0 (Windows NT 10.0; Win64; x64) AppleWebKit/537.36 (KHTML, like Gecko) Chrome/80.0.3987.106 Safari/537.36', 'Connection': 'close', 'keep-alive': 'False'}
2020-09-04 14:20:09,504 - root - INFO : 请求正文: {'id': '', 'costMonth': '2020-10-01', 'weekNum': 1, 'weekRange': '1-4', 'promotionerDeptId': 8009, 'subjectId': '521', 'putMode': 2, 'gatherType': 1, 'flowCost': '0.00', 'avgCardNum': 1, 'monthEntryNum': 1, 'monthUnCorrectNum': 1, 'monthCorrectNum': 1, 'visitorNum': 3, 'workDay': 1, 'stageCardNum': 3, 'flowExpenditure': 0, 'customerPrice': 1, 'conversionRate': 1, 'signUpNum': 3, 'performance': 3, 'roi': 0, 'applyRemark': '', 'subjectName': 'Flash', 'receiveDeptId': '', 'receiveDeptName': '', 'promotionerDeptName': '', 'subjectIdChain': '261-505-521', 'organizationId': 8009}
2020-09-04 14:20:09,840 - root - INFO : 响应消息: {'data': None, 'msg': None, 'platform': None, 'res': 100, 'traceId': '86fe64abaf1c05f3'}
2020-09-04 14:20:09,840 - root - INFO : 校验类型: [-res], 结果: [Passed], 预期: [100]
2020-09-04 14:20:09,840 - root - INFO : 校验类型: [-msg], 结果: [Passed], 预期: [None]
2020-09-04 14:20:09,840 - root - INFO :  = = =  = = =  = = =  = = =  = = =  = = =  = = =  = = = 分割线 = = =  = = =  = = =  = = =  = = =  = = =  = = =  = = = 
2020-09-04 14:20:09,840 - root - INFO : 描述信息: 【潭州平台】获取登录用户 token
2020-09-04 14:20:09,840 - root - INFO : 请求地址: https://open-fat.shiguangkey.com/api/udb/workwechat/auth/login
2020-09-04 14:20:09,840 - root - INFO : 请求方法: [- POST -]
2020-09-04 14:20:09,840 - root - INFO : 请求头部: {'content-type': 'application/x-www-form-urlencoded', 'terminaltype': '4', 'user-agent': 'Mozilla/5.0 (Windows NT 10.0; Win64; x64) AppleWebKit/537.36 (KHTML, like Gecko) Chrome/80.0.3987.106 Safari/537.36', 'Connection': 'close', 'keep-alive': 'False'}
2020-09-04 14:20:09,841 - root - INFO : 请求正文: {'account': 't0385252771', 'password': '4QrcOUm6Wau+VuBX8g+IPg'}
2020-09-04 14:20:09,988 - root - INFO : 响应消息: {'traceId': '5a3596218e2e444f92b597bc5c7fccba', 'status': '0', 'msg': 'success', 'data': {'user': {'uid': 19861714, 'mobile': '', 'account': '', 'nickname': '精彩的鲀鱼', 'headImg': 'https://res.shiguangkey.com/res/images/default.png', 'openId': '', 'newRegister': False, 'needBindPhone': False, 'showAccountList': False}, 'token': '0x7794dd0712f10d25e364c7e9b59b1d'}}
2020-09-04 14:20:09,988 - root - INFO : 提取变量: [ pttoken: 0x7794dd0712f10d25e364c7e9b59b1d ]
2020-09-04 14:20:09,988 - root - INFO : 校验类型: [-status], 结果: [Passed], 预期: [0]
2020-09-04 14:20:09,988 - root - INFO : 校验类型: [-msg], 结果: [Passed], 预期: [success]
2020-09-04 14:20:09,988 - root - INFO :  = = =  = = =  = = =  = = =  = = =  = = =  = = =  = = = 分割线 = = =  = = =  = = =  = = =  = = =  = = =  = = =  = = = 
2020-09-04 14:20:09,988 - root - INFO : 正在执行Function: qry_flow_budget
2020-09-04 14:20:09,988 - root - INFO : 描述信息: 【海川/预算管理/流量预算】查询流量预算
2020-09-04 14:20:09,989 - root - INFO : 请求地址: https://ocean-fat.shiguangkey.com/api/stat/budget/traffic/pageList?organizationId=8009
2020-09-04 14:20:09,989 - root - INFO : 请求方法: [- POST -]
2020-09-04 14:20:09,989 - root - INFO : 请求头部: {'content-type': 'application/json', 'token': '0x7794dd0712f10d25e364c7e9b59b1d', 'user-agent': 'Mozilla/5.0 (Windows NT 10.0; Win64; x64) AppleWebKit/537.36 (KHTML, like Gecko) Chrome/80.0.3987.106 Safari/537.36', 'Connection': 'close', 'keep-alive': 'False'}
2020-09-04 14:20:09,989 - root - INFO : 请求正文: {'pageNow': 1, 'pageSize': 20, 'auditState': 1, 'organizationId': [8009], 'deptId': 8009}
2020-09-04 14:20:10,243 - root - INFO : 响应消息: {'data': {'extraData': None, 'list': [{'apply': '精彩的鲀鱼', 'applyRemark': '', 'applyTime': 1599200409000, 'applyUid': 19861714, 'auditState': 1, 'avgCardNum': 1, 'conversionRate': 1.0, 'costMonth': 1601481600000, 'createTime': 1599200409000, 'creatorDeptId': 8009, 'creatorDeptIdChain': '1001', 'creatorId': 19861714, 'creatorName': '精彩的鲀鱼', 'customerPrice': 1.0, 'flowCost': 0.0, 'flowExpenditure': 0.0, 'gatherType': 1, 'id': 49, 'modifierId': 19861714, 'modifierName': '丁聪4', 'modifyTime': 1599200409000, 'monthCorrectNum': 1, 'monthEntryNum': 1, 'monthUnCorrectNum': 1, 'performance': 3.0, 'promotionerDeptId': 8009, 'promotionerDeptIdChain': '1001-8006-8007-8008-8009', 'promotionerDeptName': '潭州教育>自动化测试分公司--勿动>自动化测试群--勿动>自动化测试事业部>自动化测试院', 'putMode': 2, 'receiveDeptId': 8009, 'receiveDeptIdChain': '1001-8006-8007-8008-8009', 'receiveDeptName': '潭州教育>自动化测试分公司--勿动>自动化测试群--勿动>自动化测试事业部>自动化测试院', 'roi': 0.0, 'signUpNum': 3, 'stageCardNum': 3, 'subjectId': 521, 'subjectIdChain': '261-505-521', 'subjectName': 'Flash', 'visitorNum': 3, 'weekNum': 1, 'weekRange': '1-4', 'workDay': 1}, {'apply': '精彩的鲀鱼', 'applyRemark': '', 'applyTime': 1599199827000, 'applyUid': 19861714, 'auditState': 1, 'avgCardNum': 1, 'conversionRate': 1.0, 'costMonth': 1601481600000, 'createTime': 1599199827000, 'creatorDeptId': 8009, 'creatorDeptIdChain': '1001', 'creatorId': 19861714, 'creatorName': '精彩的鲀鱼', 'customerPrice': 1.0, 'flowCost': 0.0, 'flowExpenditure': 0.0, 'gatherType': 1, 'id': 47, 'modifierId': 19861714, 'modifierName': '丁聪4', 'modifyTime': 1599199827000, 'monthCorrectNum': 1, 'monthEntryNum': 1, 'monthUnCorrectNum': 1, 'performance': 3.0, 'promotionerDeptId': 8009, 'promotionerDeptIdChain': '1001-8006-8007-8008-8009', 'promotionerDeptName': '潭州教育>自动化测试分公司--勿动>自动化测试群--勿动>自动化测试事业部>自动化测试院', 'putMode': 2, 'receiveDeptId': 8009, 'receiveDeptIdChain': '1001-8006-8007-8008-8009', 'receiveDeptName': '潭州教育>自动化测试分公司--勿动>自动化测试群--勿动>自动化测试事业部>自动化测试院', 'roi': 0.0, 'signUpNum': 3, 'stageCardNum': 3, 'subjectId': 621, 'subjectIdChain': '264-300-621', 'subjectName': '食用菌', 'visitorNum': 3, 'weekNum': 1, 'weekRange': '1-4', 'workDay': 1}, {'apply': '精彩的鲀鱼', 'applyRemark': '', 'applyTime': 1599199742000, 'applyUid': 19861714, 'auditState': 1, 'avgCardNum': 1, 'conversionRate': 1.0, 'costMonth': 1601481600000, 'createTime': 1599199742000, 'creatorDeptId': 8009, 'creatorDeptIdChain': '1001', 'creatorId': 19861714, 'creatorName': '精彩的鲀鱼', 'customerPrice': 1.0, 'flowCost': 0.0, 'flowExpenditure': 0.0, 'gatherType': 1, 'id': 46, 'modifierId': 19861714, 'modifierName': '丁聪4', 'modifyTime': 1599199742000, 'monthCorrectNum': 1, 'monthEntryNum': 1, 'monthUnCorrectNum': 1, 'performance': 3.0, 'promotionerDeptId': 8009, 'promotionerDeptIdChain': '1001-8006-8007-8008-8009', 'promotionerDeptName': '潭州教育>自动化测试分公司--勿动>自动化测试群--勿动>自动化测试事业部>自动化测试院', 'putMode': 2, 'receiveDeptId': 8009, 'receiveDeptIdChain': '1001-8006-8007-8008-8009', 'receiveDeptName': '潭州教育>自动化测试分公司--勿动>自动化测试群--勿动>自动化测试事业部>自动化测试院', 'roi': 0.0, 'signUpNum': 3, 'stageCardNum': 3, 'subjectId': 620, 'subjectIdChain': '264-300-620', 'subjectName': '稻麦主食', 'visitorNum': 3, 'weekNum': 1, 'weekRange': '1-4', 'workDay': 1}, {'apply': '精彩的鲀鱼', 'applyRemark': '', 'applyTime': 1599198895000, 'applyUid': 19861714, 'auditState': 1, 'avgCardNum': 1, 'conversionRate': 1.0, 'costMonth': 1601481600000, 'createTime': 1599198895000, 'creatorDeptId': 8009, 'creatorDeptIdChain': '1001', 'creatorId': 19861714, 'creatorName': '精彩的鲀鱼', 'customerPrice': 1.0, 'flowCost': 0.0, 'flowExpenditure': 0.0, 'gatherType': 2, 'id': 45, 'modifierId': 19861714, 'modifierName': '丁聪4', 'modifyTime': 1599198895000, 'monthCorrectNum': 1, 'monthEntryNum': 1, 'monthUnCorrectNum': 1, 'performance': 3.0, 'promotionerDeptId': 8009, 'promotionerDeptIdChain': '1001-8006-8007-8008-8009', 'promotionerDeptName': '潭州教育>自动化测试分公司--勿动>自动化测试群--勿动>自动化测试事业部>自动化测试院', 'putMode': 1, 'receiveDeptId': 8009, 'receiveDeptIdChain': '1001-8006-8007-8008-8009', 'receiveDeptName': '潭州教育>自动化测试分公司--勿动>自动化测试群--勿动>自动化测试事业部>自动化测试院', 'roi': 0.0, 'signUpNum': 3, 'stageCardNum': 3, 'subjectId': 600, 'subjectIdChain': '258-599-600', 'subjectName': 'J2EE', 'visitorNum': 3, 'weekNum': 1, 'weekRange': '1-4', 'workDay': 1}], 'pageNum': 1, 'pageSize': 20, 'pages': 1, 'sEcho': None, 'size': 4, 'total': 4}, 'msg': None, 'platform': None, 'res': 100, 'traceId': 'f5fe5fd39f989854'}
2020-09-04 14:20:10,244 - root - INFO : 提取变量: [ flow_budget_id: 49 ]
2020-09-04 14:20:10,244 - root - INFO : 校验类型: [-res], 结果: [Passed], 预期: [100]
2020-09-04 14:20:10,244 - root - INFO : 校验类型: [-msg], 结果: [Passed], 预期: [None]
2020-09-04 14:20:10,244 - root - INFO :  = = =  = = =  = = =  = = =  = = =  = = =  = = =  = = = 分割线 = = =  = = =  = = =  = = =  = = =  = = =  = = =  = = = 
2020-09-04 14:20:10,244 - root - INFO : 描述信息: 【潭州平台】获取登录用户 token
2020-09-04 14:20:10,244 - root - INFO : 请求地址: https://open-fat.shiguangkey.com/api/udb/workwechat/auth/login
2020-09-04 14:20:10,244 - root - INFO : 请求方法: [- POST -]
2020-09-04 14:20:10,245 - root - INFO : 请求头部: {'content-type': 'application/x-www-form-urlencoded', 'terminaltype': '4', 'user-agent': 'Mozilla/5.0 (Windows NT 10.0; Win64; x64) AppleWebKit/537.36 (KHTML, like Gecko) Chrome/80.0.3987.106 Safari/537.36', 'Connection': 'close', 'keep-alive': 'False'}
2020-09-04 14:20:10,245 - root - INFO : 请求正文: {'account': 't0385252771', 'password': '4QrcOUm6Wau+VuBX8g+IPg'}
2020-09-04 14:20:10,386 - root - INFO : 响应消息: {'traceId': 'b8bfc48abf3d441ba19811724df37dff', 'status': '0', 'msg': 'success', 'data': {'user': {'uid': 19861714, 'mobile': '', 'account': '', 'nickname': '精彩的鲀鱼', 'headImg': 'https://res.shiguangkey.com/res/images/default.png', 'openId': '', 'newRegister': False, 'needBindPhone': False, 'showAccountList': False}, 'token': '0x7774960712f10d280ed4df89e9012e'}}
2020-09-04 14:20:10,386 - root - INFO : 提取变量: [ pttoken: 0x7774960712f10d280ed4df89e9012e ]
2020-09-04 14:20:10,386 - root - INFO : 校验类型: [-status], 结果: [Passed], 预期: [0]
2020-09-04 14:20:10,386 - root - INFO : 校验类型: [-msg], 结果: [Passed], 预期: [success]
2020-09-04 14:20:10,386 - root - INFO :  = = =  = = =  = = =  = = =  = = =  = = =  = = =  = = = 分割线 = = =  = = =  = = =  = = =  = = =  = = =  = = =  = = = 
2020-09-04 14:20:10,386 - root - INFO : 正在执行Function: chk_flow_budget
2020-09-04 14:20:10,386 - root - INFO : 描述信息: 【海川/预算管理/流量预算】审核流量预算
2020-09-04 14:20:10,387 - root - INFO : 请求地址: https://ocean-fat.shiguangkey.com/api/stat/budget/traffic/audit
2020-09-04 14:20:10,387 - root - INFO : 请求方法: [- GET -]
2020-09-04 14:20:10,387 - root - INFO : 请求头部: {'token': '0x7774960712f10d280ed4df89e9012e', 'user-agent': 'Mozilla/5.0 (Windows NT 10.0; Win64; x64) AppleWebKit/537.36 (KHTML, like Gecko) Chrome/80.0.3987.106 Safari/537.36', 'Connection': 'close', 'keep-alive': 'False'}
2020-09-04 14:20:10,387 - root - INFO : 请求正文: {'id': '49', 'auditFlag': 1, 'organizationId': 8009}
2020-09-04 14:20:10,624 - root - INFO : 响应消息: {'data': None, 'msg': None, 'platform': None, 'res': 100, 'traceId': '26443ec64adffaae'}
2020-09-04 14:20:10,624 - root - INFO : 校验类型: [-res], 结果: [Passed], 预期: [100]
2020-09-04 14:20:10,624 - root - INFO :  = = =  = = =  = = =  = = =  = = =  = = =  = = =  = = = 分割线 = = =  = = =  = = =  = = =  = = =  = = =  = = =  = = = 
2020-09-04 14:20:10,624 - root - INFO : 描述信息: 【潭州平台】获取登录用户 token
2020-09-04 14:20:10,624 - root - INFO : 请求地址: https://open-fat.shiguangkey.com/api/udb/workwechat/auth/login
2020-09-04 14:20:10,624 - root - INFO : 请求方法: [- POST -]
2020-09-04 14:20:10,624 - root - INFO : 请求头部: {'content-type': 'application/x-www-form-urlencoded', 'terminaltype': '4', 'user-agent': 'Mozilla/5.0 (Windows NT 10.0; Win64; x64) AppleWebKit/537.36 (KHTML, like Gecko) Chrome/80.0.3987.106 Safari/537.36', 'Connection': 'close', 'keep-alive': 'False'}
2020-09-04 14:20:10,625 - root - INFO : 请求正文: {'account': 't0384223793', 'password': '4QrcOUm6Wau+VuBX8g+IPg'}
2020-09-04 14:20:10,776 - root - INFO : 响应消息: {'traceId': '48911d3156234a7f8bc5a887853ed302', 'status': '0', 'msg': 'success', 'data': {'user': {'uid': 19862099, 'mobile': '', 'account': '', 'nickname': '日常的阿魏', 'headImg': 'https://res.shiguangkey.com/res/images/default.png', 'openId': '', 'newRegister': False, 'needBindPhone': False, 'showAccountList': False}, 'token': '0x7716320712f125377db478b9087ea5'}}
2020-09-04 14:20:10,776 - root - INFO : 提取变量: [ pttoken: 0x7716320712f125377db478b9087ea5 ]
2020-09-04 14:20:10,776 - root - INFO : 校验类型: [-status], 结果: [Passed], 预期: [0]
2020-09-04 14:20:10,776 - root - INFO : 校验类型: [-msg], 结果: [Passed], 预期: [success]
2020-09-04 14:20:10,777 - root - INFO :  = = =  = = =  = = =  = = =  = = =  = = =  = = =  = = = 分割线 = = =  = = =  = = =  = = =  = = =  = = =  = = =  = = = 
2020-09-04 14:20:10,777 - root - INFO : 正在执行Function: qry_cost_apply
2020-09-04 14:20:10,777 - root - INFO : 描述信息: 【预算-投放预算管理-申请记录】查询
2020-09-04 14:20:10,777 - root - INFO : 请求地址: https://galaxy-api-fat.shiguangkey.com/api/galaxy/costApply/pageList
2020-09-04 14:20:10,777 - root - INFO : 请求方法: [- POST -]
2020-09-04 14:20:10,777 - root - INFO : 请求头部: {'content-type': 'application/x-www-form-urlencoded', 'token': '0x7716320712f125377db478b9087ea5', 'user-agent': 'Mozilla/5.0 (Windows NT 10.0; Win64; x64) AppleWebKit/537.36 (KHTML, like Gecko) Chrome/80.0.3987.106 Safari/537.36', 'Connection': 'close', 'keep-alive': 'False'}
2020-09-04 14:20:10,777 - root - INFO : 请求正文: {'pageIndex': 1, 'pageSize': 20, 'auditState': 3}
2020-09-04 14:20:11,123 - root - INFO : 响应消息: {'traceId': '35944a40e5d74911b1e83d68759de6e0', 'status': '0', 'msg': 'success', 'data': {'totalItem': 7, 'list': [{'id': 32, 'costMonth': 1601481600000, 'promotionerDeptId': 8009, 'promotionerDeptIdChain': '1001-8006-8007-8008-8009', 'promotionerDeptName': '潭州教育>自动化测试分公司--勿动>自动化测试群--勿动>自动化测试事业部>自动化测试院', 'receiveDeptId': 8009, 'receiveDeptIdChain': '1001-8006-8007-8008-8009', 'receiveDeptName': '潭州教育>自动化测试分公司--勿动>自动化测试群--勿动>自动化测试事业部>自动化测试院', 'subjectId': 277, 'subjectIdChain': '258-267-277', 'subjectName': 'C', 'gatherType': 1, 'putMode': 1, 'weekNum': 1, 'workRange': '1-4', 'workDay': 1, 'visitorNum': 3, 'monthEntryNum': 1, 'monthUnCorrectNum': 1, 'monthCorrectNum': 1, 'avgCardNum': 1, 'stageCardNum': 3, 'flowCost': 0.0, 'flowExpenditure': 0.0, 'conversionRate': 1.0, 'conversionRateStr': '100.00%', 'signUpNum': 3, 'customerPrice': 1.0, 'performance': 3.0, 'roi': 0.0, 'applyRemark': '', 'auditState': 3, 'creatorId': 19861714, 'creatorName': '精彩的鲀鱼', 'creatorDeptId': 8009, 'creatorDeptIdChain': '1001', 'createTime': 1599120701000, 'modifierId': 19861714, 'modifierName': '精彩的鲀鱼', 'modifyTime': 1599135375000}, {'id': 34, 'costMonth': 1601481600000, 'promotionerDeptId': 8009, 'promotionerDeptIdChain': '1001-8006-8007-8008-8009', 'promotionerDeptName': '潭州教育>自动化测试分公司--勿动>自动化测试群--勿动>自动化测试事业部>自动化测试院', 'receiveDeptId': 8009, 'receiveDeptIdChain': '1001-8006-8007-8008-8009', 'receiveDeptName': '潭州教育>自动化测试分公司--勿动>自动化测试群--勿动>自动化测试事业部>自动化测试院', 'subjectId': 509, 'subjectIdChain': '261-505-509', 'subjectName': 'CDR', 'gatherType': 1, 'putMode': 1, 'weekNum': 1, 'workRange': '1-4', 'workDay': 1, 'visitorNum': 3, 'monthEntryNum': 1, 'monthUnCorrectNum': 1, 'monthCorrectNum': 1, 'avgCardNum': 1, 'stageCardNum': 3, 'flowCost': 0.0, 'flowExpenditure': 0.0, 'conversionRate': 1.0, 'conversionRateStr': '100.00%', 'signUpNum': 3, 'customerPrice': 1.0, 'performance': 3.0, 'roi': 0.0, 'applyRemark': '', 'auditState': 3, 'creatorId': 19861714, 'creatorName': '精彩的鲀鱼', 'creatorDeptId': 8009, 'creatorDeptIdChain': '1001', 'createTime': 1599126384000, 'modifierId': 19861714, 'modifierName': '精彩的鲀鱼', 'modifyTime': 1599126550000}, {'id': 49, 'costMonth': 1601481600000, 'promotionerDeptId': 8009, 'promotionerDeptIdChain': '1001-8006-8007-8008-8009', 'promotionerDeptName': '潭州教育>自动化测试分公司--勿动>自动化测试群--勿动>自动化测试事业部>自动化测试院', 'receiveDeptId': 8009, 'receiveDeptIdChain': '1001-8006-8007-8008-8009', 'receiveDeptName': '潭州教育>自动化测试分公司--勿动>自动化测试群--勿动>自动化测试事业部>自动化测试院', 'subjectId': 521, 'subjectIdChain': '261-505-521', 'subjectName': 'Flash', 'gatherType': 1, 'putMode': 2, 'weekNum': 1, 'workRange': '1-4', 'workDay': 1, 'visitorNum': 3, 'monthEntryNum': 1, 'monthUnCorrectNum': 1, 'monthCorrectNum': 1, 'avgCardNum': 1, 'stageCardNum': 3, 'flowCost': 0.0, 'flowExpenditure': 0.0, 'conversionRate': 1.0, 'conversionRateStr': '100.00%', 'signUpNum': 3, 'customerPrice': 1.0, 'performance': 3.0, 'roi': 0.0, 'applyRemark': '', 'auditState': 3, 'creatorId': 19861714, 'creatorName': '精彩的鲀鱼', 'creatorDeptId': 8009, 'creatorDeptIdChain': '1001', 'createTime': 1599200409000, 'modifierId': 19861714, 'modifierName': '精彩的鲀鱼', 'modifyTime': 1599200410000}, {'id': 48, 'costMonth': 1601481600000, 'promotionerDeptId': 8009, 'promotionerDeptIdChain': '1001-8006-8007-8008-8009', 'promotionerDeptName': '潭州教育>自动化测试分公司--勿动>自动化测试群--勿动>自动化测试事业部>自动化测试院', 'receiveDeptId': 8009, 'receiveDeptIdChain': '1001-8006-8007-8008-8009', 'receiveDeptName': '潭州教育>自动化测试分公司--勿动>自动化测试群--勿动>自动化测试事业部>自动化测试院', 'subjectId': 522, 'subjectIdChain': '261-505-522', 'subjectName': '3DMAX', 'gatherType': 1, 'putMode': 2, 'weekNum': 1, 'workRange': '1-4', 'workDay': 1, 'visitorNum': 3, 'monthEntryNum': 1, 'monthUnCorrectNum': 1, 'monthCorrectNum': 1, 'avgCardNum': 1, 'stageCardNum': 3, 'flowCost': 0.0, 'flowExpenditure': 0.0, 'conversionRate': 1.0, 'conversionRateStr': '100.00%', 'signUpNum': 3, 'customerPrice': 1.0, 'performance': 3.0, 'roi': 0.0, 'applyRemark': '', 'auditState': 3, 'creatorId': 19861714, 'creatorName': '精彩的鲀鱼', 'creatorDeptId': 8009, 'creatorDeptIdChain': '1001', 'createTime': 1599200275000, 'modifierId': 19861714, 'modifierName': '精彩的鲀鱼', 'modifyTime': 1599200276000}, {'id': 43, 'costMonth': 1601481600000, 'promotionerDeptId': 8009, 'promotionerDeptIdChain': '1001-8006-8007-8008-8009', 'promotionerDeptName': '潭州教育>自动化测试分公司--勿动>自动化测试群--勿动>自动化测试事业部>自动化测试院', 'receiveDeptId': 8009, 'receiveDeptIdChain': '1001-8006-8007-8008-8009', 'receiveDeptName': '潭州教育>自动化测试分公司--勿动>自动化测试群--勿动>自动化测试事业部>自动化测试院', 'subjectId': 530, 'subjectIdChain': '261-505-530', 'subjectName': 'SW', 'gatherType': 1, 'putMode': 1, 'weekNum': 1, 'workRange': '1-4', 'workDay': 1, 'visitorNum': 3, 'monthEntryNum': 1, 'monthUnCorrectNum': 1, 'monthCorrectNum': 1, 'avgCardNum': 1, 'stageCardNum': 3, 'flowCost': 0.0, 'flowExpenditure': 0.0, 'conversionRate': 1.0, 'conversionRateStr': '100.00%', 'signUpNum': 3, 'customerPrice': 1.0, 'performance': 3.0, 'roi': 0.0, 'applyRemark': '', 'auditState': 3, 'creatorId': 19861714, 'creatorName': '精彩的鲀鱼', 'creatorDeptId': 8009, 'creatorDeptIdChain': '1001', 'createTime': 1599189150000, 'modifierId': 19861714, 'modifierName': '精彩的鲀鱼', 'modifyTime': 1599189150000}, {'id': 39, 'costMonth': 1601481600000, 'promotionerDeptId': 8009, 'promotionerDeptIdChain': '1001-8006-8007-8008-8009', 'promotionerDeptName': '潭州教育>自动化测试分公司--勿动>自动化测试群--勿动>自动化测试事业部>自动化测试院', 'receiveDeptId': 8009, 'receiveDeptIdChain': '1001-8006-8007-8008-8009', 'receiveDeptName': '潭州教育>自动化测试分公司--勿动>自动化测试群--勿动>自动化测试事业部>自动化测试院', 'subjectId': 907, 'subjectIdChain': '260-760-907', 'subjectName': '专升本', 'gatherType': 1, 'putMode': 1, 'weekNum': 1, 'workRange': '1-4', 'workDay': 1, 'visitorNum': 3, 'monthEntryNum': 1, 'monthUnCorrectNum': 1, 'monthCorrectNum': 1, 'avgCardNum': 1, 'stageCardNum': 3, 'flowCost': 0.0, 'flowExpenditure': 0.0, 'conversionRate': 1.0, 'conversionRateStr': '100.00%', 'signUpNum': 3, 'customerPrice': 1.0, 'performance': 3.0, 'roi': 0.0, 'applyRemark': '', 'auditState': 3, 'creatorId': 19861714, 'creatorName': '精彩的鲀鱼', 'creatorDeptId': 8009, 'creatorDeptIdChain': '1001', 'createTime': 1599183640000, 'modifierId': 19861714, 'modifierName': '精彩的鲀鱼', 'modifyTime': 1599185865000}, {'id': 40, 'costMonth': 1601481600000, 'promotionerDeptId': 8009, 'promotionerDeptIdChain': '1001-8006-8007-8008-8009', 'promotionerDeptName': '潭州教育>自动化测试分公司--勿动>自动化测试群--勿动>自动化测试事业部>自动化测试院', 'receiveDeptId': 8009, 'receiveDeptIdChain': '1001-8006-8007-8008-8009', 'receiveDeptName': '潭州教育>自动化测试分公司--勿动>自动化测试群--勿动>自动化测试事业部>自动化测试院', 'subjectId': 924, 'subjectIdChain': '261-505-924', 'subjectName': 'SQL', 'gatherType': 1, 'putMode': 1, 'weekNum': 1, 'workRange': '1-4', 'workDay': 1, 'visitorNum': 3, 'monthEntryNum': 1, 'monthUnCorrectNum': 1, 'monthCorrectNum': 1, 'avgCardNum': 1, 'stageCardNum': 3, 'flowCost': 0.0, 'flowExpenditure': 0.0, 'conversionRate': 1.0, 'conversionRateStr': '100.00%', 'signUpNum': 3, 'customerPrice': 1.0, 'performance': 3.0, 'roi': 0.0, 'applyRemark': '', 'auditState': 3, 'creatorId': 19861714, 'creatorName': '精彩的鲀鱼', 'creatorDeptId': 8009, 'creatorDeptIdChain': '1001', 'createTime': 1599185988000, 'modifierId': 19861714, 'modifierName': '精彩的鲀鱼', 'modifyTime': 1599185989000}], 'summation': {'id': '', 'costMonth': '', 'promotionerDeptId': '', 'promotionerDeptIdChain': '', 'promotionerDeptName': '', 'receiveDeptId': '', 'receiveDeptIdChain': '', 'receiveDeptName': '', 'subjectId': '', 'subjectIdChain': '', 'subjectName': '', 'gatherType': '', 'putMode': '', 'weekNum': '', 'workRange': '', 'workDay': 7, 'visitorNum': 21, 'monthEntryNum': 7, 'monthUnCorrectNum': 7, 'monthCorrectNum': 7, 'avgCardNum': 7, 'stageCardNum': 21, 'flowCost': 0.0, 'flowExpenditure': 0.0, 'conversionRate': 7.0, 'conversionRateStr': '', 'signUpNum': 21, 'customerPrice': 7.0, 'performance': 21.0, 'roi': 0.0, 'applyRemark': '', 'auditState': '', 'creatorId': '', 'creatorName': '', 'creatorDeptId': '', 'creatorDeptIdChain': '', 'createTime': '', 'modifierId': '', 'modifierName': '', 'modifyTime': ''}}}
2020-09-04 14:20:11,143 - root - INFO : 提取变量: [ budget_id: 32 ]
2020-09-04 14:20:11,143 - root - INFO : 校验类型: [-status], 结果: [Passed], 预期: [0]
2020-09-04 14:20:11,143 - root - INFO : 校验类型: [-msg], 结果: [Passed], 预期: [success]
2020-09-04 14:20:11,143 - root - INFO :  = = =  = = =  = = =  = = =  = = =  = = =  = = =  = = = 分割线 = = =  = = =  = = =  = = =  = = =  = = =  = = =  = = = 
2020-09-04 14:20:11,143 - root - INFO : 描述信息: 【潭州平台】获取登录用户 token
2020-09-04 14:20:11,143 - root - INFO : 请求地址: https://open-fat.shiguangkey.com/api/udb/workwechat/auth/login
2020-09-04 14:20:11,144 - root - INFO : 请求方法: [- POST -]
2020-09-04 14:20:11,144 - root - INFO : 请求头部: {'content-type': 'application/x-www-form-urlencoded', 'terminaltype': '4', 'user-agent': 'Mozilla/5.0 (Windows NT 10.0; Win64; x64) AppleWebKit/537.36 (KHTML, like Gecko) Chrome/80.0.3987.106 Safari/537.36', 'Connection': 'close', 'keep-alive': 'False'}
2020-09-04 14:20:11,144 - root - INFO : 请求正文: {'account': 't0384223793', 'password': '4QrcOUm6Wau+VuBX8g+IPg'}
2020-09-04 14:20:11,289 - root - INFO : 响应消息: {'traceId': '334c1e0122e9408bbaf55b9f2f9a57e0', 'status': '0', 'msg': 'success', 'data': {'user': {'uid': 19862099, 'mobile': '', 'account': '', 'nickname': '日常的阿魏', 'headImg': 'https://res.shiguangkey.com/res/images/default.png', 'openId': '', 'newRegister': False, 'needBindPhone': False, 'showAccountList': False}, 'token': '0x779d420712f1253b4d2464ea849012'}}
2020-09-04 14:20:11,289 - root - INFO : 提取变量: [ pttoken: 0x779d420712f1253b4d2464ea849012 ]
2020-09-04 14:20:11,289 - root - INFO : 校验类型: [-status], 结果: [Passed], 预期: [0]
2020-09-04 14:20:11,289 - root - INFO : 校验类型: [-msg], 结果: [Passed], 预期: [success]
2020-09-04 14:20:11,289 - root - INFO :  = = =  = = =  = = =  = = =  = = =  = = =  = = =  = = = 分割线 = = =  = = =  = = =  = = =  = = =  = = =  = = =  = = = 
2020-09-04 14:20:11,289 - root - INFO : 正在执行Function: chk_cost_apply
2020-09-04 14:20:11,290 - root - INFO : 描述信息: 【预算-投放预算管理-申请记录】审核
2020-09-04 14:20:11,290 - root - INFO : 请求地址: https://galaxy-api-fat.shiguangkey.com/api/galaxy/costApply/audit
2020-09-04 14:20:11,290 - root - INFO : 请求方法: [- POST -]
2020-09-04 14:20:11,290 - root - INFO : 请求头部: {'content-type': 'application/x-www-form-urlencoded', 'token': '0x779d420712f1253b4d2464ea849012', 'x-dept-id-chain': '1001-8006-8007-8008-8009', 'user-agent': 'Mozilla/5.0 (Windows NT 10.0; Win64; x64) AppleWebKit/537.36 (KHTML, like Gecko) Chrome/80.0.3987.106 Safari/537.36', 'Connection': 'close', 'keep-alive': 'False'}
2020-09-04 14:20:11,290 - root - INFO : 请求正文: {'ids': '32,34,49,48,43,39,40', 'auditState': 1}
2020-09-04 14:20:11,585 - root - INFO : 响应消息: {'traceId': '70bfb1f91e1e4b599f12e2f705231fe7', 'status': '0', 'msg': 'success', 'data': {}}
2020-09-04 14:20:11,585 - root - INFO : 校验类型: [-status], 结果: [Passed], 预期: [0]
2020-09-04 14:20:11,585 - root - INFO : 校验类型: [-msg], 结果: [Passed], 预期: [success]
2020-09-04 14:20:11,585 - root - INFO :  = = =  = = =  = = =  = = =  = = =  = = =  = = =  = = = 分割线 = = =  = = =  = = =  = = =  = = =  = = =  = = =  = = = 
