2020-10-20 17:15:02,480 - root - INFO : ************** 当前运行环境: Fat *************
2020-10-20 17:15:02,480 - root - INFO : 描述信息: 【潭州平台】获取登录用户 token
2020-10-20 17:15:02,481 - root - INFO : 请求地址: https://open-fat.shiguangkey.com/api/udb/workwechat/auth/login
2020-10-20 17:15:02,481 - root - INFO : 请求方法: [- POST -]
2020-10-20 17:15:02,481 - root - INFO : 请求头部: {'content-type': 'application/x-www-form-urlencoded', 'terminaltype': '4'}
2020-10-20 17:15:02,481 - root - INFO : 请求正文: {'account': 't0312814888', 'password': '4QrcOUm6Wau+VuBX8g+IPg'}
2020-10-20 17:15:02,719 - root - INFO : 响应消息: {'traceId': '132ceeb1f4a84921818b66476ed49ebb', 'status': '0', 'msg': 'success', 'data': {'user': {'uid': 19865505, 'mobile': '', 'account': '', 'nickname': '拥挤的鳐鱼', 'headImg': 'https://res.shiguangkey.com/res/images/default.png', 'openId': '', 'newRegister': False, 'needBindPhone': False, 'showAccountList': False}, 'token': '0x7754d70712f1fa11f034ba5b927c67'}}
2020-10-20 17:15:02,720 - root - INFO : 提取变量: [ pttoken: 0x7754d70712f1fa11f034ba5b927c67 ]
2020-10-20 17:15:02,720 - root - INFO : 校验类型: [-status], 结果: [Passed], 预期: [0]
2020-10-20 17:15:02,720 - root - INFO : 校验类型: [-msg], 结果: [Passed], 预期: [success]
2020-10-20 17:15:02,720 - root - INFO :  = = =  = = =  = = =  = = =  = = =  = = =  = = =  = = = 分割线 = = =  = = =  = = =  = = =  = = =  = = =  = = =  = = = 
2020-10-20 17:15:02,854 - root - INFO : 凭证获取成功并写入 /common/config.txt 配置文件中
2020-10-20 17:15:02,933 - root - INFO : ************** 当前运行环境: Fat *************
2020-10-20 17:15:03,086 - root - INFO : 当前运行Case: test_order_record
2020-10-20 17:15:03,087 - root - INFO : 正在执行Function: add_ad_plan
2020-10-20 17:15:03,087 - root - INFO : 描述信息: 【银河/广告/广告计划】新增广告计划
2020-10-20 17:15:03,087 - root - INFO : 描述信息: 【潭州平台】获取登录用户 token
2020-10-20 17:15:03,087 - root - INFO : 请求地址: https://open-fat.shiguangkey.com/api/udb/workwechat/auth/login
2020-10-20 17:15:03,088 - root - INFO : 请求方法: [- POST -]
2020-10-20 17:15:03,088 - root - INFO : 请求头部: {'content-type': 'application/x-www-form-urlencoded', 'terminaltype': '4'}
2020-10-20 17:15:03,088 - root - INFO : 请求正文: {'account': 't0383212689', 'password': '4QrcOUm6Wau+VuBX8g+IPg'}
2020-10-20 17:15:03,233 - root - INFO : 响应消息: {'traceId': '435c979f317f425eae9f860f561fd247', 'status': '0', 'msg': 'success', 'data': {'user': {'uid': 19861712, 'mobile': '', 'account': '', 'nickname': '暖和的少女花', 'headImg': 'https://res.shiguangkey.com/res/images/default.png', 'openId': '', 'newRegister': False, 'needBindPhone': False, 'showAccountList': False}, 'token': '0x77a10a0712f10d075914c5d8441751'}}
2020-10-20 17:15:03,233 - root - INFO : 提取变量: [ pttoken: 0x77a10a0712f10d075914c5d8441751 ]
2020-10-20 17:15:03,233 - root - INFO : 校验类型: [-status], 结果: [Passed], 预期: [0]
2020-10-20 17:15:03,233 - root - INFO : 校验类型: [-msg], 结果: [Passed], 预期: [success]
2020-10-20 17:15:03,233 - root - INFO :  = = =  = = =  = = =  = = =  = = =  = = =  = = =  = = = 分割线 = = =  = = =  = = =  = = =  = = =  = = =  = = =  = = = 
2020-10-20 17:15:03,233 - root - INFO : 请求地址: https://galaxy-api-fat.shiguangkey.com/api/galaxy/program/info/save
2020-10-20 17:15:03,233 - root - INFO : 请求方法: [- POST -]
2020-10-20 17:15:03,234 - root - INFO : 请求头部: {'content-type': 'application/json', 'token': '0x77a10a0712f10d075914c5d8441751'}
2020-10-20 17:15:03,234 - root - INFO : 请求正文: {'channelId': 6, 'name': '自动化计划58066256', 'subjectId': 282, 'subjectName': 'Python', 'isTest': 0, 'putMode': 1, 'type': 1, 'gatherType': 1, 'allocInstType': 1, 'channelName': '微信'}
2020-10-20 17:15:03,439 - root - INFO : 响应消息: {'traceId': '7e6432697c444725b92e3d6813569850', 'status': '0', 'msg': 'success', 'data': {}}
2020-10-20 17:15:03,440 - root - INFO : 校验类型: [-status], 结果: [Passed], 预期: [0]
2020-10-20 17:15:03,440 - root - INFO : 校验类型: [-msg], 结果: [Passed], 预期: [success]
2020-10-20 17:15:03,440 - root - INFO :  = = =  = = =  = = =  = = =  = = =  = = =  = = =  = = = 分割线 = = =  = = =  = = =  = = =  = = =  = = =  = = =  = = = 
2020-10-20 17:15:03,440 - root - INFO : 正在执行Function: program_pageList
2020-10-20 17:15:03,440 - root - INFO : 描述信息: 【银河/广告/广告计划】查询广告计划
2020-10-20 17:15:03,440 - root - INFO : 描述信息: 【潭州平台】获取登录用户 token
2020-10-20 17:15:03,440 - root - INFO : 请求地址: https://open-fat.shiguangkey.com/api/udb/workwechat/auth/login
2020-10-20 17:15:03,440 - root - INFO : 请求方法: [- POST -]
2020-10-20 17:15:03,440 - root - INFO : 请求头部: {'content-type': 'application/x-www-form-urlencoded', 'terminaltype': '4'}
2020-10-20 17:15:03,440 - root - INFO : 请求正文: {'account': 't0383212689', 'password': '4QrcOUm6Wau+VuBX8g+IPg'}
2020-10-20 17:15:03,608 - root - INFO : 响应消息: {'traceId': 'ed09bf74bf804011846b51a9b521de12', 'status': '0', 'msg': 'success', 'data': {'user': {'uid': 19861712, 'mobile': '', 'account': '', 'nickname': '暖和的少女花', 'headImg': 'https://res.shiguangkey.com/res/images/default.png', 'openId': '', 'newRegister': False, 'needBindPhone': False, 'showAccountList': False}, 'token': '0x77a23a0712f10d0aca648ecab80bc8'}}
2020-10-20 17:15:03,608 - root - INFO : 提取变量: [ pttoken: 0x77a23a0712f10d0aca648ecab80bc8 ]
2020-10-20 17:15:03,608 - root - INFO : 校验类型: [-status], 结果: [Passed], 预期: [0]
2020-10-20 17:15:03,608 - root - INFO : 校验类型: [-msg], 结果: [Passed], 预期: [success]
2020-10-20 17:15:03,609 - root - INFO :  = = =  = = =  = = =  = = =  = = =  = = =  = = =  = = = 分割线 = = =  = = =  = = =  = = =  = = =  = = =  = = =  = = = 
2020-10-20 17:15:03,609 - root - INFO : 请求地址: https://galaxy-api-fat.shiguangkey.com/api/galaxy/program/pageList
2020-10-20 17:15:03,609 - root - INFO : 请求方法: [- POST -]
2020-10-20 17:15:03,609 - root - INFO : 请求头部: {'content-type': 'application/x-www-form-urlencoded', 'token': '0x77a23a0712f10d0aca648ecab80bc8'}
2020-10-20 17:15:03,609 - root - INFO : 请求正文: {'name': '自动化计划58066256', 'isHide': 0, 'pageIndex': 1, 'pageSize': 20, 'gatherType': 1}
2020-10-20 17:15:03,945 - root - INFO : 响应消息: {'traceId': '42e8ae9f1dfd43ae8515fa93c78886e4', 'status': '0', 'msg': 'success', 'data': {'totalItem': 1, 'list': [{'id': 14210, 'oldProgramId': None, 'no': '1000002060545294', 'name': '自动化计划58066256', 'type': 1, 'programName': None, 'subjectName': 'Python', 'subjectId': 282, 'channelName': '微信', 'channelId': 6, 'isImport': None, 'position': None, 'keyword': None, 'areaId': None, 'areaName': None, 'remark': None, 'isNeedCaptch': None, 'state': None, 'adMainId': None, 'channelAgencyAccountId': None, 'accountCode': None, 'adMainAccount': None, 'thirdUrl': None, 'allocInstType': 1, 'receiveDeptId': None, 'receiveDeptIdChain': None, 'isHide': 0, 'isTest': 0, 'creatorDeptId': 8009, 'creatorName': '暖和的少女花', 'createTime': 1603185304000, 'putMode': 1, 'updateState': 1}]}}
2020-10-20 17:15:03,946 - root - INFO : 提取变量: [ channelId: 6 ]
2020-10-20 17:15:03,946 - root - INFO : 提取变量: [ putMode: 1 ]
2020-10-20 17:15:03,946 - root - INFO : 提取变量: [ adName: 自动化计划58066256 ]
2020-10-20 17:15:03,946 - root - INFO : 提取变量: [ adId: 14210 ]
2020-10-20 17:15:03,947 - root - INFO : 提取变量: [ type: 1 ]
2020-10-20 17:15:03,947 - root - INFO : 校验类型: [-status], 结果: [Passed], 预期: [0]
2020-10-20 17:15:03,947 - root - INFO : 校验类型: [-msg], 结果: [Passed], 预期: [success]
2020-10-20 17:15:03,947 - root - INFO : 校验类型: [-in]  结果: [Passed]  预期: [name]
2020-10-20 17:15:03,947 - root - INFO :  = = =  = = =  = = =  = = =  = = =  = = =  = = =  = = = 分割线 = = =  = = =  = = =  = = =  = = =  = = =  = = =  = = = 
2020-10-20 17:15:03,947 - root - INFO : 正在执行Function: creativity_save
2020-10-20 17:15:03,947 - root - INFO : 描述信息: 【银河/广告/广告计划】新建广告创意
2020-10-20 17:15:03,947 - root - INFO : 描述信息: 【潭州平台】获取登录用户 token
2020-10-20 17:15:03,948 - root - INFO : 请求地址: https://open-fat.shiguangkey.com/api/udb/workwechat/auth/login
2020-10-20 17:15:03,948 - root - INFO : 请求方法: [- POST -]
2020-10-20 17:15:03,948 - root - INFO : 请求头部: {'content-type': 'application/x-www-form-urlencoded', 'terminaltype': '4'}
2020-10-20 17:15:03,948 - root - INFO : 请求正文: {'account': 't0383212689', 'password': '4QrcOUm6Wau+VuBX8g+IPg'}
2020-10-20 17:15:04,122 - root - INFO : 响应消息: {'traceId': '7dcdc14abbd94d40b80dea0e3c2f9119', 'status': '0', 'msg': 'success', 'data': {'user': {'uid': 19861712, 'mobile': '', 'account': '', 'nickname': '暖和的少女花', 'headImg': 'https://res.shiguangkey.com/res/images/default.png', 'openId': '', 'newRegister': False, 'needBindPhone': False, 'showAccountList': False}, 'token': '0x775a6e0712f10d0ac384030b5adb42'}}
2020-10-20 17:15:04,123 - root - INFO : 提取变量: [ pttoken: 0x775a6e0712f10d0ac384030b5adb42 ]
2020-10-20 17:15:04,123 - root - INFO : 校验类型: [-status], 结果: [Passed], 预期: [0]
2020-10-20 17:15:04,123 - root - INFO : 校验类型: [-msg], 结果: [Passed], 预期: [success]
2020-10-20 17:15:04,123 - root - INFO :  = = =  = = =  = = =  = = =  = = =  = = =  = = =  = = = 分割线 = = =  = = =  = = =  = = =  = = =  = = =  = = =  = = = 
2020-10-20 17:15:04,123 - root - INFO : 请求地址: https://galaxy-api-fat.shiguangkey.com/api/galaxy/creativity/save
2020-10-20 17:15:04,123 - root - INFO : 请求方法: [- POST -]
2020-10-20 17:15:04,123 - root - INFO : 请求头部: {'content-type': 'application/x-www-form-urlencoded', 'token': '0x775a6e0712f10d0ac384030b5adb42'}
2020-10-20 17:15:04,123 - root - INFO : 请求正文: {'name': '自动化创意86197816', 'gatherType': 1, 'isNeedCaptch': 1, 'position': 1, 'type': '1', 'putMode': '1', 'channelId': '6', 'programId': '14210', 'programName': '自动化计划58066256'}
2020-10-20 17:15:04,345 - root - INFO : 响应消息: {'traceId': '75efa89099484e4b8447f33baa19f3bc', 'status': '0', 'msg': 'success', 'data': {}}
2020-10-20 17:15:04,345 - root - INFO : 校验类型: [-status], 结果: [Passed], 预期: [0]
2020-10-20 17:15:04,345 - root - INFO : 校验类型: [-msg], 结果: [Passed], 预期: [success]
2020-10-20 17:15:04,345 - root - INFO :  = = =  = = =  = = =  = = =  = = =  = = =  = = =  = = = 分割线 = = =  = = =  = = =  = = =  = = =  = = =  = = =  = = = 
2020-10-20 17:15:04,345 - root - INFO : 正在执行Function: creativity_pageList
2020-10-20 17:15:04,346 - root - INFO : 描述信息: 【银河/广告/广告创意】查询广告创意
2020-10-20 17:15:04,346 - root - INFO : 描述信息: 【潭州平台】获取登录用户 token
2020-10-20 17:15:04,346 - root - INFO : 请求地址: https://open-fat.shiguangkey.com/api/udb/workwechat/auth/login
2020-10-20 17:15:04,346 - root - INFO : 请求方法: [- POST -]
2020-10-20 17:15:04,346 - root - INFO : 请求头部: {'content-type': 'application/x-www-form-urlencoded', 'terminaltype': '4'}
2020-10-20 17:15:04,346 - root - INFO : 请求正文: {'account': 't0383212689', 'password': '4QrcOUm6Wau+VuBX8g+IPg'}
2020-10-20 17:15:04,499 - root - INFO : 响应消息: {'traceId': '78f80f8b6e9f45758dccb216d5b85b3b', 'status': '0', 'msg': 'success', 'data': {'user': {'uid': 19861712, 'mobile': '', 'account': '', 'nickname': '暖和的少女花', 'headImg': 'https://res.shiguangkey.com/res/images/default.png', 'openId': '', 'newRegister': False, 'needBindPhone': False, 'showAccountList': False}, 'token': '0x77c8c30712f10d0ae6e4a3fa3f82d6'}}
2020-10-20 17:15:04,499 - root - INFO : 提取变量: [ pttoken: 0x77c8c30712f10d0ae6e4a3fa3f82d6 ]
2020-10-20 17:15:04,499 - root - INFO : 校验类型: [-status], 结果: [Passed], 预期: [0]
2020-10-20 17:15:04,499 - root - INFO : 校验类型: [-msg], 结果: [Passed], 预期: [success]
2020-10-20 17:15:04,500 - root - INFO :  = = =  = = =  = = =  = = =  = = =  = = =  = = =  = = = 分割线 = = =  = = =  = = =  = = =  = = =  = = =  = = =  = = = 
2020-10-20 17:15:04,500 - root - INFO : 请求地址: https://galaxy-api-fat.shiguangkey.com/api/galaxy/creativity/pageList
2020-10-20 17:15:04,500 - root - INFO : 请求方法: [- POST -]
2020-10-20 17:15:04,500 - root - INFO : 请求头部: {'content-type': 'application/x-www-form-urlencoded', 'token': '0x77c8c30712f10d0ae6e4a3fa3f82d6'}
2020-10-20 17:15:04,500 - root - INFO : 请求正文: {'gatherType': 1, 'programId': '14210', 'isHide': 0, 'pageIndex': 1, 'pageSize': 20}
2020-10-20 17:15:04,843 - root - INFO : 响应消息: {'traceId': '7e84ce445c3c44a3a34887b7989d2c86', 'status': '0', 'msg': 'success', 'data': {'totalItem': 1, 'list': [{'id': 114001, 'oldCreativityId': None, 'oldProgramId': None, 'no': 'a68445b86aa84f268889c019e471a85e', 'name': '自动化创意86197816', 'programName': '自动化计划58066256', 'subjectName': 'Python', 'subjectId': 282, 'channelName': '微信', 'channelId': 6, 'isImport': 0, 'position': '1', 'keyword': None, 'areaId': None, 'areaName': None, 'creatorName': '暖和的少女花', 'createTime': 1603185305000, 'remark': None, 'isNeedCaptch': 1, 'state': 2, 'adMainId': None, 'channelAgencyAccountId': None, 'accountCode': None, 'adMainAccount': None, 'thirdUrl': None, 'allocInstType': 1, 'receiveDeptId': None, 'receiveDeptIdChain': None, 'isHide': 0, 'isTest': 0, 'creatorDeptId': 8009, 'vector': None, 'customerVectorValue': None, 'followerName': None, 'followerTanzkAccount': None, 'putMode': 1, 'receptionistId': None, 'receptionistName': None, 'receptionistTanzkAccount': None, 'receptionistDeptId': None, 'receptionistDeptIdChain': None, 'creatorDeptIdChain': '1001-8006-8007-8008-8009', 'updateState': 1, 'type': 1, 'programId': 14210, 'promotionTerminal': 1, 'vectorType': None, 'channelQrCode': None, 'channelNumber': None, 'companyWechatId': None, 'vectorId': None, 'vectorName': None}]}}
2020-10-20 17:15:04,844 - root - INFO : 提取变量: [ creativityId: 114001 ]
2020-10-20 17:15:04,844 - root - INFO : 提取变量: [ creativityName: 自动化创意86197816 ]
2020-10-20 17:15:04,845 - root - INFO : 提取变量: [ creativityNo: a68445b86aa84f268889c019e471a85e ]
2020-10-20 17:15:04,845 - root - INFO : 校验类型: [-status], 结果: [Passed], 预期: [0]
2020-10-20 17:15:04,845 - root - INFO : 校验类型: [-msg], 结果: [Passed], 预期: [success]
2020-10-20 17:15:04,845 - root - INFO :  = = =  = = =  = = =  = = =  = = =  = = =  = = =  = = = 分割线 = = =  = = =  = = =  = = =  = = =  = = =  = = =  = = = 
2020-10-20 17:15:04,845 - root - INFO : 描述信息: 【银河/广告/广告创意】导入单个手机流量
2020-10-20 17:15:04,948 - root - INFO : 请求地址: https://galaxy-api-fat.shiguangkey.com/api/galaxy/gather/importing
2020-10-20 17:15:04,948 - root - INFO : 请求方法: [- POST -]
2020-10-20 17:15:04,948 - root - INFO : 请求头部: {'content-type': 'multipart/form-data; boundary=3e83eccde66a1a369be2ce3a77b8e2a9', 'token': '0x77c8c30712f10d0ae6e4a3fa3f82d6'}
2020-10-20 17:15:04,948 - root - INFO : 请求正文: b'--3e83eccde66a1a369be2ce3a77b8e2a9\r\nContent-Disposition: form-data; name="adNo"\r\n\r\na68445b86aa84f268889c019e471a85e\r\n--3e83eccde66a1a369be2ce3a77b8e2a9\r\nContent-Disposition: form-data; name="putMode"\r\n\r\n1\r\n--3e83eccde66a1a369be2ce3a77b8e2a9\r\nContent-Disposition: form-data; name="file"; filename="import20201020171504.xlsx"\r\nContent-Type: application/vnd.openxmlformats-officedocument.spreadsheetml.sheet\r\n\r\n\xd0\xcf\x11\xe0\xa1\xb1\x1a\xe1\x00\x00\x00\x00\x00\x00\x00\x00\x00\x00\x00\x00\x00\x00\x00\x00>\x00\x03\x00\xfe\xff\t\x00\x06\x00\x00\x00\x00\x00\x00\x00\x00\x00\x00\x00\x01\x00\x00\x00\t\x00\x00\x00\x00\x00\x00\x00\x00\x10\x00\x00\xfe\xff\xff\xff\x00\x00\x00\x00\xfe\xff\xff\xff\x00\x00\x00\x00\x08\x00\x00\x00\xff\xff\xff\xff\xff\xff\xff\xff\xff\xff\xff\xff\xff\xff\xff\xff\xff\xff\xff\xff\xff\xff\xff\xff\xff\xff\xff\xff\xff\xff\xff\xff\xff\xff\xff\xff\xff\xff\xff\xff\xff\xff\xff\xff\xff\xff\xff\xff\xff\xff\xff\xff\xff\xff\xff\xff\xff\xff\xff\xff\xff\xff\xff\xff\xff\xff\xff\xff\xff\xff\xff\xff\xff\xff\xff\xff\xff\xff\xff\xff\xff\xff\xff\xff\xff\xff\xff\xff\xff\xff\xff\xff\xff\xff\xff\xff\xff\xff\xff\xff\xff\xff\xff\xff\xff\xff\xff\xff\xff\xff\xff\xff\xff\xff\xff\xff\xff\xff\xff\xff\xff\xff\xff\xff\xff\xff\xff\xff\xff\xff\xff\xff\xff\xff\xff\xff\xff\xff\xff\xff\xff\xff\xff\xff\xff\xff\xff\xff\xff\xff\xff\xff\xff\xff\xff\xff\xff\xff\xff\xff\xff\xff\xff\xff\xff\xff\xff\xff\xff\xff\xff\xff\xff\xff\xff\xff\xff\xff\xff\xff\xff\xff\xff\xff\xff\xff\xff\xff\xff\xff\xff\xff\xff\xff\xff\xff\xff\xff\xff\xff\xff\xff\xff\xff\xff\xff\xff\xff\xff\xff\xff\xff\xff\xff\xff\xff\xff\xff\xff\xff\xff\xff\xff\xff\xff\xff\xff\xff\xff\xff\xff\xff\xff\xff\xff\xff\xff\xff\xff\xff\xff\xff\xff\xff\xff\xff\xff\xff\xff\xff\xff\xff\xff\xff\xff\xff\xff\xff\xff\xff\xff\xff\xff\xff\xff\xff\xff\xff\xff\xff\xff\xff\xff\xff\xff\xff\xff\xff\xff\xff\xff\xff\xff\xff\xff\xff\xff\xff\xff\xff\xff\xff\xff\xff\xff\xff\xff\xff\xff\xff\xff\xff\xff\xff\xff\xff\xff\xff\xff\xff\xff\xff\xff\xff\xff\xff\xff\xff\xff\xff\xff\xff\xff\xff\xff\xff\xff\xff\xff\xff\xff\xff\xff\xff\xff\xff\xff\xff\xff\xff\xff\xff\xff\xff\xff\xff\xff\xff\xff\xff\xff\xff\xff\xff\xff\xff\xff\xff\xff\xff\xff\xff\xff\xff\xff\xff\xff\xff\xff\xff\xff\xff\xff\xff\xff\xff\xff\xff\xff\xff\xff\xff\xff\xff\xff\xff\xff\xff\xff\xff\xff\xff\xff\xff\xff\xff\xff\xff\xff\xff\xff\xff\xff\xff\xff\xff\xff\xff\xff\xff\xff\xff\xff\xff\xff\xff\xff\xff\xff\xff\xff\xff\xff\xff\xff\xff\xff\xff\xff\xff\xff\xff\t\x08\x10\x00\x00\x06\x05\x00\xbb\r\xcc\x07\x00\x00\x00\x00\x06\x00\x00\x00\xe1\x00\x02\x00\xb0\x04\xc1\x00\x02\x00\x00\x00\xe2\x00\x00\x00\\\x00p\x00None                                                                                                            B\x00\x02\x00\xb0\x04a\x01\x02\x00\x00\x00=\x01\x02\x00\x01\x00\x9c\x00\x02\x00\x0e\x00\x19\x00\x02\x00\x00\x00\x12\x00\x02\x00\x00\x00c\x00\x02\x00\x00\x00\x13\x00\x02\x00\x00\x00\xaf\x01\x02\x00\x00\x00\xbc\x01\x02\x00\x00\x00@\x00\x02\x00\x00\x00\x8d\x00\x02\x00\x00\x00=\x00\x12\x00\xe0\x01Z\x00\xcf?N*8\x00\x00\x00\x00\x00\x01\x00X\x02"\x00\x02\x00\x00\x00\x0e\x00\x02\x00\x01\x00\xb7\x01\x02\x00\x00\x00\xda\x00\x02\x00\x00\x001\x00\x15\x00\xc8\x00\x00\x00\xff\x7f\x90\x01\x00\x00\x00\x00\x01\x00\x05\x00Arial1\x00\x15\x00\xc8\x00\x00\x00\xff\x7f\x90\x01\x00\x00\x00\x00\x01\x00\x05\x00Arial1\x00\x15\x00\xc8\x00\x00\x00\xff\x7f\x90\x01\x00\x00\x00\x00\x01\x00\x05\x00Arial1\x00\x15\x00\xc8\x00\x00\x00\xff\x7f\x90\x01\x00\x00\x00\x00\x01\x00\x05\x00Arial1\x00\x15\x00\xc8\x00\x00\x00\xff\x7f\x90\x01\x00\x00\x00\x00\x01\x00\x05\x00Arial1\x00\x15\x00\xc8\x00\x00\x00\xff\x7f\x90\x01\x00\x00\x00\x00\x01\x00\x05\x00Arial1\x00\x15\x00\xc8\x00\x00\x00\xff\x7f\x90\x01\x00\x00\x00\x00\x01\x00\x05\x00Arial\x1e\x04\x0c\x00\xa4\x00\x07\x00\x00General\xe0\x00\x14\x00\x06\x00\xa4\x00\xf5\xff \x00\x00\xf4\x00\x00\x00\x00\x00\x00\x00\x00\xc0 \xe0\x00\x14\x00\x06\x00\xa4\x00\xf5\xff \x00\x00\xf4\x00\x00\x00\x00\x00\x00\x00\x00\xc0 \xe0\x00\x14\x00\x06\x00\xa4\x00\xf5\xff \x00\x00\xf4\x00\x00\x00\x00\x00\x00\x00\x00\xc0 \xe0\x00\x14\x00\x06\x00\xa4\x00\xf5\xff \x00\x00\xf4\x00\x00\x00\x00\x00\x00\x00\x00\xc0 \xe0\x00\x14\x00\x06\x00\xa4\x00\xf5\xff \x00\x00\xf4\x00\x00\x00\x00\x00\x00\x00\x00\xc0 \xe0\x00\x14\x00\x06\x00\xa4\x00\xf5\xff \x00\x00\xf4\x00\x00\x00\x00\x00\x00\x00\x00\xc0 \xe0\x00\x14\x00\x06\x00\xa4\x00\xf5\xff \x00\x00\xf4\x00\x00\x00\x00\x00\x00\x00\x00\xc0 \xe0\x00\x14\x00\x06\x00\xa4\x00\xf5\xff \x00\x00\xf4\x00\x00\x00\x00\x00\x00\x00\x00\xc0 \xe0\x00\x14\x00\x06\x00\xa4\x00\xf5\xff \x00\x00\xf4\x00\x00\x00\x00\x00\x00\x00\x00\xc0 \xe0\x00\x14\x00\x06\x00\xa4\x00\xf5\xff \x00\x00\xf4\x00\x00\x00\x00\x00\x00\x00\x00\xc0 \xe0\x00\x14\x00\x06\x00\xa4\x00\xf5\xff \x00\x00\xf4\x00\x00\x00\x00\x00\x00\x00\x00\xc0 \xe0\x00\x14\x00\x06\x00\xa4\x00\xf5\xff \x00\x00\xf4\x00\x00\x00\x00\x00\x00\x00\x00\xc0 \xe0\x00\x14\x00\x06\x00\xa4\x00\xf5\xff \x00\x00\xf4\x00\x00\x00\x00\x00\x00\x00\x00\xc0 \xe0\x00\x14\x00\x06\x00\xa4\x00\xf5\xff \x00\x00\xf4\x00\x00\x00\x00\x00\x00\x00\x00\xc0 \xe0\x00\x14\x00\x06\x00\xa4\x00\xf5\xff \x00\x00\xf4\x00\x00\x00\x00\x00\x00\x00\x00\xc0 \xe0\x00\x14\x00\x06\x00\xa4\x00\xf5\xff \x00\x00\xf4\x00\x00\x00\x00\x00\x00\x00\x00\xc0 \xe0\x00\x14\x00\x06\x00\xa4\x00\x01\x00 \x00\x00\xf8\x00\x00\x00\x00\x00\x00\x00\x00\xc0 \xe0\x00\x14\x00\x07\x00\xa4\x00\x01\x00 \x00\x00\xf8\x00\x00\x00\x00\x00\x00\x00\x00\xc0 \x93\x02\x04\x00\x00\x80\x00\xff`\x01\x02\x00\x01\x00\x85\x00\x0e\x00t\x04\x00\x00\x00\x00\x06\x00Sheet1\xfc\x00\xcf\x00\x0f\x00\x00\x00\r\x00\x00\x00\x08\x00\x01\xa2[7b5f\xf0y\x08\xff\xd3Y\rT\t\xff\x08\x00\x01Kb:g\xf7S\x01x\x08\xff\xc5_kX\t\xff\x04\x00\x01Q\x00Q\x00\xf7S\x01x\x02\x00\x01\xae_\xe1O\x04\x00\x01\xc2S\x03\x80t^\x84\x9f\x10\x00\x01Am\xcf\x91eg\x90n\xf6e\xf4\x95\x08\xff\xc5_kX,\x00\tN)Y\x85Qpenc\t\xff\n\x00\x010W\xdfW\x08\xff\x02^\xa7~\x0c\xff^\x97\xc5_kX\t\xff\x04\x00\x01Am\xcf\x91\x07Y\xe8l\x02\x00\x01 _\tN\x0b\x00\x0018122221743\x08\x00\x0051232924\x13\x00\x002020/10/20 17:15:02\x03\x00\x01\x7f\x95\x99l\x02^\n\x00\x00\x00\t\x08\x10\x00\x00\x06\x10\x00\xbb\r\xcc\x07\x00\x00\x00\x00\x06\x00\x00\x00\r\x00\x02\x00\x01\x00\x0c\x00\x02\x00d\x00\x0f\x00\x02\x00\x01\x00\x11\x00\x02\x00\x00\x00\x10\x00\x08\x00\xfc\xa9\xf1\xd2MbP?_\x00\x02\x00\x00\x00\x80\x00\x08\x00\x00\x00\x00\x00\x01\x00\x00\x00%\x02\x04\x00\x00\x00\xff\x00\x81\x00\x02\x00\x01\x0c\x00\x02\x0e\x00\x00\x00\x00\x00\x02\x00\x00\x00\x00\x00\x08\x00\x00\x00*\x00\x02\x00\x00\x00+\x00\x02\x00\x00\x00\x82\x00\x02\x00\x01\x00\x1b\x00\x02\x00\x00\x00\x1a\x00\x02\x00\x00\x00\x14\x00\x05\x00\x02\x00\x00&P\x15\x00\x05\x00\x02\x00\x00&F\x83\x00\x02\x00\x01\x00\x84\x00\x02\x00\x00\x00&\x00\x08\x00333333\xd3?\'\x00\x08\x00333333\xd3?(\x00\x08\x00\x85\xebQ\xb8\x1e\x85\xe3?)\x00\x08\x00\xaeG\xe1z\x14\xae\xd7?\xa1\x00"\x00\t\x00d\x00\x01\x00\x01\x00\x01\x00\x83\x00,\x01,\x01\x9a\x99\x99\x99\x99\x99\xb9?\x9a\x99\x99\x99\x99\x99\xb9?\x01\x00\x12\x00\x02\x00\x00\x00\xdd\x00\x02\x00\x00\x00\x19\x00\x02\x00\x00\x00c\x00\x02\x00\x00\x00\x13\x00\x02\x00\x00\x00\x08\x02\x10\x00\x00\x00\x00\x00\x08\x00\xff\x00\x00\x00\x00\x00\x00\x01\x0f\x00\xfd\x00\n\x00\x00\x00\x00\x00\x11\x00\x00\x00\x00\x00\xfd\x00\n\x00\x00\x00\x01\x00\x11\x00\x01\x00\x00\x00\xfd\x00\n\x00\x00\x00\x02\x00\x11\x00\x02\x00\x00\x00\xfd\x00\n\x00\x00\x00\x03\x00\x11\x00\x03\x00\x00\x00\xfd\x00\n\x00\x00\x00\x04\x00\x11\x00\x04\x00\x00\x00\xfd\x00\n\x00\x00\x00\x05\x00\x11\x00\x05\x00\x00\x00\xfd\x00\n\x00\x00\x00\x06\x00\x11\x00\x06\x00\x00\x00\xfd\x00\n\x00\x00\x00\x07\x00\x11\x00\x07\x00\x00\x00\x08\x02\x10\x00\x01\x00\x00\x00\x08\x00\xff\x00\x00\x00\x00\x00\x00\x01\x0f\x00\xfd\x00\n\x00\x01\x00\x00\x00\x11\x00\x08\x00\x00\x00\xfd\x00\n\x00\x01\x00\x01\x00\x11\x00\t\x00\x00\x00\xfd\x00\n\x00\x01\x00\x02\x00\x11\x00\n\x00\x00\x00\xfd\x00\n\x00\x01\x00\x03\x00\x11\x00\n\x00\x00\x00~\x02\n\x00\x01\x00\x04\x00\x11\x00r\x00\x00\x00\xfd\x00\n\x00\x01\x00\x05\x00\x11\x00\x0b\x00\x00\x00\xfd\x00\n\x00\x01\x00\x06\x00\x11\x00\x0c\x00\x00\x00\xfd\x00\n\x00\x01\x00\x07\x00\x11\x00\x07\x00\x00\x00>\x02\x12\x00\xb6\x02\x00\x00\x00\x00@\x00\x00\x00\x00\x00\x00\x00\x00\x00\x00\x00\n\x00\x00\x00\x00\x00\x00\x00\x00\x00\x00\x00\x00\x00\x00\x00\x00\x00\x00\x00\x00\x00\x00\x00\x00\x00\x00\x00\x00\x00\x00\x00\x00\x00\x00\x00\x00\x00\x00\x00\x00\x00\x00\x00\x00\x00\x00\x00\x00\x00\x00\x00\x00\x00\x00\x00\x00\x00\x00\x00\x00\x00\x00\x00\x00\x00\x00\x00\x00\x00\x00\x00\x00\x00\x00\x00\x00\x00\x00\x00\x00\x00\x00\x00\x00\x00\x00\x00\x00\x00\x00\x00\x00\x00\x00\x00\x00\x00\x00\x00\x00\x00\x00\x00\x00\x00\x00\x00\x00\x00\x00\x00\x00\x00\x00\x00\x00\x00\x00\x00\x00\x00\x00\x00\x00\x00\x00\x00\x00\x00\x00\x00\x00\x00\x00\x00\x00\x00\x00\x00\x00\x00\x00\x00\x00\x00\x00\x00\x00\x00\x00\x00\x00\x00\x00\x00\x00\x00\x00\x00\x00\x00\x00\x00\x00\x00\x00\x00\x00\x00\x00\x00\x00\x00\x00\x00\x00\x00\x00\x00\x00\x00\x00\x00\x00\x00\x00\x00\x00\x00\x00\x00\x00\x00\x00\x00\x00\x00\x00\x00\x00\x00\x00\x00\x00\x00\x00\x00\x00\x00\x00\x00\x00\x00\x00\x00\x00\x00\x00\x00\x00\x00\x00\x00\x00\x00\x00\x00\x00\x00\x00\x00\x00\x00\x00\x00\x00\x00\x00\x00\x00\x00\x00\x00\x00\x00\x00\x00\x00\x00\x00\x00\x00\x00\x00\x00\x00\x00\x00\x00\x00\x00\x00\x00\x00\x00\x00\x00\x00\x00\x00\x00\x00\x00\x00\x00\x00\x00\x00\x00\x00\x00\x00\x00\x00\x00\x00\x00\x00\x00\x00\x00\x00\x00\x00\x00\x00\x00\x00\x00\x00\x00\x00\x00\x00\x00\x00\x00\x00\x00\x00\x00\x00\x00\x00\x00\x00\x00\x00\x00\x00\x00\x00\x00\x00\x00\x00\x00\x00\x00\x00\x00\x00\x00\x00\x00\x00\x00\x00\x00\x00\x00\x00\x00\x00\x00\x00\x00\x00\x00\x00\x00\x00\x00\x00\x00\x00\x00\x00\x00\x00\x00\x00\x00\x00\x00\x00\x00\x00\x00\x00\x00\x00\x00\x00\x00\x00\x00\x00\x00\x00\x00\x00\x00\x00\x00\x00\x00\x00\x00\x00\x00\x00\x00\x00\x00\x00\x00\x00\x00\x00\x00\x00\x00\x00\x00\x00\x00\x00\x00\x00\x00\x00\x00\x00\x00\x00\x00\x00\x00\x00\x00\x00\x00\x00\x00\x00\x00\x00\x00\x00\x00\x00\x00\x00\x00\x00\x00\x00\x00\x00\x00\x00\x00\x00\x00\x00\x00\x00\x00\x00\x00\x00\x00\x00\x00\x00\x00\x00\x00\x00\x00\x00\x00\x00\x00\x00\x00\x00\x00\x00\x00\x00\x00\x00\x00\x00\x00\x00\x00\x00\x00\x00\x00\x00\x00\x00\x00\x00\x00\x00\x00\x00\x00\x00\x00\x00\x00\x00\x00\x00\x00\x00\x00\x00\x00\x00\x00\x00\x00\x00\x00\x00\x00\x00\x00\x00\x00\x00\x00\x00\x00\x00\x00\x00\x00\x00\x00\x00\x00\x00\x00\x00\x00\x00\x00\x00\x00\x00\x00\x00\x00\x00\x00\x00\x00\x00\x00\x00\x00\x00\x00\x00\x00\x00\x00\x00\x00\x00\x00\x00\x00\x00\x00\x00\x00\x00\x00\x00\x00\x00\x00\x00\x00\x00\x00\x00\x00\x00\x00\x00\x00\x00\x00\x00\x00\x00\x00\x00\x00\x00\x00\x00\x00\x00\x00\x00\x00\x00\x00\x00\x00\x00\x00\x00\x00\x00\x00\x00\x00\x00\x00\x00\x00\x00\x00\x00\x00\x00\x00\x00\x00\x00\x00\x00\x00\x00\x00\x00\x00\x00\x00\x00\x00\x00\x00\x00\x00\x00\x00\x00\x00\x00\x00\x00\x00\x00\x00\x00\x00\x00\x00\x00\x00\x00\x00\x00\x00\x00\x00\x00\x00\x00\x00\x00\x00\x00\x00\x00\x00\x00\x00\x00\x00\x00\x00\x00\x00\x00\x00\x00\x00\x00\x00\x00\x00\x00\x00\x00\x00\x00\x00\x00\x00\x00\x00\x00\x00\x00\x00\x00\x00\x00\x00\x00\x00\x00\x00\x00\x00\x00\x00\x00\x00\x00\x00\x00\x00\x00\x00\x00\x00\x00\x00\x00\x00\x00\x00\x00\x00\x00\x00\x00\x00\x00\x00\x00\x00\x00\x00\x00\x00\x00\x00\x00\x00\x00\x00\x00\x00\x00\x00\x00\x00\x00\x00\x00\x00\x00\x00\x00\x00\x00\x00\x00\x00\x00\x00\x00\x00\x00\x00\x00\x00\x00\x00\x00\x00\x00\x00\x00\x00\x00\x00\x00\x00\x00\x00\x00\x00\x00\x00\x00\x00\x00\x00\x00\x00\x00\x00\x00\x00\x00\x00\x00\x00\x00\x00\x00\x00\x00\x00\x00\x00\x00\x00\x00\x00\x00\x00\x00\x00\x00\x00\x00\x00\x00\x00\x00\x00\x00\x00\x00\x00\x00\x00\x00\x00\x00\x00\x00\x00\x00\x00\x00\x00\x00\x00\x00\x00\x00\x00\x00\x00\x00\x00\x00\x00\x00\x00\x00\x00\x00\x00\x00\x00\x00\x00\x00\x00\x00\x00\x00\x00\x00\x00\x00\x00\x00\x00\x00\x00\x00\x00\x00\x00\x00\x00\x00\x00\x00\x00\x00\x00\x00\x00\x00\x00\x00\x00\x00\x00\x00\x00\x00\x00\x00\x00\x00\x00\x00\x00\x00\x00\x00\x00\x00\x00\x00\x00\x00\x00\x00\x00\x00\x00\x00\x00\x00\x00\x00\x00\x00\x00\x00\x00\x00\x00\x00\x00\x00\x00\x00\x00\x00\x00\x00\x00\x00\x00\x00\x00\x00\x00\x00\x00\x00\x00\x00\x00\x00\x00\x00\x00\x00\x00\x00\x00\x00\x00\x00\x00\x00\x00\x00\x00\x00\x00\x00\x00\x00\x00\x00\x00\x00\x00\x00\x00\x00\x00\x00\x00\x00\x00\x00\x00\x00\x00\x00\x00\x00\x00\x00\x00\x00\x00\x00\x00\x00\x00\x00\x00\x00\x00\x00\x00\x00\x00\x00\x00\x00\x00\x00\x00\x00\x00\x00\x00\x00\x00\x00\x00\x00\x00\x00\x00\x00\x00\x00\x00\x00\x00\x00\x00\x00\x00\x00\x00\x00\x00\x00\x00\x00\x00\x00\x00\x00\x00\x00\x00\x00\x00\x00\x00\x00\x00\x00\x00\x00\x00\x00\x00\x00\x00\x00\x00\x00\x00\x00\x00\x00\x00\x00\x00\x00\x00\x00\x00\x00\x00\x00\x00\x00\x00\x00\x00\x00\x00\x00\x00\x00\x00\x00\x00\x00\x00\x00\x00\x00\x00\x00\x00\x00\x00\x00\x00\x00\x00\x00\x00\x00\x00\x00\x00\x00\x00\x00\x00\x00\x00\x00\x00\x00\x00\x00\x00\x00\x00\x00\x00\x00\x00\x00\x00\x00\x00\x00\x00\x00\x00\x00\x00\x00\x00\x00\x00\x00\x00\x00\x00\x00\x00\x00\x00\x00\x00\x00\x00\x00\x00\x00\x00\x00\x00\x00\x00\x00\x00\x00\x00\x00\x00\x00\x00\x00\x00\x00\x00\x00\x00\x00\x00\x00\x00\x00\x00\x00\x00\x00\x00\x00\x00\x00\x00\x00\x00\x00\x00\x00\x00\x00\x00\x00\x00\x00\x00\x00\x00\x00\x00\x00\x00\x00\x00\x00\x00\x00\x00\x00\x00\x00\x00\x00\x00\x00\x00\x00\x00\x00\x00\x00\x00\x00\x00\x00\x00\x00\x00\x00\x00\x00\x00\x00\x00\x00\x00\x00\x00\x00\x00\x00\x00\x00\x00\x00\x00\x00\x00\x00\x00\x00\x00\x00\x00\x00\x00\x00\x00\x00\x00\x00\x00\x00\x00\x00\x00\x00\x00\x00\x00\x00\x00\x00\x00\x00\x00\x00\x00\x00\x00\x00\x00\x00\x00\x00\x00\x00\x00\x00\x00\x00\x00\x00\x00\x00\x00\x00\x00\x00\x00\x00\x00\x00\x00\x00\x00\x00\x00\x00\x00\x00\x00\x00\x00\x00\x00\x00\x00\x00\x00\x00\x00\x00\x00\x00\x00\x00\x00\x00\x00\x00\x00\x00\x00\x00\x00\x00\x00\x00\x00\x00\x00\x00\x00\x00\x00\x00\x00\x00\x00\x00\x00\x00\x00\x00\x00\x00\x00\x00\x00\x00\x00\x00\x00\x00\x00\x00\x00\x00\x00\x00\x00\x00\x00\x00\x00\x00\x00\x00\x00\x00\x00\x00\x00\x00\x00\x00\x00\x00\x00\x00\x00\x00\x00\x00\x00\x00\x00\x00\x00\x00\x00\x00\x00\x00\x00\x00\x00\x00\x00\x00\x00\x00\x00\x00\x00\x00\x00\x00\x00\x00\x00\x00\x00\x00\x00\x00\x00\x00\x00\x00\x00\x00\x00\x00\x00\x00\x00\x00\x00\x00\x00\x00\x00\x00\x00\x00\x00\x00\x00\x00\x00\x00\x00\x00\x00\x00\x00\x00\x00\x00\x00\x00\x00\x00\x00\x00\x00\x00\x00\x00\x00\x00\x00\x00\x00\x00\x00\x00\x00\x00\x00\x00\x00\x00\x00\x00\x00\x00\x00\x00\x00\x00\x00\x00\x00\x00\x00\x00\x00\x00\x00\x00\x00\x00\x00\x00\x00\x00\x00\x00\x00\x00\x00\x00\x00\x00\x00\x00\x00\x00\x00\x00\x00\x00\x00\x00\x00\x00\x00\x00\x00\x00\x00\x00\x00\x00\x00\x00\x00\x00\x00\x00\x00\x00\x00\x00\x00\x00\x00\x00\x00\x00\x00\x00\x00\x00\x00\x00\x00\x00\x00\x00\x00\x00\x00\x00\x00\x00\x00\x00\x00\x00\x00\x00\x00\x00\x00\x00\x00\x00\x00\x00\x00\x00\x00\x00\x00\x00\x00\x00\x00\x00\x00\x00\x00\x00\x00\x00\x00\x00\x00\x00\x00\x00\x00\x00\x00\x00\x00\x00\x00\x00\x00\x00\x00\x00\x00\x00\x00\x00\x00\x00\x00\x00\x00\x00\x00\x00\x00\x00\x00\x00\x00\x00\x00\x00\x00\x00\x00\x00\x00\x00\x00\x00\x00\x00\x00\x00\x00\x00\x00\x00\x00\x00\x00\x00\x00\x00\x00\x00\x00\x00\x00\x00\x00\x00\x00\x00\x00\x00\x00\x00\x00\x00\x00\x00\x00\x00\x00\x00\x00\x00\x00\x00\x00\x00\x00\x00\x00\x00\x00\x00\x00\x00\x00\x00\x00\x00\x00\x00\x00\x00\x00\x00\x00\x00\x00\x00\x00\x00\x00\x00\x00\x00\x00\x00\x00\x00\x00\x00\x00\x00\x00\x00\x00\x00\x00\x00\x00\x00\x00\x00\x00\x00\x00\x00\x00\x00\x00\x00\x00\x00\x00\x00\x00\x00\x00\x00\x00\x00\x00\x00\x00\x00\x00\x00\x00\x00\x00\x00\x00\x00\x00\x00\x00\x00\x00\x00\x00\x00\x00\x00\x00\x00\x00\x00\x00\x00\x00\x00\x00\x00\x00\x00\x00\x00\x00\x00\x00\x00\x00\x00\x00\x00\x00\x00\x00\x00\x00\x00\x00\x00\x00\x00\x00\x00\x00\x00\x00\x00\x00\x00\x00\x00\x00\x00\x00\x00\x00\x00\x00\x00\x00\x00\x00\x00\x00\x00\x00\x00\x00\x00\x00\x00\x00\x00\x00\x00\x00\x00\x00\x00\x00\x00\x00\x00\x00\x00\x00\x00\x00\x00\x00\x00\x00\x00\x00\x00\x00\x00\x00\x00\x00\x00\x00\x00\x00\x00\x00\x00\x00\x00\x00\x00\x00\x00\x00\x00\x00\x00\x00\x00\x00\x00\x00\x00\x00\x00\x00\x00\x00\x00\x00\x00\x00\x00\x00\x00\x00\x00\x00\x00\x00\x00\x00\x00\x00\x00\x00\x00\x00\x00\x00\x00\x00\x00\x00\x00\x00\x00\x00\x00\x00\x00\x00\x00\x00\x00\x00\x00\x00\x00\x00\x00\x00\x00\x00\x00\x00\x00\x00\x00\x00\x00\x00\x00\x00\x00\x00\x00\x00\x00\x00\x00\x00\x00\x00\x00\x00\x00\x00\x00\x00\x00\x00\x00\x00\x00\x00\x00\x00\x00\x00\x00\x00\x00\x00\x00\x00\x00\x00\x00\x00\x00\x00\x00\x00\x00\x00\x00\x00\x00\x00\x00\x00\x00\x00\x00\x00\x00\x00\x00\x00\x00\x00\x00\x00\x00\x00\x00\x00\x00\x00\x00\x00\x00\x00\x00\x00\x00\x00\x00\x00\x00\x00\x00\x00\x00\x00\x00\x00\x00\x00\x00\x00\x00\x00\x00\x00\x00\x00\x00\x00\x00\x00\x00\x00\x00\x00\x00\x00\x00\x00\x00\x00\x00\x00\x00\x00\x00\x00\x00\x00\x00\x00\x00\x00\x00\x00\x00\x00\x00\x00\x00\x00\x00\x00\x00\x00\x00\x00\x00\x00\x00\x00\x00\x00\x00\x00\x00\x00\x00\x00\x00\x00\x00\x00\x00\x00\x00\x00\x00\x00\x00\x00\x00\x00\x00\x00\x00\x00\x00\x00\x00\x00\x00\x00\x00\x00\x00\x00\x00\x00\x00\x00\x00\x00\x00\x00\x00\x00\x00\x00\x00\x00\x00\x00\x00\x00\x00\x00\x00\x00\x00\x00\x00\x00\x00\x00\x00\x00\x00\x00\x00\x00\x00\x00\x00\x00\x00\x00\x00\x00\x00\x00\x00\x00\x00\x00\x00\x00\x00\x00\x00\x00\x00\x00\x00\x00\x00\x00\x00\x00\x00\x00\x00\x00\x00\x00\x00\x00\x00\x00\x00\x00\x00\x00\x00\x00\x00\x00\x00\x00\x00\x00\x00\x00\x00\x00\x00\x00\x00\x00\x00\x00\x00\x00\x00\x00\x00\x00\x00\x00\x00\x00\x00\x00\x00\x00\x00\x00\x00\x00\x00\x00\x00\x00\x00\x00\x00\x00\x00\x00\x00\x00\x00\x00\x00\x00\x00\x00\x00\x00\x00\x00\x00\x00\x00\x00\x00\x00\x00\x00\x00\x00\x00\x00\x00\x00\x00\x00\x00\x00\x00\x00\x00\x00\x00\x00\x00\x00\x00\x00\x00\x00\x00\x00\x00\x00\x00\x00\x00\x00\x00\x00\x00\x00\x00\x00\x00\x00\x00\x00\x00\x00\x00\x00\x00\x00\x00\x00\x00\x00\x00\x00\x00\x00\x00\x00\x00\x00\x00\x00\x00\x00\x00\x00\x00\x00\x00\x00\x00\x00\x00\x00\x00\x00\x00\x00\x00\x00\x00\x00\x00\x00\x00\x00\x00\x00\x00\x00\x00\x00\x00\x00\x00\x00\x00\x00\x00\x00\x00\x00\x00\x00\x00\x00\x01\x00\x00\x00\x02\x00\x00\x00\x03\x00\x00\x00\x04\x00\x00\x00\x05\x00\x00\x00\x06\x00\x00\x00\x07\x00\x00\x00\xfe\xff\xff\xff\xfd\xff\xff\xff\xfe\xff\xff\xff\xff\xff\xff\xff\xff\xff\xff\xff\xff\xff\xff\xff\xff\xff\xff\xff\xff\xff\xff\xff\xff\xff\xff\xff\xff\xff\xff\xff\xff\xff\xff\xff\xff\xff\xff\xff\xff\xff\xff\xff\xff\xff\xff\xff\xff\xff\xff\xff\xff\xff\xff\xff\xff\xff\xff\xff\xff\xff\xff\xff\xff\xff\xff\xff\xff\xff\xff\xff\xff\xff\xff\xff\xff\xff\xff\xff\xff\xff\xff\xff\xff\xff\xff\xff\xff\xff\xff\xff\xff\xff\xff\xff\xff\xff\xff\xff\xff\xff\xff\xff\xff\xff\xff\xff\xff\xff\xff\xff\xff\xff\xff\xff\xff\xff\xff\xff\xff\xff\xff\xff\xff\xff\xff\xff\xff\xff\xff\xff\xff\xff\xff\xff\xff\xff\xff\xff\xff\xff\xff\xff\xff\xff\xff\xff\xff\xff\xff\xff\xff\xff\xff\xff\xff\xff\xff\xff\xff\xff\xff\xff\xff\xff\xff\xff\xff\xff\xff\xff\xff\xff\xff\xff\xff\xff\xff\xff\xff\xff\xff\xff\xff\xff\xff\xff\xff\xff\xff\xff\xff\xff\xff\xff\xff\xff\xff\xff\xff\xff\xff\xff\xff\xff\xff\xff\xff\xff\xff\xff\xff\xff\xff\xff\xff\xff\xff\xff\xff\xff\xff\xff\xff\xff\xff\xff\xff\xff\xff\xff\xff\xff\xff\xff\xff\xff\xff\xff\xff\xff\xff\xff\xff\xff\xff\xff\xff\xff\xff\xff\xff\xff\xff\xff\xff\xff\xff\xff\xff\xff\xff\xff\xff\xff\xff\xff\xff\xff\xff\xff\xff\xff\xff\xff\xff\xff\xff\xff\xff\xff\xff\xff\xff\xff\xff\xff\xff\xff\xff\xff\xff\xff\xff\xff\xff\xff\xff\xff\xff\xff\xff\xff\xff\xff\xff\xff\xff\xff\xff\xff\xff\xff\xff\xff\xff\xff\xff\xff\xff\xff\xff\xff\xff\xff\xff\xff\xff\xff\xff\xff\xff\xff\xff\xff\xff\xff\xff\xff\xff\xff\xff\xff\xff\xff\xff\xff\xff\xff\xff\xff\xff\xff\xff\xff\xff\xff\xff\xff\xff\xff\xff\xff\xff\xff\xff\xff\xff\xff\xff\xff\xff\xff\xff\xff\xff\xff\xff\xff\xff\xff\xff\xff\xff\xff\xff\xff\xff\xff\xff\xff\xff\xff\xff\xff\xff\xff\xff\xff\xff\xff\xff\xff\xff\xff\xff\xff\xff\xff\xff\xff\xff\xff\xff\xff\xff\xff\xff\xff\xff\xff\xff\xff\xff\xff\xff\xff\xff\xff\xff\xff\xff\xff\xff\xff\xff\xff\xff\xff\xff\xff\xff\xff\xff\xff\xff\xff\xff\xff\xff\xff\xff\xff\xff\xff\xff\xff\xff\xff\xff\xff\xff\xff\xff\xff\xff\xff\xff\xff\xff\xff\xff\xff\xff\xffR\x00o\x00o\x00t\x00 \x00E\x00n\x00t\x00r\x00y\x00\x00\x00\x00\x00\x00\x00\x00\x00\x00\x00\x00\x00\x00\x00\x00\x00\x00\x00\x00\x00\x00\x00\x00\x00\x00\x00\x00\x00\x00\x00\x00\x00\x00\x00\x00\x00\x00\x00\x00\x00\x00\x00\x00\x00\x16\x00\x05\x01\xff\xff\xff\xff\xff\xff\xff\xff\x01\x00\x00\x00\x00\x00\x00\x00\x00\x00\x00\x00\x00\x00\x00\x00\x00\x00\x00\x00\x00\x00\x00\x00\x00\x00\x00\x00\x00\x00\x00\x00\x00\x00\x00\x00\x00\x00\x00\x00\xfe\xff\xff\xff\x00\x00\x00\x00\x00\x00\x00\x00W\x00o\x00r\x00k\x00b\x00o\x00o\x00k\x00\x00\x00\x00\x00\x00\x00\x00\x00\x00\x00\x00\x00\x00\x00\x00\x00\x00\x00\x00\x00\x00\x00\x00\x00\x00\x00\x00\x00\x00\x00\x00\x00\x00\x00\x00\x00\x00\x00\x00\x00\x00\x00\x00\x00\x00\x00\x00\x00\x12\x00\x02\x01\xff\xff\xff\xff\xff\xff\xff\xff\xff\xff\xff\xff\x00\x00\x00\x00\x00\x00\x00\x00\x00\x00\x00\x00\x00\x00\x00\x00\x00\x00\x00\x00\x00\x00\x00\x00\x00\x00\x00\x00\x00\x00\x00\x00\x00\x00\x00\x00\x00\x00\x00\x00\x00\x10\x00\x00\x00\x00\x00\x00\x00\x00\x00\x00\x00\x00\x00\x00\x00\x00\x00\x00\x00\x00\x00\x00\x00\x00\x00\x00\x00\x00\x00\x00\x00\x00\x00\x00\x00\x00\x00\x00\x00\x00\x00\x00\x00\x00\x00\x00\x00\x00\x00\x00\x00\x00\x00\x00\x00\x00\x00\x00\x00\x00\x00\x00\x00\x00\x00\x00\x00\x00\x00\x00\x00\x00\x00\x01\xff\xff\xff\xff\xff\xff\xff\xff\xff\xff\xff\xff\x00\x00\x00\x00\x00\x00\x00\x00\x00\x00\x00\x00\x00\x00\x00\x00\x00\x00\x00\x00\x00\x00\x00\x00\x00\x00\x00\x00\x00\x00\x00\x00\x00\x00\x00\x00\xfe\xff\xff\xff\x00\x00\x00\x00\x00\x00\x00\x00\x00\x00\x00\x00\x00\x00\x00\x00\x00\x00\x00\x00\x00\x00\x00\x00\x00\x00\x00\x00\x00\x00\x00\x00\x00\x00\x00\x00\x00\x00\x00\x00\x00\x00\x00\x00\x00\x00\x00\x00\x00\x00\x00\x00\x00\x00\x00\x00\x00\x00\x00\x00\x00\x00\x00\x00\x00\x00\x00\x00\x00\x00\x00\x00\x00\x00\x00\x01\xff\xff\xff\xff\xff\xff\xff\xff\xff\xff\xff\xff\x00\x00\x00\x00\x00\x00\x00\x00\x00\x00\x00\x00\x00\x00\x00\x00\x00\x00\x00\x00\x00\x00\x00\x00\x00\x00\x00\x00\x00\x00\x00\x00\x00\x00\x00\x00\xfe\xff\xff\xff\x00\x00\x00\x00\x00\x00\x00\x00\r\n--3e83eccde66a1a369be2ce3a77b8e2a9--\r\n'
2020-10-20 17:15:05,215 - root - INFO : 响应消息: {'traceId': 'c06200497a86499391e729fe6ff83d49', 'status': '0', 'msg': 'success', 'data': {}}
2020-10-20 17:15:05,215 - root - INFO : 校验类型: [-status], 结果: [Passed], 预期: [0]
2020-10-20 17:15:05,215 - root - INFO : 校验类型: [-msg], 结果: [Passed], 预期: [success]
2020-10-20 17:15:05,215 - root - INFO :  = = =  = = =  = = =  = = =  = = =  = = =  = = =  = = = 分割线 = = =  = = =  = = =  = = =  = = =  = = =  = = =  = = = 
2020-10-20 17:15:05,215 - root - INFO : 正在执行Block: register_code_phone
2020-10-20 17:15:05,215 - root - INFO : 正在执行Function: login_operation
2020-10-20 17:15:05,216 - root - INFO : 描述信息: 【运营系统】登录运营后台
2020-10-20 17:15:05,216 - root - INFO : 请求地址: https://admin-fat.shiguangkey.com/sys/login
2020-10-20 17:15:05,216 - root - INFO : 请求方法: [- POST -]
2020-10-20 17:15:05,216 - root - INFO : 请求头部: {'content-type': 'application/x-www-form-urlencoded', 'cookie': 'Hm_ct_7e8b931a9b138d095673181619178304=2382*1*1; Hm_lvt_7e8b931a9b138d095673181619178304=1597992196,1598525266,1598681451,1598930027; token=0x7798bf0712ef2ec6c4848f7ba47d63; tz-admin-token-fat=0x7798bf0712ef2ec6c4848f7ba47d63; im-token=undefined; Hm_lpvt_7e8b931a9b138d095673181619178304=1599813517; JSESSIONID=42AA8C4D7C029D25C52B631F58F375CF'}
2020-10-20 17:15:05,216 - root - INFO : 请求正文: {'username': 'admin', 'password': 'admin1024', 'captcha': 'AAAAA'}
2020-10-20 17:15:05,337 - root - INFO : 响应消息: {'code': 0}
2020-10-20 17:15:05,337 - root - INFO : 校验类型: [-code], 结果: [Passed], 预期: [0]
2020-10-20 17:15:05,337 - root - INFO :  = = =  = = =  = = =  = = =  = = =  = = =  = = =  = = = 分割线 = = =  = = =  = = =  = = =  = = =  = = =  = = =  = = = 
2020-10-20 17:15:05,338 - root - INFO : 描述信息: 【运营系统】获取注册验证码
2020-10-20 17:15:05,338 - root - INFO : 请求地址: https://admin-fat.shiguangkey.com/user/set-smscode
2020-10-20 17:15:05,338 - root - INFO : 请求方法: [- GET -]
2020-10-20 17:15:05,338 - root - INFO : 请求头部: {'cookie': 'Hm_ct_7e8b931a9b138d095673181619178304=2382*1*1; Hm_lvt_7e8b931a9b138d095673181619178304=1597992196,1598525266,1598681451,1598930027; token=0x7798bf0712ef2ec6c4848f7ba47d63; tz-admin-token-fat=0x7798bf0712ef2ec6c4848f7ba47d63; im-token=undefined; Hm_lpvt_7e8b931a9b138d095673181619178304=1599813517; JSESSIONID=42AA8C4D7C029D25C52B631F58F375CF'}
2020-10-20 17:15:05,338 - root - INFO : 请求正文: {'phone': '18122221743', '_': '1603185302000'}
2020-10-20 17:15:05,488 - root - INFO : 响应消息: {'bizId': None, 'data': {'smsCode': '1009'}, 'messageId': '20201020171506389375300', 'msg': 'success', 'status': 0, 'version': None}
2020-10-20 17:15:05,488 - root - INFO : 提取变量: [ smsCode: 1009 ]
2020-10-20 17:15:05,488 - root - INFO : 校验类型: [-status], 结果: [Passed], 预期: [0]
2020-10-20 17:15:05,488 - root - INFO : 校验类型: [-msg], 结果: [Passed], 预期: [success]
2020-10-20 17:15:05,488 - root - INFO : 校验类型: [-in]  结果: [Passed]  预期: smsCode
2020-10-20 17:15:05,488 - root - INFO :  = = =  = = =  = = =  = = =  = = =  = = =  = = =  = = = 分割线 = = =  = = =  = = =  = = =  = = =  = = =  = = =  = = = 
2020-10-20 17:15:05,488 - root - INFO : 描述信息: 【潭州课堂】获取登录学员 token
2020-10-20 17:15:05,489 - root - INFO : 请求地址: https://open-fat.shiguangkey.com/api/udb/login/phone/login
2020-10-20 17:15:05,489 - root - INFO : 请求方法: [- POST -]
2020-10-20 17:15:05,489 - root - INFO : 请求头部: {'content-type': 'application/x-www-form-urlencoded', 'terminaltype': '4'}
2020-10-20 17:15:05,489 - root - INFO : 请求正文: {'phone': '86-18122221743', 'code': '1009'}
2020-10-20 17:15:05,723 - root - INFO : 响应消息: {'traceId': '9b6f8d64645e4409b30bbb99d903c958', 'status': '0', 'msg': 'success', 'data': {'user': {'uid': 19867104, 'mobile': '18122221743', 'account': 't0328889769', 'nickname': '乐陶陶的心叶蔓', 'headImg': 'https://res.shiguangkey.com/res/images/default.png', 'openId': '', 'newRegister': True, 'needBindPhone': False, 'showAccountList': False}, 'token': 'c7025a740712f25e0e94c49768b2fad1'}}
2020-10-20 17:15:05,723 - root - INFO : 提取变量: [ student: c7025a740712f25e0e94c49768b2fad1 ]
2020-10-20 17:15:05,723 - root - INFO : 校验类型: [-status], 结果: [Passed], 预期: [0]
2020-10-20 17:15:05,723 - root - INFO : 校验类型: [-msg], 结果: [Passed], 预期: [success]
2020-10-20 17:15:05,723 - root - INFO :  = = =  = = =  = = =  = = =  = = =  = = =  = = =  = = = 分割线 = = =  = = =  = = =  = = =  = = =  = = =  = = =  = = = 
2020-10-20 17:15:05,723 - root - INFO : 描述信息: 【潭州课堂】获取潭州账号
2020-10-20 17:15:05,724 - root - INFO : 请求地址: https://open-fat.shiguangkey.com/api/udb/user/mine
2020-10-20 17:15:05,724 - root - INFO : 请求方法: [- GET -]
2020-10-20 17:15:05,724 - root - INFO : 请求头部: {'terminaltype': '4', 'token': 'c7025a740712f25e0e94c49768b2fad1'}
2020-10-20 17:15:05,724 - root - INFO : 请求正文: None
2020-10-20 17:15:05,871 - root - INFO : 响应消息: {'traceId': '9a878b97756c47988622fe8a2b23a28a', 'status': '0', 'msg': 'success', 'data': {'userDetail': {'uid': 19867104, 'account': 't0328889769', 'phone': '18122221743', 'nickname': '乐陶陶的心叶蔓', 'birthday': '', 'headImg': 'https://res.shiguangkey.com/res/images/default.png', 'qq': '', 'description': '', 'realname': '', 'gender': 2, 'email': '', 'industry': '', 'profession': '', 'address': '', 'signature': '', 'openId': '', 'wechat': '', 'token': '', 'relevanceMobile': '', 'pwdNeedPerfect': True, 'certMobile': '18122221743', 'needBindPhone': False}}}
2020-10-20 17:15:05,872 - root - INFO : 提取变量: [ account: t0328889769 ]
2020-10-20 17:15:05,872 - root - INFO : 校验类型: [-status], 结果: [Passed], 预期: [0]
2020-10-20 17:15:05,872 - root - INFO : 校验类型: [-msg], 结果: [Passed], 预期: [success]
2020-10-20 17:15:05,872 - root - INFO :  = = =  = = =  = = =  = = =  = = =  = = =  = = =  = = = 分割线 = = =  = = =  = = =  = = =  = = =  = = =  = = =  = = = 
2020-10-20 17:20:05,873 - root - INFO : 描述信息: 【CRM-工单管理-工单列表】新建工单
2020-10-20 17:20:05,873 - root - INFO : 请求地址: https://order-fat.shiguangkey.com/admin/order/order/saveFirst
2020-10-20 17:20:05,873 - root - INFO : 请求方法: [- POST -]
2020-10-20 17:20:05,873 - root - INFO : 请求头部: {'content-type': 'application/x-www-form-urlencoded', 'token': '0x77c8c30712f10d0ae6e4a3fa3f82d6'}
2020-10-20 17:20:05,873 - root - INFO : 请求正文: {'userAccount': 't0328889769', 'userName': '王五', 'userPhone': '18122221743', 'userQq': '18122221743', 'channel': 21, 'buyType': 1, 'goodsType': 6810, 'vipLiveState': 1, 'payTime': '1603123200000', 'payMoney': 2300, 'isKoubei': 0, 'followerUid': 19861712, 'goods': '[{"goodsType":6810,"goodsId":20814,"goodsMoney":2300}]', 'receiveChannelIdF': 1, 'receiveChannelIdT': 37, 'transNo': '1603185302000', 'loanSubsidizedAmount': 0, 'currencyValue': 1, 'voucherUrl': 'https://res.shiguangkey.com/paymentVoucher/2020/10/10/94ad995362/20200408153408271523387.jpg', 'divideDeptDetails': '[{"followerUid":19861712,"deptIdChain":"1001-8006-8007-8008-8009","divideAmount":2300}]', 'customerDeptId': 8009, 'isSuspend': 0}
2020-10-20 17:20:07,343 - root - INFO : 响应消息: {'traceId': '8c4852e32a398db2', 'status': '0', 'msg': 'success', 'data': {'result': {'courseTitles': '售前售后-股票大课', 'createTime': 1603185608000, 'followerMobile': '13907380002', 'url': 'https://m-fat.shiguangkey.com/payForWork?w=ayTH3WvGPWgiiebhKHun9bU4qWR0Y54ITU0TMu2kjPA='}}}
2020-10-20 17:20:07,343 - root - INFO : 校验类型: [-status], 结果: [Passed], 预期: [0]
2020-10-20 17:20:07,344 - root - INFO : 校验类型: [-msg], 结果: [Passed], 预期: [success]
2020-10-20 17:20:07,344 - root - INFO :  = = =  = = =  = = =  = = =  = = =  = = =  = = =  = = = 分割线 = = =  = = =  = = =  = = =  = = =  = = =  = = =  = = = 
2020-10-20 17:20:07,344 - root - INFO : 描述信息: 【CRM-工单管理-工单列表】查询工单
2020-10-20 17:20:07,344 - root - INFO : 请求地址: https://order-fat.shiguangkey.com/admin/order/paymentWater/getPageList
2020-10-20 17:20:07,344 - root - INFO : 请求方法: [- GET -]
2020-10-20 17:20:07,344 - root - INFO : 请求头部: {'token': '0x77c8c30712f10d0ae6e4a3fa3f82d6'}
2020-10-20 17:20:07,344 - root - INFO : 请求正文: {'userAccount': 't0328889769', 'createTimeStart': '1603123200000', 'createTimeEnd': '1603209599000', 'pageIndex': 1, 'pageSize': 20}
2020-10-20 17:20:07,510 - root - INFO : 响应消息: {'traceId': '2181a829f96747fe', 'status': '0', 'msg': 'success', 'data': {'totalItem': 1, 'list': [{'id': 165916, 'userPhone': '18122221743', 'userName': '王五', 'userAccount': 't0328889769', 'userQq': '18122221743', 'userWechat': None, 'ordersNo': 'D201020768161641354235904', 'ordersId': 115127, 'payWaterNo': 'W768161642075656192', 'payMoney': 2300.0, 'payStatus': 1131, 'completeStatus': 1, 'followerAccount': 't0383212689', 'customerDeptName': None, 'isOverdue': 0, 'isOpenSea': 0, 'channel': 21, 'transNo': '1603185302000', 'createTime': 1603185608000, 'creatorUid': 19861712, 'initialId': 0, 'creatorName': '丁聪2', 'receiveChannelIdF': 1}]}}
2020-10-20 17:20:07,511 - root - INFO : 提取变量: [ id: 165916 ]
2020-10-20 17:20:07,511 - root - INFO : 校验类型: [-status], 结果: [Passed], 预期: [0]
2020-10-20 17:20:07,511 - root - INFO : 校验类型: [-msg], 结果: [Passed], 预期: [success]
2020-10-20 17:20:07,511 - root - INFO :  = = =  = = =  = = =  = = =  = = =  = = =  = = =  = = = 分割线 = = =  = = =  = = =  = = =  = = =  = = =  = = =  = = = 
2020-10-20 17:20:07,511 - root - INFO : 描述信息: 【CRM-财务管理-工单审核列表】审核工单
2020-10-20 17:20:07,511 - root - INFO : 请求地址: https://order-fat.shiguangkey.com/admin/order/finance/audit/pass
2020-10-20 17:20:07,511 - root - INFO : 请求方法: [- GET -]
2020-10-20 17:20:07,511 - root - INFO : 请求头部: {'content_type': 'application/x-www-form-urlencoded', 'token': '0x77c8c30712f10d0ae6e4a3fa3f82d6'}
2020-10-20 17:20:07,511 - root - INFO : 请求正文: {'id': '165916'}
2020-10-20 17:20:08,015 - root - INFO : 响应消息: {'traceId': 'fda7053fb124ed2c', 'status': '0', 'msg': 'success', 'data': {}}
2020-10-20 17:20:08,016 - root - INFO : 校验类型: [-status], 结果: [Passed], 预期: [0]
2020-10-20 17:20:08,016 - root - INFO : 校验类型: [-msg], 结果: [Passed], 预期: [success]
2020-10-20 17:20:08,016 - root - INFO :  = = =  = = =  = = =  = = =  = = =  = = =  = = =  = = = 分割线 = = =  = = =  = = =  = = =  = = =  = = =  = = =  = = = 
2020-10-20 17:25:58,016 - root - INFO : 描述信息: 【流量/成单记录查询】成单记录数据查询
2020-10-20 17:25:58,016 - root - INFO : 请求地址: https://galaxy-api-fat.shiguangkey.com/api/galaxy/customerManage/customerLeaningDirectAllocPageList
2020-10-20 17:25:58,016 - root - INFO : 请求方法: [- POST -]
2020-10-20 17:25:58,016 - root - INFO : 请求头部: {'content-type': 'application/x-www-form-urlencoded', 'token': '0x77c8c30712f10d0ae6e4a3fa3f82d6'}
2020-10-20 17:25:58,016 - root - INFO : 请求正文: {'gatherTimeStart': '1603123200000', 'gatherTimeEnd': '1603209599000', 'isAdult': 1, 'tanzkAccount': 't0328889769', 'pageIndex': 1, 'pageSize': 20}
2020-10-20 17:25:58,270 - root - INFO : 响应消息: {'traceId': '77723add4a1f499c8043130302eb6600', 'status': '0', 'msg': 'success', 'data': {'totalItem': 1, 'list': [{'id': 688032, 'customerId': 640481, 'nick': '张三', 'mobile': '18122221743', 'tanzkAccount': 't0328889769', 'qq': '51232924', 'wx': '51232924', 'referenceAge': '28', 'subjectName': 'Python', 'promotionerDeptIdChain': '1001-8006-8007-8008-8009', 'promotionerDeptNameChain': '潭州教育>自动化测试分公司--勿动>自动化测试群--勿动>自动化测试事业部>自动化测试院', 'channelName': '微信', 'creativityId': 114001, 'adKey': '1', 'creativityCreatorName': '暖和的少女花', 'gatherTime': 1603185300000, 'gatherType': 1, 'putMode': 1, 'putModeName': None, 'enterWay': 30, 'enterWayName': None, 'gatherTypeName': None, 'worksheetCreateTime': 1603185608000, 'status': 93, 'statusName': None, 'payType': 1, 'payTypeName': None, 'payTime': 1603123200000, 'paidMoney': 2300.0, 'worksheetCreatorDeptIdChain': '1001-8006-8007-8008-8009', 'worksheetCreatorDeptNameChain': '潭州教育>自动化测试分公司--勿动>自动化测试群--勿动>自动化测试事业部>自动化测试院', 'worksheetCreatorName': '丁聪2', 'followerName': '暖和的少女花', 'followDeptIdChain': '1001-8006-8007-8008-8009', 'followDeptNameChain': '潭州教育>自动化测试分公司--勿动>自动化测试群--勿动>自动化测试事业部>自动化测试院', 'promotionerName': '暖和的少女花', 'receptionistName': None, 'belongDeptIdChain': '1001-8006-8007-8008-8009', 'belongDeptIdNameChain': '潭州教育>自动化测试分公司--勿动>自动化测试群--勿动>自动化测试事业部>自动化测试院', 'workSheetId': 165916, 'wsQq': '18122221743', 'wsWx': None, 'wsMobile': '18122221743', 'courseSubjectName': '股票', 'remarks': '流量备注', 'isAdult': 1, 'isAdultName': None, 'isHighSeas': 0, 'isHighSeasName': None, 'isFirstName': None, 'payAmount': 0.0, 'vector': None, 'isTest': 0, 'isTestName': None, 'labelInfo': None, 'headIcon': None, 'websiteLinkId': None, 'websiteUrl': None, 'courseId': None, 'courseName': None}]}}
2020-10-20 17:25:58,270 - root - INFO :  = = =  = = =  = = =  = = =  = = =  = = =  = = =  = = = 分割线 = = =  = = =  = = =  = = =  = = =  = = =  = = =  = = = 
