2020-09-03 15:40:44,683 - root - INFO : 描述信息: 【潭州平台】获取登录用户 token
2020-09-03 15:40:44,683 - root - INFO : 请求地址: https://open-fat.shiguangkey.com/api/udb/workwechat/auth/login
2020-09-03 15:40:44,683 - root - INFO : 请求方法: [- POST -]
2020-09-03 15:40:44,683 - root - INFO : 请求头部: {'content-type': 'application/x-www-form-urlencoded', 'terminaltype': '4', 'user-agent': 'Mozilla/5.0 (Windows NT 10.0; Win64; x64) AppleWebKit/537.36 (KHTML, like Gecko) Chrome/80.0.3987.106 Safari/537.36', 'Connection': 'close', 'keep-alive': 'False'}
2020-09-03 15:40:44,683 - root - INFO : 请求正文: {'account': 't0384223793', 'password': '4QrcOUm6Wau+VuBX8g+IPg'}
2020-09-03 15:40:44,831 - root - INFO : 响应消息: {'traceId': 'd56a223abec64f9cbe47f0f90ff80a7a', 'status': '0', 'msg': 'success', 'data': {'user': {'uid': 19862099, 'mobile': '', 'account': '', 'nickname': '日常的阿魏', 'headImg': 'https://res.shiguangkey.com/res/images/default.png', 'openId': '', 'newRegister': False, 'needBindPhone': False, 'showAccountList': False}, 'token': '0x77a96e0712f125359094b719b84c90'}}
2020-09-03 15:40:44,831 - root - INFO : 提取变量: [ pttoken: 0x77a96e0712f125359094b719b84c90 ]
2020-09-03 15:40:44,831 - root - INFO : 校验类型: [-status], 结果: [Passed], 预期: [0]
2020-09-03 15:40:44,832 - root - INFO : 校验类型: [-msg], 结果: [Passed], 预期: [success]
2020-09-03 15:40:44,832 - root - INFO :  = = =  = = =  = = =  = = =  = = =  = = =  = = =  = = = 分割线 = = =  = = =  = = =  = = =  = = =  = = =  = = =  = = = 
2020-09-03 15:40:44,832 - root - INFO : 正在执行Function: flow_cost_mgt_page_list
2020-09-03 15:40:44,832 - root - INFO : 描述信息: 【预算/流量成本管理/查询】
2020-09-03 15:40:44,832 - root - INFO : 请求地址: https://galaxy-api-fat.shiguangkey.com/api/galaxy/flow/cost/manage/pageList
2020-09-03 15:40:44,832 - root - INFO : 请求方法: [- POST -]
2020-09-03 15:40:44,832 - root - INFO : 请求头部: {'content-type': 'application/x-www-form-urlencoded', 'token': '0x77a96e0712f125359094b719b84c90', 'user-agent': 'Mozilla/5.0 (Windows NT 10.0; Win64; x64) AppleWebKit/537.36 (KHTML, like Gecko) Chrome/80.0.3987.106 Safari/537.36', 'Connection': 'close', 'keep-alive': 'False'}
2020-09-03 15:40:44,832 - root - INFO : 请求正文: {'pageIndex': 1, 'pageSize': 20, 'gatherType': 3, 'startCostMonth': 1601481600000, 'endCostMonth': 1604159999999, 'channelId': 4}
2020-09-03 15:40:45,061 - root - INFO : 响应消息: {'traceId': '254e96ba1d124f8bae8ac0152f4ef01a', 'status': '0', 'msg': 'success', 'data': {'list': [{'id': 97, 'costMonth': 1601481600000, 'promotionerDeptIdChain': '1001-8006-8007-8008-8009', 'promotionerDeptName': '潭州教育>自动化测试分公司--勿动>自动化测试群--勿动>自动化测试事业部>自动化测试院', 'subjectId': 373, 'subjectName': 'SEM', 'channelId': 4, 'channelName': '知乎', 'gatherType': 3, 'putMode': 1, 'lastMonthLaunchNumber': 10000, 'lastMonthCashConsume': 1000.0, 'lastMonthSupplyTotal': 10000, 'lastMonthCost': 100.0, 'lastMonthDayAverageSupply': 1600, 'sameMonthDayAverageSupply': 10000, 'sameMonthDayAverageIncrement': 100, 'sameMonthCost': 1000.0, 'sameMonthDayConsume': 100.0, 'sameMonthSupply': 10000, 'sameMonthCashConsume': 1000.0, 'creatorId': 19862099, 'creatorName': '日常的阿魏', 'creatorDeptId': 8009, 'creatorDeptIdChain': '1001-8006-8007-8008-8009', 'createTime': 1599116383000, 'modifierId': '', 'modifierName': '', 'modifyTime': '', 'isDelete': 2020}], 'totalItem': 1, 'summation': {'lastMonthLaunchNumber': 10000, 'lastMonthCashConsume': 1000.0, 'lastMonthSupplyTotal': 10000, 'lastMonthCost': 0.1, 'lastMonthDayAverageSupply': 1600, 'sameMonthDayAverageSupply': 10000, 'sameMonthDayAverageIncrement': 100, 'sameMonthCost': 0.1, 'sameMonthDayConsume': 100.0, 'sameMonthSupply': 10000, 'sameMonthCashConsume': 1000.0}}}
2020-09-03 15:40:45,062 - root - INFO : 提取变量: [ id: 97 ]
2020-09-03 15:40:45,062 - root - INFO : 提取变量: [ costMonth: 1601481600000 ]
2020-09-03 15:40:45,063 - root - INFO : 提取变量: [ subjectId: 373 ]
2020-09-03 15:40:45,063 - root - INFO : 提取变量: [ subjectName: SEM ]
2020-09-03 15:40:45,063 - root - INFO : 校验类型: [-status], 结果: [Passed], 预期: [0]
2020-09-03 15:40:45,063 - root - INFO : 校验类型: [-msg], 结果: [Passed], 预期: [success]
2020-09-03 15:40:45,063 - root - INFO :  = = =  = = =  = = =  = = =  = = =  = = =  = = =  = = = 分割线 = = =  = = =  = = =  = = =  = = =  = = =  = = =  = = = 
