2020-11-03 09:29:02,961 - root - INFO : 描述信息: 【潭州平台】获取登录用户 token
2020-11-03 09:29:02,961 - root - INFO : 请求地址: https://open-fat.shiguangkey.com/api/udb/workwechat/auth/login
2020-11-03 09:29:02,961 - root - INFO : 请求方法: [- POST -]
2020-11-03 09:29:02,961 - root - INFO : 请求头部: {'content-type': 'application/x-www-form-urlencoded', 'terminaltype': '4'}
2020-11-03 09:29:02,962 - root - INFO : 请求正文: {'account': 't0383212689', 'password': '4QrcOUm6Wau+VuBX8g+IPg'}
2020-11-03 09:29:03,201 - root - INFO : 响应消息: {'traceId': '1e19f3e125944cfc8fe8b2df943bff61', 'status': '0', 'msg': 'success', 'data': {'user': {'uid': 19861712, 'mobile': '', 'account': '', 'nickname': '暖和的少女花', 'headImg': 'https://res.shiguangkey.com/res/images/default.png', 'openId': '', 'newRegister': False, 'needBindPhone': False, 'showAccountList': False}, 'token': '0x7721dd0712f10d01506433681cb37b'}}
2020-11-03 09:29:03,203 - root - INFO : 提取变量: [ pttoken: 0x7721dd0712f10d01506433681cb37b ]
2020-11-03 09:29:03,203 - root - INFO : 校验类型: [-status], 结果: [Passed], 预期: [0]
2020-11-03 09:29:03,203 - root - INFO : 校验类型: [-msg], 结果: [Passed], 预期: [success]
2020-11-03 09:29:03,203 - root - INFO :  = = =  = = =  = = =  = = =  = = =  = = =  = = =  = = = 分割线 = = =  = = =  = = =  = = =  = = =  = = =  = = =  = = = 
2020-11-03 09:29:12,076 - root - INFO : 正在执行Function: program_inf_save
2020-11-03 09:29:12,077 - root - INFO : 描述信息: 【银河/广告/广告计划】新增广告计划
2020-11-03 09:29:12,077 - root - INFO : 请求地址: https://galaxy-api-fat.shiguangkey.com/api/galaxy/program/info/save
2020-11-03 09:29:12,078 - root - INFO : 请求方法: [- POST -]
2020-11-03 09:29:12,078 - root - INFO : 请求头部: {'content-type': 'application/json', 'token': '0x7721dd0712f10d01506433681cb37b'}
2020-11-03 09:29:12,078 - root - INFO : 请求正文: {'channelId': 6, 'name': '自动化计划06781545', 'subjectId': '280', 'subjectName': 'Python', 'isTest': 0, 'putMode': 1, 'type': 1, 'gatherType': 1, 'allocInstType': 1, 'channelName': '微信'}
2020-11-03 09:29:12,426 - root - INFO : 响应消息: {'traceId': '912a743714ae42e49690eaf4433bf634', 'status': '0', 'msg': 'success', 'data': {}}
2020-11-03 09:29:12,426 - root - INFO : 正在执行Function: program_page_list
2020-11-03 09:29:12,426 - root - INFO : 描述信息: 【银河/广告/广告计划】查询广告计划
2020-11-03 09:29:12,426 - root - INFO : 请求地址: https://galaxy-api-fat.shiguangkey.com/api/galaxy/program/pageList
2020-11-03 09:29:12,427 - root - INFO : 请求方法: [- POST -]
2020-11-03 09:29:12,427 - root - INFO : 请求头部: {'content-type': 'application/x-www-form-urlencoded', 'token': '0x7721dd0712f10d01506433681cb37b'}
2020-11-03 09:29:12,427 - root - INFO : 请求正文: {'name': '自动化计划06781545', 'isHide': 0, 'pageIndex': 1, 'pageSize': 20, 'gatherType': 1}
2020-11-03 09:29:12,749 - root - INFO : 响应消息: {'traceId': '0522e6ff1bae4793baf4c61f6a27ddce', 'status': '0', 'msg': 'success', 'data': {'totalItem': 1, 'list': [{'id': 14924, 'oldProgramId': None, 'no': '1000001064119132', 'name': '自动化计划06781545', 'type': 1, 'programName': None, 'subjectName': 'Python', 'subjectId': 280, 'channelName': '微信', 'channelId': 6, 'isImport': None, 'position': None, 'keyword': None, 'areaId': None, 'areaName': None, 'remark': None, 'isNeedCaptch': None, 'state': None, 'adMainId': None, 'channelAgencyAccountId': None, 'accountCode': None, 'adMainAccount': None, 'thirdUrl': None, 'allocInstType': 1, 'receiveDeptId': None, 'receiveDeptIdChain': None, 'isHide': 0, 'isTest': 0, 'creatorDeptId': 8009, 'creatorName': '暖和的少女花', 'createTime': 1604366954000, 'putMode': 1, 'updateState': 1}]}}
2020-11-03 09:29:12,749 - root - INFO : 提取变量: [ channelId: 6 ]
2020-11-03 09:29:12,749 - root - INFO : 提取变量: [ putMode: 1 ]
2020-11-03 09:29:12,750 - root - INFO : 提取变量: [ adName: 自动化计划06781545 ]
2020-11-03 09:29:12,750 - root - INFO : 提取变量: [ adId: 14924 ]
2020-11-03 09:29:12,750 - root - INFO : 提取变量: [ type: 1 ]
2020-11-03 09:29:12,751 - root - INFO : 提取变量: [ subjectId: 280 ]
2020-11-03 09:29:12,751 - root - INFO : 正在执行Function: creativity_sav
2020-11-03 09:29:12,751 - root - INFO : 描述信息: 【银河/广告/广告计划】新建广告创意
2020-11-03 09:29:12,752 - root - INFO : 请求地址: https://galaxy-api-fat.shiguangkey.com/api/galaxy/creativity/save
2020-11-03 09:29:12,752 - root - INFO : 请求方法: [- POST -]
2020-11-03 09:29:12,752 - root - INFO : 请求头部: {'content-type': 'application/x-www-form-urlencoded', 'token': '0x7721dd0712f10d01506433681cb37b'}
2020-11-03 09:29:12,752 - root - INFO : 请求正文: {'name': '自动化创意77742513', 'gatherType': 1, 'isNeedCaptch': 0, 'position': 1, 'type': '1', 'putMode': '1', 'channelId': '6', 'programId': '14924', 'programName': '自动化计划06781545'}
2020-11-03 09:29:12,963 - root - INFO : 响应消息: {'traceId': '3c0922dd91204e2abf08f9857c5ac9ed', 'status': '0', 'msg': 'success', 'data': {}}
2020-11-03 09:29:12,963 - root - INFO : 正在执行Function: creativity_page_list
2020-11-03 09:29:12,963 - root - INFO : 描述信息: 【银河/广告/广告创意】查询广告创意
2020-11-03 09:29:12,963 - root - INFO : 请求地址: https://galaxy-api-fat.shiguangkey.com/api/galaxy/creativity/pageList
2020-11-03 09:29:12,963 - root - INFO : 请求方法: [- POST -]
2020-11-03 09:29:12,963 - root - INFO : 请求头部: {'content-type': 'application/x-www-form-urlencoded', 'token': '0x7721dd0712f10d01506433681cb37b'}
2020-11-03 09:29:12,964 - root - INFO : 请求正文: {'gatherType': 1, 'programId': '14924', 'isHide': 0, 'pageIndex': 1, 'pageSize': 20}
2020-11-03 09:29:13,290 - root - INFO : 响应消息: {'traceId': 'd6feed0e68ef43cabd02903baa0bcc07', 'status': '0', 'msg': 'success', 'data': {'totalItem': 1, 'list': [{'id': 114639, 'oldCreativityId': None, 'oldProgramId': None, 'no': 'f24df6bae14e413cac35a629a23201f2', 'name': '自动化创意77742513', 'programName': '自动化计划06781545', 'subjectName': 'Python', 'subjectId': 280, 'channelName': '微信', 'channelId': 6, 'isImport': 0, 'position': '1', 'keyword': None, 'areaId': None, 'areaName': None, 'creatorName': '暖和的少女花', 'createTime': 1604366954000, 'remark': None, 'isNeedCaptch': 0, 'state': 2, 'adMainId': None, 'channelAgencyAccountId': None, 'accountCode': None, 'adMainAccount': None, 'thirdUrl': None, 'allocInstType': 1, 'receiveDeptId': None, 'receiveDeptIdChain': None, 'isHide': 0, 'isTest': 0, 'creatorDeptId': 8009, 'vector': None, 'customerVectorValue': None, 'followerName': None, 'followerTanzkAccount': None, 'putMode': 1, 'receptionistId': None, 'receptionistName': None, 'receptionistTanzkAccount': None, 'receptionistDeptId': None, 'receptionistDeptIdChain': None, 'creatorDeptIdChain': '1001-8006-8007-8008-8009', 'updateState': 1, 'type': 1, 'programId': 14924, 'promotionTerminal': 1, 'vectorType': None, 'channelQrCode': None, 'channelNumber': None, 'companyWechatId': None, 'vectorId': None, 'vectorName': None}]}}
2020-11-03 09:29:13,290 - root - INFO : 提取变量: [ creativityId: 114639 ]
2020-11-03 09:29:13,291 - root - INFO : 提取变量: [ creativityName: 自动化创意77742513 ]
2020-11-03 09:29:13,291 - root - INFO : 提取变量: [ creativityNo: f24df6bae14e413cac35a629a23201f2 ]
2020-11-03 09:29:13,293 - root - INFO : 正在执行Function: program_inf_save
2020-11-03 09:29:13,293 - root - INFO : 描述信息: 【银河/广告/广告计划】新增广告计划
2020-11-03 09:29:13,294 - root - INFO : 请求地址: https://galaxy-api-fat.shiguangkey.com/api/galaxy/program/info/save
2020-11-03 09:29:13,294 - root - INFO : 请求方法: [- POST -]
2020-11-03 09:29:13,295 - root - INFO : 请求头部: {'content-type': 'application/json', 'token': '0x7795da0712f1fa1e459419eb772639'}
2020-11-03 09:29:13,295 - root - INFO : 请求正文: {'channelId': 6, 'name': '自动化计划83929878', 'subjectId': '280', 'subjectName': 'Python', 'isTest': 0, 'putMode': 1, 'type': 1, 'gatherType': 1, 'allocInstType': 1, 'channelName': '微信'}
2020-11-03 09:29:13,514 - root - INFO : 响应消息: {'traceId': 'da5c8e4af8024470bff0d1c4ca58fb1a', 'status': '0', 'msg': 'success', 'data': {}}
2020-11-03 09:29:13,514 - root - INFO : 正在执行Function: program_page_list
2020-11-03 09:29:13,514 - root - INFO : 描述信息: 【银河/广告/广告计划】查询广告计划
2020-11-03 09:29:13,515 - root - INFO : 请求地址: https://galaxy-api-fat.shiguangkey.com/api/galaxy/program/pageList
2020-11-03 09:29:13,515 - root - INFO : 请求方法: [- POST -]
2020-11-03 09:29:13,515 - root - INFO : 请求头部: {'content-type': 'application/x-www-form-urlencoded', 'token': '0x7795da0712f1fa1e459419eb772639'}
2020-11-03 09:29:13,515 - root - INFO : 请求正文: {'name': '自动化计划83929878', 'isHide': 0, 'pageIndex': 1, 'pageSize': 20, 'gatherType': 1}
2020-11-03 09:29:13,838 - root - INFO : 响应消息: {'traceId': '9d4fbfef1aab465a947d7e146a9c90c0', 'status': '0', 'msg': 'success', 'data': {'totalItem': 1, 'list': [{'id': 14925, 'oldProgramId': None, 'no': '1000000152592542', 'name': '自动化计划83929878', 'type': 1, 'programName': None, 'subjectName': 'Python', 'subjectId': 280, 'channelName': '微信', 'channelId': 6, 'isImport': None, 'position': None, 'keyword': None, 'areaId': None, 'areaName': None, 'remark': None, 'isNeedCaptch': None, 'state': None, 'adMainId': None, 'channelAgencyAccountId': None, 'accountCode': None, 'adMainAccount': None, 'thirdUrl': None, 'allocInstType': 1, 'receiveDeptId': None, 'receiveDeptIdChain': None, 'isHide': 0, 'isTest': 0, 'creatorDeptId': 8009, 'creatorName': '自动化专用-勿动', 'createTime': 1604366955000, 'putMode': 1, 'updateState': 1}]}}
2020-11-03 09:29:13,838 - root - INFO : 提取变量: [ channelId: 6 ]
2020-11-03 09:29:13,839 - root - INFO : 提取变量: [ putMode: 1 ]
2020-11-03 09:29:13,840 - root - INFO : 提取变量: [ adName: 自动化计划83929878 ]
2020-11-03 09:29:13,841 - root - INFO : 提取变量: [ adId: 14925 ]
2020-11-03 09:29:13,842 - root - INFO : 提取变量: [ type: 1 ]
2020-11-03 09:29:13,842 - root - INFO : 提取变量: [ subjectId: 280 ]
2020-11-03 09:29:13,842 - root - INFO : 正在执行Function: creativity_sav
2020-11-03 09:29:13,842 - root - INFO : 描述信息: 【银河/广告/广告计划】新建广告创意
2020-11-03 09:29:13,842 - root - INFO : 请求地址: https://galaxy-api-fat.shiguangkey.com/api/galaxy/creativity/save
2020-11-03 09:29:13,842 - root - INFO : 请求方法: [- POST -]
2020-11-03 09:29:13,842 - root - INFO : 请求头部: {'content-type': 'application/x-www-form-urlencoded', 'token': '0x7795da0712f1fa1e459419eb772639'}
2020-11-03 09:29:13,842 - root - INFO : 请求正文: {'name': '自动化创意24263399', 'gatherType': 1, 'isNeedCaptch': 0, 'position': 1, 'type': '$<type>', 'putMode': '$<putMode>', 'channelId': '$<channelId>', 'programId': '$<adId>', 'programName': '$<adName>'}
2020-11-03 09:29:14,033 - root - INFO : 响应消息: {'traceId': '20559008fad94b98972a4756410529ff', 'status': '999999910', 'msg': '参数校验不通过', 'data': {}}
2020-11-03 09:29:14,033 - root - INFO : 正在执行Function: creativity_page_list
2020-11-03 09:29:14,033 - root - INFO : 描述信息: 【银河/广告/广告创意】查询广告创意
2020-11-03 09:29:14,033 - root - INFO : 请求地址: https://galaxy-api-fat.shiguangkey.com/api/galaxy/creativity/pageList
2020-11-03 09:29:14,034 - root - INFO : 请求方法: [- POST -]
2020-11-03 09:29:14,034 - root - INFO : 请求头部: {'content-type': 'application/x-www-form-urlencoded', 'token': '0x7795da0712f1fa1e459419eb772639'}
2020-11-03 09:29:14,034 - root - INFO : 请求正文: {'gatherType': 1, 'programId': '$<adId>', 'isHide': 0, 'pageIndex': 1, 'pageSize': 20}
2020-11-03 09:29:14,210 - root - INFO : 响应消息: {'traceId': '6ac50daacae1432e88dfae37a4ce8ece', 'status': '999999910', 'msg': '参数校验不通过', 'data': {}}
