2020-09-01 15:18:10,259 - root - INFO : 描述信息: 【潭州平台】获取登录用户 token
2020-09-01 15:18:10,259 - root - INFO : 请求地址: https://open-fat.shiguangkey.com/api/udb/workwechat/auth/login
2020-09-01 15:18:10,259 - root - INFO : 请求方法: [- POST -]
2020-09-01 15:18:10,260 - root - INFO : 请求头部: {'content-type': 'application/x-www-form-urlencoded', 'terminaltype': '4', 'user-agent': 'Mozilla/5.0 (Windows NT 10.0; Win64; x64) AppleWebKit/537.36 (KHTML, like Gecko) Chrome/80.0.3987.106 Safari/537.36', 'Connection': 'close', 'keep-alive': 'False'}
2020-09-01 15:18:10,284 - root - INFO : 请求正文: {'account': 't0384223793', 'password': '4QrcOUm6Wau+VuBX8g+IPg'}
2020-09-01 15:18:10,424 - root - INFO : 响应消息: {'traceId': '95545fead5734e51adb46f5bc61d1c82', 'status': '0', 'msg': 'success', 'data': {'user': {'uid': 19862099, 'mobile': '', 'account': '', 'nickname': '日常的阿魏', 'headImg': 'https://res.shiguangkey.com/res/images/default.png', 'openId': '', 'newRegister': False, 'needBindPhone': False, 'showAccountList': False}, 'token': '0x7706910712f12535b434109abd0cec'}}
2020-09-01 15:18:10,425 - root - INFO : 提取变量: [ pttoken: 0x7706910712f12535b434109abd0cec ]
2020-09-01 15:18:10,425 - root - INFO : 校验类型: [-status], 结果: [Passed], 预期: [0]
2020-09-01 15:18:10,425 - root - INFO : 校验类型: [-msg], 结果: [Passed], 预期: [success]
2020-09-01 15:18:10,425 - root - INFO :  = = =  = = =  = = =  = = =  = = =  = = =  = = =  = = = 分割线 = = =  = = =  = = =  = = =  = = =  = = =  = = =  = = = 
2020-09-01 15:18:10,432 - root - INFO : 当前运行Case: test_import_flow_cost_mgt_mobile
2020-09-01 15:18:10,432 - root - INFO : 正在执行Function: test_import_flow_cost_mgt_mobile
2020-09-01 15:18:10,433 - root - INFO : 正在执行Function: flow_cost_mgt_import
2020-09-01 15:18:10,433 - root - INFO : 描述信息: 【预算/流量成本管理】流量成本导入
2020-09-01 15:18:10,548 - root - INFO : 请求地址: https://galaxy-api-fat.shiguangkey.com/api/galaxy/flow/cost/manage/import
2020-09-01 15:18:10,549 - root - INFO : 请求方法: [- POST -]
2020-09-01 15:18:10,549 - root - INFO : 请求头部: {'content-type': 'multipart/form-data; boundary=549dd85d7ae44af5cbb33d0cd7ae8910', 'token': '0x7706910712f12535b434109abd0cec', 'x-dept-id-chain': '1001-8006-8007-8008-8009', 'user-agent': 'Mozilla/5.0 (Windows NT 10.0; Win64; x64) AppleWebKit/537.36 (KHTML, like Gecko) Chrome/80.0.3987.106 Safari/537.36', 'Connection': 'close', 'keep-alive': 'False'}
2020-09-01 15:18:10,549 - root - INFO : 请求正文: b'--549dd85d7ae44af5cbb33d0cd7ae8910\r\nContent-Disposition: form-data; name="file"; filename="import_doc.doc"\r\nContent-Type: application/msword\r\n\r\n\r\n--549dd85d7ae44af5cbb33d0cd7ae8910--\r\n'
2020-09-01 15:18:10,739 - root - INFO : 响应消息: {'traceId': '06dfd682496d4043b4f353ee38f842bd', 'status': '999999004', 'msg': '文件类型错误。', 'data': {}}
2020-09-01 15:18:10,739 - root - INFO : 校验类型: [-status], 结果: [Passed], 预期: [999999004]
