2020-10-21 16:55:17,585 - root - INFO : 描述信息: 【潭州平台】获取登录用户 token
2020-10-21 16:55:17,585 - root - INFO : 请求地址: https://open-fat.shiguangkey.com/api/udb/workwechat/auth/login
2020-10-21 16:55:17,585 - root - INFO : 请求方法: [- POST -]
2020-10-21 16:55:17,585 - root - INFO : 请求头部: {'content-type': 'application/x-www-form-urlencoded', 'terminaltype': '4'}
2020-10-21 16:55:17,585 - root - INFO : 请求正文: {'account': 't0384223793', 'password': '4QrcOUm6Wau+VuBX8g+IPg'}
2020-10-21 16:55:17,754 - root - INFO : 响应消息: {'traceId': 'f5329d586537491fbbd1c35f9e8d822b', 'status': '0', 'msg': 'success', 'data': {'user': {'uid': 19862099, 'mobile': '', 'account': '', 'nickname': '日常的阿魏', 'headImg': 'https://res.shiguangkey.com/res/images/default.png', 'openId': '', 'newRegister': False, 'needBindPhone': False, 'showAccountList': False}, 'token': '0x77480c0712f12537f0f46a4aa2f208'}}
2020-10-21 16:55:17,755 - root - INFO : 提取变量: [ pttoken: 0x77480c0712f12537f0f46a4aa2f208 ]
2020-10-21 16:55:17,755 - root - INFO : 校验类型: [-status], 结果: [Passed], 预期: [0]
2020-10-21 16:55:17,755 - root - INFO : 校验类型: [-msg], 结果: [Passed], 预期: [success]
2020-10-21 16:55:17,755 - root - INFO :  = = =  = = =  = = =  = = =  = = =  = = =  = = =  = = = 分割线 = = =  = = =  = = =  = = =  = = =  = = =  = = =  = = = 
2020-10-21 16:55:45,434 - root - INFO : 描述信息: 【潭州平台】获取登录用户 token
2020-10-21 16:55:45,434 - root - INFO : 请求地址: https://open-fat.shiguangkey.com/api/udb/workwechat/auth/login
2020-10-21 16:55:45,434 - root - INFO : 请求方法: [- POST -]
2020-10-21 16:55:45,434 - root - INFO : 请求头部: {'content-type': 'application/x-www-form-urlencoded', 'terminaltype': '4'}
2020-10-21 16:55:45,434 - root - INFO : 请求正文: {'account': 't0384223793', 'password': '4QrcOUm6Wau+VuBX8g+IPg'}
2020-10-21 16:55:45,655 - root - INFO : 响应消息: {'traceId': '7f106b5ca71d479fb21a3af7873e81da', 'status': '0', 'msg': 'success', 'data': {'user': {'uid': 19862099, 'mobile': '', 'account': '', 'nickname': '日常的阿魏', 'headImg': 'https://res.shiguangkey.com/res/images/default.png', 'openId': '', 'newRegister': False, 'needBindPhone': False, 'showAccountList': False}, 'token': '0x77ceb50712f125394c34770a50d97f'}}
2020-10-21 16:55:45,655 - root - INFO : 提取变量: [ pttoken: 0x77ceb50712f125394c34770a50d97f ]
2020-10-21 16:55:45,655 - root - INFO : 校验类型: [-status], 结果: [Passed], 预期: [0]
2020-10-21 16:55:45,655 - root - INFO : 校验类型: [-msg], 结果: [Passed], 预期: [success]
2020-10-21 16:55:45,655 - root - INFO :  = = =  = = =  = = =  = = =  = = =  = = =  = = =  = = = 分割线 = = =  = = =  = = =  = = =  = = =  = = =  = = =  = = = 
2020-10-21 16:55:45,655 - root - INFO : 正在执行Function: program_info_save
2020-10-21 16:55:45,655 - root - INFO : 描述信息: 【银河/广告/广告计划】新增广告计划
2020-10-21 16:55:45,655 - root - INFO : 请求地址: https://galaxy-api-fat.shiguangkey.com/api/galaxy/program/info/save
2020-10-21 16:55:45,656 - root - INFO : 请求方法: [- POST -]
2020-10-21 16:55:45,656 - root - INFO : 请求头部: {'content-type': 'application/json', 'token': '0x77ceb50712f125394c34770a50d97f'}
2020-10-21 16:55:45,656 - root - INFO : 请求正文: {'channelId': 6, 'name': '自动化计划94267518', 'subjectId': 282, 'subjectName': 'Python', 'isTest': 0, 'putMode': 3, 'type': 1, 'gatherType': 3, 'allocInstType': 3, 'channelName': '微信'}
2020-10-21 16:55:45,903 - root - INFO : 响应消息: {'traceId': 'ea823fb1491a49c4b534f735492bb32d', 'status': '0', 'msg': 'success', 'data': {}}
2020-10-21 16:55:45,903 - root - INFO : 校验类型: [-status], 结果: [Passed], 预期: [0]
2020-10-21 16:55:45,903 - root - INFO : 校验类型: [-msg], 结果: [Passed], 预期: [success]
2020-10-21 16:55:45,903 - root - INFO :  = = =  = = =  = = =  = = =  = = =  = = =  = = =  = = = 分割线 = = =  = = =  = = =  = = =  = = =  = = =  = = =  = = = 
2020-10-21 16:55:45,903 - root - INFO : 正在执行Function: program_pageList
2020-10-21 16:55:45,903 - root - INFO : 描述信息: 【银河/广告/广告计划】查询广告计划
2020-10-21 16:55:45,903 - root - INFO : 请求地址: https://galaxy-api-fat.shiguangkey.com/api/galaxy/program/pageList
2020-10-21 16:55:45,903 - root - INFO : 请求方法: [- POST -]
2020-10-21 16:55:45,904 - root - INFO : 请求头部: {'content-type': 'application/x-www-form-urlencoded', 'token': '0x77ceb50712f125394c34770a50d97f'}
2020-10-21 16:55:45,904 - root - INFO : 请求正文: {'name': '自动化计划72804001', 'isHide': 0, 'pageIndex': 1, 'pageSize': 20, 'gatherType': 3}
2020-10-21 16:55:46,127 - root - INFO : 响应消息: {'traceId': 'd5124ec4dd9d42ed970702375d11b0c9', 'status': '0', 'msg': 'success', 'data': {'totalItem': 0, 'list': []}}
