2020-10-09 09:55:05,036 - root - INFO : 描述信息: 【潭州平台】获取登录用户 token
2020-10-09 09:55:05,036 - root - INFO : 请求地址: https://open-fat.shiguangkey.com/api/udb/workwechat/auth/login
2020-10-09 09:55:05,036 - root - INFO : 请求方法: [- POST -]
2020-10-09 09:55:05,036 - root - INFO : 请求头部: {'content-type': 'application/x-www-form-urlencoded', 'terminaltype': '4'}
2020-10-09 09:55:05,036 - root - INFO : 请求正文: {'account': 't0384223793', 'password': '4QrcOUm6Wau+VuBX8g+IPg'}
2020-10-09 09:55:05,183 - root - INFO : 响应消息: {'traceId': '947b3e41d81442edb1a6e47cbe208cc6', 'status': '0', 'msg': 'success', 'data': {'user': {'uid': 19862099, 'mobile': '', 'account': '', 'nickname': '日常的阿魏', 'headImg': 'https://res.shiguangkey.com/res/images/default.png', 'openId': '', 'newRegister': False, 'needBindPhone': False, 'showAccountList': False}, 'token': '0x77c1e80712f125302b145e79066a20'}}
2020-10-09 09:55:05,184 - root - INFO : 提取变量: [ pttoken: 0x77c1e80712f125302b145e79066a20 ]
2020-10-09 09:55:05,184 - root - INFO : 校验类型: [-status], 结果: [Passed], 预期: [0]
2020-10-09 09:55:05,184 - root - INFO : 校验类型: [-msg], 结果: [Passed], 预期: [success]
2020-10-09 09:55:05,184 - root - INFO :  = = =  = = =  = = =  = = =  = = =  = = =  = = =  = = = 分割线 = = =  = = =  = = =  = = =  = = =  = = =  = = =  = = = 
2020-10-09 09:55:05,185 - root - INFO : 正在执行Function: ad_plan
2020-10-09 09:55:05,185 - root - INFO : 正在执行Function: program_info_save
2020-10-09 09:55:05,185 - root - INFO : 描述信息: 【银河/广告/广告计划】新增广告计划
2020-10-09 09:55:05,185 - root - INFO : 请求地址: https://galaxy-api-fat.shiguangkey.com/api/galaxy/program/info/save
2020-10-09 09:55:05,185 - root - INFO : 请求方法: [- POST -]
2020-10-09 09:55:05,185 - root - INFO : 请求头部: {'content-type': 'application/json', 'token': '0x77c1e80712f125302b145e79066a20'}
2020-10-09 09:55:05,185 - root - INFO : 请求正文: {'channelId': 6, 'name': '自动化计划37647056', 'subjectId': 282, 'subjectName': 'Python', 'isTest': 0, 'putMode': 1, 'type': 1, 'gatherType': 1, 'allocInstType': 1, 'channelName': '微信'}
2020-10-09 09:55:05,404 - root - INFO : 响应消息: {'traceId': '3234b3a77a984bc4b79c1aeca3df9ca0', 'status': '0', 'msg': 'success', 'data': {}}
2020-10-09 09:55:05,404 - root - INFO : 校验类型: [-status], 结果: [Passed], 预期: [0]
2020-10-09 09:55:05,404 - root - INFO : 校验类型: [-msg], 结果: [Passed], 预期: [success]
2020-10-09 09:55:05,404 - root - INFO :  = = =  = = =  = = =  = = =  = = =  = = =  = = =  = = = 分割线 = = =  = = =  = = =  = = =  = = =  = = =  = = =  = = = 
2020-10-09 09:55:05,404 - root - INFO : 正在执行Function: program_pageList
2020-10-09 09:55:05,404 - root - INFO : 描述信息: 【银河/广告/广告计划】查询广告计划
2020-10-09 09:55:05,404 - root - INFO : 请求地址: https://galaxy-api-fat.shiguangkey.com/api/galaxy/program/pageList
2020-10-09 09:55:05,404 - root - INFO : 请求方法: [- POST -]
2020-10-09 09:55:05,404 - root - INFO : 请求头部: {'content-type': 'application/x-www-form-urlencoded', 'token': '0x77c1e80712f125302b145e79066a20'}
2020-10-09 09:55:05,404 - root - INFO : 请求正文: {'name': '自动化计划37647056', 'isHide': 0, 'pageIndex': 1, 'pageSize': 20, 'gatherType': 1, 'putMode': 1, 'allocInstType': 1}
2020-10-09 09:55:05,733 - root - INFO : 响应消息: {'traceId': 'eca97c4c41294986a9a416a150d38677', 'status': '0', 'msg': 'success', 'data': {'totalItem': 1, 'list': [{'id': 13354, 'oldProgramId': None, 'no': '1000001596308882', 'name': '自动化计划37647056', 'type': 1, 'programName': None, 'subjectName': 'Python', 'subjectId': 282, 'channelName': '微信', 'channelId': 6, 'isImport': None, 'position': None, 'keyword': None, 'areaId': None, 'areaName': None, 'remark': None, 'isNeedCaptch': None, 'state': None, 'adMainId': None, 'channelAgencyAccountId': None, 'accountCode': None, 'adMainAccount': None, 'thirdUrl': None, 'allocInstType': 1, 'receiveDeptId': None, 'receiveDeptIdChain': None, 'isHide': 0, 'isTest': 0, 'creatorDeptId': 8009, 'creatorName': '日常的阿魏', 'createTime': 1602208507000, 'putMode': 1, 'updateState': 1}]}}
2020-10-09 09:55:05,734 - root - INFO : 提取变量: [ channelId: 6 ]
2020-10-09 09:55:05,734 - root - INFO : 提取变量: [ putMode: 1 ]
2020-10-09 09:55:05,734 - root - INFO : 提取变量: [ adName: 自动化计划37647056 ]
2020-10-09 09:55:05,734 - root - INFO : 提取变量: [ adId: 13354 ]
2020-10-09 09:55:05,735 - root - INFO : 提取变量: [ type: 1 ]
2020-10-09 09:55:05,735 - root - INFO : 校验类型: [-status], 结果: [Passed], 预期: [0]
2020-10-09 09:55:05,735 - root - INFO : 校验类型: [-msg], 结果: [Passed], 预期: [success]
2020-10-09 09:55:05,735 - root - INFO : 校验类型: [-in]  结果: [Passed]  预期: [name]
2020-10-09 09:55:05,735 - root - INFO :  = = =  = = =  = = =  = = =  = = =  = = =  = = =  = = = 分割线 = = =  = = =  = = =  = = =  = = =  = = =  = = =  = = = 
2020-10-09 09:55:05,735 - root - INFO : 正在执行Function: create_creativity
2020-10-09 09:55:05,735 - root - INFO : 正在执行Function: creativity_save
2020-10-09 09:55:05,735 - root - INFO : 描述信息: 【银河/广告/广告计划】新建广告创意
2020-10-09 09:55:05,735 - root - INFO : 请求地址: https://galaxy-api-fat.shiguangkey.com/api/galaxy/creativity/save
2020-10-09 09:55:05,735 - root - INFO : 请求方法: [- POST -]
2020-10-09 09:55:05,735 - root - INFO : 请求头部: {'content-type': 'application/x-www-form-urlencoded', 'token': '0x77c1e80712f125302b145e79066a20'}
2020-10-09 09:55:05,735 - root - INFO : 请求正文: {'name': '自动化创意92394599', 'gatherType': 1, 'isNeedCaptch': 1, 'position': 1, 'type': '1', 'putMode': '1', 'channelId': '6', 'programId': '13354', 'programName': '自动化计划37647056'}
2020-10-09 09:55:05,967 - root - INFO : 响应消息: {'traceId': '0df0b4845f31410ab8dfab619b06d864', 'status': '0', 'msg': 'success', 'data': {}}
2020-10-09 09:55:05,967 - root - INFO : 校验类型: [-status], 结果: [Passed], 预期: [0]
2020-10-09 09:55:05,967 - root - INFO : 校验类型: [-msg], 结果: [Passed], 预期: [success]
2020-10-09 09:55:05,967 - root - INFO :  = = =  = = =  = = =  = = =  = = =  = = =  = = =  = = = 分割线 = = =  = = =  = = =  = = =  = = =  = = =  = = =  = = = 
2020-10-09 09:55:05,967 - root - INFO : 正在执行Function: creativity_pageList
2020-10-09 09:55:05,967 - root - INFO : 描述信息: 【银河/广告/广告创意】查询广告创意
2020-10-09 09:55:05,967 - root - INFO : 请求地址: https://galaxy-api-fat.shiguangkey.com/api/galaxy/creativity/pageList
2020-10-09 09:55:05,967 - root - INFO : 请求方法: [- POST -]
2020-10-09 09:55:05,967 - root - INFO : 请求头部: {'content-type': 'application/x-www-form-urlencoded', 'token': '0x7752400712ef2ecd2d946989b9147b'}
2020-10-09 09:55:05,968 - root - INFO : 请求正文: {'gatherType': 1, 'programId': '13354', 'isHide': 0, 'pageIndex': 1, 'pageSize': 20}
2020-10-09 09:55:06,093 - root - INFO : 响应消息: {'traceId': '8db83698f72643c3b1078893828d06e6', 'status': '110107001', 'msg': '账号未登录', 'data': {}}
