2020-10-21 18:12:31,248 - root - INFO : 描述信息: 【潭州平台】获取登录用户 token
2020-10-21 18:12:31,249 - root - INFO : 请求地址: https://open-fat.shiguangkey.com/api/udb/workwechat/auth/login
2020-10-21 18:12:31,249 - root - INFO : 请求方法: [- POST -]
2020-10-21 18:12:31,249 - root - INFO : 请求头部: {'content-type': 'application/x-www-form-urlencoded', 'terminaltype': '4'}
2020-10-21 18:12:31,249 - root - INFO : 请求正文: {'account': 't0383212689', 'password': '4QrcOUm6Wau+VuBX8g+IPg'}
2020-10-21 18:12:31,464 - root - INFO : 响应消息: {'traceId': 'c042d16b74f5439fb199d3a15874df1d', 'status': '0', 'msg': 'success', 'data': {'user': {'uid': 19861712, 'mobile': '', 'account': '', 'nickname': '暖和的少女花', 'headImg': 'https://res.shiguangkey.com/res/images/default.png', 'openId': '', 'newRegister': False, 'needBindPhone': False, 'showAccountList': False}, 'token': '0x77ec410712f10d0ecfe4b81bbf72ee'}}
2020-10-21 18:12:31,465 - root - INFO : 提取变量: [ pttoken: 0x77ec410712f10d0ecfe4b81bbf72ee ]
2020-10-21 18:12:31,465 - root - INFO : 校验类型: [-status], 结果: [Passed], 预期: [0]
2020-10-21 18:12:31,466 - root - INFO : 校验类型: [-msg], 结果: [Passed], 预期: [success]
2020-10-21 18:12:31,466 - root - INFO :  = = =  = = =  = = =  = = =  = = =  = = =  = = =  = = = 分割线 = = =  = = =  = = =  = = =  = = =  = = =  = = =  = = = 
2020-10-21 18:12:46,220 - root - INFO : 当前所在Class: Website || 类描述信息: None
2020-10-21 18:12:46,331 - root - INFO : 当前所在Class: Check || 类描述信息: None
2020-10-21 18:12:46,395 - root - INFO : 描述信息: 查询企业微信载体信息
2020-10-21 18:12:46,396 - root - INFO : 请求地址: https://luban-api-fat.shiguangkey.com/website-edit-api/carrier/search
2020-10-21 18:12:46,396 - root - INFO : 请求方法: [- POST -]
2020-10-21 18:12:46,396 - root - INFO : 请求头部: {'content-type': 'application/json', 'token': '0x77ec410712f10d0ecfe4b81bbf72ee'}
2020-10-21 18:12:46,396 - root - INFO : 请求正文: {'carrierName': '别皱眉', 'type': 3}
2020-10-21 18:12:46,581 - root - INFO : 响应消息: {'status': 0, 'msg': 'success', 'traceId': 'f6c27319bf8c4ca7912dfebaf0de4fa9', 'data': [{'id': 552, 'carrierName': '别皱眉', 'carrierNo': '别皱眉', 'qrCodeUrl': 'https://open.work.weixin.qq.com/wwopen/userQRCode?vcode=vc42c79008dbbacc02', 'wwUserId': '17444'}]}
2020-10-21 18:12:46,581 - root - INFO : 提取变量: [ vectorId: 552 ]
2020-10-21 18:12:46,582 - root - INFO : 提取变量: [ carrierNo: 别皱眉 ]
2020-10-21 18:12:46,583 - root - INFO : 提取变量: [ vector: 别皱眉 ]
2020-10-21 18:12:46,583 - root - INFO : 校验类型: [-status], 结果: [Passed], 预期: [0]
2020-10-21 18:12:46,583 - root - INFO : 校验类型: [-msg], 结果: [Passed], 预期: [success]
2020-10-21 18:12:46,583 - root - INFO :  = = =  = = =  = = =  = = =  = = =  = = =  = = =  = = = 分割线 = = =  = = =  = = =  = = =  = = =  = = =  = = =  = = = 
2020-10-21 18:12:46,583 - root - INFO : 描述信息: 【工具/落地页工具/新建落地页/手动】生成二维码，保存(工具使用)
2020-10-21 18:12:46,584 - root - INFO : 请求地址: https://luban-api-fat.shiguangkey.com/website-edit-api/website/create_website
2020-10-21 18:12:46,584 - root - INFO : 请求方法: [- POST -]
2020-10-21 18:12:46,585 - root - INFO : 请求头部: {'content-type': 'application/json', 'token': '0x77ec410712f10d0ecfe4b81bbf72ee'}
2020-10-21 18:12:46,585 - root - INFO : 请求正文: {'name': '落地页-92354692', 'goodsId': None, 'previewUrl': 'https://fat-huawei-media.shiguangkey.com/kfgggwadl35zu6j', 'isRecommendApp': False, 'submitType': 0, 'wechatReqs': [{'imageUrl': 'https://wework.qpic.cn/wwpic/960110_J5MXkoF2T4KA13J_1600930134/0', 'wechat': '别皱眉', 'wechatChangeTime': 50, 'creativityId': '$<creativityId>', 'creativityNo': '$<creativityNo>', 'limitClickNum': 100, 'isWehub': False, 'isCarrier': True, 'channelNumber': 584, 'carrierId': '552'}], 'isSmsVerify': 0, 'pageMode': 1, 'websiteType': 2, 'adCreateType': 1, 'websiteWechatType': 2, 'bgColor': '', 'bgImage': '', 'version': '2.3.0', 'compReqs': [{'compJson': '{"id":"kfgggj37c3bv3yc","type":15,"wechatList":[{"imageUrl":"https://wework.qpic.cn/wwpic/960110_J5MXkoF2T4KA13J_1600930134/0", "wechat":"Jones","wechatChangeTime":50,"creativityId":$<creativityId>,"creativityNo":$<creativityNo>, "creativityName":"自动化创意01909548","limitClickNum":100,"carrierName":"Abbey","isWehub":false,"isCarrier":true, "channelId":7,"channelNumber":371,"carrierId":296,"disabledCarrier":true,"disabled":false,"deleted":false}], "width":375,"height":375,"y":0}', 'fileIds': [], 'scene': 1, 'type': 15}]}
2020-10-21 18:12:46,758 - root - INFO : 响应消息: {'status': -1, 'msg': 'JSON parse error: Cannot deserialize value of type `java.lang.Integer` from String "$<creativityId>": not a valid Integer value; nested exception is com.fasterxml.jackson.databind.exc.InvalidFormatException: Cannot deserialize value of type `java.lang.Integer` from String "$<creativityId>": not a valid Integer value\n at [Source: (PushbackInputStream); line: 1, column: 342] (through reference chain: com.tanzhou.luban.domain.request.NewWebsiteReq["wechatReqs"]->java.util.ArrayList[0]->com.tanzhou.luban.domain.request.website.WebsiteAddWechateReq["creativityId"])', 'traceId': 'de7d05125d7f46e89a8ba16922625f81', 'data': None}
