2020-09-03 15:45:57,390 - root - INFO : 描述信息: 【潭州平台】获取登录用户 token
2020-09-03 15:45:57,390 - root - INFO : 请求地址: https://open-fat.shiguangkey.com/api/udb/workwechat/auth/login
2020-09-03 15:45:57,390 - root - INFO : 请求方法: [- POST -]
2020-09-03 15:45:57,390 - root - INFO : 请求头部: {'content-type': 'application/x-www-form-urlencoded', 'terminaltype': '4', 'user-agent': 'Mozilla/5.0 (Windows NT 10.0; Win64; x64) AppleWebKit/537.36 (KHTML, like Gecko) Chrome/80.0.3987.106 Safari/537.36', 'Connection': 'close', 'keep-alive': 'False'}
2020-09-03 15:45:57,391 - root - INFO : 请求正文: {'account': 't0384223793', 'password': '4QrcOUm6Wau+VuBX8g+IPg'}
2020-09-03 15:45:57,567 - root - INFO : 响应消息: {'traceId': 'ccb361085f9a48ea9a62bc47ccda480a', 'status': '0', 'msg': 'success', 'data': {'user': {'uid': 19862099, 'mobile': '', 'account': '', 'nickname': '日常的阿魏', 'headImg': 'https://res.shiguangkey.com/res/images/default.png', 'openId': '', 'newRegister': False, 'needBindPhone': False, 'showAccountList': False}, 'token': '0x7799800712f1253b8514eeba326b4c'}}
2020-09-03 15:45:57,568 - root - INFO : 提取变量: [ pttoken: 0x7799800712f1253b8514eeba326b4c ]
2020-09-03 15:45:57,568 - root - INFO : 校验类型: [-status], 结果: [Passed], 预期: [0]
2020-09-03 15:45:57,568 - root - INFO : 校验类型: [-msg], 结果: [Passed], 预期: [success]
2020-09-03 15:45:57,568 - root - INFO :  = = =  = = =  = = =  = = =  = = =  = = =  = = =  = = = 分割线 = = =  = = =  = = =  = = =  = = =  = = =  = = =  = = = 
2020-09-03 15:45:57,575 - root - INFO : 描述信息: 【潭州平台】获取登录用户 token
2020-09-03 15:45:57,575 - root - INFO : 请求地址: https://open-fat.shiguangkey.com/api/udb/workwechat/auth/login
2020-09-03 15:45:57,575 - root - INFO : 请求方法: [- POST -]
2020-09-03 15:45:57,575 - root - INFO : 请求头部: {'content-type': 'application/x-www-form-urlencoded', 'terminaltype': '4', 'user-agent': 'Mozilla/5.0 (Windows NT 10.0; Win64; x64) AppleWebKit/537.36 (KHTML, like Gecko) Chrome/80.0.3987.106 Safari/537.36', 'Connection': 'close', 'keep-alive': 'False'}
2020-09-03 15:45:57,575 - root - INFO : 请求正文: {'account': 't0384223793', 'password': '4QrcOUm6Wau+VuBX8g+IPg'}
2020-09-03 15:45:57,717 - root - INFO : 响应消息: {'traceId': '8023157d385c4c61bfff4ca213949121', 'status': '0', 'msg': 'success', 'data': {'user': {'uid': 19862099, 'mobile': '', 'account': '', 'nickname': '日常的阿魏', 'headImg': 'https://res.shiguangkey.com/res/images/default.png', 'openId': '', 'newRegister': False, 'needBindPhone': False, 'showAccountList': False}, 'token': '0x77cb780712f1253b2224b3897d6715'}}
2020-09-03 15:45:57,718 - root - INFO : 提取变量: [ pttoken: 0x77cb780712f1253b2224b3897d6715 ]
2020-09-03 15:45:57,718 - root - INFO : 校验类型: [-status], 结果: [Passed], 预期: [0]
2020-09-03 15:45:57,718 - root - INFO : 校验类型: [-msg], 结果: [Passed], 预期: [success]
2020-09-03 15:45:57,718 - root - INFO :  = = =  = = =  = = =  = = =  = = =  = = =  = = =  = = = 分割线 = = =  = = =  = = =  = = =  = = =  = = =  = = =  = = = 
2020-09-03 15:45:57,730 - root - INFO : 描述信息: 【潭州平台】获取登录用户 token
2020-09-03 15:45:57,731 - root - INFO : 请求地址: https://open-fat.shiguangkey.com/api/udb/workwechat/auth/login
2020-09-03 15:45:57,731 - root - INFO : 请求方法: [- POST -]
2020-09-03 15:45:57,731 - root - INFO : 请求头部: {'content-type': 'application/x-www-form-urlencoded', 'terminaltype': '4', 'user-agent': 'Mozilla/5.0 (Windows NT 10.0; Win64; x64) AppleWebKit/537.36 (KHTML, like Gecko) Chrome/80.0.3987.106 Safari/537.36', 'Connection': 'close', 'keep-alive': 'False'}
2020-09-03 15:45:57,731 - root - INFO : 请求正文: {'account': 't0384223793', 'password': '4QrcOUm6Wau+VuBX8g+IPg'}
2020-09-03 15:45:57,878 - root - INFO : 响应消息: {'traceId': '66fceb9f86cc47a0825e68295f731aec', 'status': '0', 'msg': 'success', 'data': {'user': {'uid': 19862099, 'mobile': '', 'account': '', 'nickname': '日常的阿魏', 'headImg': 'https://res.shiguangkey.com/res/images/default.png', 'openId': '', 'newRegister': False, 'needBindPhone': False, 'showAccountList': False}, 'token': '0x779bae0712f12534bd54db5b4ae9a1'}}
2020-09-03 15:45:57,879 - root - INFO : 提取变量: [ pttoken: 0x779bae0712f12534bd54db5b4ae9a1 ]
2020-09-03 15:45:57,879 - root - INFO : 校验类型: [-status], 结果: [Passed], 预期: [0]
2020-09-03 15:45:57,879 - root - INFO : 校验类型: [-msg], 结果: [Passed], 预期: [success]
2020-09-03 15:45:57,879 - root - INFO :  = = =  = = =  = = =  = = =  = = =  = = =  = = =  = = = 分割线 = = =  = = =  = = =  = = =  = = =  = = =  = = =  = = = 
2020-09-03 15:45:57,884 - root - INFO : 当前运行Case: test_del_flow_cost_mgt_batch
2020-09-03 15:45:57,884 - root - INFO : 正在执行Function: test_del_flow_cost_mgt_batch
2020-09-03 15:45:57,885 - root - INFO : 正在执行Function: flow_cost_mgt_page_list
2020-09-03 15:45:57,885 - root - INFO : 描述信息: 【预算/流量成本管理/查询】
2020-09-03 15:45:57,885 - root - INFO : 请求地址: https://galaxy-api-fat.shiguangkey.com/api/galaxy/flow/cost/manage/pageList
2020-09-03 15:45:57,885 - root - INFO : 请求方法: [- POST -]
2020-09-03 15:45:57,885 - root - INFO : 请求头部: {'content-type': 'application/x-www-form-urlencoded', 'token': '0x779bae0712f12534bd54db5b4ae9a1', 'user-agent': 'Mozilla/5.0 (Windows NT 10.0; Win64; x64) AppleWebKit/537.36 (KHTML, like Gecko) Chrome/80.0.3987.106 Safari/537.36', 'Connection': 'close', 'keep-alive': 'False'}
2020-09-03 15:45:57,885 - root - INFO : 请求正文: {'pageIndex': 1, 'pageSize': 20, 'startCostMonth': 1601481600000, 'endCostMonth': 1601654399999}
2020-09-03 15:45:58,061 - root - INFO : 响应消息: {'traceId': '165616bbfdba4bbfb30b53115c663c4b', 'status': '0', 'msg': 'success', 'data': {'list': [{'id': 101, 'costMonth': 1601481600000, 'promotionerDeptIdChain': '1001-8006-8007-8008-8009', 'promotionerDeptName': '潭州教育>自动化测试分公司--勿动>自动化测试群--勿动>自动化测试事业部>自动化测试院', 'subjectId': 373, 'subjectName': 'SEM', 'channelId': 4, 'channelName': '知乎', 'gatherType': 3, 'putMode': 1, 'lastMonthLaunchNumber': 10000, 'lastMonthCashConsume': 1000.0, 'lastMonthSupplyTotal': 10000, 'lastMonthCost': 100.0, 'lastMonthDayAverageSupply': 1600, 'sameMonthDayAverageSupply': 10000, 'sameMonthDayAverageIncrement': 100, 'sameMonthCost': 1000.0, 'sameMonthDayConsume': 100.0, 'sameMonthSupply': 10000, 'sameMonthCashConsume': 1000.0, 'creatorId': 19862099, 'creatorName': '日常的阿魏', 'creatorDeptId': 8009, 'creatorDeptIdChain': '1001-8006-8007-8008-8009', 'createTime': 1599118960000, 'modifierId': '', 'modifierName': '', 'modifyTime': '', 'isDelete': 2020}, {'id': 100, 'costMonth': 1601481600000, 'promotionerDeptIdChain': '1001-8006-8007-8008-8009', 'promotionerDeptName': '潭州教育>自动化测试分公司--勿动>自动化测试群--勿动>自动化测试事业部>自动化测试院', 'subjectId': 495, 'subjectName': '形象设计', 'channelId': 4, 'channelName': '知乎', 'gatherType': 2, 'putMode': 1, 'lastMonthLaunchNumber': 10000, 'lastMonthCashConsume': 1000.0, 'lastMonthSupplyTotal': 10000, 'lastMonthCost': 100.0, 'lastMonthDayAverageSupply': 1600, 'sameMonthDayAverageSupply': 10000, 'sameMonthDayAverageIncrement': 100, 'sameMonthCost': 1000.0, 'sameMonthDayConsume': 100.0, 'sameMonthSupply': 10000, 'sameMonthCashConsume': 1000.0, 'creatorId': 19862099, 'creatorName': '日常的阿魏', 'creatorDeptId': 8009, 'creatorDeptIdChain': '1001-8006-8007-8008-8009', 'createTime': 1599118922000, 'modifierId': 19862099, 'modifierName': '日常的阿魏', 'modifyTime': '', 'isDelete': 2020}, {'id': 99, 'costMonth': 1601481600000, 'promotionerDeptIdChain': '1001-8006-8007-8008-8009', 'promotionerDeptName': '潭州教育>自动化测试分公司--勿动>自动化测试群--勿动>自动化测试事业部>自动化测试院', 'subjectId': 495, 'subjectName': '形象设计', 'channelId': 4, 'channelName': '知乎', 'gatherType': 3, 'putMode': 1, 'lastMonthLaunchNumber': 10000, 'lastMonthCashConsume': 1000.0, 'lastMonthSupplyTotal': 10000, 'lastMonthCost': 100.0, 'lastMonthDayAverageSupply': 1600, 'sameMonthDayAverageSupply': 10000, 'sameMonthDayAverageIncrement': 100, 'sameMonthCost': 1000.0, 'sameMonthDayConsume': 100.0, 'sameMonthSupply': 10000, 'sameMonthCashConsume': 1000.0, 'creatorId': 19862099, 'creatorName': '日常的阿魏', 'creatorDeptId': 8009, 'creatorDeptIdChain': '1001-8006-8007-8008-8009', 'createTime': 1599118913000, 'modifierId': 19862099, 'modifierName': '日常的阿魏', 'modifyTime': '', 'isDelete': 2020}], 'totalItem': 3, 'summation': {'lastMonthLaunchNumber': 30000, 'lastMonthCashConsume': 3000.0, 'lastMonthSupplyTotal': 30000, 'lastMonthCost': 0.1, 'lastMonthDayAverageSupply': 4800, 'sameMonthDayAverageSupply': 30000, 'sameMonthDayAverageIncrement': 300, 'sameMonthCost': 0.1, 'sameMonthDayConsume': 300.0, 'sameMonthSupply': 30000, 'sameMonthCashConsume': 3000.0}}}
2020-09-03 15:45:58,062 - root - INFO : 提取变量: [ id: 101 ]
2020-09-03 15:45:58,063 - root - INFO : 提取变量: [ costMonth: 1601481600000 ]
2020-09-03 15:45:58,063 - root - INFO : 提取变量: [ subjectId: 373 ]
2020-09-03 15:45:58,064 - root - INFO : 提取变量: [ subjectName: SEM ]
2020-09-03 15:45:58,064 - root - INFO : 校验类型: [-status], 结果: [Passed], 预期: [0]
2020-09-03 15:45:58,064 - root - INFO : 校验类型: [-msg], 结果: [Passed], 预期: [success]
2020-09-03 15:45:58,064 - root - INFO :  = = =  = = =  = = =  = = =  = = =  = = =  = = =  = = = 分割线 = = =  = = =  = = =  = = =  = = =  = = =  = = =  = = = 
2020-09-03 15:45:58,064 - root - INFO : 正在执行Function: del_flow_cost_mgt
2020-09-03 15:45:58,064 - root - INFO : 描述信息: 【预算/流量成本管理/删除流量成本】
2020-09-03 15:45:58,064 - root - INFO : 请求地址: https://galaxy-api-fat.shiguangkey.com/api/galaxy/flow/cost/manage/delete
2020-09-03 15:45:58,064 - root - INFO : 请求方法: [- POST -]
2020-09-03 15:45:58,064 - root - INFO : 请求头部: {'content-type': 'application/x-www-form-urlencoded', 'token': '0x779bae0712f12534bd54db5b4ae9a1', 'x-dept-id-chain': '1001-8006-8007-8008-8009', 'user-agent': 'Mozilla/5.0 (Windows NT 10.0; Win64; x64) AppleWebKit/537.36 (KHTML, like Gecko) Chrome/80.0.3987.106 Safari/537.36', 'Connection': 'close', 'keep-alive': 'False'}
2020-09-03 15:45:58,064 - root - INFO : 请求正文: {'ids': '101,100,99'}
2020-09-03 15:45:58,226 - root - INFO : 响应消息: {'traceId': 'e049cb08778a47f0a127083b19536497', 'status': '0', 'msg': 'success', 'data': {}}
2020-09-03 15:45:58,226 - root - INFO : 校验类型: [-status], 结果: [Passed], 预期: [0]
2020-09-03 15:45:58,226 - root - INFO : 校验类型: [-msg], 结果: [Passed], 预期: [success]
2020-09-03 15:45:58,227 - root - INFO :  = = =  = = =  = = =  = = =  = = =  = = =  = = =  = = = 分割线 = = =  = = =  = = =  = = =  = = =  = = =  = = =  = = = 
