2020-10-21 09:43:12,773 - root - INFO : 描述信息: 【潭州平台】获取登录用户 token
2020-10-21 09:43:12,773 - root - INFO : 请求地址: https://open-fat.shiguangkey.com/api/udb/workwechat/auth/login
2020-10-21 09:43:12,774 - root - INFO : 请求方法: [- POST -]
2020-10-21 09:43:12,774 - root - INFO : 请求头部: {'content-type': 'application/x-www-form-urlencoded', 'terminaltype': '4'}
2020-10-21 09:43:12,774 - root - INFO : 请求正文: {'account': 't0384223793', 'password': '4QrcOUm6Wau+VuBX8g+IPg'}
2020-10-21 09:43:13,011 - root - INFO : 响应消息: {'traceId': 'e311addbd9d24311a5f018908c0fb04e', 'status': '0', 'msg': 'success', 'data': {'user': {'uid': 19862099, 'mobile': '', 'account': '', 'nickname': '日常的阿魏', 'headImg': 'https://res.shiguangkey.com/res/images/default.png', 'openId': '', 'newRegister': False, 'needBindPhone': False, 'showAccountList': False}, 'token': '0x7747730712f1253cc2e4d94aa2b872'}}
2020-10-21 09:43:13,012 - root - INFO : 提取变量: [ pttoken: 0x7747730712f1253cc2e4d94aa2b872 ]
2020-10-21 09:43:13,012 - root - INFO : 校验类型: [-status], 结果: [Passed], 预期: [0]
2020-10-21 09:43:13,012 - root - INFO : 校验类型: [-msg], 结果: [Passed], 预期: [success]
2020-10-21 09:43:13,013 - root - INFO :  = = =  = = =  = = =  = = =  = = =  = = =  = = =  = = = 分割线 = = =  = = =  = = =  = = =  = = =  = = =  = = =  = = = 
2020-10-21 09:43:34,263 - root - INFO : 当前所在Class: Website || 类描述信息: None
2020-10-21 09:43:34,364 - root - INFO : 当前所在Class: Check || 类描述信息: None
2020-10-21 09:43:34,427 - root - INFO : 当前所在Class: Website || 类描述信息: None
2020-10-21 09:43:34,474 - root - INFO : 当前所在Class: Check || 类描述信息: None
2020-10-21 09:43:34,593 - root - INFO : 描述信息: 【工具/落地页工具/新建落地页/API】企业微信模式-保存落地页-不带商品
2020-10-21 09:43:34,593 - root - INFO : 请求地址: https://luban-api-fat.shiguangkey.com/website-edit-api/website/create_website
2020-10-21 09:43:34,594 - root - INFO : 请求方法: [- POST -]
2020-10-21 09:43:34,594 - root - INFO : 请求头部: {'content-type': 'application/json', 'token': '0x77ffb30712f1fa16cc04677878f70c'}
2020-10-21 09:43:34,594 - root - INFO : 请求正文: {'name': '落地页-09849075', 'goodsId': None, 'previewUrl': 'https://fat-huawei-media.shiguangkey.com/kdpdvuoffsovz8v', 'isRecommendApp': False, 'submitType': 0, 'wechatReqs': [{'imageUrl': 'https://wework.qpic.cn/wwpic/457201_0Slb9AdYRvCtbWj_1601023918/0', 'wechat': 'Jones', 'wechatChangeTime': 50, 'creativityId': 0, 'creativityNo': '', 'limitClickNum': 100, 'isWehub': False, 'isCarrier': True, 'carrierId': 1143, 'channelNumber': 3253}], 'isSmsVerify': 0, 'pageMode': 1, 'websiteType': 2, 'adCreateType': 2, 'websiteWechatType': 2, 'bgColor': '', 'bgImage': '', 'version': '2.1.3', 'compReqs': [{'compJson': '{"id":"kdpdn6xgz6d6ftk","type":15,"wechatList":[{"imageUrl":"https://wework.qpic.cn/wwpic/457201_0Slb9AdYRvCtbWj_1601023918/0","wechat":"Jones","wechatChangeTime":50,"creativityId":0,"creativityNo":"","creativityName":"","limitClickNum":100,"carrierName":"Jones","isWehub":false,"isCarrier":true,"channelId":"","carrierId":870,"channelNumber":594,"disabled":false,"deleted":false}],"width":375,"height":160,"backgroundType":2,"background":"","codeWidth":120,"codeLeft":50,"codeTop":50,"y":0}', 'fileIds': [], 'scene': 1, 'type': 15}]}
2020-10-21 09:43:34,839 - root - INFO : 响应消息: {'status': 0, 'msg': 'success', 'traceId': 'f9bb58a7db1649559e248264a4035453', 'data': {'code': '1318729611916746754', 'id': 9093}}
2020-10-21 09:43:34,839 - root - INFO : 提取变量: [ websiteId: 9093 ]
2020-10-21 09:43:34,839 - root - INFO : 校验类型: [-status], 结果: [Passed], 预期: [0]
2020-10-21 09:43:34,839 - root - INFO : 校验类型: [-msg], 结果: [Passed], 预期: [success]
2020-10-21 09:43:34,839 - root - INFO :  = = =  = = =  = = =  = = =  = = =  = = =  = = =  = = = 分割线 = = =  = = =  = = =  = = =  = = =  = = =  = = =  = = = 
2020-10-21 09:43:34,839 - root - INFO : 描述信息: 【工具/落地页工具/新建落地页/手动】发布落地页
2020-10-21 09:43:34,840 - root - INFO : 请求地址: https://luban-api-fat.shiguangkey.com/website-edit-api/website/publish_website
2020-10-21 09:43:34,840 - root - INFO : 请求方法: [- POST -]
2020-10-21 09:43:34,840 - root - INFO : 请求头部: {'content-type': 'application/json', 'token': '0x7747730712f1253cc2e4d94aa2b872'}
2020-10-21 09:43:34,840 - root - INFO : 请求正文: {'websiteId': '9093'}
2020-10-21 09:43:35,022 - root - INFO : 响应消息: {'status': 0, 'msg': '落地页发布成功', 'traceId': '17adc83448f6438aa530d643900a00d2', 'data': None}
2020-10-21 09:43:35,022 - root - INFO : 校验类型: [-status], 结果: [Passed], 预期: [0]
2020-10-21 09:43:35,022 - root - INFO :  = = =  = = =  = = =  = = =  = = =  = = =  = = =  = = = 分割线 = = =  = = =  = = =  = = =  = = =  = = =  = = =  = = = 
2020-10-21 09:43:35,022 - root - INFO : 描述信息: 【工具/落地页工具/新建落地页/手动】生成链接
2020-10-21 09:43:35,022 - root - INFO : 请求地址: https://luban-api-fat.shiguangkey.com/website-edit-api/website_link/association_creativity
2020-10-21 09:43:35,023 - root - INFO : 请求方法: [- POST -]
2020-10-21 09:43:35,023 - root - INFO : 请求头部: {'content-type': 'application/json', 'token': '0x7747730712f1253cc2e4d94aa2b872'}
2020-10-21 09:43:35,023 - root - INFO : 请求正文: {'websiteId': '9093', 'title': 'kuaishou', 'accountId': 'wx359bdedd5d18907a', 'releaseChannel': 3, 'putPlanNames': ['自动化落地页90254819'], 'domain': 'https://mz-fat.tanzhouedu.com', 'subjectId': 280, 'websiteLinkFollowReq': {'gatherType': 3, 'isTest': 0, 'receiveDeptIdChain': '', 'receiveDeptName': '', 'allocInstType': 3, 'putMode': 1}, 'channelId': 6, 'subject': 'PHP'}
2020-10-21 09:43:35,210 - root - INFO : 响应消息: {'status': 0, 'msg': 'success', 'traceId': 'be637dc9ce7b42d0a10c4fbb51de80f5', 'data': [{'putPlanName': None, 'creativityCode': 'bb9119a577e30969'}]}
2020-10-21 09:43:35,210 - root - INFO : 提取变量: [ creativityCode: bb9119a577e30969 ]
2020-10-21 09:43:35,210 - root - INFO : 校验类型: [-status], 结果: [Passed], 预期: [0]
2020-10-21 09:43:35,211 - root - INFO : 校验类型: [-msg], 结果: [Passed], 预期: [success]
2020-10-21 09:43:35,211 - root - INFO :  = = =  = = =  = = =  = = =  = = =  = = =  = = =  = = = 分割线 = = =  = = =  = = =  = = =  = = =  = = =  = = =  = = = 
2020-10-21 09:43:35,211 - root - INFO : 描述信息: 【银河/工具/落地页工具】落地页数据查询
2020-10-21 09:43:35,211 - root - INFO : 请求地址: https://luban-api-fat.shiguangkey.com/website-edit-api/website_link/list_creativity
2020-10-21 09:43:35,211 - root - INFO : 请求方法: [- POST -]
2020-10-21 09:43:35,211 - root - INFO : 请求头部: {'content-type': 'application/json', 'token': '0x7747730712f1253cc2e4d94aa2b872'}
2020-10-21 09:43:35,211 - root - INFO : 请求正文: {'websiteCode': '', 'creativityCode': '', 'adNo': '', 'isTest': '', 'channelCode': '', 'subjectId': '', 'putMode': '', 'websiteName': '落地页-09849075', 'submitStartTime': '2020-10-21 00:00:00', 'submitEndTime': '2020-10-21 23:59:59', 'pageNo': 1, 'pageSize': 10, 'websiteType': 2}
2020-10-21 09:43:35,799 - root - INFO : 响应消息: {'status': 0, 'msg': 'success', 'traceId': '4778925026d44ae897761dd48c115272', 'data': {'totalPage': 1, 'rows': [{'websiteLinkId': 8513, 'websiteName': '落地页-09849075', 'previewUrl': 'https://fat-huawei-media.shiguangkey.com/kdpdvuoffsovz8v', 'adNo': '', 'creativityId': 0, 'putPlanName': '自动化落地页90254819', 'websiteCode': '1318729611916746754', 'websiteId': 9093, 'promoter': '自动化专用-勿动', 'publishTime': '2020-10-21 09:43:35', 'updatedAt': 1603244615000, 'channel': None, 'subject': 'PHP', 'putMode': 1, 'creativityCode': 'bb9119a577e30969', 'creativityStat': {'creativityCode': 'bb9119a577e30969', 'pageView': 0, 'uniqueVisitor': 0, 'conversionRate': 0, 'orderNum': 0, 'formSubmitNum': None, 'clickNum': 0, 'adultNum': 0, 'minorNum': 0, 'avgLoadTime': 0, 'downloadNum': 0, 'noCustomerGrown': None, 'noCustomerChild': None, 'cpc': None, 'noLeaningRepeatGrown': None, 'noLeaningRepeatChild': None, 'noLeaning': None}, 'websiteType': 2, 'transferType': 1, 'isTest': 0, 'receiveDeptName': '', 'allocInstType': 3, 'isDisable': 0, 'releaseChannel': 3, 'url': 'https://mz-fat.tanzhouedu.com?s=bb9119a577e30969', 'customerNum': None, 'userId': 1737}], 'totalCount': 1, 'pageNo': 1, 'pageSize': 10, 'currentPageSize': 1}}
2020-10-21 09:43:35,799 - root - INFO : 提取变量: [ adNo:  ]
2020-10-21 09:43:35,799 - root - INFO : 提取变量: [ websiteCode: 1318729611916746754 ]
2020-10-21 09:43:35,800 - root - INFO : 提取变量: [ websiteLinkId: 8513 ]
2020-10-21 09:43:35,800 - root - INFO : 提取变量: [ url: https://mz-fat.tanzhouedu.com?s=bb9119a577e30969 ]
2020-10-21 09:43:35,800 - root - INFO : 校验类型: [-status], 结果: [Passed], 预期: [0]
2020-10-21 09:43:35,800 - root - INFO : 校验类型: [-msg], 结果: [Passed], 预期: [success]
2020-10-21 09:43:35,800 - root - INFO :  = = =  = = =  = = =  = = =  = = =  = = =  = = =  = = = 分割线 = = =  = = =  = = =  = = =  = = =  = = =  = = =  = = = 
2020-10-21 09:43:48,064 - root - INFO : 当前所在Class: Website || 类描述信息: None
2020-10-21 09:43:48,159 - root - INFO : 当前所在Class: Check || 类描述信息: None
2020-10-21 09:43:48,219 - root - INFO : 当前所在Class: Website || 类描述信息: None
2020-10-21 09:43:48,264 - root - INFO : 当前所在Class: Check || 类描述信息: None
2020-10-21 09:43:48,380 - root - INFO : 描述信息: 【工具/落地页工具/新建落地页/API】企业微信模式-保存落地页-带商品
2020-10-21 09:43:48,381 - root - INFO : 请求地址: https://luban-api-fat.shiguangkey.com/website-edit-api/website/create_website
2020-10-21 09:43:48,381 - root - INFO : 请求方法: [- POST -]
2020-10-21 09:43:48,381 - root - INFO : 请求头部: {'content-type': 'application/json', 'token': '0x77ffb30712f1fa16cc04677878f70c'}
2020-10-21 09:43:48,381 - root - INFO : 请求正文: {'name': '落地页-43466061', 'goodsId': '105', 'previewUrl': 'https://fat-huawei-media.shiguangkey.com/kdpm6sn9qws27du', 'isRecommendApp': False, 'submitType': 0, 'wechatReqs': [{'imageUrl': 'https://wework.qpic.cn/wwpic/457201_0Slb9AdYRvCtbWj_1601023918/0', 'wechat': 'Jones', 'wechatChangeTime': 50, 'creativityId': 0, 'creativityNo': '', 'limitClickNum': 100, 'isWehub': False, 'isCarrier': True, 'carrierId': 1143, 'channelNumber': 3253}], 'isSmsVerify': 0, 'pageMode': 1, 'websiteType': 2, 'adCreateType': 2, 'websiteWechatType': 2, 'bgColor': '', 'bgImage': '', 'version': '2.1.3', 'compReqs': [{'compJson': '{"id":"kdpm1ukuzm9y7gs","type":19,"width":375,"height":70,"isFixed":true,"goodsName":"自动化测试专用商品（小咖）","goodsId":173,"priceText":50,"priceOrigin":199,"priceTextColor":"#FF0363","priceTextSize":28,"tipText":"前100名活动限时价","tipTextColor":"#666666","tipTextSize":11,"buttonText":"立即购买","buttonTextColor":"#FFFFFF","buttonTextSize":18,"buttonBg":"#FF0363","isOneKey":false,"pageMode":1,"pageType":1,"isPopup":false,"y":0}', 'fileIds': [], 'scene': 1, 'type': 19}, {'compJson': '{"id":"kdpm2bb0ia5w85t","type":15,"wechatList":[{"imageUrl":"https://wework.qpic.cn/wwpic/457201_0Slb9AdYRvCtbWj_1601023918/0","wechat":"Jones","wechatChangeTime":50,"creativityId":0,"creativityNo":"","creativityName":"","limitClickNum":100,"carrierName":"Jones","isWehub":false,"isCarrier":true,"channelId":"","carrierId":870,"channelNumber":594,"disabled":false,"deleted":false}],"width":375,"height":160,"backgroundType":2,"background":"","codeWidth":120,"codeLeft":50,"codeTop":50,"y":0}', 'fileIds': [], 'scene': 3, 'type': 15}]}
2020-10-21 09:43:48,603 - root - INFO : 响应消息: {'status': 0, 'msg': 'success', 'traceId': '9f1e5b2bc1fc4f23ae36248a40d248c2', 'data': {'code': '1318729669550678017', 'id': 9094}}
2020-10-21 09:43:48,603 - root - INFO : 提取变量: [ websiteId: 9094 ]
2020-10-21 09:43:48,603 - root - INFO : 校验类型: [-status], 结果: [Passed], 预期: [0]
2020-10-21 09:43:48,603 - root - INFO : 校验类型: [-msg], 结果: [Passed], 预期: [success]
2020-10-21 09:43:48,603 - root - INFO :  = = =  = = =  = = =  = = =  = = =  = = =  = = =  = = = 分割线 = = =  = = =  = = =  = = =  = = =  = = =  = = =  = = = 
2020-10-21 09:43:48,604 - root - INFO : 描述信息: 【工具/落地页工具/新建落地页/手动】发布落地页
2020-10-21 09:43:48,604 - root - INFO : 请求地址: https://luban-api-fat.shiguangkey.com/website-edit-api/website/publish_website
2020-10-21 09:43:48,604 - root - INFO : 请求方法: [- POST -]
2020-10-21 09:43:48,604 - root - INFO : 请求头部: {'content-type': 'application/json', 'token': '0x7747730712f1253cc2e4d94aa2b872'}
2020-10-21 09:43:48,604 - root - INFO : 请求正文: {'websiteId': '9094'}
2020-10-21 09:43:48,787 - root - INFO : 响应消息: {'status': 0, 'msg': '落地页发布成功', 'traceId': '2d37528c70f946e98586a7f243a9fdf2', 'data': None}
2020-10-21 09:43:48,787 - root - INFO : 校验类型: [-status], 结果: [Passed], 预期: [0]
2020-10-21 09:43:48,787 - root - INFO :  = = =  = = =  = = =  = = =  = = =  = = =  = = =  = = = 分割线 = = =  = = =  = = =  = = =  = = =  = = =  = = =  = = = 
2020-10-21 09:43:48,787 - root - INFO : 描述信息: 【工具/落地页工具/新建落地页/手动】生成链接
2020-10-21 09:43:48,787 - root - INFO : 请求地址: https://luban-api-fat.shiguangkey.com/website-edit-api/website_link/association_creativity
2020-10-21 09:43:48,787 - root - INFO : 请求方法: [- POST -]
2020-10-21 09:43:48,787 - root - INFO : 请求头部: {'content-type': 'application/json', 'token': '0x7747730712f1253cc2e4d94aa2b872'}
2020-10-21 09:43:48,787 - root - INFO : 请求正文: {'websiteId': '9094', 'title': 'kuaishou', 'accountId': 'wx359bdedd5d18907a', 'releaseChannel': 3, 'putPlanNames': ['自动化落地页50866090'], 'domain': 'https://mz-fat.tanzhouedu.com', 'subjectId': 280, 'websiteLinkFollowReq': {'gatherType': 3, 'isTest': 0, 'receiveDeptIdChain': '', 'receiveDeptName': '', 'allocInstType': 3, 'putMode': 1}, 'channelId': 6, 'subject': 'PHP'}
2020-10-21 09:43:48,983 - root - INFO : 响应消息: {'status': 0, 'msg': 'success', 'traceId': 'a02b8e8b8bdb4ec0869508f6083e7b43', 'data': [{'putPlanName': None, 'creativityCode': 'ee0834f0ab4eb833'}]}
2020-10-21 09:43:48,983 - root - INFO : 提取变量: [ creativityCode: ee0834f0ab4eb833 ]
2020-10-21 09:43:48,983 - root - INFO : 校验类型: [-status], 结果: [Passed], 预期: [0]
2020-10-21 09:43:48,983 - root - INFO : 校验类型: [-msg], 结果: [Passed], 预期: [success]
2020-10-21 09:43:48,983 - root - INFO :  = = =  = = =  = = =  = = =  = = =  = = =  = = =  = = = 分割线 = = =  = = =  = = =  = = =  = = =  = = =  = = =  = = = 
2020-10-21 09:43:48,983 - root - INFO : 描述信息: 【银河/工具/落地页工具】落地页数据查询
2020-10-21 09:43:48,983 - root - INFO : 请求地址: https://luban-api-fat.shiguangkey.com/website-edit-api/website_link/list_creativity
2020-10-21 09:43:48,983 - root - INFO : 请求方法: [- POST -]
2020-10-21 09:43:48,983 - root - INFO : 请求头部: {'content-type': 'application/json', 'token': '0x7747730712f1253cc2e4d94aa2b872'}
2020-10-21 09:43:48,983 - root - INFO : 请求正文: {'websiteCode': '', 'creativityCode': '', 'adNo': '', 'isTest': '', 'channelCode': '', 'subjectId': '', 'putMode': '', 'websiteName': '落地页-43466061', 'submitStartTime': '2020-10-21 00:00:00', 'submitEndTime': '2020-10-21 23:59:59', 'pageNo': 1, 'pageSize': 10, 'websiteType': 2}
2020-10-21 09:43:49,570 - root - INFO : 响应消息: {'status': 0, 'msg': 'success', 'traceId': 'f80bc2427e63482cb9242e2c7732602a', 'data': {'totalPage': 1, 'rows': [{'websiteLinkId': 8514, 'websiteName': '落地页-43466061', 'previewUrl': 'https://fat-huawei-media.shiguangkey.com/kdpm6sn9qws27du', 'adNo': '', 'creativityId': 0, 'putPlanName': '自动化落地页50866090', 'websiteCode': '1318729669550678017', 'websiteId': 9094, 'promoter': '自动化专用-勿动', 'publishTime': '2020-10-21 09:43:49', 'updatedAt': 1603244629000, 'channel': None, 'subject': 'PHP', 'putMode': 1, 'creativityCode': 'ee0834f0ab4eb833', 'creativityStat': {'creativityCode': 'ee0834f0ab4eb833', 'pageView': 0, 'uniqueVisitor': 0, 'conversionRate': 0, 'orderNum': 0, 'formSubmitNum': None, 'clickNum': 0, 'adultNum': 0, 'minorNum': 0, 'avgLoadTime': 0, 'downloadNum': 0, 'noCustomerGrown': None, 'noCustomerChild': None, 'cpc': None, 'noLeaningRepeatGrown': None, 'noLeaningRepeatChild': None, 'noLeaning': None}, 'websiteType': 2, 'transferType': 1, 'isTest': 0, 'receiveDeptName': '', 'allocInstType': 3, 'isDisable': 0, 'releaseChannel': 3, 'url': 'https://mz-fat.tanzhouedu.com?s=ee0834f0ab4eb833', 'customerNum': None, 'userId': 1737}], 'totalCount': 1, 'pageNo': 1, 'pageSize': 10, 'currentPageSize': 1}}
2020-10-21 09:43:49,570 - root - INFO : 提取变量: [ adNo:  ]
2020-10-21 09:43:49,570 - root - INFO : 提取变量: [ websiteCode: 1318729669550678017 ]
2020-10-21 09:43:49,571 - root - INFO : 提取变量: [ websiteLinkId: 8514 ]
2020-10-21 09:43:49,571 - root - INFO : 提取变量: [ url: https://mz-fat.tanzhouedu.com?s=ee0834f0ab4eb833 ]
2020-10-21 09:43:49,571 - root - INFO : 校验类型: [-status], 结果: [Passed], 预期: [0]
2020-10-21 09:43:49,571 - root - INFO : 校验类型: [-msg], 结果: [Passed], 预期: [success]
2020-10-21 09:43:49,571 - root - INFO :  = = =  = = =  = = =  = = =  = = =  = = =  = = =  = = = 分割线 = = =  = = =  = = =  = = =  = = =  = = =  = = =  = = = 
2020-10-21 11:22:00,825 - root - INFO : 当前所在Class: Website || 类描述信息: None
2020-10-21 11:22:00,926 - root - INFO : 当前所在Class: Check || 类描述信息: None
2020-10-21 11:22:00,989 - root - INFO : 当前所在Class: Website || 类描述信息: None
2020-10-21 11:22:01,035 - root - INFO : 当前所在Class: Check || 类描述信息: None
2020-10-21 11:22:01,154 - root - INFO : 描述信息: 【工具/落地页工具/新建落地页/API】企业微信模式-保存落地页-带商品
2020-10-21 11:22:01,154 - root - INFO : 请求地址: https://luban-api-fat.shiguangkey.com/website-edit-api/website/create_website
2020-10-21 11:22:01,155 - root - INFO : 请求方法: [- POST -]
2020-10-21 11:22:01,155 - root - INFO : 请求头部: {'content-type': 'application/json', 'token': '0x77ffb30712f1fa16cc04677878f70c'}
2020-10-21 11:22:01,155 - root - INFO : 请求正文: {'name': '落地页-22268778', 'goodsId': '105', 'previewUrl': 'https://fat-huawei-media.shiguangkey.com/kdpm6sn9qws27du', 'isRecommendApp': False, 'submitType': 0, 'wechatReqs': [{'imageUrl': 'https://wework.qpic.cn/wwpic/457201_0Slb9AdYRvCtbWj_1601023918/0', 'wechat': 'Jones', 'wechatChangeTime': 50, 'creativityId': 0, 'creativityNo': '', 'limitClickNum': 100, 'isWehub': False, 'isCarrier': True, 'carrierId': 1143, 'channelNumber': 3253}], 'isSmsVerify': 0, 'pageMode': 1, 'websiteType': 2, 'adCreateType': 2, 'websiteWechatType': 2, 'bgColor': '', 'bgImage': '', 'version': '2.1.3', 'compReqs': [{'compJson': '{"id":"kdpm1ukuzm9y7gs","type":19,"width":375,"height":70,"isFixed":true,"goodsName":"自动化测试专用商品（小咖）","goodsId":173,"priceText":50,"priceOrigin":199,"priceTextColor":"#FF0363","priceTextSize":28,"tipText":"前100名活动限时价","tipTextColor":"#666666","tipTextSize":11,"buttonText":"立即购买","buttonTextColor":"#FFFFFF","buttonTextSize":18,"buttonBg":"#FF0363","isOneKey":false,"pageMode":1,"pageType":1,"isPopup":false,"y":0}', 'fileIds': [], 'scene': 1, 'type': 19}, {'compJson': '{"id":"kdpm2bb0ia5w85t","type":15,"wechatList":[{"imageUrl":"https://wework.qpic.cn/wwpic/457201_0Slb9AdYRvCtbWj_1601023918/0","wechat":"Jones","wechatChangeTime":50,"creativityId":0,"creativityNo":"","creativityName":"","limitClickNum":100,"carrierName":"Jones","isWehub":false,"isCarrier":true,"channelId":"","carrierId":870,"channelNumber":594,"disabled":false,"deleted":false}],"width":375,"height":160,"backgroundType":2,"background":"","codeWidth":120,"codeLeft":50,"codeTop":50,"y":0}', 'fileIds': [], 'scene': 3, 'type': 15}]}
2020-10-21 11:22:01,471 - root - INFO : 响应消息: {'status': 0, 'msg': 'success', 'traceId': '67ec7afc10714fe2a4fb2a43e10c7bab', 'data': {'code': '1318754386701590530', 'id': 9095}}
2020-10-21 11:22:01,471 - root - INFO : 提取变量: [ websiteId: 9095 ]
2020-10-21 11:22:01,471 - root - INFO : 校验类型: [-status], 结果: [Passed], 预期: [0]
2020-10-21 11:22:01,471 - root - INFO : 校验类型: [-msg], 结果: [Passed], 预期: [success]
2020-10-21 11:22:01,472 - root - INFO :  = = =  = = =  = = =  = = =  = = =  = = =  = = =  = = = 分割线 = = =  = = =  = = =  = = =  = = =  = = =  = = =  = = = 
2020-10-21 11:22:01,472 - root - INFO : 描述信息: 【工具/落地页工具/新建落地页/手动】发布落地页
2020-10-21 11:22:01,472 - root - INFO : 请求地址: https://luban-api-fat.shiguangkey.com/website-edit-api/website/publish_website
2020-10-21 11:22:01,472 - root - INFO : 请求方法: [- POST -]
2020-10-21 11:22:01,472 - root - INFO : 请求头部: {'content-type': 'application/json', 'token': '0x7747730712f1253cc2e4d94aa2b872'}
2020-10-21 11:22:01,472 - root - INFO : 请求正文: {'websiteId': '9095'}
2020-10-21 11:22:01,661 - root - INFO : 响应消息: {'status': 0, 'msg': '落地页发布成功', 'traceId': 'c63fb72296084de3aa746e70ba36ecc9', 'data': None}
2020-10-21 11:22:01,661 - root - INFO : 校验类型: [-status], 结果: [Passed], 预期: [0]
2020-10-21 11:22:01,661 - root - INFO :  = = =  = = =  = = =  = = =  = = =  = = =  = = =  = = = 分割线 = = =  = = =  = = =  = = =  = = =  = = =  = = =  = = = 
2020-10-21 11:22:01,662 - root - INFO : 描述信息: 【工具/落地页工具/新建落地页/手动】生成链接
2020-10-21 11:22:01,662 - root - INFO : 请求地址: https://luban-api-fat.shiguangkey.com/website-edit-api/website_link/association_creativity
2020-10-21 11:22:01,662 - root - INFO : 请求方法: [- POST -]
2020-10-21 11:22:01,662 - root - INFO : 请求头部: {'content-type': 'application/json', 'token': '0x7747730712f1253cc2e4d94aa2b872'}
2020-10-21 11:22:01,662 - root - INFO : 请求正文: {'websiteId': '9095', 'title': 'kuaishou', 'accountId': 'wx359bdedd5d18907a', 'releaseChannel': 3, 'putPlanNames': ['自动化落地页39917805'], 'domain': 'https://mz-fat.tanzhouedu.com', 'subjectId': 280, 'websiteLinkFollowReq': {'gatherType': 3, 'isTest': 0, 'receiveDeptIdChain': '', 'receiveDeptName': '', 'allocInstType': 3, 'putMode': 1}, 'channelId': 6, 'subject': 'PHP'}
2020-10-21 11:22:01,848 - root - INFO : 响应消息: {'status': 0, 'msg': 'success', 'traceId': 'd1f64ff0d2464808a196eaf39a83b759', 'data': [{'putPlanName': None, 'creativityCode': 'a4bf092ddd3afb47'}]}
2020-10-21 11:22:01,848 - root - INFO : 提取变量: [ creativityCode: a4bf092ddd3afb47 ]
2020-10-21 11:22:01,848 - root - INFO : 校验类型: [-status], 结果: [Passed], 预期: [0]
2020-10-21 11:22:01,848 - root - INFO : 校验类型: [-msg], 结果: [Passed], 预期: [success]
2020-10-21 11:22:01,848 - root - INFO :  = = =  = = =  = = =  = = =  = = =  = = =  = = =  = = = 分割线 = = =  = = =  = = =  = = =  = = =  = = =  = = =  = = = 
2020-10-21 11:22:01,848 - root - INFO : 描述信息: 【银河/工具/落地页工具】落地页数据查询
2020-10-21 11:22:01,849 - root - INFO : 请求地址: https://luban-api-fat.shiguangkey.com/website-edit-api/website_link/list_creativity
2020-10-21 11:22:01,849 - root - INFO : 请求方法: [- POST -]
2020-10-21 11:22:01,849 - root - INFO : 请求头部: {'content-type': 'application/json', 'token': '0x7747730712f1253cc2e4d94aa2b872'}
2020-10-21 11:22:01,849 - root - INFO : 请求正文: {'websiteCode': '', 'creativityCode': '', 'adNo': '', 'isTest': '', 'channelCode': '', 'subjectId': '', 'putMode': '', 'websiteName': '落地页-22268778', 'submitStartTime': '2020-10-21 00:00:00', 'submitEndTime': '2020-10-21 23:59:59', 'pageNo': 1, 'pageSize': 10, 'websiteType': 2}
2020-10-21 11:22:02,767 - root - INFO : 响应消息: {'status': 0, 'msg': 'success', 'traceId': '3a296501fdf445abbc7f9afb19ac09aa', 'data': {'totalPage': 1, 'rows': [{'websiteLinkId': 8515, 'websiteName': '落地页-22268778', 'previewUrl': 'https://fat-huawei-media.shiguangkey.com/kdpm6sn9qws27du', 'adNo': '', 'creativityId': 0, 'putPlanName': '自动化落地页39917805', 'websiteCode': '1318754386701590530', 'websiteId': 9095, 'promoter': '自动化专用-勿动', 'publishTime': '2020-10-21 11:22:02', 'updatedAt': 1603250522000, 'channel': None, 'subject': 'PHP', 'putMode': 1, 'creativityCode': 'a4bf092ddd3afb47', 'creativityStat': {'creativityCode': 'a4bf092ddd3afb47', 'pageView': 0, 'uniqueVisitor': 0, 'conversionRate': 0, 'orderNum': 0, 'formSubmitNum': None, 'clickNum': 0, 'adultNum': 0, 'minorNum': 0, 'avgLoadTime': 0, 'downloadNum': 0, 'noCustomerGrown': None, 'noCustomerChild': None, 'cpc': None, 'noLeaningRepeatGrown': None, 'noLeaningRepeatChild': None, 'noLeaning': None}, 'websiteType': 2, 'transferType': 1, 'isTest': 0, 'receiveDeptName': '', 'allocInstType': 3, 'isDisable': 0, 'releaseChannel': 3, 'url': 'https://mz-fat.tanzhouedu.com?s=a4bf092ddd3afb47', 'customerNum': None, 'userId': 1737}], 'totalCount': 1, 'pageNo': 1, 'pageSize': 10, 'currentPageSize': 1}}
2020-10-21 11:22:02,768 - root - INFO : 提取变量: [ adNo:  ]
2020-10-21 11:22:02,768 - root - INFO : 提取变量: [ websiteCode: 1318754386701590530 ]
2020-10-21 11:22:02,768 - root - INFO : 提取变量: [ websiteLinkId: 8515 ]
2020-10-21 11:22:02,769 - root - INFO : 提取变量: [ url: https://mz-fat.tanzhouedu.com?s=a4bf092ddd3afb47 ]
2020-10-21 11:22:02,769 - root - INFO : 校验类型: [-status], 结果: [Passed], 预期: [0]
2020-10-21 11:22:02,769 - root - INFO : 校验类型: [-msg], 结果: [Passed], 预期: [success]
2020-10-21 11:22:02,769 - root - INFO :  = = =  = = =  = = =  = = =  = = =  = = =  = = =  = = = 分割线 = = =  = = =  = = =  = = =  = = =  = = =  = = =  = = = 
