2020-10-09 14:50:02,819 - root - INFO : 描述信息: 【潭州平台】获取登录用户 token
2020-10-09 14:50:02,820 - root - INFO : 请求地址: https://open-fat.shiguangkey.com/api/udb/workwechat/auth/login
2020-10-09 14:50:02,820 - root - INFO : 请求方法: [- POST -]
2020-10-09 14:50:02,820 - root - INFO : 请求头部: {'content-type': 'application/x-www-form-urlencoded', 'terminaltype': '4'}
2020-10-09 14:50:02,820 - root - INFO : 请求正文: {'account': 't0384223793', 'password': '4QrcOUm6Wau+VuBX8g+IPg'}
2020-10-09 14:50:02,977 - root - INFO : 响应消息: {'traceId': '7ce02cfe33e849f19c057c018afd6a29', 'status': '0', 'msg': 'success', 'data': {'user': {'uid': 19862099, 'mobile': '', 'account': '', 'nickname': '日常的阿魏', 'headImg': 'https://res.shiguangkey.com/res/images/default.png', 'openId': '', 'newRegister': False, 'needBindPhone': False, 'showAccountList': False}, 'token': '0x7784310712f125336404d71a87bce1'}}
2020-10-09 14:50:02,978 - root - INFO : 提取变量: [ pttoken: 0x7784310712f125336404d71a87bce1 ]
2020-10-09 14:50:02,978 - root - INFO : 校验类型: [-status], 结果: [Passed], 预期: [0]
2020-10-09 14:50:02,978 - root - INFO : 校验类型: [-msg], 结果: [Passed], 预期: [success]
2020-10-09 14:50:02,978 - root - INFO :  = = =  = = =  = = =  = = =  = = =  = = =  = = =  = = = 分割线 = = =  = = =  = = =  = = =  = = =  = = =  = = =  = = = 
2020-10-09 14:50:02,978 - root - INFO : 正在执行Function: ad_plan
2020-10-09 14:50:02,978 - root - INFO : 正在执行Function: program_info_save
2020-10-09 14:50:02,978 - root - INFO : 描述信息: 【银河/广告/广告计划】新增广告计划
2020-10-09 14:50:02,979 - root - INFO : 请求地址: https://galaxy-api-fat.shiguangkey.com/api/galaxy/program/info/save
2020-10-09 14:50:02,979 - root - INFO : 请求方法: [- POST -]
2020-10-09 14:50:02,979 - root - INFO : 请求头部: {'content-type': 'application/json', 'token': '0x775fb60712f1fa187cc4589af1010a'}
2020-10-09 14:50:02,979 - root - INFO : 请求正文: {'channelId': 6, 'name': '自动化计划66556701', 'subjectId': 282, 'subjectName': 'Python', 'isTest': 0, 'putMode': 1, 'type': 1, 'gatherType': 1, 'allocInstType': 1, 'channelName': '微信'}
2020-10-09 14:50:03,222 - root - INFO : 响应消息: {'traceId': '17858763ad6846f7a1db82f09c4532bc', 'status': '0', 'msg': 'success', 'data': {}}
2020-10-09 14:50:03,222 - root - INFO : 校验类型: [-status], 结果: [Passed], 预期: [0]
2020-10-09 14:50:03,222 - root - INFO : 校验类型: [-msg], 结果: [Passed], 预期: [success]
2020-10-09 14:50:03,223 - root - INFO :  = = =  = = =  = = =  = = =  = = =  = = =  = = =  = = = 分割线 = = =  = = =  = = =  = = =  = = =  = = =  = = =  = = = 
2020-10-09 14:50:03,223 - root - INFO : 正在执行Function: program_pageList
2020-10-09 14:50:03,223 - root - INFO : 描述信息: 【银河/广告/广告计划】查询广告计划
2020-10-09 14:50:03,223 - root - INFO : 请求地址: https://galaxy-api-fat.shiguangkey.com/api/galaxy/program/pageList
2020-10-09 14:50:03,223 - root - INFO : 请求方法: [- POST -]
2020-10-09 14:50:03,223 - root - INFO : 请求头部: {'content-type': 'application/x-www-form-urlencoded', 'token': '0x775fb60712f1fa187cc4589af1010a'}
2020-10-09 14:50:03,223 - root - INFO : 请求正文: {'name': '自动化计划66556701', 'isHide': 0, 'pageIndex': 1, 'pageSize': 20, 'gatherType': 1, 'putMode': 1, 'allocInstType': 1}
2020-10-09 14:50:03,549 - root - INFO : 响应消息: {'traceId': '2fa406e644664da695b0e11aa4cf2097', 'status': '0', 'msg': 'success', 'data': {'totalItem': 1, 'list': [{'id': 13387, 'oldProgramId': None, 'no': '1000001740984973', 'name': '自动化计划66556701', 'type': 1, 'programName': None, 'subjectName': 'Python', 'subjectId': 282, 'channelName': '微信', 'channelId': 6, 'isImport': None, 'position': None, 'keyword': None, 'areaId': None, 'areaName': None, 'remark': None, 'isNeedCaptch': None, 'state': None, 'adMainId': None, 'channelAgencyAccountId': None, 'accountCode': None, 'adMainAccount': None, 'thirdUrl': None, 'allocInstType': 1, 'receiveDeptId': None, 'receiveDeptIdChain': None, 'isHide': 0, 'isTest': 0, 'creatorDeptId': 8009, 'creatorName': '自动化专用-勿动', 'createTime': 1602226205000, 'putMode': 1, 'updateState': 1}]}}
2020-10-09 14:50:03,550 - root - INFO : 提取变量: [ channelId: 6 ]
2020-10-09 14:50:03,550 - root - INFO : 提取变量: [ putMode: 1 ]
2020-10-09 14:50:03,550 - root - INFO : 提取变量: [ adName: 自动化计划66556701 ]
2020-10-09 14:50:03,551 - root - INFO : 提取变量: [ adId: 13387 ]
2020-10-09 14:50:03,551 - root - INFO : 提取变量: [ type: 1 ]
2020-10-09 14:50:03,551 - root - INFO : 校验类型: [-status], 结果: [Passed], 预期: [0]
2020-10-09 14:50:03,551 - root - INFO : 校验类型: [-msg], 结果: [Passed], 预期: [success]
2020-10-09 14:50:03,551 - root - INFO : 校验类型: [-in]  结果: [Passed]  预期: [name]
2020-10-09 14:50:03,551 - root - INFO :  = = =  = = =  = = =  = = =  = = =  = = =  = = =  = = = 分割线 = = =  = = =  = = =  = = =  = = =  = = =  = = =  = = = 
2020-10-09 14:50:03,551 - root - INFO : 正在执行Function: creativity_save
2020-10-09 14:50:03,551 - root - INFO : 描述信息: 【银河/广告/广告计划】新建广告创意
2020-10-09 14:50:03,552 - root - INFO : 请求地址: https://galaxy-api-fat.shiguangkey.com/api/galaxy/creativity/save
2020-10-09 14:50:03,552 - root - INFO : 请求方法: [- POST -]
2020-10-09 14:50:03,552 - root - INFO : 请求头部: {'content-type': 'application/x-www-form-urlencoded', 'token': '0x775fb60712f1fa187cc4589af1010a'}
2020-10-09 14:50:03,552 - root - INFO : 请求正文: {'name': '自动化创意97121206', 'gatherType': 1, 'isNeedCaptch': 1, 'position': 1, 'type': '1', 'putMode': '1', 'channelId': '6', 'programId': '13387', 'programName': '自动化计划66556701'}
2020-10-09 14:50:03,775 - root - INFO : 响应消息: {'traceId': '8ef572fd8b5f4671a7767607ec0e9212', 'status': '0', 'msg': 'success', 'data': {}}
2020-10-09 14:50:03,775 - root - INFO : 校验类型: [-status], 结果: [Passed], 预期: [0]
2020-10-09 14:50:03,775 - root - INFO : 校验类型: [-msg], 结果: [Passed], 预期: [success]
2020-10-09 14:50:03,775 - root - INFO :  = = =  = = =  = = =  = = =  = = =  = = =  = = =  = = = 分割线 = = =  = = =  = = =  = = =  = = =  = = =  = = =  = = = 
2020-10-09 14:50:03,775 - root - INFO : 正在执行Function: creativity_pageList
2020-10-09 14:50:03,775 - root - INFO : 描述信息: 【银河/广告/广告创意】查询广告创意
2020-10-09 14:50:03,775 - root - INFO : 请求地址: https://galaxy-api-fat.shiguangkey.com/api/galaxy/creativity/pageList
2020-10-09 14:50:03,775 - root - INFO : 请求方法: [- POST -]
2020-10-09 14:50:03,775 - root - INFO : 请求头部: {'content-type': 'application/x-www-form-urlencoded', 'token': '0x775fb60712f1fa187cc4589af1010a'}
2020-10-09 14:50:03,775 - root - INFO : 请求正文: {'gatherType': 1, 'programId': '13387', 'isHide': 0, 'pageIndex': 1, 'pageSize': 20}
2020-10-09 14:50:04,106 - root - INFO : 响应消息: {'traceId': 'd9845f38c2d4492ea070c2c81a358773', 'status': '0', 'msg': 'success', 'data': {'totalItem': 1, 'list': [{'id': 113025, 'oldCreativityId': None, 'oldProgramId': None, 'no': '29f5f3f7d308403092f075d0b7f9322b', 'name': '自动化创意97121206', 'programName': '自动化计划66556701', 'subjectName': 'Python', 'subjectId': 282, 'channelName': '微信', 'channelId': 6, 'isImport': 0, 'position': '1', 'keyword': None, 'areaId': None, 'areaName': None, 'creatorName': '自动化专用-勿动', 'createTime': 1602226206000, 'remark': None, 'isNeedCaptch': 1, 'state': 2, 'adMainId': None, 'channelAgencyAccountId': None, 'accountCode': None, 'adMainAccount': None, 'thirdUrl': None, 'allocInstType': 1, 'receiveDeptId': None, 'receiveDeptIdChain': None, 'isHide': 0, 'isTest': 0, 'creatorDeptId': 8009, 'vector': None, 'customerVectorValue': None, 'followerName': None, 'followerTanzkAccount': None, 'putMode': 1, 'receptionistId': None, 'receptionistName': None, 'receptionistTanzkAccount': None, 'receptionistDeptId': None, 'receptionistDeptIdChain': None, 'creatorDeptIdChain': '1001-8006-8007-8008-8009', 'updateState': 1, 'type': 1, 'programId': 13387, 'promotionTerminal': 1, 'vectorType': None, 'channelQrCode': None, 'channelNumber': None, 'companyWechatId': None, 'vectorId': None, 'vectorName': None}]}}
2020-10-09 14:50:04,107 - root - INFO : 提取变量: [ creativityId: 113025 ]
2020-10-09 14:50:04,107 - root - INFO : 提取变量: [ creativityName: 自动化创意97121206 ]
2020-10-09 14:50:04,107 - root - INFO : 提取变量: [ creativityNo: 29f5f3f7d308403092f075d0b7f9322b ]
2020-10-09 14:50:04,107 - root - INFO : 校验类型: [-status], 结果: [Passed], 预期: [0]
2020-10-09 14:50:04,107 - root - INFO : 校验类型: [-msg], 结果: [Passed], 预期: [success]
2020-10-09 14:50:04,107 - root - INFO :  = = =  = = =  = = =  = = =  = = =  = = =  = = =  = = = 分割线 = = =  = = =  = = =  = = =  = = =  = = =  = = =  = = = 
2020-10-09 14:50:06,691 - root - INFO : 描述信息: 【潭州平台】获取登录用户 token
2020-10-09 14:50:06,691 - root - INFO : 请求地址: https://open-fat.shiguangkey.com/api/udb/workwechat/auth/login
2020-10-09 14:50:06,691 - root - INFO : 请求方法: [- POST -]
2020-10-09 14:50:06,691 - root - INFO : 请求头部: {'content-type': 'application/x-www-form-urlencoded', 'terminaltype': '4'}
2020-10-09 14:50:06,691 - root - INFO : 请求正文: {'account': 't0384223793', 'password': '4QrcOUm6Wau+VuBX8g+IPg'}
2020-10-09 14:50:06,827 - root - INFO : 响应消息: {'traceId': '70c2264a27fa41ac95d53fbe7dc15c74', 'status': '0', 'msg': 'success', 'data': {'user': {'uid': 19862099, 'mobile': '', 'account': '', 'nickname': '日常的阿魏', 'headImg': 'https://res.shiguangkey.com/res/images/default.png', 'openId': '', 'newRegister': False, 'needBindPhone': False, 'showAccountList': False}, 'token': '0x7724cc0712f1253c4704ceb8ae4b57'}}
2020-10-09 14:50:06,829 - root - INFO : 提取变量: [ pttoken: 0x7724cc0712f1253c4704ceb8ae4b57 ]
2020-10-09 14:50:06,829 - root - INFO : 校验类型: [-status], 结果: [Passed], 预期: [0]
2020-10-09 14:50:06,829 - root - INFO : 校验类型: [-msg], 结果: [Passed], 预期: [success]
2020-10-09 14:50:06,829 - root - INFO :  = = =  = = =  = = =  = = =  = = =  = = =  = = =  = = = 分割线 = = =  = = =  = = =  = = =  = = =  = = =  = = =  = = = 
2020-10-09 14:50:06,829 - root - INFO : 正在执行Function: ad_plan
2020-10-09 14:50:06,829 - root - INFO : 正在执行Function: program_info_save
2020-10-09 14:50:06,829 - root - INFO : 描述信息: 【银河/广告/广告计划】新增广告计划
2020-10-09 14:50:06,829 - root - INFO : 请求地址: https://galaxy-api-fat.shiguangkey.com/api/galaxy/program/info/save
2020-10-09 14:50:06,829 - root - INFO : 请求方法: [- POST -]
2020-10-09 14:50:06,829 - root - INFO : 请求头部: {'content-type': 'application/json', 'token': '0x775fb60712f1fa187cc4589af1010a'}
2020-10-09 14:50:06,829 - root - INFO : 请求正文: {'channelId': 6, 'name': '$<projectName>', 'subjectId': 282, 'subjectName': 'Python', 'isTest': 0, 'putMode': 1, 'type': 1, 'gatherType': 1, 'allocInstType': 1, 'channelName': '微信'}
2020-10-09 14:50:07,011 - root - INFO : 响应消息: {'traceId': 'dbdb9dc07c4f48929dd931cc7fd903b6', 'status': '100101122', 'msg': '计划名称已存在。', 'data': {}}
