2020-09-03 21:36:32,840 - root - INFO : 描述信息: 【潭州平台】获取登录用户 token
2020-09-03 21:36:32,840 - root - INFO : 请求地址: https://open-fat.shiguangkey.com/api/udb/workwechat/auth/login
2020-09-03 21:36:32,840 - root - INFO : 请求方法: [- POST -]
2020-09-03 21:36:32,840 - root - INFO : 请求头部: {'content-type': 'application/x-www-form-urlencoded', 'terminaltype': '4', 'user-agent': 'Mozilla/5.0 (Windows NT 10.0; Win64; x64) AppleWebKit/537.36 (KHTML, like Gecko) Chrome/80.0.3987.106 Safari/537.36', 'Connection': 'close', 'keep-alive': 'False'}
2020-09-03 21:36:32,841 - root - INFO : 请求正文: {'account': 't0384223793', 'password': '4QrcOUm6Wau+VuBX8g+IPg'}
2020-09-03 21:36:32,987 - root - INFO : 响应消息: {'traceId': '1df9fdf5a671476d8d577a9cdb760194', 'status': '0', 'msg': 'success', 'data': {'user': {'uid': 19862099, 'mobile': '', 'account': '', 'nickname': '日常的阿魏', 'headImg': 'https://res.shiguangkey.com/res/images/default.png', 'openId': '', 'newRegister': False, 'needBindPhone': False, 'showAccountList': False}, 'token': '0x77bd980712f12539fe5445b86c2aea'}}
2020-09-03 21:36:32,988 - root - INFO : 提取变量: [ pttoken: 0x77bd980712f12539fe5445b86c2aea ]
2020-09-03 21:36:32,988 - root - INFO : 校验类型: [-status], 结果: [Passed], 预期: [0]
2020-09-03 21:36:32,988 - root - INFO : 校验类型: [-msg], 结果: [Passed], 预期: [success]
2020-09-03 21:36:32,988 - root - INFO :  = = =  = = =  = = =  = = =  = = =  = = =  = = =  = = = 分割线 = = =  = = =  = = =  = = =  = = =  = = =  = = =  = = = 
2020-09-03 21:36:32,995 - root - INFO : 当前运行Case: test_export_cost_apply_more5000
2020-09-03 21:36:32,995 - root - INFO : 正在执行Function: test_export_cost_apply_more5000
2020-09-03 21:36:32,996 - root - INFO : 正在执行Function: export_cost_apply
2020-09-03 21:36:32,996 - root - INFO : 描述信息: 【预算-投放预算管理-申请记录】导出
2020-09-03 21:36:32,996 - root - INFO : 请求地址: https://galaxy-api-fat.shiguangkey.com/api/galaxy/costApply/export
2020-09-03 21:36:32,996 - root - INFO : 请求方法: [- POST -]
2020-09-03 21:36:32,996 - root - INFO : 请求头部: {'content-type': 'application/x-www-form-urlencoded', 'token': '0x77bd980712f12539fe5445b86c2aea', 'x-dept-id-chain': '1001-8006-8007-8008-8009', 'user-agent': 'Mozilla/5.0 (Windows NT 10.0; Win64; x64) AppleWebKit/537.36 (KHTML, like Gecko) Chrome/80.0.3987.106 Safari/537.36', 'Connection': 'close', 'keep-alive': 'False'}
2020-09-03 21:36:32,996 - root - INFO : 请求正文: {'auditState': 3}
2020-09-03 21:36:33,186 - root - INFO : This Api Has No Check!
2020-09-03 21:36:33,186 - root - INFO :  = = =  = = =  = = =  = = =  = = =  = = =  = = =  = = = 分割线 = = =  = = =  = = =  = = =  = = =  = = =  = = =  = = = 
