2020-10-09 14:28:32,483 - root - INFO : 描述信息: 【潭州平台】获取登录用户 token
2020-10-09 14:28:32,483 - root - INFO : 请求地址: https://open-fat.shiguangkey.com/api/udb/workwechat/auth/login
2020-10-09 14:28:32,483 - root - INFO : 请求方法: [- POST -]
2020-10-09 14:28:32,483 - root - INFO : 请求头部: {'content-type': 'application/x-www-form-urlencoded', 'terminaltype': '4'}
2020-10-09 14:28:32,483 - root - INFO : 请求正文: {'account': 't0384223793', 'password': '4QrcOUm6Wau+VuBX8g+IPg'}
2020-10-09 14:28:32,646 - root - INFO : 响应消息: {'traceId': 'fdc480e138404cad8ff37bf1c9baeeac', 'status': '0', 'msg': 'success', 'data': {'user': {'uid': 19862099, 'mobile': '', 'account': '', 'nickname': '日常的阿魏', 'headImg': 'https://res.shiguangkey.com/res/images/default.png', 'openId': '', 'newRegister': False, 'needBindPhone': False, 'showAccountList': False}, 'token': '0x778a440712f12538d7c4d38a7dec09'}}
2020-10-09 14:28:32,647 - root - INFO : 提取变量: [ pttoken: 0x778a440712f12538d7c4d38a7dec09 ]
2020-10-09 14:28:32,647 - root - INFO : 校验类型: [-status], 结果: [Passed], 预期: [0]
2020-10-09 14:28:32,648 - root - INFO : 校验类型: [-msg], 结果: [Passed], 预期: [success]
2020-10-09 14:28:32,648 - root - INFO :  = = =  = = =  = = =  = = =  = = =  = = =  = = =  = = = 分割线 = = =  = = =  = = =  = = =  = = =  = = =  = = =  = = = 
2020-10-09 14:28:32,648 - root - INFO : 正在执行Function: ad_plan
2020-10-09 14:28:32,648 - root - INFO : 正在执行Function: program_info_save
2020-10-09 14:28:32,648 - root - INFO : 描述信息: 【银河/广告/广告计划】新增广告计划
2020-10-09 14:28:32,648 - root - INFO : 请求地址: https://galaxy-api-fat.shiguangkey.com/api/galaxy/program/info/save
2020-10-09 14:28:32,648 - root - INFO : 请求方法: [- POST -]
2020-10-09 14:28:32,648 - root - INFO : 请求头部: {'content-type': 'application/json', 'token': '0x775fb60712f1fa187cc4589af1010a'}
2020-10-09 14:28:32,648 - root - INFO : 请求正文: {'channelId': 6, 'name': '自动化计划17361231', 'subjectId': 282, 'subjectName': 'Python', 'isTest': 0, 'putMode': 1, 'type': 1, 'gatherType': 1, 'allocInstType': 1, 'channelName': '微信'}
2020-10-09 14:28:32,862 - root - INFO : 响应消息: {'traceId': '23c2a6ed7a2f4bbd8f2e7ffb153e57c2', 'status': '0', 'msg': 'success', 'data': {}}
2020-10-09 14:28:32,863 - root - INFO : 校验类型: [-status], 结果: [Passed], 预期: [0]
2020-10-09 14:28:32,863 - root - INFO : 校验类型: [-msg], 结果: [Passed], 预期: [success]
2020-10-09 14:28:32,863 - root - INFO :  = = =  = = =  = = =  = = =  = = =  = = =  = = =  = = = 分割线 = = =  = = =  = = =  = = =  = = =  = = =  = = =  = = = 
2020-10-09 14:28:32,863 - root - INFO : 正在执行Function: program_pageList
2020-10-09 14:28:32,863 - root - INFO : 描述信息: 【银河/广告/广告计划】查询广告计划
2020-10-09 14:28:32,863 - root - INFO : 请求地址: https://galaxy-api-fat.shiguangkey.com/api/galaxy/program/pageList
2020-10-09 14:28:32,863 - root - INFO : 请求方法: [- POST -]
2020-10-09 14:28:32,863 - root - INFO : 请求头部: {'content-type': 'application/x-www-form-urlencoded', 'token': '0x775fb60712f1fa187cc4589af1010a'}
2020-10-09 14:28:32,863 - root - INFO : 请求正文: {'name': '自动化计划17361231', 'isHide': 0, 'pageIndex': 1, 'pageSize': 20, 'gatherType': 1, 'putMode': 1, 'allocInstType': 1}
2020-10-09 14:28:33,184 - root - INFO : 响应消息: {'traceId': '10dfd3be4e174757aa5aeec5c59bd9a1', 'status': '0', 'msg': 'success', 'data': {'totalItem': 1, 'list': [{'id': 13379, 'oldProgramId': None, 'no': '1000000905729877', 'name': '自动化计划17361231', 'type': 1, 'programName': None, 'subjectName': 'Python', 'subjectId': 282, 'channelName': '微信', 'channelId': 6, 'isImport': None, 'position': None, 'keyword': None, 'areaId': None, 'areaName': None, 'remark': None, 'isNeedCaptch': None, 'state': None, 'adMainId': None, 'channelAgencyAccountId': None, 'accountCode': None, 'adMainAccount': None, 'thirdUrl': None, 'allocInstType': 1, 'receiveDeptId': None, 'receiveDeptIdChain': None, 'isHide': 0, 'isTest': 0, 'creatorDeptId': 8009, 'creatorName': '自动化专用-勿动', 'createTime': 1602224915000, 'putMode': 1, 'updateState': 1}]}}
2020-10-09 14:28:33,185 - root - INFO : 提取变量: [ channelId: 6 ]
2020-10-09 14:28:33,185 - root - INFO : 提取变量: [ putMode: 1 ]
2020-10-09 14:28:33,185 - root - INFO : 提取变量: [ adName: 自动化计划17361231 ]
2020-10-09 14:28:33,186 - root - INFO : 提取变量: [ adId: 13379 ]
2020-10-09 14:28:33,186 - root - INFO : 提取变量: [ type: 1 ]
2020-10-09 14:28:33,186 - root - INFO : 校验类型: [-status], 结果: [Passed], 预期: [0]
2020-10-09 14:28:33,186 - root - INFO : 校验类型: [-msg], 结果: [Passed], 预期: [success]
2020-10-09 14:28:33,186 - root - INFO : 校验类型: [-in]  结果: [Passed]  预期: [name]
2020-10-09 14:28:33,186 - root - INFO :  = = =  = = =  = = =  = = =  = = =  = = =  = = =  = = = 分割线 = = =  = = =  = = =  = = =  = = =  = = =  = = =  = = = 
2020-10-09 14:28:33,186 - root - INFO : 正在执行Function: creativity_save
2020-10-09 14:28:33,186 - root - INFO : 描述信息: 【银河/广告/广告计划】新建广告创意
2020-10-09 14:28:33,186 - root - INFO : 请求地址: https://galaxy-api-fat.shiguangkey.com/api/galaxy/creativity/save
2020-10-09 14:28:33,187 - root - INFO : 请求方法: [- POST -]
2020-10-09 14:28:33,187 - root - INFO : 请求头部: {'content-type': 'application/x-www-form-urlencoded', 'token': '0x775fb60712f1fa187cc4589af1010a'}
2020-10-09 14:28:33,187 - root - INFO : 请求正文: {'name': '自动化创意06704834', 'gatherType': 1, 'isNeedCaptch': 1, 'position': 1, 'type': '1', 'putMode': '1', 'channelId': '6', 'programId': '13379', 'programName': '自动化计划17361231'}
2020-10-09 14:28:33,410 - root - INFO : 响应消息: {'traceId': '3fa3e6855c644f05b62a9704b43a3c22', 'status': '0', 'msg': 'success', 'data': {}}
2020-10-09 14:28:33,410 - root - INFO : 校验类型: [-status], 结果: [Passed], 预期: [0]
2020-10-09 14:28:33,410 - root - INFO : 校验类型: [-msg], 结果: [Passed], 预期: [success]
2020-10-09 14:28:33,410 - root - INFO :  = = =  = = =  = = =  = = =  = = =  = = =  = = =  = = = 分割线 = = =  = = =  = = =  = = =  = = =  = = =  = = =  = = = 
2020-10-09 14:28:33,410 - root - INFO : 正在执行Function: creativity_pageList
2020-10-09 14:28:33,411 - root - INFO : 描述信息: 【银河/广告/广告创意】查询广告创意
2020-10-09 14:28:33,411 - root - INFO : 请求地址: https://galaxy-api-fat.shiguangkey.com/api/galaxy/creativity/pageList
2020-10-09 14:28:33,411 - root - INFO : 请求方法: [- POST -]
2020-10-09 14:28:33,411 - root - INFO : 请求头部: {'content-type': 'application/x-www-form-urlencoded', 'token': '0x775fb60712f1fa187cc4589af1010a'}
2020-10-09 14:28:33,411 - root - INFO : 请求正文: {'gatherType': 1, 'programId': '13379', 'isHide': 0, 'pageIndex': 1, 'pageSize': 20}
2020-10-09 14:28:33,747 - root - INFO : 响应消息: {'traceId': 'b21ecea270f641deb077d42b78d322c9', 'status': '0', 'msg': 'success', 'data': {'totalItem': 1, 'list': [{'id': 113017, 'oldCreativityId': None, 'oldProgramId': None, 'no': '811f2168a6394d54bde8f1af25d22838', 'name': '自动化创意06704834', 'programName': '自动化计划17361231', 'subjectName': 'Python', 'subjectId': 282, 'channelName': '微信', 'channelId': 6, 'isImport': 0, 'position': '1', 'keyword': None, 'areaId': None, 'areaName': None, 'creatorName': '自动化专用-勿动', 'createTime': 1602224915000, 'remark': None, 'isNeedCaptch': 1, 'state': 2, 'adMainId': None, 'channelAgencyAccountId': None, 'accountCode': None, 'adMainAccount': None, 'thirdUrl': None, 'allocInstType': 1, 'receiveDeptId': None, 'receiveDeptIdChain': None, 'isHide': 0, 'isTest': 0, 'creatorDeptId': 8009, 'vector': None, 'customerVectorValue': None, 'followerName': None, 'followerTanzkAccount': None, 'putMode': 1, 'receptionistId': None, 'receptionistName': None, 'receptionistTanzkAccount': None, 'receptionistDeptId': None, 'receptionistDeptIdChain': None, 'creatorDeptIdChain': '1001-8006-8007-8008-8009', 'updateState': 1, 'type': 1, 'programId': 13379, 'promotionTerminal': 1, 'vectorType': None, 'channelQrCode': None, 'channelNumber': None, 'companyWechatId': None, 'vectorId': None, 'vectorName': None}]}}
2020-10-09 14:28:33,747 - root - INFO : 提取变量: [ creativityId: 113017 ]
2020-10-09 14:28:33,748 - root - INFO : 提取变量: [ creativityName: 自动化创意06704834 ]
2020-10-09 14:28:33,748 - root - INFO : 提取变量: [ creativityNo: 811f2168a6394d54bde8f1af25d22838 ]
2020-10-09 14:28:33,748 - root - INFO : 校验类型: [-status], 结果: [Passed], 预期: [0]
2020-10-09 14:28:33,748 - root - INFO : 校验类型: [-msg], 结果: [Passed], 预期: [success]
2020-10-09 14:28:33,748 - root - INFO :  = = =  = = =  = = =  = = =  = = =  = = =  = = =  = = = 分割线 = = =  = = =  = = =  = = =  = = =  = = =  = = =  = = = 
