2020-10-21 09:16:37,612 - root - INFO : 描述信息: 【潭州平台】获取登录用户 token
2020-10-21 09:16:37,612 - root - INFO : 请求地址: https://open-fat.shiguangkey.com/api/udb/workwechat/auth/login
2020-10-21 09:16:37,612 - root - INFO : 请求方法: [- POST -]
2020-10-21 09:16:37,612 - root - INFO : 请求头部: {'content-type': 'application/x-www-form-urlencoded', 'terminaltype': '4'}
2020-10-21 09:16:37,612 - root - INFO : 请求正文: {'account': 't0384223793', 'password': '4QrcOUm6Wau+VuBX8g+IPg'}
2020-10-21 09:16:37,858 - root - INFO : 响应消息: {'traceId': '4571bd9041fc4191b6ae813d882def6a', 'status': '0', 'msg': 'success', 'data': {'user': {'uid': 19862099, 'mobile': '', 'account': '', 'nickname': '日常的阿魏', 'headImg': 'https://res.shiguangkey.com/res/images/default.png', 'openId': '', 'newRegister': False, 'needBindPhone': False, 'showAccountList': False}, 'token': '0x777f540712f125304cf40c98b414a9'}}
2020-10-21 09:16:37,860 - root - INFO : 提取变量: [ pttoken: 0x777f540712f125304cf40c98b414a9 ]
2020-10-21 09:16:37,860 - root - INFO : 校验类型: [-status], 结果: [Passed], 预期: [0]
2020-10-21 09:16:37,860 - root - INFO : 校验类型: [-msg], 结果: [Passed], 预期: [success]
2020-10-21 09:16:37,860 - root - INFO :  = = =  = = =  = = =  = = =  = = =  = = =  = = =  = = = 分割线 = = =  = = =  = = =  = = =  = = =  = = =  = = =  = = = 
2020-10-21 09:16:51,809 - root - INFO : 当前所在Class: Website || 类描述信息: None
2020-10-21 09:16:51,912 - root - INFO : 当前所在Class: Check || 类描述信息: None
2020-10-21 09:16:51,972 - root - INFO : 描述信息: 【银河/广告/广告创意】查询广告创意
2020-10-21 09:16:51,973 - root - INFO : 请求地址: https://galaxy-api-fat.shiguangkey.com/api/galaxy/creativity/pageList
2020-10-21 09:16:51,973 - root - INFO : 请求方法: [- POST -]
2020-10-21 09:16:51,973 - root - INFO : 请求头部: {'content-type': 'application/x-www-form-urlencoded', 'token': '0x777f540712f125304cf40c98b414a9'}
2020-10-21 09:16:51,973 - root - INFO : 请求正文: {'gatherType': 1, 'id': '114052', 'isHide': 0, 'pageIndex': 1, 'pageSize': 20}
2020-10-21 09:16:52,223 - root - INFO : 响应消息: {'traceId': '91bbf2e484144feaaee3bbd974171246', 'status': '0', 'msg': 'success', 'data': {'totalItem': 1, 'list': [{'id': 114052, 'oldCreativityId': None, 'oldProgramId': None, 'no': '634e6b237aab4e378d18b1d8503fd995', 'name': '自动化创意78586017', 'programName': '自动化计划19134642', 'subjectName': 'Python', 'subjectId': 282, 'channelName': '微信', 'channelId': 6, 'isImport': 0, 'position': '1', 'keyword': None, 'areaId': None, 'areaName': None, 'creatorName': '自动化专用-勿动', 'createTime': 1603242722000, 'remark': None, 'isNeedCaptch': 0, 'state': 2, 'adMainId': None, 'channelAgencyAccountId': None, 'accountCode': None, 'adMainAccount': None, 'thirdUrl': None, 'allocInstType': 3, 'receiveDeptId': 4572, 'receiveDeptIdChain': '1001-2001-4569-4570-4571-4572', 'isHide': 0, 'isTest': 0, 'creatorDeptId': 8009, 'vector': None, 'customerVectorValue': None, 'followerName': None, 'followerTanzkAccount': None, 'putMode': 3, 'receptionistId': None, 'receptionistName': None, 'receptionistTanzkAccount': None, 'receptionistDeptId': None, 'receptionistDeptIdChain': None, 'creatorDeptIdChain': '1001-8006-8007-8008-8009', 'updateState': 1, 'type': 1, 'programId': 14252, 'promotionTerminal': 1, 'vectorType': None, 'channelQrCode': None, 'channelNumber': None, 'companyWechatId': None, 'vectorId': None, 'vectorName': None}]}}
2020-10-21 09:16:52,223 - root - INFO : 提取变量: [ creativityId: 114052 ]
2020-10-21 09:16:52,223 - root - INFO : 提取变量: [ creativityName: 自动化创意78586017 ]
2020-10-21 09:16:52,224 - root - INFO : 提取变量: [ creativityNo: 634e6b237aab4e378d18b1d8503fd995 ]
2020-10-21 09:16:52,224 - root - INFO : 提取变量: [ adName: 自动化计划19134642 ]
2020-10-21 09:16:52,224 - root - INFO : 校验类型: [-status], 结果: [Passed], 预期: [0]
2020-10-21 09:16:52,224 - root - INFO : 校验类型: [-msg], 结果: [Passed], 预期: [success]
2020-10-21 09:16:52,224 - root - INFO :  = = =  = = =  = = =  = = =  = = =  = = =  = = =  = = = 分割线 = = =  = = =  = = =  = = =  = = =  = = =  = = =  = = = 
2020-10-21 09:16:52,224 - root - INFO : 正在执行Function: landing_page_crt
2020-10-21 09:16:52,224 - root - INFO : 正在执行Function: create_website_pay
2020-10-21 09:16:52,224 - root - INFO : 描述信息: 【银河/工具/落地页工具】新建落地页-一键支付
2020-10-21 09:16:52,225 - root - INFO : 请求地址: https://luban-api-fat.shiguangkey.com/website-edit-api/website/create_website
2020-10-21 09:16:52,225 - root - INFO : 请求方法: [- POST -]
2020-10-21 09:16:52,225 - root - INFO : 请求头部: {'content-type': 'application/json', 'token': '0x777f540712f125304cf40c98b414a9'}
2020-10-21 09:16:52,225 - root - INFO : 请求正文: {'name': '自动化落地页29717538', 'goodsId': '506', 'previewUrl': 'https://fat-huawei-media.shiguangkey.com/kcmry3ec1go5l9l', 'isRecommendApp': False, 'submitType': 3, 'isSmsVerify': 1, 'websiteType': 1, 'adCreateType': 1, 'websiteWechatType': 1, 'bgColor': '', 'bgImage': '', 'version': '2.0.0', 'compReqs': [{'compJson': '{"id":"kcmrxf4afj4414j","type":19,"width":375,"height":70,"isFixed":true,"goodsName":"python公开课视频课","goodsId":416,"priceText":0.01,"priceOrigin":0.01,"priceTextColor":"#FF0363","priceTextSize":28,"tipText":"前100名活动限时价","tipTextColor":"#666666","tipTextSize":11,"buttonText":"立即购买","buttonTextColor":"#FFFFFF","buttonTextSize":18,"buttonBg":"#FF0363","isOneKey":true,"y":0}', 'fileIds': [], 'scene': 1, 'type': 19}, {'compJson': '{"id":"kcmrxf7pawt8u71","type":24,"width":375,"height":257,"goodsName":"python公开课视频课","goodsId":0,"goodsDesc":null,"goodsCover":"https://res.shiguangkey.com/file/201811/07/20181107094126190210027.png","priceText":0.01,"priceOrigin":0.01,"phoneNo":"130XXXXXXXX","payNo":"D000000000000000000","isPay":true,"y":0}', 'fileIds': [], 'scene': 2, 'type': 24}, {'compJson': '{"id":"kcmrxf7pltcazu2","type":13,"width":375,"height":136,"text":"上课须知\\n1.本产品为特价活动课程，一经购买，概不退款，请谅解；\\n2.课程购买成功后，老师会在24小时以内通过电话、微信或短信的方式联系您，请保持联系方式畅通。","fontSize":12,"fontWeight":"normal","fontStyle":"normal","textDecoration":"none","opacity":100,"textAlign":"left","letterSpacing":0,"lineHeight":2,"placeholder":"请输入文本内容","color":"#999999","y":257}', 'fileIds': [], 'scene': 2, 'type': 13}, {'compJson': '{"id":"kcmrxf7oqv0p0pw","type":3,"width":375,"height":176,"required":true,"value":"","title":"手机 (已加密)","placeholder":"请输入手机号码","unique":true,"validate":true,"layout":1,"phoneCodeType":0,"codeTextColor":"#FFFFFF","codeTextSize":15,"codeBgColor":"#1855FB","isAbroad":false,"y":0}', 'fileIds': [], 'scene': 3, 'type': 3}, {'compJson': '{"id":"kcmrxf7pxhahryk","type":24,"width":375,"height":218,"goodsName":"python公开课视频课","goodsId":0,"goodsDesc":null,"goodsCover":"https://res.shiguangkey.com/file/201811/07/20181107094126190210027.png","priceText":0.01,"priceOrigin":0.01,"phoneNo":"130XXXXXXXX","payNo":"D000000000000000000","y":176}', 'fileIds': [], 'scene': 3, 'type': 24}, {'compJson': '{"id":"kcmrxf7pwj33r33","type":23,"width":339,"height":71,"buttonHeight":45,"text":"确认支付 ￥0.01","textColor":"#FFFFFF","textSize":18,"borderColor":"#FF0363","borderWidth":2,"borderRadius":4,"bgColor":"#FF0363","isDownloadApp":false,"isFixed":true,"y":394}', 'fileIds': [], 'scene': 3, 'type': 23}]}
2020-10-21 09:16:52,505 - root - INFO : 响应消息: {'status': 0, 'msg': 'success', 'traceId': '7a74fa9c7db843ce8e33875483ae12de', 'data': {'code': '1318722890968211457', 'id': 9084}}
2020-10-21 09:16:52,505 - root - INFO : 提取变量: [ websiteId: 9084 ]
2020-10-21 09:16:52,505 - root - INFO : 校验类型: [-status], 结果: [Passed], 预期: [0]
2020-10-21 09:16:52,505 - root - INFO : 校验类型: [-msg], 结果: [Passed], 预期: [success]
2020-10-21 09:16:52,505 - root - INFO :  = = =  = = =  = = =  = = =  = = =  = = =  = = =  = = = 分割线 = = =  = = =  = = =  = = =  = = =  = = =  = = =  = = = 
2020-10-21 09:16:52,505 - root - INFO : 正在执行Function: publish_website
2020-10-21 09:16:52,505 - root - INFO : 描述信息: 【银河/工具/落地页工具】发布落地页
2020-10-21 09:16:52,505 - root - INFO : 请求地址: https://luban-api-fat.shiguangkey.com/website-edit-api/website/publish_website
2020-10-21 09:16:52,505 - root - INFO : 请求方法: [- POST -]
2020-10-21 09:16:52,505 - root - INFO : 请求头部: {'content-type': 'application/json', 'token': '0x777f540712f125304cf40c98b414a9'}
2020-10-21 09:16:52,506 - root - INFO : 请求正文: {'websiteId': '9084'}
2020-10-21 09:16:52,687 - root - INFO : 响应消息: {'status': 0, 'msg': '落地页发布成功', 'traceId': '39430dd599354730b54530690f3e79c1', 'data': None}
2020-10-21 09:16:52,687 - root - INFO : 校验类型: [-status], 结果: [Passed], 预期: [0]
2020-10-21 09:16:52,687 - root - INFO : 校验类型: [-msg], 结果: [Passed], 预期: [落地页发布成功]
2020-10-21 09:16:52,687 - root - INFO :  = = =  = = =  = = =  = = =  = = =  = = =  = = =  = = = 分割线 = = =  = = =  = = =  = = =  = = =  = = =  = = =  = = = 
2020-10-21 09:16:52,687 - root - INFO : 正在执行Function: association_creativity
2020-10-21 09:16:52,687 - root - INFO : 描述信息: 【银河/工具/落地页工具】生成链接
2020-10-21 09:16:52,688 - root - INFO : 请求地址: https://luban-api-fat.shiguangkey.com/website-edit-api/website_link/association_creativity
2020-10-21 09:16:52,688 - root - INFO : 请求方法: [- POST -]
2020-10-21 09:16:52,688 - root - INFO : 请求头部: {'content-type': 'application/json', 'token': '0x777f540712f125304cf40c98b414a9'}
2020-10-21 09:16:52,688 - root - INFO : 请求正文: {'websiteId': '9084', 'title': '自动化落地页29717538', 'releaseChannel': 3, 'putPlanNames': ['自动化计划19134642'], 'adType': 1, 'adPlan': '自动化计划19134642', 'channel': '微信', 'channelId': 6, 'subject': 'Python', 'subjectId': 282, 'baseReqs': [{'adCreativity': '自动化创意78586017', 'adNo': '634e6b237aab4e378d18b1d8503fd995', 'creativityId': '114052'}], 'accountId': 'wx359bdedd5d18907a', 'domain': 'https://mz-fat.tanzhouedu.com'}
2020-10-21 09:16:52,891 - root - INFO : 响应消息: {'status': 0, 'msg': 'success', 'traceId': 'b246fb528eee49a2907d317239a0cc51', 'data': [{'putPlanName': '自动化计划19134642', 'creativityCode': 'ecf5605722a339ca'}]}
2020-10-21 09:16:52,891 - root - INFO : 提取变量: [ creativityCode: ecf5605722a339ca ]
2020-10-21 09:16:52,891 - root - INFO : 校验类型: [-status], 结果: [Passed], 预期: [0]
2020-10-21 09:16:52,891 - root - INFO : 校验类型: [-msg], 结果: [Passed], 预期: [success]
2020-10-21 09:16:52,892 - root - INFO : 校验类型: [-in]  结果: [Passed]  预期: [creativityCode]
2020-10-21 09:16:52,892 - root - INFO :  = = =  = = =  = = =  = = =  = = =  = = =  = = =  = = = 分割线 = = =  = = =  = = =  = = =  = = =  = = =  = = =  = = = 
2020-10-21 09:16:52,892 - root - INFO : 正在执行Function: list_landing_page
2020-10-21 09:16:52,892 - root - INFO : 描述信息: 【银河/工具/落地页工具】落地页数据查询
2020-10-21 09:16:52,892 - root - INFO : 请求地址: https://luban-api-fat.shiguangkey.com/website-edit-api/website_link/list_creativity
2020-10-21 09:16:52,892 - root - INFO : 请求方法: [- POST -]
2020-10-21 09:16:52,892 - root - INFO : 请求头部: {'content-type': 'application/json', 'token': '0x777f540712f125304cf40c98b414a9'}
2020-10-21 09:16:52,892 - root - INFO : 请求正文: {'websiteCode': '', 'creativityCode': '', 'adNo': '', 'isTest': '', 'channelCode': '', 'subjectId': '', 'putMode': '', 'websiteName': '自动化落地页29717538', 'submitStartTime': '2020-10-21 00:00:00', 'submitEndTime': '2020-10-21 23:59:59', 'pageNo': 1, 'pageSize': 10, 'websiteType': 1}
2020-10-21 09:16:53,465 - root - INFO : 响应消息: {'status': 0, 'msg': 'success', 'traceId': '3ff2f719610c4a8fb5a6af218329b8e3', 'data': {'totalPage': 1, 'rows': [{'websiteLinkId': 8504, 'websiteName': '自动化落地页29717538', 'previewUrl': 'https://fat-huawei-media.shiguangkey.com/kcmry3ec1go5l9l', 'adNo': '634e6b237aab4e378d18b1d8503fd995', 'creativityId': 114052, 'putPlanName': '自动化计划19134642', 'websiteCode': '1318722890968211457', 'websiteId': 9084, 'promoter': '日常的阿魏', 'publishTime': '2020-10-21 09:16:53', 'updatedAt': 1603243012000, 'channel': '微信', 'subject': 'Python', 'putMode': None, 'creativityCode': 'ecf5605722a339ca', 'creativityStat': {'creativityCode': 'ecf5605722a339ca', 'pageView': 0, 'uniqueVisitor': 0, 'conversionRate': 0, 'orderNum': 0, 'formSubmitNum': 0, 'clickNum': 0, 'adultNum': 0, 'minorNum': 0, 'avgLoadTime': 0, 'downloadNum': 0, 'noCustomerGrown': None, 'noCustomerChild': None, 'cpc': None, 'noLeaningRepeatGrown': None, 'noLeaningRepeatChild': None, 'noLeaning': None}, 'websiteType': 1, 'transferType': 0, 'isTest': None, 'receiveDeptName': None, 'allocInstType': None, 'isDisable': 0, 'releaseChannel': 3, 'url': 'https://mz-fat.tanzhouedu.com?s=ecf5605722a339ca', 'customerNum': None, 'userId': 1716}], 'totalCount': 1, 'pageNo': 1, 'pageSize': 10, 'currentPageSize': 1}}
2020-10-21 09:16:53,466 - root - INFO : 提取变量: [ adNo: 634e6b237aab4e378d18b1d8503fd995 ]
2020-10-21 09:16:53,466 - root - INFO : 提取变量: [ websiteCode: 1318722890968211457 ]
2020-10-21 09:16:53,466 - root - INFO : 提取变量: [ websiteLinkId: 8504 ]
2020-10-21 09:16:53,466 - root - INFO : 提取变量: [ url: https://mz-fat.tanzhouedu.com?s=ecf5605722a339ca ]
2020-10-21 09:16:53,467 - root - INFO : 校验类型: [-status], 结果: [Passed], 预期: [0]
2020-10-21 09:16:53,467 - root - INFO : 校验类型: [-msg], 结果: [Passed], 预期: [success]
2020-10-21 09:16:53,467 - root - INFO :  = = =  = = =  = = =  = = =  = = =  = = =  = = =  = = = 分割线 = = =  = = =  = = =  = = =  = = =  = = =  = = =  = = = 
2020-10-21 09:17:07,593 - root - INFO : 当前所在Class: Website || 类描述信息: None
2020-10-21 09:17:07,689 - root - INFO : 当前所在Class: Check || 类描述信息: None
2020-10-21 09:17:07,749 - root - INFO : 当前所在Class: Website || 类描述信息: None
2020-10-21 09:17:07,797 - root - INFO : 当前所在Class: Check || 类描述信息: None
2020-10-21 09:17:07,913 - root - INFO : 正在执行Function: create_website_NotneedCaptch
2020-10-21 09:17:07,914 - root - INFO : 描述信息: 【银河/工具/落地页工具】新建落地页-空白落地页不需要验证
2020-10-21 09:17:07,914 - root - INFO : 请求地址: https://luban-api-fat.shiguangkey.com/website-edit-api/website/create_website
2020-10-21 09:17:07,914 - root - INFO : 请求方法: [- POST -]
2020-10-21 09:17:07,914 - root - INFO : 请求头部: {'content-type': 'application/json', 'token': '0x777f540712f125304cf40c98b414a9'}
2020-10-21 09:17:07,914 - root - INFO : 请求正文: {'name': '自动化落地页61282902', 'goodsId': None, 'previewUrl': 'https://fat-huawei-media.shiguangkey.com/kcolji7cllgr0ee', 'isRecommendApp': False, 'submitType': 0, 'isSmsVerify': 0, 'websiteType': 1, 'adCreateType': 2, 'websiteWechatType': 1, 'bgColor': '', 'bgImage': '', 'version': 2.13, 'compReqs': [{'compJson': '{"id":"kcolj5jz1vue0hy","type":3,"width":375,"height":115,"required":true,"value":"","title":"手机 (已加密)","placeholder":"请输入手机号码","unique":true,"validate":false,"layout":1,"phoneCodeType":0,"codeTextColor":"#FFFFFF","codeTextSize":15,"codeBgColor":"#1855FB","isAbroad":false,"y":0}', 'fileIds': [], 'scene': 1, 'type': 3}, {'compJson': '{"id":"kcolj64vjygwwbi","type":8,"width":375,"height":102,"title":"年龄","options":[{"label":"成年","isDefault":false},{"label":"未成年","isDefault":false}],"required":true,"layout":1,"optColNum":2,"y":115}', 'fileIds': [], 'scene': 1, 'type': 8}, {'compJson': '{"id":"kcolj7tqmvsgoj0","type":6,"width":339,"height":77,"text":"提交","textColor":"#FFFFFF","textSize":17,"borderColor":"#1855FB","borderWidth":2,"borderRadius":4,"bgColor":"#1855FB","position":false,"positionBtnBgColor":"#1855FB","isBuy":false,"y":217}', 'fileIds': [], 'scene': 1, 'type': 6}, {'compJson': '{"id":"kcolj7tryu2ia4b","type":20,"width":375,"img":"https://prod-qiniu-media.shiguangkey.com/FhUCXVlZjjAzQghQxr1bHT9pa3yz","height":220,"title":"提交成功","desc":"我们已收到您的反馈，感谢填写","isDownloadApp":false,"y":0}', 'fileIds': [], 'scene': 2, 'type': 20}]}
2020-10-21 09:17:08,100 - root - INFO : 响应消息: {'status': 0, 'msg': 'success', 'traceId': '2e02bff257bb453c859696e63bbad0a7', 'data': {'code': '1318722956437102593', 'id': 9085}}
2020-10-21 09:17:08,101 - root - INFO : 提取变量: [ websiteId: 9085 ]
2020-10-21 09:17:08,101 - root - INFO : 校验类型: [-status], 结果: [Passed], 预期: [0]
2020-10-21 09:17:08,101 - root - INFO : 校验类型: [-msg], 结果: [Passed], 预期: [success]
2020-10-21 09:17:08,101 - root - INFO :  = = =  = = =  = = =  = = =  = = =  = = =  = = =  = = = 分割线 = = =  = = =  = = =  = = =  = = =  = = =  = = =  = = = 
2020-10-21 09:17:08,101 - root - INFO : 正在执行Function: publish_website
2020-10-21 09:17:08,101 - root - INFO : 描述信息: 【银河/工具/落地页工具】发布落地页
2020-10-21 09:17:08,101 - root - INFO : 请求地址: https://luban-api-fat.shiguangkey.com/website-edit-api/website/publish_website
2020-10-21 09:17:08,101 - root - INFO : 请求方法: [- POST -]
2020-10-21 09:17:08,101 - root - INFO : 请求头部: {'content-type': 'application/json', 'token': '0x777f540712f125304cf40c98b414a9'}
2020-10-21 09:17:08,101 - root - INFO : 请求正文: {'websiteId': '9085'}
2020-10-21 09:17:08,263 - root - INFO : 响应消息: {'status': 0, 'msg': '落地页发布成功', 'traceId': '9ea4c179cd55473ab4e749fc97da68dc', 'data': None}
2020-10-21 09:17:08,263 - root - INFO : 校验类型: [-status], 结果: [Passed], 预期: [0]
2020-10-21 09:17:08,263 - root - INFO : 校验类型: [-msg], 结果: [Passed], 预期: [落地页发布成功]
2020-10-21 09:17:08,263 - root - INFO :  = = =  = = =  = = =  = = =  = = =  = = =  = = =  = = = 分割线 = = =  = = =  = = =  = = =  = = =  = = =  = = =  = = = 
2020-10-21 09:17:08,263 - root - INFO : 正在执行Function: association_creativity_api
2020-10-21 09:17:08,263 - root - INFO : 描述信息: 【银河/工具/落地页工具】生成链接
2020-10-21 09:17:08,263 - root - INFO : 请求地址: https://luban-api-fat.shiguangkey.com/website-edit-api/website_link/association_creativity
2020-10-21 09:17:08,263 - root - INFO : 请求方法: [- POST -]
2020-10-21 09:17:08,263 - root - INFO : 请求头部: {'content-type': 'application/json', 'token': '0x77ffb30712f1fa16cc04677878f70c'}
2020-10-21 09:17:08,263 - root - INFO : 请求正文: {'websiteId': '9085', 'title': '自动化落地页61282902', 'releaseChannel': 3, 'channel': '微信', 'channelId': 6, 'subject': 'Python', 'subjectId': 282, 'putPlanNames': ['自动化计划84591883'], 'adType': 1, 'adPlan': '自动化计划84591883', 'websiteLinkFollowReq': {'allocInstType': 1, 'gatherType': 1, 'isTest': None, 'putMode': 1, 'receiveDeptId': None, 'receiveDeptIdChain': '', 'receiveDeptName': ''}, 'accountId': 'wx359bdedd5d18907a', 'domain': 'https://mz-fat.tanzhouedu.com', 'allocInstType': 2, 'isTest': 0, 'receiveDeptId': 4572, 'receiveDeptIdChain': '1001-2001-4569-4570-4571-4572', 'receiveDeptName': 'rm一院'}
2020-10-21 09:17:08,461 - root - INFO : 响应消息: {'status': 0, 'msg': 'success', 'traceId': '60f2328d46e044468034fd5af141de10', 'data': [{'putPlanName': None, 'creativityCode': 'cf29a1f197cb402d'}]}
2020-10-21 09:17:08,461 - root - INFO : 提取变量: [ creativityCode: cf29a1f197cb402d ]
2020-10-21 09:17:08,461 - root - INFO : 校验类型: [-status], 结果: [Passed], 预期: [0]
2020-10-21 09:17:08,461 - root - INFO : 校验类型: [-msg], 结果: [Passed], 预期: [success]
2020-10-21 09:17:08,461 - root - INFO : 校验类型: [-in]  结果: [Passed]  预期: [creativityCode]
2020-10-21 09:17:08,461 - root - INFO :  = = =  = = =  = = =  = = =  = = =  = = =  = = =  = = = 分割线 = = =  = = =  = = =  = = =  = = =  = = =  = = =  = = = 
2020-10-21 09:17:08,461 - root - INFO : 正在执行Function: list_landing_page
2020-10-21 09:17:08,461 - root - INFO : 描述信息: 【银河/工具/落地页工具】落地页数据查询
2020-10-21 09:17:08,461 - root - INFO : 请求地址: https://luban-api-fat.shiguangkey.com/website-edit-api/website_link/list_creativity
2020-10-21 09:17:08,461 - root - INFO : 请求方法: [- POST -]
2020-10-21 09:17:08,461 - root - INFO : 请求头部: {'content-type': 'application/json', 'token': '0x777f540712f125304cf40c98b414a9'}
2020-10-21 09:17:08,462 - root - INFO : 请求正文: {'websiteCode': '', 'creativityCode': '', 'adNo': '', 'isTest': '', 'channelCode': '', 'subjectId': '', 'putMode': '', 'websiteName': '自动化落地页61282902', 'submitStartTime': '2020-10-21 00:00:00', 'submitEndTime': '2020-10-21 23:59:59', 'pageNo': 1, 'pageSize': 10, 'websiteType': 1}
2020-10-21 09:17:09,074 - root - INFO : 响应消息: {'status': 0, 'msg': 'success', 'traceId': '630a98d9f2a34d2a923a7f357daf55d7', 'data': {'totalPage': 1, 'rows': [{'websiteLinkId': 8505, 'websiteName': '自动化落地页61282902', 'previewUrl': 'https://fat-huawei-media.shiguangkey.com/kcolji7cllgr0ee', 'adNo': '', 'creativityId': 0, 'putPlanName': '自动化计划84591883', 'websiteCode': '1318722956437102593', 'websiteId': 9085, 'promoter': '日常的阿魏', 'publishTime': '2020-10-21 09:17:09', 'updatedAt': 1603243028000, 'channel': '微信', 'subject': 'Python', 'putMode': 1, 'creativityCode': 'cf29a1f197cb402d', 'creativityStat': {'creativityCode': 'cf29a1f197cb402d', 'pageView': 0, 'uniqueVisitor': 0, 'conversionRate': 0, 'orderNum': 0, 'formSubmitNum': 0, 'clickNum': 0, 'adultNum': 0, 'minorNum': 0, 'avgLoadTime': 0, 'downloadNum': 0, 'noCustomerGrown': None, 'noCustomerChild': None, 'cpc': None, 'noLeaningRepeatGrown': None, 'noLeaningRepeatChild': None, 'noLeaning': None}, 'websiteType': 1, 'transferType': 0, 'isTest': 0, 'receiveDeptName': None, 'allocInstType': 1, 'isDisable': 0, 'releaseChannel': 3, 'url': 'https://mz-fat.tanzhouedu.com?s=cf29a1f197cb402d', 'customerNum': None, 'userId': 1716}], 'totalCount': 1, 'pageNo': 1, 'pageSize': 10, 'currentPageSize': 1}}
2020-10-21 09:17:09,075 - root - INFO : 提取变量: [ adNo:  ]
2020-10-21 09:17:09,075 - root - INFO : 提取变量: [ websiteCode: 1318722956437102593 ]
2020-10-21 09:17:09,075 - root - INFO : 提取变量: [ websiteLinkId: 8505 ]
2020-10-21 09:17:09,075 - root - INFO : 提取变量: [ url: https://mz-fat.tanzhouedu.com?s=cf29a1f197cb402d ]
2020-10-21 09:17:09,075 - root - INFO : 校验类型: [-status], 结果: [Passed], 预期: [0]
2020-10-21 09:17:09,076 - root - INFO : 校验类型: [-msg], 结果: [Passed], 预期: [success]
2020-10-21 09:17:09,076 - root - INFO :  = = =  = = =  = = =  = = =  = = =  = = =  = = =  = = = 分割线 = = =  = = =  = = =  = = =  = = =  = = =  = = =  = = = 
2020-10-21 09:17:19,906 - root - INFO : 当前所在Class: Website || 类描述信息: None
2020-10-21 09:17:20,002 - root - INFO : 当前所在Class: Check || 类描述信息: None
