2020-09-26 17:52:00,779 - root - INFO : 描述信息: 【潭州平台】获取登录用户 token
2020-09-26 17:52:00,779 - root - INFO : 请求地址: https://open-fat.shiguangkey.com/api/udb/workwechat/auth/login
2020-09-26 17:52:00,779 - root - INFO : 请求方法: [- POST -]
2020-09-26 17:52:00,779 - root - INFO : 请求头部: {'content-type': 'application/x-www-form-urlencoded', 'terminaltype': '4', 'user-agent': 'Mozilla/5.0 (Windows NT 10.0; Win64; x64) AppleWebKit/537.36 (KHTML, like Gecko) Chrome/80.0.3987.106 Safari/537.36', 'Connection': 'close', 'keep-alive': 'False'}
2020-09-26 17:52:00,780 - root - INFO : 请求正文: {'account': 't0384223793', 'password': '4QrcOUm6Wau+VuBX8g+IPg'}
2020-09-26 17:52:00,941 - root - INFO : 响应消息: {'traceId': '4193dcb5b550468f8de3ec93b0d34c19', 'status': '0', 'msg': 'success', 'data': {'user': {'uid': 19862099, 'mobile': '', 'account': '', 'nickname': '日常的阿魏', 'headImg': 'https://res.shiguangkey.com/res/images/default.png', 'openId': '', 'newRegister': False, 'needBindPhone': False, 'showAccountList': False}, 'token': '0x77f08c0712f1253779847c3a36a96b'}}
2020-09-26 17:52:00,942 - root - INFO : 提取变量: [ pttoken: 0x77f08c0712f1253779847c3a36a96b ]
2020-09-26 17:52:00,942 - root - INFO : 校验类型: [-status], 结果: [Passed], 预期: [0]
2020-09-26 17:52:00,942 - root - INFO : 校验类型: [-msg], 结果: [Passed], 预期: [success]
2020-09-26 17:52:00,942 - root - INFO :  = = =  = = =  = = =  = = =  = = =  = = =  = = =  = = = 分割线 = = =  = = =  = = =  = = =  = = =  = = =  = = =  = = = 
2020-09-26 17:52:00,960 - root - INFO : 当前运行Case: test_record_cost_apply
2020-09-26 17:52:00,960 - root - INFO : 正在执行Function: test_record_cost_apply
2020-09-26 17:52:00,961 - root - INFO : 描述信息: 【潭州平台】获取登录用户 token
2020-09-26 17:52:00,961 - root - INFO : 请求地址: https://open-fat.shiguangkey.com/api/udb/workwechat/auth/login
2020-09-26 17:52:00,961 - root - INFO : 请求方法: [- POST -]
2020-09-26 17:52:00,961 - root - INFO : 请求头部: {'content-type': 'application/x-www-form-urlencoded', 'terminaltype': '4', 'user-agent': 'Mozilla/5.0 (Windows NT 10.0; Win64; x64) AppleWebKit/537.36 (KHTML, like Gecko) Chrome/80.0.3987.106 Safari/537.36', 'Connection': 'close', 'keep-alive': 'False'}
2020-09-26 17:52:00,961 - root - INFO : 请求正文: {'account': 't0385252771', 'password': '4QrcOUm6Wau+VuBX8g+IPg'}
2020-09-26 17:52:01,114 - root - INFO : 响应消息: {'traceId': '9857e557d0cd46888e88839bebfc116a', 'status': '0', 'msg': 'success', 'data': {'user': {'uid': 19861714, 'mobile': '', 'account': '', 'nickname': '精彩的鲀鱼', 'headImg': 'https://res.shiguangkey.com/res/images/default.png', 'openId': '', 'newRegister': False, 'needBindPhone': False, 'showAccountList': False}, 'token': '0x7725a10712f10d2269847258f3385b'}}
2020-09-26 17:52:01,114 - root - INFO : 提取变量: [ pttoken: 0x7725a10712f10d2269847258f3385b ]
2020-09-26 17:52:01,114 - root - INFO : 校验类型: [-status], 结果: [Passed], 预期: [0]
2020-09-26 17:52:01,114 - root - INFO : 校验类型: [-msg], 结果: [Passed], 预期: [success]
2020-09-26 17:52:01,114 - root - INFO :  = = =  = = =  = = =  = = =  = = =  = = =  = = =  = = = 分割线 = = =  = = =  = = =  = = =  = = =  = = =  = = =  = = = 
2020-09-26 17:52:01,115 - root - INFO : 正在执行Function: qry_cost_apply
2020-09-26 17:52:01,115 - root - INFO : 描述信息: 【预算-投放预算管理-申请记录】查询
2020-09-26 17:52:01,115 - root - INFO : 请求地址: https://galaxy-api-fat.shiguangkey.com/api/galaxy/costApply/pageList
2020-09-26 17:52:01,115 - root - INFO : 请求方法: [- POST -]
2020-09-26 17:52:01,115 - root - INFO : 请求头部: {'content-type': 'application/x-www-form-urlencoded', 'token': '0x7725a10712f10d2269847258f3385b', 'user-agent': 'Mozilla/5.0 (Windows NT 10.0; Win64; x64) AppleWebKit/537.36 (KHTML, like Gecko) Chrome/80.0.3987.106 Safari/537.36', 'Connection': 'close', 'keep-alive': 'False'}
2020-09-26 17:52:01,115 - root - INFO : 请求正文: {'pageIndex': 1, 'pageSize': 20, 'auditState': 3}
2020-09-26 17:52:01,364 - root - INFO : 响应消息: {'traceId': 'b0c4ab18522649b3925c158482587061', 'status': 'R1003', 'msg': '您暂无权限访问该接口', 'data': {}}
