2020-09-04 10:40:10,157 - root - INFO : 描述信息: 【潭州平台】获取登录用户 token
2020-09-04 10:40:10,157 - root - INFO : 请求地址: https://open-fat.shiguangkey.com/api/udb/workwechat/auth/login
2020-09-04 10:40:10,157 - root - INFO : 请求方法: [- POST -]
2020-09-04 10:40:10,157 - root - INFO : 请求头部: {'content-type': 'application/x-www-form-urlencoded', 'terminaltype': '4', 'user-agent': 'Mozilla/5.0 (Windows NT 10.0; Win64; x64) AppleWebKit/537.36 (KHTML, like Gecko) Chrome/80.0.3987.106 Safari/537.36', 'Connection': 'close', 'keep-alive': 'False'}
2020-09-04 10:40:10,158 - root - INFO : 请求正文: {'account': 't0384223793', 'password': '4QrcOUm6Wau+VuBX8g+IPg'}
2020-09-04 10:40:10,315 - root - INFO : 响应消息: {'traceId': 'b86bdec463824f07b289018d7f7cf15d', 'status': '0', 'msg': 'success', 'data': {'user': {'uid': 19862099, 'mobile': '', 'account': '', 'nickname': '日常的阿魏', 'headImg': 'https://res.shiguangkey.com/res/images/default.png', 'openId': '', 'newRegister': False, 'needBindPhone': False, 'showAccountList': False}, 'token': '0x7701c50712f1253db8e4649bd9f12b'}}
2020-09-04 10:40:10,316 - root - INFO : 提取变量: [ pttoken: 0x7701c50712f1253db8e4649bd9f12b ]
2020-09-04 10:40:10,316 - root - INFO : 校验类型: [-status], 结果: [Passed], 预期: [0]
2020-09-04 10:40:10,316 - root - INFO : 校验类型: [-msg], 结果: [Passed], 预期: [success]
2020-09-04 10:40:10,316 - root - INFO :  = = =  = = =  = = =  = = =  = = =  = = =  = = =  = = = 分割线 = = =  = = =  = = =  = = =  = = =  = = =  = = =  = = = 
2020-09-04 10:40:10,323 - root - INFO : 描述信息: 【潭州平台】获取登录用户 token
2020-09-04 10:40:10,323 - root - INFO : 请求地址: https://open-fat.shiguangkey.com/api/udb/workwechat/auth/login
2020-09-04 10:40:10,323 - root - INFO : 请求方法: [- POST -]
2020-09-04 10:40:10,323 - root - INFO : 请求头部: {'content-type': 'application/x-www-form-urlencoded', 'terminaltype': '4', 'user-agent': 'Mozilla/5.0 (Windows NT 10.0; Win64; x64) AppleWebKit/537.36 (KHTML, like Gecko) Chrome/80.0.3987.106 Safari/537.36', 'Connection': 'close', 'keep-alive': 'False'}
2020-09-04 10:40:10,323 - root - INFO : 请求正文: {'account': 't0385252771', 'password': '4QrcOUm6Wau+VuBX8g+IPg'}
2020-09-04 10:40:10,468 - root - INFO : 响应消息: {'traceId': '186bfe988b53475d81cbb07dc34306a4', 'status': '0', 'msg': 'success', 'data': {'user': {'uid': 19861714, 'mobile': '', 'account': '', 'nickname': '精彩的鲀鱼', 'headImg': 'https://res.shiguangkey.com/res/images/default.png', 'openId': '', 'newRegister': False, 'needBindPhone': False, 'showAccountList': False}, 'token': '0x77e4000712f10d2226f48afbd6ebac'}}
2020-09-04 10:40:10,468 - root - INFO : 提取变量: [ pttoken: 0x77e4000712f10d2226f48afbd6ebac ]
2020-09-04 10:40:10,468 - root - INFO : 校验类型: [-status], 结果: [Passed], 预期: [0]
2020-09-04 10:40:10,468 - root - INFO : 校验类型: [-msg], 结果: [Passed], 预期: [success]
2020-09-04 10:40:10,468 - root - INFO :  = = =  = = =  = = =  = = =  = = =  = = =  = = =  = = = 分割线 = = =  = = =  = = =  = = =  = = =  = = =  = = =  = = = 
2020-09-04 10:40:10,478 - root - INFO : 当前运行Case: test_chk_cost_apply
2020-09-04 10:40:10,478 - root - INFO : 正在执行Function: test_chk_cost_apply
2020-09-04 10:40:10,479 - root - INFO : 正在执行Function: add_flow_budget
2020-09-04 10:40:10,479 - root - INFO : 描述信息: 【海川/预算管理/流量预算】新增流量预算
2020-09-04 10:40:10,479 - root - INFO : 请求地址: https://ocean-fat.shiguangkey.com/api/stat/budget/traffic/add?organizationId=8009
2020-09-04 10:40:10,479 - root - INFO : 请求方法: [- POST -]
2020-09-04 10:40:10,479 - root - INFO : 请求头部: {'content-type': 'application/json', 'token': '0x77e4000712f10d2226f48afbd6ebac', 'user-agent': 'Mozilla/5.0 (Windows NT 10.0; Win64; x64) AppleWebKit/537.36 (KHTML, like Gecko) Chrome/80.0.3987.106 Safari/537.36', 'Connection': 'close', 'keep-alive': 'False'}
2020-09-04 10:40:10,479 - root - INFO : 请求正文: {'id': '', 'costMonth': '2020-10-01', 'weekNum': 1, 'weekRange': '1-4', 'promotionerDeptId': 8009, 'subjectId': '531', 'putMode': 1, 'gatherType': 1, 'flowCost': '0.00', 'avgCardNum': 1, 'monthEntryNum': 1, 'monthUnCorrectNum': 1, 'monthCorrectNum': 1, 'visitorNum': 3, 'workDay': 1, 'stageCardNum': 3, 'flowExpenditure': 0, 'customerPrice': 1, 'conversionRate': 1, 'signUpNum': 3, 'performance': 3, 'roi': 0, 'applyRemark': '', 'subjectName': 'PLC', 'receiveDeptId': '', 'receiveDeptName': '', 'promotionerDeptName': '', 'subjectIdChain': '261-505-531', 'organizationId': 8009}
2020-09-04 10:40:10,737 - root - INFO : 响应消息: {'data': None, 'msg': None, 'platform': None, 'res': 100, 'traceId': '6daa8fb88fb7fb34'}
2020-09-04 10:40:10,737 - root - INFO : 校验类型: [-res], 结果: [Passed], 预期: [100]
2020-09-04 10:40:10,737 - root - INFO : 校验类型: [-msg], 结果: [Passed], 预期: [None]
2020-09-04 10:40:10,737 - root - INFO :  = = =  = = =  = = =  = = =  = = =  = = =  = = =  = = = 分割线 = = =  = = =  = = =  = = =  = = =  = = =  = = =  = = = 
2020-09-04 10:40:10,737 - root - INFO : 正在执行Function: qry_flow_budget
2020-09-04 10:40:10,737 - root - INFO : 描述信息: 【海川/预算管理/流量预算】查询流量预算
2020-09-04 10:40:10,737 - root - INFO : 请求地址: https://ocean-fat.shiguangkey.com/api/stat/budget/traffic/pageList?organizationId=8009
2020-09-04 10:40:10,737 - root - INFO : 请求方法: [- POST -]
2020-09-04 10:40:10,737 - root - INFO : 请求头部: {'content-type': 'application/json', 'token': '0x77e4000712f10d2226f48afbd6ebac', 'user-agent': 'Mozilla/5.0 (Windows NT 10.0; Win64; x64) AppleWebKit/537.36 (KHTML, like Gecko) Chrome/80.0.3987.106 Safari/537.36', 'Connection': 'close', 'keep-alive': 'False'}
2020-09-04 10:40:10,737 - root - INFO : 请求正文: {'pageNow': 1, 'pageSize': 20, 'auditState': 1, 'organizationId': [8009], 'deptId': 8009}
2020-09-04 10:40:10,919 - root - INFO : 响应消息: {'data': {'extraData': None, 'list': [{'apply': '精彩的鲀鱼', 'applyRemark': '', 'applyTime': 1599187208000, 'applyUid': 19861714, 'auditState': 1, 'avgCardNum': 1, 'conversionRate': 1.0, 'costMonth': 1601481600000, 'createTime': 1599187208000, 'creatorDeptId': 8009, 'creatorDeptIdChain': '1001', 'creatorId': 19861714, 'creatorName': '精彩的鲀鱼', 'customerPrice': 1.0, 'flowCost': 0.0, 'flowExpenditure': 0.0, 'gatherType': 1, 'id': 42, 'modifierId': 19861714, 'modifierName': '丁聪4', 'modifyTime': 1599187208000, 'monthCorrectNum': 1, 'monthEntryNum': 1, 'monthUnCorrectNum': 1, 'performance': 3.0, 'promotionerDeptId': 8009, 'promotionerDeptIdChain': '1001-8006-8007-8008-8009', 'promotionerDeptName': '潭州教育>自动化测试分公司--勿动>自动化测试群--勿动>自动化测试事业部>自动化测试院', 'putMode': 1, 'receiveDeptId': 8009, 'receiveDeptIdChain': '1001-8006-8007-8008-8009', 'receiveDeptName': '潭州教育>自动化测试分公司--勿动>自动化测试群--勿动>自动化测试事业部>自动化测试院', 'roi': 0.0, 'signUpNum': 3, 'stageCardNum': 3, 'subjectId': 531, 'subjectIdChain': '261-505-531', 'subjectName': 'PLC', 'visitorNum': 3, 'weekNum': 1, 'weekRange': '1-4', 'workDay': 1}], 'pageNum': 1, 'pageSize': 20, 'pages': 1, 'sEcho': None, 'size': 1, 'total': 1}, 'msg': None, 'platform': None, 'res': 100, 'traceId': 'f884268d59826719'}
2020-09-04 10:40:10,919 - root - INFO : 提取变量: [ flow_budget_id: 42 ]
2020-09-04 10:40:10,919 - root - INFO : 校验类型: [-res], 结果: [Passed], 预期: [100]
2020-09-04 10:40:10,919 - root - INFO : 校验类型: [-msg], 结果: [Passed], 预期: [None]
2020-09-04 10:40:10,920 - root - INFO :  = = =  = = =  = = =  = = =  = = =  = = =  = = =  = = = 分割线 = = =  = = =  = = =  = = =  = = =  = = =  = = =  = = = 
2020-09-04 10:40:10,920 - root - INFO : 正在执行Function: chk_flow_budget
2020-09-04 10:40:10,920 - root - INFO : 描述信息: 【海川/预算管理/流量预算】审核流量预算
2020-09-04 10:40:10,920 - root - INFO : 请求地址: https://ocean-fat.shiguangkey.com/api/stat/budget/traffic/audit
2020-09-04 10:40:10,920 - root - INFO : 请求方法: [- GET -]
2020-09-04 10:40:10,920 - root - INFO : 请求头部: {'token': '0x77e4000712f10d2226f48afbd6ebac', 'user-agent': 'Mozilla/5.0 (Windows NT 10.0; Win64; x64) AppleWebKit/537.36 (KHTML, like Gecko) Chrome/80.0.3987.106 Safari/537.36', 'Connection': 'close', 'keep-alive': 'False'}
2020-09-04 10:40:10,920 - root - INFO : 请求正文: {'id': '42', 'auditFlag': 1, 'organizationId': 8009}
2020-09-04 10:40:11,076 - root - INFO : 响应消息: {'data': None, 'msg': None, 'platform': None, 'res': 100, 'traceId': 'da57f337f8e194bb'}
2020-09-04 10:40:11,076 - root - INFO : 校验类型: [-res], 结果: [Passed], 预期: [100]
2020-09-04 10:40:11,076 - root - INFO :  = = =  = = =  = = =  = = =  = = =  = = =  = = =  = = = 分割线 = = =  = = =  = = =  = = =  = = =  = = =  = = =  = = = 
2020-09-04 10:40:11,077 - root - INFO : 描述信息: 【潭州平台】获取登录用户 token
2020-09-04 10:40:11,077 - root - INFO : 请求地址: https://open-fat.shiguangkey.com/api/udb/workwechat/auth/login
2020-09-04 10:40:11,077 - root - INFO : 请求方法: [- POST -]
2020-09-04 10:40:11,077 - root - INFO : 请求头部: {'content-type': 'application/x-www-form-urlencoded', 'terminaltype': '4', 'user-agent': 'Mozilla/5.0 (Windows NT 10.0; Win64; x64) AppleWebKit/537.36 (KHTML, like Gecko) Chrome/80.0.3987.106 Safari/537.36', 'Connection': 'close', 'keep-alive': 'False'}
2020-09-04 10:40:11,077 - root - INFO : 请求正文: {'account': 't0384223793', 'password': '4QrcOUm6Wau+VuBX8g+IPg'}
2020-09-04 10:40:11,218 - root - INFO : 响应消息: {'traceId': '861328fc04614e7495e873e762a000fc', 'status': '0', 'msg': 'success', 'data': {'user': {'uid': 19862099, 'mobile': '', 'account': '', 'nickname': '日常的阿魏', 'headImg': 'https://res.shiguangkey.com/res/images/default.png', 'openId': '', 'newRegister': False, 'needBindPhone': False, 'showAccountList': False}, 'token': '0x77877c0712f1253374045e39e00832'}}
2020-09-04 10:40:11,218 - root - INFO : 提取变量: [ pttoken: 0x77877c0712f1253374045e39e00832 ]
2020-09-04 10:40:11,218 - root - INFO : 校验类型: [-status], 结果: [Passed], 预期: [0]
2020-09-04 10:40:11,218 - root - INFO : 校验类型: [-msg], 结果: [Passed], 预期: [success]
2020-09-04 10:40:11,218 - root - INFO :  = = =  = = =  = = =  = = =  = = =  = = =  = = =  = = = 分割线 = = =  = = =  = = =  = = =  = = =  = = =  = = =  = = = 
2020-09-04 10:40:11,219 - root - INFO : 正在执行Function: chk_cost_apply
2020-09-04 10:40:11,219 - root - INFO : 描述信息: 【预算-投放预算管理-申请记录】审核通过
2020-09-04 10:40:11,219 - root - INFO : 请求地址: https://galaxy-api-fat.shiguangkey.com/api/galaxy/costApply/audit
2020-09-04 10:40:11,219 - root - INFO : 请求方法: [- POST -]
2020-09-04 10:40:11,219 - root - INFO : 请求头部: {'content-type': 'application/x-www-form-urlencoded', 'token': '0x77877c0712f1253374045e39e00832', 'x-dept-id-chain': '1001-8006-8007-8008-8009', 'user-agent': 'Mozilla/5.0 (Windows NT 10.0; Win64; x64) AppleWebKit/537.36 (KHTML, like Gecko) Chrome/80.0.3987.106 Safari/537.36', 'Connection': 'close', 'keep-alive': 'False'}
2020-09-04 10:40:11,219 - root - INFO : 请求正文: {'ids': '42', 'auditState': 1}
2020-09-04 10:40:11,583 - root - INFO : 响应消息: {'traceId': 'bc0fd185f3c4441fa39b9608252c9a15', 'status': '0', 'msg': 'success', 'data': {}}
2020-09-04 10:40:11,583 - root - INFO : 校验类型: [-status], 结果: [Passed], 预期: [0]
2020-09-04 10:40:11,584 - root - INFO : 校验类型: [-msg], 结果: [Passed], 预期: [success]
2020-09-04 10:40:11,584 - root - INFO :  = = =  = = =  = = =  = = =  = = =  = = =  = = =  = = = 分割线 = = =  = = =  = = =  = = =  = = =  = = =  = = =  = = = 
