2020-09-03 11:20:08,019 - root - INFO : 描述信息: 【潭州平台】获取登录用户 token
2020-09-03 11:20:08,019 - root - INFO : 请求地址: https://open-fat.shiguangkey.com/api/udb/workwechat/auth/login
2020-09-03 11:20:08,019 - root - INFO : 请求方法: [- POST -]
2020-09-03 11:20:08,019 - root - INFO : 请求头部: {'content-type': 'application/x-www-form-urlencoded', 'terminaltype': '4', 'user-agent': 'Mozilla/5.0 (Windows NT 10.0; Win64; x64) AppleWebKit/537.36 (KHTML, like Gecko) Chrome/80.0.3987.106 Safari/537.36', 'Connection': 'close', 'keep-alive': 'False'}
2020-09-03 11:20:08,038 - root - INFO : 请求正文: {'account': 't0384223793', 'password': '4QrcOUm6Wau+VuBX8g+IPg'}
2020-09-03 11:20:08,180 - root - INFO : 响应消息: {'traceId': '923da3d3e00a4f8e91e8c96ffeadc5ca', 'status': '0', 'msg': 'success', 'data': {'user': {'uid': 19862099, 'mobile': '', 'account': '', 'nickname': '日常的阿魏', 'headImg': 'https://res.shiguangkey.com/res/images/default.png', 'openId': '', 'newRegister': False, 'needBindPhone': False, 'showAccountList': False}, 'token': '0x772e920712f1253ab03458b9f4ec49'}}
2020-09-03 11:20:08,180 - root - INFO : 提取变量: [ pttoken: 0x772e920712f1253ab03458b9f4ec49 ]
2020-09-03 11:20:08,181 - root - INFO : 校验类型: [-status], 结果: [Passed], 预期: [0]
2020-09-03 11:20:08,181 - root - INFO : 校验类型: [-msg], 结果: [Passed], 预期: [success]
2020-09-03 11:20:08,181 - root - INFO :  = = =  = = =  = = =  = = =  = = =  = = =  = = =  = = = 分割线 = = =  = = =  = = =  = = =  = = =  = = =  = = =  = = = 
2020-09-03 11:20:08,195 - root - INFO : 当前运行Case: test_add_flow_cost_mgt_mobile
2020-09-03 11:20:08,195 - root - INFO : 正在执行Function: test_add_flow_cost_mgt_mobile
2020-09-03 11:20:08,196 - root - INFO : 正在执行Function: flow_cost_mgt_save
2020-09-03 11:20:08,196 - root - INFO : 描述信息: 【预算/流量成本管理/新增流量成本】手机流量成本-普通投放模式
2020-09-03 11:20:08,196 - root - INFO : 请求地址: https://galaxy-api-fat.shiguangkey.com/api/galaxy/flow/cost/manage/save
2020-09-03 11:20:08,196 - root - INFO : 请求方法: [- POST -]
2020-09-03 11:20:08,196 - root - INFO : 请求头部: {'content-type': 'application/x-www-form-urlencoded', 'token': '0x772e920712f1253ab03458b9f4ec49', 'x-dept-id-chain': '1001-8006-8007-8008-8009', 'user-agent': 'Mozilla/5.0 (Windows NT 10.0; Win64; x64) AppleWebKit/537.36 (KHTML, like Gecko) Chrome/80.0.3987.106 Safari/537.36', 'Connection': 'close', 'keep-alive': 'False'}
2020-09-03 11:20:08,196 - root - INFO : 请求正文: {'costMonth': 1598889600000, 'promotionerDeptIdChain': '1001-8006-8007-8008-8009', 'subjectId': '405', 'channelId': 4, 'gatherType': 1, 'putMode': 1, 'lastMonthLaunchNumber': 10000, 'lastMonthCashConsume': 1000, 'lastMonthSupplyTotal': 10000, 'lastMonthCost': 100, 'lastMonthDayAverageSupply': 1600, 'sameMonthDayAverageSupply': 10000, 'sameMonthDayAverageIncrement': 100, 'sameMonthCost': 1000, 'sameMonthDayConsume': 100, 'sameMonthSupply': 10000, 'sameMonthCashConsume': 1000, 'promotionerDeptName': '潭州教育>自动化测试分公司--勿动>自动化测试群--勿动>自动化测试事业部>自动化测试院', 'subjectName': '期货', 'channelName': '知乎'}
2020-09-03 11:20:08,441 - root - INFO : 响应消息: {'traceId': 'b146a82c9e1044a580cb7128812dc7aa', 'status': '0', 'msg': 'success', 'data': {}}
2020-09-03 11:20:08,441 - root - INFO : 校验类型: [-status], 结果: [Passed], 预期: [0]
2020-09-03 11:20:08,441 - root - INFO : 校验类型: [-msg], 结果: [Passed], 预期: [success]
2020-09-03 11:20:08,442 - root - INFO :  = = =  = = =  = = =  = = =  = = =  = = =  = = =  = = = 分割线 = = =  = = =  = = =  = = =  = = =  = = =  = = =  = = = 
2020-09-03 11:20:08,453 - root - INFO : 当前运行Case: test_add_flow_cost_mgt_wx
2020-09-03 11:20:08,454 - root - INFO : 正在执行Function: test_add_flow_cost_mgt_wx
2020-09-03 11:20:08,454 - root - INFO : 正在执行Function: flow_cost_mgt_save
2020-09-03 11:20:08,454 - root - INFO : 描述信息: 【预算/流量成本管理/新增流量成本】手机流量成本-普通投放模式
2020-09-03 11:20:08,454 - root - INFO : 请求地址: https://galaxy-api-fat.shiguangkey.com/api/galaxy/flow/cost/manage/save
2020-09-03 11:20:08,454 - root - INFO : 请求方法: [- POST -]
2020-09-03 11:20:08,454 - root - INFO : 请求头部: {'content-type': 'application/x-www-form-urlencoded', 'token': '0x772e920712f1253ab03458b9f4ec49', 'x-dept-id-chain': '1001-8006-8007-8008-8009', 'user-agent': 'Mozilla/5.0 (Windows NT 10.0; Win64; x64) AppleWebKit/537.36 (KHTML, like Gecko) Chrome/80.0.3987.106 Safari/537.36', 'Connection': 'close', 'keep-alive': 'False'}
2020-09-03 11:20:08,454 - root - INFO : 请求正文: {'costMonth': 1598889600000, 'promotionerDeptIdChain': '1001-8006-8007-8008-8009', 'subjectId': '405', 'channelId': 4, 'gatherType': 3, 'putMode': 1, 'lastMonthLaunchNumber': 10000, 'lastMonthCashConsume': 1000, 'lastMonthSupplyTotal': 10000, 'lastMonthCost': 100, 'lastMonthDayAverageSupply': 1600, 'sameMonthDayAverageSupply': 10000, 'sameMonthDayAverageIncrement': 100, 'sameMonthCost': 1000, 'sameMonthDayConsume': 100, 'sameMonthSupply': 10000, 'sameMonthCashConsume': 1000, 'promotionerDeptName': '潭州教育>自动化测试分公司--勿动>自动化测试群--勿动>自动化测试事业部>自动化测试院', 'subjectName': '期货', 'channelName': '知乎'}
2020-09-03 11:20:08,645 - root - INFO : 响应消息: {'traceId': '537090e48a4c4d889401c0f74770c861', 'status': '0', 'msg': 'success', 'data': {}}
2020-09-03 11:20:08,645 - root - INFO : 校验类型: [-status], 结果: [Passed], 预期: [0]
2020-09-03 11:20:08,645 - root - INFO : 校验类型: [-msg], 结果: [Passed], 预期: [success]
2020-09-03 11:20:08,645 - root - INFO :  = = =  = = =  = = =  = = =  = = =  = = =  = = =  = = = 分割线 = = =  = = =  = = =  = = =  = = =  = = =  = = =  = = = 
2020-09-03 11:20:08,666 - root - INFO : 当前运行Case: test_add_flow_cost_mgt_qq
2020-09-03 11:20:08,666 - root - INFO : 正在执行Function: test_add_flow_cost_mgt_qq
2020-09-03 11:20:08,666 - root - INFO : 正在执行Function: flow_cost_mgt_save
2020-09-03 11:20:08,666 - root - INFO : 描述信息: 【预算/流量成本管理/新增流量成本】手机流量成本-普通投放模式
2020-09-03 11:20:08,666 - root - INFO : 请求地址: https://galaxy-api-fat.shiguangkey.com/api/galaxy/flow/cost/manage/save
2020-09-03 11:20:08,666 - root - INFO : 请求方法: [- POST -]
2020-09-03 11:20:08,666 - root - INFO : 请求头部: {'content-type': 'application/x-www-form-urlencoded', 'token': '0x772e920712f1253ab03458b9f4ec49', 'x-dept-id-chain': '1001-8006-8007-8008-8009', 'user-agent': 'Mozilla/5.0 (Windows NT 10.0; Win64; x64) AppleWebKit/537.36 (KHTML, like Gecko) Chrome/80.0.3987.106 Safari/537.36', 'Connection': 'close', 'keep-alive': 'False'}
2020-09-03 11:20:08,666 - root - INFO : 请求正文: {'costMonth': 1598889600000, 'promotionerDeptIdChain': '1001-8006-8007-8008-8009', 'subjectId': '405', 'channelId': 4, 'gatherType': 2, 'putMode': 1, 'lastMonthLaunchNumber': 10000, 'lastMonthCashConsume': 1000, 'lastMonthSupplyTotal': 10000, 'lastMonthCost': 100, 'lastMonthDayAverageSupply': 1600, 'sameMonthDayAverageSupply': 10000, 'sameMonthDayAverageIncrement': 100, 'sameMonthCost': 1000, 'sameMonthDayConsume': 100, 'sameMonthSupply': 10000, 'sameMonthCashConsume': 1000, 'promotionerDeptName': '潭州教育>自动化测试分公司--勿动>自动化测试群--勿动>自动化测试事业部>自动化测试院', 'subjectName': '期货', 'channelName': '知乎'}
2020-09-03 11:20:08,862 - root - INFO : 响应消息: {'traceId': '25c429f7fe754050b2329dc137808fa0', 'status': '0', 'msg': 'success', 'data': {}}
2020-09-03 11:20:08,863 - root - INFO : 校验类型: [-status], 结果: [Passed], 预期: [0]
2020-09-03 11:20:08,863 - root - INFO : 校验类型: [-msg], 结果: [Passed], 预期: [success]
2020-09-03 11:20:08,863 - root - INFO :  = = =  = = =  = = =  = = =  = = =  = = =  = = =  = = = 分割线 = = =  = = =  = = =  = = =  = = =  = = =  = = =  = = = 
2020-09-03 11:20:08,876 - root - INFO : 当前运行Case: test_update_flow_cost_mgt
2020-09-03 11:20:08,876 - root - INFO : 正在执行Function: test_update_flow_cost_mgt
2020-09-03 11:20:08,876 - root - INFO : 正在执行Function: flow_cost_mgt_save
2020-09-03 11:20:08,876 - root - INFO : 描述信息: 【预算/流量成本管理/新增流量成本】手机流量成本-普通投放模式
2020-09-03 11:20:08,876 - root - INFO : 请求地址: https://galaxy-api-fat.shiguangkey.com/api/galaxy/flow/cost/manage/save
2020-09-03 11:20:08,876 - root - INFO : 请求方法: [- POST -]
2020-09-03 11:20:08,876 - root - INFO : 请求头部: {'content-type': 'application/x-www-form-urlencoded', 'token': '0x772e920712f1253ab03458b9f4ec49', 'x-dept-id-chain': '1001-8006-8007-8008-8009', 'user-agent': 'Mozilla/5.0 (Windows NT 10.0; Win64; x64) AppleWebKit/537.36 (KHTML, like Gecko) Chrome/80.0.3987.106 Safari/537.36', 'Connection': 'close', 'keep-alive': 'False'}
2020-09-03 11:20:08,876 - root - INFO : 请求正文: {'costMonth': 1601481600000, 'promotionerDeptIdChain': '1001-8006-8007-8008-8009', 'subjectId': '492', 'channelId': 4, 'gatherType': 2, 'putMode': 1, 'lastMonthLaunchNumber': 10000, 'lastMonthCashConsume': 1000, 'lastMonthSupplyTotal': 10000, 'lastMonthCost': 100, 'lastMonthDayAverageSupply': 1600, 'sameMonthDayAverageSupply': 10000, 'sameMonthDayAverageIncrement': 100, 'sameMonthCost': 1000, 'sameMonthDayConsume': 100, 'sameMonthSupply': 10000, 'sameMonthCashConsume': 1000, 'promotionerDeptName': '潭州教育>自动化测试分公司--勿动>自动化测试群--勿动>自动化测试事业部>自动化测试院', 'subjectName': '方言', 'channelName': '知乎'}
2020-09-03 11:20:09,066 - root - INFO : 响应消息: {'traceId': '7e8c8ccb8e0a4656a328259ff5c66446', 'status': '0', 'msg': 'success', 'data': {}}
2020-09-03 11:20:09,066 - root - INFO : 校验类型: [-status], 结果: [Passed], 预期: [0]
2020-09-03 11:20:09,066 - root - INFO : 校验类型: [-msg], 结果: [Passed], 预期: [success]
2020-09-03 11:20:09,067 - root - INFO :  = = =  = = =  = = =  = = =  = = =  = = =  = = =  = = = 分割线 = = =  = = =  = = =  = = =  = = =  = = =  = = =  = = = 
2020-09-03 11:20:09,067 - root - INFO : 正在执行Function: flow_cost_mgt_page_list
2020-09-03 11:20:09,067 - root - INFO : 描述信息: 【预算/流量成本管理/查询】
2020-09-03 11:20:09,067 - root - INFO : 请求地址: https://galaxy-api-fat.shiguangkey.com/api/galaxy/flow/cost/manage/pageList
2020-09-03 11:20:09,067 - root - INFO : 请求方法: [- POST -]
2020-09-03 11:20:09,067 - root - INFO : 请求头部: {'content-type': 'application/x-www-form-urlencoded', 'token': '0x772e920712f1253ab03458b9f4ec49', 'user-agent': 'Mozilla/5.0 (Windows NT 10.0; Win64; x64) AppleWebKit/537.36 (KHTML, like Gecko) Chrome/80.0.3987.106 Safari/537.36', 'Connection': 'close', 'keep-alive': 'False'}
2020-09-03 11:20:09,067 - root - INFO : 请求正文: {'pageIndex': 1, 'pageSize': 20, 'gatherType': 2, 'startCostMonth': 1601481600000, 'endCostMonth': 1601654399999, 'channelId': 4}
2020-09-03 11:20:09,252 - root - INFO : 响应消息: {'traceId': 'ea9a8962ebcf40c89ca53c05ac776742', 'status': '0', 'msg': 'success', 'data': {'list': [{'id': 74, 'costMonth': 1601481600000, 'promotionerDeptIdChain': '1001-8006-8007-8008-8009', 'promotionerDeptName': '潭州教育>自动化测试分公司--勿动>自动化测试群--勿动>自动化测试事业部>自动化测试院', 'subjectId': 492, 'subjectName': '方言', 'channelId': 4, 'channelName': '知乎', 'gatherType': 2, 'putMode': 1, 'lastMonthLaunchNumber': 10000, 'lastMonthCashConsume': 1000.0, 'lastMonthSupplyTotal': 10000, 'lastMonthCost': 100.0, 'lastMonthDayAverageSupply': 1600, 'sameMonthDayAverageSupply': 10000, 'sameMonthDayAverageIncrement': 100, 'sameMonthCost': 1000.0, 'sameMonthDayConsume': 100.0, 'sameMonthSupply': 10000, 'sameMonthCashConsume': 1000.0, 'creatorId': 19862099, 'creatorName': '日常的阿魏', 'creatorDeptId': 8009, 'creatorDeptIdChain': '1001-8006-8007-8008-8009', 'createTime': 1599103206000, 'modifierId': '', 'modifierName': '', 'modifyTime': '', 'isDelete': 2020}, {'id': 67, 'costMonth': 1601481600000, 'promotionerDeptIdChain': '1001-8006-8007-8008-8009', 'promotionerDeptName': '潭州教育>自动化测试分公司--勿动>自动化测试群--勿动>自动化测试事业部>自动化测试院', 'subjectId': 495, 'subjectName': '形象设计', 'channelId': 4, 'channelName': '知乎', 'gatherType': 2, 'putMode': 1, 'lastMonthLaunchNumber': 10000, 'lastMonthCashConsume': 1000.0, 'lastMonthSupplyTotal': 10000, 'lastMonthCost': 100.0, 'lastMonthDayAverageSupply': 1600, 'sameMonthDayAverageSupply': 10000, 'sameMonthDayAverageIncrement': 100, 'sameMonthCost': 1000.0, 'sameMonthDayConsume': 100.0, 'sameMonthSupply': 10000, 'sameMonthCashConsume': 1000.0, 'creatorId': 19862099, 'creatorName': '日常的阿魏', 'creatorDeptId': 8009, 'creatorDeptIdChain': '1001-8006-8007-8008-8009', 'createTime': 1599102851000, 'modifierId': 19862099, 'modifierName': '日常的阿魏', 'modifyTime': '', 'isDelete': 2020}, {'id': 64, 'costMonth': 1601481600000, 'promotionerDeptIdChain': '1001-8006-8007-8008-8009', 'promotionerDeptName': '潭州教育>自动化测试分公司--勿动>自动化测试群--勿动>自动化测试事业部>自动化测试院', 'subjectId': 269, 'subjectName': '产品策划', 'channelId': 4, 'channelName': '知乎', 'gatherType': 2, 'putMode': 1, 'lastMonthLaunchNumber': 10000, 'lastMonthCashConsume': 1000.0, 'lastMonthSupplyTotal': 10000, 'lastMonthCost': 100.0, 'lastMonthDayAverageSupply': 1600, 'sameMonthDayAverageSupply': 10000, 'sameMonthDayAverageIncrement': 100, 'sameMonthCost': 1000.0, 'sameMonthDayConsume': 100.0, 'sameMonthSupply': 10000, 'sameMonthCashConsume': 1000.0, 'creatorId': 19862099, 'creatorName': '日常的阿魏', 'creatorDeptId': 8009, 'creatorDeptIdChain': '1001-8006-8007-8008-8009', 'createTime': 1599101537000, 'modifierId': 19862099, 'modifierName': '日常的阿魏', 'modifyTime': '', 'isDelete': 2020}, {'id': 56, 'costMonth': 1601481600000, 'promotionerDeptIdChain': '1001-8006-8007-8008-8009', 'promotionerDeptName': '潭州教育>自动化测试分公司--勿动>自动化测试群--勿动>自动化测试事业部>自动化测试院', 'subjectId': 272, 'subjectName': '游戏运营', 'channelId': 4, 'channelName': '知乎', 'gatherType': 2, 'putMode': 1, 'lastMonthLaunchNumber': 10000, 'lastMonthCashConsume': 1000.0, 'lastMonthSupplyTotal': 10000, 'lastMonthCost': 1000.0, 'lastMonthDayAverageSupply': 1600, 'sameMonthDayAverageSupply': 10000, 'sameMonthDayAverageIncrement': 100, 'sameMonthCost': 1000.0, 'sameMonthDayConsume': 100.0, 'sameMonthSupply': 10000, 'sameMonthCashConsume': 1000.0, 'creatorId': 19862099, 'creatorName': '日常的阿魏', 'creatorDeptId': 8009, 'creatorDeptIdChain': '1001-8006-8007-8008-8009', 'createTime': 1599096065000, 'modifierId': 19862099, 'modifierName': '日常的阿魏', 'modifyTime': '', 'isDelete': 2020}], 'totalItem': 4, 'summation': {'lastMonthLaunchNumber': 40000, 'lastMonthCashConsume': 4000.0, 'lastMonthSupplyTotal': 40000, 'lastMonthCost': 0.1, 'lastMonthDayAverageSupply': 6400, 'sameMonthDayAverageSupply': 40000, 'sameMonthDayAverageIncrement': 400, 'sameMonthCost': 0.1, 'sameMonthDayConsume': 400.0, 'sameMonthSupply': 40000, 'sameMonthCashConsume': 4000.0}}}
2020-09-03 11:20:09,256 - root - INFO : 提取变量: [ id: 74 ]
2020-09-03 11:20:09,257 - root - INFO : 提取变量: [ costMonth: 1601481600000 ]
2020-09-03 11:20:09,258 - root - INFO : 提取变量: [ subjectId: 492 ]
2020-09-03 11:20:09,258 - root - INFO : 提取变量: [ subjectName: 方言 ]
2020-09-03 11:20:09,258 - root - INFO : 校验类型: [-status], 结果: [Passed], 预期: [0]
2020-09-03 11:20:09,258 - root - INFO : 校验类型: [-msg], 结果: [Passed], 预期: [success]
2020-09-03 11:20:09,258 - root - INFO :  = = =  = = =  = = =  = = =  = = =  = = =  = = =  = = = 分割线 = = =  = = =  = = =  = = =  = = =  = = =  = = =  = = = 
2020-09-03 11:20:09,258 - root - INFO : 正在执行Function: flow_cost_mgt_update
2020-09-03 11:20:09,259 - root - INFO : 描述信息: 【预算/流量成本管理/更新流量成本】手机流量成本-普通投放模式
2020-09-03 11:20:09,259 - root - INFO : 请求地址: https://galaxy-api-fat.shiguangkey.com/api/galaxy/flow/cost/manage/update
2020-09-03 11:20:09,259 - root - INFO : 请求方法: [- POST -]
2020-09-03 11:20:09,259 - root - INFO : 请求头部: {'content-type': 'application/x-www-form-urlencoded', 'token': '0x772e920712f1253ab03458b9f4ec49', 'x-dept-id-chain': '1001-8006-8007-8008-8009', 'user-agent': 'Mozilla/5.0 (Windows NT 10.0; Win64; x64) AppleWebKit/537.36 (KHTML, like Gecko) Chrome/80.0.3987.106 Safari/537.36', 'Connection': 'close', 'keep-alive': 'False'}
2020-09-03 11:20:09,259 - root - INFO : 请求正文: {'id': '74', 'costMonth': '1601481600000', 'promotionerDeptIdChain': '1001-8006-8007-8008-8009', 'subjectId': '492', 'channelId': 4, 'gatherType': 2, 'putMode': 1, 'lastMonthLaunchNumber': 10000, 'lastMonthCashConsume': 1000, 'lastMonthSupplyTotal': 10000, 'lastMonthCost': 100, 'lastMonthDayAverageSupply': 1600, 'sameMonthDayAverageSupply': 10000, 'sameMonthDayAverageIncrement': 100, 'sameMonthCost': 1000, 'sameMonthDayConsume': 100, 'sameMonthSupply': 10000, 'sameMonthCashConsume': 1000, 'promotionerDeptName': '潭州教育>自动化测试分公司--勿动>自动化测试群--勿动>自动化测试事业部>自动化测试院', 'subjectName': '方言', 'channelName': '知乎'}
2020-09-03 11:20:09,451 - root - INFO : 响应消息: {'traceId': '5ab393bcca644023b9c861945b2b40a5', 'status': '0', 'msg': 'success', 'data': {}}
2020-09-03 11:20:09,452 - root - INFO : 校验类型: [-status], 结果: [Passed], 预期: [0]
2020-09-03 11:20:09,452 - root - INFO : 校验类型: [-msg], 结果: [Passed], 预期: [success]
2020-09-03 11:20:09,452 - root - INFO :  = = =  = = =  = = =  = = =  = = =  = = =  = = =  = = = 分割线 = = =  = = =  = = =  = = =  = = =  = = =  = = =  = = = 
2020-09-03 11:20:09,464 - root - INFO : 当前运行Case: test_update_flow_cost_mgt_gather
2020-09-03 11:20:09,464 - root - INFO : 正在执行Function: test_update_flow_cost_mgt_gather
2020-09-03 11:20:09,464 - root - INFO : 正在执行Function: flow_cost_mgt_save
2020-09-03 11:20:09,464 - root - INFO : 描述信息: 【预算/流量成本管理/新增流量成本】手机流量成本-普通投放模式
2020-09-03 11:20:09,464 - root - INFO : 请求地址: https://galaxy-api-fat.shiguangkey.com/api/galaxy/flow/cost/manage/save
2020-09-03 11:20:09,464 - root - INFO : 请求方法: [- POST -]
2020-09-03 11:20:09,464 - root - INFO : 请求头部: {'content-type': 'application/x-www-form-urlencoded', 'token': '0x772e920712f1253ab03458b9f4ec49', 'x-dept-id-chain': '1001-8006-8007-8008-8009', 'user-agent': 'Mozilla/5.0 (Windows NT 10.0; Win64; x64) AppleWebKit/537.36 (KHTML, like Gecko) Chrome/80.0.3987.106 Safari/537.36', 'Connection': 'close', 'keep-alive': 'False'}
2020-09-03 11:20:09,464 - root - INFO : 请求正文: {'costMonth': 1601481600000, 'promotionerDeptIdChain': '1001-8006-8007-8008-8009', 'subjectId': '492', 'channelId': 4, 'gatherType': 1, 'putMode': 1, 'lastMonthLaunchNumber': 10000, 'lastMonthCashConsume': 1000, 'lastMonthSupplyTotal': 10000, 'lastMonthCost': 100, 'lastMonthDayAverageSupply': 1600, 'sameMonthDayAverageSupply': 10000, 'sameMonthDayAverageIncrement': 100, 'sameMonthCost': 1000, 'sameMonthDayConsume': 100, 'sameMonthSupply': 10000, 'sameMonthCashConsume': 1000, 'promotionerDeptName': '潭州教育>自动化测试分公司--勿动>自动化测试群--勿动>自动化测试事业部>自动化测试院', 'subjectName': '方言', 'channelName': '知乎'}
2020-09-03 11:20:09,653 - root - INFO : 响应消息: {'traceId': '3a9d768da51e45fbadd86c7678d4d920', 'status': '0', 'msg': 'success', 'data': {}}
2020-09-03 11:20:09,653 - root - INFO : 校验类型: [-status], 结果: [Passed], 预期: [0]
2020-09-03 11:20:09,653 - root - INFO : 校验类型: [-msg], 结果: [Passed], 预期: [success]
2020-09-03 11:20:09,653 - root - INFO :  = = =  = = =  = = =  = = =  = = =  = = =  = = =  = = = 分割线 = = =  = = =  = = =  = = =  = = =  = = =  = = =  = = = 
2020-09-03 11:20:09,653 - root - INFO : 正在执行Function: flow_cost_mgt_page_list
2020-09-03 11:20:09,653 - root - INFO : 描述信息: 【预算/流量成本管理/查询】
2020-09-03 11:20:09,653 - root - INFO : 请求地址: https://galaxy-api-fat.shiguangkey.com/api/galaxy/flow/cost/manage/pageList
2020-09-03 11:20:09,653 - root - INFO : 请求方法: [- POST -]
2020-09-03 11:20:09,653 - root - INFO : 请求头部: {'content-type': 'application/x-www-form-urlencoded', 'token': '0x772e920712f1253ab03458b9f4ec49', 'user-agent': 'Mozilla/5.0 (Windows NT 10.0; Win64; x64) AppleWebKit/537.36 (KHTML, like Gecko) Chrome/80.0.3987.106 Safari/537.36', 'Connection': 'close', 'keep-alive': 'False'}
2020-09-03 11:20:09,653 - root - INFO : 请求正文: {'pageIndex': 1, 'pageSize': 20, 'gatherType': 1, 'startCostMonth': 1601481600000, 'endCostMonth': 1601654399999, 'channelId': 4}
2020-09-03 11:20:09,839 - root - INFO : 响应消息: {'traceId': '25ddac07d23b41819b7d6768eb3a3058', 'status': '0', 'msg': 'success', 'data': {'list': [{'id': 75, 'costMonth': 1601481600000, 'promotionerDeptIdChain': '1001-8006-8007-8008-8009', 'promotionerDeptName': '潭州教育>自动化测试分公司--勿动>自动化测试群--勿动>自动化测试事业部>自动化测试院', 'subjectId': 492, 'subjectName': '方言', 'channelId': 4, 'channelName': '知乎', 'gatherType': 1, 'putMode': 1, 'lastMonthLaunchNumber': 10000, 'lastMonthCashConsume': 1000.0, 'lastMonthSupplyTotal': 10000, 'lastMonthCost': 100.0, 'lastMonthDayAverageSupply': 1600, 'sameMonthDayAverageSupply': 10000, 'sameMonthDayAverageIncrement': 100, 'sameMonthCost': 1000.0, 'sameMonthDayConsume': 100.0, 'sameMonthSupply': 10000, 'sameMonthCashConsume': 1000.0, 'creatorId': 19862099, 'creatorName': '日常的阿魏', 'creatorDeptId': 8009, 'creatorDeptIdChain': '1001-8006-8007-8008-8009', 'createTime': 1599103207000, 'modifierId': '', 'modifierName': '', 'modifyTime': '', 'isDelete': 2020}, {'id': 66, 'costMonth': 1601481600000, 'promotionerDeptIdChain': '1001-8006-8007-8008-8009', 'promotionerDeptName': '潭州教育>自动化测试分公司--勿动>自动化测试群--勿动>自动化测试事业部>自动化测试院', 'subjectId': 495, 'subjectName': '形象设计', 'channelId': 4, 'channelName': '知乎', 'gatherType': 1, 'putMode': 1, 'lastMonthLaunchNumber': 10000, 'lastMonthCashConsume': 1000.0, 'lastMonthSupplyTotal': 10000, 'lastMonthCost': 100.0, 'lastMonthDayAverageSupply': 1600, 'sameMonthDayAverageSupply': 10000, 'sameMonthDayAverageIncrement': 100, 'sameMonthCost': 1000.0, 'sameMonthDayConsume': 100.0, 'sameMonthSupply': 10000, 'sameMonthCashConsume': 1000.0, 'creatorId': 19862099, 'creatorName': '日常的阿魏', 'creatorDeptId': 8009, 'creatorDeptIdChain': '1001-8006-8007-8008-8009', 'createTime': 1599102816000, 'modifierId': '', 'modifierName': '', 'modifyTime': '', 'isDelete': 2020}, {'id': 54, 'costMonth': 1601481600000, 'promotionerDeptIdChain': '1001-8006-8007-8008-8009', 'promotionerDeptName': '潭州教育>自动化测试分公司--勿动>自动化测试群--勿动>自动化测试事业部>自动化测试院', 'subjectId': 272, 'subjectName': '游戏运营', 'channelId': 4, 'channelName': '知乎', 'gatherType': 1, 'putMode': 1, 'lastMonthLaunchNumber': 10000, 'lastMonthCashConsume': 1000.0, 'lastMonthSupplyTotal': 10000, 'lastMonthCost': 100.0, 'lastMonthDayAverageSupply': 1600, 'sameMonthDayAverageSupply': 10000, 'sameMonthDayAverageIncrement': 100, 'sameMonthCost': 1000.0, 'sameMonthDayConsume': 100.0, 'sameMonthSupply': 10000, 'sameMonthCashConsume': 1000.0, 'creatorId': 19862099, 'creatorName': '日常的阿魏', 'creatorDeptId': 8009, 'creatorDeptIdChain': '1001-8006-8007-8008-8009', 'createTime': 1599096064000, 'modifierId': '', 'modifierName': '', 'modifyTime': '', 'isDelete': 2020}, {'id': 50, 'costMonth': 1601481600000, 'promotionerDeptIdChain': '1001-8006-8007-8008-8009', 'promotionerDeptName': '潭州教育>自动化测试分公司--勿动>自动化测试群--勿动>自动化测试事业部>自动化测试院', 'subjectId': 275, 'subjectName': '新媒体运营', 'channelId': 4, 'channelName': '知乎', 'gatherType': 1, 'putMode': 1, 'lastMonthLaunchNumber': 1, 'lastMonthCashConsume': 1.0, 'lastMonthSupplyTotal': 1, 'lastMonthCost': 1.0, 'lastMonthDayAverageSupply': 1, 'sameMonthDayAverageSupply': 1, 'sameMonthDayAverageIncrement': 1, 'sameMonthCost': 1.0, 'sameMonthDayConsume': 1.0, 'sameMonthSupply': 1, 'sameMonthCashConsume': 1.0, 'creatorId': 19862099, 'creatorName': '日常的阿魏', 'creatorDeptId': 8009, 'creatorDeptIdChain': '1001-8006-8007-8008-8009', 'createTime': 1599037032000, 'modifierId': '', 'modifierName': '', 'modifyTime': '', 'isDelete': 2020}], 'totalItem': 4, 'summation': {'lastMonthLaunchNumber': 30001, 'lastMonthCashConsume': 3001.0, 'lastMonthSupplyTotal': 30001, 'lastMonthCost': 0.1, 'lastMonthDayAverageSupply': 4801, 'sameMonthDayAverageSupply': 30001, 'sameMonthDayAverageIncrement': 301, 'sameMonthCost': 0.1, 'sameMonthDayConsume': 301.0, 'sameMonthSupply': 30001, 'sameMonthCashConsume': 3001.0}}}
2020-09-03 11:20:09,843 - root - INFO : 提取变量: [ id: 75 ]
2020-09-03 11:20:09,844 - root - INFO : 提取变量: [ costMonth: 1601481600000 ]
2020-09-03 11:20:09,844 - root - INFO : 提取变量: [ subjectId: 492 ]
2020-09-03 11:20:09,845 - root - INFO : 提取变量: [ subjectName: 方言 ]
2020-09-03 11:20:09,845 - root - INFO : 校验类型: [-status], 结果: [Passed], 预期: [0]
2020-09-03 11:20:09,845 - root - INFO : 校验类型: [-msg], 结果: [Passed], 预期: [success]
2020-09-03 11:20:09,845 - root - INFO :  = = =  = = =  = = =  = = =  = = =  = = =  = = =  = = = 分割线 = = =  = = =  = = =  = = =  = = =  = = =  = = =  = = = 
2020-09-03 11:20:09,845 - root - INFO : 正在执行Function: flow_cost_mgt_update
2020-09-03 11:20:09,845 - root - INFO : 描述信息: 【预算/流量成本管理/更新流量成本】手机流量成本-普通投放模式
2020-09-03 11:20:09,846 - root - INFO : 请求地址: https://galaxy-api-fat.shiguangkey.com/api/galaxy/flow/cost/manage/update
2020-09-03 11:20:09,846 - root - INFO : 请求方法: [- POST -]
2020-09-03 11:20:09,846 - root - INFO : 请求头部: {'content-type': 'application/x-www-form-urlencoded', 'token': '0x772e920712f1253ab03458b9f4ec49', 'x-dept-id-chain': '1001-8006-8007-8008-8009', 'user-agent': 'Mozilla/5.0 (Windows NT 10.0; Win64; x64) AppleWebKit/537.36 (KHTML, like Gecko) Chrome/80.0.3987.106 Safari/537.36', 'Connection': 'close', 'keep-alive': 'False'}
2020-09-03 11:20:09,846 - root - INFO : 请求正文: {'id': '75', 'costMonth': '1601481600000', 'promotionerDeptIdChain': '1001-8006-8007-8008-8009', 'subjectId': '492', 'channelId': 4, 'gatherType': 3, 'putMode': 1, 'lastMonthLaunchNumber': 10000, 'lastMonthCashConsume': 1000, 'lastMonthSupplyTotal': 10000, 'lastMonthCost': 100, 'lastMonthDayAverageSupply': 1600, 'sameMonthDayAverageSupply': 10000, 'sameMonthDayAverageIncrement': 100, 'sameMonthCost': 1000, 'sameMonthDayConsume': 100, 'sameMonthSupply': 10000, 'sameMonthCashConsume': 1000, 'promotionerDeptName': '潭州教育>自动化测试分公司--勿动>自动化测试群--勿动>自动化测试事业部>自动化测试院', 'subjectName': '方言', 'channelName': '知乎'}
2020-09-03 11:20:10,030 - root - INFO : 响应消息: {'traceId': 'd3eb6971078043d4be7b69efccd4305c', 'status': '0', 'msg': 'success', 'data': {}}
2020-09-03 11:20:10,030 - root - INFO : 校验类型: [-status], 结果: [Passed], 预期: [0]
2020-09-03 11:20:10,030 - root - INFO : 校验类型: [-msg], 结果: [Passed], 预期: [success]
2020-09-03 11:20:10,030 - root - INFO :  = = =  = = =  = = =  = = =  = = =  = = =  = = =  = = = 分割线 = = =  = = =  = = =  = = =  = = =  = = =  = = =  = = = 
