2020-10-21 18:37:19,112 - root - INFO : 描述信息: 【潭州平台】获取登录用户 token
2020-10-21 18:37:19,112 - root - INFO : 请求地址: https://open-fat.shiguangkey.com/api/udb/workwechat/auth/login
2020-10-21 18:37:19,112 - root - INFO : 请求方法: [- POST -]
2020-10-21 18:37:19,113 - root - INFO : 请求头部: {'content-type': 'application/x-www-form-urlencoded', 'terminaltype': '4'}
2020-10-21 18:37:19,113 - root - INFO : 请求正文: {'account': 't0383212689', 'password': '4QrcOUm6Wau+VuBX8g+IPg'}
2020-10-21 18:37:19,450 - root - INFO : 响应消息: {'traceId': '8f64c9c0693b473d8dd8c6cef5ce5420', 'status': '0', 'msg': 'success', 'data': {'user': {'uid': 19861712, 'mobile': '', 'account': '', 'nickname': '暖和的少女花', 'headImg': 'https://res.shiguangkey.com/res/images/default.png', 'openId': '', 'newRegister': False, 'needBindPhone': False, 'showAccountList': False}, 'token': '0x77678b0712f10d01d7b45fa8aa569a'}}
2020-10-21 18:37:19,451 - root - INFO : 提取变量: [ pttoken: 0x77678b0712f10d01d7b45fa8aa569a ]
2020-10-21 18:37:19,452 - root - INFO : 校验类型: [-status], 结果: [Passed], 预期: [0]
2020-10-21 18:37:19,452 - root - INFO : 校验类型: [-msg], 结果: [Passed], 预期: [success]
2020-10-21 18:37:19,452 - root - INFO :  = = =  = = =  = = =  = = =  = = =  = = =  = = =  = = = 分割线 = = =  = = =  = = =  = = =  = = =  = = =  = = =  = = = 
2020-10-21 18:37:32,362 - root - INFO : 当前所在Class: Website || 类描述信息: None
2020-10-21 18:37:32,473 - root - INFO : 当前所在Class: Check || 类描述信息: None
2020-10-21 18:37:32,543 - root - INFO : 当前所在Class: Check || 类描述信息: None
2020-10-21 18:37:32,575 - root - INFO : 描述信息: 查询企业微信载体信息
2020-10-21 18:37:32,575 - root - INFO : 请求地址: https://luban-api-fat.shiguangkey.com/website-edit-api/carrier/search
2020-10-21 18:37:32,575 - root - INFO : 请求方法: [- POST -]
2020-10-21 18:37:32,575 - root - INFO : 请求头部: {'content-type': 'application/json', 'token': '0x77678b0712f10d01d7b45fa8aa569a'}
2020-10-21 18:37:32,575 - root - INFO : 请求正文: {'carrierName': '别皱眉', 'type': 3}
2020-10-21 18:37:32,843 - root - INFO : 响应消息: {'status': 0, 'msg': 'success', 'traceId': '52c5e64b5c8a4161bf19a514a5760aa5', 'data': [{'id': 552, 'carrierName': '别皱眉', 'carrierNo': '别皱眉', 'qrCodeUrl': 'https://open.work.weixin.qq.com/wwopen/userQRCode?vcode=vc42c79008dbbacc02', 'wwUserId': '17444'}]}
2020-10-21 18:37:32,844 - root - INFO : 提取变量: [ vectorId: 552 ]
2020-10-21 18:37:32,844 - root - INFO : 提取变量: [ carrierNo: 别皱眉 ]
2020-10-21 18:37:32,844 - root - INFO : 提取变量: [ vector: 别皱眉 ]
2020-10-21 18:37:32,844 - root - INFO : 校验类型: [-status], 结果: [Passed], 预期: [0]
2020-10-21 18:37:32,845 - root - INFO : 校验类型: [-msg], 结果: [Passed], 预期: [success]
2020-10-21 18:37:32,845 - root - INFO :  = = =  = = =  = = =  = = =  = = =  = = =  = = =  = = = 分割线 = = =  = = =  = = =  = = =  = = =  = = =  = = =  = = = 
2020-10-21 18:37:32,845 - root - INFO : 描述信息: 【工具/落地页工具/新建落地页/手动】生成二维码，保存(工具使用)
2020-10-21 18:37:32,845 - root - INFO : 请求地址: https://luban-api-fat.shiguangkey.com/website-edit-api/website/create_website
2020-10-21 18:37:32,846 - root - INFO : 请求方法: [- POST -]
2020-10-21 18:37:32,846 - root - INFO : 请求头部: {'content-type': 'application/json', 'token': '0x77678b0712f10d01d7b45fa8aa569a'}
2020-10-21 18:37:32,846 - root - INFO : 请求正文: {'name': '自动化落地页63551846', 'goodsId': None, 'previewUrl': 'https://fat-huawei-media.shiguangkey.com/kgj83rvewqrs6j6', 'isRecommendApp': False, 'submitType': 0, 'wechatReqs': [{'imageUrl': 'https://wework.qpic.cn/wwpic/825733_CZSQHUg-SMCv0u5_1603273871/0', 'wechat': '别皱眉', 'wechatChangeTime': 50, 'creativityId': 0, 'creativityNo': '', 'limitClickNum': 100, 'isWehub': False, 'isCarrier': True, 'carrierId': '552', 'channelNumber': 630}], 'isSmsVerify': 0, 'pageMode': 1, 'websiteType': 2, 'adCreateType': 2, 'websiteWechatType': 2, 'bgColor': '', 'bgImage': '', 'version': '2.5.0', 'compReqs': [{'compJson': '{"id":"kgj7urhze978pok","type":15,"wechatList":[{"imageUrl":"https://wework.qpic.cn/wwpic/825733_CZSQHUg-SMCv0u5_1603273871/0","wechat":"别皱眉","wechatChangeTime":50,"creativityId":0,"creativityNo":"","creativityName":"","limitClickNum":100,"carrierName":"别皱眉","isWehub":false,"isCarrier":true,"channelId":"","carrierId":552,"channelNumber":630,"disabled":false,"deleted":false}],"width":375,"height":160,"backgroundType":2,"background":"","codeWidth":120,"codeLeft":50,"codeTop":50,"y":0}', 'fileIds': [], 'scene': 1, 'type': 15}]}
2020-10-21 18:37:33,048 - root - INFO : 响应消息: {'status': 0, 'msg': 'success', 'traceId': '4267ae759fa644868912e9a4940925e3', 'data': {'code': '1318863993721724929', 'id': 9116}}
2020-10-21 18:37:33,049 - root - INFO : 提取变量: [ websiteId: 9116 ]
2020-10-21 18:37:33,049 - root - INFO : 校验类型: [-status], 结果: [Passed], 预期: [0]
2020-10-21 18:37:33,049 - root - INFO : 校验类型: [-msg], 结果: [Passed], 预期: [success]
2020-10-21 18:37:33,049 - root - INFO :  = = =  = = =  = = =  = = =  = = =  = = =  = = =  = = = 分割线 = = =  = = =  = = =  = = =  = = =  = = =  = = =  = = = 
2020-10-21 18:37:33,050 - root - INFO : 描述信息: 【工具/落地页工具/新建落地页/手动】发布落地页
2020-10-21 18:37:33,050 - root - INFO : 请求地址: https://luban-api-fat.shiguangkey.com/website-edit-api/website/publish_website
2020-10-21 18:37:33,050 - root - INFO : 请求方法: [- POST -]
2020-10-21 18:37:33,050 - root - INFO : 请求头部: {'content-type': 'application/json', 'token': '0x77678b0712f10d01d7b45fa8aa569a'}
2020-10-21 18:37:33,050 - root - INFO : 请求正文: {'websiteId': '9116'}
2020-10-21 18:37:33,224 - root - INFO : 响应消息: {'status': 0, 'msg': '落地页发布成功', 'traceId': '147294f9ba344e9ca95970c601631158', 'data': None}
2020-10-21 18:37:33,224 - root - INFO : 校验类型: [-status], 结果: [Passed], 预期: [0]
2020-10-21 18:37:33,224 - root - INFO :  = = =  = = =  = = =  = = =  = = =  = = =  = = =  = = = 分割线 = = =  = = =  = = =  = = =  = = =  = = =  = = =  = = = 
2020-10-21 18:37:33,224 - root - INFO : 描述信息: 【工具/落地页工具/新建落地页/手动】生成链接
2020-10-21 18:37:33,225 - root - INFO : 请求地址: https://luban-api-fat.shiguangkey.com/website-edit-api/website_link/association_creativity
2020-10-21 18:37:33,228 - root - INFO : 请求方法: [- POST -]
2020-10-21 18:37:33,228 - root - INFO : 请求头部: {'content-type': 'application/json', 'token': '0x77678b0712f10d01d7b45fa8aa569a'}
2020-10-21 18:37:33,228 - root - INFO : 请求正文: {'websiteId': '9116', 'title': 'kuaishou', 'accountId': None, 'releaseChannel': 8, 'putPlanNames': ['自动化落地页63551846'], 'domain': 'https://mz-fat.tanzhouedu.com'}
2020-10-21 18:37:33,413 - root - INFO : 响应消息: {'status': -1, 'msg': '程序异常', 'traceId': '70a414988b354d54b3d3990a448a6693', 'data': None}
