2020-10-10 09:38:02,503 - root - INFO : ************** 当前运行环境: Fat *************
2020-10-10 09:38:02,504 - root - INFO : 描述信息: 【潭州平台】获取登录用户 token
2020-10-10 09:38:02,504 - root - INFO : 请求地址: https://open-fat.shiguangkey.com/api/udb/workwechat/auth/login
2020-10-10 09:38:02,504 - root - INFO : 请求方法: [- POST -]
2020-10-10 09:38:02,504 - root - INFO : 请求头部: {'content-type': 'application/x-www-form-urlencoded', 'terminaltype': '4'}
2020-10-10 09:38:02,504 - root - INFO : 请求正文: {'account': 't0312814888', 'password': '4QrcOUm6Wau+VuBX8g+IPg'}
2020-10-10 09:38:02,658 - root - INFO : 响应消息: {'traceId': '46bbca8ec3734d208890876cab39b044', 'status': '0', 'msg': 'success', 'data': {'user': {'uid': 19865505, 'mobile': '', 'account': '', 'nickname': '拥挤的鳐鱼', 'headImg': 'https://res.shiguangkey.com/res/images/default.png', 'openId': '', 'newRegister': False, 'needBindPhone': False, 'showAccountList': False}, 'token': '0x77fbeb0712f1fa1cd0e4937b157338'}}
2020-10-10 09:38:02,659 - root - INFO : 提取变量: [ pttoken: 0x77fbeb0712f1fa1cd0e4937b157338 ]
2020-10-10 09:38:02,659 - root - INFO : 校验类型: [-status], 结果: [Passed], 预期: [0]
2020-10-10 09:38:02,659 - root - INFO : 校验类型: [-msg], 结果: [Passed], 预期: [success]
2020-10-10 09:38:02,659 - root - INFO :  = = =  = = =  = = =  = = =  = = =  = = =  = = =  = = = 分割线 = = =  = = =  = = =  = = =  = = =  = = =  = = =  = = = 
2020-10-10 09:38:02,771 - root - INFO : 凭证获取成功并写入 /common/config.txt 配置文件中
2020-10-10 09:38:02,771 - root - INFO : 描述信息: 【潭州平台】获取登录用户 token
2020-10-10 09:38:02,771 - root - INFO : 请求地址: https://open-fat.shiguangkey.com/api/udb/workwechat/auth/login
2020-10-10 09:38:02,772 - root - INFO : 请求方法: [- POST -]
2020-10-10 09:38:02,772 - root - INFO : 请求头部: {'content-type': 'application/x-www-form-urlencoded', 'terminaltype': '4'}
2020-10-10 09:38:02,772 - root - INFO : 请求正文: {'account': 't0384223793', 'password': '4QrcOUm6Wau+VuBX8g+IPg'}
2020-10-10 09:38:02,919 - root - INFO : 响应消息: {'traceId': '21c794e1ce3e4681a12c86ccf01b3d88', 'status': '0', 'msg': 'success', 'data': {'user': {'uid': 19862099, 'mobile': '', 'account': '', 'nickname': '日常的阿魏', 'headImg': 'https://res.shiguangkey.com/res/images/default.png', 'openId': '', 'newRegister': False, 'needBindPhone': False, 'showAccountList': False}, 'token': '0x7787b20712f1253615040e3817f9a1'}}
2020-10-10 09:38:02,919 - root - INFO : 提取变量: [ pttoken: 0x7787b20712f1253615040e3817f9a1 ]
2020-10-10 09:38:02,919 - root - INFO : 校验类型: [-status], 结果: [Passed], 预期: [0]
2020-10-10 09:38:02,919 - root - INFO : 校验类型: [-msg], 结果: [Passed], 预期: [success]
2020-10-10 09:38:02,919 - root - INFO :  = = =  = = =  = = =  = = =  = = =  = = =  = = =  = = = 分割线 = = =  = = =  = = =  = = =  = = =  = = =  = = =  = = = 
2020-10-10 09:38:02,952 - root - INFO : 当前运行Case: test_chk_cost_apply_batch_pass
2020-10-10 09:38:02,953 - root - INFO : 描述信息: 【潭州平台】获取登录用户 token
2020-10-10 09:38:02,953 - root - INFO : 请求地址: https://open-fat.shiguangkey.com/api/udb/workwechat/auth/login
2020-10-10 09:38:02,953 - root - INFO : 请求方法: [- POST -]
2020-10-10 09:38:02,953 - root - INFO : 请求头部: {'content-type': 'application/x-www-form-urlencoded', 'terminaltype': '4'}
2020-10-10 09:38:02,953 - root - INFO : 请求正文: {'account': 't0385252771', 'password': '4QrcOUm6Wau+VuBX8g+IPg'}
2020-10-10 09:38:03,105 - root - INFO : 响应消息: {'traceId': '83732736c3d24323906b0165c5e9b4cc', 'status': '0', 'msg': 'success', 'data': {'user': {'uid': 19861714, 'mobile': '', 'account': '', 'nickname': '精彩的鲀鱼', 'headImg': 'https://res.shiguangkey.com/res/images/default.png', 'openId': '', 'newRegister': False, 'needBindPhone': False, 'showAccountList': False}, 'token': '0x7781eb0712f10d2535849449805470'}}
2020-10-10 09:38:03,105 - root - INFO : 提取变量: [ pttoken: 0x7781eb0712f10d2535849449805470 ]
2020-10-10 09:38:03,105 - root - INFO : 校验类型: [-status], 结果: [Passed], 预期: [0]
2020-10-10 09:38:03,105 - root - INFO : 校验类型: [-msg], 结果: [Passed], 预期: [success]
2020-10-10 09:38:03,106 - root - INFO :  = = =  = = =  = = =  = = =  = = =  = = =  = = =  = = = 分割线 = = =  = = =  = = =  = = =  = = =  = = =  = = =  = = = 
2020-10-10 09:38:03,113 - root - INFO : 正在执行Function: add_flow_budget
2020-10-10 09:38:03,113 - root - INFO : 描述信息: 【海川/预算管理/流量预算】新增流量预算
2020-10-10 09:38:03,113 - root - INFO : 请求地址: https://ocean-fat.shiguangkey.com/api/stat/budget/traffic/add?organizationId=8009
2020-10-10 09:38:03,113 - root - INFO : 请求方法: [- POST -]
2020-10-10 09:38:03,113 - root - INFO : 请求头部: {'content-type': 'application/json', 'token': '0x7781eb0712f10d2535849449805470'}
2020-10-10 09:38:03,113 - root - INFO : 请求正文: {'id': '', 'costMonth': '2020-12-01', 'weekNum': 1, 'weekRange': '1-4', 'promotionerDeptId': 8009, 'subjectId': '923', 'putMode': 2, 'gatherType': 2, 'flowCost': '0.00', 'avgCardNum': 1, 'monthEntryNum': 1, 'monthUnCorrectNum': 1, 'monthCorrectNum': 1, 'visitorNum': 3, 'workDay': 1, 'stageCardNum': 3, 'flowExpenditure': 0, 'customerPrice': 1, 'conversionRate': 1, 'signUpNum': 3, 'performance': 3, 'roi': 0, 'applyRemark': '', 'subjectName': 'NOTE++', 'receiveDeptId': '', 'receiveDeptName': '', 'promotionerDeptName': '', 'subjectIdChain': '261-505-923', 'organizationId': 8009}
2020-10-10 09:38:03,388 - root - INFO : 响应消息: {'data': None, 'msg': None, 'platform': None, 'res': 100, 'traceId': '21116e31ffd89a30'}
2020-10-10 09:38:03,388 - root - INFO : 校验类型: [-res], 结果: [Passed], 预期: [100]
2020-10-10 09:38:03,388 - root - INFO : 校验类型: [-msg], 结果: [Passed], 预期: [None]
2020-10-10 09:38:03,388 - root - INFO :  = = =  = = =  = = =  = = =  = = =  = = =  = = =  = = = 分割线 = = =  = = =  = = =  = = =  = = =  = = =  = = =  = = = 
2020-10-10 09:38:03,388 - root - INFO : 正在执行Function: add_flow_budget
2020-10-10 09:38:03,388 - root - INFO : 描述信息: 【海川/预算管理/流量预算】新增流量预算
2020-10-10 09:38:03,388 - root - INFO : 请求地址: https://ocean-fat.shiguangkey.com/api/stat/budget/traffic/add?organizationId=8009
2020-10-10 09:38:03,388 - root - INFO : 请求方法: [- POST -]
2020-10-10 09:38:03,389 - root - INFO : 请求头部: {'content-type': 'application/json', 'token': '0x77f6d50712f1fa1447d4a7d9aeb2b5'}
2020-10-10 09:38:03,389 - root - INFO : 请求正文: {'id': '', 'costMonth': '2020-12-01', 'weekNum': 1, 'weekRange': '1-4', 'promotionerDeptId': 8009, 'subjectId': '923', 'putMode': 3, 'gatherType': 2, 'flowCost': '0.00', 'avgCardNum': 1, 'monthEntryNum': 1, 'monthUnCorrectNum': 1, 'monthCorrectNum': 1, 'visitorNum': 3, 'workDay': 1, 'stageCardNum': 3, 'flowExpenditure': 0, 'customerPrice': 1, 'conversionRate': 1, 'signUpNum': 3, 'performance': 3, 'roi': 0, 'applyRemark': '', 'subjectName': 'NOTE++', 'receiveDeptId': '', 'receiveDeptName': '', 'promotionerDeptName': '', 'subjectIdChain': '261-505-923', 'organizationId': 8009}
