2020-10-21 18:51:28,019 - root - INFO : 描述信息: 【潭州平台】获取登录用户 token
2020-10-21 18:51:28,021 - root - INFO : 请求地址: https://open-fat.shiguangkey.com/api/udb/workwechat/auth/login
2020-10-21 18:51:28,021 - root - INFO : 请求方法: [- POST -]
2020-10-21 18:51:28,021 - root - INFO : 请求头部: {'content-type': 'application/x-www-form-urlencoded', 'terminaltype': '4'}
2020-10-21 18:51:28,021 - root - INFO : 请求正文: {'account': 't0383212689', 'password': '4QrcOUm6Wau+VuBX8g+IPg'}
2020-10-21 18:51:28,177 - root - INFO : 响应消息: {'traceId': 'e9dfe5e129064c7591d536dc81cd0437', 'status': '0', 'msg': 'success', 'data': {'user': {'uid': 19861712, 'mobile': '', 'account': '', 'nickname': '暖和的少女花', 'headImg': 'https://res.shiguangkey.com/res/images/default.png', 'openId': '', 'newRegister': False, 'needBindPhone': False, 'showAccountList': False}, 'token': '0x77abae0712f10d0876449ada86263c'}}
2020-10-21 18:51:28,178 - root - INFO : 提取变量: [ pttoken: 0x77abae0712f10d0876449ada86263c ]
2020-10-21 18:51:28,178 - root - INFO : 校验类型: [-status], 结果: [Passed], 预期: [0]
2020-10-21 18:51:28,179 - root - INFO : 校验类型: [-msg], 结果: [Passed], 预期: [success]
2020-10-21 18:51:28,179 - root - INFO :  = = =  = = =  = = =  = = =  = = =  = = =  = = =  = = = 分割线 = = =  = = =  = = =  = = =  = = =  = = =  = = =  = = = 
2020-10-21 18:51:43,498 - root - INFO : 当前所在Class: Website || 类描述信息: None
2020-10-21 18:51:43,610 - root - INFO : 当前所在Class: Check || 类描述信息: None
2020-10-21 18:51:43,682 - root - INFO : 当前所在Class: Check || 类描述信息: None
2020-10-21 18:51:43,711 - root - INFO : 描述信息: 查询企业微信载体信息
2020-10-21 18:51:43,711 - root - INFO : 请求地址: https://luban-api-fat.shiguangkey.com/website-edit-api/carrier/search
2020-10-21 18:51:43,711 - root - INFO : 请求方法: [- POST -]
2020-10-21 18:51:43,711 - root - INFO : 请求头部: {'content-type': 'application/json', 'token': '0x77abae0712f10d0876449ada86263c'}
2020-10-21 18:51:43,712 - root - INFO : 请求正文: {'carrierName': '别皱眉', 'type': 3}
2020-10-21 18:51:43,880 - root - INFO : 响应消息: {'status': 0, 'msg': 'success', 'traceId': '267011da319443d5ba9876cc3c6a2975', 'data': [{'id': 552, 'carrierName': '别皱眉', 'carrierNo': '别皱眉', 'qrCodeUrl': 'https://open.work.weixin.qq.com/wwopen/userQRCode?vcode=vc42c79008dbbacc02', 'wwUserId': '17444'}]}
2020-10-21 18:51:43,881 - root - INFO : 提取变量: [ vectorId: 552 ]
2020-10-21 18:51:43,881 - root - INFO : 提取变量: [ carrierNo: 别皱眉 ]
2020-10-21 18:51:43,881 - root - INFO : 提取变量: [ vector: 别皱眉 ]
2020-10-21 18:51:43,881 - root - INFO : 校验类型: [-status], 结果: [Passed], 预期: [0]
2020-10-21 18:51:43,881 - root - INFO : 校验类型: [-msg], 结果: [Passed], 预期: [success]
2020-10-21 18:51:43,882 - root - INFO :  = = =  = = =  = = =  = = =  = = =  = = =  = = =  = = = 分割线 = = =  = = =  = = =  = = =  = = =  = = =  = = =  = = = 
2020-10-21 18:51:43,944 - root - INFO : 描述信息: 【工具/落地页工具/新建落地页/手动】生成二维码，保存(工具使用)
2020-10-21 18:51:43,944 - root - INFO : 请求地址: https://luban-api-fat.shiguangkey.com/website-edit-api/website/create_website
2020-10-21 18:51:43,944 - root - INFO : 请求方法: [- POST -]
2020-10-21 18:51:43,945 - root - INFO : 请求头部: {'content-type': 'application/json', 'token': '0x77abae0712f10d0876449ada86263c'}
2020-10-21 18:51:43,945 - root - INFO : 请求正文: {'name': '自动化落地页84006332', 'goodsId': '416', 'previewUrl': 'https://fat-huawei-media.shiguangkey.com/kgj83rvewqrs6j6', 'isRecommendApp': False, 'submitType': 0, 'wechatReqs': [{'imageUrl': 'https://wework.qpic.cn/wwpic/825733_CZSQHUg-SMCv0u5_1603273871/0', 'wechat': '别皱眉', 'wechatChangeTime': 50, 'creativityId': 0, 'creativityNo': '', 'limitClickNum': 100, 'isWehub': False, 'isCarrier': True, 'carrierId': '552', 'channelNumber': 630}], 'isSmsVerify': 0, 'pageMode': 1, 'websiteType': 2, 'adCreateType': 2, 'websiteWechatType': 2, 'bgColor': '', 'bgImage': '', 'version': '2.5.0', 'compReqs': [{'compJson': '{"id":"kgj7urhze978pok","type":15,"wechatList":[{"imageUrl":"https://wework.qpic.cn/wwpic/825733_CZSQHUg-SMCv0u5_1603273871/0","wechat":"别皱眉","wechatChangeTime":50,"creativityId":0,"creativityNo":"","creativityName":"","limitClickNum":100,"carrierName":"别皱眉","isWehub":false,"isCarrier":true,"channelId":"","carrierId":552,"channelNumber":630,"disabled":false,"deleted":false}],"width":375,"height":160,"backgroundType":2,"background":"","codeWidth":120,"codeLeft":50,"codeTop":50,"y":0}', 'fileIds': [], 'scene': 1, 'type': 15}]}
2020-10-21 18:51:44,158 - root - INFO : 响应消息: {'status': 0, 'msg': 'success', 'traceId': '4e4f92d77748487d84c79fed7d478bae', 'data': {'code': '1318867563611299841', 'id': 9119}}
2020-10-21 18:51:44,158 - root - INFO : 提取变量: [ websiteId: 9119 ]
2020-10-21 18:51:44,158 - root - INFO : 校验类型: [-status], 结果: [Passed], 预期: [0]
2020-10-21 18:51:44,158 - root - INFO : 校验类型: [-msg], 结果: [Passed], 预期: [success]
2020-10-21 18:51:44,158 - root - INFO :  = = =  = = =  = = =  = = =  = = =  = = =  = = =  = = = 分割线 = = =  = = =  = = =  = = =  = = =  = = =  = = =  = = = 
2020-10-21 18:51:44,159 - root - INFO : 描述信息: 【工具/落地页工具/新建落地页/手动】发布落地页
2020-10-21 18:51:44,159 - root - INFO : 请求地址: https://luban-api-fat.shiguangkey.com/website-edit-api/website/publish_website
2020-10-21 18:51:44,159 - root - INFO : 请求方法: [- POST -]
2020-10-21 18:51:44,159 - root - INFO : 请求头部: {'content-type': 'application/json', 'token': '0x77abae0712f10d0876449ada86263c'}
2020-10-21 18:51:44,159 - root - INFO : 请求正文: {'websiteId': '9119'}
2020-10-21 18:51:44,333 - root - INFO : 响应消息: {'status': 0, 'msg': '落地页发布成功', 'traceId': '570263ade6484a64907225268f6f3064', 'data': None}
2020-10-21 18:51:44,333 - root - INFO : 校验类型: [-status], 结果: [Passed], 预期: [0]
2020-10-21 18:51:44,333 - root - INFO :  = = =  = = =  = = =  = = =  = = =  = = =  = = =  = = = 分割线 = = =  = = =  = = =  = = =  = = =  = = =  = = =  = = = 
2020-10-21 18:51:44,333 - root - INFO : 描述信息: 【工具/落地页工具/新建落地页/手动】生成链接
2020-10-21 18:51:44,334 - root - INFO : 请求地址: https://luban-api-fat.shiguangkey.com/website-edit-api/website_link/association_creativity
2020-10-21 18:51:44,334 - root - INFO : 请求方法: [- POST -]
2020-10-21 18:51:44,334 - root - INFO : 请求头部: {'content-type': 'application/json', 'token': '0x77abae0712f10d0876449ada86263c'}
2020-10-21 18:51:44,334 - root - INFO : 请求正文: {'websiteId': '9119', 'title': 'kuaishou', 'accountId': 'wx359bdedd5d18907a', 'releaseChannel': 3, 'putPlanNames': ['自动化落地页84006332'], 'domain': 'https://mz-fat.tanzhouedu.com', 'subjectId': 280, 'websiteLinkFollowReq': {'gatherType': 3, 'isTest': 0, 'receiveDeptIdChain': '', 'receiveDeptName': '', 'allocInstType': 3, 'putMode': 1}, 'channelId': 6, 'subject': 'PHP'}
2020-10-21 18:51:44,497 - root - INFO : 响应消息: {'status': 0, 'msg': 'success', 'traceId': 'b19676e8d13240a29ad9255ca7819044', 'data': [{'putPlanName': None, 'creativityCode': 'a259622a58fcd93c'}]}
2020-10-21 18:51:44,498 - root - INFO : 提取变量: [ creativityCode: a259622a58fcd93c ]
2020-10-21 18:51:44,498 - root - INFO : 校验类型: [-status], 结果: [Passed], 预期: [0]
2020-10-21 18:51:44,498 - root - INFO : 校验类型: [-msg], 结果: [Passed], 预期: [success]
2020-10-21 18:51:44,498 - root - INFO :  = = =  = = =  = = =  = = =  = = =  = = =  = = =  = = = 分割线 = = =  = = =  = = =  = = =  = = =  = = =  = = =  = = = 
2020-10-21 18:51:44,499 - root - INFO : 正在执行Function: list_landing_page
2020-10-21 18:51:44,501 - root - INFO : 描述信息: 【银河/工具/落地页工具】落地页数据查询
2020-10-21 18:51:44,501 - root - INFO : 请求地址: https://luban-api-fat.shiguangkey.com/website-edit-api/website_link/list_creativity
2020-10-21 18:51:44,501 - root - INFO : 请求方法: [- POST -]
2020-10-21 18:51:44,501 - root - INFO : 请求头部: {'content-type': 'application/json', 'token': '0x77abae0712f10d0876449ada86263c'}
2020-10-21 18:51:44,501 - root - INFO : 请求正文: {'websiteCode': '', 'creativityCode': '', 'adNo': '', 'isTest': '', 'channelCode': '', 'subjectId': '', 'putMode': '', 'websiteName': '自动化落地页84006332', 'submitStartTime': '2020-10-21 00:00:00', 'submitEndTime': '2020-10-21 23:59:59', 'pageNo': 1, 'pageSize': 10, 'websiteType': 2}
2020-10-21 18:51:45,136 - root - INFO : 响应消息: {'status': 0, 'msg': 'success', 'traceId': '08fd8130c42b45e4b1e2c9f9d0f1fd63', 'data': {'totalPage': 1, 'rows': [{'websiteLinkId': 8525, 'websiteName': '自动化落地页84006332', 'previewUrl': 'https://fat-huawei-media.shiguangkey.com/kgj83rvewqrs6j6', 'adNo': '', 'creativityId': 0, 'putPlanName': '自动化落地页84006332', 'websiteCode': '1318867563611299841', 'websiteId': 9119, 'promoter': '暖和的少女花', 'publishTime': '2020-10-21 18:51:46', 'updatedAt': 1603277505000, 'channel': None, 'subject': 'PHP', 'putMode': 1, 'creativityCode': 'a259622a58fcd93c', 'creativityStat': {'creativityCode': 'a259622a58fcd93c', 'pageView': 0, 'uniqueVisitor': 0, 'conversionRate': 0, 'orderNum': 0, 'formSubmitNum': None, 'clickNum': 0, 'adultNum': 0, 'minorNum': 0, 'avgLoadTime': 0, 'downloadNum': 0, 'noCustomerGrown': None, 'noCustomerChild': None, 'cpc': None, 'noLeaningRepeatGrown': None, 'noLeaningRepeatChild': None, 'noLeaning': None}, 'websiteType': 2, 'transferType': 1, 'isTest': 0, 'receiveDeptName': '', 'allocInstType': 3, 'isDisable': 0, 'releaseChannel': 3, 'url': 'https://mz-fat.tanzhouedu.com?s=a259622a58fcd93c', 'customerNum': None, 'userId': 637}], 'totalCount': 1, 'pageNo': 1, 'pageSize': 10, 'currentPageSize': 1}}
2020-10-21 18:51:45,137 - root - INFO : 提取变量: [ adNo:  ]
2020-10-21 18:51:45,137 - root - INFO : 提取变量: [ websiteCode: 1318867563611299841 ]
2020-10-21 18:51:45,138 - root - INFO : 提取变量: [ websiteLinkId: 8525 ]
2020-10-21 18:51:45,138 - root - INFO : 提取变量: [ url: https://mz-fat.tanzhouedu.com?s=a259622a58fcd93c ]
2020-10-21 18:51:45,138 - root - INFO : 校验类型: [-status], 结果: [Passed], 预期: [0]
2020-10-21 18:51:45,139 - root - INFO : 校验类型: [-msg], 结果: [Passed], 预期: [success]
2020-10-21 18:51:45,139 - root - INFO :  = = =  = = =  = = =  = = =  = = =  = = =  = = =  = = = 分割线 = = =  = = =  = = =  = = =  = = =  = = =  = = =  = = = 
2020-10-21 18:53:25,316 - root - INFO : 正在执行Function: program_info_save
2020-10-21 18:53:25,316 - root - INFO : 描述信息: 【银河/广告/广告计划】新增广告计划
2020-10-21 18:53:25,317 - root - INFO : 请求地址: https://galaxy-api-fat.shiguangkey.com/api/galaxy/program/info/save
2020-10-21 18:53:25,317 - root - INFO : 请求方法: [- POST -]
2020-10-21 18:53:25,317 - root - INFO : 请求头部: {'content-type': 'application/json', 'token': '0x77abae0712f10d0876449ada86263c'}
2020-10-21 18:53:25,318 - root - INFO : 请求正文: {'channelId': 6, 'name': '自动化计划90904103', 'subjectId': '280', 'subjectName': 'Python', 'isTest': 0, 'putMode': 1, 'type': 1, 'gatherType': 3, 'allocInstType': 2, 'channelName': '微信'}
2020-10-21 18:53:25,694 - root - INFO : 响应消息: {'traceId': 'e6705641033747a68cfb59dc861fbc58', 'status': '0', 'msg': 'success', 'data': {}}
2020-10-21 18:53:25,696 - root - INFO : 校验类型: [-status], 结果: [Passed], 预期: [0]
2020-10-21 18:53:25,697 - root - INFO : 校验类型: [-msg], 结果: [Passed], 预期: [success]
2020-10-21 18:53:25,698 - root - INFO :  = = =  = = =  = = =  = = =  = = =  = = =  = = =  = = = 分割线 = = =  = = =  = = =  = = =  = = =  = = =  = = =  = = = 
2020-10-21 18:53:25,698 - root - INFO : 正在执行Function: program_pageList
2020-10-21 18:53:25,698 - root - INFO : 描述信息: 【银河/广告/广告计划】查询广告计划
2020-10-21 18:53:25,698 - root - INFO : 请求地址: https://galaxy-api-fat.shiguangkey.com/api/galaxy/program/pageList
2020-10-21 18:53:25,698 - root - INFO : 请求方法: [- POST -]
2020-10-21 18:53:25,699 - root - INFO : 请求头部: {'content-type': 'application/x-www-form-urlencoded', 'token': '0x77abae0712f10d0876449ada86263c'}
2020-10-21 18:53:25,699 - root - INFO : 请求正文: {'name': '自动化计划90904103', 'isHide': 0, 'pageIndex': 1, 'pageSize': 20, 'gatherType': 3}
2020-10-21 18:53:26,123 - root - INFO : 响应消息: {'traceId': '33c6b5749f6a4b669e5b79fee934e293', 'status': '0', 'msg': 'success', 'data': {'totalItem': 1, 'list': [{'id': 14288, 'oldProgramId': None, 'no': 'W1000000398158056', 'name': '自动化计划90904103', 'type': 1, 'programName': None, 'subjectName': 'Python', 'subjectId': 280, 'channelName': '微信', 'channelId': 6, 'isImport': None, 'position': None, 'keyword': None, 'areaId': None, 'areaName': None, 'remark': None, 'isNeedCaptch': None, 'state': None, 'adMainId': None, 'channelAgencyAccountId': None, 'accountCode': None, 'adMainAccount': None, 'thirdUrl': None, 'allocInstType': 2, 'receiveDeptId': None, 'receiveDeptIdChain': None, 'isHide': 0, 'isTest': 0, 'creatorDeptId': 8009, 'creatorName': '暖和的少女花', 'createTime': 1603277606000, 'putMode': 1, 'updateState': 1}]}}
2020-10-21 18:53:26,124 - root - INFO : 提取变量: [ channelId: 6 ]
2020-10-21 18:53:26,124 - root - INFO : 提取变量: [ putMode: 1 ]
2020-10-21 18:53:26,124 - root - INFO : 提取变量: [ adName: 自动化计划90904103 ]
2020-10-21 18:53:26,124 - root - INFO : 提取变量: [ adId: 14288 ]
2020-10-21 18:53:26,125 - root - INFO : 提取变量: [ type: 1 ]
2020-10-21 18:53:26,125 - root - INFO : 提取变量: [ subjectId: 280 ]
2020-10-21 18:53:26,125 - root - INFO : 校验类型: [-status], 结果: [Passed], 预期: [0]
2020-10-21 18:53:26,125 - root - INFO : 校验类型: [-msg], 结果: [Passed], 预期: [success]
2020-10-21 18:53:26,125 - root - INFO : 校验类型: [-in]  结果: [Passed]  预期: [name]
2020-10-21 18:53:26,126 - root - INFO :  = = =  = = =  = = =  = = =  = = =  = = =  = = =  = = = 分割线 = = =  = = =  = = =  = = =  = = =  = = =  = = =  = = = 
2020-10-21 18:53:26,126 - root - INFO : 正在执行Function: creativity_save
2020-10-21 18:53:26,126 - root - INFO : 描述信息: 【银河/广告/广告计划】新建广告创意
2020-10-21 18:53:26,126 - root - INFO : 请求地址: https://galaxy-api-fat.shiguangkey.com/api/galaxy/creativity/save
2020-10-21 18:53:26,126 - root - INFO : 请求方法: [- POST -]
2020-10-21 18:53:26,126 - root - INFO : 请求头部: {'content-type': 'application/x-www-form-urlencoded', 'token': '0x77abae0712f10d0876449ada86263c'}
2020-10-21 18:53:26,127 - root - INFO : 请求正文: {'name': '自动化创意85176270', 'gatherType': 1, 'isNeedCaptch': 3, 'position': 1, 'type': '1', 'putMode': '1', 'channelId': '6', 'programId': '14288', 'programName': '自动化计划90904103'}
2020-10-21 18:53:26,423 - root - INFO : 响应消息: {'traceId': '35d79e1b1eab439fa5dc7c90216ff4b7', 'status': '999999992', 'msg': '请求参数错误。', 'data': {}}
