2020-10-27 11:09:38,298 - root - INFO : 描述信息: 【潭州平台】获取登录用户 token
2020-10-27 11:09:38,298 - root - INFO : 请求地址: https://open-fat.shiguangkey.com/api/udb/workwechat/auth/login
2020-10-27 11:09:38,298 - root - INFO : 请求方法: [- POST -]
2020-10-27 11:09:38,298 - root - INFO : 请求头部: {'content-type': 'application/x-www-form-urlencoded', 'terminaltype': '4'}
2020-10-27 11:09:38,299 - root - INFO : 请求正文: {'account': 't0383212689', 'password': '4QrcOUm6Wau+VuBX8g+IPg'}
2020-10-27 11:09:38,472 - root - INFO : 响应消息: {'traceId': 'f9180d200e0644d2ae3f17abcb901630', 'status': '0', 'msg': 'success', 'data': {'user': {'uid': 19861712, 'mobile': '', 'account': '', 'nickname': '暖和的少女花', 'headImg': 'https://res.shiguangkey.com/res/images/default.png', 'openId': '', 'newRegister': False, 'needBindPhone': False, 'showAccountList': False}, 'token': '0x7783f00712f10d09cd04d848595daf'}}
2020-10-27 11:09:38,473 - root - INFO : 提取变量: [ pttoken: 0x7783f00712f10d09cd04d848595daf ]
2020-10-27 11:09:38,473 - root - INFO : 校验类型: [-status], 结果: [Passed], 预期: [0]
2020-10-27 11:09:38,473 - root - INFO : 校验类型: [-msg], 结果: [Passed], 预期: [success]
2020-10-27 11:09:38,473 - root - INFO :  = = =  = = =  = = =  = = =  = = =  = = =  = = =  = = = 分割线 = = =  = = =  = = =  = = =  = = =  = = =  = = =  = = = 
2020-10-27 11:10:08,145 - root - INFO : 当前所在Class: Website || 类描述信息: None
2020-10-27 11:10:08,239 - root - INFO : 当前所在Class: Check || 类描述信息: None
2020-10-27 11:10:08,302 - root - INFO : 当前所在Class: Check || 类描述信息: None
2020-10-27 11:10:08,330 - root - INFO : 描述信息: 【银河/广告/广告创意】查询广告创意
2020-10-27 11:10:08,330 - root - INFO : 请求地址: https://galaxy-api-fat.shiguangkey.com/api/galaxy/creativity/pageList
2020-10-27 11:10:08,330 - root - INFO : 请求方法: [- POST -]
2020-10-27 11:10:08,330 - root - INFO : 请求头部: {'content-type': 'application/x-www-form-urlencoded', 'token': '0x7783f00712f10d09cd04d848595daf'}
2020-10-27 11:10:08,330 - root - INFO : 请求正文: {'gatherType': 1, 'id': '114321', 'isHide': 0, 'pageIndex': 1, 'pageSize': 20}
2020-10-27 11:10:08,574 - root - INFO : 响应消息: {'traceId': 'e9a8d087db9143e2b047847061144c4a', 'status': '0', 'msg': 'success', 'data': {'totalItem': 1, 'list': [{'id': 114321, 'oldCreativityId': None, 'oldProgramId': None, 'no': '0b26346c13474960b4b191a8438e5632', 'name': '自动化创意67059508', 'programName': '自动化计划35947820', 'subjectName': 'Python', 'subjectId': 282, 'channelName': '微信', 'channelId': 6, 'isImport': 0, 'position': '1', 'keyword': None, 'areaId': None, 'areaName': None, 'creatorName': '自动化专用-勿动', 'createTime': 1603761143000, 'remark': None, 'isNeedCaptch': 1, 'state': 2, 'adMainId': None, 'channelAgencyAccountId': None, 'accountCode': None, 'adMainAccount': None, 'thirdUrl': None, 'allocInstType': 3, 'receiveDeptId': 4572, 'receiveDeptIdChain': '1001-2001-4569-4570-4571-4572', 'isHide': 0, 'isTest': 0, 'creatorDeptId': 8009, 'vector': None, 'customerVectorValue': None, 'followerName': None, 'followerTanzkAccount': None, 'putMode': 3, 'receptionistId': None, 'receptionistName': None, 'receptionistTanzkAccount': None, 'receptionistDeptId': None, 'receptionistDeptIdChain': None, 'creatorDeptIdChain': '1001-8006-8007-8008-8009', 'updateState': 1, 'type': 1, 'programId': 14553, 'promotionTerminal': 1, 'vectorType': None, 'channelQrCode': None, 'channelNumber': None, 'companyWechatId': None, 'vectorId': None, 'vectorName': None}]}}
2020-10-27 11:10:08,575 - root - INFO : 提取变量: [ creativityId: 114321 ]
2020-10-27 11:10:08,577 - root - INFO : 提取变量: [ creativityName: 自动化创意67059508 ]
2020-10-27 11:10:08,577 - root - INFO : 提取变量: [ creativityNo: 0b26346c13474960b4b191a8438e5632 ]
2020-10-27 11:10:08,578 - root - INFO : 提取变量: [ adName: 自动化计划35947820 ]
2020-10-27 11:10:08,578 - root - INFO : 正在执行Function: landing_page_crt
2020-10-27 11:10:08,578 - root - INFO : 正在执行Function: create_website_n
2020-10-27 11:10:08,579 - root - INFO : 描述信息: 【银河/工具/落地页工具】新建落地页-空白落地页需要验证
2020-10-27 11:10:08,579 - root - INFO : 请求地址: https://luban-api-fat.shiguangkey.com/website-edit-api/website/create_website
2020-10-27 11:10:08,579 - root - INFO : 请求方法: [- POST -]
2020-10-27 11:10:08,579 - root - INFO : 请求头部: {'content-type': 'application/json', 'token': '0x7783f00712f10d09cd04d848595daf'}
2020-10-27 11:10:08,579 - root - INFO : 请求正文: {'name': '自动化落地页82397050', 'goodsId': None, 'previewUrl': 'https://fat-huawei-media.shiguangkey.com/kcx594r34s18uoq', 'isRecommendApp': False, 'submitType': 0, 'isSmsVerify': 1, 'websiteType': 1, 'adCreateType': 1, 'websiteWechatType': 1, 'bgColor': '', 'bgImage': '', 'version': '2.0.0', 'compReqs': [{'compJson': '{"id":"kcx58wtk471fc3t","type":3,"width":375,"height":176,"required":true,"value":"","title":"手机 (已加密)","placeholder":"请输入手机号码","unique":true,"validate":true,"layout":1,"phoneCodeType":0,"codeTextColor":"#FFFFFF","codeTextSize":15,"codeBgColor":"#1855FB","isAbroad":false,"y":0}', 'fileIds': [], 'scene': 1, 'type': 3}, {'compJson': '{"id":"kcx58xfke5x7xrm","type":8,"width":375,"height":102,"title":"年龄","options":[{"label":"成年","isDefault":false},{"label":"未成年","isDefault":false}],"required":true,"layout":1,"optColNum":2,"y":176}', 'fileIds': [], 'scene': 1, 'type': 8}, {'compJson': '{"id":"kcx5908gjvytg5v","type":6,"width":339,"height":77,"text":"提交","textColor":"#FFFFFF","textSize":17,"borderColor":"#1855FB","borderWidth":2,"borderRadius":4,"bgColor":"#1855FB","position":false,"positionBtnBgColor":"#1855FB","isBuy":false,"y":278}', 'fileIds': [], 'scene': 1, 'type': 6}, {'compJson': '{"id":"kcx5908gi0o5iva","type":20,"width":375,"img":"https://prod-qiniu-media.shiguangkey.com/FhUCXVlZjjAzQghQxr1bHT9pa3yz","height":220,"title":"提交成功","desc":"我们已收到您的反馈，感谢填写","isDownloadApp":false,"y":0}', 'fileIds': [], 'scene': 2, 'type': 20}]}
2020-10-27 11:10:08,845 - root - INFO : 响应消息: {'status': 0, 'msg': 'success', 'traceId': 'c6350ae7eaff44fbb82b6ab8c6adefbe', 'data': {'code': '1320925726242160642', 'id': 9410}}
2020-10-27 11:10:08,845 - root - INFO : 提取变量: [ websiteId: 9410 ]
2020-10-27 11:10:08,846 - root - INFO : 正在执行Function: publish_web
2020-10-27 11:10:08,846 - root - INFO : 描述信息: 【银河/工具/落地页工具】发布落地页
2020-10-27 11:10:08,846 - root - INFO : 请求地址: https://luban-api-fat.shiguangkey.com/website-edit-api/website/publish_website
2020-10-27 11:10:08,846 - root - INFO : 请求方法: [- POST -]
2020-10-27 11:10:08,846 - root - INFO : 请求头部: {'content-type': 'application/json', 'token': '0x7783f00712f10d09cd04d848595daf'}
2020-10-27 11:10:08,846 - root - INFO : 请求正文: {'websiteId': '9410'}
2020-10-27 11:10:09,043 - root - INFO : 响应消息: {'status': 0, 'msg': '落地页发布成功', 'traceId': '519dc92d7539444e894e5d5d57608d94', 'data': None}
2020-10-27 11:10:09,044 - root - INFO : 正在执行Function: association_cr
2020-10-27 11:10:09,044 - root - INFO : 描述信息: 【银河/工具/落地页工具】生成链接
2020-10-27 11:10:09,045 - root - INFO : 请求地址: https://luban-api-fat.shiguangkey.com/website-edit-api/website_link/association_creativity
2020-10-27 11:10:09,045 - root - INFO : 请求方法: [- POST -]
2020-10-27 11:10:09,045 - root - INFO : 请求头部: {'content-type': 'application/json', 'token': '0x7783f00712f10d09cd04d848595daf'}
2020-10-27 11:10:09,045 - root - INFO : 请求正文: {'websiteId': '9410', 'title': '自动化落地页82397050', 'releaseChannel': 3, 'putPlanNames': ['自动化计划35947820'], 'adType': 1, 'adPlan': '自动化计划35947820', 'channel': '微信', 'channelId': 6, 'subject': 'Python', 'subjectId': 282, 'baseReqs': [{'adCreativity': '自动化创意67059508', 'adNo': '0b26346c13474960b4b191a8438e5632', 'creativityId': '114321'}], 'accountId': 'wx359bdedd5d18907a', 'domain': 'https://mz-fat.tanzhouedu.com'}
2020-10-27 11:10:09,711 - root - INFO : 响应消息: {'status': 0, 'msg': 'success', 'traceId': '946d65b2a044415a8d39c6ad49a60ce2', 'data': [{'putPlanName': '自动化计划35947820', 'creativityCode': '4044b9343779956b'}]}
2020-10-27 11:10:09,712 - root - INFO : 提取变量: [ creativityCode: 4044b9343779956b ]
2020-10-27 11:10:09,712 - root - INFO : 正在执行Function: list_landing_page
2020-10-27 11:10:09,712 - root - INFO : 描述信息: 【银河/工具/落地页工具】落地页数据查询
2020-10-27 11:10:09,713 - root - INFO : 请求地址: https://luban-api-fat.shiguangkey.com/website-edit-api/website_link/list_creativity
2020-10-27 11:10:09,713 - root - INFO : 请求方法: [- POST -]
2020-10-27 11:10:09,713 - root - INFO : 请求头部: {'content-type': 'application/json', 'token': '0x7783f00712f10d09cd04d848595daf'}
2020-10-27 11:10:09,713 - root - INFO : 请求正文: {'websiteCode': '', 'creativityCode': '', 'adNo': '', 'isTest': '', 'channelCode': '', 'subjectId': '', 'putMode': '', 'websiteName': '自动化落地页82397050', 'submitStartTime': '2020-10-27 00:00:00', 'submitEndTime': '2020-10-27 23:59:59', 'pageNo': 1, 'pageSize': 10, 'websiteType': 1}
2020-10-27 11:10:13,224 - root - INFO : 响应消息: {'status': 0, 'msg': 'success', 'traceId': 'cdb37971a0a34fdfbf596821648a2fae', 'data': {'totalPage': 1, 'rows': [{'websiteLinkId': 8811, 'websiteName': '自动化落地页82397050', 'previewUrl': 'https://fat-huawei-media.shiguangkey.com/kcx594r34s18uoq', 'adNo': '0b26346c13474960b4b191a8438e5632', 'creativityId': 114321, 'putPlanName': '自动化计划35947820', 'websiteCode': '1320925726242160642', 'websiteId': 9410, 'promoter': '暖和的少女花', 'publishTime': '2020-10-27 11:10:10', 'updatedAt': 1603768210000, 'channel': '微信', 'subject': 'Python', 'putMode': None, 'creativityCode': '4044b9343779956b', 'creativityStat': {'creativityCode': '4044b9343779956b', 'pageView': 0, 'uniqueVisitor': 0, 'conversionRate': 0, 'orderNum': 0, 'formSubmitNum': 0, 'clickNum': 0, 'adultNum': 0, 'minorNum': 0, 'avgLoadTime': 0, 'downloadNum': 0, 'noCustomerGrown': None, 'noCustomerChild': None, 'cpc': None, 'noLeaningRepeatGrown': None, 'noLeaningRepeatChild': None, 'noLeaning': None}, 'websiteType': 1, 'transferType': 0, 'isTest': None, 'receiveDeptName': None, 'allocInstType': None, 'isDisable': 0, 'releaseChannel': 3, 'url': 'https://mz-fat.tanzhouedu.com?s=4044b9343779956b', 'customerNum': None, 'userId': 637}], 'totalCount': 1, 'pageNo': 1, 'pageSize': 10, 'currentPageSize': 1}}
2020-10-27 11:10:13,225 - root - INFO : 提取变量: [ adNo: 0b26346c13474960b4b191a8438e5632 ]
2020-10-27 11:10:13,225 - root - INFO : 提取变量: [ websiteCode: 1320925726242160642 ]
2020-10-27 11:10:13,226 - root - INFO : 提取变量: [ websiteLinkId: 8811 ]
2020-10-27 11:10:13,226 - root - INFO : 提取变量: [ url: https://mz-fat.tanzhouedu.com?s=4044b9343779956b ]
2020-10-27 11:10:13,226 - root - INFO : 校验类型: [-status], 结果: [Passed], 预期: [0]
2020-10-27 11:10:13,226 - root - INFO : 校验类型: [-msg], 结果: [Passed], 预期: [success]
2020-10-27 11:10:13,227 - root - INFO :  = = =  = = =  = = =  = = =  = = =  = = =  = = =  = = = 分割线 = = =  = = =  = = =  = = =  = = =  = = =  = = =  = = = 
