2020-10-21 09:19:02,708 - root - INFO : 描述信息: 【潭州平台】获取登录用户 token
2020-10-21 09:19:02,708 - root - INFO : 请求地址: https://open-fat.shiguangkey.com/api/udb/workwechat/auth/login
2020-10-21 09:19:02,708 - root - INFO : 请求方法: [- POST -]
2020-10-21 09:19:02,708 - root - INFO : 请求头部: {'content-type': 'application/x-www-form-urlencoded', 'terminaltype': '4'}
2020-10-21 09:19:02,708 - root - INFO : 请求正文: {'account': 't0384223793', 'password': '4QrcOUm6Wau+VuBX8g+IPg'}
2020-10-21 09:19:02,873 - root - INFO : 响应消息: {'traceId': '42f4d6cbc42342deb779788c4d2b7f3f', 'status': '0', 'msg': 'success', 'data': {'user': {'uid': 19862099, 'mobile': '', 'account': '', 'nickname': '日常的阿魏', 'headImg': 'https://res.shiguangkey.com/res/images/default.png', 'openId': '', 'newRegister': False, 'needBindPhone': False, 'showAccountList': False}, 'token': '0x77f3120712f12535a9e45c68617d13'}}
2020-10-21 09:19:02,880 - root - INFO : 提取变量: [ pttoken: 0x77f3120712f12535a9e45c68617d13 ]
2020-10-21 09:19:02,880 - root - INFO : 校验类型: [-status], 结果: [Passed], 预期: [0]
2020-10-21 09:19:02,880 - root - INFO : 校验类型: [-msg], 结果: [Passed], 预期: [success]
2020-10-21 09:19:02,880 - root - INFO :  = = =  = = =  = = =  = = =  = = =  = = =  = = =  = = = 分割线 = = =  = = =  = = =  = = =  = = =  = = =  = = =  = = = 
2020-10-21 09:19:30,105 - root - INFO : 当前所在Class: Website || 类描述信息: None
2020-10-21 09:19:30,208 - root - INFO : 当前所在Class: Check || 类描述信息: None
2020-10-21 09:19:30,270 - root - INFO : 当前所在Class: Website || 类描述信息: None
2020-10-21 09:19:30,319 - root - INFO : 当前所在Class: Check || 类描述信息: None
2020-10-21 09:19:30,439 - root - INFO : 描述信息: 【工具/落地页工具/新建落地页/API】企业微信模式-保存落地页-不带商品
2020-10-21 09:19:30,439 - root - INFO : 请求地址: https://luban-api-fat.shiguangkey.com/website-edit-api/website/create_website
2020-10-21 09:19:30,439 - root - INFO : 请求方法: [- POST -]
2020-10-21 09:19:30,439 - root - INFO : 请求头部: {'content-type': 'application/json', 'token': '0x77ffb30712f1fa16cc04677878f70c'}
2020-10-21 09:19:30,439 - root - INFO : 请求正文: {'name': '落地页-35086321', 'goodsId': None, 'previewUrl': 'https://fat-huawei-media.shiguangkey.com/kdpdvuoffsovz8v', 'isRecommendApp': False, 'submitType': 0, 'wechatReqs': [{'imageUrl': 'https://wework.qpic.cn/wwpic/457201_0Slb9AdYRvCtbWj_1601023918/0', 'wechat': 'Jones', 'wechatChangeTime': 50, 'creativityId': 0, 'creativityNo': '', 'limitClickNum': 100, 'isWehub': False, 'isCarrier': True, 'carrierId': 1143, 'channelNumber': 3253}], 'isSmsVerify': 0, 'pageMode': 1, 'websiteType': 2, 'adCreateType': 2, 'websiteWechatType': 2, 'bgColor': '', 'bgImage': '', 'version': '2.1.3', 'compReqs': [{'compJson': '{"id":"kdpdn6xgz6d6ftk","type":15,"wechatList":[{"imageUrl":"https://wework.qpic.cn/wwpic/457201_0Slb9AdYRvCtbWj_1601023918/0","wechat":"Jones","wechatChangeTime":50,"creativityId":0,"creativityNo":"","creativityName":"","limitClickNum":100,"carrierName":"Jones","isWehub":false,"isCarrier":true,"channelId":"","carrierId":870,"channelNumber":594,"disabled":false,"deleted":false}],"width":375,"height":160,"backgroundType":2,"background":"","codeWidth":120,"codeLeft":50,"codeTop":50,"y":0}', 'fileIds': [], 'scene': 1, 'type': 15}]}
2020-10-21 09:19:30,660 - root - INFO : 响应消息: {'status': 0, 'msg': 'success', 'traceId': '36ece0c985d2400c8e63f4fb87cc0da9', 'data': {'code': '1318723554360303618', 'id': 9086}}
2020-10-21 09:19:30,660 - root - INFO : 提取变量: [ websiteId: 9086 ]
2020-10-21 09:19:30,660 - root - INFO : 校验类型: [-status], 结果: [Passed], 预期: [0]
2020-10-21 09:19:30,660 - root - INFO : 校验类型: [-msg], 结果: [Passed], 预期: [success]
2020-10-21 09:19:30,660 - root - INFO :  = = =  = = =  = = =  = = =  = = =  = = =  = = =  = = = 分割线 = = =  = = =  = = =  = = =  = = =  = = =  = = =  = = = 
2020-10-21 09:19:30,660 - root - INFO : 描述信息: 【工具/落地页工具/新建落地页/手动】发布落地页
2020-10-21 09:19:30,660 - root - INFO : 请求地址: https://luban-api-fat.shiguangkey.com/website-edit-api/website/publish_website
2020-10-21 09:19:30,660 - root - INFO : 请求方法: [- POST -]
2020-10-21 09:19:30,661 - root - INFO : 请求头部: {'content-type': 'application/json', 'token': '0x77f3120712f12535a9e45c68617d13'}
2020-10-21 09:19:30,661 - root - INFO : 请求正文: {'websiteId': '9086'}
2020-10-21 09:19:30,832 - root - INFO : 响应消息: {'status': 0, 'msg': '落地页发布成功', 'traceId': '0de1de8a901b4a11b02987ccfbcd58fe', 'data': None}
2020-10-21 09:19:30,832 - root - INFO : 校验类型: [-status], 结果: [Passed], 预期: [0]
2020-10-21 09:19:30,832 - root - INFO :  = = =  = = =  = = =  = = =  = = =  = = =  = = =  = = = 分割线 = = =  = = =  = = =  = = =  = = =  = = =  = = =  = = = 
2020-10-21 09:19:30,832 - root - INFO : 描述信息: 【工具/落地页工具/新建落地页/手动】生成链接
2020-10-21 09:19:30,832 - root - INFO : 请求地址: https://luban-api-fat.shiguangkey.com/website-edit-api/website_link/association_creativity
2020-10-21 09:19:30,832 - root - INFO : 请求方法: [- POST -]
2020-10-21 09:19:30,832 - root - INFO : 请求头部: {'content-type': 'application/json', 'token': '0x77f3120712f12535a9e45c68617d13'}
2020-10-21 09:19:30,833 - root - INFO : 请求正文: {'websiteId': '9086', 'title': 'kuaishou', 'accountId': 'wx359bdedd5d18907a', 'releaseChannel': 3, 'putPlanNames': ['自动化落地页19818917'], 'domain': 'https://mz-fat.tanzhouedu.com', 'subjectId': 280, 'websiteLinkFollowReq': {'gatherType': 3, 'isTest': 0, 'receiveDeptIdChain': '', 'receiveDeptName': '', 'allocInstType': 3, 'putMode': 1}, 'channelId': 6, 'subject': 'PHP'}
2020-10-21 09:19:31,008 - root - INFO : 响应消息: {'status': 0, 'msg': 'success', 'traceId': 'd106c245d85747b68d5a5c655bd24bf2', 'data': [{'putPlanName': None, 'creativityCode': 'e9eab0a1ed1c170f'}]}
2020-10-21 09:19:31,008 - root - INFO : 提取变量: [ creativityCode: e9eab0a1ed1c170f ]
2020-10-21 09:19:31,008 - root - INFO : 校验类型: [-status], 结果: [Passed], 预期: [0]
2020-10-21 09:19:31,008 - root - INFO : 校验类型: [-msg], 结果: [Passed], 预期: [success]
2020-10-21 09:19:31,009 - root - INFO :  = = =  = = =  = = =  = = =  = = =  = = =  = = =  = = = 分割线 = = =  = = =  = = =  = = =  = = =  = = =  = = =  = = = 
