2020-09-03 11:05:27,226 - root - INFO : 描述信息: 【潭州平台】获取登录用户 token
2020-09-03 11:05:27,226 - root - INFO : 请求地址: https://open-fat.shiguangkey.com/api/udb/workwechat/auth/login
2020-09-03 11:05:27,227 - root - INFO : 请求方法: [- POST -]
2020-09-03 11:05:27,227 - root - INFO : 请求头部: {'content-type': 'application/x-www-form-urlencoded', 'terminaltype': '4', 'user-agent': 'Mozilla/5.0 (Windows NT 10.0; Win64; x64) AppleWebKit/537.36 (KHTML, like Gecko) Chrome/80.0.3987.106 Safari/537.36', 'Connection': 'close', 'keep-alive': 'False'}
2020-09-03 11:05:27,227 - root - INFO : 请求正文: {'account': 't0384223793', 'password': '4QrcOUm6Wau+VuBX8g+IPg'}
2020-09-03 11:05:27,426 - root - INFO : 响应消息: {'traceId': 'e3b93803c50e45c5a473905acb814a26', 'status': '0', 'msg': 'success', 'data': {'user': {'uid': 19862099, 'mobile': '', 'account': '', 'nickname': '日常的阿魏', 'headImg': 'https://res.shiguangkey.com/res/images/default.png', 'openId': '', 'newRegister': False, 'needBindPhone': False, 'showAccountList': False}, 'token': '0x774cd40712f1253b9d44c118efebb8'}}
2020-09-03 11:05:27,427 - root - INFO : 提取变量: [ pttoken: 0x774cd40712f1253b9d44c118efebb8 ]
2020-09-03 11:05:27,427 - root - INFO : 校验类型: [-status], 结果: [Passed], 预期: [0]
2020-09-03 11:05:27,427 - root - INFO : 校验类型: [-msg], 结果: [Passed], 预期: [success]
2020-09-03 11:05:27,427 - root - INFO :  = = =  = = =  = = =  = = =  = = =  = = =  = = =  = = = 分割线 = = =  = = =  = = =  = = =  = = =  = = =  = = =  = = = 
2020-09-03 11:05:27,439 - root - INFO : 当前运行Case: test_add_flow_cost_mgt_mobile
2020-09-03 11:05:27,439 - root - INFO : 正在执行Function: test_add_flow_cost_mgt_mobile
2020-09-03 11:05:27,440 - root - INFO : 正在执行Function: flow_cost_mgt_save
2020-09-03 11:05:27,440 - root - INFO : 描述信息: 【预算/流量成本管理/新增流量成本】手机流量成本-普通投放模式
2020-09-03 11:05:27,440 - root - INFO : 请求地址: https://galaxy-api-fat.shiguangkey.com/api/galaxy/flow/cost/manage/save
2020-09-03 11:05:27,440 - root - INFO : 请求方法: [- POST -]
2020-09-03 11:05:27,440 - root - INFO : 请求头部: {'content-type': 'application/x-www-form-urlencoded', 'token': '0x774cd40712f1253b9d44c118efebb8', 'x-dept-id-chain': '1001-8006-8007-8008-8009', 'user-agent': 'Mozilla/5.0 (Windows NT 10.0; Win64; x64) AppleWebKit/537.36 (KHTML, like Gecko) Chrome/80.0.3987.106 Safari/537.36', 'Connection': 'close', 'keep-alive': 'False'}
2020-09-03 11:05:27,440 - root - INFO : 请求正文: {'costMonth': 1598889600000, 'promotionerDeptIdChain': '1001-8006-8007-8008-8009', 'subjectId': '272', 'channelId': 4, 'gatherType': 1, 'putMode': 1, 'lastMonthLaunchNumber': 10000, 'lastMonthCashConsume': 1000, 'lastMonthSupplyTotal': 10000, 'lastMonthCost': 100, 'lastMonthDayAverageSupply': 1600, 'sameMonthDayAverageSupply': 10000, 'sameMonthDayAverageIncrement': 100, 'sameMonthCost': 1000, 'sameMonthDayConsume': 100, 'sameMonthSupply': 10000, 'sameMonthCashConsume': 1000, 'promotionerDeptName': '潭州教育>自动化测试分公司--勿动>自动化测试群--勿动>自动化测试事业部>自动化测试院', 'subjectName': '游戏运营', 'channelName': '知乎'}
2020-09-03 11:05:27,788 - root - INFO : 响应消息: {'traceId': 'b5da10879e424fb88fb3ae728371f919', 'status': '110111002', 'msg': '已有同维度数据', 'data': {}}
2020-09-03 11:05:27,840 - root - INFO : 当前运行Case: test_add_flow_cost_mgt_wx
2020-09-03 11:05:27,841 - root - INFO : 正在执行Function: test_add_flow_cost_mgt_wx
2020-09-03 11:05:27,841 - root - INFO : 正在执行Function: flow_cost_mgt_save
2020-09-03 11:05:27,841 - root - INFO : 描述信息: 【预算/流量成本管理/新增流量成本】手机流量成本-普通投放模式
2020-09-03 11:05:27,841 - root - INFO : 请求地址: https://galaxy-api-fat.shiguangkey.com/api/galaxy/flow/cost/manage/save
2020-09-03 11:05:27,841 - root - INFO : 请求方法: [- POST -]
2020-09-03 11:05:27,841 - root - INFO : 请求头部: {'content-type': 'application/x-www-form-urlencoded', 'token': '0x774cd40712f1253b9d44c118efebb8', 'x-dept-id-chain': '1001-8006-8007-8008-8009', 'user-agent': 'Mozilla/5.0 (Windows NT 10.0; Win64; x64) AppleWebKit/537.36 (KHTML, like Gecko) Chrome/80.0.3987.106 Safari/537.36', 'Connection': 'close', 'keep-alive': 'False'}
2020-09-03 11:05:27,841 - root - INFO : 请求正文: {'costMonth': 1598889600000, 'promotionerDeptIdChain': '1001-8006-8007-8008-8009', 'subjectId': '272', 'channelId': 4, 'gatherType': 3, 'putMode': 1, 'lastMonthLaunchNumber': 10000, 'lastMonthCashConsume': 1000, 'lastMonthSupplyTotal': 10000, 'lastMonthCost': 100, 'lastMonthDayAverageSupply': 1600, 'sameMonthDayAverageSupply': 10000, 'sameMonthDayAverageIncrement': 100, 'sameMonthCost': 1000, 'sameMonthDayConsume': 100, 'sameMonthSupply': 10000, 'sameMonthCashConsume': 1000, 'promotionerDeptName': '潭州教育>自动化测试分公司--勿动>自动化测试群--勿动>自动化测试事业部>自动化测试院', 'subjectName': '游戏运营', 'channelName': '知乎'}
2020-09-03 11:05:28,037 - root - INFO : 响应消息: {'traceId': '0b1e607b15c0408f898356db72f89698', 'status': '110111002', 'msg': '已有同维度数据', 'data': {}}
2020-09-03 11:05:28,060 - root - INFO : 当前运行Case: test_add_flow_cost_mgt_qq
2020-09-03 11:05:28,060 - root - INFO : 正在执行Function: test_add_flow_cost_mgt_qq
2020-09-03 11:05:28,060 - root - INFO : 正在执行Function: flow_cost_mgt_save
2020-09-03 11:05:28,060 - root - INFO : 描述信息: 【预算/流量成本管理/新增流量成本】手机流量成本-普通投放模式
2020-09-03 11:05:28,060 - root - INFO : 请求地址: https://galaxy-api-fat.shiguangkey.com/api/galaxy/flow/cost/manage/save
2020-09-03 11:05:28,061 - root - INFO : 请求方法: [- POST -]
2020-09-03 11:05:28,061 - root - INFO : 请求头部: {'content-type': 'application/x-www-form-urlencoded', 'token': '0x774cd40712f1253b9d44c118efebb8', 'x-dept-id-chain': '1001-8006-8007-8008-8009', 'user-agent': 'Mozilla/5.0 (Windows NT 10.0; Win64; x64) AppleWebKit/537.36 (KHTML, like Gecko) Chrome/80.0.3987.106 Safari/537.36', 'Connection': 'close', 'keep-alive': 'False'}
2020-09-03 11:05:28,061 - root - INFO : 请求正文: {'costMonth': 1598889600000, 'promotionerDeptIdChain': '1001-8006-8007-8008-8009', 'subjectId': '272', 'channelId': 4, 'gatherType': 2, 'putMode': 1, 'lastMonthLaunchNumber': 10000, 'lastMonthCashConsume': 1000, 'lastMonthSupplyTotal': 10000, 'lastMonthCost': 100, 'lastMonthDayAverageSupply': 1600, 'sameMonthDayAverageSupply': 10000, 'sameMonthDayAverageIncrement': 100, 'sameMonthCost': 1000, 'sameMonthDayConsume': 100, 'sameMonthSupply': 10000, 'sameMonthCashConsume': 1000, 'promotionerDeptName': '潭州教育>自动化测试分公司--勿动>自动化测试群--勿动>自动化测试事业部>自动化测试院', 'subjectName': '游戏运营', 'channelName': '知乎'}
2020-09-03 11:05:28,261 - root - INFO : 响应消息: {'traceId': 'f41796201d51401a89cda177c9c5af7d', 'status': '110111002', 'msg': '已有同维度数据', 'data': {}}
2020-09-03 11:05:28,285 - root - INFO : 当前运行Case: test_update_flow_cost_mgt
2020-09-03 11:05:28,285 - root - INFO : 正在执行Function: test_update_flow_cost_mgt
2020-09-03 11:05:28,285 - root - INFO : 正在执行Function: flow_cost_mgt_save
2020-09-03 11:05:28,285 - root - INFO : 描述信息: 【预算/流量成本管理/新增流量成本】手机流量成本-普通投放模式
2020-09-03 11:05:28,285 - root - INFO : 请求地址: https://galaxy-api-fat.shiguangkey.com/api/galaxy/flow/cost/manage/save
2020-09-03 11:05:28,285 - root - INFO : 请求方法: [- POST -]
2020-09-03 11:05:28,285 - root - INFO : 请求头部: {'content-type': 'application/x-www-form-urlencoded', 'token': '0x774cd40712f1253b9d44c118efebb8', 'x-dept-id-chain': '1001-8006-8007-8008-8009', 'user-agent': 'Mozilla/5.0 (Windows NT 10.0; Win64; x64) AppleWebKit/537.36 (KHTML, like Gecko) Chrome/80.0.3987.106 Safari/537.36', 'Connection': 'close', 'keep-alive': 'False'}
2020-09-03 11:05:28,285 - root - INFO : 请求正文: {'costMonth': 1601481600000, 'promotionerDeptIdChain': '1001-8006-8007-8008-8009', 'subjectId': '272', 'channelId': 4, 'gatherType': 2, 'putMode': 1, 'lastMonthLaunchNumber': 10000, 'lastMonthCashConsume': 1000, 'lastMonthSupplyTotal': 10000, 'lastMonthCost': 100, 'lastMonthDayAverageSupply': 1600, 'sameMonthDayAverageSupply': 10000, 'sameMonthDayAverageIncrement': 100, 'sameMonthCost': 1000, 'sameMonthDayConsume': 100, 'sameMonthSupply': 10000, 'sameMonthCashConsume': 1000, 'promotionerDeptName': '潭州教育>自动化测试分公司--勿动>自动化测试群--勿动>自动化测试事业部>自动化测试院', 'subjectName': '游戏运营', 'channelName': '知乎'}
2020-09-03 11:05:28,498 - root - INFO : 响应消息: {'traceId': 'd53791d01b9d45c48b49dee5dd2092f7', 'status': '110111002', 'msg': '已有同维度数据', 'data': {}}
