2020-10-12 09:52:08,106 - root - INFO : ************** 当前运行环境: Fat *************
2020-10-12 09:52:08,106 - root - INFO : 描述信息: 【潭州平台】获取登录用户 token
2020-10-12 09:52:08,106 - root - INFO : 请求地址: https://open-fat.shiguangkey.com/api/udb/workwechat/auth/login
2020-10-12 09:52:08,106 - root - INFO : 请求方法: [- POST -]
2020-10-12 09:52:08,106 - root - INFO : 请求头部: {'content-type': 'application/x-www-form-urlencoded', 'terminaltype': '4'}
2020-10-12 09:52:08,107 - root - INFO : 请求正文: {'account': 't0312814888', 'password': '4QrcOUm6Wau+VuBX8g+IPg'}
2020-10-12 09:52:08,267 - root - INFO : 响应消息: {'traceId': 'af1ebf01673d4d5f83d409cb39827b8f', 'status': '0', 'msg': 'success', 'data': {'user': {'uid': 19865505, 'mobile': '', 'account': '', 'nickname': '拥挤的鳐鱼', 'headImg': 'https://res.shiguangkey.com/res/images/default.png', 'openId': '', 'newRegister': False, 'needBindPhone': False, 'showAccountList': False}, 'token': '0x7770a50712f1fa10443479582d6d30'}}
2020-10-12 09:52:08,268 - root - INFO : 提取变量: [ pttoken: 0x7770a50712f1fa10443479582d6d30 ]
2020-10-12 09:52:08,268 - root - INFO : 校验类型: [-status], 结果: [Passed], 预期: [0]
2020-10-12 09:52:08,268 - root - INFO : 校验类型: [-msg], 结果: [Passed], 预期: [success]
2020-10-12 09:52:08,268 - root - INFO :  = = =  = = =  = = =  = = =  = = =  = = =  = = =  = = = 分割线 = = =  = = =  = = =  = = =  = = =  = = =  = = =  = = = 
2020-10-12 09:52:08,458 - root - INFO : 凭证获取成功并写入 /common/config.txt 配置文件中
2020-10-12 09:52:08,535 - root - INFO : 当前运行Case: test_import_mobile_single
2020-10-12 09:52:08,536 - root - INFO : 描述信息: 【潭州平台】获取登录用户 token
2020-10-12 09:52:08,536 - root - INFO : 请求地址: https://open-fat.shiguangkey.com/api/udb/workwechat/auth/login
2020-10-12 09:52:08,536 - root - INFO : 请求方法: [- POST -]
2020-10-12 09:52:08,536 - root - INFO : 请求头部: {'content-type': 'application/x-www-form-urlencoded', 'terminaltype': '4'}
2020-10-12 09:52:08,536 - root - INFO : 请求正文: {'account': 't0383212689', 'password': '4QrcOUm6Wau+VuBX8g+IPg'}
2020-10-12 09:52:08,675 - root - INFO : 响应消息: {'traceId': 'a6b5364ba05648b5bf013d4cc8cd17b8', 'status': '0', 'msg': 'success', 'data': {'user': {'uid': 19861712, 'mobile': '', 'account': '', 'nickname': '暖和的少女花', 'headImg': 'https://res.shiguangkey.com/res/images/default.png', 'openId': '', 'newRegister': False, 'needBindPhone': False, 'showAccountList': False}, 'token': '0x778b0c0712f10d06a574a72819bfc0'}}
2020-10-12 09:52:08,675 - root - INFO : 提取变量: [ pttoken: 0x778b0c0712f10d06a574a72819bfc0 ]
2020-10-12 09:52:08,675 - root - INFO : 校验类型: [-status], 结果: [Passed], 预期: [0]
2020-10-12 09:52:08,675 - root - INFO : 校验类型: [-msg], 结果: [Passed], 预期: [success]
2020-10-12 09:52:08,675 - root - INFO :  = = =  = = =  = = =  = = =  = = =  = = =  = = =  = = = 分割线 = = =  = = =  = = =  = = =  = = =  = = =  = = =  = = = 
2020-10-12 09:52:08,675 - root - INFO : 正在执行Function: ad_plan_direct
2020-10-12 09:52:08,675 - root - INFO : 正在执行Function: program_info_save_direct
2020-10-12 09:52:08,676 - root - INFO : 描述信息: 【银河/广告/广告计划】新增广告计划，直线下发分配方式，普通投放模式：putMode=1,allocInstType=3；高转VIP：putMode=3,allocInstType=3
2020-10-12 09:52:08,676 - root - INFO : 请求地址: https://galaxy-api-fat.shiguangkey.com/api/galaxy/program/info/save
2020-10-12 09:52:08,676 - root - INFO : 请求方法: [- POST -]
2020-10-12 09:52:08,676 - root - INFO : 请求头部: {'content-type': 'application/json', 'token': '0x778b450712f1fa1f2d84985b0b07e9'}
2020-10-12 09:52:08,676 - root - INFO : 请求正文: {'channelId': 6, 'name': '自动化计划76675232', 'subjectId': 277, 'subjectName': 'C', 'isTest': 0, 'receiveDeptIdChain': '1001-2001-4569-4570-4571-4572', 'receiveDeptId': 4572, 'putMode': 1, 'type': 1, 'gatherType': 1, 'allocInstType': 3, 'channelName': '微信'}
2020-10-12 09:52:08,909 - root - INFO : 响应消息: {'traceId': 'e14d6d5a7a1e41bc9a534343f742982f', 'status': '0', 'msg': 'success', 'data': {}}
2020-10-12 09:52:08,909 - root - INFO : 校验类型: [-status], 结果: [Passed], 预期: [0]
2020-10-12 09:52:08,909 - root - INFO : 校验类型: [-msg], 结果: [Passed], 预期: [success]
2020-10-12 09:52:08,909 - root - INFO :  = = =  = = =  = = =  = = =  = = =  = = =  = = =  = = = 分割线 = = =  = = =  = = =  = = =  = = =  = = =  = = =  = = = 
2020-10-12 09:52:08,909 - root - INFO : 正在执行Function: program_pageList
2020-10-12 09:52:08,909 - root - INFO : 描述信息: 【银河/广告/广告计划】查询广告计划
2020-10-12 09:52:08,909 - root - INFO : 请求地址: https://galaxy-api-fat.shiguangkey.com/api/galaxy/program/pageList
2020-10-12 09:52:08,909 - root - INFO : 请求方法: [- POST -]
2020-10-12 09:52:08,910 - root - INFO : 请求头部: {'content-type': 'application/x-www-form-urlencoded', 'token': '0x778b450712f1fa1f2d84985b0b07e9'}
2020-10-12 09:52:08,910 - root - INFO : 请求正文: {'name': '自动化计划76675232', 'isHide': 0, 'pageIndex': 1, 'pageSize': 20, 'gatherType': 1}
2020-10-12 09:52:09,218 - root - INFO : 响应消息: {'traceId': 'a299964ed908483781afc4e0884df69c', 'status': '0', 'msg': 'success', 'data': {'totalItem': 1, 'list': [{'id': 13608, 'oldProgramId': None, 'no': '1000001527371685', 'name': '自动化计划76675232', 'type': 1, 'programName': None, 'subjectName': 'C', 'subjectId': 277, 'channelName': '微信', 'channelId': 6, 'isImport': None, 'position': None, 'keyword': None, 'areaId': None, 'areaName': None, 'remark': None, 'isNeedCaptch': None, 'state': None, 'adMainId': None, 'channelAgencyAccountId': None, 'accountCode': None, 'adMainAccount': None, 'thirdUrl': None, 'allocInstType': 3, 'receiveDeptId': 4572, 'receiveDeptIdChain': '1001-2001-4569-4570-4571-4572', 'isHide': 0, 'isTest': 0, 'creatorDeptId': 8009, 'creatorName': '自动化专用-勿动', 'createTime': 1602467530000, 'putMode': 1, 'updateState': 1}]}}
2020-10-12 09:52:09,219 - root - INFO : 提取变量: [ channelId: 6 ]
2020-10-12 09:52:09,219 - root - INFO : 提取变量: [ putMode: 1 ]
2020-10-12 09:52:09,219 - root - INFO : 提取变量: [ adName: 自动化计划76675232 ]
2020-10-12 09:52:09,220 - root - INFO : 提取变量: [ adId: 13608 ]
2020-10-12 09:52:09,220 - root - INFO : 提取变量: [ type: 1 ]
2020-10-12 09:52:09,220 - root - INFO : 校验类型: [-status], 结果: [Passed], 预期: [0]
2020-10-12 09:52:09,220 - root - INFO : 校验类型: [-msg], 结果: [Passed], 预期: [success]
2020-10-12 09:52:09,220 - root - INFO : 校验类型: [-in]  结果: [Passed]  预期: [name]
2020-10-12 09:52:09,220 - root - INFO :  = = =  = = =  = = =  = = =  = = =  = = =  = = =  = = = 分割线 = = =  = = =  = = =  = = =  = = =  = = =  = = =  = = = 
2020-10-12 09:52:09,220 - root - INFO : 正在执行Function: creativity_save
2020-10-12 09:52:09,220 - root - INFO : 描述信息: 【银河/广告/广告计划】新建广告创意
2020-10-12 09:52:09,221 - root - INFO : 请求地址: https://galaxy-api-fat.shiguangkey.com/api/galaxy/creativity/save
2020-10-12 09:52:09,221 - root - INFO : 请求方法: [- POST -]
2020-10-12 09:52:09,221 - root - INFO : 请求头部: {'content-type': 'application/x-www-form-urlencoded', 'token': '0x778b450712f1fa1f2d84985b0b07e9'}
2020-10-12 09:52:09,221 - root - INFO : 请求正文: {'name': '自动化创意10532195', 'gatherType': 1, 'isNeedCaptch': 0, 'position': 1, 'type': '1', 'putMode': '1', 'channelId': '6', 'programId': '13608', 'programName': '自动化计划76675232'}
2020-10-12 09:52:09,459 - root - INFO : 响应消息: {'traceId': '705c8d71a4d6440bb339993650498909', 'status': '0', 'msg': 'success', 'data': {}}
2020-10-12 09:52:09,459 - root - INFO : 校验类型: [-status], 结果: [Passed], 预期: [0]
2020-10-12 09:52:09,459 - root - INFO : 校验类型: [-msg], 结果: [Passed], 预期: [success]
2020-10-12 09:52:09,459 - root - INFO :  = = =  = = =  = = =  = = =  = = =  = = =  = = =  = = = 分割线 = = =  = = =  = = =  = = =  = = =  = = =  = = =  = = = 
2020-10-12 09:52:09,459 - root - INFO : 正在执行Function: creativity_pageList
2020-10-12 09:52:09,459 - root - INFO : 描述信息: 【银河/广告/广告创意】查询广告创意
2020-10-12 09:52:09,459 - root - INFO : 请求地址: https://galaxy-api-fat.shiguangkey.com/api/galaxy/creativity/pageList
2020-10-12 09:52:09,460 - root - INFO : 请求方法: [- POST -]
2020-10-12 09:52:09,460 - root - INFO : 请求头部: {'content-type': 'application/x-www-form-urlencoded', 'token': '0x778b450712f1fa1f2d84985b0b07e9'}
2020-10-12 09:52:09,460 - root - INFO : 请求正文: {'gatherType': 1, 'programId': '13608', 'isHide': 0, 'pageIndex': 1, 'pageSize': 20}
2020-10-12 09:52:09,781 - root - INFO : 响应消息: {'traceId': '7b187fc5c77a4ecea66bab9b4156adfd', 'status': '0', 'msg': 'success', 'data': {'totalItem': 1, 'list': [{'id': 113268, 'oldCreativityId': None, 'oldProgramId': None, 'no': 'e7c96156478c483fbf56088a2066c52a', 'name': '自动化创意10532195', 'programName': '自动化计划76675232', 'subjectName': 'C', 'subjectId': 277, 'channelName': '微信', 'channelId': 6, 'isImport': 0, 'position': '1', 'keyword': None, 'areaId': None, 'areaName': None, 'creatorName': '自动化专用-勿动', 'createTime': 1602467530000, 'remark': None, 'isNeedCaptch': 0, 'state': 2, 'adMainId': None, 'channelAgencyAccountId': None, 'accountCode': None, 'adMainAccount': None, 'thirdUrl': None, 'allocInstType': 3, 'receiveDeptId': 4572, 'receiveDeptIdChain': '1001-2001-4569-4570-4571-4572', 'isHide': 0, 'isTest': 0, 'creatorDeptId': 8009, 'vector': None, 'customerVectorValue': None, 'followerName': None, 'followerTanzkAccount': None, 'putMode': 1, 'receptionistId': None, 'receptionistName': None, 'receptionistTanzkAccount': None, 'receptionistDeptId': None, 'receptionistDeptIdChain': None, 'creatorDeptIdChain': '1001-8006-8007-8008-8009', 'updateState': 1, 'type': 1, 'programId': 13608, 'promotionTerminal': 1, 'vectorType': None, 'channelQrCode': None, 'channelNumber': None, 'companyWechatId': None, 'vectorId': None, 'vectorName': None}]}}
2020-10-12 09:52:09,781 - root - INFO : 提取变量: [ creativityId: 113268 ]
2020-10-12 09:52:09,782 - root - INFO : 提取变量: [ creativityName: 自动化创意10532195 ]
2020-10-12 09:52:09,782 - root - INFO : 提取变量: [ creativityNo: e7c96156478c483fbf56088a2066c52a ]
2020-10-12 09:52:09,782 - root - INFO : 校验类型: [-status], 结果: [Passed], 预期: [0]
2020-10-12 09:52:09,782 - root - INFO : 校验类型: [-msg], 结果: [Passed], 预期: [success]
2020-10-12 09:52:09,782 - root - INFO :  = = =  = = =  = = =  = = =  = = =  = = =  = = =  = = = 分割线 = = =  = = =  = = =  = = =  = = =  = = =  = = =  = = = 
2020-10-12 09:52:09,782 - root - INFO : 描述信息: 【银河/广告/广告创意】导入单个手机流量
2020-10-12 09:52:09,888 - root - INFO : 请求地址: https://galaxy-api-fat.shiguangkey.com/api/galaxy/gather/importing
2020-10-12 09:52:09,888 - root - INFO : 请求方法: [- POST -]
2020-10-12 09:52:09,888 - root - INFO : 请求头部: {'content-type': 'multipart/form-data; boundary=2f82ae0dcf052908b3e33268f79ef64d', 'token': '0x778b0c0712f10d06a574a72819bfc0'}
2020-10-12 09:52:09,888 - root - INFO : 请求正文: b'--2f82ae0dcf052908b3e33268f79ef64d\r\nContent-Disposition: form-data; name="adNo"\r\n\r\ne7c96156478c483fbf56088a2066c52a\r\n--2f82ae0dcf052908b3e33268f79ef64d\r\nContent-Disposition: form-data; name="putMode"\r\n\r\n1\r\n--2f82ae0dcf052908b3e33268f79ef64d\r\nContent-Disposition: form-data; name="file"; filename="import20201012095209.xlsx"\r\nContent-Type: application/vnd.openxmlformats-officedocument.spreadsheetml.sheet\r\n\r\n\xd0\xcf\x11\xe0\xa1\xb1\x1a\xe1\x00\x00\x00\x00\x00\x00\x00\x00\x00\x00\x00\x00\x00\x00\x00\x00>\x00\x03\x00\xfe\xff\t\x00\x06\x00\x00\x00\x00\x00\x00\x00\x00\x00\x00\x00\x01\x00\x00\x00\t\x00\x00\x00\x00\x00\x00\x00\x00\x10\x00\x00\xfe\xff\xff\xff\x00\x00\x00\x00\xfe\xff\xff\xff\x00\x00\x00\x00\x08\x00\x00\x00\xff\xff\xff\xff\xff\xff\xff\xff\xff\xff\xff\xff\xff\xff\xff\xff\xff\xff\xff\xff\xff\xff\xff\xff\xff\xff\xff\xff\xff\xff\xff\xff\xff\xff\xff\xff\xff\xff\xff\xff\xff\xff\xff\xff\xff\xff\xff\xff\xff\xff\xff\xff\xff\xff\xff\xff\xff\xff\xff\xff\xff\xff\xff\xff\xff\xff\xff\xff\xff\xff\xff\xff\xff\xff\xff\xff\xff\xff\xff\xff\xff\xff\xff\xff\xff\xff\xff\xff\xff\xff\xff\xff\xff\xff\xff\xff\xff\xff\xff\xff\xff\xff\xff\xff\xff\xff\xff\xff\xff\xff\xff\xff\xff\xff\xff\xff\xff\xff\xff\xff\xff\xff\xff\xff\xff\xff\xff\xff\xff\xff\xff\xff\xff\xff\xff\xff\xff\xff\xff\xff\xff\xff\xff\xff\xff\xff\xff\xff\xff\xff\xff\xff\xff\xff\xff\xff\xff\xff\xff\xff\xff\xff\xff\xff\xff\xff\xff\xff\xff\xff\xff\xff\xff\xff\xff\xff\xff\xff\xff\xff\xff\xff\xff\xff\xff\xff\xff\xff\xff\xff\xff\xff\xff\xff\xff\xff\xff\xff\xff\xff\xff\xff\xff\xff\xff\xff\xff\xff\xff\xff\xff\xff\xff\xff\xff\xff\xff\xff\xff\xff\xff\xff\xff\xff\xff\xff\xff\xff\xff\xff\xff\xff\xff\xff\xff\xff\xff\xff\xff\xff\xff\xff\xff\xff\xff\xff\xff\xff\xff\xff\xff\xff\xff\xff\xff\xff\xff\xff\xff\xff\xff\xff\xff\xff\xff\xff\xff\xff\xff\xff\xff\xff\xff\xff\xff\xff\xff\xff\xff\xff\xff\xff\xff\xff\xff\xff\xff\xff\xff\xff\xff\xff\xff\xff\xff\xff\xff\xff\xff\xff\xff\xff\xff\xff\xff\xff\xff\xff\xff\xff\xff\xff\xff\xff\xff\xff\xff\xff\xff\xff\xff\xff\xff\xff\xff\xff\xff\xff\xff\xff\xff\xff\xff\xff\xff\xff\xff\xff\xff\xff\xff\xff\xff\xff\xff\xff\xff\xff\xff\xff\xff\xff\xff\xff\xff\xff\xff\xff\xff\xff\xff\xff\xff\xff\xff\xff\xff\xff\xff\xff\xff\xff\xff\xff\xff\xff\xff\xff\xff\xff\xff\xff\xff\xff\xff\xff\xff\xff\xff\xff\xff\xff\xff\xff\xff\xff\xff\xff\xff\xff\xff\xff\xff\xff\xff\xff\xff\xff\xff\xff\xff\xff\xff\xff\xff\xff\xff\xff\xff\xff\xff\xff\xff\xff\xff\xff\xff\xff\xff\xff\xff\xff\t\x08\x10\x00\x00\x06\x05\x00\xbb\r\xcc\x07\x00\x00\x00\x00\x06\x00\x00\x00\xe1\x00\x02\x00\xb0\x04\xc1\x00\x02\x00\x00\x00\xe2\x00\x00\x00\\\x00p\x00None                                                                                                            B\x00\x02\x00\xb0\x04a\x01\x02\x00\x00\x00=\x01\x02\x00\x01\x00\x9c\x00\x02\x00\x0e\x00\x19\x00\x02\x00\x00\x00\x12\x00\x02\x00\x00\x00c\x00\x02\x00\x00\x00\x13\x00\x02\x00\x00\x00\xaf\x01\x02\x00\x00\x00\xbc\x01\x02\x00\x00\x00@\x00\x02\x00\x00\x00\x8d\x00\x02\x00\x00\x00=\x00\x12\x00\xe0\x01Z\x00\xcf?N*8\x00\x00\x00\x00\x00\x01\x00X\x02"\x00\x02\x00\x00\x00\x0e\x00\x02\x00\x01\x00\xb7\x01\x02\x00\x00\x00\xda\x00\x02\x00\x00\x001\x00\x15\x00\xc8\x00\x00\x00\xff\x7f\x90\x01\x00\x00\x00\x00\x01\x00\x05\x00Arial1\x00\x15\x00\xc8\x00\x00\x00\xff\x7f\x90\x01\x00\x00\x00\x00\x01\x00\x05\x00Arial1\x00\x15\x00\xc8\x00\x00\x00\xff\x7f\x90\x01\x00\x00\x00\x00\x01\x00\x05\x00Arial1\x00\x15\x00\xc8\x00\x00\x00\xff\x7f\x90\x01\x00\x00\x00\x00\x01\x00\x05\x00Arial1\x00\x15\x00\xc8\x00\x00\x00\xff\x7f\x90\x01\x00\x00\x00\x00\x01\x00\x05\x00Arial1\x00\x15\x00\xc8\x00\x00\x00\xff\x7f\x90\x01\x00\x00\x00\x00\x01\x00\x05\x00Arial1\x00\x15\x00\xc8\x00\x00\x00\xff\x7f\x90\x01\x00\x00\x00\x00\x01\x00\x05\x00Arial\x1e\x04\x0c\x00\xa4\x00\x07\x00\x00General\xe0\x00\x14\x00\x06\x00\xa4\x00\xf5\xff \x00\x00\xf4\x00\x00\x00\x00\x00\x00\x00\x00\xc0 \xe0\x00\x14\x00\x06\x00\xa4\x00\xf5\xff \x00\x00\xf4\x00\x00\x00\x00\x00\x00\x00\x00\xc0 \xe0\x00\x14\x00\x06\x00\xa4\x00\xf5\xff \x00\x00\xf4\x00\x00\x00\x00\x00\x00\x00\x00\xc0 \xe0\x00\x14\x00\x06\x00\xa4\x00\xf5\xff \x00\x00\xf4\x00\x00\x00\x00\x00\x00\x00\x00\xc0 \xe0\x00\x14\x00\x06\x00\xa4\x00\xf5\xff \x00\x00\xf4\x00\x00\x00\x00\x00\x00\x00\x00\xc0 \xe0\x00\x14\x00\x06\x00\xa4\x00\xf5\xff \x00\x00\xf4\x00\x00\x00\x00\x00\x00\x00\x00\xc0 \xe0\x00\x14\x00\x06\x00\xa4\x00\xf5\xff \x00\x00\xf4\x00\x00\x00\x00\x00\x00\x00\x00\xc0 \xe0\x00\x14\x00\x06\x00\xa4\x00\xf5\xff \x00\x00\xf4\x00\x00\x00\x00\x00\x00\x00\x00\xc0 \xe0\x00\x14\x00\x06\x00\xa4\x00\xf5\xff \x00\x00\xf4\x00\x00\x00\x00\x00\x00\x00\x00\xc0 \xe0\x00\x14\x00\x06\x00\xa4\x00\xf5\xff \x00\x00\xf4\x00\x00\x00\x00\x00\x00\x00\x00\xc0 \xe0\x00\x14\x00\x06\x00\xa4\x00\xf5\xff \x00\x00\xf4\x00\x00\x00\x00\x00\x00\x00\x00\xc0 \xe0\x00\x14\x00\x06\x00\xa4\x00\xf5\xff \x00\x00\xf4\x00\x00\x00\x00\x00\x00\x00\x00\xc0 \xe0\x00\x14\x00\x06\x00\xa4\x00\xf5\xff \x00\x00\xf4\x00\x00\x00\x00\x00\x00\x00\x00\xc0 \xe0\x00\x14\x00\x06\x00\xa4\x00\xf5\xff \x00\x00\xf4\x00\x00\x00\x00\x00\x00\x00\x00\xc0 \xe0\x00\x14\x00\x06\x00\xa4\x00\xf5\xff \x00\x00\xf4\x00\x00\x00\x00\x00\x00\x00\x00\xc0 \xe0\x00\x14\x00\x06\x00\xa4\x00\xf5\xff \x00\x00\xf4\x00\x00\x00\x00\x00\x00\x00\x00\xc0 \xe0\x00\x14\x00\x06\x00\xa4\x00\x01\x00 \x00\x00\xf8\x00\x00\x00\x00\x00\x00\x00\x00\xc0 \xe0\x00\x14\x00\x07\x00\xa4\x00\x01\x00 \x00\x00\xf8\x00\x00\x00\x00\x00\x00\x00\x00\xc0 \x93\x02\x04\x00\x00\x80\x00\xff`\x01\x02\x00\x01\x00\x85\x00\x0e\x00t\x04\x00\x00\x00\x00\x06\x00Sheet1\xfc\x00\xcf\x00\x0f\x00\x00\x00\r\x00\x00\x00\x08\x00\x01\xa2[7b5f\xf0y\x08\xff\xd3Y\rT\t\xff\x08\x00\x01Kb:g\xf7S\x01x\x08\xff\xc5_kX\t\xff\x04\x00\x01Q\x00Q\x00\xf7S\x01x\x02\x00\x01\xae_\xe1O\x04\x00\x01\xc2S\x03\x80t^\x84\x9f\x10\x00\x01Am\xcf\x91eg\x90n\xf6e\xf4\x95\x08\xff\xc5_kX,\x00\tN)Y\x85Qpenc\t\xff\n\x00\x010W\xdfW\x08\xff\x02^\xa7~\x0c\xff^\x97\xc5_kX\t\xff\x04\x00\x01Am\xcf\x91\x07Y\xe8l\x02\x00\x01\x8bs\x94N\x0b\x00\x0014514718068\x08\x00\x0098442973\x13\x00\x002020/10/12 09:52:07\x03\x00\x01\x7f\x95\x99l\x02^\n\x00\x00\x00\t\x08\x10\x00\x00\x06\x10\x00\xbb\r\xcc\x07\x00\x00\x00\x00\x06\x00\x00\x00\r\x00\x02\x00\x01\x00\x0c\x00\x02\x00d\x00\x0f\x00\x02\x00\x01\x00\x11\x00\x02\x00\x00\x00\x10\x00\x08\x00\xfc\xa9\xf1\xd2MbP?_\x00\x02\x00\x00\x00\x80\x00\x08\x00\x00\x00\x00\x00\x01\x00\x00\x00%\x02\x04\x00\x00\x00\xff\x00\x81\x00\x02\x00\x01\x0c\x00\x02\x0e\x00\x00\x00\x00\x00\x02\x00\x00\x00\x00\x00\x08\x00\x00\x00*\x00\x02\x00\x00\x00+\x00\x02\x00\x00\x00\x82\x00\x02\x00\x01\x00\x1b\x00\x02\x00\x00\x00\x1a\x00\x02\x00\x00\x00\x14\x00\x05\x00\x02\x00\x00&P\x15\x00\x05\x00\x02\x00\x00&F\x83\x00\x02\x00\x01\x00\x84\x00\x02\x00\x00\x00&\x00\x08\x00333333\xd3?\'\x00\x08\x00333333\xd3?(\x00\x08\x00\x85\xebQ\xb8\x1e\x85\xe3?)\x00\x08\x00\xaeG\xe1z\x14\xae\xd7?\xa1\x00"\x00\t\x00d\x00\x01\x00\x01\x00\x01\x00\x83\x00,\x01,\x01\x9a\x99\x99\x99\x99\x99\xb9?\x9a\x99\x99\x99\x99\x99\xb9?\x01\x00\x12\x00\x02\x00\x00\x00\xdd\x00\x02\x00\x00\x00\x19\x00\x02\x00\x00\x00c\x00\x02\x00\x00\x00\x13\x00\x02\x00\x00\x00\x08\x02\x10\x00\x00\x00\x00\x00\x08\x00\xff\x00\x00\x00\x00\x00\x00\x01\x0f\x00\xfd\x00\n\x00\x00\x00\x00\x00\x11\x00\x00\x00\x00\x00\xfd\x00\n\x00\x00\x00\x01\x00\x11\x00\x01\x00\x00\x00\xfd\x00\n\x00\x00\x00\x02\x00\x11\x00\x02\x00\x00\x00\xfd\x00\n\x00\x00\x00\x03\x00\x11\x00\x03\x00\x00\x00\xfd\x00\n\x00\x00\x00\x04\x00\x11\x00\x04\x00\x00\x00\xfd\x00\n\x00\x00\x00\x05\x00\x11\x00\x05\x00\x00\x00\xfd\x00\n\x00\x00\x00\x06\x00\x11\x00\x06\x00\x00\x00\xfd\x00\n\x00\x00\x00\x07\x00\x11\x00\x07\x00\x00\x00\x08\x02\x10\x00\x01\x00\x00\x00\x08\x00\xff\x00\x00\x00\x00\x00\x00\x01\x0f\x00\xfd\x00\n\x00\x01\x00\x00\x00\x11\x00\x08\x00\x00\x00\xfd\x00\n\x00\x01\x00\x01\x00\x11\x00\t\x00\x00\x00\xfd\x00\n\x00\x01\x00\x02\x00\x11\x00\n\x00\x00\x00\xfd\x00\n\x00\x01\x00\x03\x00\x11\x00\n\x00\x00\x00~\x02\n\x00\x01\x00\x04\x00\x11\x00r\x00\x00\x00\xfd\x00\n\x00\x01\x00\x05\x00\x11\x00\x0b\x00\x00\x00\xfd\x00\n\x00\x01\x00\x06\x00\x11\x00\x0c\x00\x00\x00\xfd\x00\n\x00\x01\x00\x07\x00\x11\x00\x07\x00\x00\x00>\x02\x12\x00\xb6\x02\x00\x00\x00\x00@\x00\x00\x00\x00\x00\x00\x00\x00\x00\x00\x00\n\x00\x00\x00\x00\x00\x00\x00\x00\x00\x00\x00\x00\x00\x00\x00\x00\x00\x00\x00\x00\x00\x00\x00\x00\x00\x00\x00\x00\x00\x00\x00\x00\x00\x00\x00\x00\x00\x00\x00\x00\x00\x00\x00\x00\x00\x00\x00\x00\x00\x00\x00\x00\x00\x00\x00\x00\x00\x00\x00\x00\x00\x00\x00\x00\x00\x00\x00\x00\x00\x00\x00\x00\x00\x00\x00\x00\x00\x00\x00\x00\x00\x00\x00\x00\x00\x00\x00\x00\x00\x00\x00\x00\x00\x00\x00\x00\x00\x00\x00\x00\x00\x00\x00\x00\x00\x00\x00\x00\x00\x00\x00\x00\x00\x00\x00\x00\x00\x00\x00\x00\x00\x00\x00\x00\x00\x00\x00\x00\x00\x00\x00\x00\x00\x00\x00\x00\x00\x00\x00\x00\x00\x00\x00\x00\x00\x00\x00\x00\x00\x00\x00\x00\x00\x00\x00\x00\x00\x00\x00\x00\x00\x00\x00\x00\x00\x00\x00\x00\x00\x00\x00\x00\x00\x00\x00\x00\x00\x00\x00\x00\x00\x00\x00\x00\x00\x00\x00\x00\x00\x00\x00\x00\x00\x00\x00\x00\x00\x00\x00\x00\x00\x00\x00\x00\x00\x00\x00\x00\x00\x00\x00\x00\x00\x00\x00\x00\x00\x00\x00\x00\x00\x00\x00\x00\x00\x00\x00\x00\x00\x00\x00\x00\x00\x00\x00\x00\x00\x00\x00\x00\x00\x00\x00\x00\x00\x00\x00\x00\x00\x00\x00\x00\x00\x00\x00\x00\x00\x00\x00\x00\x00\x00\x00\x00\x00\x00\x00\x00\x00\x00\x00\x00\x00\x00\x00\x00\x00\x00\x00\x00\x00\x00\x00\x00\x00\x00\x00\x00\x00\x00\x00\x00\x00\x00\x00\x00\x00\x00\x00\x00\x00\x00\x00\x00\x00\x00\x00\x00\x00\x00\x00\x00\x00\x00\x00\x00\x00\x00\x00\x00\x00\x00\x00\x00\x00\x00\x00\x00\x00\x00\x00\x00\x00\x00\x00\x00\x00\x00\x00\x00\x00\x00\x00\x00\x00\x00\x00\x00\x00\x00\x00\x00\x00\x00\x00\x00\x00\x00\x00\x00\x00\x00\x00\x00\x00\x00\x00\x00\x00\x00\x00\x00\x00\x00\x00\x00\x00\x00\x00\x00\x00\x00\x00\x00\x00\x00\x00\x00\x00\x00\x00\x00\x00\x00\x00\x00\x00\x00\x00\x00\x00\x00\x00\x00\x00\x00\x00\x00\x00\x00\x00\x00\x00\x00\x00\x00\x00\x00\x00\x00\x00\x00\x00\x00\x00\x00\x00\x00\x00\x00\x00\x00\x00\x00\x00\x00\x00\x00\x00\x00\x00\x00\x00\x00\x00\x00\x00\x00\x00\x00\x00\x00\x00\x00\x00\x00\x00\x00\x00\x00\x00\x00\x00\x00\x00\x00\x00\x00\x00\x00\x00\x00\x00\x00\x00\x00\x00\x00\x00\x00\x00\x00\x00\x00\x00\x00\x00\x00\x00\x00\x00\x00\x00\x00\x00\x00\x00\x00\x00\x00\x00\x00\x00\x00\x00\x00\x00\x00\x00\x00\x00\x00\x00\x00\x00\x00\x00\x00\x00\x00\x00\x00\x00\x00\x00\x00\x00\x00\x00\x00\x00\x00\x00\x00\x00\x00\x00\x00\x00\x00\x00\x00\x00\x00\x00\x00\x00\x00\x00\x00\x00\x00\x00\x00\x00\x00\x00\x00\x00\x00\x00\x00\x00\x00\x00\x00\x00\x00\x00\x00\x00\x00\x00\x00\x00\x00\x00\x00\x00\x00\x00\x00\x00\x00\x00\x00\x00\x00\x00\x00\x00\x00\x00\x00\x00\x00\x00\x00\x00\x00\x00\x00\x00\x00\x00\x00\x00\x00\x00\x00\x00\x00\x00\x00\x00\x00\x00\x00\x00\x00\x00\x00\x00\x00\x00\x00\x00\x00\x00\x00\x00\x00\x00\x00\x00\x00\x00\x00\x00\x00\x00\x00\x00\x00\x00\x00\x00\x00\x00\x00\x00\x00\x00\x00\x00\x00\x00\x00\x00\x00\x00\x00\x00\x00\x00\x00\x00\x00\x00\x00\x00\x00\x00\x00\x00\x00\x00\x00\x00\x00\x00\x00\x00\x00\x00\x00\x00\x00\x00\x00\x00\x00\x00\x00\x00\x00\x00\x00\x00\x00\x00\x00\x00\x00\x00\x00\x00\x00\x00\x00\x00\x00\x00\x00\x00\x00\x00\x00\x00\x00\x00\x00\x00\x00\x00\x00\x00\x00\x00\x00\x00\x00\x00\x00\x00\x00\x00\x00\x00\x00\x00\x00\x00\x00\x00\x00\x00\x00\x00\x00\x00\x00\x00\x00\x00\x00\x00\x00\x00\x00\x00\x00\x00\x00\x00\x00\x00\x00\x00\x00\x00\x00\x00\x00\x00\x00\x00\x00\x00\x00\x00\x00\x00\x00\x00\x00\x00\x00\x00\x00\x00\x00\x00\x00\x00\x00\x00\x00\x00\x00\x00\x00\x00\x00\x00\x00\x00\x00\x00\x00\x00\x00\x00\x00\x00\x00\x00\x00\x00\x00\x00\x00\x00\x00\x00\x00\x00\x00\x00\x00\x00\x00\x00\x00\x00\x00\x00\x00\x00\x00\x00\x00\x00\x00\x00\x00\x00\x00\x00\x00\x00\x00\x00\x00\x00\x00\x00\x00\x00\x00\x00\x00\x00\x00\x00\x00\x00\x00\x00\x00\x00\x00\x00\x00\x00\x00\x00\x00\x00\x00\x00\x00\x00\x00\x00\x00\x00\x00\x00\x00\x00\x00\x00\x00\x00\x00\x00\x00\x00\x00\x00\x00\x00\x00\x00\x00\x00\x00\x00\x00\x00\x00\x00\x00\x00\x00\x00\x00\x00\x00\x00\x00\x00\x00\x00\x00\x00\x00\x00\x00\x00\x00\x00\x00\x00\x00\x00\x00\x00\x00\x00\x00\x00\x00\x00\x00\x00\x00\x00\x00\x00\x00\x00\x00\x00\x00\x00\x00\x00\x00\x00\x00\x00\x00\x00\x00\x00\x00\x00\x00\x00\x00\x00\x00\x00\x00\x00\x00\x00\x00\x00\x00\x00\x00\x00\x00\x00\x00\x00\x00\x00\x00\x00\x00\x00\x00\x00\x00\x00\x00\x00\x00\x00\x00\x00\x00\x00\x00\x00\x00\x00\x00\x00\x00\x00\x00\x00\x00\x00\x00\x00\x00\x00\x00\x00\x00\x00\x00\x00\x00\x00\x00\x00\x00\x00\x00\x00\x00\x00\x00\x00\x00\x00\x00\x00\x00\x00\x00\x00\x00\x00\x00\x00\x00\x00\x00\x00\x00\x00\x00\x00\x00\x00\x00\x00\x00\x00\x00\x00\x00\x00\x00\x00\x00\x00\x00\x00\x00\x00\x00\x00\x00\x00\x00\x00\x00\x00\x00\x00\x00\x00\x00\x00\x00\x00\x00\x00\x00\x00\x00\x00\x00\x00\x00\x00\x00\x00\x00\x00\x00\x00\x00\x00\x00\x00\x00\x00\x00\x00\x00\x00\x00\x00\x00\x00\x00\x00\x00\x00\x00\x00\x00\x00\x00\x00\x00\x00\x00\x00\x00\x00\x00\x00\x00\x00\x00\x00\x00\x00\x00\x00\x00\x00\x00\x00\x00\x00\x00\x00\x00\x00\x00\x00\x00\x00\x00\x00\x00\x00\x00\x00\x00\x00\x00\x00\x00\x00\x00\x00\x00\x00\x00\x00\x00\x00\x00\x00\x00\x00\x00\x00\x00\x00\x00\x00\x00\x00\x00\x00\x00\x00\x00\x00\x00\x00\x00\x00\x00\x00\x00\x00\x00\x00\x00\x00\x00\x00\x00\x00\x00\x00\x00\x00\x00\x00\x00\x00\x00\x00\x00\x00\x00\x00\x00\x00\x00\x00\x00\x00\x00\x00\x00\x00\x00\x00\x00\x00\x00\x00\x00\x00\x00\x00\x00\x00\x00\x00\x00\x00\x00\x00\x00\x00\x00\x00\x00\x00\x00\x00\x00\x00\x00\x00\x00\x00\x00\x00\x00\x00\x00\x00\x00\x00\x00\x00\x00\x00\x00\x00\x00\x00\x00\x00\x00\x00\x00\x00\x00\x00\x00\x00\x00\x00\x00\x00\x00\x00\x00\x00\x00\x00\x00\x00\x00\x00\x00\x00\x00\x00\x00\x00\x00\x00\x00\x00\x00\x00\x00\x00\x00\x00\x00\x00\x00\x00\x00\x00\x00\x00\x00\x00\x00\x00\x00\x00\x00\x00\x00\x00\x00\x00\x00\x00\x00\x00\x00\x00\x00\x00\x00\x00\x00\x00\x00\x00\x00\x00\x00\x00\x00\x00\x00\x00\x00\x00\x00\x00\x00\x00\x00\x00\x00\x00\x00\x00\x00\x00\x00\x00\x00\x00\x00\x00\x00\x00\x00\x00\x00\x00\x00\x00\x00\x00\x00\x00\x00\x00\x00\x00\x00\x00\x00\x00\x00\x00\x00\x00\x00\x00\x00\x00\x00\x00\x00\x00\x00\x00\x00\x00\x00\x00\x00\x00\x00\x00\x00\x00\x00\x00\x00\x00\x00\x00\x00\x00\x00\x00\x00\x00\x00\x00\x00\x00\x00\x00\x00\x00\x00\x00\x00\x00\x00\x00\x00\x00\x00\x00\x00\x00\x00\x00\x00\x00\x00\x00\x00\x00\x00\x00\x00\x00\x00\x00\x00\x00\x00\x00\x00\x00\x00\x00\x00\x00\x00\x00\x00\x00\x00\x00\x00\x00\x00\x00\x00\x00\x00\x00\x00\x00\x00\x00\x00\x00\x00\x00\x00\x00\x00\x00\x00\x00\x00\x00\x00\x00\x00\x00\x00\x00\x00\x00\x00\x00\x00\x00\x00\x00\x00\x00\x00\x00\x00\x00\x00\x00\x00\x00\x00\x00\x00\x00\x00\x00\x00\x00\x00\x00\x00\x00\x00\x00\x00\x00\x00\x00\x00\x00\x00\x00\x00\x00\x00\x00\x00\x00\x00\x00\x00\x00\x00\x00\x00\x00\x00\x00\x00\x00\x00\x00\x00\x00\x00\x00\x00\x00\x00\x00\x00\x00\x00\x00\x00\x00\x00\x00\x00\x00\x00\x00\x00\x00\x00\x00\x00\x00\x00\x00\x00\x00\x00\x00\x00\x00\x00\x00\x00\x00\x00\x00\x00\x00\x00\x00\x00\x00\x00\x00\x00\x00\x00\x00\x00\x00\x00\x00\x00\x00\x00\x00\x00\x00\x00\x00\x00\x00\x00\x00\x00\x00\x00\x00\x00\x00\x00\x00\x00\x00\x00\x00\x00\x00\x00\x00\x00\x00\x00\x00\x00\x00\x00\x00\x00\x00\x00\x00\x00\x00\x00\x00\x00\x00\x00\x00\x00\x00\x00\x00\x00\x00\x00\x00\x00\x00\x00\x00\x00\x00\x00\x00\x00\x00\x00\x00\x00\x00\x00\x00\x00\x00\x00\x00\x00\x00\x00\x00\x00\x00\x00\x00\x00\x00\x00\x00\x00\x00\x00\x00\x00\x00\x00\x00\x00\x00\x00\x00\x00\x00\x00\x00\x00\x00\x00\x00\x00\x00\x00\x00\x00\x00\x00\x00\x00\x00\x00\x00\x00\x00\x00\x00\x00\x00\x00\x00\x00\x00\x00\x00\x00\x00\x00\x00\x00\x00\x00\x00\x00\x00\x00\x00\x00\x00\x00\x00\x00\x00\x00\x00\x00\x00\x00\x00\x00\x00\x00\x00\x00\x00\x00\x00\x00\x00\x00\x00\x00\x00\x00\x00\x00\x00\x00\x00\x00\x00\x00\x00\x00\x00\x00\x00\x00\x00\x00\x00\x00\x00\x00\x00\x00\x00\x00\x00\x00\x00\x00\x00\x00\x00\x00\x00\x00\x00\x00\x00\x00\x00\x00\x00\x00\x00\x00\x00\x00\x00\x00\x00\x00\x00\x00\x00\x00\x00\x00\x00\x00\x00\x00\x00\x00\x00\x00\x00\x00\x00\x00\x00\x00\x00\x00\x00\x00\x00\x00\x00\x00\x00\x00\x00\x00\x00\x00\x00\x00\x00\x00\x00\x00\x00\x00\x00\x00\x00\x00\x00\x00\x00\x00\x00\x00\x00\x00\x00\x00\x00\x00\x00\x00\x00\x00\x00\x00\x00\x00\x00\x00\x00\x00\x00\x00\x00\x00\x00\x00\x00\x00\x00\x00\x00\x00\x00\x00\x00\x00\x00\x00\x00\x00\x00\x00\x00\x00\x00\x00\x00\x00\x00\x00\x00\x00\x00\x00\x00\x00\x00\x00\x00\x00\x00\x00\x00\x00\x00\x00\x00\x00\x00\x00\x00\x00\x00\x00\x00\x00\x00\x00\x00\x00\x00\x00\x00\x00\x00\x00\x00\x00\x00\x00\x00\x00\x00\x00\x00\x00\x00\x00\x00\x00\x00\x00\x00\x00\x00\x00\x00\x00\x00\x00\x00\x00\x00\x00\x00\x00\x00\x00\x00\x00\x00\x00\x00\x00\x00\x00\x00\x00\x00\x00\x00\x00\x00\x00\x00\x00\x00\x00\x00\x00\x00\x00\x00\x00\x00\x00\x00\x00\x00\x00\x00\x00\x00\x00\x00\x00\x00\x00\x00\x00\x00\x00\x00\x00\x00\x00\x00\x00\x00\x00\x00\x00\x00\x00\x00\x00\x00\x00\x00\x00\x00\x00\x00\x00\x00\x00\x00\x00\x00\x00\x00\x00\x00\x00\x00\x00\x00\x00\x00\x00\x00\x00\x00\x00\x00\x00\x00\x00\x00\x00\x00\x00\x00\x00\x00\x00\x00\x00\x00\x00\x00\x00\x00\x00\x00\x00\x00\x00\x00\x00\x00\x00\x00\x00\x00\x00\x00\x00\x00\x00\x00\x00\x00\x00\x00\x00\x00\x00\x00\x00\x00\x00\x00\x00\x00\x00\x00\x00\x00\x00\x00\x00\x00\x00\x00\x00\x00\x00\x00\x00\x00\x00\x00\x00\x00\x00\x00\x00\x00\x00\x00\x00\x00\x00\x00\x00\x00\x00\x00\x00\x00\x00\x00\x00\x00\x00\x00\x00\x00\x00\x00\x00\x00\x00\x00\x00\x00\x00\x00\x00\x00\x00\x00\x00\x00\x00\x00\x00\x00\x00\x00\x00\x00\x00\x00\x00\x00\x00\x00\x00\x00\x00\x00\x00\x00\x00\x00\x00\x00\x00\x00\x00\x00\x00\x00\x00\x00\x00\x00\x00\x00\x00\x00\x00\x00\x00\x00\x00\x00\x00\x00\x00\x00\x00\x00\x00\x00\x00\x00\x00\x00\x00\x00\x00\x00\x00\x00\x00\x00\x00\x00\x00\x00\x00\x00\x00\x00\x00\x00\x00\x00\x00\x00\x00\x00\x00\x00\x00\x00\x00\x00\x00\x00\x00\x00\x00\x00\x00\x00\x00\x00\x00\x00\x00\x00\x00\x00\x00\x00\x00\x00\x00\x00\x00\x00\x00\x00\x00\x00\x00\x00\x00\x00\x00\x00\x00\x00\x00\x00\x00\x00\x00\x00\x00\x00\x00\x00\x00\x00\x00\x00\x00\x00\x00\x00\x00\x00\x00\x00\x00\x00\x00\x00\x00\x00\x00\x00\x00\x00\x00\x00\x01\x00\x00\x00\x02\x00\x00\x00\x03\x00\x00\x00\x04\x00\x00\x00\x05\x00\x00\x00\x06\x00\x00\x00\x07\x00\x00\x00\xfe\xff\xff\xff\xfd\xff\xff\xff\xfe\xff\xff\xff\xff\xff\xff\xff\xff\xff\xff\xff\xff\xff\xff\xff\xff\xff\xff\xff\xff\xff\xff\xff\xff\xff\xff\xff\xff\xff\xff\xff\xff\xff\xff\xff\xff\xff\xff\xff\xff\xff\xff\xff\xff\xff\xff\xff\xff\xff\xff\xff\xff\xff\xff\xff\xff\xff\xff\xff\xff\xff\xff\xff\xff\xff\xff\xff\xff\xff\xff\xff\xff\xff\xff\xff\xff\xff\xff\xff\xff\xff\xff\xff\xff\xff\xff\xff\xff\xff\xff\xff\xff\xff\xff\xff\xff\xff\xff\xff\xff\xff\xff\xff\xff\xff\xff\xff\xff\xff\xff\xff\xff\xff\xff\xff\xff\xff\xff\xff\xff\xff\xff\xff\xff\xff\xff\xff\xff\xff\xff\xff\xff\xff\xff\xff\xff\xff\xff\xff\xff\xff\xff\xff\xff\xff\xff\xff\xff\xff\xff\xff\xff\xff\xff\xff\xff\xff\xff\xff\xff\xff\xff\xff\xff\xff\xff\xff\xff\xff\xff\xff\xff\xff\xff\xff\xff\xff\xff\xff\xff\xff\xff\xff\xff\xff\xff\xff\xff\xff\xff\xff\xff\xff\xff\xff\xff\xff\xff\xff\xff\xff\xff\xff\xff\xff\xff\xff\xff\xff\xff\xff\xff\xff\xff\xff\xff\xff\xff\xff\xff\xff\xff\xff\xff\xff\xff\xff\xff\xff\xff\xff\xff\xff\xff\xff\xff\xff\xff\xff\xff\xff\xff\xff\xff\xff\xff\xff\xff\xff\xff\xff\xff\xff\xff\xff\xff\xff\xff\xff\xff\xff\xff\xff\xff\xff\xff\xff\xff\xff\xff\xff\xff\xff\xff\xff\xff\xff\xff\xff\xff\xff\xff\xff\xff\xff\xff\xff\xff\xff\xff\xff\xff\xff\xff\xff\xff\xff\xff\xff\xff\xff\xff\xff\xff\xff\xff\xff\xff\xff\xff\xff\xff\xff\xff\xff\xff\xff\xff\xff\xff\xff\xff\xff\xff\xff\xff\xff\xff\xff\xff\xff\xff\xff\xff\xff\xff\xff\xff\xff\xff\xff\xff\xff\xff\xff\xff\xff\xff\xff\xff\xff\xff\xff\xff\xff\xff\xff\xff\xff\xff\xff\xff\xff\xff\xff\xff\xff\xff\xff\xff\xff\xff\xff\xff\xff\xff\xff\xff\xff\xff\xff\xff\xff\xff\xff\xff\xff\xff\xff\xff\xff\xff\xff\xff\xff\xff\xff\xff\xff\xff\xff\xff\xff\xff\xff\xff\xff\xff\xff\xff\xff\xff\xff\xff\xff\xff\xff\xff\xff\xff\xff\xff\xff\xff\xff\xff\xff\xff\xff\xff\xff\xff\xff\xff\xff\xff\xff\xff\xff\xff\xff\xff\xff\xff\xff\xff\xff\xff\xff\xff\xff\xff\xff\xff\xff\xff\xff\xff\xff\xff\xff\xff\xff\xff\xff\xff\xff\xff\xff\xff\xff\xff\xff\xff\xffR\x00o\x00o\x00t\x00 \x00E\x00n\x00t\x00r\x00y\x00\x00\x00\x00\x00\x00\x00\x00\x00\x00\x00\x00\x00\x00\x00\x00\x00\x00\x00\x00\x00\x00\x00\x00\x00\x00\x00\x00\x00\x00\x00\x00\x00\x00\x00\x00\x00\x00\x00\x00\x00\x00\x00\x00\x00\x16\x00\x05\x01\xff\xff\xff\xff\xff\xff\xff\xff\x01\x00\x00\x00\x00\x00\x00\x00\x00\x00\x00\x00\x00\x00\x00\x00\x00\x00\x00\x00\x00\x00\x00\x00\x00\x00\x00\x00\x00\x00\x00\x00\x00\x00\x00\x00\x00\x00\x00\x00\xfe\xff\xff\xff\x00\x00\x00\x00\x00\x00\x00\x00W\x00o\x00r\x00k\x00b\x00o\x00o\x00k\x00\x00\x00\x00\x00\x00\x00\x00\x00\x00\x00\x00\x00\x00\x00\x00\x00\x00\x00\x00\x00\x00\x00\x00\x00\x00\x00\x00\x00\x00\x00\x00\x00\x00\x00\x00\x00\x00\x00\x00\x00\x00\x00\x00\x00\x00\x00\x00\x00\x12\x00\x02\x01\xff\xff\xff\xff\xff\xff\xff\xff\xff\xff\xff\xff\x00\x00\x00\x00\x00\x00\x00\x00\x00\x00\x00\x00\x00\x00\x00\x00\x00\x00\x00\x00\x00\x00\x00\x00\x00\x00\x00\x00\x00\x00\x00\x00\x00\x00\x00\x00\x00\x00\x00\x00\x00\x10\x00\x00\x00\x00\x00\x00\x00\x00\x00\x00\x00\x00\x00\x00\x00\x00\x00\x00\x00\x00\x00\x00\x00\x00\x00\x00\x00\x00\x00\x00\x00\x00\x00\x00\x00\x00\x00\x00\x00\x00\x00\x00\x00\x00\x00\x00\x00\x00\x00\x00\x00\x00\x00\x00\x00\x00\x00\x00\x00\x00\x00\x00\x00\x00\x00\x00\x00\x00\x00\x00\x00\x00\x00\x01\xff\xff\xff\xff\xff\xff\xff\xff\xff\xff\xff\xff\x00\x00\x00\x00\x00\x00\x00\x00\x00\x00\x00\x00\x00\x00\x00\x00\x00\x00\x00\x00\x00\x00\x00\x00\x00\x00\x00\x00\x00\x00\x00\x00\x00\x00\x00\x00\xfe\xff\xff\xff\x00\x00\x00\x00\x00\x00\x00\x00\x00\x00\x00\x00\x00\x00\x00\x00\x00\x00\x00\x00\x00\x00\x00\x00\x00\x00\x00\x00\x00\x00\x00\x00\x00\x00\x00\x00\x00\x00\x00\x00\x00\x00\x00\x00\x00\x00\x00\x00\x00\x00\x00\x00\x00\x00\x00\x00\x00\x00\x00\x00\x00\x00\x00\x00\x00\x00\x00\x00\x00\x00\x00\x00\x00\x00\x00\x01\xff\xff\xff\xff\xff\xff\xff\xff\xff\xff\xff\xff\x00\x00\x00\x00\x00\x00\x00\x00\x00\x00\x00\x00\x00\x00\x00\x00\x00\x00\x00\x00\x00\x00\x00\x00\x00\x00\x00\x00\x00\x00\x00\x00\x00\x00\x00\x00\xfe\xff\xff\xff\x00\x00\x00\x00\x00\x00\x00\x00\r\n--2f82ae0dcf052908b3e33268f79ef64d--\r\n'
2020-10-12 09:52:10,219 - root - INFO : 响应消息: {'traceId': '370d3b928d0844d6a019648ac5b3416e', 'status': '0', 'msg': 'success', 'data': {}}
2020-10-12 09:52:10,219 - root - INFO : 校验类型: [-status], 结果: [Passed], 预期: [0]
2020-10-12 09:52:10,219 - root - INFO : 校验类型: [-msg], 结果: [Passed], 预期: [success]
2020-10-12 09:52:10,219 - root - INFO :  = = =  = = =  = = =  = = =  = = =  = = =  = = =  = = = 分割线 = = =  = = =  = = =  = = =  = = =  = = =  = = =  = = = 
2020-10-12 09:52:10,222 - root - INFO : ************** 当前运行环境: Fat *************
2020-10-12 09:52:10,345 - root - INFO : 正在执行Block: register_code_phone
2020-10-12 09:52:10,345 - root - INFO : 正在执行Function: login_operation
2020-10-12 09:52:10,346 - root - INFO : 描述信息: 【运营系统】登录运营后台
2020-10-12 09:52:10,346 - root - INFO : 请求地址: https://admin-fat.shiguangkey.com/sys/login
2020-10-12 09:52:10,346 - root - INFO : 请求方法: [- POST -]
2020-10-12 09:52:10,346 - root - INFO : 请求头部: {'content-type': 'application/x-www-form-urlencoded', 'cookie': 'Hm_ct_7e8b931a9b138d095673181619178304=2382*1*1; Hm_lvt_7e8b931a9b138d095673181619178304=1597992196,1598525266,1598681451,1598930027; token=0x7798bf0712ef2ec6c4848f7ba47d63; tz-admin-token-fat=0x7798bf0712ef2ec6c4848f7ba47d63; im-token=undefined; Hm_lpvt_7e8b931a9b138d095673181619178304=1599813517; JSESSIONID=8B51B80134412BD07D3136F982755430'}
2020-10-12 09:52:10,346 - root - INFO : 请求正文: {'username': 'admin', 'password': 'admin1024', 'captcha': 'AAAAA'}
2020-10-12 09:52:10,472 - root - INFO : 响应消息: {'code': 0}
2020-10-12 09:52:10,472 - root - INFO : 校验类型: [-code], 结果: [Passed], 预期: [0]
2020-10-12 09:52:10,472 - root - INFO :  = = =  = = =  = = =  = = =  = = =  = = =  = = =  = = = 分割线 = = =  = = =  = = =  = = =  = = =  = = =  = = =  = = = 
2020-10-12 09:52:10,472 - root - INFO : 描述信息: 【运营系统】获取注册验证码
2020-10-12 09:52:10,472 - root - INFO : 请求地址: https://admin-fat.shiguangkey.com/user/set-smscode
2020-10-12 09:52:10,472 - root - INFO : 请求方法: [- GET -]
2020-10-12 09:52:10,472 - root - INFO : 请求头部: {'cookie': 'Hm_ct_7e8b931a9b138d095673181619178304=2382*1*1; Hm_lvt_7e8b931a9b138d095673181619178304=1597992196,1598525266,1598681451,1598930027; token=0x7798bf0712ef2ec6c4848f7ba47d63; tz-admin-token-fat=0x7798bf0712ef2ec6c4848f7ba47d63; im-token=undefined; Hm_lpvt_7e8b931a9b138d095673181619178304=1599813517; JSESSIONID=8B51B80134412BD07D3136F982755430'}
2020-10-12 09:52:10,473 - root - INFO : 请求正文: {'phone': '14514718068', '_': '1602467528000'}
2020-10-12 09:52:10,606 - root - INFO : 响应消息: {'bizId': None, 'data': {'smsCode': '5996'}, 'messageId': '20201012095212101665900', 'msg': 'success', 'status': 0, 'version': None}
2020-10-12 09:52:10,606 - root - INFO : 提取变量: [ smsCode: 5996 ]
2020-10-12 09:52:10,606 - root - INFO : 校验类型: [-status], 结果: [Passed], 预期: [0]
2020-10-12 09:52:10,606 - root - INFO : 校验类型: [-msg], 结果: [Passed], 预期: [success]
2020-10-12 09:52:10,606 - root - INFO : 校验类型: [-in]  结果: [Passed]  预期: smsCode
2020-10-12 09:52:10,606 - root - INFO :  = = =  = = =  = = =  = = =  = = =  = = =  = = =  = = = 分割线 = = =  = = =  = = =  = = =  = = =  = = =  = = =  = = = 
2020-10-12 09:52:10,606 - root - INFO : 描述信息: 【潭州课堂】获取登录学员 token
2020-10-12 09:52:10,607 - root - INFO : 请求地址: https://open-fat.shiguangkey.com/api/udb/login/phone/login
2020-10-12 09:52:10,607 - root - INFO : 请求方法: [- POST -]
2020-10-12 09:52:10,607 - root - INFO : 请求头部: {'content-type': 'application/x-www-form-urlencoded', 'terminaltype': '4'}
2020-10-12 09:52:10,607 - root - INFO : 请求正文: {'phone': '86-14514718068', 'code': '5996'}
2020-10-12 09:52:10,924 - root - INFO : 响应消息: {'traceId': '190845c815724780999246cada40de9f', 'status': '0', 'msg': 'success', 'data': {'user': {'uid': 19866852, 'mobile': '14514718068', 'account': 't0389269440', 'nickname': '光明的琴叶榕', 'headImg': 'https://res.shiguangkey.com/res/images/default.png', 'openId': '', 'newRegister': True, 'needBindPhone': False, 'showAccountList': False}, 'token': '5330a7fe0712f24e466854777a0fa279'}}
2020-10-12 09:52:10,924 - root - INFO : 提取变量: [ student: 5330a7fe0712f24e466854777a0fa279 ]
2020-10-12 09:52:10,924 - root - INFO : 校验类型: [-status], 结果: [Passed], 预期: [0]
2020-10-12 09:52:10,924 - root - INFO : 校验类型: [-msg], 结果: [Passed], 预期: [success]
2020-10-12 09:52:10,924 - root - INFO :  = = =  = = =  = = =  = = =  = = =  = = =  = = =  = = = 分割线 = = =  = = =  = = =  = = =  = = =  = = =  = = =  = = = 
2020-10-12 09:52:10,925 - root - INFO : 描述信息: 【潭州课堂】获取潭州账号
2020-10-12 09:52:10,925 - root - INFO : 请求地址: https://open-fat.shiguangkey.com/api/udb/user/mine
2020-10-12 09:52:10,925 - root - INFO : 请求方法: [- GET -]
2020-10-12 09:52:10,925 - root - INFO : 请求头部: {'terminaltype': '4', 'token': '5330a7fe0712f24e466854777a0fa279'}
2020-10-12 09:52:10,925 - root - INFO : 请求正文: None
2020-10-12 09:52:11,066 - root - INFO : 响应消息: {'traceId': 'ec102de22d264450bc7c657981ee5494', 'status': '0', 'msg': 'success', 'data': {'userDetail': {'uid': 19866852, 'account': 't0389269440', 'phone': '14514718068', 'nickname': '光明的琴叶榕', 'birthday': '', 'headImg': 'https://res.shiguangkey.com/res/images/default.png', 'qq': '', 'description': '', 'realname': '', 'gender': 2, 'email': '', 'industry': '', 'profession': '', 'address': '', 'signature': '', 'openId': '', 'wechat': '', 'token': '', 'relevanceMobile': '', 'pwdNeedPerfect': True, 'certMobile': '14514718068', 'needBindPhone': False}}}
2020-10-12 09:52:11,066 - root - INFO : 提取变量: [ account: t0389269440 ]
2020-10-12 09:52:11,066 - root - INFO : 校验类型: [-status], 结果: [Passed], 预期: [0]
2020-10-12 09:52:11,066 - root - INFO : 校验类型: [-msg], 结果: [Passed], 预期: [success]
2020-10-12 09:52:11,066 - root - INFO :  = = =  = = =  = = =  = = =  = = =  = = =  = = =  = = = 分割线 = = =  = = =  = = =  = = =  = = =  = = =  = = =  = = = 
2020-10-12 09:52:11,068 - root - INFO : 描述信息: 【潭州平台】获取登录用户 token
2020-10-12 09:52:11,068 - root - INFO : 请求地址: https://open-fat.shiguangkey.com/api/udb/workwechat/auth/login
2020-10-12 09:52:11,068 - root - INFO : 请求方法: [- POST -]
2020-10-12 09:52:11,068 - root - INFO : 请求头部: {'content-type': 'application/x-www-form-urlencoded', 'terminaltype': '4'}
2020-10-12 09:52:11,068 - root - INFO : 请求正文: {'account': 't0385252771', 'password': '4QrcOUm6Wau+VuBX8g+IPg'}
2020-10-12 09:52:11,216 - root - INFO : 响应消息: {'traceId': '321cb4533dda4f549cd5b99087d1024f', 'status': '0', 'msg': 'success', 'data': {'user': {'uid': 19861714, 'mobile': '', 'account': '', 'nickname': '精彩的鲀鱼', 'headImg': 'https://res.shiguangkey.com/res/images/default.png', 'openId': '', 'newRegister': False, 'needBindPhone': False, 'showAccountList': False}, 'token': '0x772e650712f10d27b5c4782878b34e'}}
2020-10-12 09:52:11,217 - root - INFO : 提取变量: [ pttoken: 0x772e650712f10d27b5c4782878b34e ]
2020-10-12 09:52:11,217 - root - INFO : 校验类型: [-status], 结果: [Passed], 预期: [0]
2020-10-12 09:52:11,217 - root - INFO : 校验类型: [-msg], 结果: [Passed], 预期: [success]
2020-10-12 09:52:11,217 - root - INFO :  = = =  = = =  = = =  = = =  = = =  = = =  = = =  = = = 分割线 = = =  = = =  = = =  = = =  = = =  = = =  = = =  = = = 
2020-10-12 09:52:11,217 - root - INFO : 描述信息: 【CRM-工单管理-工单列表】新建工单
2020-10-12 09:52:11,217 - root - INFO : 请求地址: https://order-fat.shiguangkey.com/admin/order/order/saveFirst
2020-10-12 09:52:11,217 - root - INFO : 请求方法: [- POST -]
2020-10-12 09:52:11,217 - root - INFO : 请求头部: {'content-type': 'application/x-www-form-urlencoded', 'token': '0x772e650712f10d27b5c4782878b34e'}
2020-10-12 09:52:11,217 - root - INFO : 请求正文: {'userAccount': 't0389269440', 'userName': '王五', 'userPhone': '14514718068', 'userQq': '14514718068', 'channel': 21, 'buyType': 1, 'goodsType': 6810, 'vipLiveState': 1, 'payTime': '1602432000000', 'payMoney': 3001, 'isKoubei': 0, 'followerUid': 19861714, 'goods': '[{"goodsType":6810,"goodsId":20265,"goodsMoney":3001}]', 'receiveChannelIdF': 1, 'receiveChannelIdT': 37, 'transNo': '1602467528000', 'loanSubsidizedAmount': 0, 'currencyValue': 1, 'voucherUrl': 'https://res.shiguangkey.com/paymentVoucher/2020/10/10/94ad995362/20200408153408271523387.jpg', 'divideDeptDetails': '[{"followerUid":19861714,"deptIdChain":"1001-8006-8007-8008-8009","divideAmount":3001}]', 'customerDeptId': 8009, 'isSuspend': 0}
2020-10-12 09:52:12,649 - root - INFO : 响应消息: {'traceId': '9cc8329ca53b7f49', 'status': '0', 'msg': 'success', 'data': {'result': {'courseTitles': '顾言测试3001', 'createTime': 1602467534000, 'followerMobile': '13907380004', 'url': 'https://m-fat.shiguangkey.com/payForWork?w=NonosugOtZy0A5wMcDN3a1qpGyqaMlgfYJZys3WFZEY='}}}
2020-10-12 09:52:12,649 - root - INFO : 校验类型: [-status], 结果: [Passed], 预期: [0]
2020-10-12 09:52:12,649 - root - INFO : 校验类型: [-msg], 结果: [Passed], 预期: [success]
2020-10-12 09:52:12,649 - root - INFO :  = = =  = = =  = = =  = = =  = = =  = = =  = = =  = = = 分割线 = = =  = = =  = = =  = = =  = = =  = = =  = = =  = = = 
2020-10-12 09:52:12,649 - root - INFO : 描述信息: 【CRM-工单管理-工单列表】查询工单
2020-10-12 09:52:12,650 - root - INFO : 请求地址: https://order-fat.shiguangkey.com/admin/order/paymentWater/getPageList
2020-10-12 09:52:12,650 - root - INFO : 请求方法: [- GET -]
2020-10-12 09:52:12,650 - root - INFO : 请求头部: {'token': '0x772e650712f10d27b5c4782878b34e'}
2020-10-12 09:52:12,650 - root - INFO : 请求正文: {'userAccount': 't0389269440', 'createTimeStart': '1602432000000', 'createTimeEnd': '1602518399000', 'pageIndex': 1, 'pageSize': 20}
2020-10-12 09:52:12,836 - root - INFO : 响应消息: {'traceId': 'ca87238c4597aa92', 'status': '0', 'msg': 'success', 'data': {'totalItem': 1, 'list': [{'id': 165455, 'userPhone': '14514718068', 'userName': '王五', 'userAccount': 't0389269440', 'userQq': '14514718068', 'userWechat': None, 'ordersNo': 'D201012765149820376584192', 'ordersId': 114672, 'payWaterNo': 'W765149821123170304', 'payMoney': 3001.0, 'payStatus': 1131, 'completeStatus': 1, 'followerAccount': 't0385252771', 'customerDeptName': None, 'isOverdue': 0, 'isOpenSea': 0, 'channel': 21, 'transNo': '1602467528000', 'createTime': 1602467534000, 'creatorUid': 19861714, 'initialId': 0, 'creatorName': '丁聪4', 'receiveChannelIdF': 1}]}}
2020-10-12 09:52:12,837 - root - INFO : 提取变量: [ id: 165455 ]
2020-10-12 09:52:12,837 - root - INFO : 校验类型: [-status], 结果: [Passed], 预期: [0]
2020-10-12 09:52:12,837 - root - INFO : 校验类型: [-msg], 结果: [Passed], 预期: [success]
2020-10-12 09:52:12,837 - root - INFO :  = = =  = = =  = = =  = = =  = = =  = = =  = = =  = = = 分割线 = = =  = = =  = = =  = = =  = = =  = = =  = = =  = = = 
2020-10-12 09:52:12,837 - root - INFO : 描述信息: 【CRM-财务管理-工单审核列表】审核工单
2020-10-12 09:52:12,837 - root - INFO : 请求地址: https://order-fat.shiguangkey.com/admin/order/finance/audit/pass
2020-10-12 09:52:12,837 - root - INFO : 请求方法: [- GET -]
2020-10-12 09:52:12,837 - root - INFO : 请求头部: {'content_type': 'application/x-www-form-urlencoded', 'token': '0x772e650712f10d27b5c4782878b34e'}
2020-10-12 09:52:12,837 - root - INFO : 请求正文: {'id': '165455'}
2020-10-12 09:52:13,308 - root - INFO : 响应消息: {'traceId': 'a7f7cec3015dcfd3', 'status': '0', 'msg': 'success', 'data': {}}
2020-10-12 09:52:13,308 - root - INFO : 校验类型: [-status], 结果: [Passed], 预期: [0]
2020-10-12 09:52:13,308 - root - INFO : 校验类型: [-msg], 结果: [Passed], 预期: [success]
2020-10-12 09:52:13,308 - root - INFO :  = = =  = = =  = = =  = = =  = = =  = = =  = = =  = = = 分割线 = = =  = = =  = = =  = = =  = = =  = = =  = = =  = = = 
2020-10-12 09:52:13,308 - root - INFO : 描述信息: 【流量/成单记录查询】成单记录数据查询
2020-10-12 09:52:13,308 - root - INFO : 请求地址: https://galaxy-api-fat.shiguangkey.com/api/galaxy/customerManage/customerLeaningAllocPageList
2020-10-12 09:52:13,308 - root - INFO : 请求方法: [- POST -]
2020-10-12 09:52:13,309 - root - INFO : 请求头部: {'content-type': 'application/x-www-form-urlencoded', 'token': '0x772e650712f10d27b5c4782878b34e'}
2020-10-12 09:52:13,309 - root - INFO : 请求正文: {'gatherTimeStart': '1602432000000', 'gatherTimeEnd': '1602518399000', 'isAdult': 1, 'tanzkAccount': 't0389269440', 'pageIndex': 1, 'pageSize': 20}
2020-10-12 09:52:13,516 - root - INFO : 响应消息: {'traceId': 'e50d0f99e588422fa65873a1b81b74d2', 'status': '0', 'msg': 'success', 'data': {'totalItem': 0, 'list': []}}
2020-10-12 09:52:13,516 - root - INFO :  = = =  = = =  = = =  = = =  = = =  = = =  = = =  = = = 分割线 = = =  = = =  = = =  = = =  = = =  = = =  = = =  = = = 
