2020-10-21 09:38:58,208 - root - INFO : 描述信息: 【潭州平台】获取登录用户 token
2020-10-21 09:38:58,209 - root - INFO : 请求地址: https://open-fat.shiguangkey.com/api/udb/workwechat/auth/login
2020-10-21 09:38:58,209 - root - INFO : 请求方法: [- POST -]
2020-10-21 09:38:58,209 - root - INFO : 请求头部: {'content-type': 'application/x-www-form-urlencoded', 'terminaltype': '4'}
2020-10-21 09:38:58,209 - root - INFO : 请求正文: {'account': 't0384223793', 'password': '4QrcOUm6Wau+VuBX8g+IPg'}
2020-10-21 09:38:58,447 - root - INFO : 响应消息: {'traceId': '158bd557fa784530bea9f708f4cbc0aa', 'status': '0', 'msg': 'success', 'data': {'user': {'uid': 19862099, 'mobile': '', 'account': '', 'nickname': '日常的阿魏', 'headImg': 'https://res.shiguangkey.com/res/images/default.png', 'openId': '', 'newRegister': False, 'needBindPhone': False, 'showAccountList': False}, 'token': '0x77a7a40712f125362234795aa9432d'}}
2020-10-21 09:38:58,448 - root - INFO : 提取变量: [ pttoken: 0x77a7a40712f125362234795aa9432d ]
2020-10-21 09:38:58,448 - root - INFO : 校验类型: [-status], 结果: [Passed], 预期: [0]
2020-10-21 09:38:58,448 - root - INFO : 校验类型: [-msg], 结果: [Passed], 预期: [success]
2020-10-21 09:38:58,448 - root - INFO :  = = =  = = =  = = =  = = =  = = =  = = =  = = =  = = = 分割线 = = =  = = =  = = =  = = =  = = =  = = =  = = =  = = = 
2020-10-21 09:39:14,440 - root - INFO : 当前所在Class: Website || 类描述信息: None
2020-10-21 09:39:14,541 - root - INFO : 当前所在Class: Check || 类描述信息: None
2020-10-21 09:39:14,605 - root - INFO : 当前所在Class: Website || 类描述信息: None
2020-10-21 09:39:14,652 - root - INFO : 当前所在Class: Check || 类描述信息: None
2020-10-21 09:39:14,773 - root - INFO : 描述信息: 【工具/落地页工具/新建落地页/API】一键提交模式-保存落地页
2020-10-21 09:39:14,773 - root - INFO : 请求地址: https://luban-api-fat.shiguangkey.com/website-edit-api/website/create_website
2020-10-21 09:39:14,773 - root - INFO : 请求方法: [- POST -]
2020-10-21 09:39:14,773 - root - INFO : 请求头部: {'content-type': 'application/json', 'token': '0x77ffb30712f1fa16cc04677878f70c'}
2020-10-21 09:39:14,773 - root - INFO : 请求正文: {'name': '落地页-75802905', 'goodsId': '506', 'previewUrl': 'https://fat-huawei-media.shiguangkey.com/kdqr01o7kdjm64t', 'isRecommendApp': False, 'submitType': 3, 'isSmsVerify': 1, 'pageMode': 1, 'websiteType': 1, 'adCreateType': 2, 'websiteWechatType': 1, 'bgColor': '', 'bgImage': '', 'version': '2.1.3', 'compReqs': [{'compJson': '{"id":"kdqqz7py6tvtjhs","type":19,"width":375,"height":70,"isFixed":true,"goodsName":"自动化测试专用商品（小咖）","goodsId":173,"priceText":50,"priceOrigin":199,"priceTextColor":"#FF0363","priceTextSize":28,"tipText":"前100名活动限时价","tipTextColor":"#666666","tipTextSize":11,"buttonText":"立即购买","buttonTextColor":"#FFFFFF","buttonTextSize":18,"buttonBg":"#FF0363","isOneKey":true,"pageMode":1,"pageType":1,"isPopup":false,"y":0}', 'fileIds': [], 'scene': 1, 'type': 19}, {'compJson': '{"id":"kdqqz7sunmzeza0","type":24,"width":375,"height":257,"goodsName":"自动化测试专用商品（小咖）","goodsId":0,"goodsDesc":"自动化测试专用商品（小咖）","goodsCover":"https://xk-assets.tanzhou.cn/file/edu/courseType/20200422/16/20200422160000300999108.jpg","priceText":50,"priceOrigin":199,"phoneNo":"130XXXXXXXX","payNo":"D000000000000000000","isPay":true,"y":0}', 'fileIds': [], 'scene': 2, 'type': 24}, {'compJson': '{"id":"kdqqz7suesf0szw","type":13,"width":375,"height":136,"text":"上课须知\\n1.本产品为特价活动课程，一经购买，概不退款，请谅解；\\n2.课程购买成功后，老师会在24小时以内通过电话、微信或短信的方式联系您，请保持联系方式畅通。","fontSize":12,"fontWeight":"normal","fontStyle":"normal","textDecoration":"none","opacity":100,"textAlign":"left","letterSpacing":0,"lineHeight":2,"placeholder":"请输入文本内容","color":"#999999","y":257}', 'fileIds': [], 'scene': 2, 'type': 13}, {'compJson': '{"id":"kdqqz7suc6uq9j5","type":3,"width":375,"height":176,"required":true,"value":"","title":"手机 (已加密)","placeholder":"请输入手机号码","unique":true,"validate":true,"layout":1,"phoneCodeType":0,"codeTextColor":"#FFFFFF","codeTextSize":15,"codeBgColor":"#1855FB","isAbroad":false,"y":0}', 'fileIds': [], 'scene': 3, 'type': 3}, {'compJson': '{"id":"kdqqz7suy9ju2xa","type":24,"width":375,"height":218,"goodsName":"自动化测试专用商品（小咖）","goodsId":0,"goodsDesc":"自动化测试专用商品（小咖）","goodsCover":"https://xk-assets.tanzhou.cn/file/edu/courseType/20200422/16/20200422160000300999108.jpg","priceText":50,"priceOrigin":199,"phoneNo":"130XXXXXXXX","payNo":"D000000000000000000","y":176}', 'fileIds': [], 'scene': 3, 'type': 24}, {'compJson': '{"id":"kdqqz7su0wy2opu","type":23,"width":339,"height":71,"buttonHeight":45,"text":"确认支付 ￥50","textColor":"#FFFFFF","textSize":18,"borderColor":"#FF0363","borderWidth":2,"borderRadius":4,"bgColor":"#FF0363","isDownloadApp":false,"isFixed":true,"y":394}', 'fileIds': [], 'scene': 3, 'type': 23}]}
2020-10-21 09:39:15,008 - root - INFO : 响应消息: {'status': 0, 'msg': 'success', 'traceId': 'e9425c2a58d94450a6ce3672d0022225', 'data': {'code': '1318728522047823873', 'id': 9090}}
2020-10-21 09:39:15,009 - root - INFO : 提取变量: [ websiteId: 9090 ]
2020-10-21 09:39:15,009 - root - INFO : 校验类型: [-status], 结果: [Passed], 预期: [0]
2020-10-21 09:39:15,009 - root - INFO : 校验类型: [-msg], 结果: [Passed], 预期: [success]
2020-10-21 09:39:15,009 - root - INFO :  = = =  = = =  = = =  = = =  = = =  = = =  = = =  = = = 分割线 = = =  = = =  = = =  = = =  = = =  = = =  = = =  = = = 
2020-10-21 09:39:15,009 - root - INFO : 描述信息: 【工具/落地页工具/新建落地页/手动】发布落地页
2020-10-21 09:39:15,009 - root - INFO : 请求地址: https://luban-api-fat.shiguangkey.com/website-edit-api/website/publish_website
2020-10-21 09:39:15,009 - root - INFO : 请求方法: [- POST -]
2020-10-21 09:39:15,009 - root - INFO : 请求头部: {'content-type': 'application/json', 'token': '0x77a7a40712f125362234795aa9432d'}
2020-10-21 09:39:15,009 - root - INFO : 请求正文: {'websiteId': '9090'}
2020-10-21 09:39:15,198 - root - INFO : 响应消息: {'status': 0, 'msg': '落地页发布成功', 'traceId': 'db1209d3fbd84f7d9d4d3bbe895077b0', 'data': None}
2020-10-21 09:39:15,198 - root - INFO : 校验类型: [-status], 结果: [Passed], 预期: [0]
2020-10-21 09:39:15,198 - root - INFO :  = = =  = = =  = = =  = = =  = = =  = = =  = = =  = = = 分割线 = = =  = = =  = = =  = = =  = = =  = = =  = = =  = = = 
2020-10-21 09:39:15,198 - root - INFO : 描述信息: 【工具/落地页工具/新建落地页/手动】生成链接
2020-10-21 09:39:15,198 - root - INFO : 请求地址: https://luban-api-fat.shiguangkey.com/website-edit-api/website_link/association_creativity
2020-10-21 09:39:15,198 - root - INFO : 请求方法: [- POST -]
2020-10-21 09:39:15,199 - root - INFO : 请求头部: {'content-type': 'application/json', 'token': '0x77a7a40712f125362234795aa9432d'}
2020-10-21 09:39:15,199 - root - INFO : 请求正文: {'websiteId': '9090', 'title': 'kuaishou', 'accountId': 'wx359bdedd5d18907a', 'releaseChannel': 3, 'putPlanNames': ['自动化落地页49116342'], 'domain': 'https://mz-fat.tanzhouedu.com', 'subjectId': 280, 'websiteLinkFollowReq': {'gatherType': 1, 'isTest': 0, 'receiveDeptIdChain': '', 'receiveDeptName': '', 'allocInstType': 2, 'putMode': 3}, 'channelId': 6, 'subject': 'PHP'}
2020-10-21 09:39:15,388 - root - INFO : 响应消息: {'status': 0, 'msg': 'success', 'traceId': '1a270e5f54214014a6f3781e99f18873', 'data': [{'putPlanName': None, 'creativityCode': 'b5a2ee40c28a2288'}]}
2020-10-21 09:39:15,388 - root - INFO : 提取变量: [ creativityCode: b5a2ee40c28a2288 ]
2020-10-21 09:39:15,388 - root - INFO : 校验类型: [-status], 结果: [Passed], 预期: [0]
2020-10-21 09:39:15,388 - root - INFO : 校验类型: [-msg], 结果: [Passed], 预期: [success]
2020-10-21 09:39:15,388 - root - INFO :  = = =  = = =  = = =  = = =  = = =  = = =  = = =  = = = 分割线 = = =  = = =  = = =  = = =  = = =  = = =  = = =  = = = 
2020-10-21 09:39:15,389 - root - INFO : 描述信息: 【银河/工具/落地页工具】落地页数据查询
2020-10-21 09:39:15,389 - root - INFO : 请求地址: https://luban-api-fat.shiguangkey.com/website-edit-api/website_link/list_creativity
2020-10-21 09:39:15,389 - root - INFO : 请求方法: [- POST -]
2020-10-21 09:39:15,389 - root - INFO : 请求头部: {'content-type': 'application/json', 'token': '0x77a7a40712f125362234795aa9432d'}
2020-10-21 09:39:15,389 - root - INFO : 请求正文: {'websiteCode': '', 'creativityCode': '', 'adNo': '', 'isTest': '', 'channelCode': '', 'subjectId': '', 'putMode': '', 'websiteName': '落地页-75802905', 'submitStartTime': '2020-10-21 00:00:00', 'submitEndTime': '2020-10-21 23:59:59', 'pageNo': 1, 'pageSize': 10, 'websiteType': 1}
2020-10-21 09:39:16,047 - root - INFO : 响应消息: {'status': 0, 'msg': 'success', 'traceId': 'bf94fd36e5fa469ebb18e54bde3a6b2a', 'data': {'totalPage': 1, 'rows': [{'websiteLinkId': 8510, 'websiteName': '落地页-75802905', 'previewUrl': 'https://fat-huawei-media.shiguangkey.com/kdqr01o7kdjm64t', 'adNo': '', 'creativityId': 0, 'putPlanName': '自动化落地页49116342', 'websiteCode': '1318728522047823873', 'websiteId': 9090, 'promoter': '自动化专用-勿动', 'publishTime': '2020-10-21 09:39:15', 'updatedAt': 1603244355000, 'channel': None, 'subject': 'PHP', 'putMode': 3, 'creativityCode': 'b5a2ee40c28a2288', 'creativityStat': {'creativityCode': 'b5a2ee40c28a2288', 'pageView': 0, 'uniqueVisitor': 0, 'conversionRate': 0, 'orderNum': 0, 'formSubmitNum': 0, 'clickNum': 0, 'adultNum': 0, 'minorNum': 0, 'avgLoadTime': 0, 'downloadNum': 0, 'noCustomerGrown': None, 'noCustomerChild': None, 'cpc': None, 'noLeaningRepeatGrown': None, 'noLeaningRepeatChild': None, 'noLeaning': None}, 'websiteType': 1, 'transferType': 0, 'isTest': 0, 'receiveDeptName': None, 'allocInstType': 2, 'isDisable': 0, 'releaseChannel': 3, 'url': 'https://mz-fat.tanzhouedu.com?s=b5a2ee40c28a2288', 'customerNum': None, 'userId': 1737}], 'totalCount': 1, 'pageNo': 1, 'pageSize': 10, 'currentPageSize': 1}}
2020-10-21 09:39:16,048 - root - INFO : 提取变量: [ adNo:  ]
2020-10-21 09:39:16,048 - root - INFO : 提取变量: [ websiteCode: 1318728522047823873 ]
2020-10-21 09:39:16,048 - root - INFO : 提取变量: [ websiteLinkId: 8510 ]
2020-10-21 09:39:16,048 - root - INFO : 提取变量: [ url: https://mz-fat.tanzhouedu.com?s=b5a2ee40c28a2288 ]
2020-10-21 09:39:16,049 - root - INFO : 校验类型: [-status], 结果: [Passed], 预期: [0]
2020-10-21 09:39:16,049 - root - INFO : 校验类型: [-msg], 结果: [Passed], 预期: [success]
2020-10-21 09:39:16,049 - root - INFO :  = = =  = = =  = = =  = = =  = = =  = = =  = = =  = = = 分割线 = = =  = = =  = = =  = = =  = = =  = = =  = = =  = = = 
2020-10-21 09:39:21,258 - root - INFO : 当前所在Class: Website || 类描述信息: None
2020-10-21 09:39:21,351 - root - INFO : 当前所在Class: Check || 类描述信息: None
2020-10-21 09:39:21,415 - root - INFO : 当前所在Class: Website || 类描述信息: None
2020-10-21 09:39:21,462 - root - INFO : 当前所在Class: Check || 类描述信息: None
2020-10-21 09:39:21,582 - root - INFO : 描述信息: 【工具/落地页工具/新建落地页/API】一键提交模式-保存落地页
2020-10-21 09:39:21,583 - root - INFO : 请求地址: https://luban-api-fat.shiguangkey.com/website-edit-api/website/create_website
2020-10-21 09:39:21,583 - root - INFO : 请求方法: [- POST -]
2020-10-21 09:39:21,583 - root - INFO : 请求头部: {'content-type': 'application/json', 'token': '0x77ffb30712f1fa16cc04677878f70c'}
2020-10-21 09:39:21,583 - root - INFO : 请求正文: {'name': '落地页-47303539', 'goodsId': '506', 'previewUrl': 'https://fat-huawei-media.shiguangkey.com/kdqr01o7kdjm64t', 'isRecommendApp': False, 'submitType': 3, 'isSmsVerify': 1, 'pageMode': 1, 'websiteType': 1, 'adCreateType': 2, 'websiteWechatType': 1, 'bgColor': '', 'bgImage': '', 'version': '2.1.3', 'compReqs': [{'compJson': '{"id":"kdqqz7py6tvtjhs","type":19,"width":375,"height":70,"isFixed":true,"goodsName":"自动化测试专用商品（小咖）","goodsId":173,"priceText":50,"priceOrigin":199,"priceTextColor":"#FF0363","priceTextSize":28,"tipText":"前100名活动限时价","tipTextColor":"#666666","tipTextSize":11,"buttonText":"立即购买","buttonTextColor":"#FFFFFF","buttonTextSize":18,"buttonBg":"#FF0363","isOneKey":true,"pageMode":1,"pageType":1,"isPopup":false,"y":0}', 'fileIds': [], 'scene': 1, 'type': 19}, {'compJson': '{"id":"kdqqz7sunmzeza0","type":24,"width":375,"height":257,"goodsName":"自动化测试专用商品（小咖）","goodsId":0,"goodsDesc":"自动化测试专用商品（小咖）","goodsCover":"https://xk-assets.tanzhou.cn/file/edu/courseType/20200422/16/20200422160000300999108.jpg","priceText":50,"priceOrigin":199,"phoneNo":"130XXXXXXXX","payNo":"D000000000000000000","isPay":true,"y":0}', 'fileIds': [], 'scene': 2, 'type': 24}, {'compJson': '{"id":"kdqqz7suesf0szw","type":13,"width":375,"height":136,"text":"上课须知\\n1.本产品为特价活动课程，一经购买，概不退款，请谅解；\\n2.课程购买成功后，老师会在24小时以内通过电话、微信或短信的方式联系您，请保持联系方式畅通。","fontSize":12,"fontWeight":"normal","fontStyle":"normal","textDecoration":"none","opacity":100,"textAlign":"left","letterSpacing":0,"lineHeight":2,"placeholder":"请输入文本内容","color":"#999999","y":257}', 'fileIds': [], 'scene': 2, 'type': 13}, {'compJson': '{"id":"kdqqz7suc6uq9j5","type":3,"width":375,"height":176,"required":true,"value":"","title":"手机 (已加密)","placeholder":"请输入手机号码","unique":true,"validate":true,"layout":1,"phoneCodeType":0,"codeTextColor":"#FFFFFF","codeTextSize":15,"codeBgColor":"#1855FB","isAbroad":false,"y":0}', 'fileIds': [], 'scene': 3, 'type': 3}, {'compJson': '{"id":"kdqqz7suy9ju2xa","type":24,"width":375,"height":218,"goodsName":"自动化测试专用商品（小咖）","goodsId":0,"goodsDesc":"自动化测试专用商品（小咖）","goodsCover":"https://xk-assets.tanzhou.cn/file/edu/courseType/20200422/16/20200422160000300999108.jpg","priceText":50,"priceOrigin":199,"phoneNo":"130XXXXXXXX","payNo":"D000000000000000000","y":176}', 'fileIds': [], 'scene': 3, 'type': 24}, {'compJson': '{"id":"kdqqz7su0wy2opu","type":23,"width":339,"height":71,"buttonHeight":45,"text":"确认支付 ￥50","textColor":"#FFFFFF","textSize":18,"borderColor":"#FF0363","borderWidth":2,"borderRadius":4,"bgColor":"#FF0363","isDownloadApp":false,"isFixed":true,"y":394}', 'fileIds': [], 'scene': 3, 'type': 23}]}
2020-10-21 09:39:21,790 - root - INFO : 响应消息: {'status': 0, 'msg': 'success', 'traceId': '7c9f5ce6f26b4a9ab1bd86235769cbe7', 'data': {'code': '1318728550481010690', 'id': 9091}}
2020-10-21 09:39:21,790 - root - INFO : 提取变量: [ websiteId: 9091 ]
2020-10-21 09:39:21,790 - root - INFO : 校验类型: [-status], 结果: [Passed], 预期: [0]
2020-10-21 09:39:21,790 - root - INFO : 校验类型: [-msg], 结果: [Passed], 预期: [success]
2020-10-21 09:39:21,790 - root - INFO :  = = =  = = =  = = =  = = =  = = =  = = =  = = =  = = = 分割线 = = =  = = =  = = =  = = =  = = =  = = =  = = =  = = = 
2020-10-21 09:39:21,790 - root - INFO : 描述信息: 【工具/落地页工具/新建落地页/手动】发布落地页
2020-10-21 09:39:21,791 - root - INFO : 请求地址: https://luban-api-fat.shiguangkey.com/website-edit-api/website/publish_website
2020-10-21 09:39:21,791 - root - INFO : 请求方法: [- POST -]
2020-10-21 09:39:21,791 - root - INFO : 请求头部: {'content-type': 'application/json', 'token': '0x77a7a40712f125362234795aa9432d'}
2020-10-21 09:39:21,791 - root - INFO : 请求正文: {'websiteId': '9091'}
2020-10-21 09:39:21,960 - root - INFO : 响应消息: {'status': 0, 'msg': '落地页发布成功', 'traceId': 'd47eb14485b8410baa80de439da4b874', 'data': None}
2020-10-21 09:39:21,961 - root - INFO : 校验类型: [-status], 结果: [Passed], 预期: [0]
2020-10-21 09:39:21,961 - root - INFO :  = = =  = = =  = = =  = = =  = = =  = = =  = = =  = = = 分割线 = = =  = = =  = = =  = = =  = = =  = = =  = = =  = = = 
2020-10-21 09:39:21,961 - root - INFO : 描述信息: 【工具/落地页工具/新建落地页/手动】生成链接
2020-10-21 09:39:21,961 - root - INFO : 请求地址: https://luban-api-fat.shiguangkey.com/website-edit-api/website_link/association_creativity
2020-10-21 09:39:21,961 - root - INFO : 请求方法: [- POST -]
2020-10-21 09:39:21,961 - root - INFO : 请求头部: {'content-type': 'application/json', 'token': '0x77a7a40712f125362234795aa9432d'}
2020-10-21 09:39:21,961 - root - INFO : 请求正文: {'websiteId': '9091', 'title': 'kuaishou', 'accountId': 'wx359bdedd5d18907a', 'releaseChannel': 3, 'putPlanNames': ['自动化落地页50143856'], 'domain': 'https://mz-fat.tanzhouedu.com', 'subjectId': 280, 'websiteLinkFollowReq': {'gatherType': 1, 'isTest': 0, 'receiveDeptIdChain': '1001-2001-3007-14', 'receiveDeptName': 'wy测试部门', 'allocInstType': 3, 'putMode': 3, 'receiveDeptId': 14}, 'channelId': 6, 'subject': 'PHP'}
2020-10-21 09:39:22,143 - root - INFO : 响应消息: {'status': 0, 'msg': 'success', 'traceId': 'a182e9ef93024339bfd737415a1c7781', 'data': [{'putPlanName': None, 'creativityCode': 'c62f087ed0ef5852'}]}
2020-10-21 09:39:22,143 - root - INFO : 提取变量: [ creativityCode: c62f087ed0ef5852 ]
2020-10-21 09:39:22,144 - root - INFO : 校验类型: [-status], 结果: [Passed], 预期: [0]
2020-10-21 09:39:22,144 - root - INFO : 校验类型: [-msg], 结果: [Passed], 预期: [success]
2020-10-21 09:39:22,144 - root - INFO :  = = =  = = =  = = =  = = =  = = =  = = =  = = =  = = = 分割线 = = =  = = =  = = =  = = =  = = =  = = =  = = =  = = = 
2020-10-21 09:39:22,144 - root - INFO : 描述信息: 【银河/工具/落地页工具】落地页数据查询
2020-10-21 09:39:22,144 - root - INFO : 请求地址: https://luban-api-fat.shiguangkey.com/website-edit-api/website_link/list_creativity
2020-10-21 09:39:22,144 - root - INFO : 请求方法: [- POST -]
2020-10-21 09:39:22,144 - root - INFO : 请求头部: {'content-type': 'application/json', 'token': '0x77a7a40712f125362234795aa9432d'}
2020-10-21 09:39:22,144 - root - INFO : 请求正文: {'websiteCode': '', 'creativityCode': '', 'adNo': '', 'isTest': '', 'channelCode': '', 'subjectId': '', 'putMode': '', 'websiteName': '落地页-47303539', 'submitStartTime': '2020-10-21 00:00:00', 'submitEndTime': '2020-10-21 23:59:59', 'pageNo': 1, 'pageSize': 10, 'websiteType': 1}
2020-10-21 09:39:22,680 - root - INFO : 响应消息: {'status': 0, 'msg': 'success', 'traceId': 'a32175c66e21425999597a67a636ea85', 'data': {'totalPage': 1, 'rows': [{'websiteLinkId': 8511, 'websiteName': '落地页-47303539', 'previewUrl': 'https://fat-huawei-media.shiguangkey.com/kdqr01o7kdjm64t', 'adNo': '', 'creativityId': 0, 'putPlanName': '自动化落地页50143856', 'websiteCode': '1318728550481010690', 'websiteId': 9091, 'promoter': '自动化专用-勿动', 'publishTime': '2020-10-21 09:39:22', 'updatedAt': 1603244362000, 'channel': None, 'subject': 'PHP', 'putMode': 3, 'creativityCode': 'c62f087ed0ef5852', 'creativityStat': {'creativityCode': 'c62f087ed0ef5852', 'pageView': 0, 'uniqueVisitor': 0, 'conversionRate': 0, 'orderNum': 0, 'formSubmitNum': 0, 'clickNum': 0, 'adultNum': 0, 'minorNum': 0, 'avgLoadTime': 0, 'downloadNum': 0, 'noCustomerGrown': None, 'noCustomerChild': None, 'cpc': None, 'noLeaningRepeatGrown': None, 'noLeaningRepeatChild': None, 'noLeaning': None}, 'websiteType': 1, 'transferType': 0, 'isTest': 0, 'receiveDeptName': 'wy测试部门', 'allocInstType': 3, 'isDisable': 0, 'releaseChannel': 3, 'url': 'https://mz-fat.tanzhouedu.com?s=c62f087ed0ef5852', 'customerNum': None, 'userId': 1737}], 'totalCount': 1, 'pageNo': 1, 'pageSize': 10, 'currentPageSize': 1}}
2020-10-21 09:39:22,681 - root - INFO : 提取变量: [ adNo:  ]
2020-10-21 09:39:22,681 - root - INFO : 提取变量: [ websiteCode: 1318728550481010690 ]
2020-10-21 09:39:22,681 - root - INFO : 提取变量: [ websiteLinkId: 8511 ]
2020-10-21 09:39:22,681 - root - INFO : 提取变量: [ url: https://mz-fat.tanzhouedu.com?s=c62f087ed0ef5852 ]
2020-10-21 09:39:22,681 - root - INFO : 校验类型: [-status], 结果: [Passed], 预期: [0]
2020-10-21 09:39:22,682 - root - INFO : 校验类型: [-msg], 结果: [Passed], 预期: [success]
2020-10-21 09:39:22,682 - root - INFO :  = = =  = = =  = = =  = = =  = = =  = = =  = = =  = = = 分割线 = = =  = = =  = = =  = = =  = = =  = = =  = = =  = = = 
2020-10-21 09:39:38,312 - root - INFO : 当前所在Class: Website || 类描述信息: None
2020-10-21 09:39:38,407 - root - INFO : 当前所在Class: Check || 类描述信息: None
2020-10-21 09:39:38,471 - root - INFO : 当前所在Class: Website || 类描述信息: None
2020-10-21 09:39:38,516 - root - INFO : 当前所在Class: Check || 类描述信息: None
2020-10-21 09:39:38,635 - root - INFO : 描述信息: 【工具/落地页工具/新建落地页/API】企业微信模式-保存落地页-不带商品
2020-10-21 09:39:38,636 - root - INFO : 请求地址: https://luban-api-fat.shiguangkey.com/website-edit-api/website/create_website
2020-10-21 09:39:38,636 - root - INFO : 请求方法: [- POST -]
2020-10-21 09:39:38,636 - root - INFO : 请求头部: {'content-type': 'application/json', 'token': '0x77ffb30712f1fa16cc04677878f70c'}
2020-10-21 09:39:38,636 - root - INFO : 请求正文: {'name': '落地页-08851888', 'goodsId': None, 'previewUrl': 'https://fat-huawei-media.shiguangkey.com/kdpdvuoffsovz8v', 'isRecommendApp': False, 'submitType': 0, 'wechatReqs': [{'imageUrl': 'https://wework.qpic.cn/wwpic/457201_0Slb9AdYRvCtbWj_1601023918/0', 'wechat': 'Jones', 'wechatChangeTime': 50, 'creativityId': 0, 'creativityNo': '', 'limitClickNum': 100, 'isWehub': False, 'isCarrier': True, 'carrierId': 1143, 'channelNumber': 3253}], 'isSmsVerify': 0, 'pageMode': 1, 'websiteType': 2, 'adCreateType': 2, 'websiteWechatType': 2, 'bgColor': '', 'bgImage': '', 'version': '2.1.3', 'compReqs': [{'compJson': '{"id":"kdpdn6xgz6d6ftk","type":15,"wechatList":[{"imageUrl":"https://wework.qpic.cn/wwpic/457201_0Slb9AdYRvCtbWj_1601023918/0","wechat":"Jones","wechatChangeTime":50,"creativityId":0,"creativityNo":"","creativityName":"","limitClickNum":100,"carrierName":"Jones","isWehub":false,"isCarrier":true,"channelId":"","carrierId":870,"channelNumber":594,"disabled":false,"deleted":false}],"width":375,"height":160,"backgroundType":2,"background":"","codeWidth":120,"codeLeft":50,"codeTop":50,"y":0}', 'fileIds': [], 'scene': 1, 'type': 15}]}
2020-10-21 09:39:38,834 - root - INFO : 响应消息: {'status': 0, 'msg': 'success', 'traceId': 'ab91e06bee63484a8c6a1a53f34db92e', 'data': {'code': '1318728622006476801', 'id': 9092}}
2020-10-21 09:39:38,834 - root - INFO : 提取变量: [ websiteId: 9092 ]
2020-10-21 09:39:38,834 - root - INFO : 校验类型: [-status], 结果: [Passed], 预期: [0]
2020-10-21 09:39:38,834 - root - INFO : 校验类型: [-msg], 结果: [Passed], 预期: [success]
2020-10-21 09:39:38,834 - root - INFO :  = = =  = = =  = = =  = = =  = = =  = = =  = = =  = = = 分割线 = = =  = = =  = = =  = = =  = = =  = = =  = = =  = = = 
2020-10-21 09:39:38,834 - root - INFO : 描述信息: 【工具/落地页工具/新建落地页/手动】发布落地页
2020-10-21 09:39:38,834 - root - INFO : 请求地址: https://luban-api-fat.shiguangkey.com/website-edit-api/website/publish_website
2020-10-21 09:39:38,834 - root - INFO : 请求方法: [- POST -]
2020-10-21 09:39:38,834 - root - INFO : 请求头部: {'content-type': 'application/json', 'token': '0x77a7a40712f125362234795aa9432d'}
2020-10-21 09:39:38,834 - root - INFO : 请求正文: {'websiteId': '9092'}
2020-10-21 09:39:39,020 - root - INFO : 响应消息: {'status': 0, 'msg': '落地页发布成功', 'traceId': 'f32005f69ede4e53ab3731815c292a33', 'data': None}
2020-10-21 09:39:39,020 - root - INFO : 校验类型: [-status], 结果: [Passed], 预期: [0]
2020-10-21 09:39:39,020 - root - INFO :  = = =  = = =  = = =  = = =  = = =  = = =  = = =  = = = 分割线 = = =  = = =  = = =  = = =  = = =  = = =  = = =  = = = 
2020-10-21 09:39:39,020 - root - INFO : 描述信息: 【工具/落地页工具/新建落地页/手动】生成链接
2020-10-21 09:39:39,020 - root - INFO : 请求地址: https://luban-api-fat.shiguangkey.com/website-edit-api/website_link/association_creativity
2020-10-21 09:39:39,020 - root - INFO : 请求方法: [- POST -]
2020-10-21 09:39:39,020 - root - INFO : 请求头部: {'content-type': 'application/json', 'token': '0x77a7a40712f125362234795aa9432d'}
2020-10-21 09:39:39,020 - root - INFO : 请求正文: {'websiteId': '9092', 'title': 'kuaishou', 'accountId': 'wx359bdedd5d18907a', 'releaseChannel': 3, 'putPlanNames': ['自动化落地页52473333'], 'domain': 'https://mz-fat.tanzhouedu.com', 'subjectId': 280, 'websiteLinkFollowReq': {'gatherType': 3, 'isTest': 0, 'receiveDeptIdChain': '', 'receiveDeptName': '', 'allocInstType': 3, 'putMode': 1}, 'channelId': 6, 'subject': 'PHP'}
2020-10-21 09:39:39,209 - root - INFO : 响应消息: {'status': 0, 'msg': 'success', 'traceId': '0c59b9e30cb34c73a8902ac2ea0b11ef', 'data': [{'putPlanName': None, 'creativityCode': 'ec6da2718302ed1e'}]}
2020-10-21 09:39:39,209 - root - INFO : 提取变量: [ creativityCode: ec6da2718302ed1e ]
2020-10-21 09:39:39,209 - root - INFO : 校验类型: [-status], 结果: [Passed], 预期: [0]
2020-10-21 09:39:39,209 - root - INFO : 校验类型: [-msg], 结果: [Passed], 预期: [success]
2020-10-21 09:39:39,210 - root - INFO :  = = =  = = =  = = =  = = =  = = =  = = =  = = =  = = = 分割线 = = =  = = =  = = =  = = =  = = =  = = =  = = =  = = = 
2020-10-21 09:39:39,210 - root - INFO : 描述信息: 【银河/工具/落地页工具】落地页数据查询
2020-10-21 09:39:39,210 - root - INFO : 请求地址: https://luban-api-fat.shiguangkey.com/website-edit-api/website_link/list_creativity
2020-10-21 09:39:39,210 - root - INFO : 请求方法: [- POST -]
2020-10-21 09:39:39,210 - root - INFO : 请求头部: {'content-type': 'application/json', 'token': '0x77a7a40712f125362234795aa9432d'}
2020-10-21 09:39:39,210 - root - INFO : 请求正文: {'websiteCode': '', 'creativityCode': '', 'adNo': '', 'isTest': '', 'channelCode': '', 'subjectId': '', 'putMode': '', 'websiteName': '落地页-08851888', 'submitStartTime': '2020-10-21 00:00:00', 'submitEndTime': '2020-10-21 23:59:59', 'pageNo': 1, 'pageSize': 10, 'websiteType': 1}
2020-10-21 09:39:39,411 - root - INFO : 响应消息: {'status': 0, 'msg': 'success', 'traceId': 'fcd29c56b1414bc48c82eaca5bee52fe', 'data': {'totalPage': 0, 'rows': [], 'totalCount': 0, 'pageNo': 1, 'pageSize': 10, 'currentPageSize': 0}}
