2020-11-02 15:55:19,818 - root - INFO : 描述信息: 【潭州平台】获取登录用户 token
2020-11-02 15:55:19,818 - root - INFO : 请求地址: https://open-fat.shiguangkey.com/api/udb/workwechat/auth/login
2020-11-02 15:55:19,818 - root - INFO : 请求方法: [- POST -]
2020-11-02 15:55:19,818 - root - INFO : 请求头部: {'content-type': 'application/x-www-form-urlencoded', 'terminaltype': '4'}
2020-11-02 15:55:19,818 - root - INFO : 请求正文: {'account': 't0373492024', 'password': '4QrcOUm6Wau+VuBX8g+IPg'}
2020-11-02 15:55:20,131 - root - INFO : 响应消息: {'traceId': 'cb21398537ee46c5be0cb5f85be86685', 'status': '0', 'msg': 'success', 'data': {'user': {'uid': 19861716, 'mobile': '', 'account': '', 'nickname': '用功的柠檬', 'headImg': 'https://res.shiguangkey.com/res/images/default.png', 'openId': '', 'newRegister': False, 'needBindPhone': False, 'showAccountList': False}, 'token': '0x77f0af0712f10d4acfb4109a6646a7'}}
2020-11-02 15:55:20,132 - root - INFO : 提取变量: [ pttoken: 0x77f0af0712f10d4acfb4109a6646a7 ]
2020-11-02 15:55:20,132 - root - INFO : 校验类型: [-status], 结果: [Passed], 预期: [0]
2020-11-02 15:55:20,132 - root - INFO : 校验类型: [-msg], 结果: [Passed], 预期: [success]
2020-11-02 15:55:20,132 - root - INFO :  = = =  = = =  = = =  = = =  = = =  = = =  = = =  = = = 分割线 = = =  = = =  = = =  = = =  = = =  = = =  = = =  = = = 
2020-11-02 15:55:52,706 - root - INFO : 正在执行Function: program_inf_save
2020-11-02 15:55:52,706 - root - INFO : 描述信息: 【银河/广告/广告计划】新增广告计划
2020-11-02 15:55:52,706 - root - INFO : 请求地址: https://galaxy-api-fat.shiguangkey.com/api/galaxy/program/info/save
2020-11-02 15:55:52,706 - root - INFO : 请求方法: [- POST -]
2020-11-02 15:55:52,706 - root - INFO : 请求头部: {'content-type': 'application/json', 'token': '0x77f0af0712f10d4acfb4109a6646a7'}
2020-11-02 15:55:52,706 - root - INFO : 请求正文: {'channelId': 6, 'name': '自动化计划04872856', 'subjectId': '282', 'subjectName': 'Python', 'isTest': 0, 'putMode': 1, 'type': 1, 'gatherType': 1, 'allocInstType': 1, 'channelName': '微信'}
2020-11-02 15:55:53,048 - root - INFO : 响应消息: {'traceId': '2165fe3a31664b43a224cb97bf3da1eb', 'status': '0', 'msg': 'success', 'data': {}}
2020-11-02 15:55:53,049 - root - INFO : 正在执行Function: program_page_list
2020-11-02 15:55:53,049 - root - INFO : 描述信息: 【银河/广告/广告计划】查询广告计划
2020-11-02 15:55:53,049 - root - INFO : 请求地址: https://galaxy-api-fat.shiguangkey.com/api/galaxy/program/pageList
2020-11-02 15:55:53,049 - root - INFO : 请求方法: [- POST -]
2020-11-02 15:55:53,051 - root - INFO : 请求头部: {'content-type': 'application/x-www-form-urlencoded', 'token': '0x77f0af0712f10d4acfb4109a6646a7'}
2020-11-02 15:55:53,051 - root - INFO : 请求正文: {'name': '自动化计划04872856', 'isHide': 0, 'pageIndex': 1, 'pageSize': 20, 'gatherType': 1}
2020-11-02 15:55:53,386 - root - INFO : 响应消息: {'traceId': '83801d1f36124094b557f1a3ef64fcf8', 'status': '0', 'msg': 'success', 'data': {'totalItem': 1, 'list': [{'id': 14916, 'oldProgramId': None, 'no': '1000001464043184', 'name': '自动化计划04872856', 'type': 1, 'programName': None, 'subjectName': 'Python', 'subjectId': 282, 'channelName': '微信', 'channelId': 6, 'isImport': None, 'position': None, 'keyword': None, 'areaId': None, 'areaName': None, 'remark': None, 'isNeedCaptch': None, 'state': None, 'adMainId': None, 'channelAgencyAccountId': None, 'accountCode': None, 'adMainAccount': None, 'thirdUrl': None, 'allocInstType': 1, 'receiveDeptId': None, 'receiveDeptIdChain': None, 'isHide': 0, 'isTest': 0, 'creatorDeptId': 1001, 'creatorName': '用功的柠檬', 'createTime': 1604303755000, 'putMode': 1, 'updateState': 1}]}}
2020-11-02 15:55:53,386 - root - INFO : 提取变量: [ channelId: 6 ]
2020-11-02 15:55:53,387 - root - INFO : 提取变量: [ putMode: 1 ]
2020-11-02 15:55:53,387 - root - INFO : 提取变量: [ adName: 自动化计划04872856 ]
2020-11-02 15:55:53,388 - root - INFO : 提取变量: [ adId: 14916 ]
2020-11-02 15:55:53,388 - root - INFO : 提取变量: [ type: 1 ]
2020-11-02 15:55:53,388 - root - INFO : 提取变量: [ subjectId: 282 ]
2020-11-02 15:55:53,388 - root - INFO : 正在执行Function: creativity_sav
2020-11-02 15:55:53,389 - root - INFO : 描述信息: 【银河/广告/广告计划】新建广告创意
2020-11-02 15:55:53,391 - root - INFO : 请求地址: https://galaxy-api-fat.shiguangkey.com/api/galaxy/creativity/save
2020-11-02 15:55:53,391 - root - INFO : 请求方法: [- POST -]
2020-11-02 15:55:53,391 - root - INFO : 请求头部: {'content-type': 'application/x-www-form-urlencoded', 'token': '0x77f0af0712f10d4acfb4109a6646a7'}
2020-11-02 15:55:53,392 - root - INFO : 请求正文: {'name': '自动化创意42642190', 'gatherType': 1, 'isNeedCaptch': 0, 'position': 1, 'type': '1', 'putMode': '1', 'channelId': '6', 'programId': '14916', 'programName': '自动化计划04872856'}
2020-11-02 15:55:53,601 - root - INFO : 响应消息: {'traceId': 'ce6a5fb7ddad4996af6a1288adef92f9', 'status': '0', 'msg': 'success', 'data': {}}
2020-11-02 15:55:53,601 - root - INFO : 正在执行Function: creativity_page_list
2020-11-02 15:55:53,601 - root - INFO : 描述信息: 【银河/广告/广告创意】查询广告创意
2020-11-02 15:55:53,601 - root - INFO : 请求地址: https://galaxy-api-fat.shiguangkey.com/api/galaxy/creativity/pageList
2020-11-02 15:55:53,602 - root - INFO : 请求方法: [- POST -]
2020-11-02 15:55:53,602 - root - INFO : 请求头部: {'content-type': 'application/x-www-form-urlencoded', 'token': '0x77f0af0712f10d4acfb4109a6646a7'}
2020-11-02 15:55:53,602 - root - INFO : 请求正文: {'gatherType': 1, 'programId': '14916', 'isHide': 0, 'pageIndex': 1, 'pageSize': 20}
2020-11-02 15:55:53,955 - root - INFO : 响应消息: {'traceId': '6d2ce74172c741baab68f9229382198a', 'status': '0', 'msg': 'success', 'data': {'totalItem': 1, 'list': [{'id': 114633, 'oldCreativityId': None, 'oldProgramId': None, 'no': 'f311512b54614dcf9bbc548808bc5b9c', 'name': '自动化创意42642190', 'programName': '自动化计划04872856', 'subjectName': 'Python', 'subjectId': 282, 'channelName': '微信', 'channelId': 6, 'isImport': 0, 'position': '1', 'keyword': None, 'areaId': None, 'areaName': None, 'creatorName': '用功的柠檬', 'createTime': 1604303756000, 'remark': None, 'isNeedCaptch': 0, 'state': 2, 'adMainId': None, 'channelAgencyAccountId': None, 'accountCode': None, 'adMainAccount': None, 'thirdUrl': None, 'allocInstType': 1, 'receiveDeptId': None, 'receiveDeptIdChain': None, 'isHide': 0, 'isTest': 0, 'creatorDeptId': 1001, 'vector': None, 'customerVectorValue': None, 'followerName': None, 'followerTanzkAccount': None, 'putMode': 1, 'receptionistId': None, 'receptionistName': None, 'receptionistTanzkAccount': None, 'receptionistDeptId': None, 'receptionistDeptIdChain': None, 'creatorDeptIdChain': '1001', 'updateState': 1, 'type': 1, 'programId': 14916, 'promotionTerminal': 1, 'vectorType': None, 'channelQrCode': None, 'channelNumber': None, 'companyWechatId': None, 'vectorId': None, 'vectorName': None}]}}
2020-11-02 15:55:53,956 - root - INFO : 提取变量: [ creativityId: 114633 ]
2020-11-02 15:55:53,957 - root - INFO : 提取变量: [ creativityName: 自动化创意42642190 ]
2020-11-02 15:55:53,957 - root - INFO : 提取变量: [ creativityNo: f311512b54614dcf9bbc548808bc5b9c ]
