2020-09-01 15:40:01,384 - root - INFO : 描述信息: 【潭州平台】获取登录用户 token
2020-09-01 15:40:01,385 - root - INFO : 请求地址: https://open-fat.shiguangkey.com/api/udb/workwechat/auth/login
2020-09-01 15:40:01,385 - root - INFO : 请求方法: [- POST -]
2020-09-01 15:40:01,385 - root - INFO : 请求头部: {'content-type': 'application/x-www-form-urlencoded', 'terminaltype': '4', 'user-agent': 'Mozilla/5.0 (Windows NT 10.0; Win64; x64) AppleWebKit/537.36 (KHTML, like Gecko) Chrome/80.0.3987.106 Safari/537.36', 'Connection': 'close', 'keep-alive': 'False'}
2020-09-01 15:40:01,385 - root - INFO : 请求正文: {'account': 't0384223793', 'password': '4QrcOUm6Wau+VuBX8g+IPg'}
2020-09-01 15:40:01,547 - root - INFO : 响应消息: {'traceId': 'e6325c9a12534cee8c37f650ebe61a7e', 'status': '0', 'msg': 'success', 'data': {'user': {'uid': 19862099, 'mobile': '', 'account': '', 'nickname': '日常的阿魏', 'headImg': 'https://res.shiguangkey.com/res/images/default.png', 'openId': '', 'newRegister': False, 'needBindPhone': False, 'showAccountList': False}, 'token': '0x77bbe30712f125307404f24b8daf75'}}
2020-09-01 15:40:01,547 - root - INFO : 提取变量: [ pttoken: 0x77bbe30712f125307404f24b8daf75 ]
2020-09-01 15:40:01,548 - root - INFO : 校验类型: [-status], 结果: [Passed], 预期: [0]
2020-09-01 15:40:01,548 - root - INFO : 校验类型: [-msg], 结果: [Passed], 预期: [success]
2020-09-01 15:40:01,548 - root - INFO :  = = =  = = =  = = =  = = =  = = =  = = =  = = =  = = = 分割线 = = =  = = =  = = =  = = =  = = =  = = =  = = =  = = = 
2020-09-01 15:40:01,554 - root - INFO : 当前运行Case: test_import_flow_cost_mgt_import_doc
2020-09-01 15:40:01,554 - root - INFO : 正在执行Function: test_import_flow_cost_mgt_import_doc
2020-09-01 15:40:01,555 - root - INFO : 正在执行Function: flow_cost_mgt_import
2020-09-01 15:40:01,555 - root - INFO : 描述信息: 【预算/流量成本管理】流量成本导入
2020-09-01 15:40:01,655 - root - INFO : 请求地址: https://galaxy-api-fat.shiguangkey.com/api/galaxy/flow/cost/manage/import
2020-09-01 15:40:01,655 - root - INFO : 请求方法: [- POST -]
2020-09-01 15:40:01,655 - root - INFO : 请求头部: {'content-type': 'multipart/form-data; boundary=5a0552e86837d74f37d00f36508252fa', 'token': '0x77bbe30712f125307404f24b8daf75', 'x-dept-id-chain': '1001-8006-8007-8008-8009', 'user-agent': 'Mozilla/5.0 (Windows NT 10.0; Win64; x64) AppleWebKit/537.36 (KHTML, like Gecko) Chrome/80.0.3987.106 Safari/537.36', 'Connection': 'close', 'keep-alive': 'False'}
2020-09-01 15:40:01,655 - root - INFO : 请求正文: b'--5a0552e86837d74f37d00f36508252fa\r\nContent-Disposition: form-data; name="file"; filename="import_doc.doc"\r\nContent-Type: application/msword\r\n\r\n\r\n--5a0552e86837d74f37d00f36508252fa--\r\n'
2020-09-01 15:40:01,901 - root - INFO : 响应消息: {'traceId': '47d54424232848e4b2644ec3eb180a96', 'status': '999999004', 'msg': '文件类型错误。', 'data': {}}
2020-09-01 15:40:01,901 - root - INFO : 校验类型: [-status], 结果: [Passed], 预期: [999999004]
2020-09-01 15:40:01,901 - root - INFO : 校验类型: [-msg], 结果: [Passed], 预期: [文件类型错误。]
2020-09-01 15:40:01,901 - root - INFO :  = = =  = = =  = = =  = = =  = = =  = = =  = = =  = = = 分割线 = = =  = = =  = = =  = = =  = = =  = = =  = = =  = = = 
2020-09-01 15:40:01,901 - root - INFO : 正在执行Function: flow_cost_mgt_import
2020-09-01 15:40:01,901 - root - INFO : 描述信息: 【预算/流量成本管理】流量成本导入
2020-09-01 15:40:01,902 - root - INFO : 请求地址: https://galaxy-api-fat.shiguangkey.com/api/galaxy/flow/cost/manage/import
2020-09-01 15:40:01,902 - root - INFO : 请求方法: [- POST -]
2020-09-01 15:40:01,902 - root - INFO : 请求头部: {'content-type': 'multipart/form-data; boundary=df1f22edf6217fe7b129cd9cd3166dc9', 'token': '0x77ebc60712ef2ecf9654072a54ed0a', 'x-dept-id-chain': '1001-8006-8007-8008-8009', 'user-agent': 'Mozilla/5.0 (Windows NT 10.0; Win64; x64) AppleWebKit/537.36 (KHTML, like Gecko) Chrome/80.0.3987.106 Safari/537.36', 'Connection': 'close', 'keep-alive': 'False'}
2020-09-01 15:40:01,902 - root - INFO : 请求正文: b'--df1f22edf6217fe7b129cd9cd3166dc9\r\nContent-Disposition: form-data; name="file"; filename="import_csv.csv"\r\nContent-Type: application/vnd.ms-excel\r\n\r\n\r\n--df1f22edf6217fe7b129cd9cd3166dc9--\r\n'
2020-09-01 15:40:02,094 - root - INFO : 响应消息: {'traceId': '970a64c04d1a441791f683e378d1e18d', 'status': '999999004', 'msg': '文件类型错误。', 'data': {}}
2020-09-01 15:40:02,095 - root - INFO : 校验类型: [-status], 结果: [Passed], 预期: [999999004]
2020-09-01 15:40:02,095 - root - INFO : 校验类型: [-msg], 结果: [Passed], 预期: [文件类型错误。]
2020-09-01 15:40:02,095 - root - INFO :  = = =  = = =  = = =  = = =  = = =  = = =  = = =  = = = 分割线 = = =  = = =  = = =  = = =  = = =  = = =  = = =  = = = 
2020-09-01 15:40:02,096 - root - INFO : 描述信息: 【潭州平台】获取登录用户 token
2020-09-01 15:40:02,096 - root - INFO : 请求地址: https://open-fat.shiguangkey.com/api/udb/workwechat/auth/login
2020-09-01 15:40:02,096 - root - INFO : 请求方法: [- POST -]
2020-09-01 15:40:02,096 - root - INFO : 请求头部: {'content-type': 'application/x-www-form-urlencoded', 'terminaltype': '4', 'user-agent': 'Mozilla/5.0 (Windows NT 10.0; Win64; x64) AppleWebKit/537.36 (KHTML, like Gecko) Chrome/80.0.3987.106 Safari/537.36', 'Connection': 'close', 'keep-alive': 'False'}
2020-09-01 15:40:02,096 - root - INFO : 请求正文: {'account': 't0384223793', 'password': '4QrcOUm6Wau+VuBX8g+IPg'}
2020-09-01 15:40:02,253 - root - INFO : 响应消息: {'traceId': 'e93488dde6cc4ae58ec80933decdeee2', 'status': '0', 'msg': 'success', 'data': {'user': {'uid': 19862099, 'mobile': '', 'account': '', 'nickname': '日常的阿魏', 'headImg': 'https://res.shiguangkey.com/res/images/default.png', 'openId': '', 'newRegister': False, 'needBindPhone': False, 'showAccountList': False}, 'token': '0x7755c40712f1253d0e4428b830bf68'}}
2020-09-01 15:40:02,253 - root - INFO : 提取变量: [ pttoken: 0x7755c40712f1253d0e4428b830bf68 ]
2020-09-01 15:40:02,253 - root - INFO : 校验类型: [-status], 结果: [Passed], 预期: [0]
2020-09-01 15:40:02,253 - root - INFO : 校验类型: [-msg], 结果: [Passed], 预期: [success]
2020-09-01 15:40:02,253 - root - INFO :  = = =  = = =  = = =  = = =  = = =  = = =  = = =  = = = 分割线 = = =  = = =  = = =  = = =  = = =  = = =  = = =  = = = 
2020-09-01 15:40:02,260 - root - INFO : 当前运行Case: test_import_flow_cost_mgt_import_csv
2020-09-01 15:40:02,260 - root - INFO : 正在执行Function: test_import_flow_cost_mgt_import_csv
2020-09-01 15:40:02,260 - root - INFO : 正在执行Function: flow_cost_mgt_import
2020-09-01 15:40:02,260 - root - INFO : 描述信息: 【预算/流量成本管理】流量成本导入
2020-09-01 15:40:02,260 - root - INFO : 请求地址: https://galaxy-api-fat.shiguangkey.com/api/galaxy/flow/cost/manage/import
2020-09-01 15:40:02,261 - root - INFO : 请求方法: [- POST -]
2020-09-01 15:40:02,261 - root - INFO : 请求头部: {'content-type': 'multipart/form-data; boundary=4f680854df61c4863173b1fefdfafed2', 'token': '0x7755c40712f1253d0e4428b830bf68', 'x-dept-id-chain': '1001-8006-8007-8008-8009', 'user-agent': 'Mozilla/5.0 (Windows NT 10.0; Win64; x64) AppleWebKit/537.36 (KHTML, like Gecko) Chrome/80.0.3987.106 Safari/537.36', 'Connection': 'close', 'keep-alive': 'False'}
2020-09-01 15:40:02,261 - root - INFO : 请求正文: b'--4f680854df61c4863173b1fefdfafed2\r\nContent-Disposition: form-data; name="file"; filename="import_csv.csv"\r\nContent-Type: application/vnd.ms-excel\r\n\r\n\r\n--4f680854df61c4863173b1fefdfafed2--\r\n'
2020-09-01 15:40:02,453 - root - INFO : 响应消息: {'traceId': 'bb8ff8f597d841ca99dfa33d91eab9e0', 'status': '999999004', 'msg': '文件类型错误。', 'data': {}}
2020-09-01 15:40:02,453 - root - INFO : 校验类型: [-status], 结果: [Passed], 预期: [999999004]
2020-09-01 15:40:02,453 - root - INFO : 校验类型: [-msg], 结果: [Passed], 预期: [文件类型错误。]
2020-09-01 15:40:02,453 - root - INFO :  = = =  = = =  = = =  = = =  = = =  = = =  = = =  = = = 分割线 = = =  = = =  = = =  = = =  = = =  = = =  = = =  = = = 
