2020-11-03 09:22:41,764 - root - INFO : 正在执行Function: program_inf_save
2020-11-03 09:22:41,765 - root - INFO : 描述信息: 【银河/广告/广告计划】新增广告计划
2020-11-03 09:22:41,765 - root - INFO : 请求地址: https://galaxy-api-fat.shiguangkey.com/api/galaxy/program/info/save
2020-11-03 09:22:41,765 - root - INFO : 请求方法: [- POST -]
2020-11-03 09:22:41,765 - root - INFO : 请求头部: {'content-type': 'application/json', 'token': '0x7795da0712f1fa1e459419eb772639'}
2020-11-03 09:22:41,766 - root - INFO : 请求正文: {'channelId': 6, 'name': '自动化计划62350136', 'subjectId': '282', 'subjectName': 'Python', 'isTest': 0, 'putMode': 1, 'type': 1, 'gatherType': 1, 'allocInstType': 1, 'channelName': '微信'}
2020-11-03 09:22:42,219 - root - INFO : 响应消息: {'traceId': '3b7f3bde999e48a39ff38fed4a6135a2', 'status': '0', 'msg': 'success', 'data': {}}
2020-11-03 09:22:42,220 - root - INFO : 正在执行Function: program_page_list
2020-11-03 09:22:42,220 - root - INFO : 描述信息: 【银河/广告/广告计划】查询广告计划
2020-11-03 09:22:42,220 - root - INFO : 请求地址: https://galaxy-api-fat.shiguangkey.com/api/galaxy/program/pageList
2020-11-03 09:22:42,220 - root - INFO : 请求方法: [- POST -]
2020-11-03 09:22:42,220 - root - INFO : 请求头部: {'content-type': 'application/x-www-form-urlencoded', 'token': '0x7795da0712f1fa1e459419eb772639'}
2020-11-03 09:22:42,220 - root - INFO : 请求正文: {'name': '自动化计划62350136', 'isHide': 0, 'pageIndex': 1, 'pageSize': 20, 'gatherType': 1}
2020-11-03 09:22:42,572 - root - INFO : 响应消息: {'traceId': '19c7cfc5ba36497bbdd7c8249bc1e676', 'status': '0', 'msg': 'success', 'data': {'totalItem': 1, 'list': [{'id': 14921, 'oldProgramId': None, 'no': '1000000303071263', 'name': '自动化计划62350136', 'type': 1, 'programName': None, 'subjectName': 'Python', 'subjectId': 282, 'channelName': '微信', 'channelId': 6, 'isImport': None, 'position': None, 'keyword': None, 'areaId': None, 'areaName': None, 'remark': None, 'isNeedCaptch': None, 'state': None, 'adMainId': None, 'channelAgencyAccountId': None, 'accountCode': None, 'adMainAccount': None, 'thirdUrl': None, 'allocInstType': 1, 'receiveDeptId': None, 'receiveDeptIdChain': None, 'isHide': 0, 'isTest': 0, 'creatorDeptId': 8009, 'creatorName': '自动化专用-勿动', 'createTime': 1604366563000, 'putMode': 1, 'updateState': 1}]}}
2020-11-03 09:22:42,573 - root - INFO : 提取变量: [ channelId: 6 ]
2020-11-03 09:22:42,574 - root - INFO : 提取变量: [ putMode: 1 ]
2020-11-03 09:22:42,574 - root - INFO : 提取变量: [ adName: 自动化计划62350136 ]
2020-11-03 09:22:42,574 - root - INFO : 提取变量: [ adId: 14921 ]
2020-11-03 09:22:42,575 - root - INFO : 提取变量: [ type: 1 ]
2020-11-03 09:22:42,575 - root - INFO : 提取变量: [ subjectId: 282 ]
2020-11-03 09:22:42,575 - root - INFO : 正在执行Function: creativity_sav
2020-11-03 09:22:42,575 - root - INFO : 描述信息: 【银河/广告/广告计划】新建广告创意
2020-11-03 09:22:42,576 - root - INFO : 请求地址: https://galaxy-api-fat.shiguangkey.com/api/galaxy/creativity/save
2020-11-03 09:22:42,576 - root - INFO : 请求方法: [- POST -]
2020-11-03 09:22:42,576 - root - INFO : 请求头部: {'content-type': 'application/x-www-form-urlencoded', 'token': '0x7795da0712f1fa1e459419eb772639'}
2020-11-03 09:22:42,576 - root - INFO : 请求正文: {'name': '自动化创意25585971', 'gatherType': 1, 'isNeedCaptch': 0, 'position': 1, 'type': '1', 'putMode': '1', 'channelId': '6', 'programId': '14921', 'programName': '自动化计划62350136'}
2020-11-03 09:22:42,864 - root - INFO : 响应消息: {'traceId': 'd50c8a16292f4e64b5c59f9abd02f427', 'status': '0', 'msg': 'success', 'data': {}}
2020-11-03 09:22:42,864 - root - INFO : 正在执行Function: creativity_page_list
2020-11-03 09:22:42,865 - root - INFO : 描述信息: 【银河/广告/广告创意】查询广告创意
2020-11-03 09:22:42,865 - root - INFO : 请求地址: https://galaxy-api-fat.shiguangkey.com/api/galaxy/creativity/pageList
2020-11-03 09:22:42,865 - root - INFO : 请求方法: [- POST -]
2020-11-03 09:22:42,865 - root - INFO : 请求头部: {'content-type': 'application/x-www-form-urlencoded', 'token': '0x7795da0712f1fa1e459419eb772639'}
2020-11-03 09:22:42,866 - root - INFO : 请求正文: {'gatherType': 1, 'programId': '14921', 'isHide': 0, 'pageIndex': 1, 'pageSize': 20}
2020-11-03 09:22:43,203 - root - INFO : 响应消息: {'traceId': '01034bbb81164bdeae82ec7209c694bd', 'status': '0', 'msg': 'success', 'data': {'totalItem': 1, 'list': [{'id': 114637, 'oldCreativityId': None, 'oldProgramId': None, 'no': '57e0c64360af463f87a4464d1d493b7a', 'name': '自动化创意25585971', 'programName': '自动化计划62350136', 'subjectName': 'Python', 'subjectId': 282, 'channelName': '微信', 'channelId': 6, 'isImport': 0, 'position': '1', 'keyword': None, 'areaId': None, 'areaName': None, 'creatorName': '自动化专用-勿动', 'createTime': 1604366564000, 'remark': None, 'isNeedCaptch': 0, 'state': 2, 'adMainId': None, 'channelAgencyAccountId': None, 'accountCode': None, 'adMainAccount': None, 'thirdUrl': None, 'allocInstType': 1, 'receiveDeptId': None, 'receiveDeptIdChain': None, 'isHide': 0, 'isTest': 0, 'creatorDeptId': 8009, 'vector': None, 'customerVectorValue': None, 'followerName': None, 'followerTanzkAccount': None, 'putMode': 1, 'receptionistId': None, 'receptionistName': None, 'receptionistTanzkAccount': None, 'receptionistDeptId': None, 'receptionistDeptIdChain': None, 'creatorDeptIdChain': '1001-8006-8007-8008-8009', 'updateState': 1, 'type': 1, 'programId': 14921, 'promotionTerminal': 1, 'vectorType': None, 'channelQrCode': None, 'channelNumber': None, 'companyWechatId': None, 'vectorId': None, 'vectorName': None}]}}
2020-11-03 09:22:43,203 - root - INFO : 提取变量: [ creativityId: 114637 ]
2020-11-03 09:22:43,204 - root - INFO : 提取变量: [ creativityName: 自动化创意25585971 ]
2020-11-03 09:22:43,204 - root - INFO : 提取变量: [ creativityNo: 57e0c64360af463f87a4464d1d493b7a ]
2020-11-03 09:22:43,234 - root - INFO : 正在执行Function: program_inf_save
2020-11-03 09:22:43,234 - root - INFO : 描述信息: 【银河/广告/广告计划】新增广告计划
2020-11-03 09:22:43,234 - root - INFO : 请求地址: https://galaxy-api-fat.shiguangkey.com/api/galaxy/program/info/save
2020-11-03 09:22:43,234 - root - INFO : 请求方法: [- POST -]
2020-11-03 09:22:43,234 - root - INFO : 请求头部: {'content-type': 'application/json', 'token': '0x7795da0712f1fa1e459419eb772639'}
2020-11-03 09:22:43,234 - root - INFO : 请求正文: {'channelId': 6, 'name': '自动化计划62350136', 'subjectId': '282', 'subjectName': 'Python', 'isTest': 0, 'putMode': 1, 'type': 1, 'gatherType': 1, 'allocInstType': 1, 'channelName': '微信'}
2020-11-03 09:22:43,439 - root - INFO : 响应消息: {'traceId': '9cdac4f6e5a6433a91fcbbf2a46b203f', 'status': '100101122', 'msg': '计划名称已存在。', 'data': {}}
2020-11-03 09:22:43,439 - root - INFO : 正在执行Function: program_page_list
2020-11-03 09:22:43,439 - root - INFO : 描述信息: 【银河/广告/广告计划】查询广告计划
2020-11-03 09:22:43,440 - root - INFO : 请求地址: https://galaxy-api-fat.shiguangkey.com/api/galaxy/program/pageList
2020-11-03 09:22:43,440 - root - INFO : 请求方法: [- POST -]
2020-11-03 09:22:43,440 - root - INFO : 请求头部: {'content-type': 'application/x-www-form-urlencoded', 'token': '0x7795da0712f1fa1e459419eb772639'}
2020-11-03 09:22:43,440 - root - INFO : 请求正文: {'name': '$<projectName>', 'isHide': 0, 'pageIndex': 1, 'pageSize': 20, 'gatherType': 1}
2020-11-03 09:22:43,617 - root - INFO : 响应消息: {'traceId': '2aad53c826154fa6890776b7b97d4a4f', 'status': '0', 'msg': 'success', 'data': {'totalItem': 0, 'list': []}}
