2020-10-09 14:46:22,012 - root - INFO : 描述信息: 【潭州平台】获取登录用户 token
2020-10-09 14:46:22,012 - root - INFO : 请求地址: https://open-fat.shiguangkey.com/api/udb/workwechat/auth/login
2020-10-09 14:46:22,012 - root - INFO : 请求方法: [- POST -]
2020-10-09 14:46:22,012 - root - INFO : 请求头部: {'content-type': 'application/x-www-form-urlencoded', 'terminaltype': '4'}
2020-10-09 14:46:22,012 - root - INFO : 请求正文: {'account': 't0384223793', 'password': '4QrcOUm6Wau+VuBX8g+IPg'}
2020-10-09 14:46:22,169 - root - INFO : 响应消息: {'traceId': '5626b8c9024a4f76813e6dc87e58fa4a', 'status': '0', 'msg': 'success', 'data': {'user': {'uid': 19862099, 'mobile': '', 'account': '', 'nickname': '日常的阿魏', 'headImg': 'https://res.shiguangkey.com/res/images/default.png', 'openId': '', 'newRegister': False, 'needBindPhone': False, 'showAccountList': False}, 'token': '0x77123e0712f1253db6c4129b81d5e5'}}
2020-10-09 14:46:22,170 - root - INFO : 提取变量: [ pttoken: 0x77123e0712f1253db6c4129b81d5e5 ]
2020-10-09 14:46:22,170 - root - INFO : 校验类型: [-status], 结果: [Passed], 预期: [0]
2020-10-09 14:46:22,170 - root - INFO : 校验类型: [-msg], 结果: [Passed], 预期: [success]
2020-10-09 14:46:22,170 - root - INFO :  = = =  = = =  = = =  = = =  = = =  = = =  = = =  = = = 分割线 = = =  = = =  = = =  = = =  = = =  = = =  = = =  = = = 
2020-10-09 14:46:22,172 - root - INFO : 正在执行Function: ad_plan
2020-10-09 14:46:22,172 - root - INFO : 正在执行Function: program_info_save
2020-10-09 14:46:22,172 - root - INFO : 描述信息: 【银河/广告/广告计划】新增广告计划
2020-10-09 14:46:22,172 - root - INFO : 请求地址: https://galaxy-api-fat.shiguangkey.com/api/galaxy/program/info/save
2020-10-09 14:46:22,172 - root - INFO : 请求方法: [- POST -]
2020-10-09 14:46:22,172 - root - INFO : 请求头部: {'content-type': 'application/json', 'token': '0x775fb60712f1fa187cc4589af1010a'}
2020-10-09 14:46:22,172 - root - INFO : 请求正文: {'channelId': 6, 'name': '自动化计划69705052', 'subjectId': 282, 'subjectName': 'Python', 'isTest': 0, 'putMode': 1, 'type': 1, 'gatherType': 1, 'allocInstType': 1, 'channelName': '微信'}
2020-10-09 14:46:22,425 - root - INFO : 响应消息: {'traceId': 'b86f18ce16fb410cb74f160edefb8939', 'status': '0', 'msg': 'success', 'data': {}}
2020-10-09 14:46:22,425 - root - INFO : 校验类型: [-status], 结果: [Passed], 预期: [0]
2020-10-09 14:46:22,425 - root - INFO : 校验类型: [-msg], 结果: [Passed], 预期: [success]
2020-10-09 14:46:22,425 - root - INFO :  = = =  = = =  = = =  = = =  = = =  = = =  = = =  = = = 分割线 = = =  = = =  = = =  = = =  = = =  = = =  = = =  = = = 
2020-10-09 14:46:22,425 - root - INFO : 正在执行Function: program_pageList
2020-10-09 14:46:22,425 - root - INFO : 描述信息: 【银河/广告/广告计划】查询广告计划
2020-10-09 14:46:22,426 - root - INFO : 请求地址: https://galaxy-api-fat.shiguangkey.com/api/galaxy/program/pageList
2020-10-09 14:46:22,426 - root - INFO : 请求方法: [- POST -]
2020-10-09 14:46:22,426 - root - INFO : 请求头部: {'content-type': 'application/x-www-form-urlencoded', 'token': '0x775fb60712f1fa187cc4589af1010a'}
2020-10-09 14:46:22,426 - root - INFO : 请求正文: {'name': '自动化计划69705052', 'isHide': 0, 'pageIndex': 1, 'pageSize': 20, 'gatherType': 1, 'putMode': 1, 'allocInstType': 1}
2020-10-09 14:46:22,779 - root - INFO : 响应消息: {'traceId': '0d4717e70d694ead9473cba28363d9fe', 'status': '0', 'msg': 'success', 'data': {'totalItem': 1, 'list': [{'id': 13386, 'oldProgramId': None, 'no': '1000000491287153', 'name': '自动化计划69705052', 'type': 1, 'programName': None, 'subjectName': 'Python', 'subjectId': 282, 'channelName': '微信', 'channelId': 6, 'isImport': None, 'position': None, 'keyword': None, 'areaId': None, 'areaName': None, 'remark': None, 'isNeedCaptch': None, 'state': None, 'adMainId': None, 'channelAgencyAccountId': None, 'accountCode': None, 'adMainAccount': None, 'thirdUrl': None, 'allocInstType': 1, 'receiveDeptId': None, 'receiveDeptIdChain': None, 'isHide': 0, 'isTest': 0, 'creatorDeptId': 8009, 'creatorName': '自动化专用-勿动', 'createTime': 1602225984000, 'putMode': 1, 'updateState': 1}]}}
2020-10-09 14:46:22,780 - root - INFO : 提取变量: [ channelId: 6 ]
2020-10-09 14:46:22,780 - root - INFO : 提取变量: [ putMode: 1 ]
2020-10-09 14:46:22,780 - root - INFO : 提取变量: [ adName: 自动化计划69705052 ]
2020-10-09 14:46:22,781 - root - INFO : 提取变量: [ adId: 13386 ]
2020-10-09 14:46:22,781 - root - INFO : 提取变量: [ type: 1 ]
2020-10-09 14:46:22,781 - root - INFO : 校验类型: [-status], 结果: [Passed], 预期: [0]
2020-10-09 14:46:22,781 - root - INFO : 校验类型: [-msg], 结果: [Passed], 预期: [success]
2020-10-09 14:46:22,781 - root - INFO : 校验类型: [-in]  结果: [Passed]  预期: [name]
2020-10-09 14:46:22,781 - root - INFO :  = = =  = = =  = = =  = = =  = = =  = = =  = = =  = = = 分割线 = = =  = = =  = = =  = = =  = = =  = = =  = = =  = = = 
2020-10-09 14:46:22,781 - root - INFO : 正在执行Function: creativity_save
2020-10-09 14:46:22,781 - root - INFO : 描述信息: 【银河/广告/广告计划】新建广告创意
2020-10-09 14:46:22,782 - root - INFO : 请求地址: https://galaxy-api-fat.shiguangkey.com/api/galaxy/creativity/save
2020-10-09 14:46:22,782 - root - INFO : 请求方法: [- POST -]
2020-10-09 14:46:22,782 - root - INFO : 请求头部: {'content-type': 'application/x-www-form-urlencoded', 'token': '0x775fb60712f1fa187cc4589af1010a'}
2020-10-09 14:46:22,782 - root - INFO : 请求正文: {'name': '自动化创意76147227', 'gatherType': 1, 'isNeedCaptch': 1, 'position': 1, 'type': '1', 'putMode': '1', 'channelId': '6', 'programId': '13386', 'programName': '自动化计划69705052'}
2020-10-09 14:46:22,985 - root - INFO : 响应消息: {'traceId': 'ee7d9c1e5dea4501bb3896d9dc4c74bc', 'status': '0', 'msg': 'success', 'data': {}}
2020-10-09 14:46:22,985 - root - INFO : 校验类型: [-status], 结果: [Passed], 预期: [0]
2020-10-09 14:46:22,985 - root - INFO : 校验类型: [-msg], 结果: [Passed], 预期: [success]
2020-10-09 14:46:22,985 - root - INFO :  = = =  = = =  = = =  = = =  = = =  = = =  = = =  = = = 分割线 = = =  = = =  = = =  = = =  = = =  = = =  = = =  = = = 
2020-10-09 14:46:22,985 - root - INFO : 正在执行Function: creativity_pageList
2020-10-09 14:46:22,986 - root - INFO : 描述信息: 【银河/广告/广告创意】查询广告创意
2020-10-09 14:46:22,986 - root - INFO : 请求地址: https://galaxy-api-fat.shiguangkey.com/api/galaxy/creativity/pageList
2020-10-09 14:46:22,986 - root - INFO : 请求方法: [- POST -]
2020-10-09 14:46:22,986 - root - INFO : 请求头部: {'content-type': 'application/x-www-form-urlencoded', 'token': '0x775fb60712f1fa187cc4589af1010a'}
2020-10-09 14:46:22,986 - root - INFO : 请求正文: {'gatherType': 1, 'programId': '13386', 'isHide': 0, 'pageIndex': 1, 'pageSize': 20}
2020-10-09 14:46:23,305 - root - INFO : 响应消息: {'traceId': '8f27361250cd4b749053aaacb9f1b9cf', 'status': '0', 'msg': 'success', 'data': {'totalItem': 1, 'list': [{'id': 113024, 'oldCreativityId': None, 'oldProgramId': None, 'no': '9cac59e6d6bb492b908e60718c5471ad', 'name': '自动化创意76147227', 'programName': '自动化计划69705052', 'subjectName': 'Python', 'subjectId': 282, 'channelName': '微信', 'channelId': 6, 'isImport': 0, 'position': '1', 'keyword': None, 'areaId': None, 'areaName': None, 'creatorName': '自动化专用-勿动', 'createTime': 1602225985000, 'remark': None, 'isNeedCaptch': 1, 'state': 2, 'adMainId': None, 'channelAgencyAccountId': None, 'accountCode': None, 'adMainAccount': None, 'thirdUrl': None, 'allocInstType': 1, 'receiveDeptId': None, 'receiveDeptIdChain': None, 'isHide': 0, 'isTest': 0, 'creatorDeptId': 8009, 'vector': None, 'customerVectorValue': None, 'followerName': None, 'followerTanzkAccount': None, 'putMode': 1, 'receptionistId': None, 'receptionistName': None, 'receptionistTanzkAccount': None, 'receptionistDeptId': None, 'receptionistDeptIdChain': None, 'creatorDeptIdChain': '1001-8006-8007-8008-8009', 'updateState': 1, 'type': 1, 'programId': 13386, 'promotionTerminal': 1, 'vectorType': None, 'channelQrCode': None, 'channelNumber': None, 'companyWechatId': None, 'vectorId': None, 'vectorName': None}]}}
2020-10-09 14:46:23,306 - root - INFO : 提取变量: [ creativityId: 113024 ]
2020-10-09 14:46:23,306 - root - INFO : 提取变量: [ creativityName: 自动化创意76147227 ]
2020-10-09 14:46:23,306 - root - INFO : 提取变量: [ creativityNo: 9cac59e6d6bb492b908e60718c5471ad ]
2020-10-09 14:46:23,306 - root - INFO : 校验类型: [-status], 结果: [Passed], 预期: [0]
2020-10-09 14:46:23,306 - root - INFO : 校验类型: [-msg], 结果: [Passed], 预期: [success]
2020-10-09 14:46:23,307 - root - INFO :  = = =  = = =  = = =  = = =  = = =  = = =  = = =  = = = 分割线 = = =  = = =  = = =  = = =  = = =  = = =  = = =  = = = 
2020-10-09 14:46:36,819 - root - INFO : 描述信息: 【潭州平台】获取登录用户 token
2020-10-09 14:46:36,820 - root - INFO : 请求地址: https://open-fat.shiguangkey.com/api/udb/workwechat/auth/login
2020-10-09 14:46:36,820 - root - INFO : 请求方法: [- POST -]
2020-10-09 14:46:36,820 - root - INFO : 请求头部: {'content-type': 'application/x-www-form-urlencoded', 'terminaltype': '4'}
2020-10-09 14:46:36,820 - root - INFO : 请求正文: {'account': 't0384223793', 'password': '4QrcOUm6Wau+VuBX8g+IPg'}
2020-10-09 14:46:36,977 - root - INFO : 响应消息: {'traceId': '37e0c5c6c477467cb61b200fc8a61d31', 'status': '0', 'msg': 'success', 'data': {'user': {'uid': 19862099, 'mobile': '', 'account': '', 'nickname': '日常的阿魏', 'headImg': 'https://res.shiguangkey.com/res/images/default.png', 'openId': '', 'newRegister': False, 'needBindPhone': False, 'showAccountList': False}, 'token': '0x77bdef0712f1253c1b54e9bb51bad6'}}
2020-10-09 14:46:36,977 - root - INFO : 提取变量: [ pttoken: 0x77bdef0712f1253c1b54e9bb51bad6 ]
2020-10-09 14:46:36,978 - root - INFO : 校验类型: [-status], 结果: [Passed], 预期: [0]
2020-10-09 14:46:36,978 - root - INFO : 校验类型: [-msg], 结果: [Passed], 预期: [success]
2020-10-09 14:46:36,978 - root - INFO :  = = =  = = =  = = =  = = =  = = =  = = =  = = =  = = = 分割线 = = =  = = =  = = =  = = =  = = =  = = =  = = =  = = = 
2020-10-09 14:46:36,978 - root - INFO : 正在执行Function: ad_plan
2020-10-09 14:46:36,978 - root - INFO : 正在执行Function: program_info_save
2020-10-09 14:46:36,978 - root - INFO : 描述信息: 【银河/广告/广告计划】新增广告计划
2020-10-09 14:46:36,978 - root - INFO : 请求地址: https://galaxy-api-fat.shiguangkey.com/api/galaxy/program/info/save
2020-10-09 14:46:36,978 - root - INFO : 请求方法: [- POST -]
2020-10-09 14:46:36,978 - root - INFO : 请求头部: {'content-type': 'application/json', 'token': '0x775fb60712f1fa187cc4589af1010a'}
2020-10-09 14:46:36,978 - root - INFO : 请求正文: {'channelId': 6, 'name': '$<projectName>', 'subjectId': 282, 'subjectName': 'Python', 'isTest': 0, 'putMode': 1, 'type': 1, 'gatherType': 2, 'allocInstType': 1, 'channelName': '微信'}
2020-10-09 14:46:37,246 - root - INFO : 响应消息: {'traceId': 'ce7b46e1f1894c3a9c15ae1cdbad1d9d', 'status': '100101122', 'msg': '计划名称已存在。', 'data': {}}
