2020-10-09 09:55:33,130 - root - INFO : 描述信息: 【潭州平台】获取登录用户 token
2020-10-09 09:55:33,130 - root - INFO : 请求地址: https://open-fat.shiguangkey.com/api/udb/workwechat/auth/login
2020-10-09 09:55:33,130 - root - INFO : 请求方法: [- POST -]
2020-10-09 09:55:33,130 - root - INFO : 请求头部: {'content-type': 'application/x-www-form-urlencoded', 'terminaltype': '4'}
2020-10-09 09:55:33,130 - root - INFO : 请求正文: {'account': 't0384223793', 'password': '4QrcOUm6Wau+VuBX8g+IPg'}
2020-10-09 09:55:33,277 - root - INFO : 响应消息: {'traceId': '42d39a7af34548d887c75d84d814b0a5', 'status': '0', 'msg': 'success', 'data': {'user': {'uid': 19862099, 'mobile': '', 'account': '', 'nickname': '日常的阿魏', 'headImg': 'https://res.shiguangkey.com/res/images/default.png', 'openId': '', 'newRegister': False, 'needBindPhone': False, 'showAccountList': False}, 'token': '0x7798e80712f125344e34f8f87da483'}}
2020-10-09 09:55:33,278 - root - INFO : 提取变量: [ pttoken: 0x7798e80712f125344e34f8f87da483 ]
2020-10-09 09:55:33,279 - root - INFO : 校验类型: [-status], 结果: [Passed], 预期: [0]
2020-10-09 09:55:33,279 - root - INFO : 校验类型: [-msg], 结果: [Passed], 预期: [success]
2020-10-09 09:55:33,279 - root - INFO :  = = =  = = =  = = =  = = =  = = =  = = =  = = =  = = = 分割线 = = =  = = =  = = =  = = =  = = =  = = =  = = =  = = = 
2020-10-09 09:55:33,279 - root - INFO : 正在执行Function: ad_plan
2020-10-09 09:55:33,279 - root - INFO : 正在执行Function: program_info_save
2020-10-09 09:55:33,279 - root - INFO : 描述信息: 【银河/广告/广告计划】新增广告计划
2020-10-09 09:55:33,279 - root - INFO : 请求地址: https://galaxy-api-fat.shiguangkey.com/api/galaxy/program/info/save
2020-10-09 09:55:33,279 - root - INFO : 请求方法: [- POST -]
2020-10-09 09:55:33,279 - root - INFO : 请求头部: {'content-type': 'application/json', 'token': '0x7798e80712f125344e34f8f87da483'}
2020-10-09 09:55:33,279 - root - INFO : 请求正文: {'channelId': 6, 'name': '自动化计划17332545', 'subjectId': 282, 'subjectName': 'Python', 'isTest': 0, 'putMode': 1, 'type': 1, 'gatherType': 1, 'allocInstType': 1, 'channelName': '微信'}
2020-10-09 09:55:33,489 - root - INFO : 响应消息: {'traceId': '74e756321d1f401494d7b4e12e476a9b', 'status': '0', 'msg': 'success', 'data': {}}
2020-10-09 09:55:33,489 - root - INFO : 校验类型: [-status], 结果: [Passed], 预期: [0]
2020-10-09 09:55:33,490 - root - INFO : 校验类型: [-msg], 结果: [Passed], 预期: [success]
2020-10-09 09:55:33,490 - root - INFO :  = = =  = = =  = = =  = = =  = = =  = = =  = = =  = = = 分割线 = = =  = = =  = = =  = = =  = = =  = = =  = = =  = = = 
2020-10-09 09:55:33,490 - root - INFO : 正在执行Function: program_pageList
2020-10-09 09:55:33,490 - root - INFO : 描述信息: 【银河/广告/广告计划】查询广告计划
2020-10-09 09:55:33,490 - root - INFO : 请求地址: https://galaxy-api-fat.shiguangkey.com/api/galaxy/program/pageList
2020-10-09 09:55:33,490 - root - INFO : 请求方法: [- POST -]
2020-10-09 09:55:33,490 - root - INFO : 请求头部: {'content-type': 'application/x-www-form-urlencoded', 'token': '0x7798e80712f125344e34f8f87da483'}
2020-10-09 09:55:33,490 - root - INFO : 请求正文: {'name': '自动化计划17332545', 'isHide': 0, 'pageIndex': 1, 'pageSize': 20, 'gatherType': 1, 'putMode': 1, 'allocInstType': 1}
2020-10-09 09:55:33,810 - root - INFO : 响应消息: {'traceId': '6aa1cdddf78441698492c1a4f2ff6d26', 'status': '0', 'msg': 'success', 'data': {'totalItem': 1, 'list': [{'id': 13356, 'oldProgramId': None, 'no': '1000000552141284', 'name': '自动化计划17332545', 'type': 1, 'programName': None, 'subjectName': 'Python', 'subjectId': 282, 'channelName': '微信', 'channelId': 6, 'isImport': None, 'position': None, 'keyword': None, 'areaId': None, 'areaName': None, 'remark': None, 'isNeedCaptch': None, 'state': None, 'adMainId': None, 'channelAgencyAccountId': None, 'accountCode': None, 'adMainAccount': None, 'thirdUrl': None, 'allocInstType': 1, 'receiveDeptId': None, 'receiveDeptIdChain': None, 'isHide': 0, 'isTest': 0, 'creatorDeptId': 8009, 'creatorName': '日常的阿魏', 'createTime': 1602208535000, 'putMode': 1, 'updateState': 1}]}}
2020-10-09 09:55:33,810 - root - INFO : 提取变量: [ channelId: 6 ]
2020-10-09 09:55:33,811 - root - INFO : 提取变量: [ putMode: 1 ]
2020-10-09 09:55:33,811 - root - INFO : 提取变量: [ adName: 自动化计划17332545 ]
2020-10-09 09:55:33,811 - root - INFO : 提取变量: [ adId: 13356 ]
2020-10-09 09:55:33,811 - root - INFO : 提取变量: [ type: 1 ]
2020-10-09 09:55:33,811 - root - INFO : 校验类型: [-status], 结果: [Passed], 预期: [0]
2020-10-09 09:55:33,811 - root - INFO : 校验类型: [-msg], 结果: [Passed], 预期: [success]
2020-10-09 09:55:33,812 - root - INFO : 校验类型: [-in]  结果: [Passed]  预期: [name]
2020-10-09 09:55:33,812 - root - INFO :  = = =  = = =  = = =  = = =  = = =  = = =  = = =  = = = 分割线 = = =  = = =  = = =  = = =  = = =  = = =  = = =  = = = 
2020-10-09 09:55:33,812 - root - INFO : 正在执行Function: create_creativity
2020-10-09 09:55:33,812 - root - INFO : 正在执行Function: creativity_save
2020-10-09 09:55:33,812 - root - INFO : 描述信息: 【银河/广告/广告计划】新建广告创意
2020-10-09 09:55:33,812 - root - INFO : 请求地址: https://galaxy-api-fat.shiguangkey.com/api/galaxy/creativity/save
2020-10-09 09:55:33,812 - root - INFO : 请求方法: [- POST -]
2020-10-09 09:55:33,812 - root - INFO : 请求头部: {'content-type': 'application/x-www-form-urlencoded', 'token': '0x7798e80712f125344e34f8f87da483'}
2020-10-09 09:55:33,812 - root - INFO : 请求正文: {'name': '自动化创意12429028', 'gatherType': 1, 'isNeedCaptch': 1, 'position': 1, 'type': '1', 'putMode': '1', 'channelId': '6', 'programId': '13356', 'programName': '自动化计划17332545'}
2020-10-09 09:55:34,035 - root - INFO : 响应消息: {'traceId': '810e57b641314ddd97043fe81bd7918a', 'status': '0', 'msg': 'success', 'data': {}}
2020-10-09 09:55:34,035 - root - INFO : 校验类型: [-status], 结果: [Passed], 预期: [0]
2020-10-09 09:55:34,035 - root - INFO : 校验类型: [-msg], 结果: [Passed], 预期: [success]
2020-10-09 09:55:34,036 - root - INFO :  = = =  = = =  = = =  = = =  = = =  = = =  = = =  = = = 分割线 = = =  = = =  = = =  = = =  = = =  = = =  = = =  = = = 
2020-10-09 09:55:34,036 - root - INFO : 正在执行Function: creativity_pageList
2020-10-09 09:55:34,036 - root - INFO : 描述信息: 【银河/广告/广告创意】查询广告创意
2020-10-09 09:55:34,036 - root - INFO : 请求地址: https://galaxy-api-fat.shiguangkey.com/api/galaxy/creativity/pageList
2020-10-09 09:55:34,036 - root - INFO : 请求方法: [- POST -]
2020-10-09 09:55:34,036 - root - INFO : 请求头部: {'content-type': 'application/x-www-form-urlencoded', 'token': '0x7798e80712f125344e34f8f87da483'}
2020-10-09 09:55:34,036 - root - INFO : 请求正文: {'gatherType': 1, 'programId': '13356', 'isHide': 0, 'pageIndex': 1, 'pageSize': 20}
2020-10-09 09:55:34,387 - root - INFO : 响应消息: {'traceId': 'b2a3d7cd10174dba9ba655a46c0fa5d4', 'status': '0', 'msg': 'success', 'data': {'totalItem': 1, 'list': [{'id': 113000, 'oldCreativityId': None, 'oldProgramId': None, 'no': 'fe4265e97a1440b8b0766c4506e66ceb', 'name': '自动化创意12429028', 'programName': '自动化计划17332545', 'subjectName': 'Python', 'subjectId': 282, 'channelName': '微信', 'channelId': 6, 'isImport': 0, 'position': '1', 'keyword': None, 'areaId': None, 'areaName': None, 'creatorName': '日常的阿魏', 'createTime': 1602208535000, 'remark': None, 'isNeedCaptch': 1, 'state': 2, 'adMainId': None, 'channelAgencyAccountId': None, 'accountCode': None, 'adMainAccount': None, 'thirdUrl': None, 'allocInstType': 1, 'receiveDeptId': None, 'receiveDeptIdChain': None, 'isHide': 0, 'isTest': 0, 'creatorDeptId': 8009, 'vector': None, 'customerVectorValue': None, 'followerName': None, 'followerTanzkAccount': None, 'putMode': 1, 'receptionistId': None, 'receptionistName': None, 'receptionistTanzkAccount': None, 'receptionistDeptId': None, 'receptionistDeptIdChain': None, 'creatorDeptIdChain': '1001-8006-8007-8008-8009', 'updateState': 1, 'type': 1, 'programId': 13356, 'promotionTerminal': 1, 'vectorType': None, 'channelQrCode': None, 'channelNumber': None, 'companyWechatId': None, 'vectorId': None, 'vectorName': None}]}}
2020-10-09 09:55:34,388 - root - INFO : 提取变量: [ creativityId: 113000 ]
2020-10-09 09:55:34,388 - root - INFO : 提取变量: [ creativityName: 自动化创意12429028 ]
2020-10-09 09:55:34,388 - root - INFO : 提取变量: [ creativityNo: fe4265e97a1440b8b0766c4506e66ceb ]
2020-10-09 09:55:34,388 - root - INFO : 校验类型: [-status], 结果: [Passed], 预期: [0]
2020-10-09 09:55:34,388 - root - INFO : 校验类型: [-msg], 结果: [Passed], 预期: [success]
2020-10-09 09:55:34,388 - root - INFO :  = = =  = = =  = = =  = = =  = = =  = = =  = = =  = = = 分割线 = = =  = = =  = = =  = = =  = = =  = = =  = = =  = = = 
