2020-10-12 09:34:06,628 - root - INFO : ************** 当前运行环境: Fat *************
2020-10-12 09:34:06,629 - root - INFO : 描述信息: 【潭州平台】获取登录用户 token
2020-10-12 09:34:06,629 - root - INFO : 请求地址: https://open-fat.shiguangkey.com/api/udb/workwechat/auth/login
2020-10-12 09:34:06,629 - root - INFO : 请求方法: [- POST -]
2020-10-12 09:34:06,629 - root - INFO : 请求头部: {'content-type': 'application/x-www-form-urlencoded', 'terminaltype': '4'}
2020-10-12 09:34:06,629 - root - INFO : 请求正文: {'account': 't0312814888', 'password': '4QrcOUm6Wau+VuBX8g+IPg'}
2020-10-12 09:34:06,769 - root - INFO : 响应消息: {'traceId': 'c7233bfbab984d1da494e4902e8f2c70', 'status': '0', 'msg': 'success', 'data': {'user': {'uid': 19865505, 'mobile': '', 'account': '', 'nickname': '拥挤的鳐鱼', 'headImg': 'https://res.shiguangkey.com/res/images/default.png', 'openId': '', 'newRegister': False, 'needBindPhone': False, 'showAccountList': False}, 'token': '0x77d5560712f1fa124ed4f45a4f0d3f'}}
2020-10-12 09:34:06,770 - root - INFO : 提取变量: [ pttoken: 0x77d5560712f1fa124ed4f45a4f0d3f ]
2020-10-12 09:34:06,770 - root - INFO : 校验类型: [-status], 结果: [Passed], 预期: [0]
2020-10-12 09:34:06,770 - root - INFO : 校验类型: [-msg], 结果: [Passed], 预期: [success]
2020-10-12 09:34:06,770 - root - INFO :  = = =  = = =  = = =  = = =  = = =  = = =  = = =  = = = 分割线 = = =  = = =  = = =  = = =  = = =  = = =  = = =  = = = 
2020-10-12 09:34:06,913 - root - INFO : 凭证获取成功并写入 /common/config.txt 配置文件中
2020-10-12 09:34:06,991 - root - INFO : 当前运行Case: test_import_mobile_single
2020-10-12 09:34:06,992 - root - INFO : 描述信息: 【潭州平台】获取登录用户 token
2020-10-12 09:34:06,992 - root - INFO : 请求地址: https://open-fat.shiguangkey.com/api/udb/workwechat/auth/login
2020-10-12 09:34:06,992 - root - INFO : 请求方法: [- POST -]
2020-10-12 09:34:06,992 - root - INFO : 请求头部: {'content-type': 'application/x-www-form-urlencoded', 'terminaltype': '4'}
2020-10-12 09:34:06,992 - root - INFO : 请求正文: {'account': 't0383212689', 'password': '4QrcOUm6Wau+VuBX8g+IPg'}
2020-10-12 09:34:07,129 - root - INFO : 响应消息: {'traceId': '94ed646708c64a8ebd86e10bcbb8ed8c', 'status': '0', 'msg': 'success', 'data': {'user': {'uid': 19861712, 'mobile': '', 'account': '', 'nickname': '暖和的少女花', 'headImg': 'https://res.shiguangkey.com/res/images/default.png', 'openId': '', 'newRegister': False, 'needBindPhone': False, 'showAccountList': False}, 'token': '0x77a3310712f10d0f62f452cbb8d52b'}}
2020-10-12 09:34:07,129 - root - INFO : 提取变量: [ pttoken: 0x77a3310712f10d0f62f452cbb8d52b ]
2020-10-12 09:34:07,130 - root - INFO : 校验类型: [-status], 结果: [Passed], 预期: [0]
2020-10-12 09:34:07,130 - root - INFO : 校验类型: [-msg], 结果: [Passed], 预期: [success]
2020-10-12 09:34:07,130 - root - INFO :  = = =  = = =  = = =  = = =  = = =  = = =  = = =  = = = 分割线 = = =  = = =  = = =  = = =  = = =  = = =  = = =  = = = 
2020-10-12 09:34:07,130 - root - INFO : 正在执行Function: ad_plan_direct
2020-10-12 09:34:07,130 - root - INFO : 正在执行Function: program_info_save_direct
2020-10-12 09:34:07,130 - root - INFO : 描述信息: 【银河/广告/广告计划】新增广告计划，直线下发分配方式，普通投放模式：putMode=1,allocInstType=3；高转VIP：putMode=3,allocInstType=3
2020-10-12 09:34:07,130 - root - INFO : 请求地址: https://galaxy-api-fat.shiguangkey.com/api/galaxy/program/info/save
2020-10-12 09:34:07,130 - root - INFO : 请求方法: [- POST -]
2020-10-12 09:34:07,130 - root - INFO : 请求头部: {'content-type': 'application/json', 'token': '0x77a1330712f1fa1426543a596f7b64'}
2020-10-12 09:34:07,130 - root - INFO : 请求正文: {'channelId': 6, 'name': '自动化计划91951076', 'subjectId': 282, 'subjectName': 'Python', 'isTest': 0, 'receiveDeptIdChain': '1001-2001-4569-4570-4571-4572', 'receiveDeptId': 4572, 'putMode': 1, 'type': 1, 'gatherType': 1, 'allocInstType': 3, 'channelName': '微信'}
2020-10-12 09:34:07,373 - root - INFO : 响应消息: {'traceId': '8713811f24ce48eab57d43be908933e8', 'status': '0', 'msg': 'success', 'data': {}}
2020-10-12 09:34:07,373 - root - INFO : 校验类型: [-status], 结果: [Passed], 预期: [0]
2020-10-12 09:34:07,373 - root - INFO : 校验类型: [-msg], 结果: [Passed], 预期: [success]
2020-10-12 09:34:07,373 - root - INFO :  = = =  = = =  = = =  = = =  = = =  = = =  = = =  = = = 分割线 = = =  = = =  = = =  = = =  = = =  = = =  = = =  = = = 
2020-10-12 09:34:07,373 - root - INFO : 正在执行Function: program_pageList
2020-10-12 09:34:07,373 - root - INFO : 描述信息: 【银河/广告/广告计划】查询广告计划
2020-10-12 09:34:07,373 - root - INFO : 请求地址: https://galaxy-api-fat.shiguangkey.com/api/galaxy/program/pageList
2020-10-12 09:34:07,373 - root - INFO : 请求方法: [- POST -]
2020-10-12 09:34:07,373 - root - INFO : 请求头部: {'content-type': 'application/x-www-form-urlencoded', 'token': '0x77a1330712f1fa1426543a596f7b64'}
2020-10-12 09:34:07,373 - root - INFO : 请求正文: {'name': '自动化计划91951076', 'isHide': 0, 'pageIndex': 1, 'pageSize': 20, 'gatherType': 1}
2020-10-12 09:34:07,701 - root - INFO : 响应消息: {'traceId': '1e7a667af3784c2bb5e3fb96189a782a', 'status': '0', 'msg': 'success', 'data': {'totalItem': 1, 'list': [{'id': 13603, 'oldProgramId': None, 'no': '1000001958069718', 'name': '自动化计划91951076', 'type': 1, 'programName': None, 'subjectName': 'Python', 'subjectId': 282, 'channelName': '微信', 'channelId': 6, 'isImport': None, 'position': None, 'keyword': None, 'areaId': None, 'areaName': None, 'remark': None, 'isNeedCaptch': None, 'state': None, 'adMainId': None, 'channelAgencyAccountId': None, 'accountCode': None, 'adMainAccount': None, 'thirdUrl': None, 'allocInstType': 3, 'receiveDeptId': 4572, 'receiveDeptIdChain': '1001-2001-4569-4570-4571-4572', 'isHide': 0, 'isTest': 0, 'creatorDeptId': 8009, 'creatorName': '自动化专用-勿动', 'createTime': 1602466448000, 'putMode': 1, 'updateState': 1}]}}
2020-10-12 09:34:07,701 - root - INFO : 提取变量: [ channelId: 6 ]
2020-10-12 09:34:07,702 - root - INFO : 提取变量: [ putMode: 1 ]
2020-10-12 09:34:07,702 - root - INFO : 提取变量: [ adName: 自动化计划91951076 ]
2020-10-12 09:34:07,702 - root - INFO : 提取变量: [ adId: 13603 ]
2020-10-12 09:34:07,702 - root - INFO : 提取变量: [ type: 1 ]
2020-10-12 09:34:07,702 - root - INFO : 校验类型: [-status], 结果: [Passed], 预期: [0]
2020-10-12 09:34:07,703 - root - INFO : 校验类型: [-msg], 结果: [Passed], 预期: [success]
2020-10-12 09:34:07,703 - root - INFO : 校验类型: [-in]  结果: [Passed]  预期: [name]
2020-10-12 09:34:07,703 - root - INFO :  = = =  = = =  = = =  = = =  = = =  = = =  = = =  = = = 分割线 = = =  = = =  = = =  = = =  = = =  = = =  = = =  = = = 
2020-10-12 09:34:07,703 - root - INFO : 正在执行Function: creativity_save
2020-10-12 09:34:07,703 - root - INFO : 描述信息: 【银河/广告/广告计划】新建广告创意
2020-10-12 09:34:07,703 - root - INFO : 请求地址: https://galaxy-api-fat.shiguangkey.com/api/galaxy/creativity/save
2020-10-12 09:34:07,703 - root - INFO : 请求方法: [- POST -]
2020-10-12 09:34:07,703 - root - INFO : 请求头部: {'content-type': 'application/x-www-form-urlencoded', 'token': '0x77a1330712f1fa1426543a596f7b64'}
2020-10-12 09:34:07,703 - root - INFO : 请求正文: {'name': '自动化创意69034817', 'gatherType': 1, 'isNeedCaptch': 0, 'position': 1, 'type': '1', 'putMode': '1', 'channelId': '6', 'programId': '13603', 'programName': '自动化计划91951076'}
2020-10-12 09:34:07,936 - root - INFO : 响应消息: {'traceId': 'f21dfe835786481ab2c9bb5eebe36625', 'status': '0', 'msg': 'success', 'data': {}}
2020-10-12 09:34:07,937 - root - INFO : 校验类型: [-status], 结果: [Passed], 预期: [0]
2020-10-12 09:34:07,937 - root - INFO : 校验类型: [-msg], 结果: [Passed], 预期: [success]
2020-10-12 09:34:07,937 - root - INFO :  = = =  = = =  = = =  = = =  = = =  = = =  = = =  = = = 分割线 = = =  = = =  = = =  = = =  = = =  = = =  = = =  = = = 
2020-10-12 09:34:07,937 - root - INFO : 正在执行Function: creativity_pageList
2020-10-12 09:34:07,937 - root - INFO : 描述信息: 【银河/广告/广告创意】查询广告创意
2020-10-12 09:34:07,937 - root - INFO : 请求地址: https://galaxy-api-fat.shiguangkey.com/api/galaxy/creativity/pageList
2020-10-12 09:34:07,937 - root - INFO : 请求方法: [- POST -]
2020-10-12 09:34:07,937 - root - INFO : 请求头部: {'content-type': 'application/x-www-form-urlencoded', 'token': '0x77a1330712f1fa1426543a596f7b64'}
2020-10-12 09:34:07,937 - root - INFO : 请求正文: {'gatherType': 1, 'programId': '13603', 'isHide': 0, 'pageIndex': 1, 'pageSize': 20}
2020-10-12 09:34:08,309 - root - INFO : 响应消息: {'traceId': '33cdefc907b74226b31969fbf3f53528', 'status': '0', 'msg': 'success', 'data': {'totalItem': 1, 'list': [{'id': 113264, 'oldCreativityId': None, 'oldProgramId': None, 'no': '2245cf0dca974486ba6983a6491df6df', 'name': '自动化创意69034817', 'programName': '自动化计划91951076', 'subjectName': 'Python', 'subjectId': 282, 'channelName': '微信', 'channelId': 6, 'isImport': 0, 'position': '1', 'keyword': None, 'areaId': None, 'areaName': None, 'creatorName': '自动化专用-勿动', 'createTime': 1602466449000, 'remark': None, 'isNeedCaptch': 0, 'state': 2, 'adMainId': None, 'channelAgencyAccountId': None, 'accountCode': None, 'adMainAccount': None, 'thirdUrl': None, 'allocInstType': 3, 'receiveDeptId': 4572, 'receiveDeptIdChain': '1001-2001-4569-4570-4571-4572', 'isHide': 0, 'isTest': 0, 'creatorDeptId': 8009, 'vector': None, 'customerVectorValue': None, 'followerName': None, 'followerTanzkAccount': None, 'putMode': 1, 'receptionistId': None, 'receptionistName': None, 'receptionistTanzkAccount': None, 'receptionistDeptId': None, 'receptionistDeptIdChain': None, 'creatorDeptIdChain': '1001-8006-8007-8008-8009', 'updateState': 1, 'type': 1, 'programId': 13603, 'promotionTerminal': 1, 'vectorType': None, 'channelQrCode': None, 'channelNumber': None, 'companyWechatId': None, 'vectorId': None, 'vectorName': None}]}}
2020-10-12 09:34:08,310 - root - INFO : 提取变量: [ creativityId: 113264 ]
2020-10-12 09:34:08,310 - root - INFO : 提取变量: [ creativityName: 自动化创意69034817 ]
2020-10-12 09:34:08,310 - root - INFO : 提取变量: [ creativityNo: 2245cf0dca974486ba6983a6491df6df ]
2020-10-12 09:34:08,310 - root - INFO : 校验类型: [-status], 结果: [Passed], 预期: [0]
2020-10-12 09:34:08,310 - root - INFO : 校验类型: [-msg], 结果: [Passed], 预期: [success]
2020-10-12 09:34:08,310 - root - INFO :  = = =  = = =  = = =  = = =  = = =  = = =  = = =  = = = 分割线 = = =  = = =  = = =  = = =  = = =  = = =  = = =  = = = 
2020-10-12 09:34:08,311 - root - INFO : 描述信息: 【银河/广告/广告创意】导入单个手机流量
2020-10-12 09:34:08,416 - root - INFO : 请求地址: https://galaxy-api-fat.shiguangkey.com/api/galaxy/gather/importing
2020-10-12 09:34:08,416 - root - INFO : 请求方法: [- POST -]
2020-10-12 09:34:08,416 - root - INFO : 请求头部: {'content-type': 'multipart/form-data; boundary=0714184324183ee20d67799b83194831', 'token': '0x77a3310712f10d0f62f452cbb8d52b'}
2020-10-12 09:34:08,417 - root - INFO : 请求正文: b'--0714184324183ee20d67799b83194831\r\nContent-Disposition: form-data; name="adNo"\r\n\r\n2245cf0dca974486ba6983a6491df6df\r\n--0714184324183ee20d67799b83194831\r\nContent-Disposition: form-data; name="putMode"\r\n\r\n1\r\n--0714184324183ee20d67799b83194831\r\nContent-Disposition: form-data; name="file"; filename="import20201012093408.xlsx"\r\nContent-Type: application/vnd.openxmlformats-officedocument.spreadsheetml.sheet\r\n\r\n\xd0\xcf\x11\xe0\xa1\xb1\x1a\xe1\x00\x00\x00\x00\x00\x00\x00\x00\x00\x00\x00\x00\x00\x00\x00\x00>\x00\x03\x00\xfe\xff\t\x00\x06\x00\x00\x00\x00\x00\x00\x00\x00\x00\x00\x00\x01\x00\x00\x00\t\x00\x00\x00\x00\x00\x00\x00\x00\x10\x00\x00\xfe\xff\xff\xff\x00\x00\x00\x00\xfe\xff\xff\xff\x00\x00\x00\x00\x08\x00\x00\x00\xff\xff\xff\xff\xff\xff\xff\xff\xff\xff\xff\xff\xff\xff\xff\xff\xff\xff\xff\xff\xff\xff\xff\xff\xff\xff\xff\xff\xff\xff\xff\xff\xff\xff\xff\xff\xff\xff\xff\xff\xff\xff\xff\xff\xff\xff\xff\xff\xff\xff\xff\xff\xff\xff\xff\xff\xff\xff\xff\xff\xff\xff\xff\xff\xff\xff\xff\xff\xff\xff\xff\xff\xff\xff\xff\xff\xff\xff\xff\xff\xff\xff\xff\xff\xff\xff\xff\xff\xff\xff\xff\xff\xff\xff\xff\xff\xff\xff\xff\xff\xff\xff\xff\xff\xff\xff\xff\xff\xff\xff\xff\xff\xff\xff\xff\xff\xff\xff\xff\xff\xff\xff\xff\xff\xff\xff\xff\xff\xff\xff\xff\xff\xff\xff\xff\xff\xff\xff\xff\xff\xff\xff\xff\xff\xff\xff\xff\xff\xff\xff\xff\xff\xff\xff\xff\xff\xff\xff\xff\xff\xff\xff\xff\xff\xff\xff\xff\xff\xff\xff\xff\xff\xff\xff\xff\xff\xff\xff\xff\xff\xff\xff\xff\xff\xff\xff\xff\xff\xff\xff\xff\xff\xff\xff\xff\xff\xff\xff\xff\xff\xff\xff\xff\xff\xff\xff\xff\xff\xff\xff\xff\xff\xff\xff\xff\xff\xff\xff\xff\xff\xff\xff\xff\xff\xff\xff\xff\xff\xff\xff\xff\xff\xff\xff\xff\xff\xff\xff\xff\xff\xff\xff\xff\xff\xff\xff\xff\xff\xff\xff\xff\xff\xff\xff\xff\xff\xff\xff\xff\xff\xff\xff\xff\xff\xff\xff\xff\xff\xff\xff\xff\xff\xff\xff\xff\xff\xff\xff\xff\xff\xff\xff\xff\xff\xff\xff\xff\xff\xff\xff\xff\xff\xff\xff\xff\xff\xff\xff\xff\xff\xff\xff\xff\xff\xff\xff\xff\xff\xff\xff\xff\xff\xff\xff\xff\xff\xff\xff\xff\xff\xff\xff\xff\xff\xff\xff\xff\xff\xff\xff\xff\xff\xff\xff\xff\xff\xff\xff\xff\xff\xff\xff\xff\xff\xff\xff\xff\xff\xff\xff\xff\xff\xff\xff\xff\xff\xff\xff\xff\xff\xff\xff\xff\xff\xff\xff\xff\xff\xff\xff\xff\xff\xff\xff\xff\xff\xff\xff\xff\xff\xff\xff\xff\xff\xff\xff\xff\xff\xff\xff\xff\xff\xff\xff\xff\xff\xff\xff\xff\xff\xff\xff\xff\xff\xff\xff\xff\xff\xff\xff\xff\xff\xff\xff\xff\xff\xff\xff\xff\xff\xff\xff\xff\xff\xff\xff\xff\xff\xff\xff\xff\xff\t\x08\x10\x00\x00\x06\x05\x00\xbb\r\xcc\x07\x00\x00\x00\x00\x06\x00\x00\x00\xe1\x00\x02\x00\xb0\x04\xc1\x00\x02\x00\x00\x00\xe2\x00\x00\x00\\\x00p\x00None                                                                                                            B\x00\x02\x00\xb0\x04a\x01\x02\x00\x00\x00=\x01\x02\x00\x01\x00\x9c\x00\x02\x00\x0e\x00\x19\x00\x02\x00\x00\x00\x12\x00\x02\x00\x00\x00c\x00\x02\x00\x00\x00\x13\x00\x02\x00\x00\x00\xaf\x01\x02\x00\x00\x00\xbc\x01\x02\x00\x00\x00@\x00\x02\x00\x00\x00\x8d\x00\x02\x00\x00\x00=\x00\x12\x00\xe0\x01Z\x00\xcf?N*8\x00\x00\x00\x00\x00\x01\x00X\x02"\x00\x02\x00\x00\x00\x0e\x00\x02\x00\x01\x00\xb7\x01\x02\x00\x00\x00\xda\x00\x02\x00\x00\x001\x00\x15\x00\xc8\x00\x00\x00\xff\x7f\x90\x01\x00\x00\x00\x00\x01\x00\x05\x00Arial1\x00\x15\x00\xc8\x00\x00\x00\xff\x7f\x90\x01\x00\x00\x00\x00\x01\x00\x05\x00Arial1\x00\x15\x00\xc8\x00\x00\x00\xff\x7f\x90\x01\x00\x00\x00\x00\x01\x00\x05\x00Arial1\x00\x15\x00\xc8\x00\x00\x00\xff\x7f\x90\x01\x00\x00\x00\x00\x01\x00\x05\x00Arial1\x00\x15\x00\xc8\x00\x00\x00\xff\x7f\x90\x01\x00\x00\x00\x00\x01\x00\x05\x00Arial1\x00\x15\x00\xc8\x00\x00\x00\xff\x7f\x90\x01\x00\x00\x00\x00\x01\x00\x05\x00Arial1\x00\x15\x00\xc8\x00\x00\x00\xff\x7f\x90\x01\x00\x00\x00\x00\x01\x00\x05\x00Arial\x1e\x04\x0c\x00\xa4\x00\x07\x00\x00General\xe0\x00\x14\x00\x06\x00\xa4\x00\xf5\xff \x00\x00\xf4\x00\x00\x00\x00\x00\x00\x00\x00\xc0 \xe0\x00\x14\x00\x06\x00\xa4\x00\xf5\xff \x00\x00\xf4\x00\x00\x00\x00\x00\x00\x00\x00\xc0 \xe0\x00\x14\x00\x06\x00\xa4\x00\xf5\xff \x00\x00\xf4\x00\x00\x00\x00\x00\x00\x00\x00\xc0 \xe0\x00\x14\x00\x06\x00\xa4\x00\xf5\xff \x00\x00\xf4\x00\x00\x00\x00\x00\x00\x00\x00\xc0 \xe0\x00\x14\x00\x06\x00\xa4\x00\xf5\xff \x00\x00\xf4\x00\x00\x00\x00\x00\x00\x00\x00\xc0 \xe0\x00\x14\x00\x06\x00\xa4\x00\xf5\xff \x00\x00\xf4\x00\x00\x00\x00\x00\x00\x00\x00\xc0 \xe0\x00\x14\x00\x06\x00\xa4\x00\xf5\xff \x00\x00\xf4\x00\x00\x00\x00\x00\x00\x00\x00\xc0 \xe0\x00\x14\x00\x06\x00\xa4\x00\xf5\xff \x00\x00\xf4\x00\x00\x00\x00\x00\x00\x00\x00\xc0 \xe0\x00\x14\x00\x06\x00\xa4\x00\xf5\xff \x00\x00\xf4\x00\x00\x00\x00\x00\x00\x00\x00\xc0 \xe0\x00\x14\x00\x06\x00\xa4\x00\xf5\xff \x00\x00\xf4\x00\x00\x00\x00\x00\x00\x00\x00\xc0 \xe0\x00\x14\x00\x06\x00\xa4\x00\xf5\xff \x00\x00\xf4\x00\x00\x00\x00\x00\x00\x00\x00\xc0 \xe0\x00\x14\x00\x06\x00\xa4\x00\xf5\xff \x00\x00\xf4\x00\x00\x00\x00\x00\x00\x00\x00\xc0 \xe0\x00\x14\x00\x06\x00\xa4\x00\xf5\xff \x00\x00\xf4\x00\x00\x00\x00\x00\x00\x00\x00\xc0 \xe0\x00\x14\x00\x06\x00\xa4\x00\xf5\xff \x00\x00\xf4\x00\x00\x00\x00\x00\x00\x00\x00\xc0 \xe0\x00\x14\x00\x06\x00\xa4\x00\xf5\xff \x00\x00\xf4\x00\x00\x00\x00\x00\x00\x00\x00\xc0 \xe0\x00\x14\x00\x06\x00\xa4\x00\xf5\xff \x00\x00\xf4\x00\x00\x00\x00\x00\x00\x00\x00\xc0 \xe0\x00\x14\x00\x06\x00\xa4\x00\x01\x00 \x00\x00\xf8\x00\x00\x00\x00\x00\x00\x00\x00\xc0 \xe0\x00\x14\x00\x07\x00\xa4\x00\x01\x00 \x00\x00\xf8\x00\x00\x00\x00\x00\x00\x00\x00\xc0 \x93\x02\x04\x00\x00\x80\x00\xff`\x01\x02\x00\x01\x00\x85\x00\x0e\x00t\x04\x00\x00\x00\x00\x06\x00Sheet1\xfc\x00\xcf\x00\x0f\x00\x00\x00\r\x00\x00\x00\x08\x00\x01\xa2[7b5f\xf0y\x08\xff\xd3Y\rT\t\xff\x08\x00\x01Kb:g\xf7S\x01x\x08\xff\xc5_kX\t\xff\x04\x00\x01Q\x00Q\x00\xf7S\x01x\x02\x00\x01\xae_\xe1O\x04\x00\x01\xc2S\x03\x80t^\x84\x9f\x10\x00\x01Am\xcf\x91eg\x90n\xf6e\xf4\x95\x08\xff\xc5_kX,\x00\tN)Y\x85Qpenc\t\xff\n\x00\x010W\xdfW\x08\xff\x02^\xa7~\x0c\xff^\x97\xc5_kX\t\xff\x04\x00\x01Am\xcf\x91\x07Y\xe8l\x02\x00\x01\x8bs\x94N\x0b\x00\x0018185515533\x08\x00\x0075834319\x13\x00\x002020/10/12 09:34:06\x03\x00\x01\x7f\x95\x99l\x02^\n\x00\x00\x00\t\x08\x10\x00\x00\x06\x10\x00\xbb\r\xcc\x07\x00\x00\x00\x00\x06\x00\x00\x00\r\x00\x02\x00\x01\x00\x0c\x00\x02\x00d\x00\x0f\x00\x02\x00\x01\x00\x11\x00\x02\x00\x00\x00\x10\x00\x08\x00\xfc\xa9\xf1\xd2MbP?_\x00\x02\x00\x00\x00\x80\x00\x08\x00\x00\x00\x00\x00\x01\x00\x00\x00%\x02\x04\x00\x00\x00\xff\x00\x81\x00\x02\x00\x01\x0c\x00\x02\x0e\x00\x00\x00\x00\x00\x02\x00\x00\x00\x00\x00\x08\x00\x00\x00*\x00\x02\x00\x00\x00+\x00\x02\x00\x00\x00\x82\x00\x02\x00\x01\x00\x1b\x00\x02\x00\x00\x00\x1a\x00\x02\x00\x00\x00\x14\x00\x05\x00\x02\x00\x00&P\x15\x00\x05\x00\x02\x00\x00&F\x83\x00\x02\x00\x01\x00\x84\x00\x02\x00\x00\x00&\x00\x08\x00333333\xd3?\'\x00\x08\x00333333\xd3?(\x00\x08\x00\x85\xebQ\xb8\x1e\x85\xe3?)\x00\x08\x00\xaeG\xe1z\x14\xae\xd7?\xa1\x00"\x00\t\x00d\x00\x01\x00\x01\x00\x01\x00\x83\x00,\x01,\x01\x9a\x99\x99\x99\x99\x99\xb9?\x9a\x99\x99\x99\x99\x99\xb9?\x01\x00\x12\x00\x02\x00\x00\x00\xdd\x00\x02\x00\x00\x00\x19\x00\x02\x00\x00\x00c\x00\x02\x00\x00\x00\x13\x00\x02\x00\x00\x00\x08\x02\x10\x00\x00\x00\x00\x00\x08\x00\xff\x00\x00\x00\x00\x00\x00\x01\x0f\x00\xfd\x00\n\x00\x00\x00\x00\x00\x11\x00\x00\x00\x00\x00\xfd\x00\n\x00\x00\x00\x01\x00\x11\x00\x01\x00\x00\x00\xfd\x00\n\x00\x00\x00\x02\x00\x11\x00\x02\x00\x00\x00\xfd\x00\n\x00\x00\x00\x03\x00\x11\x00\x03\x00\x00\x00\xfd\x00\n\x00\x00\x00\x04\x00\x11\x00\x04\x00\x00\x00\xfd\x00\n\x00\x00\x00\x05\x00\x11\x00\x05\x00\x00\x00\xfd\x00\n\x00\x00\x00\x06\x00\x11\x00\x06\x00\x00\x00\xfd\x00\n\x00\x00\x00\x07\x00\x11\x00\x07\x00\x00\x00\x08\x02\x10\x00\x01\x00\x00\x00\x08\x00\xff\x00\x00\x00\x00\x00\x00\x01\x0f\x00\xfd\x00\n\x00\x01\x00\x00\x00\x11\x00\x08\x00\x00\x00\xfd\x00\n\x00\x01\x00\x01\x00\x11\x00\t\x00\x00\x00\xfd\x00\n\x00\x01\x00\x02\x00\x11\x00\n\x00\x00\x00\xfd\x00\n\x00\x01\x00\x03\x00\x11\x00\n\x00\x00\x00~\x02\n\x00\x01\x00\x04\x00\x11\x00r\x00\x00\x00\xfd\x00\n\x00\x01\x00\x05\x00\x11\x00\x0b\x00\x00\x00\xfd\x00\n\x00\x01\x00\x06\x00\x11\x00\x0c\x00\x00\x00\xfd\x00\n\x00\x01\x00\x07\x00\x11\x00\x07\x00\x00\x00>\x02\x12\x00\xb6\x02\x00\x00\x00\x00@\x00\x00\x00\x00\x00\x00\x00\x00\x00\x00\x00\n\x00\x00\x00\x00\x00\x00\x00\x00\x00\x00\x00\x00\x00\x00\x00\x00\x00\x00\x00\x00\x00\x00\x00\x00\x00\x00\x00\x00\x00\x00\x00\x00\x00\x00\x00\x00\x00\x00\x00\x00\x00\x00\x00\x00\x00\x00\x00\x00\x00\x00\x00\x00\x00\x00\x00\x00\x00\x00\x00\x00\x00\x00\x00\x00\x00\x00\x00\x00\x00\x00\x00\x00\x00\x00\x00\x00\x00\x00\x00\x00\x00\x00\x00\x00\x00\x00\x00\x00\x00\x00\x00\x00\x00\x00\x00\x00\x00\x00\x00\x00\x00\x00\x00\x00\x00\x00\x00\x00\x00\x00\x00\x00\x00\x00\x00\x00\x00\x00\x00\x00\x00\x00\x00\x00\x00\x00\x00\x00\x00\x00\x00\x00\x00\x00\x00\x00\x00\x00\x00\x00\x00\x00\x00\x00\x00\x00\x00\x00\x00\x00\x00\x00\x00\x00\x00\x00\x00\x00\x00\x00\x00\x00\x00\x00\x00\x00\x00\x00\x00\x00\x00\x00\x00\x00\x00\x00\x00\x00\x00\x00\x00\x00\x00\x00\x00\x00\x00\x00\x00\x00\x00\x00\x00\x00\x00\x00\x00\x00\x00\x00\x00\x00\x00\x00\x00\x00\x00\x00\x00\x00\x00\x00\x00\x00\x00\x00\x00\x00\x00\x00\x00\x00\x00\x00\x00\x00\x00\x00\x00\x00\x00\x00\x00\x00\x00\x00\x00\x00\x00\x00\x00\x00\x00\x00\x00\x00\x00\x00\x00\x00\x00\x00\x00\x00\x00\x00\x00\x00\x00\x00\x00\x00\x00\x00\x00\x00\x00\x00\x00\x00\x00\x00\x00\x00\x00\x00\x00\x00\x00\x00\x00\x00\x00\x00\x00\x00\x00\x00\x00\x00\x00\x00\x00\x00\x00\x00\x00\x00\x00\x00\x00\x00\x00\x00\x00\x00\x00\x00\x00\x00\x00\x00\x00\x00\x00\x00\x00\x00\x00\x00\x00\x00\x00\x00\x00\x00\x00\x00\x00\x00\x00\x00\x00\x00\x00\x00\x00\x00\x00\x00\x00\x00\x00\x00\x00\x00\x00\x00\x00\x00\x00\x00\x00\x00\x00\x00\x00\x00\x00\x00\x00\x00\x00\x00\x00\x00\x00\x00\x00\x00\x00\x00\x00\x00\x00\x00\x00\x00\x00\x00\x00\x00\x00\x00\x00\x00\x00\x00\x00\x00\x00\x00\x00\x00\x00\x00\x00\x00\x00\x00\x00\x00\x00\x00\x00\x00\x00\x00\x00\x00\x00\x00\x00\x00\x00\x00\x00\x00\x00\x00\x00\x00\x00\x00\x00\x00\x00\x00\x00\x00\x00\x00\x00\x00\x00\x00\x00\x00\x00\x00\x00\x00\x00\x00\x00\x00\x00\x00\x00\x00\x00\x00\x00\x00\x00\x00\x00\x00\x00\x00\x00\x00\x00\x00\x00\x00\x00\x00\x00\x00\x00\x00\x00\x00\x00\x00\x00\x00\x00\x00\x00\x00\x00\x00\x00\x00\x00\x00\x00\x00\x00\x00\x00\x00\x00\x00\x00\x00\x00\x00\x00\x00\x00\x00\x00\x00\x00\x00\x00\x00\x00\x00\x00\x00\x00\x00\x00\x00\x00\x00\x00\x00\x00\x00\x00\x00\x00\x00\x00\x00\x00\x00\x00\x00\x00\x00\x00\x00\x00\x00\x00\x00\x00\x00\x00\x00\x00\x00\x00\x00\x00\x00\x00\x00\x00\x00\x00\x00\x00\x00\x00\x00\x00\x00\x00\x00\x00\x00\x00\x00\x00\x00\x00\x00\x00\x00\x00\x00\x00\x00\x00\x00\x00\x00\x00\x00\x00\x00\x00\x00\x00\x00\x00\x00\x00\x00\x00\x00\x00\x00\x00\x00\x00\x00\x00\x00\x00\x00\x00\x00\x00\x00\x00\x00\x00\x00\x00\x00\x00\x00\x00\x00\x00\x00\x00\x00\x00\x00\x00\x00\x00\x00\x00\x00\x00\x00\x00\x00\x00\x00\x00\x00\x00\x00\x00\x00\x00\x00\x00\x00\x00\x00\x00\x00\x00\x00\x00\x00\x00\x00\x00\x00\x00\x00\x00\x00\x00\x00\x00\x00\x00\x00\x00\x00\x00\x00\x00\x00\x00\x00\x00\x00\x00\x00\x00\x00\x00\x00\x00\x00\x00\x00\x00\x00\x00\x00\x00\x00\x00\x00\x00\x00\x00\x00\x00\x00\x00\x00\x00\x00\x00\x00\x00\x00\x00\x00\x00\x00\x00\x00\x00\x00\x00\x00\x00\x00\x00\x00\x00\x00\x00\x00\x00\x00\x00\x00\x00\x00\x00\x00\x00\x00\x00\x00\x00\x00\x00\x00\x00\x00\x00\x00\x00\x00\x00\x00\x00\x00\x00\x00\x00\x00\x00\x00\x00\x00\x00\x00\x00\x00\x00\x00\x00\x00\x00\x00\x00\x00\x00\x00\x00\x00\x00\x00\x00\x00\x00\x00\x00\x00\x00\x00\x00\x00\x00\x00\x00\x00\x00\x00\x00\x00\x00\x00\x00\x00\x00\x00\x00\x00\x00\x00\x00\x00\x00\x00\x00\x00\x00\x00\x00\x00\x00\x00\x00\x00\x00\x00\x00\x00\x00\x00\x00\x00\x00\x00\x00\x00\x00\x00\x00\x00\x00\x00\x00\x00\x00\x00\x00\x00\x00\x00\x00\x00\x00\x00\x00\x00\x00\x00\x00\x00\x00\x00\x00\x00\x00\x00\x00\x00\x00\x00\x00\x00\x00\x00\x00\x00\x00\x00\x00\x00\x00\x00\x00\x00\x00\x00\x00\x00\x00\x00\x00\x00\x00\x00\x00\x00\x00\x00\x00\x00\x00\x00\x00\x00\x00\x00\x00\x00\x00\x00\x00\x00\x00\x00\x00\x00\x00\x00\x00\x00\x00\x00\x00\x00\x00\x00\x00\x00\x00\x00\x00\x00\x00\x00\x00\x00\x00\x00\x00\x00\x00\x00\x00\x00\x00\x00\x00\x00\x00\x00\x00\x00\x00\x00\x00\x00\x00\x00\x00\x00\x00\x00\x00\x00\x00\x00\x00\x00\x00\x00\x00\x00\x00\x00\x00\x00\x00\x00\x00\x00\x00\x00\x00\x00\x00\x00\x00\x00\x00\x00\x00\x00\x00\x00\x00\x00\x00\x00\x00\x00\x00\x00\x00\x00\x00\x00\x00\x00\x00\x00\x00\x00\x00\x00\x00\x00\x00\x00\x00\x00\x00\x00\x00\x00\x00\x00\x00\x00\x00\x00\x00\x00\x00\x00\x00\x00\x00\x00\x00\x00\x00\x00\x00\x00\x00\x00\x00\x00\x00\x00\x00\x00\x00\x00\x00\x00\x00\x00\x00\x00\x00\x00\x00\x00\x00\x00\x00\x00\x00\x00\x00\x00\x00\x00\x00\x00\x00\x00\x00\x00\x00\x00\x00\x00\x00\x00\x00\x00\x00\x00\x00\x00\x00\x00\x00\x00\x00\x00\x00\x00\x00\x00\x00\x00\x00\x00\x00\x00\x00\x00\x00\x00\x00\x00\x00\x00\x00\x00\x00\x00\x00\x00\x00\x00\x00\x00\x00\x00\x00\x00\x00\x00\x00\x00\x00\x00\x00\x00\x00\x00\x00\x00\x00\x00\x00\x00\x00\x00\x00\x00\x00\x00\x00\x00\x00\x00\x00\x00\x00\x00\x00\x00\x00\x00\x00\x00\x00\x00\x00\x00\x00\x00\x00\x00\x00\x00\x00\x00\x00\x00\x00\x00\x00\x00\x00\x00\x00\x00\x00\x00\x00\x00\x00\x00\x00\x00\x00\x00\x00\x00\x00\x00\x00\x00\x00\x00\x00\x00\x00\x00\x00\x00\x00\x00\x00\x00\x00\x00\x00\x00\x00\x00\x00\x00\x00\x00\x00\x00\x00\x00\x00\x00\x00\x00\x00\x00\x00\x00\x00\x00\x00\x00\x00\x00\x00\x00\x00\x00\x00\x00\x00\x00\x00\x00\x00\x00\x00\x00\x00\x00\x00\x00\x00\x00\x00\x00\x00\x00\x00\x00\x00\x00\x00\x00\x00\x00\x00\x00\x00\x00\x00\x00\x00\x00\x00\x00\x00\x00\x00\x00\x00\x00\x00\x00\x00\x00\x00\x00\x00\x00\x00\x00\x00\x00\x00\x00\x00\x00\x00\x00\x00\x00\x00\x00\x00\x00\x00\x00\x00\x00\x00\x00\x00\x00\x00\x00\x00\x00\x00\x00\x00\x00\x00\x00\x00\x00\x00\x00\x00\x00\x00\x00\x00\x00\x00\x00\x00\x00\x00\x00\x00\x00\x00\x00\x00\x00\x00\x00\x00\x00\x00\x00\x00\x00\x00\x00\x00\x00\x00\x00\x00\x00\x00\x00\x00\x00\x00\x00\x00\x00\x00\x00\x00\x00\x00\x00\x00\x00\x00\x00\x00\x00\x00\x00\x00\x00\x00\x00\x00\x00\x00\x00\x00\x00\x00\x00\x00\x00\x00\x00\x00\x00\x00\x00\x00\x00\x00\x00\x00\x00\x00\x00\x00\x00\x00\x00\x00\x00\x00\x00\x00\x00\x00\x00\x00\x00\x00\x00\x00\x00\x00\x00\x00\x00\x00\x00\x00\x00\x00\x00\x00\x00\x00\x00\x00\x00\x00\x00\x00\x00\x00\x00\x00\x00\x00\x00\x00\x00\x00\x00\x00\x00\x00\x00\x00\x00\x00\x00\x00\x00\x00\x00\x00\x00\x00\x00\x00\x00\x00\x00\x00\x00\x00\x00\x00\x00\x00\x00\x00\x00\x00\x00\x00\x00\x00\x00\x00\x00\x00\x00\x00\x00\x00\x00\x00\x00\x00\x00\x00\x00\x00\x00\x00\x00\x00\x00\x00\x00\x00\x00\x00\x00\x00\x00\x00\x00\x00\x00\x00\x00\x00\x00\x00\x00\x00\x00\x00\x00\x00\x00\x00\x00\x00\x00\x00\x00\x00\x00\x00\x00\x00\x00\x00\x00\x00\x00\x00\x00\x00\x00\x00\x00\x00\x00\x00\x00\x00\x00\x00\x00\x00\x00\x00\x00\x00\x00\x00\x00\x00\x00\x00\x00\x00\x00\x00\x00\x00\x00\x00\x00\x00\x00\x00\x00\x00\x00\x00\x00\x00\x00\x00\x00\x00\x00\x00\x00\x00\x00\x00\x00\x00\x00\x00\x00\x00\x00\x00\x00\x00\x00\x00\x00\x00\x00\x00\x00\x00\x00\x00\x00\x00\x00\x00\x00\x00\x00\x00\x00\x00\x00\x00\x00\x00\x00\x00\x00\x00\x00\x00\x00\x00\x00\x00\x00\x00\x00\x00\x00\x00\x00\x00\x00\x00\x00\x00\x00\x00\x00\x00\x00\x00\x00\x00\x00\x00\x00\x00\x00\x00\x00\x00\x00\x00\x00\x00\x00\x00\x00\x00\x00\x00\x00\x00\x00\x00\x00\x00\x00\x00\x00\x00\x00\x00\x00\x00\x00\x00\x00\x00\x00\x00\x00\x00\x00\x00\x00\x00\x00\x00\x00\x00\x00\x00\x00\x00\x00\x00\x00\x00\x00\x00\x00\x00\x00\x00\x00\x00\x00\x00\x00\x00\x00\x00\x00\x00\x00\x00\x00\x00\x00\x00\x00\x00\x00\x00\x00\x00\x00\x00\x00\x00\x00\x00\x00\x00\x00\x00\x00\x00\x00\x00\x00\x00\x00\x00\x00\x00\x00\x00\x00\x00\x00\x00\x00\x00\x00\x00\x00\x00\x00\x00\x00\x00\x00\x00\x00\x00\x00\x00\x00\x00\x00\x00\x00\x00\x00\x00\x00\x00\x00\x00\x00\x00\x00\x00\x00\x00\x00\x00\x00\x00\x00\x00\x00\x00\x00\x00\x00\x00\x00\x00\x00\x00\x00\x00\x00\x00\x00\x00\x00\x00\x00\x00\x00\x00\x00\x00\x00\x00\x00\x00\x00\x00\x00\x00\x00\x00\x00\x00\x00\x00\x00\x00\x00\x00\x00\x00\x00\x00\x00\x00\x00\x00\x00\x00\x00\x00\x00\x00\x00\x00\x00\x00\x00\x00\x00\x00\x00\x00\x00\x00\x00\x00\x00\x00\x00\x00\x00\x00\x00\x00\x00\x00\x00\x00\x00\x00\x00\x00\x00\x00\x00\x00\x00\x00\x00\x00\x00\x00\x00\x00\x00\x00\x00\x00\x00\x00\x00\x00\x00\x00\x00\x00\x00\x00\x00\x00\x00\x00\x00\x00\x00\x00\x00\x00\x00\x00\x00\x00\x00\x00\x00\x00\x00\x00\x00\x00\x00\x00\x00\x00\x00\x00\x00\x00\x00\x00\x00\x00\x00\x00\x00\x00\x00\x00\x00\x00\x00\x00\x00\x00\x00\x00\x00\x00\x00\x00\x00\x00\x00\x00\x00\x00\x00\x00\x00\x00\x00\x00\x00\x00\x00\x00\x00\x00\x00\x00\x00\x00\x00\x00\x00\x00\x00\x00\x00\x00\x00\x00\x00\x00\x00\x00\x00\x00\x00\x00\x00\x00\x00\x00\x00\x00\x00\x00\x00\x00\x00\x00\x00\x00\x00\x00\x00\x00\x00\x00\x00\x00\x00\x00\x00\x00\x00\x00\x00\x00\x00\x00\x00\x00\x00\x00\x00\x00\x00\x00\x00\x00\x00\x00\x00\x00\x00\x00\x00\x00\x00\x00\x00\x00\x00\x00\x00\x00\x00\x00\x00\x00\x00\x00\x00\x00\x00\x00\x00\x00\x00\x00\x00\x00\x00\x00\x00\x00\x00\x00\x00\x00\x00\x00\x00\x00\x00\x00\x00\x00\x00\x00\x00\x00\x00\x00\x00\x00\x00\x00\x00\x00\x00\x00\x00\x00\x00\x00\x00\x00\x00\x00\x00\x00\x00\x00\x00\x00\x00\x00\x00\x00\x00\x00\x00\x00\x00\x00\x00\x00\x00\x00\x00\x00\x00\x00\x00\x00\x00\x00\x00\x00\x00\x00\x00\x00\x00\x00\x00\x00\x00\x00\x00\x00\x00\x00\x00\x00\x00\x00\x00\x00\x00\x00\x00\x00\x00\x00\x00\x00\x00\x00\x00\x00\x00\x00\x00\x00\x00\x00\x00\x00\x00\x00\x00\x00\x00\x00\x00\x00\x00\x00\x00\x00\x00\x00\x00\x00\x00\x00\x00\x00\x00\x00\x00\x00\x00\x00\x00\x00\x00\x00\x00\x00\x00\x00\x00\x00\x00\x00\x00\x00\x00\x00\x00\x00\x00\x00\x00\x00\x00\x00\x00\x00\x00\x00\x00\x00\x00\x00\x00\x00\x00\x00\x00\x00\x00\x00\x00\x00\x00\x00\x00\x00\x00\x00\x00\x00\x00\x00\x00\x00\x00\x00\x00\x00\x00\x00\x00\x00\x00\x00\x00\x00\x00\x00\x00\x00\x00\x00\x00\x00\x00\x00\x00\x00\x00\x00\x00\x00\x00\x00\x00\x00\x00\x00\x00\x00\x00\x00\x00\x00\x00\x00\x00\x00\x00\x00\x00\x00\x00\x00\x00\x00\x00\x00\x00\x00\x00\x00\x00\x00\x00\x00\x00\x00\x00\x00\x00\x00\x00\x00\x00\x00\x00\x00\x00\x00\x00\x00\x00\x00\x00\x00\x00\x00\x00\x00\x01\x00\x00\x00\x02\x00\x00\x00\x03\x00\x00\x00\x04\x00\x00\x00\x05\x00\x00\x00\x06\x00\x00\x00\x07\x00\x00\x00\xfe\xff\xff\xff\xfd\xff\xff\xff\xfe\xff\xff\xff\xff\xff\xff\xff\xff\xff\xff\xff\xff\xff\xff\xff\xff\xff\xff\xff\xff\xff\xff\xff\xff\xff\xff\xff\xff\xff\xff\xff\xff\xff\xff\xff\xff\xff\xff\xff\xff\xff\xff\xff\xff\xff\xff\xff\xff\xff\xff\xff\xff\xff\xff\xff\xff\xff\xff\xff\xff\xff\xff\xff\xff\xff\xff\xff\xff\xff\xff\xff\xff\xff\xff\xff\xff\xff\xff\xff\xff\xff\xff\xff\xff\xff\xff\xff\xff\xff\xff\xff\xff\xff\xff\xff\xff\xff\xff\xff\xff\xff\xff\xff\xff\xff\xff\xff\xff\xff\xff\xff\xff\xff\xff\xff\xff\xff\xff\xff\xff\xff\xff\xff\xff\xff\xff\xff\xff\xff\xff\xff\xff\xff\xff\xff\xff\xff\xff\xff\xff\xff\xff\xff\xff\xff\xff\xff\xff\xff\xff\xff\xff\xff\xff\xff\xff\xff\xff\xff\xff\xff\xff\xff\xff\xff\xff\xff\xff\xff\xff\xff\xff\xff\xff\xff\xff\xff\xff\xff\xff\xff\xff\xff\xff\xff\xff\xff\xff\xff\xff\xff\xff\xff\xff\xff\xff\xff\xff\xff\xff\xff\xff\xff\xff\xff\xff\xff\xff\xff\xff\xff\xff\xff\xff\xff\xff\xff\xff\xff\xff\xff\xff\xff\xff\xff\xff\xff\xff\xff\xff\xff\xff\xff\xff\xff\xff\xff\xff\xff\xff\xff\xff\xff\xff\xff\xff\xff\xff\xff\xff\xff\xff\xff\xff\xff\xff\xff\xff\xff\xff\xff\xff\xff\xff\xff\xff\xff\xff\xff\xff\xff\xff\xff\xff\xff\xff\xff\xff\xff\xff\xff\xff\xff\xff\xff\xff\xff\xff\xff\xff\xff\xff\xff\xff\xff\xff\xff\xff\xff\xff\xff\xff\xff\xff\xff\xff\xff\xff\xff\xff\xff\xff\xff\xff\xff\xff\xff\xff\xff\xff\xff\xff\xff\xff\xff\xff\xff\xff\xff\xff\xff\xff\xff\xff\xff\xff\xff\xff\xff\xff\xff\xff\xff\xff\xff\xff\xff\xff\xff\xff\xff\xff\xff\xff\xff\xff\xff\xff\xff\xff\xff\xff\xff\xff\xff\xff\xff\xff\xff\xff\xff\xff\xff\xff\xff\xff\xff\xff\xff\xff\xff\xff\xff\xff\xff\xff\xff\xff\xff\xff\xff\xff\xff\xff\xff\xff\xff\xff\xff\xff\xff\xff\xff\xff\xff\xff\xff\xff\xff\xff\xff\xff\xff\xff\xff\xff\xff\xff\xff\xff\xff\xff\xff\xff\xff\xff\xff\xff\xff\xff\xff\xff\xff\xff\xff\xff\xff\xff\xff\xff\xff\xff\xff\xff\xff\xff\xff\xff\xff\xff\xff\xff\xff\xff\xff\xff\xff\xff\xff\xff\xff\xff\xff\xff\xff\xff\xff\xff\xff\xff\xff\xff\xff\xff\xffR\x00o\x00o\x00t\x00 \x00E\x00n\x00t\x00r\x00y\x00\x00\x00\x00\x00\x00\x00\x00\x00\x00\x00\x00\x00\x00\x00\x00\x00\x00\x00\x00\x00\x00\x00\x00\x00\x00\x00\x00\x00\x00\x00\x00\x00\x00\x00\x00\x00\x00\x00\x00\x00\x00\x00\x00\x00\x16\x00\x05\x01\xff\xff\xff\xff\xff\xff\xff\xff\x01\x00\x00\x00\x00\x00\x00\x00\x00\x00\x00\x00\x00\x00\x00\x00\x00\x00\x00\x00\x00\x00\x00\x00\x00\x00\x00\x00\x00\x00\x00\x00\x00\x00\x00\x00\x00\x00\x00\x00\xfe\xff\xff\xff\x00\x00\x00\x00\x00\x00\x00\x00W\x00o\x00r\x00k\x00b\x00o\x00o\x00k\x00\x00\x00\x00\x00\x00\x00\x00\x00\x00\x00\x00\x00\x00\x00\x00\x00\x00\x00\x00\x00\x00\x00\x00\x00\x00\x00\x00\x00\x00\x00\x00\x00\x00\x00\x00\x00\x00\x00\x00\x00\x00\x00\x00\x00\x00\x00\x00\x00\x12\x00\x02\x01\xff\xff\xff\xff\xff\xff\xff\xff\xff\xff\xff\xff\x00\x00\x00\x00\x00\x00\x00\x00\x00\x00\x00\x00\x00\x00\x00\x00\x00\x00\x00\x00\x00\x00\x00\x00\x00\x00\x00\x00\x00\x00\x00\x00\x00\x00\x00\x00\x00\x00\x00\x00\x00\x10\x00\x00\x00\x00\x00\x00\x00\x00\x00\x00\x00\x00\x00\x00\x00\x00\x00\x00\x00\x00\x00\x00\x00\x00\x00\x00\x00\x00\x00\x00\x00\x00\x00\x00\x00\x00\x00\x00\x00\x00\x00\x00\x00\x00\x00\x00\x00\x00\x00\x00\x00\x00\x00\x00\x00\x00\x00\x00\x00\x00\x00\x00\x00\x00\x00\x00\x00\x00\x00\x00\x00\x00\x00\x01\xff\xff\xff\xff\xff\xff\xff\xff\xff\xff\xff\xff\x00\x00\x00\x00\x00\x00\x00\x00\x00\x00\x00\x00\x00\x00\x00\x00\x00\x00\x00\x00\x00\x00\x00\x00\x00\x00\x00\x00\x00\x00\x00\x00\x00\x00\x00\x00\xfe\xff\xff\xff\x00\x00\x00\x00\x00\x00\x00\x00\x00\x00\x00\x00\x00\x00\x00\x00\x00\x00\x00\x00\x00\x00\x00\x00\x00\x00\x00\x00\x00\x00\x00\x00\x00\x00\x00\x00\x00\x00\x00\x00\x00\x00\x00\x00\x00\x00\x00\x00\x00\x00\x00\x00\x00\x00\x00\x00\x00\x00\x00\x00\x00\x00\x00\x00\x00\x00\x00\x00\x00\x00\x00\x00\x00\x00\x00\x01\xff\xff\xff\xff\xff\xff\xff\xff\xff\xff\xff\xff\x00\x00\x00\x00\x00\x00\x00\x00\x00\x00\x00\x00\x00\x00\x00\x00\x00\x00\x00\x00\x00\x00\x00\x00\x00\x00\x00\x00\x00\x00\x00\x00\x00\x00\x00\x00\xfe\xff\xff\xff\x00\x00\x00\x00\x00\x00\x00\x00\r\n--0714184324183ee20d67799b83194831--\r\n'
2020-10-12 09:34:08,673 - root - INFO : 响应消息: {'traceId': 'badb751ab6cf48cfa1db0810a8acd5b2', 'status': '0', 'msg': 'success', 'data': {}}
2020-10-12 09:34:08,673 - root - INFO : 校验类型: [-status], 结果: [Passed], 预期: [0]
2020-10-12 09:34:08,673 - root - INFO : 校验类型: [-msg], 结果: [Passed], 预期: [success]
2020-10-12 09:34:08,673 - root - INFO :  = = =  = = =  = = =  = = =  = = =  = = =  = = =  = = = 分割线 = = =  = = =  = = =  = = =  = = =  = = =  = = =  = = = 
2020-10-12 09:34:08,678 - root - INFO : ************** 当前运行环境: Fat *************
2020-10-12 09:34:08,801 - root - INFO : 正在执行Block: register_code_phone
2020-10-12 09:34:08,801 - root - INFO : 正在执行Function: login_operation
2020-10-12 09:34:08,802 - root - INFO : 描述信息: 【运营系统】登录运营后台
2020-10-12 09:34:08,802 - root - INFO : 请求地址: https://admin-fat.shiguangkey.com/sys/login
2020-10-12 09:34:08,802 - root - INFO : 请求方法: [- POST -]
2020-10-12 09:34:08,802 - root - INFO : 请求头部: {'content-type': 'application/x-www-form-urlencoded', 'cookie': 'Hm_ct_7e8b931a9b138d095673181619178304=2382*1*1; Hm_lvt_7e8b931a9b138d095673181619178304=1597992196,1598525266,1598681451,1598930027; token=0x7798bf0712ef2ec6c4848f7ba47d63; tz-admin-token-fat=0x7798bf0712ef2ec6c4848f7ba47d63; im-token=undefined; Hm_lpvt_7e8b931a9b138d095673181619178304=1599813517; JSESSIONID=FC04B015A4D53823FFCE0B61FA20D9B9'}
2020-10-12 09:34:08,802 - root - INFO : 请求正文: {'username': 'admin', 'password': 'admin1024', 'captcha': 'AAAAA'}
2020-10-12 09:34:08,940 - root - INFO : 响应消息: {'code': 0}
2020-10-12 09:34:08,940 - root - INFO : 校验类型: [-code], 结果: [Passed], 预期: [0]
2020-10-12 09:34:08,940 - root - INFO :  = = =  = = =  = = =  = = =  = = =  = = =  = = =  = = = 分割线 = = =  = = =  = = =  = = =  = = =  = = =  = = =  = = = 
2020-10-12 09:34:08,940 - root - INFO : 描述信息: 【运营系统】获取注册验证码
2020-10-12 09:34:08,940 - root - INFO : 请求地址: https://admin-fat.shiguangkey.com/user/set-smscode
2020-10-12 09:34:08,940 - root - INFO : 请求方法: [- GET -]
2020-10-12 09:34:08,940 - root - INFO : 请求头部: {'cookie': 'Hm_ct_7e8b931a9b138d095673181619178304=2382*1*1; Hm_lvt_7e8b931a9b138d095673181619178304=1597992196,1598525266,1598681451,1598930027; token=0x7798bf0712ef2ec6c4848f7ba47d63; tz-admin-token-fat=0x7798bf0712ef2ec6c4848f7ba47d63; im-token=undefined; Hm_lpvt_7e8b931a9b138d095673181619178304=1599813517; JSESSIONID=FC04B015A4D53823FFCE0B61FA20D9B9'}
2020-10-12 09:34:08,940 - root - INFO : 请求正文: {'phone': '18185515533', '_': '1602466446000'}
2020-10-12 09:34:09,078 - root - INFO : 响应消息: {'bizId': None, 'data': {'smsCode': '2569'}, 'messageId': '20201012093410542533100', 'msg': 'success', 'status': 0, 'version': None}
2020-10-12 09:34:09,079 - root - INFO : 提取变量: [ smsCode: 2569 ]
2020-10-12 09:34:09,079 - root - INFO : 校验类型: [-status], 结果: [Passed], 预期: [0]
2020-10-12 09:34:09,079 - root - INFO : 校验类型: [-msg], 结果: [Passed], 预期: [success]
2020-10-12 09:34:09,079 - root - INFO : 校验类型: [-in]  结果: [Passed]  预期: smsCode
2020-10-12 09:34:09,079 - root - INFO :  = = =  = = =  = = =  = = =  = = =  = = =  = = =  = = = 分割线 = = =  = = =  = = =  = = =  = = =  = = =  = = =  = = = 
2020-10-12 09:34:09,079 - root - INFO : 描述信息: 【潭州课堂】获取登录学员 token
2020-10-12 09:34:09,079 - root - INFO : 请求地址: https://open-fat.shiguangkey.com/api/udb/login/phone/login
2020-10-12 09:34:09,079 - root - INFO : 请求方法: [- POST -]
2020-10-12 09:34:09,079 - root - INFO : 请求头部: {'content-type': 'application/x-www-form-urlencoded', 'terminaltype': '4'}
2020-10-12 09:34:09,079 - root - INFO : 请求正文: {'phone': '86-18185515533', 'code': '2569'}
2020-10-12 09:34:09,332 - root - INFO : 响应消息: {'traceId': '42ff8902c2d34e8693a2449db613f57c', 'status': '0', 'msg': 'success', 'data': {'user': {'uid': 19866849, 'mobile': '18185515533', 'account': 't0362404779', 'nickname': '大气的一品红', 'headImg': 'https://res.shiguangkey.com/res/images/default.png', 'openId': '', 'newRegister': True, 'needBindPhone': False, 'showAccountList': False}, 'token': '7b4422a50712f24e1ae424481bdaa116'}}
2020-10-12 09:34:09,332 - root - INFO : 提取变量: [ student: 7b4422a50712f24e1ae424481bdaa116 ]
2020-10-12 09:34:09,332 - root - INFO : 校验类型: [-status], 结果: [Passed], 预期: [0]
2020-10-12 09:34:09,332 - root - INFO : 校验类型: [-msg], 结果: [Passed], 预期: [success]
2020-10-12 09:34:09,332 - root - INFO :  = = =  = = =  = = =  = = =  = = =  = = =  = = =  = = = 分割线 = = =  = = =  = = =  = = =  = = =  = = =  = = =  = = = 
2020-10-12 09:34:09,332 - root - INFO : 描述信息: 【潭州课堂】获取潭州账号
2020-10-12 09:34:09,332 - root - INFO : 请求地址: https://open-fat.shiguangkey.com/api/udb/user/mine
2020-10-12 09:34:09,332 - root - INFO : 请求方法: [- GET -]
2020-10-12 09:34:09,333 - root - INFO : 请求头部: {'terminaltype': '4', 'token': '7b4422a50712f24e1ae424481bdaa116'}
2020-10-12 09:34:09,333 - root - INFO : 请求正文: None
2020-10-12 09:34:09,476 - root - INFO : 响应消息: {'traceId': '42d76e5d27334df4961318132301906e', 'status': '0', 'msg': 'success', 'data': {'userDetail': {'uid': 19866849, 'account': 't0362404779', 'phone': '18185515533', 'nickname': '大气的一品红', 'birthday': '', 'headImg': 'https://res.shiguangkey.com/res/images/default.png', 'qq': '', 'description': '', 'realname': '', 'gender': 2, 'email': '', 'industry': '', 'profession': '', 'address': '', 'signature': '', 'openId': '', 'wechat': '', 'token': '', 'relevanceMobile': '', 'pwdNeedPerfect': True, 'certMobile': '18185515533', 'needBindPhone': False}}}
2020-10-12 09:34:09,477 - root - INFO : 提取变量: [ account: t0362404779 ]
2020-10-12 09:34:09,477 - root - INFO : 校验类型: [-status], 结果: [Passed], 预期: [0]
2020-10-12 09:34:09,477 - root - INFO : 校验类型: [-msg], 结果: [Passed], 预期: [success]
2020-10-12 09:34:09,477 - root - INFO :  = = =  = = =  = = =  = = =  = = =  = = =  = = =  = = = 分割线 = = =  = = =  = = =  = = =  = = =  = = =  = = =  = = = 
2020-10-12 09:34:09,477 - root - INFO : 描述信息: 【潭州平台】获取登录用户 token
2020-10-12 09:34:09,477 - root - INFO : 请求地址: https://open-fat.shiguangkey.com/api/udb/workwechat/auth/login
2020-10-12 09:34:09,477 - root - INFO : 请求方法: [- POST -]
2020-10-12 09:34:09,477 - root - INFO : 请求头部: {'content-type': 'application/x-www-form-urlencoded', 'terminaltype': '4'}
2020-10-12 09:34:09,477 - root - INFO : 请求正文: {'account': 't0385252771', 'password': '4QrcOUm6Wau+VuBX8g+IPg'}
2020-10-12 09:34:09,639 - root - INFO : 响应消息: {'traceId': '6a870d1476a34d98b76a973cd694e7ca', 'status': '0', 'msg': 'success', 'data': {'user': {'uid': 19861714, 'mobile': '', 'account': '', 'nickname': '精彩的鲀鱼', 'headImg': 'https://res.shiguangkey.com/res/images/default.png', 'openId': '', 'newRegister': False, 'needBindPhone': False, 'showAccountList': False}, 'token': '0x775ca50712f10d292f64ce79c33190'}}
2020-10-12 09:34:09,639 - root - INFO : 提取变量: [ pttoken: 0x775ca50712f10d292f64ce79c33190 ]
2020-10-12 09:34:09,639 - root - INFO : 校验类型: [-status], 结果: [Passed], 预期: [0]
2020-10-12 09:34:09,639 - root - INFO : 校验类型: [-msg], 结果: [Passed], 预期: [success]
2020-10-12 09:34:09,640 - root - INFO :  = = =  = = =  = = =  = = =  = = =  = = =  = = =  = = = 分割线 = = =  = = =  = = =  = = =  = = =  = = =  = = =  = = = 
2020-10-12 09:34:09,640 - root - INFO : 描述信息: 【CRM-工单管理-工单列表】新建工单
2020-10-12 09:34:09,640 - root - INFO : 请求地址: https://order-fat.shiguangkey.com/admin/order/order/saveFirst
2020-10-12 09:34:09,640 - root - INFO : 请求方法: [- POST -]
2020-10-12 09:34:09,640 - root - INFO : 请求头部: {'content-type': 'application/x-www-form-urlencoded', 'token': '0x775ca50712f10d292f64ce79c33190'}
2020-10-12 09:34:09,640 - root - INFO : 请求正文: {'userAccount': 't0362404779', 'userName': '王五', 'userPhone': '18185515533', 'userQq': '18185515533', 'channel': 21, 'buyType': 1, 'goodsType': 6810, 'vipLiveState': 1, 'payTime': '1602432000000', 'payMoney': 1000, 'isKoubei': 0, 'followerUid': 19861714, 'goods': '[{"goodsType":6810,"goodsId":9963,"goodsMoney":1000}]', 'receiveChannelIdF': 1, 'receiveChannelIdT': 37, 'transNo': '1602466447000', 'loanSubsidizedAmount': 0, 'currencyValue': 1, 'voucherUrl': 'https://res.shiguangkey.com/paymentVoucher/2020/10/10/94ad995362/20200408153408271523387.jpg', 'divideDeptDetails': '[{"followerUid":19861714,"deptIdChain":"1001-8006-8007-8008-8009","divideAmount":1000}]', 'customerDeptId': 8009, 'isSuspend': 0}
2020-10-12 09:34:13,473 - root - INFO : 响应消息: {'traceId': '7a9580faa42df0ab', 'status': '0', 'msg': 'success', 'data': {'result': {'courseTitles': '自动化测试专用课程 46657305', 'createTime': 1602466455000, 'followerMobile': '13907380004', 'url': 'https://m-fat.shiguangkey.com/payForWork?w=Q2uPmDGLIbEcLCnwgm9w71mF7wT7blyQqHoAXuFeKQM='}}}
2020-10-12 09:34:13,473 - root - INFO : 校验类型: [-status], 结果: [Passed], 预期: [0]
2020-10-12 09:34:13,473 - root - INFO : 校验类型: [-msg], 结果: [Passed], 预期: [success]
2020-10-12 09:34:13,473 - root - INFO :  = = =  = = =  = = =  = = =  = = =  = = =  = = =  = = = 分割线 = = =  = = =  = = =  = = =  = = =  = = =  = = =  = = = 
2020-10-12 09:34:13,473 - root - INFO : 描述信息: 【CRM-工单管理-工单列表】查询工单
2020-10-12 09:34:13,473 - root - INFO : 请求地址: https://order-fat.shiguangkey.com/admin/order/paymentWater/getPageList
2020-10-12 09:34:13,473 - root - INFO : 请求方法: [- GET -]
2020-10-12 09:34:13,473 - root - INFO : 请求头部: {'token': '0x775ca50712f10d292f64ce79c33190'}
2020-10-12 09:34:13,473 - root - INFO : 请求正文: {'userAccount': 't0362404779', 'createTimeStart': '1602432000000', 'createTimeEnd': '1602518399000', 'pageIndex': 1, 'pageSize': 20}
2020-10-12 09:34:13,679 - root - INFO : 响应消息: {'traceId': '3883dbf039b5aaa8', 'status': '0', 'msg': 'success', 'data': {'totalItem': 1, 'list': [{'id': 165452, 'userPhone': '18185515533', 'userName': '王五', 'userAccount': 't0362404779', 'userQq': '18185515533', 'userWechat': None, 'ordersNo': 'D201012765145283590885376', 'ordersId': 114669, 'payWaterNo': 'W765145284333277184', 'payMoney': 1000.0, 'payStatus': 1131, 'completeStatus': 1, 'followerAccount': 't0385252771', 'customerDeptName': None, 'isOverdue': 0, 'isOpenSea': 0, 'channel': 21, 'transNo': '1602466447000', 'createTime': 1602466455000, 'creatorUid': 19861714, 'initialId': 0, 'creatorName': '丁聪4', 'receiveChannelIdF': 1}]}}
2020-10-12 09:34:13,679 - root - INFO : 提取变量: [ id: 165452 ]
2020-10-12 09:34:13,680 - root - INFO : 校验类型: [-status], 结果: [Passed], 预期: [0]
2020-10-12 09:34:13,680 - root - INFO : 校验类型: [-msg], 结果: [Passed], 预期: [success]
2020-10-12 09:34:13,680 - root - INFO :  = = =  = = =  = = =  = = =  = = =  = = =  = = =  = = = 分割线 = = =  = = =  = = =  = = =  = = =  = = =  = = =  = = = 
2020-10-12 09:34:13,680 - root - INFO : 描述信息: 【CRM-财务管理-工单审核列表】审核工单
2020-10-12 09:34:13,680 - root - INFO : 请求地址: https://order-fat.shiguangkey.com/admin/order/finance/audit/pass
2020-10-12 09:34:13,680 - root - INFO : 请求方法: [- GET -]
2020-10-12 09:34:13,680 - root - INFO : 请求头部: {'content_type': 'application/x-www-form-urlencoded', 'token': '0x775ca50712f10d292f64ce79c33190'}
2020-10-12 09:34:13,680 - root - INFO : 请求正文: {'id': '165452'}
2020-10-12 09:34:14,139 - root - INFO : 响应消息: {'traceId': 'e8f4ad76672aeebb', 'status': '0', 'msg': 'success', 'data': {}}
2020-10-12 09:34:14,140 - root - INFO : 校验类型: [-status], 结果: [Passed], 预期: [0]
2020-10-12 09:34:14,140 - root - INFO : 校验类型: [-msg], 结果: [Passed], 预期: [success]
2020-10-12 09:34:14,140 - root - INFO :  = = =  = = =  = = =  = = =  = = =  = = =  = = =  = = = 分割线 = = =  = = =  = = =  = = =  = = =  = = =  = = =  = = = 
2020-10-12 09:34:14,140 - root - INFO : 描述信息: 【流量/成单记录查询】成单记录数据查询
2020-10-12 09:34:14,140 - root - INFO : 请求地址: https://galaxy-api-fat.shiguangkey.com/api/galaxy/customerManage/customerLeaningAllocPageList
2020-10-12 09:34:14,140 - root - INFO : 请求方法: [- POST -]
2020-10-12 09:34:14,140 - root - INFO : 请求头部: {'content-type': 'application/x-www-form-urlencoded', 'token': '0x775ca50712f10d292f64ce79c33190'}
2020-10-12 09:34:14,140 - root - INFO : 请求正文: {'gatherTimeStart': '1602432000000', 'gatherTimeEnd': '1602518399000', 'isAdult': 1, 'tanzkAccount': 't0362404779', 'pageIndex': 1, 'pageSize': 20}
2020-10-12 09:34:14,378 - root - INFO : 响应消息: {'traceId': '4305fb25c0dd4067926a84c08fbe2fbd', 'status': '0', 'msg': 'success', 'data': {'totalItem': 0, 'list': []}}
2020-10-12 09:34:14,378 - root - INFO :  = = =  = = =  = = =  = = =  = = =  = = =  = = =  = = = 分割线 = = =  = = =  = = =  = = =  = = =  = = =  = = =  = = = 
