2020-10-09 14:51:18,282 - root - INFO : 描述信息: 【潭州平台】获取登录用户 token
2020-10-09 14:51:18,282 - root - INFO : 请求地址: https://open-fat.shiguangkey.com/api/udb/workwechat/auth/login
2020-10-09 14:51:18,282 - root - INFO : 请求方法: [- POST -]
2020-10-09 14:51:18,282 - root - INFO : 请求头部: {'content-type': 'application/x-www-form-urlencoded', 'terminaltype': '4'}
2020-10-09 14:51:18,282 - root - INFO : 请求正文: {'account': 't0384223793', 'password': '4QrcOUm6Wau+VuBX8g+IPg'}
2020-10-09 14:51:18,432 - root - INFO : 响应消息: {'traceId': 'ff960b8c255e420dabae047069f708de', 'status': '0', 'msg': 'success', 'data': {'user': {'uid': 19862099, 'mobile': '', 'account': '', 'nickname': '日常的阿魏', 'headImg': 'https://res.shiguangkey.com/res/images/default.png', 'openId': '', 'newRegister': False, 'needBindPhone': False, 'showAccountList': False}, 'token': '0x7746f10712f1253c30146fb82b5f19'}}
2020-10-09 14:51:18,434 - root - INFO : 提取变量: [ pttoken: 0x7746f10712f1253c30146fb82b5f19 ]
2020-10-09 14:51:18,434 - root - INFO : 校验类型: [-status], 结果: [Passed], 预期: [0]
2020-10-09 14:51:18,434 - root - INFO : 校验类型: [-msg], 结果: [Passed], 预期: [success]
2020-10-09 14:51:18,434 - root - INFO :  = = =  = = =  = = =  = = =  = = =  = = =  = = =  = = = 分割线 = = =  = = =  = = =  = = =  = = =  = = =  = = =  = = = 
2020-10-09 14:51:18,434 - root - INFO : 正在执行Function: ad_plan
2020-10-09 14:51:18,434 - root - INFO : 正在执行Function: program_info_save
2020-10-09 14:51:18,434 - root - INFO : 描述信息: 【银河/广告/广告计划】新增广告计划
2020-10-09 14:51:18,434 - root - INFO : 请求地址: https://galaxy-api-fat.shiguangkey.com/api/galaxy/program/info/save
2020-10-09 14:51:18,434 - root - INFO : 请求方法: [- POST -]
2020-10-09 14:51:18,434 - root - INFO : 请求头部: {'content-type': 'application/json', 'token': '0x775fb60712f1fa187cc4589af1010a'}
2020-10-09 14:51:18,434 - root - INFO : 请求正文: {'channelId': 6, 'name': '自动化计划39543547', 'subjectId': 282, 'subjectName': 'Python', 'isTest': 0, 'putMode': 1, 'type': 1, 'gatherType': 1, 'allocInstType': 1, 'channelName': '微信'}
2020-10-09 14:51:18,651 - root - INFO : 响应消息: {'traceId': '2f045c47899940f9acd2864762df2908', 'status': '0', 'msg': 'success', 'data': {}}
2020-10-09 14:51:18,652 - root - INFO : 校验类型: [-status], 结果: [Passed], 预期: [0]
2020-10-09 14:51:18,652 - root - INFO : 校验类型: [-msg], 结果: [Passed], 预期: [success]
2020-10-09 14:51:18,652 - root - INFO :  = = =  = = =  = = =  = = =  = = =  = = =  = = =  = = = 分割线 = = =  = = =  = = =  = = =  = = =  = = =  = = =  = = = 
2020-10-09 14:51:18,652 - root - INFO : 正在执行Function: program_pageList
2020-10-09 14:51:18,652 - root - INFO : 描述信息: 【银河/广告/广告计划】查询广告计划
2020-10-09 14:51:18,652 - root - INFO : 请求地址: https://galaxy-api-fat.shiguangkey.com/api/galaxy/program/pageList
2020-10-09 14:51:18,652 - root - INFO : 请求方法: [- POST -]
2020-10-09 14:51:18,652 - root - INFO : 请求头部: {'content-type': 'application/x-www-form-urlencoded', 'token': '0x775fb60712f1fa187cc4589af1010a'}
2020-10-09 14:51:18,652 - root - INFO : 请求正文: {'name': '自动化计划39543547', 'isHide': 0, 'pageIndex': 1, 'pageSize': 20, 'gatherType': 1, 'putMode': 1, 'allocInstType': 1}
2020-10-09 14:51:18,977 - root - INFO : 响应消息: {'traceId': '562e12a0cd524cffbe739f8a1284b289', 'status': '0', 'msg': 'success', 'data': {'totalItem': 1, 'list': [{'id': 13388, 'oldProgramId': None, 'no': '1000001292176484', 'name': '自动化计划39543547', 'type': 1, 'programName': None, 'subjectName': 'Python', 'subjectId': 282, 'channelName': '微信', 'channelId': 6, 'isImport': None, 'position': None, 'keyword': None, 'areaId': None, 'areaName': None, 'remark': None, 'isNeedCaptch': None, 'state': None, 'adMainId': None, 'channelAgencyAccountId': None, 'accountCode': None, 'adMainAccount': None, 'thirdUrl': None, 'allocInstType': 1, 'receiveDeptId': None, 'receiveDeptIdChain': None, 'isHide': 0, 'isTest': 0, 'creatorDeptId': 8009, 'creatorName': '自动化专用-勿动', 'createTime': 1602226281000, 'putMode': 1, 'updateState': 1}]}}
2020-10-09 14:51:18,978 - root - INFO : 提取变量: [ channelId: 6 ]
2020-10-09 14:51:18,978 - root - INFO : 提取变量: [ putMode: 1 ]
2020-10-09 14:51:18,978 - root - INFO : 提取变量: [ adName: 自动化计划39543547 ]
2020-10-09 14:51:18,979 - root - INFO : 提取变量: [ adId: 13388 ]
2020-10-09 14:51:18,979 - root - INFO : 提取变量: [ type: 1 ]
2020-10-09 14:51:18,979 - root - INFO : 校验类型: [-status], 结果: [Passed], 预期: [0]
2020-10-09 14:51:18,979 - root - INFO : 校验类型: [-msg], 结果: [Passed], 预期: [success]
2020-10-09 14:51:18,979 - root - INFO : 校验类型: [-in]  结果: [Passed]  预期: [name]
2020-10-09 14:51:18,979 - root - INFO :  = = =  = = =  = = =  = = =  = = =  = = =  = = =  = = = 分割线 = = =  = = =  = = =  = = =  = = =  = = =  = = =  = = = 
2020-10-09 14:51:18,979 - root - INFO : 正在执行Function: creativity_save
2020-10-09 14:51:18,980 - root - INFO : 描述信息: 【银河/广告/广告计划】新建广告创意
2020-10-09 14:51:18,980 - root - INFO : 请求地址: https://galaxy-api-fat.shiguangkey.com/api/galaxy/creativity/save
2020-10-09 14:51:18,980 - root - INFO : 请求方法: [- POST -]
2020-10-09 14:51:18,980 - root - INFO : 请求头部: {'content-type': 'application/x-www-form-urlencoded', 'token': '0x775fb60712f1fa187cc4589af1010a'}
2020-10-09 14:51:18,980 - root - INFO : 请求正文: {'name': '自动化创意41678053', 'gatherType': 1, 'isNeedCaptch': 1, 'position': 1, 'type': '1', 'putMode': '1', 'channelId': '6', 'programId': '13388', 'programName': '自动化计划39543547'}
2020-10-09 14:51:19,204 - root - INFO : 响应消息: {'traceId': '98e7c64e8b8242fe9a1a7a81cea2d819', 'status': '0', 'msg': 'success', 'data': {}}
2020-10-09 14:51:19,204 - root - INFO : 校验类型: [-status], 结果: [Passed], 预期: [0]
2020-10-09 14:51:19,204 - root - INFO : 校验类型: [-msg], 结果: [Passed], 预期: [success]
2020-10-09 14:51:19,204 - root - INFO :  = = =  = = =  = = =  = = =  = = =  = = =  = = =  = = = 分割线 = = =  = = =  = = =  = = =  = = =  = = =  = = =  = = = 
2020-10-09 14:51:19,204 - root - INFO : 正在执行Function: creativity_pageList
2020-10-09 14:51:19,204 - root - INFO : 描述信息: 【银河/广告/广告创意】查询广告创意
2020-10-09 14:51:19,204 - root - INFO : 请求地址: https://galaxy-api-fat.shiguangkey.com/api/galaxy/creativity/pageList
2020-10-09 14:51:19,205 - root - INFO : 请求方法: [- POST -]
2020-10-09 14:51:19,205 - root - INFO : 请求头部: {'content-type': 'application/x-www-form-urlencoded', 'token': '0x775fb60712f1fa187cc4589af1010a'}
2020-10-09 14:51:19,205 - root - INFO : 请求正文: {'gatherType': 1, 'programId': '13388', 'isHide': 0, 'pageIndex': 1, 'pageSize': 20}
2020-10-09 14:51:19,533 - root - INFO : 响应消息: {'traceId': '8e5ff70007b64661bfc7e419a0084d5d', 'status': '0', 'msg': 'success', 'data': {'totalItem': 1, 'list': [{'id': 113026, 'oldCreativityId': None, 'oldProgramId': None, 'no': 'a0cfd5cbf72d412cb4ca80088aa0a8dd', 'name': '自动化创意41678053', 'programName': '自动化计划39543547', 'subjectName': 'Python', 'subjectId': 282, 'channelName': '微信', 'channelId': 6, 'isImport': 0, 'position': '1', 'keyword': None, 'areaId': None, 'areaName': None, 'creatorName': '自动化专用-勿动', 'createTime': 1602226281000, 'remark': None, 'isNeedCaptch': 1, 'state': 2, 'adMainId': None, 'channelAgencyAccountId': None, 'accountCode': None, 'adMainAccount': None, 'thirdUrl': None, 'allocInstType': 1, 'receiveDeptId': None, 'receiveDeptIdChain': None, 'isHide': 0, 'isTest': 0, 'creatorDeptId': 8009, 'vector': None, 'customerVectorValue': None, 'followerName': None, 'followerTanzkAccount': None, 'putMode': 1, 'receptionistId': None, 'receptionistName': None, 'receptionistTanzkAccount': None, 'receptionistDeptId': None, 'receptionistDeptIdChain': None, 'creatorDeptIdChain': '1001-8006-8007-8008-8009', 'updateState': 1, 'type': 1, 'programId': 13388, 'promotionTerminal': 1, 'vectorType': None, 'channelQrCode': None, 'channelNumber': None, 'companyWechatId': None, 'vectorId': None, 'vectorName': None}]}}
2020-10-09 14:51:19,533 - root - INFO : 提取变量: [ creativityId: 113026 ]
2020-10-09 14:51:19,534 - root - INFO : 提取变量: [ creativityName: 自动化创意41678053 ]
2020-10-09 14:51:19,534 - root - INFO : 提取变量: [ creativityNo: a0cfd5cbf72d412cb4ca80088aa0a8dd ]
2020-10-09 14:51:19,534 - root - INFO : 校验类型: [-status], 结果: [Passed], 预期: [0]
2020-10-09 14:51:19,534 - root - INFO : 校验类型: [-msg], 结果: [Passed], 预期: [success]
2020-10-09 14:51:19,534 - root - INFO :  = = =  = = =  = = =  = = =  = = =  = = =  = = =  = = = 分割线 = = =  = = =  = = =  = = =  = = =  = = =  = = =  = = = 
2020-10-09 14:51:22,332 - root - INFO : 描述信息: 【潭州平台】获取登录用户 token
2020-10-09 14:51:22,332 - root - INFO : 请求地址: https://open-fat.shiguangkey.com/api/udb/workwechat/auth/login
2020-10-09 14:51:22,332 - root - INFO : 请求方法: [- POST -]
2020-10-09 14:51:22,332 - root - INFO : 请求头部: {'content-type': 'application/x-www-form-urlencoded', 'terminaltype': '4'}
2020-10-09 14:51:22,332 - root - INFO : 请求正文: {'account': 't0384223793', 'password': '4QrcOUm6Wau+VuBX8g+IPg'}
2020-10-09 14:51:22,491 - root - INFO : 响应消息: {'traceId': '244afbf1196b4336be22bff99fb7f33c', 'status': '0', 'msg': 'success', 'data': {'user': {'uid': 19862099, 'mobile': '', 'account': '', 'nickname': '日常的阿魏', 'headImg': 'https://res.shiguangkey.com/res/images/default.png', 'openId': '', 'newRegister': False, 'needBindPhone': False, 'showAccountList': False}, 'token': '0x779e650712f1253acf24884840b73a'}}
2020-10-09 14:51:22,491 - root - INFO : 提取变量: [ pttoken: 0x779e650712f1253acf24884840b73a ]
2020-10-09 14:51:22,491 - root - INFO : 校验类型: [-status], 结果: [Passed], 预期: [0]
2020-10-09 14:51:22,492 - root - INFO : 校验类型: [-msg], 结果: [Passed], 预期: [success]
2020-10-09 14:51:22,492 - root - INFO :  = = =  = = =  = = =  = = =  = = =  = = =  = = =  = = = 分割线 = = =  = = =  = = =  = = =  = = =  = = =  = = =  = = = 
2020-10-09 14:51:22,492 - root - INFO : 正在执行Function: ad_plan
2020-10-09 14:51:22,492 - root - INFO : 正在执行Function: program_info_save
2020-10-09 14:51:22,492 - root - INFO : 描述信息: 【银河/广告/广告计划】新增广告计划
2020-10-09 14:51:22,492 - root - INFO : 请求地址: https://galaxy-api-fat.shiguangkey.com/api/galaxy/program/info/save
2020-10-09 14:51:22,492 - root - INFO : 请求方法: [- POST -]
2020-10-09 14:51:22,492 - root - INFO : 请求头部: {'content-type': 'application/json', 'token': '0x775fb60712f1fa187cc4589af1010a'}
2020-10-09 14:51:22,492 - root - INFO : 请求正文: {'channelId': 6, 'name': '$<projectName>', 'subjectId': 282, 'subjectName': 'Python', 'isTest': 0, 'putMode': 1, 'type': 1, 'gatherType': 1, 'allocInstType': 1, 'channelName': '微信'}
2020-10-09 14:51:22,697 - root - INFO : 响应消息: {'traceId': 'c9f5e444a5fd4e19b29281da575a4114', 'status': '100101122', 'msg': '计划名称已存在。', 'data': {}}
