2020-10-09 15:02:56,593 - root - INFO : 描述信息: 【潭州平台】获取登录用户 token
2020-10-09 15:02:56,593 - root - INFO : 请求地址: https://open-fat.shiguangkey.com/api/udb/workwechat/auth/login
2020-10-09 15:02:56,593 - root - INFO : 请求方法: [- POST -]
2020-10-09 15:02:56,593 - root - INFO : 请求头部: {'content-type': 'application/x-www-form-urlencoded', 'terminaltype': '4'}
2020-10-09 15:02:56,593 - root - INFO : 请求正文: {'account': 't0384223793', 'password': '4QrcOUm6Wau+VuBX8g+IPg'}
2020-10-09 15:02:56,794 - root - INFO : 响应消息: {'traceId': '69b2d7f3c9d14a9281e5658fda88bb55', 'status': '0', 'msg': 'success', 'data': {'user': {'uid': 19862099, 'mobile': '', 'account': '', 'nickname': '日常的阿魏', 'headImg': 'https://res.shiguangkey.com/res/images/default.png', 'openId': '', 'newRegister': False, 'needBindPhone': False, 'showAccountList': False}, 'token': '0x772e360712f1253135b49048975f7a'}}
2020-10-09 15:02:56,795 - root - INFO : 提取变量: [ pttoken: 0x772e360712f1253135b49048975f7a ]
2020-10-09 15:02:56,795 - root - INFO : 校验类型: [-status], 结果: [Passed], 预期: [0]
2020-10-09 15:02:56,795 - root - INFO : 校验类型: [-msg], 结果: [Passed], 预期: [success]
2020-10-09 15:02:56,795 - root - INFO :  = = =  = = =  = = =  = = =  = = =  = = =  = = =  = = = 分割线 = = =  = = =  = = =  = = =  = = =  = = =  = = =  = = = 
2020-10-09 15:02:56,795 - root - INFO : 正在执行Function: ad_plan
2020-10-09 15:02:56,795 - root - INFO : 正在执行Function: program_info_save
2020-10-09 15:02:56,795 - root - INFO : 描述信息: 【银河/广告/广告计划】新增广告计划
2020-10-09 15:02:56,795 - root - INFO : 请求地址: https://galaxy-api-fat.shiguangkey.com/api/galaxy/program/info/save
2020-10-09 15:02:56,795 - root - INFO : 请求方法: [- POST -]
2020-10-09 15:02:56,795 - root - INFO : 请求头部: {'content-type': 'application/json', 'token': '0x775fb60712f1fa187cc4589af1010a'}
2020-10-09 15:02:56,795 - root - INFO : 请求正文: {'channelId': 6, 'name': '自动化计划92634251', 'subjectId': 282, 'subjectName': 'Python', 'isTest': 0, 'putMode': 1, 'type': 1, 'gatherType': 1, 'allocInstType': 1, 'channelName': '微信'}
2020-10-09 15:02:57,069 - root - INFO : 响应消息: {'traceId': '4a276a79cdcb431a923cd491e0236a78', 'status': '0', 'msg': 'success', 'data': {}}
2020-10-09 15:02:57,069 - root - INFO : 校验类型: [-status], 结果: [Passed], 预期: [0]
2020-10-09 15:02:57,069 - root - INFO : 校验类型: [-msg], 结果: [Passed], 预期: [success]
2020-10-09 15:02:57,070 - root - INFO :  = = =  = = =  = = =  = = =  = = =  = = =  = = =  = = = 分割线 = = =  = = =  = = =  = = =  = = =  = = =  = = =  = = = 
2020-10-09 15:02:57,070 - root - INFO : 正在执行Function: program_pageList
2020-10-09 15:02:57,070 - root - INFO : 描述信息: 【银河/广告/广告计划】查询广告计划
2020-10-09 15:02:57,070 - root - INFO : 请求地址: https://galaxy-api-fat.shiguangkey.com/api/galaxy/program/pageList
2020-10-09 15:02:57,070 - root - INFO : 请求方法: [- POST -]
2020-10-09 15:02:57,070 - root - INFO : 请求头部: {'content-type': 'application/x-www-form-urlencoded', 'token': '0x775fb60712f1fa187cc4589af1010a'}
2020-10-09 15:02:57,070 - root - INFO : 请求正文: {'name': '自动化计划92634251', 'isHide': 0, 'pageIndex': 1, 'pageSize': 20, 'gatherType': 1, 'putMode': 1, 'allocInstType': 1}
2020-10-09 15:02:57,408 - root - INFO : 响应消息: {'traceId': '32d7499bbfbb41cc8894c46967552904', 'status': '0', 'msg': 'success', 'data': {'totalItem': 1, 'list': [{'id': 13392, 'oldProgramId': None, 'no': '1000000421396471', 'name': '自动化计划92634251', 'type': 1, 'programName': None, 'subjectName': 'Python', 'subjectId': 282, 'channelName': '微信', 'channelId': 6, 'isImport': None, 'position': None, 'keyword': None, 'areaId': None, 'areaName': None, 'remark': None, 'isNeedCaptch': None, 'state': None, 'adMainId': None, 'channelAgencyAccountId': None, 'accountCode': None, 'adMainAccount': None, 'thirdUrl': None, 'allocInstType': 1, 'receiveDeptId': None, 'receiveDeptIdChain': None, 'isHide': 0, 'isTest': 0, 'creatorDeptId': 8009, 'creatorName': '自动化专用-勿动', 'createTime': 1602226979000, 'putMode': 1, 'updateState': 1}]}}
2020-10-09 15:02:57,409 - root - INFO : 提取变量: [ channelId: 6 ]
2020-10-09 15:02:57,409 - root - INFO : 提取变量: [ putMode: 1 ]
2020-10-09 15:02:57,409 - root - INFO : 提取变量: [ adName: 自动化计划92634251 ]
2020-10-09 15:02:57,410 - root - INFO : 提取变量: [ adId: 13392 ]
2020-10-09 15:02:57,410 - root - INFO : 提取变量: [ type: 1 ]
2020-10-09 15:02:57,410 - root - INFO : 校验类型: [-status], 结果: [Passed], 预期: [0]
2020-10-09 15:02:57,410 - root - INFO : 校验类型: [-msg], 结果: [Passed], 预期: [success]
2020-10-09 15:02:57,410 - root - INFO : 校验类型: [-in]  结果: [Passed]  预期: [name]
2020-10-09 15:02:57,410 - root - INFO :  = = =  = = =  = = =  = = =  = = =  = = =  = = =  = = = 分割线 = = =  = = =  = = =  = = =  = = =  = = =  = = =  = = = 
2020-10-09 15:02:57,410 - root - INFO : 正在执行Function: creativity_save
2020-10-09 15:02:57,410 - root - INFO : 描述信息: 【银河/广告/广告计划】新建广告创意
2020-10-09 15:02:57,411 - root - INFO : 请求地址: https://galaxy-api-fat.shiguangkey.com/api/galaxy/creativity/save
2020-10-09 15:02:57,411 - root - INFO : 请求方法: [- POST -]
2020-10-09 15:02:57,411 - root - INFO : 请求头部: {'content-type': 'application/x-www-form-urlencoded', 'token': '0x775fb60712f1fa187cc4589af1010a'}
2020-10-09 15:02:57,411 - root - INFO : 请求正文: {'name': '自动化创意04075097', 'gatherType': 1, 'isNeedCaptch': 1, 'position': 1, 'type': '1', 'putMode': '1', 'channelId': '6', 'programId': '13392', 'programName': '自动化计划92634251'}
2020-10-09 15:02:57,672 - root - INFO : 响应消息: {'traceId': '763816bb83ad4511adf9594a6caf3794', 'status': '0', 'msg': 'success', 'data': {}}
2020-10-09 15:02:57,672 - root - INFO : 校验类型: [-status], 结果: [Passed], 预期: [0]
2020-10-09 15:02:57,672 - root - INFO : 校验类型: [-msg], 结果: [Passed], 预期: [success]
2020-10-09 15:02:57,672 - root - INFO :  = = =  = = =  = = =  = = =  = = =  = = =  = = =  = = = 分割线 = = =  = = =  = = =  = = =  = = =  = = =  = = =  = = = 
2020-10-09 15:02:57,672 - root - INFO : 正在执行Function: creativity_pageList
2020-10-09 15:02:57,673 - root - INFO : 描述信息: 【银河/广告/广告创意】查询广告创意
2020-10-09 15:02:57,673 - root - INFO : 请求地址: https://galaxy-api-fat.shiguangkey.com/api/galaxy/creativity/pageList
2020-10-09 15:02:57,673 - root - INFO : 请求方法: [- POST -]
2020-10-09 15:02:57,673 - root - INFO : 请求头部: {'content-type': 'application/x-www-form-urlencoded', 'token': '0x775fb60712f1fa187cc4589af1010a'}
2020-10-09 15:02:57,673 - root - INFO : 请求正文: {'gatherType': 1, 'programId': '13392', 'isHide': 0, 'pageIndex': 1, 'pageSize': 20}
2020-10-09 15:02:58,021 - root - INFO : 响应消息: {'traceId': '33fdd2c491044cc3b69df6228790db24', 'status': '0', 'msg': 'success', 'data': {'totalItem': 1, 'list': [{'id': 113029, 'oldCreativityId': None, 'oldProgramId': None, 'no': '8feab99e5bc44cb8beacb216680fc29e', 'name': '自动化创意04075097', 'programName': '自动化计划92634251', 'subjectName': 'Python', 'subjectId': 282, 'channelName': '微信', 'channelId': 6, 'isImport': 0, 'position': '1', 'keyword': None, 'areaId': None, 'areaName': None, 'creatorName': '自动化专用-勿动', 'createTime': 1602226980000, 'remark': None, 'isNeedCaptch': 1, 'state': 2, 'adMainId': None, 'channelAgencyAccountId': None, 'accountCode': None, 'adMainAccount': None, 'thirdUrl': None, 'allocInstType': 1, 'receiveDeptId': None, 'receiveDeptIdChain': None, 'isHide': 0, 'isTest': 0, 'creatorDeptId': 8009, 'vector': None, 'customerVectorValue': None, 'followerName': None, 'followerTanzkAccount': None, 'putMode': 1, 'receptionistId': None, 'receptionistName': None, 'receptionistTanzkAccount': None, 'receptionistDeptId': None, 'receptionistDeptIdChain': None, 'creatorDeptIdChain': '1001-8006-8007-8008-8009', 'updateState': 1, 'type': 1, 'programId': 13392, 'promotionTerminal': 1, 'vectorType': None, 'channelQrCode': None, 'channelNumber': None, 'companyWechatId': None, 'vectorId': None, 'vectorName': None}]}}
2020-10-09 15:02:58,021 - root - INFO : 提取变量: [ creativityId: 113029 ]
2020-10-09 15:02:58,022 - root - INFO : 提取变量: [ creativityName: 自动化创意04075097 ]
2020-10-09 15:02:58,022 - root - INFO : 提取变量: [ creativityNo: 8feab99e5bc44cb8beacb216680fc29e ]
2020-10-09 15:02:58,022 - root - INFO : 校验类型: [-status], 结果: [Passed], 预期: [0]
2020-10-09 15:02:58,022 - root - INFO : 校验类型: [-msg], 结果: [Passed], 预期: [success]
2020-10-09 15:02:58,022 - root - INFO :  = = =  = = =  = = =  = = =  = = =  = = =  = = =  = = = 分割线 = = =  = = =  = = =  = = =  = = =  = = =  = = =  = = = 
2020-10-09 15:02:59,921 - root - INFO : 描述信息: 【潭州平台】获取登录用户 token
2020-10-09 15:02:59,921 - root - INFO : 请求地址: https://open-fat.shiguangkey.com/api/udb/workwechat/auth/login
2020-10-09 15:02:59,921 - root - INFO : 请求方法: [- POST -]
2020-10-09 15:02:59,921 - root - INFO : 请求头部: {'content-type': 'application/x-www-form-urlencoded', 'terminaltype': '4'}
2020-10-09 15:02:59,921 - root - INFO : 请求正文: {'account': 't0384223793', 'password': '4QrcOUm6Wau+VuBX8g+IPg'}
2020-10-09 15:03:00,078 - root - INFO : 响应消息: {'traceId': '865ed39294e94c16a8925a81215ee982', 'status': '0', 'msg': 'success', 'data': {'user': {'uid': 19862099, 'mobile': '', 'account': '', 'nickname': '日常的阿魏', 'headImg': 'https://res.shiguangkey.com/res/images/default.png', 'openId': '', 'newRegister': False, 'needBindPhone': False, 'showAccountList': False}, 'token': '0x773fd00712f1253efdf41a9adf5b53'}}
2020-10-09 15:03:00,079 - root - INFO : 提取变量: [ pttoken: 0x773fd00712f1253efdf41a9adf5b53 ]
2020-10-09 15:03:00,079 - root - INFO : 校验类型: [-status], 结果: [Passed], 预期: [0]
2020-10-09 15:03:00,079 - root - INFO : 校验类型: [-msg], 结果: [Passed], 预期: [success]
2020-10-09 15:03:00,079 - root - INFO :  = = =  = = =  = = =  = = =  = = =  = = =  = = =  = = = 分割线 = = =  = = =  = = =  = = =  = = =  = = =  = = =  = = = 
2020-10-09 15:03:00,079 - root - INFO : 正在执行Function: ad_plan
2020-10-09 15:03:00,079 - root - INFO : 正在执行Function: program_info_save
2020-10-09 15:03:00,079 - root - INFO : 描述信息: 【银河/广告/广告计划】新增广告计划
2020-10-09 15:03:00,079 - root - INFO : 请求地址: https://galaxy-api-fat.shiguangkey.com/api/galaxy/program/info/save
2020-10-09 15:03:00,079 - root - INFO : 请求方法: [- POST -]
2020-10-09 15:03:00,080 - root - INFO : 请求头部: {'content-type': 'application/json', 'token': '0x775fb60712f1fa187cc4589af1010a'}
2020-10-09 15:03:00,080 - root - INFO : 请求正文: {'channelId': 6, 'name': '自动化计划62713276', 'subjectId': 282, 'subjectName': 'Python', 'isTest': 0, 'putMode': 1, 'type': 1, 'gatherType': 1, 'allocInstType': 1, 'channelName': '微信'}
2020-10-09 15:03:00,291 - root - INFO : 响应消息: {'traceId': '6dc16a6c3aee4011be9cd37c25beb472', 'status': '0', 'msg': 'success', 'data': {}}
2020-10-09 15:03:00,292 - root - INFO : 校验类型: [-status], 结果: [Passed], 预期: [0]
2020-10-09 15:03:00,292 - root - INFO : 校验类型: [-msg], 结果: [Passed], 预期: [success]
2020-10-09 15:03:00,292 - root - INFO :  = = =  = = =  = = =  = = =  = = =  = = =  = = =  = = = 分割线 = = =  = = =  = = =  = = =  = = =  = = =  = = =  = = = 
2020-10-09 15:03:00,292 - root - INFO : 正在执行Function: program_pageList
2020-10-09 15:03:00,292 - root - INFO : 描述信息: 【银河/广告/广告计划】查询广告计划
2020-10-09 15:03:00,292 - root - INFO : 请求地址: https://galaxy-api-fat.shiguangkey.com/api/galaxy/program/pageList
2020-10-09 15:03:00,292 - root - INFO : 请求方法: [- POST -]
2020-10-09 15:03:00,292 - root - INFO : 请求头部: {'content-type': 'application/x-www-form-urlencoded', 'token': '0x775fb60712f1fa187cc4589af1010a'}
2020-10-09 15:03:00,292 - root - INFO : 请求正文: {'name': '自动化计划62713276', 'isHide': 0, 'pageIndex': 1, 'pageSize': 20, 'gatherType': 1, 'putMode': 1, 'allocInstType': 1}
2020-10-09 15:03:00,661 - root - INFO : 响应消息: {'traceId': '707873f135204cea8d90d81fa0e84dd4', 'status': '0', 'msg': 'success', 'data': {'totalItem': 1, 'list': [{'id': 13393, 'oldProgramId': None, 'no': '1000000837036529', 'name': '自动化计划62713276', 'type': 1, 'programName': None, 'subjectName': 'Python', 'subjectId': 282, 'channelName': '微信', 'channelId': 6, 'isImport': None, 'position': None, 'keyword': None, 'areaId': None, 'areaName': None, 'remark': None, 'isNeedCaptch': None, 'state': None, 'adMainId': None, 'channelAgencyAccountId': None, 'accountCode': None, 'adMainAccount': None, 'thirdUrl': None, 'allocInstType': 1, 'receiveDeptId': None, 'receiveDeptIdChain': None, 'isHide': 0, 'isTest': 0, 'creatorDeptId': 8009, 'creatorName': '自动化专用-勿动', 'createTime': 1602226982000, 'putMode': 1, 'updateState': 1}]}}
2020-10-09 15:03:00,661 - root - INFO : 提取变量: [ channelId: 6 ]
2020-10-09 15:03:00,662 - root - INFO : 提取变量: [ putMode: 1 ]
2020-10-09 15:03:00,662 - root - INFO : 提取变量: [ adName: 自动化计划62713276 ]
2020-10-09 15:03:00,662 - root - INFO : 提取变量: [ adId: 13393 ]
2020-10-09 15:03:00,662 - root - INFO : 提取变量: [ type: 1 ]
2020-10-09 15:03:00,662 - root - INFO : 校验类型: [-status], 结果: [Passed], 预期: [0]
2020-10-09 15:03:00,663 - root - INFO : 校验类型: [-msg], 结果: [Passed], 预期: [success]
2020-10-09 15:03:00,663 - root - INFO : 校验类型: [-in]  结果: [Passed]  预期: [name]
2020-10-09 15:03:00,663 - root - INFO :  = = =  = = =  = = =  = = =  = = =  = = =  = = =  = = = 分割线 = = =  = = =  = = =  = = =  = = =  = = =  = = =  = = = 
2020-10-09 15:03:00,663 - root - INFO : 正在执行Function: creativity_save
2020-10-09 15:03:00,663 - root - INFO : 描述信息: 【银河/广告/广告计划】新建广告创意
2020-10-09 15:03:00,663 - root - INFO : 请求地址: https://galaxy-api-fat.shiguangkey.com/api/galaxy/creativity/save
2020-10-09 15:03:00,663 - root - INFO : 请求方法: [- POST -]
2020-10-09 15:03:00,663 - root - INFO : 请求头部: {'content-type': 'application/x-www-form-urlencoded', 'token': '0x775fb60712f1fa187cc4589af1010a'}
2020-10-09 15:03:00,663 - root - INFO : 请求正文: {'name': '自动化创意84148599', 'gatherType': 1, 'isNeedCaptch': 1, 'position': 1, 'type': '$<type>', 'putMode': '$<putMode>', 'channelId': '$<channelId>', 'programId': '$<adId>', 'programName': '$<adName>'}
2020-10-09 15:03:00,857 - root - INFO : 响应消息: {'traceId': '8957a209f5fe4951bb27ad24ddbfa6be', 'status': '999999910', 'msg': '参数校验不通过', 'data': {}}
