2020-09-03 14:26:28,845 - root - INFO : 描述信息: 【潭州平台】获取登录用户 token
2020-09-03 14:26:28,846 - root - INFO : 请求地址: https://open-fat.shiguangkey.com/api/udb/workwechat/auth/login
2020-09-03 14:26:28,846 - root - INFO : 请求方法: [- POST -]
2020-09-03 14:26:28,846 - root - INFO : 请求头部: {'content-type': 'application/x-www-form-urlencoded', 'terminaltype': '4', 'user-agent': 'Mozilla/5.0 (Windows NT 10.0; Win64; x64) AppleWebKit/537.36 (KHTML, like Gecko) Chrome/80.0.3987.106 Safari/537.36', 'Connection': 'close', 'keep-alive': 'False'}
2020-09-03 14:26:28,846 - root - INFO : 请求正文: {'account': 't0384223793', 'password': '4QrcOUm6Wau+VuBX8g+IPg'}
2020-09-03 14:26:28,997 - root - INFO : 响应消息: {'traceId': '0cd1d6d42d434c94997e68f8b581d5e5', 'status': '0', 'msg': 'success', 'data': {'user': {'uid': 19862099, 'mobile': '', 'account': '', 'nickname': '日常的阿魏', 'headImg': 'https://res.shiguangkey.com/res/images/default.png', 'openId': '', 'newRegister': False, 'needBindPhone': False, 'showAccountList': False}, 'token': '0x7710340712f1253f7cb4525b5a8cc4'}}
2020-09-03 14:26:28,998 - root - INFO : 提取变量: [ pttoken: 0x7710340712f1253f7cb4525b5a8cc4 ]
2020-09-03 14:26:28,998 - root - INFO : 校验类型: [-status], 结果: [Passed], 预期: [0]
2020-09-03 14:26:28,998 - root - INFO : 校验类型: [-msg], 结果: [Passed], 预期: [success]
2020-09-03 14:26:28,998 - root - INFO :  = = =  = = =  = = =  = = =  = = =  = = =  = = =  = = = 分割线 = = =  = = =  = = =  = = =  = = =  = = =  = = =  = = = 
2020-09-03 14:26:29,011 - root - INFO : 当前运行Case: test_add_flow_cost_mgt_mobile
2020-09-03 14:26:29,011 - root - INFO : 正在执行Function: test_add_flow_cost_mgt_mobile
2020-09-03 14:26:29,012 - root - INFO : 正在执行Function: flow_cost_mgt_save
2020-09-03 14:26:29,012 - root - INFO : 描述信息: 【预算/流量成本管理/新增流量成本】
2020-09-03 14:26:29,012 - root - INFO : 请求地址: https://galaxy-api-fat.shiguangkey.com/api/galaxy/flow/cost/manage/save
2020-09-03 14:26:29,012 - root - INFO : 请求方法: [- POST -]
2020-09-03 14:26:29,012 - root - INFO : 请求头部: {'content-type': 'application/x-www-form-urlencoded', 'token': '0x7710340712f1253f7cb4525b5a8cc4', 'x-dept-id-chain': '1001-8006-8007-8008-8009', 'user-agent': 'Mozilla/5.0 (Windows NT 10.0; Win64; x64) AppleWebKit/537.36 (KHTML, like Gecko) Chrome/80.0.3987.106 Safari/537.36', 'Connection': 'close', 'keep-alive': 'False'}
2020-09-03 14:26:29,012 - root - INFO : 请求正文: {'costMonth': 1598889600000, 'promotionerDeptIdChain': '1001-8006-8007-8008-8009', 'subjectId': '275', 'channelId': 4, 'gatherType': 1, 'putMode': 1, 'lastMonthLaunchNumber': 10000, 'lastMonthCashConsume': 1000, 'lastMonthSupplyTotal': 10000, 'lastMonthCost': 100, 'lastMonthDayAverageSupply': 1600, 'sameMonthDayAverageSupply': 10000, 'sameMonthDayAverageIncrement': 100, 'sameMonthCost': 1000, 'sameMonthDayConsume': 100, 'sameMonthSupply': 10000, 'sameMonthCashConsume': 1000, 'promotionerDeptName': '潭州教育>自动化测试分公司--勿动>自动化测试群--勿动>自动化测试事业部>自动化测试院', 'subjectName': '新媒体运营', 'channelName': '知乎'}
2020-09-03 14:26:29,345 - root - INFO : 响应消息: {'traceId': '2870c9a9a9054e36809fb02f155a6238', 'status': '0', 'msg': 'success', 'data': {}}
2020-09-03 14:26:29,345 - root - INFO : 校验类型: [-status], 结果: [Passed], 预期: [0]
2020-09-03 14:26:29,345 - root - INFO : 校验类型: [-msg], 结果: [Passed], 预期: [success]
2020-09-03 14:26:29,345 - root - INFO :  = = =  = = =  = = =  = = =  = = =  = = =  = = =  = = = 分割线 = = =  = = =  = = =  = = =  = = =  = = =  = = =  = = = 
2020-09-03 14:26:29,367 - root - INFO : 当前运行Case: test_add_flow_cost_mgt_wx
2020-09-03 14:26:29,367 - root - INFO : 正在执行Function: test_add_flow_cost_mgt_wx
2020-09-03 14:26:29,367 - root - INFO : 正在执行Function: flow_cost_mgt_save
2020-09-03 14:26:29,367 - root - INFO : 描述信息: 【预算/流量成本管理/新增流量成本】
2020-09-03 14:26:29,375 - root - INFO : 请求地址: https://galaxy-api-fat.shiguangkey.com/api/galaxy/flow/cost/manage/save
2020-09-03 14:26:29,375 - root - INFO : 请求方法: [- POST -]
2020-09-03 14:26:29,375 - root - INFO : 请求头部: {'content-type': 'application/x-www-form-urlencoded', 'token': '0x7710340712f1253f7cb4525b5a8cc4', 'x-dept-id-chain': '1001-8006-8007-8008-8009', 'user-agent': 'Mozilla/5.0 (Windows NT 10.0; Win64; x64) AppleWebKit/537.36 (KHTML, like Gecko) Chrome/80.0.3987.106 Safari/537.36', 'Connection': 'close', 'keep-alive': 'False'}
2020-09-03 14:26:29,375 - root - INFO : 请求正文: {'costMonth': 1598889600000, 'promotionerDeptIdChain': '1001-8006-8007-8008-8009', 'subjectId': '275', 'channelId': 4, 'gatherType': 3, 'putMode': 1, 'lastMonthLaunchNumber': 10000, 'lastMonthCashConsume': 1000, 'lastMonthSupplyTotal': 10000, 'lastMonthCost': 100, 'lastMonthDayAverageSupply': 1600, 'sameMonthDayAverageSupply': 10000, 'sameMonthDayAverageIncrement': 100, 'sameMonthCost': 1000, 'sameMonthDayConsume': 100, 'sameMonthSupply': 10000, 'sameMonthCashConsume': 1000, 'promotionerDeptName': '潭州教育>自动化测试分公司--勿动>自动化测试群--勿动>自动化测试事业部>自动化测试院', 'subjectName': '新媒体运营', 'channelName': '知乎'}
2020-09-03 14:26:29,586 - root - INFO : 响应消息: {'traceId': '7fce11bca93a4e81b3de5cee3d43342a', 'status': '0', 'msg': 'success', 'data': {}}
2020-09-03 14:26:29,586 - root - INFO : 校验类型: [-status], 结果: [Passed], 预期: [0]
2020-09-03 14:26:29,586 - root - INFO : 校验类型: [-msg], 结果: [Passed], 预期: [success]
2020-09-03 14:26:29,587 - root - INFO :  = = =  = = =  = = =  = = =  = = =  = = =  = = =  = = = 分割线 = = =  = = =  = = =  = = =  = = =  = = =  = = =  = = = 
2020-09-03 14:26:29,600 - root - INFO : 当前运行Case: test_add_flow_cost_mgt_qq
2020-09-03 14:26:29,600 - root - INFO : 正在执行Function: test_add_flow_cost_mgt_qq
2020-09-03 14:26:29,600 - root - INFO : 正在执行Function: flow_cost_mgt_save
2020-09-03 14:26:29,601 - root - INFO : 描述信息: 【预算/流量成本管理/新增流量成本】
2020-09-03 14:26:29,601 - root - INFO : 请求地址: https://galaxy-api-fat.shiguangkey.com/api/galaxy/flow/cost/manage/save
2020-09-03 14:26:29,601 - root - INFO : 请求方法: [- POST -]
2020-09-03 14:26:29,601 - root - INFO : 请求头部: {'content-type': 'application/x-www-form-urlencoded', 'token': '0x7710340712f1253f7cb4525b5a8cc4', 'x-dept-id-chain': '1001-8006-8007-8008-8009', 'user-agent': 'Mozilla/5.0 (Windows NT 10.0; Win64; x64) AppleWebKit/537.36 (KHTML, like Gecko) Chrome/80.0.3987.106 Safari/537.36', 'Connection': 'close', 'keep-alive': 'False'}
2020-09-03 14:26:29,601 - root - INFO : 请求正文: {'costMonth': 1598889600000, 'promotionerDeptIdChain': '1001-8006-8007-8008-8009', 'subjectId': '275', 'channelId': 4, 'gatherType': 2, 'putMode': 1, 'lastMonthLaunchNumber': 10000, 'lastMonthCashConsume': 1000, 'lastMonthSupplyTotal': 10000, 'lastMonthCost': 100, 'lastMonthDayAverageSupply': 1600, 'sameMonthDayAverageSupply': 10000, 'sameMonthDayAverageIncrement': 100, 'sameMonthCost': 1000, 'sameMonthDayConsume': 100, 'sameMonthSupply': 10000, 'sameMonthCashConsume': 1000, 'promotionerDeptName': '潭州教育>自动化测试分公司--勿动>自动化测试群--勿动>自动化测试事业部>自动化测试院', 'subjectName': '新媒体运营', 'channelName': '知乎'}
2020-09-03 14:26:29,801 - root - INFO : 响应消息: {'traceId': 'd777b7dd4e294997857bfcf18d18b903', 'status': '0', 'msg': 'success', 'data': {}}
2020-09-03 14:26:29,801 - root - INFO : 校验类型: [-status], 结果: [Passed], 预期: [0]
2020-09-03 14:26:29,801 - root - INFO : 校验类型: [-msg], 结果: [Passed], 预期: [success]
2020-09-03 14:26:29,801 - root - INFO :  = = =  = = =  = = =  = = =  = = =  = = =  = = =  = = = 分割线 = = =  = = =  = = =  = = =  = = =  = = =  = = =  = = = 
2020-09-03 14:26:29,814 - root - INFO : 当前运行Case: test_update_flow_cost_mgt
2020-09-03 14:26:29,814 - root - INFO : 正在执行Function: test_update_flow_cost_mgt
2020-09-03 14:26:29,815 - root - INFO : 正在执行Function: flow_cost_mgt_save
2020-09-03 14:26:29,815 - root - INFO : 描述信息: 【预算/流量成本管理/新增流量成本】
2020-09-03 14:26:29,815 - root - INFO : 请求地址: https://galaxy-api-fat.shiguangkey.com/api/galaxy/flow/cost/manage/save
2020-09-03 14:26:29,815 - root - INFO : 请求方法: [- POST -]
2020-09-03 14:26:29,815 - root - INFO : 请求头部: {'content-type': 'application/x-www-form-urlencoded', 'token': '0x7710340712f1253f7cb4525b5a8cc4', 'x-dept-id-chain': '1001-8006-8007-8008-8009', 'user-agent': 'Mozilla/5.0 (Windows NT 10.0; Win64; x64) AppleWebKit/537.36 (KHTML, like Gecko) Chrome/80.0.3987.106 Safari/537.36', 'Connection': 'close', 'keep-alive': 'False'}
2020-09-03 14:26:29,815 - root - INFO : 请求正文: {'costMonth': 1601481600000, 'promotionerDeptIdChain': '1001-8006-8007-8008-8009', 'subjectId': '495', 'channelId': 4, 'gatherType': 2, 'putMode': 1, 'lastMonthLaunchNumber': 10000, 'lastMonthCashConsume': 1000, 'lastMonthSupplyTotal': 10000, 'lastMonthCost': 100, 'lastMonthDayAverageSupply': 1600, 'sameMonthDayAverageSupply': 10000, 'sameMonthDayAverageIncrement': 100, 'sameMonthCost': 1000, 'sameMonthDayConsume': 100, 'sameMonthSupply': 10000, 'sameMonthCashConsume': 1000, 'promotionerDeptName': '潭州教育>自动化测试分公司--勿动>自动化测试群--勿动>自动化测试事业部>自动化测试院', 'subjectName': '形象设计', 'channelName': '知乎'}
2020-09-03 14:26:30,032 - root - INFO : 响应消息: {'traceId': '67268cda7a4345b195d46c2e6f5d7428', 'status': '0', 'msg': 'success', 'data': {}}
2020-09-03 14:26:30,032 - root - INFO : 校验类型: [-status], 结果: [Passed], 预期: [0]
2020-09-03 14:26:30,032 - root - INFO : 校验类型: [-msg], 结果: [Passed], 预期: [success]
2020-09-03 14:26:30,032 - root - INFO :  = = =  = = =  = = =  = = =  = = =  = = =  = = =  = = = 分割线 = = =  = = =  = = =  = = =  = = =  = = =  = = =  = = = 
2020-09-03 14:26:30,032 - root - INFO : 正在执行Function: flow_cost_mgt_page_list
2020-09-03 14:26:30,032 - root - INFO : 描述信息: 【预算/流量成本管理/查询】
2020-09-03 14:26:30,032 - root - INFO : 请求地址: https://galaxy-api-fat.shiguangkey.com/api/galaxy/flow/cost/manage/pageList
2020-09-03 14:26:30,033 - root - INFO : 请求方法: [- POST -]
2020-09-03 14:26:30,033 - root - INFO : 请求头部: {'content-type': 'application/x-www-form-urlencoded', 'token': '0x7710340712f1253f7cb4525b5a8cc4', 'user-agent': 'Mozilla/5.0 (Windows NT 10.0; Win64; x64) AppleWebKit/537.36 (KHTML, like Gecko) Chrome/80.0.3987.106 Safari/537.36', 'Connection': 'close', 'keep-alive': 'False'}
2020-09-03 14:26:30,033 - root - INFO : 请求正文: {'pageIndex': 1, 'pageSize': 20, 'gatherType': 2, 'startCostMonth': 1601481600000, 'endCostMonth': 1601654399999, 'channelId': 4}
2020-09-03 14:26:30,234 - root - INFO : 响应消息: {'traceId': '62c97a0109da4e4a8bf579c48bc6863e', 'status': '0', 'msg': 'success', 'data': {'list': [{'id': 83, 'costMonth': 1601481600000, 'promotionerDeptIdChain': '1001-8006-8007-8008-8009', 'promotionerDeptName': '潭州教育>自动化测试分公司--勿动>自动化测试群--勿动>自动化测试事业部>自动化测试院', 'subjectId': 495, 'subjectName': '形象设计', 'channelId': 4, 'channelName': '知乎', 'gatherType': 2, 'putMode': 1, 'lastMonthLaunchNumber': 10000, 'lastMonthCashConsume': 1000.0, 'lastMonthSupplyTotal': 10000, 'lastMonthCost': 100.0, 'lastMonthDayAverageSupply': 1600, 'sameMonthDayAverageSupply': 10000, 'sameMonthDayAverageIncrement': 100, 'sameMonthCost': 1000.0, 'sameMonthDayConsume': 100.0, 'sameMonthSupply': 10000, 'sameMonthCashConsume': 1000.0, 'creatorId': 19862099, 'creatorName': '日常的阿魏', 'creatorDeptId': 8009, 'creatorDeptIdChain': '1001-8006-8007-8008-8009', 'createTime': 1599114390000, 'modifierId': '', 'modifierName': '', 'modifyTime': '', 'isDelete': 2020}, {'id': 78, 'costMonth': 1601481600000, 'promotionerDeptIdChain': '1001-8006-8007-8008-8009', 'promotionerDeptName': '潭州教育>自动化测试分公司--勿动>自动化测试群--勿动>自动化测试事业部>自动化测试院', 'subjectId': 498, 'subjectName': 'VI设计', 'channelId': 4, 'channelName': '知乎', 'gatherType': 2, 'putMode': 1, 'lastMonthLaunchNumber': 10000, 'lastMonthCashConsume': 1000.0, 'lastMonthSupplyTotal': 10000, 'lastMonthCost': 100.0, 'lastMonthDayAverageSupply': 1600, 'sameMonthDayAverageSupply': 10000, 'sameMonthDayAverageIncrement': 100, 'sameMonthCost': 1000.0, 'sameMonthDayConsume': 100.0, 'sameMonthSupply': 10000, 'sameMonthCashConsume': 1000.0, 'creatorId': 19862099, 'creatorName': '日常的阿魏', 'creatorDeptId': 8009, 'creatorDeptIdChain': '1001-8006-8007-8008-8009', 'createTime': 1599113815000, 'modifierId': 19862099, 'modifierName': '日常的阿魏', 'modifyTime': '', 'isDelete': 2020}, {'id': 74, 'costMonth': 1601481600000, 'promotionerDeptIdChain': '1001-8006-8007-8008-8009', 'promotionerDeptName': '潭州教育>自动化测试分公司--勿动>自动化测试群--勿动>自动化测试事业部>自动化测试院', 'subjectId': 492, 'subjectName': '方言', 'channelId': 4, 'channelName': '知乎', 'gatherType': 2, 'putMode': 1, 'lastMonthLaunchNumber': 10000, 'lastMonthCashConsume': 1000.0, 'lastMonthSupplyTotal': 10000, 'lastMonthCost': 100.0, 'lastMonthDayAverageSupply': 1600, 'sameMonthDayAverageSupply': 10000, 'sameMonthDayAverageIncrement': 100, 'sameMonthCost': 1000.0, 'sameMonthDayConsume': 100.0, 'sameMonthSupply': 10000, 'sameMonthCashConsume': 1000.0, 'creatorId': 19862099, 'creatorName': '日常的阿魏', 'creatorDeptId': 8009, 'creatorDeptIdChain': '1001-8006-8007-8008-8009', 'createTime': 1599103206000, 'modifierId': 19862099, 'modifierName': '日常的阿魏', 'modifyTime': '', 'isDelete': 2020}, {'id': 64, 'costMonth': 1601481600000, 'promotionerDeptIdChain': '1001-8006-8007-8008-8009', 'promotionerDeptName': '潭州教育>自动化测试分公司--勿动>自动化测试群--勿动>自动化测试事业部>自动化测试院', 'subjectId': 269, 'subjectName': '产品策划', 'channelId': 4, 'channelName': '知乎', 'gatherType': 2, 'putMode': 1, 'lastMonthLaunchNumber': 10000, 'lastMonthCashConsume': 1000.0, 'lastMonthSupplyTotal': 10000, 'lastMonthCost': 100.0, 'lastMonthDayAverageSupply': 1600, 'sameMonthDayAverageSupply': 10000, 'sameMonthDayAverageIncrement': 100, 'sameMonthCost': 1000.0, 'sameMonthDayConsume': 100.0, 'sameMonthSupply': 10000, 'sameMonthCashConsume': 1000.0, 'creatorId': 19862099, 'creatorName': '日常的阿魏', 'creatorDeptId': 8009, 'creatorDeptIdChain': '1001-8006-8007-8008-8009', 'createTime': 1599101537000, 'modifierId': 19862099, 'modifierName': '日常的阿魏', 'modifyTime': '', 'isDelete': 2020}, {'id': 56, 'costMonth': 1601481600000, 'promotionerDeptIdChain': '1001-8006-8007-8008-8009', 'promotionerDeptName': '潭州教育>自动化测试分公司--勿动>自动化测试群--勿动>自动化测试事业部>自动化测试院', 'subjectId': 272, 'subjectName': '游戏运营', 'channelId': 4, 'channelName': '知乎', 'gatherType': 2, 'putMode': 1, 'lastMonthLaunchNumber': 10000, 'lastMonthCashConsume': 1000.0, 'lastMonthSupplyTotal': 10000, 'lastMonthCost': 1000.0, 'lastMonthDayAverageSupply': 1600, 'sameMonthDayAverageSupply': 10000, 'sameMonthDayAverageIncrement': 100, 'sameMonthCost': 1000.0, 'sameMonthDayConsume': 100.0, 'sameMonthSupply': 10000, 'sameMonthCashConsume': 1000.0, 'creatorId': 19862099, 'creatorName': '日常的阿魏', 'creatorDeptId': 8009, 'creatorDeptIdChain': '1001-8006-8007-8008-8009', 'createTime': 1599096065000, 'modifierId': 19862099, 'modifierName': '日常的阿魏', 'modifyTime': '', 'isDelete': 2020}], 'totalItem': 5, 'summation': {'lastMonthLaunchNumber': 50000, 'lastMonthCashConsume': 5000.0, 'lastMonthSupplyTotal': 50000, 'lastMonthCost': 0.1, 'lastMonthDayAverageSupply': 8000, 'sameMonthDayAverageSupply': 50000, 'sameMonthDayAverageIncrement': 500, 'sameMonthCost': 0.1, 'sameMonthDayConsume': 500.0, 'sameMonthSupply': 50000, 'sameMonthCashConsume': 5000.0}}}
2020-09-03 14:26:30,235 - root - INFO : 提取变量: [ id: 83 ]
2020-09-03 14:26:30,236 - root - INFO : 提取变量: [ costMonth: 1601481600000 ]
2020-09-03 14:26:30,237 - root - INFO : 提取变量: [ subjectId: 495 ]
2020-09-03 14:26:30,237 - root - INFO : 提取变量: [ subjectName: 形象设计 ]
2020-09-03 14:26:30,238 - root - INFO : 校验类型: [-status], 结果: [Passed], 预期: [0]
2020-09-03 14:26:30,238 - root - INFO : 校验类型: [-msg], 结果: [Passed], 预期: [success]
2020-09-03 14:26:30,238 - root - INFO :  = = =  = = =  = = =  = = =  = = =  = = =  = = =  = = = 分割线 = = =  = = =  = = =  = = =  = = =  = = =  = = =  = = = 
2020-09-03 14:26:30,238 - root - INFO : 正在执行Function: flow_cost_mgt_update
2020-09-03 14:26:30,238 - root - INFO : 描述信息: 【预算/流量成本管理/更新流量成本】
2020-09-03 14:26:30,238 - root - INFO : 请求地址: https://galaxy-api-fat.shiguangkey.com/api/galaxy/flow/cost/manage/update
2020-09-03 14:26:30,238 - root - INFO : 请求方法: [- POST -]
2020-09-03 14:26:30,238 - root - INFO : 请求头部: {'content-type': 'application/x-www-form-urlencoded', 'token': '0x7710340712f1253f7cb4525b5a8cc4', 'x-dept-id-chain': '1001-8006-8007-8008-8009', 'user-agent': 'Mozilla/5.0 (Windows NT 10.0; Win64; x64) AppleWebKit/537.36 (KHTML, like Gecko) Chrome/80.0.3987.106 Safari/537.36', 'Connection': 'close', 'keep-alive': 'False'}
2020-09-03 14:26:30,238 - root - INFO : 请求正文: {'id': '83', 'costMonth': '1601481600000', 'promotionerDeptIdChain': '1001-8006-8007-8008-8009', 'subjectId': '495', 'channelId': 4, 'gatherType': 2, 'putMode': 1, 'lastMonthLaunchNumber': 10000, 'lastMonthCashConsume': 1000, 'lastMonthSupplyTotal': 10000, 'lastMonthCost': 100, 'lastMonthDayAverageSupply': 1600, 'sameMonthDayAverageSupply': 10000, 'sameMonthDayAverageIncrement': 100, 'sameMonthCost': 1000, 'sameMonthDayConsume': 100, 'sameMonthSupply': 10000, 'sameMonthCashConsume': 1000, 'promotionerDeptName': '潭州教育>自动化测试分公司--勿动>自动化测试群--勿动>自动化测试事业部>自动化测试院', 'subjectName': '形象设计', 'channelName': '知乎'}
2020-09-03 14:26:30,429 - root - INFO : 响应消息: {'traceId': '6d971e38aec84ca9bef712588b557235', 'status': '0', 'msg': 'success', 'data': {}}
2020-09-03 14:26:30,429 - root - INFO : 校验类型: [-status], 结果: [Passed], 预期: [0]
2020-09-03 14:26:30,430 - root - INFO : 校验类型: [-msg], 结果: [Passed], 预期: [success]
2020-09-03 14:26:30,430 - root - INFO :  = = =  = = =  = = =  = = =  = = =  = = =  = = =  = = = 分割线 = = =  = = =  = = =  = = =  = = =  = = =  = = =  = = = 
2020-09-03 14:26:30,443 - root - INFO : 当前运行Case: test_update_flow_cost_mgt_gather
2020-09-03 14:26:30,443 - root - INFO : 正在执行Function: test_update_flow_cost_mgt_gather
2020-09-03 14:26:30,443 - root - INFO : 正在执行Function: flow_cost_mgt_save
2020-09-03 14:26:30,443 - root - INFO : 描述信息: 【预算/流量成本管理/新增流量成本】
2020-09-03 14:26:30,443 - root - INFO : 请求地址: https://galaxy-api-fat.shiguangkey.com/api/galaxy/flow/cost/manage/save
2020-09-03 14:26:30,443 - root - INFO : 请求方法: [- POST -]
2020-09-03 14:26:30,443 - root - INFO : 请求头部: {'content-type': 'application/x-www-form-urlencoded', 'token': '0x7710340712f1253f7cb4525b5a8cc4', 'x-dept-id-chain': '1001-8006-8007-8008-8009', 'user-agent': 'Mozilla/5.0 (Windows NT 10.0; Win64; x64) AppleWebKit/537.36 (KHTML, like Gecko) Chrome/80.0.3987.106 Safari/537.36', 'Connection': 'close', 'keep-alive': 'False'}
2020-09-03 14:26:30,444 - root - INFO : 请求正文: {'costMonth': 1601481600000, 'promotionerDeptIdChain': '1001-8006-8007-8008-8009', 'subjectId': '495', 'channelId': 4, 'gatherType': 1, 'putMode': 1, 'lastMonthLaunchNumber': 10000, 'lastMonthCashConsume': 1000, 'lastMonthSupplyTotal': 10000, 'lastMonthCost': 100, 'lastMonthDayAverageSupply': 1600, 'sameMonthDayAverageSupply': 10000, 'sameMonthDayAverageIncrement': 100, 'sameMonthCost': 1000, 'sameMonthDayConsume': 100, 'sameMonthSupply': 10000, 'sameMonthCashConsume': 1000, 'promotionerDeptName': '潭州教育>自动化测试分公司--勿动>自动化测试群--勿动>自动化测试事业部>自动化测试院', 'subjectName': '形象设计', 'channelName': '知乎'}
2020-09-03 14:26:30,642 - root - INFO : 响应消息: {'traceId': 'a067aab43c574796b4fc44df332cdbda', 'status': '110111002', 'msg': '已有同维度数据', 'data': {}}
2020-09-03 14:26:30,688 - root - INFO : 当前运行Case: test_del_flow_cost_mgt_gather
2020-09-03 14:26:30,688 - root - INFO : 正在执行Function: test_del_flow_cost_mgt_gather
2020-09-03 14:26:30,688 - root - INFO : 正在执行Function: flow_cost_mgt_save
2020-09-03 14:26:30,688 - root - INFO : 描述信息: 【预算/流量成本管理/新增流量成本】
2020-09-03 14:26:30,688 - root - INFO : 请求地址: https://galaxy-api-fat.shiguangkey.com/api/galaxy/flow/cost/manage/save
2020-09-03 14:26:30,688 - root - INFO : 请求方法: [- POST -]
2020-09-03 14:26:30,688 - root - INFO : 请求头部: {'content-type': 'application/x-www-form-urlencoded', 'token': '0x7710340712f1253f7cb4525b5a8cc4', 'x-dept-id-chain': '1001-8006-8007-8008-8009', 'user-agent': 'Mozilla/5.0 (Windows NT 10.0; Win64; x64) AppleWebKit/537.36 (KHTML, like Gecko) Chrome/80.0.3987.106 Safari/537.36', 'Connection': 'close', 'keep-alive': 'False'}
2020-09-03 14:26:30,689 - root - INFO : 请求正文: {'costMonth': 1601481600000, 'promotionerDeptIdChain': '1001-8006-8007-8008-8009', 'subjectId': '275', 'channelId': 4, 'gatherType': 3, 'putMode': 1, 'lastMonthLaunchNumber': 10000, 'lastMonthCashConsume': 1000, 'lastMonthSupplyTotal': 10000, 'lastMonthCost': 100, 'lastMonthDayAverageSupply': 1600, 'sameMonthDayAverageSupply': 10000, 'sameMonthDayAverageIncrement': 100, 'sameMonthCost': 1000, 'sameMonthDayConsume': 100, 'sameMonthSupply': 10000, 'sameMonthCashConsume': 1000, 'promotionerDeptName': '潭州教育>自动化测试分公司--勿动>自动化测试群--勿动>自动化测试事业部>自动化测试院', 'subjectName': '新媒体运营', 'channelName': '知乎'}
2020-09-03 14:26:30,883 - root - INFO : 响应消息: {'traceId': '1d816481924e49a19deff94b3ea8942a', 'status': '0', 'msg': 'success', 'data': {}}
2020-09-03 14:26:30,883 - root - INFO : 校验类型: [-status], 结果: [Passed], 预期: [0]
2020-09-03 14:26:30,883 - root - INFO : 校验类型: [-msg], 结果: [Passed], 预期: [success]
2020-09-03 14:26:30,883 - root - INFO :  = = =  = = =  = = =  = = =  = = =  = = =  = = =  = = = 分割线 = = =  = = =  = = =  = = =  = = =  = = =  = = =  = = = 
2020-09-03 14:26:30,883 - root - INFO : 正在执行Function: flow_cost_mgt_page_list
2020-09-03 14:26:30,883 - root - INFO : 描述信息: 【预算/流量成本管理/查询】
2020-09-03 14:26:30,884 - root - INFO : 请求地址: https://galaxy-api-fat.shiguangkey.com/api/galaxy/flow/cost/manage/pageList
2020-09-03 14:26:30,884 - root - INFO : 请求方法: [- POST -]
2020-09-03 14:26:30,884 - root - INFO : 请求头部: {'content-type': 'application/x-www-form-urlencoded', 'token': '0x7710340712f1253f7cb4525b5a8cc4', 'user-agent': 'Mozilla/5.0 (Windows NT 10.0; Win64; x64) AppleWebKit/537.36 (KHTML, like Gecko) Chrome/80.0.3987.106 Safari/537.36', 'Connection': 'close', 'keep-alive': 'False'}
2020-09-03 14:26:30,884 - root - INFO : 请求正文: {'pageIndex': 1, 'pageSize': 20, 'gatherType': 3, 'startCostMonth': 1601481600000, 'endCostMonth': 1601654399999, 'channelId': 4}
2020-09-03 14:26:31,069 - root - INFO : 响应消息: {'traceId': '7323434a5efc4176bc3ca59b8b0644c6', 'status': '0', 'msg': 'success', 'data': {'list': [{'id': 84, 'costMonth': 1601481600000, 'promotionerDeptIdChain': '1001-8006-8007-8008-8009', 'promotionerDeptName': '潭州教育>自动化测试分公司--勿动>自动化测试群--勿动>自动化测试事业部>自动化测试院', 'subjectId': 275, 'subjectName': '新媒体运营', 'channelId': 4, 'channelName': '知乎', 'gatherType': 3, 'putMode': 1, 'lastMonthLaunchNumber': 10000, 'lastMonthCashConsume': 1000.0, 'lastMonthSupplyTotal': 10000, 'lastMonthCost': 100.0, 'lastMonthDayAverageSupply': 1600, 'sameMonthDayAverageSupply': 10000, 'sameMonthDayAverageIncrement': 100, 'sameMonthCost': 1000.0, 'sameMonthDayConsume': 100.0, 'sameMonthSupply': 10000, 'sameMonthCashConsume': 1000.0, 'creatorId': 19862099, 'creatorName': '日常的阿魏', 'creatorDeptId': 8009, 'creatorDeptIdChain': '1001-8006-8007-8008-8009', 'createTime': 1599114391000, 'modifierId': '', 'modifierName': '', 'modifyTime': '', 'isDelete': 2020}, {'id': 77, 'costMonth': 1601481600000, 'promotionerDeptIdChain': '1001-8006-8007-8008-8009', 'promotionerDeptName': '潭州教育>自动化测试分公司--勿动>自动化测试群--勿动>自动化测试事业部>自动化测试院', 'subjectId': 498, 'subjectName': 'VI设计', 'channelId': 4, 'channelName': '知乎', 'gatherType': 3, 'putMode': 1, 'lastMonthLaunchNumber': 10000, 'lastMonthCashConsume': 1000.0, 'lastMonthSupplyTotal': 10000, 'lastMonthCost': 100.0, 'lastMonthDayAverageSupply': 1600, 'sameMonthDayAverageSupply': 10000, 'sameMonthDayAverageIncrement': 100, 'sameMonthCost': 1000.0, 'sameMonthDayConsume': 100.0, 'sameMonthSupply': 10000, 'sameMonthCashConsume': 1000.0, 'creatorId': 19862099, 'creatorName': '日常的阿魏', 'creatorDeptId': 8009, 'creatorDeptIdChain': '1001-8006-8007-8008-8009', 'createTime': 1599103341000, 'modifierId': 19862099, 'modifierName': '日常的阿魏', 'modifyTime': '', 'isDelete': 2020}, {'id': 75, 'costMonth': 1601481600000, 'promotionerDeptIdChain': '1001-8006-8007-8008-8009', 'promotionerDeptName': '潭州教育>自动化测试分公司--勿动>自动化测试群--勿动>自动化测试事业部>自动化测试院', 'subjectId': 492, 'subjectName': '方言', 'channelId': 4, 'channelName': '知乎', 'gatherType': 3, 'putMode': 1, 'lastMonthLaunchNumber': 10000, 'lastMonthCashConsume': 1000.0, 'lastMonthSupplyTotal': 10000, 'lastMonthCost': 100.0, 'lastMonthDayAverageSupply': 1600, 'sameMonthDayAverageSupply': 10000, 'sameMonthDayAverageIncrement': 100, 'sameMonthCost': 1000.0, 'sameMonthDayConsume': 100.0, 'sameMonthSupply': 10000, 'sameMonthCashConsume': 1000.0, 'creatorId': 19862099, 'creatorName': '日常的阿魏', 'creatorDeptId': 8009, 'creatorDeptIdChain': '1001-8006-8007-8008-8009', 'createTime': 1599103207000, 'modifierId': 19862099, 'modifierName': '日常的阿魏', 'modifyTime': '', 'isDelete': 2020}, {'id': 65, 'costMonth': 1601481600000, 'promotionerDeptIdChain': '1001-8006-8007-8008-8009', 'promotionerDeptName': '潭州教育>自动化测试分公司--勿动>自动化测试群--勿动>自动化测试事业部>自动化测试院', 'subjectId': 495, 'subjectName': '形象设计', 'channelId': 4, 'channelName': '知乎', 'gatherType': 3, 'putMode': 1, 'lastMonthLaunchNumber': 10000, 'lastMonthCashConsume': 1000.0, 'lastMonthSupplyTotal': 10000, 'lastMonthCost': 100.0, 'lastMonthDayAverageSupply': 1600, 'sameMonthDayAverageSupply': 10000, 'sameMonthDayAverageIncrement': 100, 'sameMonthCost': 1000.0, 'sameMonthDayConsume': 100.0, 'sameMonthSupply': 10000, 'sameMonthCashConsume': 1000.0, 'creatorId': 19862099, 'creatorName': '日常的阿魏', 'creatorDeptId': 8009, 'creatorDeptIdChain': '1001-8006-8007-8008-8009', 'createTime': 1599102720000, 'modifierId': 19862099, 'modifierName': '日常的阿魏', 'modifyTime': '', 'isDelete': 2020}, {'id': 55, 'costMonth': 1601481600000, 'promotionerDeptIdChain': '1001-8006-8007-8008-8009', 'promotionerDeptName': '潭州教育>自动化测试分公司--勿动>自动化测试群--勿动>自动化测试事业部>自动化测试院', 'subjectId': 272, 'subjectName': '游戏运营', 'channelId': 4, 'channelName': '知乎', 'gatherType': 3, 'putMode': 1, 'lastMonthLaunchNumber': 10000, 'lastMonthCashConsume': 1000.0, 'lastMonthSupplyTotal': 10000, 'lastMonthCost': 100.0, 'lastMonthDayAverageSupply': 1600, 'sameMonthDayAverageSupply': 10000, 'sameMonthDayAverageIncrement': 100, 'sameMonthCost': 1000.0, 'sameMonthDayConsume': 100.0, 'sameMonthSupply': 10000, 'sameMonthCashConsume': 1000.0, 'creatorId': 19862099, 'creatorName': '日常的阿魏', 'creatorDeptId': 8009, 'creatorDeptIdChain': '1001-8006-8007-8008-8009', 'createTime': 1599096064000, 'modifierId': '', 'modifierName': '', 'modifyTime': '', 'isDelete': 2020}], 'totalItem': 5, 'summation': {'lastMonthLaunchNumber': 50000, 'lastMonthCashConsume': 5000.0, 'lastMonthSupplyTotal': 50000, 'lastMonthCost': 0.1, 'lastMonthDayAverageSupply': 8000, 'sameMonthDayAverageSupply': 50000, 'sameMonthDayAverageIncrement': 500, 'sameMonthCost': 0.1, 'sameMonthDayConsume': 500.0, 'sameMonthSupply': 50000, 'sameMonthCashConsume': 5000.0}}}
2020-09-03 14:26:31,070 - root - INFO : 提取变量: [ id: 84 ]
2020-09-03 14:26:31,071 - root - INFO : 提取变量: [ costMonth: 1601481600000 ]
2020-09-03 14:26:31,072 - root - INFO : 提取变量: [ subjectId: 275 ]
2020-09-03 14:26:31,072 - root - INFO : 提取变量: [ subjectName: 新媒体运营 ]
2020-09-03 14:26:31,073 - root - INFO : 校验类型: [-status], 结果: [Passed], 预期: [0]
2020-09-03 14:26:31,073 - root - INFO : 校验类型: [-msg], 结果: [Passed], 预期: [success]
2020-09-03 14:26:31,073 - root - INFO :  = = =  = = =  = = =  = = =  = = =  = = =  = = =  = = = 分割线 = = =  = = =  = = =  = = =  = = =  = = =  = = =  = = = 
2020-09-03 14:26:31,073 - root - INFO : 正在执行Function: del_flow_cost_mgt
2020-09-03 14:26:31,073 - root - INFO : 描述信息: 【预算/流量成本管理/删除流量成本】
2020-09-03 14:26:31,073 - root - INFO : 请求地址: https://galaxy-api-fat.shiguangkey.com/api/galaxy/flow/cost/manage/update
2020-09-03 14:26:31,073 - root - INFO : 请求方法: [- POST -]
2020-09-03 14:26:31,073 - root - INFO : 请求头部: {'content-type': 'application/x-www-form-urlencoded', 'token': '0x7710340712f1253f7cb4525b5a8cc4', 'x-dept-id-chain': '1001-8006-8007-8008-8009', 'user-agent': 'Mozilla/5.0 (Windows NT 10.0; Win64; x64) AppleWebKit/537.36 (KHTML, like Gecko) Chrome/80.0.3987.106 Safari/537.36', 'Connection': 'close', 'keep-alive': 'False'}
2020-09-03 14:26:31,073 - root - INFO : 请求正文: {'ids': '84'}
2020-09-03 14:26:31,239 - root - INFO : 响应消息: {'traceId': '109aa57815864f53ada8738b49b15f71', 'status': '999999992', 'msg': '[Assertion failed] - this argument is required; it must not be null', 'data': {}}
