2020-10-09 15:09:21,561 - root - INFO : 描述信息: 【潭州平台】获取登录用户 token
2020-10-09 15:09:21,561 - root - INFO : 请求地址: https://open-fat.shiguangkey.com/api/udb/workwechat/auth/login
2020-10-09 15:09:21,561 - root - INFO : 请求方法: [- POST -]
2020-10-09 15:09:21,561 - root - INFO : 请求头部: {'content-type': 'application/x-www-form-urlencoded', 'terminaltype': '4'}
2020-10-09 15:09:21,561 - root - INFO : 请求正文: {'account': 't0384223793', 'password': '4QrcOUm6Wau+VuBX8g+IPg'}
2020-10-09 15:09:21,821 - root - INFO : 响应消息: {'traceId': 'ae1071fc9b3c428093c5c5993f583bbf', 'status': '0', 'msg': 'success', 'data': {'user': {'uid': 19862099, 'mobile': '', 'account': '', 'nickname': '日常的阿魏', 'headImg': 'https://res.shiguangkey.com/res/images/default.png', 'openId': '', 'newRegister': False, 'needBindPhone': False, 'showAccountList': False}, 'token': '0x77baaf0712f1253e36b4d69be2387b'}}
2020-10-09 15:09:21,822 - root - INFO : 提取变量: [ pttoken: 0x77baaf0712f1253e36b4d69be2387b ]
2020-10-09 15:09:21,823 - root - INFO : 校验类型: [-status], 结果: [Passed], 预期: [0]
2020-10-09 15:09:21,823 - root - INFO : 校验类型: [-msg], 结果: [Passed], 预期: [success]
2020-10-09 15:09:21,823 - root - INFO :  = = =  = = =  = = =  = = =  = = =  = = =  = = =  = = = 分割线 = = =  = = =  = = =  = = =  = = =  = = =  = = =  = = = 
2020-10-09 15:09:21,823 - root - INFO : 正在执行Function: ad_plan
2020-10-09 15:09:21,823 - root - INFO : 正在执行Function: program_info_save
2020-10-09 15:09:21,823 - root - INFO : 描述信息: 【银河/广告/广告计划】新增广告计划
2020-10-09 15:09:21,823 - root - INFO : 请求地址: https://galaxy-api-fat.shiguangkey.com/api/galaxy/program/info/save
2020-10-09 15:09:21,823 - root - INFO : 请求方法: [- POST -]
2020-10-09 15:09:21,823 - root - INFO : 请求头部: {'content-type': 'application/json', 'token': '0x775fb60712f1fa187cc4589af1010a'}
2020-10-09 15:09:21,823 - root - INFO : 请求正文: {'channelId': 6, 'name': '自动化计划93149990', 'subjectId': 282, 'subjectName': 'Python', 'isTest': 0, 'putMode': 1, 'type': 1, 'gatherType': 1, 'allocInstType': 1, 'channelName': '微信'}
2020-10-09 15:09:22,124 - root - INFO : 响应消息: {'traceId': 'fe421a3f5b22458f9766d6bdd6285a1a', 'status': '0', 'msg': 'success', 'data': {}}
2020-10-09 15:09:22,124 - root - INFO : 校验类型: [-status], 结果: [Passed], 预期: [0]
2020-10-09 15:09:22,124 - root - INFO : 校验类型: [-msg], 结果: [Passed], 预期: [success]
2020-10-09 15:09:22,124 - root - INFO :  = = =  = = =  = = =  = = =  = = =  = = =  = = =  = = = 分割线 = = =  = = =  = = =  = = =  = = =  = = =  = = =  = = = 
2020-10-09 15:09:22,124 - root - INFO : 正在执行Function: program_pageList
2020-10-09 15:09:22,125 - root - INFO : 描述信息: 【银河/广告/广告计划】查询广告计划
2020-10-09 15:09:22,125 - root - INFO : 请求地址: https://galaxy-api-fat.shiguangkey.com/api/galaxy/program/pageList
2020-10-09 15:09:22,125 - root - INFO : 请求方法: [- POST -]
2020-10-09 15:09:22,125 - root - INFO : 请求头部: {'content-type': 'application/x-www-form-urlencoded', 'token': '0x775fb60712f1fa187cc4589af1010a'}
2020-10-09 15:09:22,125 - root - INFO : 请求正文: {'name': '自动化计划93149990', 'isHide': 0, 'pageIndex': 1, 'pageSize': 20, 'gatherType': 1, 'putMode': 1, 'allocInstType': 1}
2020-10-09 15:09:22,456 - root - INFO : 响应消息: {'traceId': '790c680b76764641a44d4eed642a02d5', 'status': '0', 'msg': 'success', 'data': {'totalItem': 1, 'list': [{'id': 13398, 'oldProgramId': None, 'no': '1000000857995051', 'name': '自动化计划93149990', 'type': 1, 'programName': None, 'subjectName': 'Python', 'subjectId': 282, 'channelName': '微信', 'channelId': 6, 'isImport': None, 'position': None, 'keyword': None, 'areaId': None, 'areaName': None, 'remark': None, 'isNeedCaptch': None, 'state': None, 'adMainId': None, 'channelAgencyAccountId': None, 'accountCode': None, 'adMainAccount': None, 'thirdUrl': None, 'allocInstType': 1, 'receiveDeptId': None, 'receiveDeptIdChain': None, 'isHide': 0, 'isTest': 0, 'creatorDeptId': 8009, 'creatorName': '自动化专用-勿动', 'createTime': 1602227364000, 'putMode': 1, 'updateState': 1}]}}
2020-10-09 15:09:22,457 - root - INFO : 提取变量: [ channelId: 6 ]
2020-10-09 15:09:22,457 - root - INFO : 提取变量: [ putMode: 1 ]
2020-10-09 15:09:22,457 - root - INFO : 提取变量: [ adName: 自动化计划93149990 ]
2020-10-09 15:09:22,457 - root - INFO : 提取变量: [ adId: 13398 ]
2020-10-09 15:09:22,458 - root - INFO : 提取变量: [ type: 1 ]
2020-10-09 15:09:22,458 - root - INFO : 校验类型: [-status], 结果: [Passed], 预期: [0]
2020-10-09 15:09:22,458 - root - INFO : 校验类型: [-msg], 结果: [Passed], 预期: [success]
2020-10-09 15:09:22,458 - root - INFO : 校验类型: [-in]  结果: [Passed]  预期: [name]
2020-10-09 15:09:22,458 - root - INFO :  = = =  = = =  = = =  = = =  = = =  = = =  = = =  = = = 分割线 = = =  = = =  = = =  = = =  = = =  = = =  = = =  = = = 
2020-10-09 15:09:22,458 - root - INFO : 正在执行Function: creativity_save
2020-10-09 15:09:22,458 - root - INFO : 描述信息: 【银河/广告/广告计划】新建广告创意
2020-10-09 15:09:22,458 - root - INFO : 请求地址: https://galaxy-api-fat.shiguangkey.com/api/galaxy/creativity/save
2020-10-09 15:09:22,458 - root - INFO : 请求方法: [- POST -]
2020-10-09 15:09:22,458 - root - INFO : 请求头部: {'content-type': 'application/x-www-form-urlencoded', 'token': '0x775fb60712f1fa187cc4589af1010a'}
2020-10-09 15:09:22,458 - root - INFO : 请求正文: {'name': '自动化创意49846089', 'gatherType': 1, 'isNeedCaptch': 1, 'position': 1, 'type': '1', 'putMode': '1', 'channelId': '6', 'programId': '13398', 'programName': '自动化计划93149990'}
2020-10-09 15:09:22,695 - root - INFO : 响应消息: {'traceId': '651114127a2b451497624c86fe85eeb7', 'status': '0', 'msg': 'success', 'data': {}}
2020-10-09 15:09:22,695 - root - INFO : 校验类型: [-status], 结果: [Passed], 预期: [0]
2020-10-09 15:09:22,695 - root - INFO : 校验类型: [-msg], 结果: [Passed], 预期: [success]
2020-10-09 15:09:22,695 - root - INFO :  = = =  = = =  = = =  = = =  = = =  = = =  = = =  = = = 分割线 = = =  = = =  = = =  = = =  = = =  = = =  = = =  = = = 
2020-10-09 15:09:22,695 - root - INFO : 正在执行Function: creativity_pageList
2020-10-09 15:09:22,695 - root - INFO : 描述信息: 【银河/广告/广告创意】查询广告创意
2020-10-09 15:09:22,695 - root - INFO : 请求地址: https://galaxy-api-fat.shiguangkey.com/api/galaxy/creativity/pageList
2020-10-09 15:09:22,695 - root - INFO : 请求方法: [- POST -]
2020-10-09 15:09:22,695 - root - INFO : 请求头部: {'content-type': 'application/x-www-form-urlencoded', 'token': '0x775fb60712f1fa187cc4589af1010a'}
2020-10-09 15:09:22,696 - root - INFO : 请求正文: {'gatherType': 1, 'programId': '13398', 'isHide': 0, 'pageIndex': 1, 'pageSize': 20}
2020-10-09 15:09:23,031 - root - INFO : 响应消息: {'traceId': 'b089341ee5104fd7a495674c0823b8bb', 'status': '0', 'msg': 'success', 'data': {'totalItem': 1, 'list': [{'id': 113033, 'oldCreativityId': None, 'oldProgramId': None, 'no': '60e64d5977c34051b856d41dcf3a9057', 'name': '自动化创意49846089', 'programName': '自动化计划93149990', 'subjectName': 'Python', 'subjectId': 282, 'channelName': '微信', 'channelId': 6, 'isImport': 0, 'position': '1', 'keyword': None, 'areaId': None, 'areaName': None, 'creatorName': '自动化专用-勿动', 'createTime': 1602227365000, 'remark': None, 'isNeedCaptch': 1, 'state': 2, 'adMainId': None, 'channelAgencyAccountId': None, 'accountCode': None, 'adMainAccount': None, 'thirdUrl': None, 'allocInstType': 1, 'receiveDeptId': None, 'receiveDeptIdChain': None, 'isHide': 0, 'isTest': 0, 'creatorDeptId': 8009, 'vector': None, 'customerVectorValue': None, 'followerName': None, 'followerTanzkAccount': None, 'putMode': 1, 'receptionistId': None, 'receptionistName': None, 'receptionistTanzkAccount': None, 'receptionistDeptId': None, 'receptionistDeptIdChain': None, 'creatorDeptIdChain': '1001-8006-8007-8008-8009', 'updateState': 1, 'type': 1, 'programId': 13398, 'promotionTerminal': 1, 'vectorType': None, 'channelQrCode': None, 'channelNumber': None, 'companyWechatId': None, 'vectorId': None, 'vectorName': None}]}}
2020-10-09 15:09:23,032 - root - INFO : 提取变量: [ creativityId: 113033 ]
2020-10-09 15:09:23,032 - root - INFO : 提取变量: [ creativityName: 自动化创意49846089 ]
2020-10-09 15:09:23,032 - root - INFO : 提取变量: [ creativityNo: 60e64d5977c34051b856d41dcf3a9057 ]
2020-10-09 15:09:23,032 - root - INFO : 校验类型: [-status], 结果: [Passed], 预期: [0]
2020-10-09 15:09:23,032 - root - INFO : 校验类型: [-msg], 结果: [Passed], 预期: [success]
2020-10-09 15:09:23,032 - root - INFO :  = = =  = = =  = = =  = = =  = = =  = = =  = = =  = = = 分割线 = = =  = = =  = = =  = = =  = = =  = = =  = = =  = = = 
2020-10-09 15:09:24,344 - root - INFO : 描述信息: 【潭州平台】获取登录用户 token
2020-10-09 15:09:24,345 - root - INFO : 请求地址: https://open-fat.shiguangkey.com/api/udb/workwechat/auth/login
2020-10-09 15:09:24,345 - root - INFO : 请求方法: [- POST -]
2020-10-09 15:09:24,345 - root - INFO : 请求头部: {'content-type': 'application/x-www-form-urlencoded', 'terminaltype': '4'}
2020-10-09 15:09:24,345 - root - INFO : 请求正文: {'account': 't0384223793', 'password': '4QrcOUm6Wau+VuBX8g+IPg'}
2020-10-09 15:09:24,484 - root - INFO : 响应消息: {'traceId': '709ddd690527475082a860d884815522', 'status': '0', 'msg': 'success', 'data': {'user': {'uid': 19862099, 'mobile': '', 'account': '', 'nickname': '日常的阿魏', 'headImg': 'https://res.shiguangkey.com/res/images/default.png', 'openId': '', 'newRegister': False, 'needBindPhone': False, 'showAccountList': False}, 'token': '0x77f9780712f1253cda74f6c9329d14'}}
2020-10-09 15:09:24,485 - root - INFO : 提取变量: [ pttoken: 0x77f9780712f1253cda74f6c9329d14 ]
2020-10-09 15:09:24,485 - root - INFO : 校验类型: [-status], 结果: [Passed], 预期: [0]
2020-10-09 15:09:24,485 - root - INFO : 校验类型: [-msg], 结果: [Passed], 预期: [success]
2020-10-09 15:09:24,485 - root - INFO :  = = =  = = =  = = =  = = =  = = =  = = =  = = =  = = = 分割线 = = =  = = =  = = =  = = =  = = =  = = =  = = =  = = = 
2020-10-09 15:09:24,485 - root - INFO : 正在执行Function: ad_plan
2020-10-09 15:09:24,485 - root - INFO : 正在执行Function: program_info_save
2020-10-09 15:09:24,485 - root - INFO : 描述信息: 【银河/广告/广告计划】新增广告计划
2020-10-09 15:09:24,485 - root - INFO : 请求地址: https://galaxy-api-fat.shiguangkey.com/api/galaxy/program/info/save
2020-10-09 15:09:24,485 - root - INFO : 请求方法: [- POST -]
2020-10-09 15:09:24,485 - root - INFO : 请求头部: {'content-type': 'application/json', 'token': '0x775fb60712f1fa187cc4589af1010a'}
2020-10-09 15:09:24,485 - root - INFO : 请求正文: {'channelId': 6, 'name': '自动化计划38147364', 'subjectId': 282, 'subjectName': 'Python', 'isTest': 0, 'putMode': 1, 'type': 1, 'gatherType': 1, 'allocInstType': 1, 'channelName': '微信'}
2020-10-09 15:09:24,718 - root - INFO : 响应消息: {'traceId': 'f47347a9ee1d48948ba23458c469a752', 'status': '0', 'msg': 'success', 'data': {}}
2020-10-09 15:09:24,718 - root - INFO : 校验类型: [-status], 结果: [Passed], 预期: [0]
2020-10-09 15:09:24,719 - root - INFO : 校验类型: [-msg], 结果: [Passed], 预期: [success]
2020-10-09 15:09:24,719 - root - INFO :  = = =  = = =  = = =  = = =  = = =  = = =  = = =  = = = 分割线 = = =  = = =  = = =  = = =  = = =  = = =  = = =  = = = 
2020-10-09 15:09:24,719 - root - INFO : 正在执行Function: program_pageList
2020-10-09 15:09:24,719 - root - INFO : 描述信息: 【银河/广告/广告计划】查询广告计划
2020-10-09 15:09:24,719 - root - INFO : 请求地址: https://galaxy-api-fat.shiguangkey.com/api/galaxy/program/pageList
2020-10-09 15:09:24,719 - root - INFO : 请求方法: [- POST -]
2020-10-09 15:09:24,719 - root - INFO : 请求头部: {'content-type': 'application/x-www-form-urlencoded', 'token': '0x775fb60712f1fa187cc4589af1010a'}
2020-10-09 15:09:24,719 - root - INFO : 请求正文: {'name': '自动化计划38147364', 'isHide': 0, 'pageIndex': 1, 'pageSize': 20, 'gatherType': 1, 'putMode': 1, 'allocInstType': 1}
2020-10-09 15:09:25,058 - root - INFO : 响应消息: {'traceId': 'aa07df85990d4f808b80d0e14e60a129', 'status': '0', 'msg': 'success', 'data': {'totalItem': 1, 'list': [{'id': 13399, 'oldProgramId': None, 'no': '1000001116036487', 'name': '自动化计划38147364', 'type': 1, 'programName': None, 'subjectName': 'Python', 'subjectId': 282, 'channelName': '微信', 'channelId': 6, 'isImport': None, 'position': None, 'keyword': None, 'areaId': None, 'areaName': None, 'remark': None, 'isNeedCaptch': None, 'state': None, 'adMainId': None, 'channelAgencyAccountId': None, 'accountCode': None, 'adMainAccount': None, 'thirdUrl': None, 'allocInstType': 1, 'receiveDeptId': None, 'receiveDeptIdChain': None, 'isHide': 0, 'isTest': 0, 'creatorDeptId': 8009, 'creatorName': '自动化专用-勿动', 'createTime': 1602227367000, 'putMode': 1, 'updateState': 1}]}}
2020-10-09 15:09:25,058 - root - INFO : 提取变量: [ channelId: 6 ]
2020-10-09 15:09:25,059 - root - INFO : 提取变量: [ putMode: 1 ]
2020-10-09 15:09:25,059 - root - INFO : 提取变量: [ adName: 自动化计划38147364 ]
2020-10-09 15:09:25,059 - root - INFO : 提取变量: [ adId: 13399 ]
2020-10-09 15:09:25,060 - root - INFO : 提取变量: [ type: 1 ]
2020-10-09 15:09:25,060 - root - INFO : 校验类型: [-status], 结果: [Passed], 预期: [0]
2020-10-09 15:09:25,060 - root - INFO : 校验类型: [-msg], 结果: [Passed], 预期: [success]
2020-10-09 15:09:25,060 - root - INFO : 校验类型: [-in]  结果: [Passed]  预期: [name]
2020-10-09 15:09:25,060 - root - INFO :  = = =  = = =  = = =  = = =  = = =  = = =  = = =  = = = 分割线 = = =  = = =  = = =  = = =  = = =  = = =  = = =  = = = 
2020-10-09 15:09:25,060 - root - INFO : 正在执行Function: creativity_save
2020-10-09 15:09:25,060 - root - INFO : 描述信息: 【银河/广告/广告计划】新建广告创意
2020-10-09 15:09:25,060 - root - INFO : 请求地址: https://galaxy-api-fat.shiguangkey.com/api/galaxy/creativity/save
2020-10-09 15:09:25,060 - root - INFO : 请求方法: [- POST -]
2020-10-09 15:09:25,060 - root - INFO : 请求头部: {'content-type': 'application/x-www-form-urlencoded', 'token': '0x775fb60712f1fa187cc4589af1010a'}
2020-10-09 15:09:25,060 - root - INFO : 请求正文: {'name': '$<ideaName>', 'gatherType': 1, 'isNeedCaptch': 1, 'position': 1, 'type': '$<type>', 'putMode': '$<putMode>', 'channelId': '$<channelId>', 'programId': '$<adId>', 'programName': '$<adName>'}
2020-10-09 15:09:25,231 - root - INFO : 响应消息: {'traceId': '822d95c3de9f44e9890bb85399526763', 'status': '999999910', 'msg': '参数校验不通过', 'data': {}}
