2020-09-03 15:41:12,332 - root - INFO : 描述信息: 【潭州平台】获取登录用户 token
2020-09-03 15:41:12,332 - root - INFO : 请求地址: https://open-fat.shiguangkey.com/api/udb/workwechat/auth/login
2020-09-03 15:41:12,332 - root - INFO : 请求方法: [- POST -]
2020-09-03 15:41:12,332 - root - INFO : 请求头部: {'content-type': 'application/x-www-form-urlencoded', 'terminaltype': '4', 'user-agent': 'Mozilla/5.0 (Windows NT 10.0; Win64; x64) AppleWebKit/537.36 (KHTML, like Gecko) Chrome/80.0.3987.106 Safari/537.36', 'Connection': 'close', 'keep-alive': 'False'}
2020-09-03 15:41:12,333 - root - INFO : 请求正文: {'account': 't0384223793', 'password': '4QrcOUm6Wau+VuBX8g+IPg'}
2020-09-03 15:41:12,467 - root - INFO : 响应消息: {'traceId': '3a32d55338c747ab95c95d35b40539f0', 'status': '0', 'msg': 'success', 'data': {'user': {'uid': 19862099, 'mobile': '', 'account': '', 'nickname': '日常的阿魏', 'headImg': 'https://res.shiguangkey.com/res/images/default.png', 'openId': '', 'newRegister': False, 'needBindPhone': False, 'showAccountList': False}, 'token': '0x77e9610712f1253e8db467b8995510'}}
2020-09-03 15:41:12,467 - root - INFO : 提取变量: [ pttoken: 0x77e9610712f1253e8db467b8995510 ]
2020-09-03 15:41:12,467 - root - INFO : 校验类型: [-status], 结果: [Passed], 预期: [0]
2020-09-03 15:41:12,467 - root - INFO : 校验类型: [-msg], 结果: [Passed], 预期: [success]
2020-09-03 15:41:12,467 - root - INFO :  = = =  = = =  = = =  = = =  = = =  = = =  = = =  = = = 分割线 = = =  = = =  = = =  = = =  = = =  = = =  = = =  = = = 
2020-09-03 15:41:12,474 - root - INFO : 描述信息: 【潭州平台】获取登录用户 token
2020-09-03 15:41:12,474 - root - INFO : 请求地址: https://open-fat.shiguangkey.com/api/udb/workwechat/auth/login
2020-09-03 15:41:12,474 - root - INFO : 请求方法: [- POST -]
2020-09-03 15:41:12,474 - root - INFO : 请求头部: {'content-type': 'application/x-www-form-urlencoded', 'terminaltype': '4', 'user-agent': 'Mozilla/5.0 (Windows NT 10.0; Win64; x64) AppleWebKit/537.36 (KHTML, like Gecko) Chrome/80.0.3987.106 Safari/537.36', 'Connection': 'close', 'keep-alive': 'False'}
2020-09-03 15:41:12,474 - root - INFO : 请求正文: {'account': 't0384223793', 'password': '4QrcOUm6Wau+VuBX8g+IPg'}
2020-09-03 15:41:12,619 - root - INFO : 响应消息: {'traceId': '138a11215dfd48408caff69310d60600', 'status': '0', 'msg': 'success', 'data': {'user': {'uid': 19862099, 'mobile': '', 'account': '', 'nickname': '日常的阿魏', 'headImg': 'https://res.shiguangkey.com/res/images/default.png', 'openId': '', 'newRegister': False, 'needBindPhone': False, 'showAccountList': False}, 'token': '0x770c1f0712f125351ee49abb986909'}}
2020-09-03 15:41:12,620 - root - INFO : 提取变量: [ pttoken: 0x770c1f0712f125351ee49abb986909 ]
2020-09-03 15:41:12,620 - root - INFO : 校验类型: [-status], 结果: [Passed], 预期: [0]
2020-09-03 15:41:12,620 - root - INFO : 校验类型: [-msg], 结果: [Passed], 预期: [success]
2020-09-03 15:41:12,620 - root - INFO :  = = =  = = =  = = =  = = =  = = =  = = =  = = =  = = = 分割线 = = =  = = =  = = =  = = =  = = =  = = =  = = =  = = = 
2020-09-03 15:41:12,632 - root - INFO : 描述信息: 【潭州平台】获取登录用户 token
2020-09-03 15:41:12,632 - root - INFO : 请求地址: https://open-fat.shiguangkey.com/api/udb/workwechat/auth/login
2020-09-03 15:41:12,632 - root - INFO : 请求方法: [- POST -]
2020-09-03 15:41:12,632 - root - INFO : 请求头部: {'content-type': 'application/x-www-form-urlencoded', 'terminaltype': '4', 'user-agent': 'Mozilla/5.0 (Windows NT 10.0; Win64; x64) AppleWebKit/537.36 (KHTML, like Gecko) Chrome/80.0.3987.106 Safari/537.36', 'Connection': 'close', 'keep-alive': 'False'}
2020-09-03 15:41:12,632 - root - INFO : 请求正文: {'account': 't0384223793', 'password': '4QrcOUm6Wau+VuBX8g+IPg'}
2020-09-03 15:41:12,768 - root - INFO : 响应消息: {'traceId': '8842e1757a494d489ff561b17e1c1bda', 'status': '0', 'msg': 'success', 'data': {'user': {'uid': 19862099, 'mobile': '', 'account': '', 'nickname': '日常的阿魏', 'headImg': 'https://res.shiguangkey.com/res/images/default.png', 'openId': '', 'newRegister': False, 'needBindPhone': False, 'showAccountList': False}, 'token': '0x778b490712f12530976455e82d03cf'}}
2020-09-03 15:41:12,768 - root - INFO : 提取变量: [ pttoken: 0x778b490712f12530976455e82d03cf ]
2020-09-03 15:41:12,768 - root - INFO : 校验类型: [-status], 结果: [Passed], 预期: [0]
2020-09-03 15:41:12,768 - root - INFO : 校验类型: [-msg], 结果: [Passed], 预期: [success]
2020-09-03 15:41:12,768 - root - INFO :  = = =  = = =  = = =  = = =  = = =  = = =  = = =  = = = 分割线 = = =  = = =  = = =  = = =  = = =  = = =  = = =  = = = 
2020-09-03 15:41:12,771 - root - INFO : 当前运行Case: test_update_flow_cost_mgt_gather
2020-09-03 15:41:12,771 - root - INFO : 正在执行Function: test_update_flow_cost_mgt_gather
2020-09-03 15:41:12,772 - root - INFO : 正在执行Function: flow_cost_mgt_save
2020-09-03 15:41:12,772 - root - INFO : 描述信息: 【预算/流量成本管理/新增流量成本】
2020-09-03 15:41:12,772 - root - INFO : 请求地址: https://galaxy-api-fat.shiguangkey.com/api/galaxy/flow/cost/manage/save
2020-09-03 15:41:12,772 - root - INFO : 请求方法: [- POST -]
2020-09-03 15:41:12,772 - root - INFO : 请求头部: {'content-type': 'application/x-www-form-urlencoded', 'token': '0x778b490712f12530976455e82d03cf', 'x-dept-id-chain': '1001-8006-8007-8008-8009', 'user-agent': 'Mozilla/5.0 (Windows NT 10.0; Win64; x64) AppleWebKit/537.36 (KHTML, like Gecko) Chrome/80.0.3987.106 Safari/537.36', 'Connection': 'close', 'keep-alive': 'False'}
2020-09-03 15:41:12,772 - root - INFO : 请求正文: {'costMonth': 1601481600000, 'promotionerDeptIdChain': '1001-8006-8007-8008-8009', 'subjectId': '495', 'channelId': 4, 'gatherType': 1, 'putMode': 1, 'lastMonthLaunchNumber': 10000, 'lastMonthCashConsume': 1000, 'lastMonthSupplyTotal': 10000, 'lastMonthCost': 100, 'lastMonthDayAverageSupply': 1600, 'sameMonthDayAverageSupply': 10000, 'sameMonthDayAverageIncrement': 100, 'sameMonthCost': 1000, 'sameMonthDayConsume': 100, 'sameMonthSupply': 10000, 'sameMonthCashConsume': 1000, 'promotionerDeptName': '潭州教育>自动化测试分公司--勿动>自动化测试群--勿动>自动化测试事业部>自动化测试院', 'subjectName': '形象设计', 'channelName': '知乎'}
2020-09-03 15:41:13,019 - root - INFO : 响应消息: {'traceId': '2de7965eaee44b58acd05549d530f977', 'status': '110111002', 'msg': '已有同维度数据', 'data': {}}
