2020-10-09 10:04:30,153 - root - INFO : 描述信息: 【潭州平台】获取登录用户 token
2020-10-09 10:04:30,153 - root - INFO : 请求地址: https://open-fat.shiguangkey.com/api/udb/workwechat/auth/login
2020-10-09 10:04:30,154 - root - INFO : 请求方法: [- POST -]
2020-10-09 10:04:30,154 - root - INFO : 请求头部: {'content-type': 'application/x-www-form-urlencoded', 'terminaltype': '4'}
2020-10-09 10:04:30,154 - root - INFO : 请求正文: {'account': 't0384223793', 'password': '4QrcOUm6Wau+VuBX8g+IPg'}
2020-10-09 10:04:30,309 - root - INFO : 响应消息: {'traceId': 'aa413f084e59443cb9d1aae44f731827', 'status': '0', 'msg': 'success', 'data': {'user': {'uid': 19862099, 'mobile': '', 'account': '', 'nickname': '日常的阿魏', 'headImg': 'https://res.shiguangkey.com/res/images/default.png', 'openId': '', 'newRegister': False, 'needBindPhone': False, 'showAccountList': False}, 'token': '0x7730250712f1253b65f4bb282fb3af'}}
2020-10-09 10:04:30,310 - root - INFO : 提取变量: [ pttoken: 0x7730250712f1253b65f4bb282fb3af ]
2020-10-09 10:04:30,310 - root - INFO : 校验类型: [-status], 结果: [Passed], 预期: [0]
2020-10-09 10:04:30,310 - root - INFO : 校验类型: [-msg], 结果: [Passed], 预期: [success]
2020-10-09 10:04:30,310 - root - INFO :  = = =  = = =  = = =  = = =  = = =  = = =  = = =  = = = 分割线 = = =  = = =  = = =  = = =  = = =  = = =  = = =  = = = 
2020-10-09 10:04:30,310 - root - INFO : 正在执行Function: ad_plan
2020-10-09 10:04:30,310 - root - INFO : 正在执行Function: program_info_save
2020-10-09 10:04:30,310 - root - INFO : 描述信息: 【银河/广告/广告计划】新增广告计划
2020-10-09 10:04:30,311 - root - INFO : 请求地址: https://galaxy-api-fat.shiguangkey.com/api/galaxy/program/info/save
2020-10-09 10:04:30,311 - root - INFO : 请求方法: [- POST -]
2020-10-09 10:04:30,311 - root - INFO : 请求头部: {'content-type': 'application/json', 'token': '0x7730250712f1253b65f4bb282fb3af'}
2020-10-09 10:04:30,311 - root - INFO : 请求正文: {'channelId': 6, 'name': '自动化计划65956052', 'subjectId': 282, 'subjectName': 'Python', 'isTest': 0, 'putMode': 1, 'type': 1, 'gatherType': 1, 'allocInstType': 1, 'channelName': '微信'}
2020-10-09 10:04:30,552 - root - INFO : 响应消息: {'traceId': '0e30ec585d2a47dfa48ea81f16888d81', 'status': '0', 'msg': 'success', 'data': {}}
2020-10-09 10:04:30,552 - root - INFO : 校验类型: [-status], 结果: [Passed], 预期: [0]
2020-10-09 10:04:30,552 - root - INFO : 校验类型: [-msg], 结果: [Passed], 预期: [success]
2020-10-09 10:04:30,552 - root - INFO :  = = =  = = =  = = =  = = =  = = =  = = =  = = =  = = = 分割线 = = =  = = =  = = =  = = =  = = =  = = =  = = =  = = = 
2020-10-09 10:04:30,552 - root - INFO : 正在执行Function: program_pageList
2020-10-09 10:04:30,552 - root - INFO : 描述信息: 【银河/广告/广告计划】查询广告计划
2020-10-09 10:04:30,552 - root - INFO : 请求地址: https://galaxy-api-fat.shiguangkey.com/api/galaxy/program/pageList
2020-10-09 10:04:30,552 - root - INFO : 请求方法: [- POST -]
2020-10-09 10:04:30,552 - root - INFO : 请求头部: {'content-type': 'application/x-www-form-urlencoded', 'token': '0x7730250712f1253b65f4bb282fb3af'}
2020-10-09 10:04:30,552 - root - INFO : 请求正文: {'name': '自动化计划65956052', 'isHide': 0, 'pageIndex': 1, 'pageSize': 20, 'gatherType': 1, 'putMode': 1, 'allocInstType': 1}
2020-10-09 10:04:30,868 - root - INFO : 响应消息: {'traceId': '3ea83a97526c4de9b518d6b94513389e', 'status': '0', 'msg': 'success', 'data': {'totalItem': 1, 'list': [{'id': 13362, 'oldProgramId': None, 'no': '1000001319912841', 'name': '自动化计划65956052', 'type': 1, 'programName': None, 'subjectName': 'Python', 'subjectId': 282, 'channelName': '微信', 'channelId': 6, 'isImport': None, 'position': None, 'keyword': None, 'areaId': None, 'areaName': None, 'remark': None, 'isNeedCaptch': None, 'state': None, 'adMainId': None, 'channelAgencyAccountId': None, 'accountCode': None, 'adMainAccount': None, 'thirdUrl': None, 'allocInstType': 1, 'receiveDeptId': None, 'receiveDeptIdChain': None, 'isHide': 0, 'isTest': 0, 'creatorDeptId': 8009, 'creatorName': '日常的阿魏', 'createTime': 1602209072000, 'putMode': 1, 'updateState': 1}]}}
2020-10-09 10:04:30,869 - root - INFO : 提取变量: [ channelId: 6 ]
2020-10-09 10:04:30,869 - root - INFO : 提取变量: [ putMode: 1 ]
2020-10-09 10:04:30,869 - root - INFO : 提取变量: [ adName: 自动化计划65956052 ]
2020-10-09 10:04:30,869 - root - INFO : 提取变量: [ adId: 13362 ]
2020-10-09 10:04:30,870 - root - INFO : 提取变量: [ type: 1 ]
2020-10-09 10:04:30,870 - root - INFO : 校验类型: [-status], 结果: [Passed], 预期: [0]
2020-10-09 10:04:30,870 - root - INFO : 校验类型: [-msg], 结果: [Passed], 预期: [success]
2020-10-09 10:04:30,870 - root - INFO : 校验类型: [-in]  结果: [Passed]  预期: [name]
2020-10-09 10:04:30,870 - root - INFO :  = = =  = = =  = = =  = = =  = = =  = = =  = = =  = = = 分割线 = = =  = = =  = = =  = = =  = = =  = = =  = = =  = = = 
2020-10-09 10:04:30,870 - root - INFO : 正在执行Function: create_creativity
2020-10-09 10:04:30,870 - root - INFO : 正在执行Function: creativity_save
2020-10-09 10:04:30,870 - root - INFO : 描述信息: 【银河/广告/广告计划】新建广告创意
2020-10-09 10:04:30,870 - root - INFO : 请求地址: https://galaxy-api-fat.shiguangkey.com/api/galaxy/creativity/save
2020-10-09 10:04:30,870 - root - INFO : 请求方法: [- POST -]
2020-10-09 10:04:30,870 - root - INFO : 请求头部: {'content-type': 'application/x-www-form-urlencoded', 'token': '0x7730250712f1253b65f4bb282fb3af'}
2020-10-09 10:04:30,870 - root - INFO : 请求正文: {'name': '自动化创意19884042', 'gatherType': 1, 'isNeedCaptch': 1, 'position': 1, 'type': '1', 'putMode': '1', 'channelId': '6', 'programId': '13362', 'programName': '自动化计划65956052'}
2020-10-09 10:04:31,098 - root - INFO : 响应消息: {'traceId': '0b7322ec5eba46869e644ec3cf8c094e', 'status': '0', 'msg': 'success', 'data': {}}
2020-10-09 10:04:31,098 - root - INFO : 校验类型: [-status], 结果: [Passed], 预期: [0]
2020-10-09 10:04:31,098 - root - INFO : 校验类型: [-msg], 结果: [Passed], 预期: [success]
2020-10-09 10:04:31,098 - root - INFO :  = = =  = = =  = = =  = = =  = = =  = = =  = = =  = = = 分割线 = = =  = = =  = = =  = = =  = = =  = = =  = = =  = = = 
2020-10-09 10:04:31,098 - root - INFO : 正在执行Function: creativity_pageList
2020-10-09 10:04:31,098 - root - INFO : 描述信息: 【银河/广告/广告创意】查询广告创意
2020-10-09 10:04:31,098 - root - INFO : 请求地址: https://galaxy-api-fat.shiguangkey.com/api/galaxy/creativity/pageList
2020-10-09 10:04:31,098 - root - INFO : 请求方法: [- POST -]
2020-10-09 10:04:31,099 - root - INFO : 请求头部: {'content-type': 'application/x-www-form-urlencoded', 'token': '0x7752400712ef2ecd2d946989b9147b'}
2020-10-09 10:04:31,099 - root - INFO : 请求正文: {'gatherType': 1, 'programId': '13362', 'isHide': 0, 'pageIndex': 1, 'pageSize': 20}
2020-10-09 10:04:31,247 - root - INFO : 响应消息: {'traceId': '656f0ca6cd2b49909e2edc75caf0e950', 'status': '110107001', 'msg': '账号未登录', 'data': {}}
