2020-09-02 16:52:37,605 - root - INFO : 描述信息: 【潭州平台】获取登录用户 token
2020-09-02 16:52:37,605 - root - INFO : 请求地址: https://open-fat.shiguangkey.com/api/udb/workwechat/auth/login
2020-09-02 16:52:37,605 - root - INFO : 请求方法: [- POST -]
2020-09-02 16:52:37,605 - root - INFO : 请求头部: {'content-type': 'application/x-www-form-urlencoded', 'terminaltype': '4', 'user-agent': 'Mozilla/5.0 (Windows NT 10.0; Win64; x64) AppleWebKit/537.36 (KHTML, like Gecko) Chrome/80.0.3987.106 Safari/537.36', 'Connection': 'close', 'keep-alive': 'False'}
2020-09-02 16:52:37,606 - root - INFO : 请求正文: {'account': 't0384223793', 'password': '4QrcOUm6Wau+VuBX8g+IPg'}
2020-09-02 16:52:37,768 - root - INFO : 响应消息: {'traceId': 'ebca79d13064410fa0c44380916a017c', 'status': '0', 'msg': 'success', 'data': {'user': {'uid': 19862099, 'mobile': '', 'account': '', 'nickname': '日常的阿魏', 'headImg': 'https://res.shiguangkey.com/res/images/default.png', 'openId': '', 'newRegister': False, 'needBindPhone': False, 'showAccountList': False}, 'token': '0x77b6dd0712f1253193e4a8fb8d7dab'}}
2020-09-02 16:52:37,770 - root - INFO : 提取变量: [ pttoken: 0x77b6dd0712f1253193e4a8fb8d7dab ]
2020-09-02 16:52:37,770 - root - INFO : 校验类型: [-status], 结果: [Passed], 预期: [0]
2020-09-02 16:52:37,770 - root - INFO : 校验类型: [-msg], 结果: [Passed], 预期: [success]
2020-09-02 16:52:37,770 - root - INFO :  = = =  = = =  = = =  = = =  = = =  = = =  = = =  = = = 分割线 = = =  = = =  = = =  = = =  = = =  = = =  = = =  = = = 
2020-09-02 16:52:37,777 - root - INFO : 当前运行Case: test_add_flow_cost_mgt_mobile
2020-09-02 16:52:37,777 - root - INFO : 正在执行Function: test_add_flow_cost_mgt_mobile
2020-09-02 16:52:37,778 - root - INFO : 正在执行Function: flow_cost_mgt_save
2020-09-02 16:52:37,778 - root - INFO : 描述信息: 【预算/流量成本管理/新增流量成本】手机流量成本-普通投放模式
2020-09-02 16:52:37,778 - root - INFO : 请求地址: https://galaxy-api-fat.shiguangkey.com/api/galaxy/flow/cost/manage/save
2020-09-02 16:52:37,778 - root - INFO : 请求方法: [- POST -]
2020-09-02 16:52:37,778 - root - INFO : 请求头部: {'content-type': 'application/x-www-form-urlencoded', 'token': '0x77b6dd0712f1253193e4a8fb8d7dab', 'x-dept-id-chain': '1001-8006-8007-8008-8009', 'user-agent': 'Mozilla/5.0 (Windows NT 10.0; Win64; x64) AppleWebKit/537.36 (KHTML, like Gecko) Chrome/80.0.3987.106 Safari/537.36', 'Connection': 'close', 'keep-alive': 'False'}
2020-09-02 16:52:37,778 - root - INFO : 请求正文: {'costMonth': 1598889600000, 'promotionerDeptIdChain': '1001-8006-8007-8008-8009', 'subjectId': 277, 'channelId': 3, 'gatherType': 1, 'putMode': 1, 'lastMonthLaunchNumber': 10000, 'lastMonthCashConsume': 1000, 'lastMonthSupplyTotal': 10000, 'lastMonthCost': 100, 'lastMonthDayAverageSupply': 1600, 'sameMonthDayAverageSupply': 10000, 'sameMonthDayAverageIncrement': 100, 'sameMonthCost': 1000, 'sameMonthDayConsume': 100, 'sameMonthSupply': 10000, 'sameMonthCashConsume': 1000, 'promotionerDeptName': '潭州教育>自动化测试分公司--勿动>自动化测试群--勿动>自动化测试事业部>自动化测试院', 'subjectName': 'C', 'channelName': '哔哩哔哩'}
2020-09-02 16:52:38,091 - root - INFO : 响应消息: {'traceId': 'c406eba620cc462bbbe0c82de56fd75f', 'status': '110111002', 'msg': '已有同维度数据', 'data': {}}
2020-09-02 16:52:38,129 - root - INFO : 当前运行Case: test_add_flow_cost_mgt_wx
2020-09-02 16:52:38,129 - root - INFO : 正在执行Function: test_add_flow_cost_mgt_wx
2020-09-02 16:52:38,129 - root - INFO : 正在执行Function: flow_cost_mgt_save
2020-09-02 16:52:38,129 - root - INFO : 描述信息: 【预算/流量成本管理/新增流量成本】手机流量成本-普通投放模式
2020-09-02 16:52:38,129 - root - INFO : 请求地址: https://galaxy-api-fat.shiguangkey.com/api/galaxy/flow/cost/manage/save
2020-09-02 16:52:38,129 - root - INFO : 请求方法: [- POST -]
2020-09-02 16:52:38,129 - root - INFO : 请求头部: {'content-type': 'application/x-www-form-urlencoded', 'token': '0x77b6dd0712f1253193e4a8fb8d7dab', 'x-dept-id-chain': '1001-8006-8007-8008-8009', 'user-agent': 'Mozilla/5.0 (Windows NT 10.0; Win64; x64) AppleWebKit/537.36 (KHTML, like Gecko) Chrome/80.0.3987.106 Safari/537.36', 'Connection': 'close', 'keep-alive': 'False'}
2020-09-02 16:52:38,130 - root - INFO : 请求正文: {'costMonth': 1598889600000, 'promotionerDeptIdChain': '1001-8006-8007-8008-8009', 'subjectId': 277, 'channelId': 3, 'gatherType': 3, 'putMode': 1, 'lastMonthLaunchNumber': 10000, 'lastMonthCashConsume': 1000, 'lastMonthSupplyTotal': 10000, 'lastMonthCost': 100, 'lastMonthDayAverageSupply': 1600, 'sameMonthDayAverageSupply': 10000, 'sameMonthDayAverageIncrement': 100, 'sameMonthCost': 1000, 'sameMonthDayConsume': 100, 'sameMonthSupply': 10000, 'sameMonthCashConsume': 1000, 'promotionerDeptName': '潭州教育>自动化测试分公司--勿动>自动化测试群--勿动>自动化测试事业部>自动化测试院', 'subjectName': 'C', 'channelName': '哔哩哔哩'}
2020-09-02 16:52:38,334 - root - INFO : 响应消息: {'traceId': '98185903594c40d499c3eefdc54d62ba', 'status': '110111002', 'msg': '已有同维度数据', 'data': {}}
2020-09-02 16:52:38,364 - root - INFO : 当前运行Case: test_add_flow_cost_mgt_qq
2020-09-02 16:52:38,364 - root - INFO : 正在执行Function: test_add_flow_cost_mgt_qq
2020-09-02 16:52:38,364 - root - INFO : 正在执行Function: flow_cost_mgt_save
2020-09-02 16:52:38,364 - root - INFO : 描述信息: 【预算/流量成本管理/新增流量成本】手机流量成本-普通投放模式
2020-09-02 16:52:38,364 - root - INFO : 请求地址: https://galaxy-api-fat.shiguangkey.com/api/galaxy/flow/cost/manage/save
2020-09-02 16:52:38,364 - root - INFO : 请求方法: [- POST -]
2020-09-02 16:52:38,364 - root - INFO : 请求头部: {'content-type': 'application/x-www-form-urlencoded', 'token': '0x77b6dd0712f1253193e4a8fb8d7dab', 'x-dept-id-chain': '1001-8006-8007-8008-8009', 'user-agent': 'Mozilla/5.0 (Windows NT 10.0; Win64; x64) AppleWebKit/537.36 (KHTML, like Gecko) Chrome/80.0.3987.106 Safari/537.36', 'Connection': 'close', 'keep-alive': 'False'}
2020-09-02 16:52:38,364 - root - INFO : 请求正文: {'costMonth': 1598889600000, 'promotionerDeptIdChain': '1001-8006-8007-8008-8009', 'subjectId': 277, 'channelId': 3, 'gatherType': 2, 'putMode': 1, 'lastMonthLaunchNumber': 10000, 'lastMonthCashConsume': 1000, 'lastMonthSupplyTotal': 10000, 'lastMonthCost': 100, 'lastMonthDayAverageSupply': 1600, 'sameMonthDayAverageSupply': 10000, 'sameMonthDayAverageIncrement': 100, 'sameMonthCost': 1000, 'sameMonthDayConsume': 100, 'sameMonthSupply': 10000, 'sameMonthCashConsume': 1000, 'promotionerDeptName': '潭州教育>自动化测试分公司--勿动>自动化测试群--勿动>自动化测试事业部>自动化测试院', 'subjectName': 'C', 'channelName': '哔哩哔哩'}
2020-09-02 16:52:38,552 - root - INFO : 响应消息: {'traceId': 'f312a8c5a11f4462b45a830010ec135c', 'status': '110111002', 'msg': '已有同维度数据', 'data': {}}
