2020-09-04 10:17:46,873 - root - INFO : 描述信息: 【潭州平台】获取登录用户 token
2020-09-04 10:17:46,873 - root - INFO : 请求地址: https://open-fat.shiguangkey.com/api/udb/workwechat/auth/login
2020-09-04 10:17:46,873 - root - INFO : 请求方法: [- POST -]
2020-09-04 10:17:46,873 - root - INFO : 请求头部: {'content-type': 'application/x-www-form-urlencoded', 'terminaltype': '4', 'user-agent': 'Mozilla/5.0 (Windows NT 10.0; Win64; x64) AppleWebKit/537.36 (KHTML, like Gecko) Chrome/80.0.3987.106 Safari/537.36', 'Connection': 'close', 'keep-alive': 'False'}
2020-09-04 10:17:46,874 - root - INFO : 请求正文: {'account': 't0385252771', 'password': '4QrcOUm6Wau+VuBX8g+IPg'}
2020-09-04 10:17:47,057 - root - INFO : 响应消息: {'traceId': '45504d1037e84c62869b9a016aa5dc17', 'status': '0', 'msg': 'success', 'data': {'user': {'uid': 19861714, 'mobile': '', 'account': '', 'nickname': '精彩的鲀鱼', 'headImg': 'https://res.shiguangkey.com/res/images/default.png', 'openId': '', 'newRegister': False, 'needBindPhone': False, 'showAccountList': False}, 'token': '0x77bf420712f10d2d0024e1e835dab0'}}
2020-09-04 10:17:47,058 - root - INFO : 提取变量: [ pttoken: 0x77bf420712f10d2d0024e1e835dab0 ]
2020-09-04 10:17:47,058 - root - INFO : 校验类型: [-status], 结果: [Passed], 预期: [0]
2020-09-04 10:17:47,058 - root - INFO : 校验类型: [-msg], 结果: [Passed], 预期: [success]
2020-09-04 10:17:47,058 - root - INFO :  = = =  = = =  = = =  = = =  = = =  = = =  = = =  = = = 分割线 = = =  = = =  = = =  = = =  = = =  = = =  = = =  = = = 
2020-09-04 10:17:47,066 - root - INFO : 当前运行Case: test_add_flow_budget
2020-09-04 10:17:47,066 - root - INFO : 正在执行Function: test_add_flow_budget
2020-09-04 10:17:47,067 - root - INFO : 正在执行Function: add_flow_budget
2020-09-04 10:17:47,067 - root - INFO : 描述信息: 【海川/预算管理/流量预算】新增流量预算
2020-09-04 10:17:47,067 - root - INFO : 请求地址: https://ocean-fat.shiguangkey.com/api/stat/budget/traffic/add?organizationId=8009
2020-09-04 10:17:47,067 - root - INFO : 请求方法: [- POST -]
2020-09-04 10:17:47,067 - root - INFO : 请求头部: {'content-type': 'application/json', 'token': '0x77bf420712f10d2d0024e1e835dab0', 'user-agent': 'Mozilla/5.0 (Windows NT 10.0; Win64; x64) AppleWebKit/537.36 (KHTML, like Gecko) Chrome/80.0.3987.106 Safari/537.36', 'Connection': 'close', 'keep-alive': 'False'}
2020-09-04 10:17:47,067 - root - INFO : 请求正文: {'id': '', 'costMonth': '2020-10-01', 'weekNum': 1, 'weekRange': '1-4', 'promotionerDeptId': 8009, 'subjectId': '506', 'putMode': 1, 'gatherType': 1, 'flowCost': '0.00', 'avgCardNum': 1, 'monthEntryNum': 1, 'monthUnCorrectNum': 1, 'monthCorrectNum': 1, 'visitorNum': 3, 'workDay': 1, 'stageCardNum': 3, 'flowExpenditure': 0, 'customerPrice': 1, 'conversionRate': 1, 'signUpNum': 3, 'performance': 3, 'roi': 0, 'applyRemark': '', 'subjectName': 'Photoshop', 'receiveDeptId': '', 'receiveDeptName': '', 'promotionerDeptName': '', 'subjectIdChain': '261-505-506', 'organizationId': 8009}
2020-09-04 10:17:47,349 - root - INFO : 响应消息: {'data': None, 'msg': '该条申请已存在', 'platform': 'ocean-stat-service', 'res': -99999, 'traceId': 'd184d06fea9f9551'}
2020-09-04 10:17:47,432 - root - INFO : 当前运行Case: test_chk_flow_budget
2020-09-04 10:17:47,432 - root - INFO : 正在执行Function: test_chk_flow_budget
2020-09-04 10:17:47,432 - root - INFO : 正在执行Function: qry_flow_budget
2020-09-04 10:17:47,433 - root - INFO : 描述信息: 【海川/预算管理/流量预算】查询流量预算
2020-09-04 10:17:47,433 - root - INFO : 请求地址: https://ocean-fat.shiguangkey.com/api/stat/budget/traffic/pageList?organizationId=8009
2020-09-04 10:17:47,433 - root - INFO : 请求方法: [- POST -]
2020-09-04 10:17:47,433 - root - INFO : 请求头部: {'content-type': 'application/json', 'token': '0x77bf420712f10d2d0024e1e835dab0', 'user-agent': 'Mozilla/5.0 (Windows NT 10.0; Win64; x64) AppleWebKit/537.36 (KHTML, like Gecko) Chrome/80.0.3987.106 Safari/537.36', 'Connection': 'close', 'keep-alive': 'False'}
2020-09-04 10:17:47,433 - root - INFO : 请求正文: {'pageNow': 1, 'pageSize': 20, 'auditState': 1, 'organizationId': [8009], 'deptId': 8009}
2020-09-04 10:17:47,612 - root - INFO : 响应消息: {'data': {'extraData': None, 'list': [{'apply': '精彩的鲀鱼', 'applyRemark': '', 'applyTime': 1599183640000, 'applyUid': 19861714, 'auditState': 1, 'avgCardNum': 1, 'conversionRate': 1.0, 'costMonth': 1601481600000, 'createTime': 1599183640000, 'creatorDeptId': 8009, 'creatorDeptIdChain': '1001', 'creatorId': 19861714, 'creatorName': '精彩的鲀鱼', 'customerPrice': 1.0, 'flowCost': 0.0, 'flowExpenditure': 0.0, 'gatherType': 1, 'id': 39, 'modifierId': 19861714, 'modifierName': '丁聪4', 'modifyTime': 1599183640000, 'monthCorrectNum': 1, 'monthEntryNum': 1, 'monthUnCorrectNum': 1, 'performance': 3.0, 'promotionerDeptId': 8009, 'promotionerDeptIdChain': '1001-8006-8007-8008-8009', 'promotionerDeptName': '潭州教育>自动化测试分公司--勿动>自动化测试群--勿动>自动化测试事业部>自动化测试院', 'putMode': 1, 'receiveDeptId': 8009, 'receiveDeptIdChain': '1001-8006-8007-8008-8009', 'receiveDeptName': '潭州教育>自动化测试分公司--勿动>自动化测试群--勿动>自动化测试事业部>自动化测试院', 'roi': 0.0, 'signUpNum': 3, 'stageCardNum': 3, 'subjectId': 907, 'subjectIdChain': '260-760-907', 'subjectName': '专升本', 'visitorNum': 3, 'weekNum': 1, 'weekRange': '1-4', 'workDay': 1}], 'pageNum': 1, 'pageSize': 20, 'pages': 1, 'sEcho': None, 'size': 1, 'total': 1}, 'msg': None, 'platform': None, 'res': 100, 'traceId': 'c1e15123801225be'}
2020-09-04 10:17:47,612 - root - INFO : 提取变量: [ flow_budget_id: 39 ]
2020-09-04 10:17:47,612 - root - INFO : 校验类型: [-res], 结果: [Passed], 预期: [100]
2020-09-04 10:17:47,612 - root - INFO : 校验类型: [-msg], 结果: [Passed], 预期: [None]
2020-09-04 10:17:47,612 - root - INFO :  = = =  = = =  = = =  = = =  = = =  = = =  = = =  = = = 分割线 = = =  = = =  = = =  = = =  = = =  = = =  = = =  = = = 
2020-09-04 10:17:47,612 - root - INFO : 正在执行Function: chk_flow_budget
2020-09-04 10:17:47,612 - root - INFO : 描述信息: 【海川/预算管理/流量预算】审核流量预算
2020-09-04 10:17:47,613 - root - INFO : 请求地址: https://ocean-fat.shiguangkey.com/api/stat/budget/traffic/audit
2020-09-04 10:17:47,613 - root - INFO : 请求方法: [- GET -]
2020-09-04 10:17:47,613 - root - INFO : 请求头部: {'token': '0x77bf420712f10d2d0024e1e835dab0', 'user-agent': 'Mozilla/5.0 (Windows NT 10.0; Win64; x64) AppleWebKit/537.36 (KHTML, like Gecko) Chrome/80.0.3987.106 Safari/537.36', 'Connection': 'close', 'keep-alive': 'False'}
2020-09-04 10:17:47,613 - root - INFO : 请求正文: {'id': '39', 'auditFlag': 1, 'organizationId': 8009}
2020-09-04 10:17:47,802 - root - INFO : 响应消息: {'data': None, 'msg': None, 'platform': None, 'res': 100, 'traceId': '133f19f2b0e131b8'}
2020-09-04 10:17:47,802 - root - INFO : 校验类型: [-res], 结果: [Passed], 预期: [100]
2020-09-04 10:17:47,802 - root - INFO :  = = =  = = =  = = =  = = =  = = =  = = =  = = =  = = = 分割线 = = =  = = =  = = =  = = =  = = =  = = =  = = =  = = = 
