2020-10-24 14:28:33,189 - root - INFO : 描述信息: 【潭州平台】获取登录用户 token
2020-10-24 14:28:33,189 - root - INFO : 请求地址: https://open-fat.shiguangkey.com/api/udb/workwechat/auth/login
2020-10-24 14:28:33,189 - root - INFO : 请求方法: [- POST -]
2020-10-24 14:28:33,189 - root - INFO : 请求头部: {'content-type': 'application/x-www-form-urlencoded', 'terminaltype': '4'}
2020-10-24 14:28:33,190 - root - INFO : 请求正文: {'account': 't0383212689', 'password': '4QrcOUm6Wau+VuBX8g+IPg'}
2020-10-24 14:28:33,424 - root - INFO : 响应消息: {'traceId': '0f465e153f664057b6663a30af96da02', 'status': '0', 'msg': 'success', 'data': {'user': {'uid': 19861712, 'mobile': '', 'account': '', 'nickname': '暖和的少女花', 'headImg': 'https://res.shiguangkey.com/res/images/default.png', 'openId': '', 'newRegister': False, 'needBindPhone': False, 'showAccountList': False}, 'token': '0x77f7650712f10d0719b4b8ba7cf044'}}
2020-10-24 14:28:33,425 - root - INFO : 提取变量: [ pttoken: 0x77f7650712f10d0719b4b8ba7cf044 ]
2020-10-24 14:28:33,425 - root - INFO : 校验类型: [-status], 结果: [Passed], 预期: [0]
2020-10-24 14:28:33,426 - root - INFO : 校验类型: [-msg], 结果: [Passed], 预期: [success]
2020-10-24 14:28:33,426 - root - INFO :  = = =  = = =  = = =  = = =  = = =  = = =  = = =  = = = 分割线 = = =  = = =  = = =  = = =  = = =  = = =  = = =  = = = 
2020-10-24 14:28:56,358 - root - INFO : 正在执行Function: add_agent
2020-10-24 14:28:56,358 - root - INFO : 描述信息: 【银河/账户/代理商管理】新增代理商
2020-10-24 14:28:56,358 - root - INFO : 请求地址: https://galaxy-api-fat.shiguangkey.com/api/galaxy/channelAgency/save
2020-10-24 14:28:56,358 - root - INFO : 请求方法: [- POST -]
2020-10-24 14:28:56,359 - root - INFO : 请求头部: {'content-type': 'application/x-www-form-urlencoded', 'token': '0x77f7650712f10d0719b4b8ba7cf044', 'terminaltype': '4'}
2020-10-24 14:28:56,359 - root - INFO : 请求正文: {'agencyShortName': '微信吧', 'agencyName': '微信吧', 'thirdAgencyCode': '6', 'channelId': '4551215131321', 'channelName': '微信'}
2020-10-24 14:28:56,645 - root - INFO : 响应消息: {'traceId': 'f7c3781602824b90b39881f0187aed5e', 'status': '0', 'msg': 'success', 'data': {}}
2020-10-24 14:28:56,645 - root - INFO : 校验类型: [-status], 结果: [Passed], 预期: [0]
2020-10-24 14:28:56,645 - root - INFO : 校验类型: [-msg], 结果: [Passed], 预期: [success]
2020-10-24 14:28:56,645 - root - INFO :  = = =  = = =  = = =  = = =  = = =  = = =  = = =  = = = 分割线 = = =  = = =  = = =  = = =  = = =  = = =  = = =  = = = 
2020-10-24 14:28:56,646 - root - INFO : 正在执行Function: qry_channel_agency
2020-10-24 14:28:56,646 - root - INFO : 描述信息: 【银河/账户/代理商管理】查询代理商
2020-10-24 14:28:56,646 - root - INFO : 请求地址: https://galaxy-api-fat.shiguangkey.com/api/galaxy/channelAgency/pageList
2020-10-24 14:28:56,646 - root - INFO : 请求方法: [- POST -]
2020-10-24 14:28:56,646 - root - INFO : 请求头部: {'content-type': 'application/x-www-form-urlencoded', 'token': '0x77f7650712f10d0719b4b8ba7cf044', 'terminaltype': '4'}
2020-10-24 14:28:56,646 - root - INFO : 请求正文: {'pageIndex': 1, 'pageSize': 20, 'thirdAgencyCode': '6'}
2020-10-24 14:28:56,834 - root - INFO : 响应消息: {'traceId': '4931fc1ea5a34d47877858d26edd14f1', 'status': '0', 'msg': 'success', 'data': {'totalItem': 8, 'list': [{'id': 130, 'agencyCode': 10000119, 'agencyName': '微信一', 'agencyShortName': '微信一', 'channelId': 562120124532, 'channelName': '微信', 'bank': '-1', 'bankAccount': '-1', 'state': 1, 'creatorId': 19861712, 'creatorName': '暖和的少女花', 'creatorDeptId': 8009, 'creatorDeptIdChain': '1001-8006-8007-8008-8009', 'createTime': 1603520167000, 'modifierId': None, 'modifierName': None, 'modifyTime': 1603520167000, 'isDelete': 0, 'thirdAgencyCode': '6', 'stateName': None, 'rebateNum': 1}, {'id': 131, 'agencyCode': 10000120, 'agencyName': '微信二', 'agencyShortName': '微信二', 'channelId': 15132154215, 'channelName': '微信', 'bank': '-1', 'bankAccount': '-1', 'state': 1, 'creatorId': 19861712, 'creatorName': '暖和的少女花', 'creatorDeptId': 8009, 'creatorDeptIdChain': '1001-8006-8007-8008-8009', 'createTime': 1603520317000, 'modifierId': None, 'modifierName': None, 'modifyTime': 1603520317000, 'isDelete': 0, 'thirdAgencyCode': '6', 'stateName': None, 'rebateNum': 0}, {'id': 132, 'agencyCode': 10000121, 'agencyName': '微信三', 'agencyShortName': '微信三', 'channelId': 154213152132, 'channelName': '微信', 'bank': '-1', 'bankAccount': '-1', 'state': 1, 'creatorId': 19861712, 'creatorName': '暖和的少女花', 'creatorDeptId': 8009, 'creatorDeptIdChain': '1001-8006-8007-8008-8009', 'createTime': 1603520360000, 'modifierId': None, 'modifierName': None, 'modifyTime': 1603520360000, 'isDelete': 0, 'thirdAgencyCode': '6', 'stateName': None, 'rebateNum': 0}, {'id': 133, 'agencyCode': 10000122, 'agencyName': '微信死', 'agencyShortName': '微信死', 'channelId': 1565321513132, 'channelName': '微信', 'bank': '-1', 'bankAccount': '-1', 'state': 1, 'creatorId': 19861712, 'creatorName': '暖和的少女花', 'creatorDeptId': 8009, 'creatorDeptIdChain': '1001-8006-8007-8008-8009', 'createTime': 1603520450000, 'modifierId': None, 'modifierName': None, 'modifyTime': 1603520450000, 'isDelete': 0, 'thirdAgencyCode': '6', 'stateName': None, 'rebateNum': 0}, {'id': 134, 'agencyCode': 10000123, 'agencyName': '微信无', 'agencyShortName': '微信无', 'channelId': 333222630262, 'channelName': '微信', 'bank': '-1', 'bankAccount': '-1', 'state': 1, 'creatorId': 19861712, 'creatorName': '暖和的少女花', 'creatorDeptId': 8009, 'creatorDeptIdChain': '1001-8006-8007-8008-8009', 'createTime': 1603520495000, 'modifierId': None, 'modifierName': None, 'modifyTime': 1603520495000, 'isDelete': 0, 'thirdAgencyCode': '6', 'stateName': None, 'rebateNum': 0}, {'id': 135, 'agencyCode': 10000124, 'agencyName': '微信流', 'agencyShortName': '微信流', 'channelId': 2156543215, 'channelName': '微信', 'bank': '-1', 'bankAccount': '-1', 'state': 1, 'creatorId': 19861712, 'creatorName': '暖和的少女花', 'creatorDeptId': 8009, 'creatorDeptIdChain': '1001-8006-8007-8008-8009', 'createTime': 1603520607000, 'modifierId': None, 'modifierName': None, 'modifyTime': 1603520607000, 'isDelete': 0, 'thirdAgencyCode': '6', 'stateName': None, 'rebateNum': 0}, {'id': 136, 'agencyCode': 10000125, 'agencyName': '微信期', 'agencyShortName': '微信期', 'channelId': 1351321532115, 'channelName': '微信', 'bank': '-1', 'bankAccount': '-1', 'state': 1, 'creatorId': 19861712, 'creatorName': '暖和的少女花', 'creatorDeptId': 8009, 'creatorDeptIdChain': '1001-8006-8007-8008-8009', 'createTime': 1603520731000, 'modifierId': None, 'modifierName': None, 'modifyTime': 1603520731000, 'isDelete': 0, 'thirdAgencyCode': '6', 'stateName': None, 'rebateNum': 0}, {'id': 137, 'agencyCode': 10000126, 'agencyName': '微信吧', 'agencyShortName': '微信吧', 'channelId': 4551215131321, 'channelName': '微信', 'bank': '-1', 'bankAccount': '-1', 'state': 1, 'creatorId': 19861712, 'creatorName': '暖和的少女花', 'creatorDeptId': 8009, 'creatorDeptIdChain': '1001-8006-8007-8008-8009', 'createTime': 1603520938000, 'modifierId': None, 'modifierName': None, 'modifyTime': 1603520938000, 'isDelete': 0, 'thirdAgencyCode': '6', 'stateName': None, 'rebateNum': 0}]}}
2020-10-24 14:28:56,835 - root - INFO : 提取变量: [ channelAgencyId: 130 ]
2020-10-24 14:28:56,836 - root - INFO : 提取变量: [ agencyCode: 10000119 ]
2020-10-24 14:28:56,837 - root - INFO : 提取变量: [ agencyName: 微信一 ]
2020-10-24 14:28:56,838 - root - INFO : 提取变量: [ agencyShortName: 微信一 ]
2020-10-24 14:28:56,839 - root - INFO : 提取变量: [ channelId: 562120124532 ]
2020-10-24 14:28:56,839 - root - INFO : 提取变量: [ thirdAgencyCode: 6 ]
2020-10-24 14:28:56,840 - root - INFO : 提取变量: [ rebateNum: 1 ]
2020-10-24 14:28:56,840 - root - INFO : 校验类型: [-status], 结果: [Passed], 预期: [0]
2020-10-24 14:28:56,841 - root - INFO : 校验类型: [-msg], 结果: [Passed], 预期: [success]
2020-10-24 14:28:56,841 - root - INFO :  = = =  = = =  = = =  = = =  = = =  = = =  = = =  = = = 分割线 = = =  = = =  = = =  = = =  = = =  = = =  = = =  = = = 
2020-10-24 14:29:01,142 - root - INFO : 正在执行Function: add_rebate
2020-10-24 14:29:01,142 - root - INFO : 描述信息: 【银河/账户/代理商管理】新增返点
2020-10-24 14:29:01,142 - root - INFO : 请求地址: https://galaxy-api-fat.shiguangkey.com/api/galaxy/channelAgencyRebate/save
2020-10-24 14:29:01,143 - root - INFO : 请求方法: [- POST -]
2020-10-24 14:29:01,143 - root - INFO : 请求头部: {'content-type': 'application/x-www-form-urlencoded', 'token': '0x77f7650712f10d0719b4b8ba7cf044', 'terminaltype': '4'}
2020-10-24 14:29:01,143 - root - INFO : 请求正文: {'rebate': '1.5', 'channelAgencyId': '130', 'validDate': '1603555200000'}
2020-10-24 14:29:01,402 - root - INFO : 响应消息: {'traceId': '7b41105bab88448e9319905a7f25f0db', 'status': '0', 'msg': 'success', 'data': {}}
2020-10-24 14:29:01,402 - root - INFO : 校验类型: [-status], 结果: [Passed], 预期: [0]
2020-10-24 14:29:01,403 - root - INFO : 校验类型: [-msg], 结果: [Passed], 预期: [success]
2020-10-24 14:29:01,403 - root - INFO :  = = =  = = =  = = =  = = =  = = =  = = =  = = =  = = = 分割线 = = =  = = =  = = =  = = =  = = =  = = =  = = =  = = = 
2020-10-24 14:29:01,403 - root - INFO : 正在执行Function: qry_channel_agency_rebate
2020-10-24 14:29:01,403 - root - INFO : 描述信息: 【银河/账户/代理商管理】查询代理商返点
2020-10-24 14:29:01,403 - root - INFO : 请求地址: https://galaxy-api-fat.shiguangkey.com/api/galaxy/channelAgencyRebate/pageList
2020-10-24 14:29:01,404 - root - INFO : 请求方法: [- POST -]
2020-10-24 14:29:01,404 - root - INFO : 请求头部: {'content-type': 'application/x-www-form-urlencoded', 'token': '0x77f7650712f10d0719b4b8ba7cf044', 'terminaltype': '4'}
2020-10-24 14:29:01,404 - root - INFO : 请求正文: {'pageIndex': 1, 'pageSize': 20, 'agencyCode': '10000119'}
2020-10-24 14:29:01,603 - root - INFO : 响应消息: {'traceId': 'a7e3244b4f994ee8b900c0f46dc27e5f', 'status': '0', 'msg': 'success', 'data': {'totalItem': 0, 'list': []}}
