2020-10-09 10:03:48,418 - root - INFO : 描述信息: 【潭州平台】获取登录用户 token
2020-10-09 10:03:48,418 - root - INFO : 请求地址: https://open-fat.shiguangkey.com/api/udb/workwechat/auth/login
2020-10-09 10:03:48,418 - root - INFO : 请求方法: [- POST -]
2020-10-09 10:03:48,418 - root - INFO : 请求头部: {'content-type': 'application/x-www-form-urlencoded', 'terminaltype': '4'}
2020-10-09 10:03:48,418 - root - INFO : 请求正文: {'account': 't0384223793', 'password': '4QrcOUm6Wau+VuBX8g+IPg'}
2020-10-09 10:03:48,580 - root - INFO : 响应消息: {'traceId': '3ad43a2b000647ff9258c4dc6b332d90', 'status': '0', 'msg': 'success', 'data': {'user': {'uid': 19862099, 'mobile': '', 'account': '', 'nickname': '日常的阿魏', 'headImg': 'https://res.shiguangkey.com/res/images/default.png', 'openId': '', 'newRegister': False, 'needBindPhone': False, 'showAccountList': False}, 'token': '0x77fbad0712f1253b14d4c1683de078'}}
2020-10-09 10:03:48,581 - root - INFO : 提取变量: [ pttoken: 0x77fbad0712f1253b14d4c1683de078 ]
2020-10-09 10:03:48,581 - root - INFO : 校验类型: [-status], 结果: [Passed], 预期: [0]
2020-10-09 10:03:48,581 - root - INFO : 校验类型: [-msg], 结果: [Passed], 预期: [success]
2020-10-09 10:03:48,581 - root - INFO :  = = =  = = =  = = =  = = =  = = =  = = =  = = =  = = = 分割线 = = =  = = =  = = =  = = =  = = =  = = =  = = =  = = = 
2020-10-09 10:03:48,581 - root - INFO : 正在执行Function: ad_plan
2020-10-09 10:03:48,581 - root - INFO : 正在执行Function: program_info_save
2020-10-09 10:03:48,581 - root - INFO : 描述信息: 【银河/广告/广告计划】新增广告计划
2020-10-09 10:03:48,581 - root - INFO : 请求地址: https://galaxy-api-fat.shiguangkey.com/api/galaxy/program/info/save
2020-10-09 10:03:48,581 - root - INFO : 请求方法: [- POST -]
2020-10-09 10:03:48,581 - root - INFO : 请求头部: {'content-type': 'application/json', 'token': '0x77fbad0712f1253b14d4c1683de078'}
2020-10-09 10:03:48,582 - root - INFO : 请求正文: {'channelId': 6, 'name': '自动化计划80416395', 'subjectId': 282, 'subjectName': 'Python', 'isTest': 0, 'putMode': 1, 'type': 1, 'gatherType': 1, 'allocInstType': 1, 'channelName': '微信'}
2020-10-09 10:03:48,789 - root - INFO : 响应消息: {'traceId': 'b7c9ecb707ad4db194a9fb60d6b07908', 'status': '0', 'msg': 'success', 'data': {}}
2020-10-09 10:03:48,789 - root - INFO : 校验类型: [-status], 结果: [Passed], 预期: [0]
2020-10-09 10:03:48,789 - root - INFO : 校验类型: [-msg], 结果: [Passed], 预期: [success]
2020-10-09 10:03:48,789 - root - INFO :  = = =  = = =  = = =  = = =  = = =  = = =  = = =  = = = 分割线 = = =  = = =  = = =  = = =  = = =  = = =  = = =  = = = 
2020-10-09 10:03:48,789 - root - INFO : 正在执行Function: program_pageList
2020-10-09 10:03:48,789 - root - INFO : 描述信息: 【银河/广告/广告计划】查询广告计划
2020-10-09 10:03:48,790 - root - INFO : 请求地址: https://galaxy-api-fat.shiguangkey.com/api/galaxy/program/pageList
2020-10-09 10:03:48,790 - root - INFO : 请求方法: [- POST -]
2020-10-09 10:03:48,790 - root - INFO : 请求头部: {'content-type': 'application/x-www-form-urlencoded', 'token': '0x77fbad0712f1253b14d4c1683de078'}
2020-10-09 10:03:48,790 - root - INFO : 请求正文: {'name': '自动化计划80416395', 'isHide': 0, 'pageIndex': 1, 'pageSize': 20, 'gatherType': 1, 'putMode': 1, 'allocInstType': 1}
2020-10-09 10:03:49,111 - root - INFO : 响应消息: {'traceId': '81d33835b8e847a6b2652bf5421b8b6c', 'status': '0', 'msg': 'success', 'data': {'totalItem': 1, 'list': [{'id': 13361, 'oldProgramId': None, 'no': '1000000088329865', 'name': '自动化计划80416395', 'type': 1, 'programName': None, 'subjectName': 'Python', 'subjectId': 282, 'channelName': '微信', 'channelId': 6, 'isImport': None, 'position': None, 'keyword': None, 'areaId': None, 'areaName': None, 'remark': None, 'isNeedCaptch': None, 'state': None, 'adMainId': None, 'channelAgencyAccountId': None, 'accountCode': None, 'adMainAccount': None, 'thirdUrl': None, 'allocInstType': 1, 'receiveDeptId': None, 'receiveDeptIdChain': None, 'isHide': 0, 'isTest': 0, 'creatorDeptId': 8009, 'creatorName': '日常的阿魏', 'createTime': 1602209030000, 'putMode': 1, 'updateState': 1}]}}
2020-10-09 10:03:49,112 - root - INFO : 提取变量: [ channelId: 6 ]
2020-10-09 10:03:49,112 - root - INFO : 提取变量: [ putMode: 1 ]
2020-10-09 10:03:49,112 - root - INFO : 提取变量: [ adName: 自动化计划80416395 ]
2020-10-09 10:03:49,112 - root - INFO : 提取变量: [ adId: 13361 ]
2020-10-09 10:03:49,113 - root - INFO : 提取变量: [ type: 1 ]
2020-10-09 10:03:49,113 - root - INFO : 校验类型: [-status], 结果: [Passed], 预期: [0]
2020-10-09 10:03:49,113 - root - INFO : 校验类型: [-msg], 结果: [Passed], 预期: [success]
2020-10-09 10:03:49,113 - root - INFO : 校验类型: [-in]  结果: [Passed]  预期: [name]
2020-10-09 10:03:49,113 - root - INFO :  = = =  = = =  = = =  = = =  = = =  = = =  = = =  = = = 分割线 = = =  = = =  = = =  = = =  = = =  = = =  = = =  = = = 
2020-10-09 10:03:49,113 - root - INFO : 正在执行Function: create_creativity
2020-10-09 10:03:49,113 - root - INFO : 正在执行Function: creativity_save
2020-10-09 10:03:49,113 - root - INFO : 描述信息: 【银河/广告/广告计划】新建广告创意
2020-10-09 10:03:49,113 - root - INFO : 请求地址: https://galaxy-api-fat.shiguangkey.com/api/galaxy/creativity/save
2020-10-09 10:03:49,113 - root - INFO : 请求方法: [- POST -]
2020-10-09 10:03:49,113 - root - INFO : 请求头部: {'content-type': 'application/x-www-form-urlencoded', 'token': '0x7752400712ef2ecd2d946989b9147b'}
2020-10-09 10:03:49,114 - root - INFO : 请求正文: {'name': '自动化创意73239789', 'gatherType': 1, 'isNeedCaptch': 1, 'position': 1, 'type': '1', 'putMode': '1', 'channelId': '6', 'programId': '13361', 'programName': '自动化计划80416395'}
2020-10-09 10:03:49,254 - root - INFO : 响应消息: {'traceId': 'd2eabb29bade4a56aac821e81daecfd6', 'status': '110107001', 'msg': '账号未登录', 'data': {}}
