2020-10-09 09:53:23,482 - root - INFO : 描述信息: 【潭州平台】获取登录用户 token
2020-10-09 09:53:23,482 - root - INFO : 请求地址: https://open-fat.shiguangkey.com/api/udb/workwechat/auth/login
2020-10-09 09:53:23,482 - root - INFO : 请求方法: [- POST -]
2020-10-09 09:53:23,482 - root - INFO : 请求头部: {'content-type': 'application/x-www-form-urlencoded', 'terminaltype': '4'}
2020-10-09 09:53:23,482 - root - INFO : 请求正文: {'account': 't0384223793', 'password': '4QrcOUm6Wau+VuBX8g+IPg'}
2020-10-09 09:53:23,643 - root - INFO : 响应消息: {'traceId': 'af5297cf08884d10851f709c5f30a913', 'status': '0', 'msg': 'success', 'data': {'user': {'uid': 19862099, 'mobile': '', 'account': '', 'nickname': '日常的阿魏', 'headImg': 'https://res.shiguangkey.com/res/images/default.png', 'openId': '', 'newRegister': False, 'needBindPhone': False, 'showAccountList': False}, 'token': '0x773f260712f1253cb8849a39716b89'}}
2020-10-09 09:53:23,644 - root - INFO : 提取变量: [ pttoken: 0x773f260712f1253cb8849a39716b89 ]
2020-10-09 09:53:23,644 - root - INFO : 校验类型: [-status], 结果: [Passed], 预期: [0]
2020-10-09 09:53:23,644 - root - INFO : 校验类型: [-msg], 结果: [Passed], 预期: [success]
2020-10-09 09:53:23,644 - root - INFO :  = = =  = = =  = = =  = = =  = = =  = = =  = = =  = = = 分割线 = = =  = = =  = = =  = = =  = = =  = = =  = = =  = = = 
2020-10-09 09:53:23,644 - root - INFO : 正在执行Function: ad_plan
2020-10-09 09:53:23,644 - root - INFO : 正在执行Function: program_info_save
2020-10-09 09:53:23,644 - root - INFO : 描述信息: 【银河/广告/广告计划】新增广告计划
2020-10-09 09:53:23,645 - root - INFO : 请求地址: https://galaxy-api-fat.shiguangkey.com/api/galaxy/program/info/save
2020-10-09 09:53:23,645 - root - INFO : 请求方法: [- POST -]
2020-10-09 09:53:23,645 - root - INFO : 请求头部: {'content-type': 'application/json', 'token': '0x773f260712f1253cb8849a39716b89'}
2020-10-09 09:53:23,645 - root - INFO : 请求正文: {'channelId': 6, 'name': '自动化计划94498653', 'subjectId': 282, 'subjectName': 'Python', 'isTest': 0, 'putMode': 1, 'type': 1, 'gatherType': 1, 'allocInstType': 1, 'channelName': '微信'}
2020-10-09 09:53:23,929 - root - INFO : 响应消息: {'traceId': '48b66442112449259591d6711d91e5b6', 'status': '0', 'msg': 'success', 'data': {}}
2020-10-09 09:53:23,930 - root - INFO : 校验类型: [-status], 结果: [Passed], 预期: [0]
2020-10-09 09:53:23,930 - root - INFO : 校验类型: [-msg], 结果: [Passed], 预期: [success]
2020-10-09 09:53:23,930 - root - INFO :  = = =  = = =  = = =  = = =  = = =  = = =  = = =  = = = 分割线 = = =  = = =  = = =  = = =  = = =  = = =  = = =  = = = 
2020-10-09 09:53:23,930 - root - INFO : 正在执行Function: program_pageList
2020-10-09 09:53:23,930 - root - INFO : 描述信息: 【银河/广告/广告计划】查询广告计划
2020-10-09 09:53:23,930 - root - INFO : 请求地址: https://galaxy-api-fat.shiguangkey.com/api/galaxy/program/pageList
2020-10-09 09:53:23,930 - root - INFO : 请求方法: [- POST -]
2020-10-09 09:53:23,930 - root - INFO : 请求头部: {'content-type': 'application/x-www-form-urlencoded', 'token': '0x773f260712f1253cb8849a39716b89'}
2020-10-09 09:53:23,930 - root - INFO : 请求正文: {'name': '自动化计划94498653', 'isHide': 0, 'pageIndex': 1, 'pageSize': 20, 'gatherType': 1, 'putMode': 1, 'allocInstType': 1}
2020-10-09 09:53:24,250 - root - INFO : 响应消息: {'traceId': 'bac96d308e8c4e6d936427bedb934597', 'status': '0', 'msg': 'success', 'data': {'totalItem': 1, 'list': [{'id': 13353, 'oldProgramId': None, 'no': '1000000080796938', 'name': '自动化计划94498653', 'type': 1, 'programName': None, 'subjectName': 'Python', 'subjectId': 282, 'channelName': '微信', 'channelId': 6, 'isImport': None, 'position': None, 'keyword': None, 'areaId': None, 'areaName': None, 'remark': None, 'isNeedCaptch': None, 'state': None, 'adMainId': None, 'channelAgencyAccountId': None, 'accountCode': None, 'adMainAccount': None, 'thirdUrl': None, 'allocInstType': 1, 'receiveDeptId': None, 'receiveDeptIdChain': None, 'isHide': 0, 'isTest': 0, 'creatorDeptId': 8009, 'creatorName': '日常的阿魏', 'createTime': 1602208405000, 'putMode': 1, 'updateState': 1}]}}
2020-10-09 09:53:24,251 - root - INFO : 提取变量: [ channelId: 6 ]
2020-10-09 09:53:24,251 - root - INFO : 提取变量: [ putMode: 1 ]
2020-10-09 09:53:24,251 - root - INFO : 提取变量: [ adName: 自动化计划94498653 ]
2020-10-09 09:53:24,251 - root - INFO : 提取变量: [ adId: 13353 ]
2020-10-09 09:53:24,252 - root - INFO : 提取变量: [ type: 1 ]
2020-10-09 09:53:24,252 - root - INFO : 校验类型: [-status], 结果: [Passed], 预期: [0]
2020-10-09 09:53:24,252 - root - INFO : 校验类型: [-msg], 结果: [Passed], 预期: [success]
2020-10-09 09:53:24,252 - root - INFO : 校验类型: [-in]  结果: [Passed]  预期: [name]
2020-10-09 09:53:24,252 - root - INFO :  = = =  = = =  = = =  = = =  = = =  = = =  = = =  = = = 分割线 = = =  = = =  = = =  = = =  = = =  = = =  = = =  = = = 
2020-10-09 09:53:24,252 - root - INFO : 正在执行Function: create_creativity
2020-10-09 09:53:24,252 - root - INFO : 正在执行Function: creativity_save
2020-10-09 09:53:24,252 - root - INFO : 描述信息: 【银河/广告/广告计划】新建广告创意
2020-10-09 09:53:24,252 - root - INFO : 请求地址: https://galaxy-api-fat.shiguangkey.com/api/galaxy/creativity/save
2020-10-09 09:53:24,252 - root - INFO : 请求方法: [- POST -]
2020-10-09 09:53:24,252 - root - INFO : 请求头部: {'content-type': 'application/x-www-form-urlencoded', 'token': '0x7752400712ef2ecd2d946989b9147b'}
2020-10-09 09:53:24,252 - root - INFO : 请求正文: {'name': '自动化创意04294405', 'gatherType': 1, 'isNeedCaptch': 1, 'position': 1, 'type': '1', 'putMode': '1', 'channelId': '6', 'programId': '13353', 'programName': '自动化计划94498653'}
2020-10-09 09:53:24,390 - root - INFO : 响应消息: {'traceId': '22c8b30c75fc4b588e4d8d75d4f1db9e', 'status': '110107001', 'msg': '账号未登录', 'data': {}}
