2020-10-21 17:10:15,797 - root - INFO : 描述信息: 【潭州平台】获取登录用户 token
2020-10-21 17:10:15,798 - root - INFO : 请求地址: https://open-fat.shiguangkey.com/api/udb/workwechat/auth/login
2020-10-21 17:10:15,798 - root - INFO : 请求方法: [- POST -]
2020-10-21 17:10:15,798 - root - INFO : 请求头部: {'content-type': 'application/x-www-form-urlencoded', 'terminaltype': '4'}
2020-10-21 17:10:15,798 - root - INFO : 请求正文: {'account': 't0384223793', 'password': '4QrcOUm6Wau+VuBX8g+IPg'}
2020-10-21 17:10:16,049 - root - INFO : 响应消息: {'traceId': '7c723b95ff8947d493c11cf384e05f52', 'status': '0', 'msg': 'success', 'data': {'user': {'uid': 19862099, 'mobile': '', 'account': '', 'nickname': '日常的阿魏', 'headImg': 'https://res.shiguangkey.com/res/images/default.png', 'openId': '', 'newRegister': False, 'needBindPhone': False, 'showAccountList': False}, 'token': '0x77b0770712f1253f8c9460cb95daca'}}
2020-10-21 17:10:16,050 - root - INFO : 提取变量: [ pttoken: 0x77b0770712f1253f8c9460cb95daca ]
2020-10-21 17:10:16,050 - root - INFO : 校验类型: [-status], 结果: [Passed], 预期: [0]
2020-10-21 17:10:16,050 - root - INFO : 校验类型: [-msg], 结果: [Passed], 预期: [success]
2020-10-21 17:10:16,050 - root - INFO :  = = =  = = =  = = =  = = =  = = =  = = =  = = =  = = = 分割线 = = =  = = =  = = =  = = =  = = =  = = =  = = =  = = = 
2020-10-21 17:10:37,816 - root - INFO : 描述信息: 【潭州平台】获取登录用户 token
2020-10-21 17:10:37,816 - root - INFO : 请求地址: https://open-fat.shiguangkey.com/api/udb/workwechat/auth/login
2020-10-21 17:10:37,816 - root - INFO : 请求方法: [- POST -]
2020-10-21 17:10:37,816 - root - INFO : 请求头部: {'content-type': 'application/x-www-form-urlencoded', 'terminaltype': '4'}
2020-10-21 17:10:37,816 - root - INFO : 请求正文: {'account': 't0384223793', 'password': '4QrcOUm6Wau+VuBX8g+IPg'}
2020-10-21 17:10:38,048 - root - INFO : 响应消息: {'traceId': '7852217fe0404527bd74e892ccbcfc01', 'status': '0', 'msg': 'success', 'data': {'user': {'uid': 19862099, 'mobile': '', 'account': '', 'nickname': '日常的阿魏', 'headImg': 'https://res.shiguangkey.com/res/images/default.png', 'openId': '', 'newRegister': False, 'needBindPhone': False, 'showAccountList': False}, 'token': '0x77f6d00712f1253b4f34ce298f4a9a'}}
2020-10-21 17:10:38,048 - root - INFO : 提取变量: [ pttoken: 0x77f6d00712f1253b4f34ce298f4a9a ]
2020-10-21 17:10:38,048 - root - INFO : 校验类型: [-status], 结果: [Passed], 预期: [0]
2020-10-21 17:10:38,048 - root - INFO : 校验类型: [-msg], 结果: [Passed], 预期: [success]
2020-10-21 17:10:38,048 - root - INFO :  = = =  = = =  = = =  = = =  = = =  = = =  = = =  = = = 分割线 = = =  = = =  = = =  = = =  = = =  = = =  = = =  = = = 
2020-10-21 17:10:38,048 - root - INFO : 正在执行Function: program_info_save
2020-10-21 17:10:38,048 - root - INFO : 描述信息: 【银河/广告/广告计划】新增广告计划
2020-10-21 17:10:38,049 - root - INFO : 请求地址: https://galaxy-api-fat.shiguangkey.com/api/galaxy/program/info/save
2020-10-21 17:10:38,049 - root - INFO : 请求方法: [- POST -]
2020-10-21 17:10:38,049 - root - INFO : 请求头部: {'content-type': 'application/json', 'token': '0x77f6d00712f1253b4f34ce298f4a9a'}
2020-10-21 17:10:38,049 - root - INFO : 请求正文: {'channelId': 6, 'name': '自动化计划59775553', 'subjectId': '280', 'subjectName': 'Python', 'isTest': 0, 'putMode': 1, 'type': 1, 'gatherType': 3, 'allocInstType': 3, 'channelName': '微信'}
2020-10-21 17:10:38,296 - root - INFO : 响应消息: {'traceId': 'f640b68c18e545f6b22a978ae81ebf16', 'status': '0', 'msg': 'success', 'data': {}}
2020-10-21 17:10:38,296 - root - INFO : 校验类型: [-status], 结果: [Passed], 预期: [0]
2020-10-21 17:10:38,296 - root - INFO : 校验类型: [-msg], 结果: [Passed], 预期: [success]
2020-10-21 17:10:38,296 - root - INFO :  = = =  = = =  = = =  = = =  = = =  = = =  = = =  = = = 分割线 = = =  = = =  = = =  = = =  = = =  = = =  = = =  = = = 
2020-10-21 17:10:38,296 - root - INFO : 正在执行Function: program_pageList
2020-10-21 17:10:38,296 - root - INFO : 描述信息: 【银河/广告/广告计划】查询广告计划
2020-10-21 17:10:38,296 - root - INFO : 请求地址: https://galaxy-api-fat.shiguangkey.com/api/galaxy/program/pageList
2020-10-21 17:10:38,296 - root - INFO : 请求方法: [- POST -]
2020-10-21 17:10:38,297 - root - INFO : 请求头部: {'content-type': 'application/x-www-form-urlencoded', 'token': '0x77f6d00712f1253b4f34ce298f4a9a'}
2020-10-21 17:10:38,297 - root - INFO : 请求正文: {'name': '自动化计划59775553', 'isHide': 0, 'pageIndex': 1, 'pageSize': 20, 'gatherType': 3}
2020-10-21 17:10:38,728 - root - INFO : 响应消息: {'traceId': 'f8db99a791de457ba12d206a84687e2c', 'status': '0', 'msg': 'success', 'data': {'totalItem': 1, 'list': [{'id': 14279, 'oldProgramId': None, 'no': 'W1000000157359600', 'name': '自动化计划59775553', 'type': 1, 'programName': None, 'subjectName': 'Python', 'subjectId': 280, 'channelName': '微信', 'channelId': 6, 'isImport': None, 'position': None, 'keyword': None, 'areaId': None, 'areaName': None, 'remark': None, 'isNeedCaptch': None, 'state': None, 'adMainId': None, 'channelAgencyAccountId': None, 'accountCode': None, 'adMainAccount': None, 'thirdUrl': None, 'allocInstType': 3, 'receiveDeptId': None, 'receiveDeptIdChain': None, 'isHide': 0, 'isTest': 0, 'creatorDeptId': 8009, 'creatorName': '日常的阿魏', 'createTime': 1603271439000, 'putMode': 1, 'updateState': 1}]}}
2020-10-21 17:10:38,729 - root - INFO : 提取变量: [ channelId: 6 ]
2020-10-21 17:10:38,729 - root - INFO : 提取变量: [ putMode: 1 ]
2020-10-21 17:10:38,729 - root - INFO : 提取变量: [ adName: 自动化计划59775553 ]
2020-10-21 17:10:38,730 - root - INFO : 提取变量: [ adId: 14279 ]
2020-10-21 17:10:38,730 - root - INFO : 提取变量: [ type: 1 ]
2020-10-21 17:10:38,730 - root - INFO : 校验类型: [-status], 结果: [Passed], 预期: [0]
2020-10-21 17:10:38,730 - root - INFO : 校验类型: [-msg], 结果: [Passed], 预期: [success]
2020-10-21 17:10:38,730 - root - INFO : 校验类型: [-in]  结果: [Passed]  预期: [name]
2020-10-21 17:10:38,730 - root - INFO :  = = =  = = =  = = =  = = =  = = =  = = =  = = =  = = = 分割线 = = =  = = =  = = =  = = =  = = =  = = =  = = =  = = = 
2020-10-21 17:10:38,730 - root - INFO : 正在执行Function: creativity_save
2020-10-21 17:10:38,730 - root - INFO : 描述信息: 【银河/广告/广告计划】新建广告创意
2020-10-21 17:10:38,730 - root - INFO : 请求地址: https://galaxy-api-fat.shiguangkey.com/api/galaxy/creativity/save
2020-10-21 17:10:38,730 - root - INFO : 请求方法: [- POST -]
2020-10-21 17:10:38,731 - root - INFO : 请求头部: {'content-type': 'application/x-www-form-urlencoded', 'token': '0x77f6d00712f1253b4f34ce298f4a9a'}
2020-10-21 17:10:38,731 - root - INFO : 请求正文: {'name': '自动化创意42867296', 'gatherType': 1, 'isNeedCaptch': 3, 'position': 1, 'type': '1', 'putMode': '1', 'channelId': '6', 'programId': '14279', 'programName': '自动化计划59775553'}
2020-10-21 17:10:38,957 - root - INFO : 响应消息: {'traceId': 'c6331c4661024d3195eaecd2b0b420de', 'status': '999999992', 'msg': '请求参数错误。', 'data': {}}
