2020-10-20 17:36:37,764 - root - INFO : ************** 当前运行环境: Fat *************
2020-10-20 17:36:37,764 - root - INFO : 描述信息: 【潭州平台】获取登录用户 token
2020-10-20 17:36:37,764 - root - INFO : 请求地址: https://open-fat.shiguangkey.com/api/udb/workwechat/auth/login
2020-10-20 17:36:37,764 - root - INFO : 请求方法: [- POST -]
2020-10-20 17:36:37,765 - root - INFO : 请求头部: {'content-type': 'application/x-www-form-urlencoded', 'terminaltype': '4'}
2020-10-20 17:36:37,765 - root - INFO : 请求正文: {'account': 't0312814888', 'password': '4QrcOUm6Wau+VuBX8g+IPg'}
2020-10-20 17:36:37,990 - root - INFO : 响应消息: {'traceId': 'c6844259c54f430e965e0bee94c0d46e', 'status': '0', 'msg': 'success', 'data': {'user': {'uid': 19865505, 'mobile': '', 'account': '', 'nickname': '拥挤的鳐鱼', 'headImg': 'https://res.shiguangkey.com/res/images/default.png', 'openId': '', 'newRegister': False, 'needBindPhone': False, 'showAccountList': False}, 'token': '0x77ffb30712f1fa16cc04677878f70c'}}
2020-10-20 17:36:37,991 - root - INFO : 提取变量: [ pttoken: 0x77ffb30712f1fa16cc04677878f70c ]
2020-10-20 17:36:37,991 - root - INFO : 校验类型: [-status], 结果: [Passed], 预期: [0]
2020-10-20 17:36:37,991 - root - INFO : 校验类型: [-msg], 结果: [Passed], 预期: [success]
2020-10-20 17:36:37,991 - root - INFO :  = = =  = = =  = = =  = = =  = = =  = = =  = = =  = = = 分割线 = = =  = = =  = = =  = = =  = = =  = = =  = = =  = = = 
2020-10-20 17:36:38,115 - root - INFO : 凭证获取成功并写入 /common/config.txt 配置文件中
2020-10-20 17:36:38,182 - root - INFO : 当前所在Class: Website || 类描述信息: None
2020-10-20 17:36:38,228 - root - INFO : 当前所在Class: Check || 类描述信息: None
2020-10-20 17:36:38,254 - root - INFO : 当前运行Case: test_ad_plan_normal
2020-10-20 17:36:38,255 - root - INFO : 正在执行Function: ad_plan
2020-10-20 17:36:38,255 - root - INFO : 正在执行Function: program_info_save
2020-10-20 17:36:38,255 - root - INFO : 描述信息: 【银河/广告/广告计划】新增广告计划
2020-10-20 17:36:38,256 - root - INFO : 请求地址: https://galaxy-api-fat.shiguangkey.com/api/galaxy/program/info/save
2020-10-20 17:36:38,256 - root - INFO : 请求方法: [- POST -]
2020-10-20 17:36:38,256 - root - INFO : 请求头部: {'content-type': 'application/json', 'token': '0x77bd0f0712f1fa10299423e8b051d1'}
2020-10-20 17:36:38,256 - root - INFO : 请求正文: {'channelId': 6, 'name': '自动化计划01465495', 'subjectId': 282, 'subjectName': 'Python', 'isTest': 0, 'putMode': 1, 'type': 1, 'gatherType': 1, 'allocInstType': 1, 'channelName': '微信'}
2020-10-20 17:36:38,523 - root - INFO : 响应消息: {'traceId': '4de8d441ce0c41a896031cfbfdbde615', 'status': '0', 'msg': 'success', 'data': {}}
2020-10-20 17:36:38,523 - root - INFO : 校验类型: [-status], 结果: [Passed], 预期: [0]
2020-10-20 17:36:38,524 - root - INFO : 校验类型: [-msg], 结果: [Passed], 预期: [success]
2020-10-20 17:36:38,524 - root - INFO :  = = =  = = =  = = =  = = =  = = =  = = =  = = =  = = = 分割线 = = =  = = =  = = =  = = =  = = =  = = =  = = =  = = = 
2020-10-20 17:36:38,524 - root - INFO : 正在执行Function: program_pageList
2020-10-20 17:36:38,524 - root - INFO : 描述信息: 【银河/广告/广告计划】查询广告计划
2020-10-20 17:36:38,524 - root - INFO : 请求地址: https://galaxy-api-fat.shiguangkey.com/api/galaxy/program/pageList
2020-10-20 17:36:38,524 - root - INFO : 请求方法: [- POST -]
2020-10-20 17:36:38,524 - root - INFO : 请求头部: {'content-type': 'application/x-www-form-urlencoded', 'token': '0x77bd0f0712f1fa10299423e8b051d1'}
2020-10-20 17:36:38,524 - root - INFO : 请求正文: {'name': '自动化计划01465495', 'isHide': 0, 'pageIndex': 1, 'pageSize': 20, 'gatherType': 1, 'putMode': 1, 'allocInstType': 1}
2020-10-20 17:36:38,863 - root - INFO : 响应消息: {'traceId': '90cdebfedb324e05a6092855eb3c62ad', 'status': '0', 'msg': 'success', 'data': {'totalItem': 1, 'list': [{'id': 14211, 'oldProgramId': None, 'no': '1000001351430363', 'name': '自动化计划01465495', 'type': 1, 'programName': None, 'subjectName': 'Python', 'subjectId': 282, 'channelName': '微信', 'channelId': 6, 'isImport': None, 'position': None, 'keyword': None, 'areaId': None, 'areaName': None, 'remark': None, 'isNeedCaptch': None, 'state': None, 'adMainId': None, 'channelAgencyAccountId': None, 'accountCode': None, 'adMainAccount': None, 'thirdUrl': None, 'allocInstType': 1, 'receiveDeptId': None, 'receiveDeptIdChain': None, 'isHide': 0, 'isTest': 0, 'creatorDeptId': 8009, 'creatorName': '自动化专用-勿动', 'createTime': 1603186599000, 'putMode': 1, 'updateState': 1}]}}
2020-10-20 17:36:38,864 - root - INFO : 提取变量: [ channelId: 6 ]
2020-10-20 17:36:38,864 - root - INFO : 提取变量: [ putMode: 1 ]
2020-10-20 17:36:38,864 - root - INFO : 提取变量: [ adName: 自动化计划01465495 ]
2020-10-20 17:36:38,864 - root - INFO : 提取变量: [ adId: 14211 ]
2020-10-20 17:36:38,865 - root - INFO : 提取变量: [ type: 1 ]
2020-10-20 17:36:38,865 - root - INFO : 校验类型: [-status], 结果: [Passed], 预期: [0]
2020-10-20 17:36:38,865 - root - INFO : 校验类型: [-msg], 结果: [Passed], 预期: [success]
2020-10-20 17:36:38,865 - root - INFO : 校验类型: [-in]  结果: [Passed]  预期: [name]
2020-10-20 17:36:38,865 - root - INFO :  = = =  = = =  = = =  = = =  = = =  = = =  = = =  = = = 分割线 = = =  = = =  = = =  = = =  = = =  = = =  = = =  = = = 
2020-10-20 17:36:38,865 - root - INFO : 正在执行Function: create_creativity
2020-10-20 17:36:38,865 - root - INFO : 正在执行Function: creativity_save
2020-10-20 17:36:38,865 - root - INFO : 描述信息: 【银河/广告/广告计划】新建广告创意
2020-10-20 17:36:38,866 - root - INFO : 请求地址: https://galaxy-api-fat.shiguangkey.com/api/galaxy/creativity/save
2020-10-20 17:36:38,866 - root - INFO : 请求方法: [- POST -]
2020-10-20 17:36:38,866 - root - INFO : 请求头部: {'content-type': 'application/x-www-form-urlencoded', 'token': '0x77bd0f0712f1fa10299423e8b051d1'}
2020-10-20 17:36:38,866 - root - INFO : 请求正文: {'name': '自动化创意16859487', 'gatherType': 1, 'isNeedCaptch': 1, 'position': 1, 'type': '1', 'putMode': '1', 'channelId': '6', 'programId': '14211', 'programName': '自动化计划01465495'}
2020-10-20 17:36:39,130 - root - INFO : 响应消息: {'traceId': '98b39a212262473d80d2ab6b0619d2f4', 'status': '0', 'msg': 'success', 'data': {}}
2020-10-20 17:36:39,130 - root - INFO : 校验类型: [-status], 结果: [Passed], 预期: [0]
2020-10-20 17:36:39,130 - root - INFO : 校验类型: [-msg], 结果: [Passed], 预期: [success]
2020-10-20 17:36:39,130 - root - INFO :  = = =  = = =  = = =  = = =  = = =  = = =  = = =  = = = 分割线 = = =  = = =  = = =  = = =  = = =  = = =  = = =  = = = 
2020-10-20 17:36:39,130 - root - INFO : 正在执行Function: creativity_pageList
2020-10-20 17:36:39,131 - root - INFO : 描述信息: 【银河/广告/广告创意】查询广告创意
2020-10-20 17:36:39,131 - root - INFO : 请求地址: https://galaxy-api-fat.shiguangkey.com/api/galaxy/creativity/pageList
2020-10-20 17:36:39,131 - root - INFO : 请求方法: [- POST -]
2020-10-20 17:36:39,131 - root - INFO : 请求头部: {'content-type': 'application/x-www-form-urlencoded', 'token': '0x77bd0f0712f1fa10299423e8b051d1'}
2020-10-20 17:36:39,131 - root - INFO : 请求正文: {'gatherType': 1, 'programId': '14211', 'isHide': 0, 'pageIndex': 1, 'pageSize': 20}
2020-10-20 17:36:39,496 - root - INFO : 响应消息: {'traceId': '1bd8d95e4da04210a42722815ec0249a', 'status': '0', 'msg': 'success', 'data': {'totalItem': 1, 'list': [{'id': 114002, 'oldCreativityId': None, 'oldProgramId': None, 'no': 'd5842b044c9547a2b470b2a3d7fd42e9', 'name': '自动化创意16859487', 'programName': '自动化计划01465495', 'subjectName': 'Python', 'subjectId': 282, 'channelName': '微信', 'channelId': 6, 'isImport': 0, 'position': '1', 'keyword': None, 'areaId': None, 'areaName': None, 'creatorName': '自动化专用-勿动', 'createTime': 1603186600000, 'remark': None, 'isNeedCaptch': 1, 'state': 2, 'adMainId': None, 'channelAgencyAccountId': None, 'accountCode': None, 'adMainAccount': None, 'thirdUrl': None, 'allocInstType': 1, 'receiveDeptId': None, 'receiveDeptIdChain': None, 'isHide': 0, 'isTest': 0, 'creatorDeptId': 8009, 'vector': None, 'customerVectorValue': None, 'followerName': None, 'followerTanzkAccount': None, 'putMode': 1, 'receptionistId': None, 'receptionistName': None, 'receptionistTanzkAccount': None, 'receptionistDeptId': None, 'receptionistDeptIdChain': None, 'creatorDeptIdChain': '1001-8006-8007-8008-8009', 'updateState': 1, 'type': 1, 'programId': 14211, 'promotionTerminal': 1, 'vectorType': None, 'channelQrCode': None, 'channelNumber': None, 'companyWechatId': None, 'vectorId': None, 'vectorName': None}]}}
2020-10-20 17:36:39,497 - root - INFO : 提取变量: [ creativityId: 114002 ]
2020-10-20 17:36:39,497 - root - INFO : 提取变量: [ creativityName: 自动化创意16859487 ]
2020-10-20 17:36:39,497 - root - INFO : 提取变量: [ creativityNo: d5842b044c9547a2b470b2a3d7fd42e9 ]
2020-10-20 17:36:39,497 - root - INFO : 校验类型: [-status], 结果: [Passed], 预期: [0]
2020-10-20 17:36:39,497 - root - INFO : 校验类型: [-msg], 结果: [Passed], 预期: [success]
2020-10-20 17:36:39,497 - root - INFO :  = = =  = = =  = = =  = = =  = = =  = = =  = = =  = = = 分割线 = = =  = = =  = = =  = = =  = = =  = = =  = = =  = = = 
2020-10-20 17:36:39,498 - root - INFO : 正在执行Function: landing_page_create
2020-10-20 17:36:39,498 - root - INFO : 正在执行Function: create_website_pay
2020-10-20 17:36:39,498 - root - INFO : 描述信息: 【银河/工具/落地页工具】新建落地页-一键支付
2020-10-20 17:36:39,498 - root - INFO : 请求地址: https://luban-api-fat.shiguangkey.com/website-edit-api/website/create_website
2020-10-20 17:36:39,498 - root - INFO : 请求方法: [- POST -]
2020-10-20 17:36:39,498 - root - INFO : 请求头部: {'content-type': 'application/json', 'token': '0x77bd0f0712f1fa10299423e8b051d1'}
2020-10-20 17:36:39,498 - root - INFO : 请求正文: {'name': '自动化落地页95097329', 'goodsId': 416, 'previewUrl': 'https://fat-huawei-media.shiguangkey.com/kcmry3ec1go5l9l', 'isRecommendApp': False, 'submitType': 3, 'isSmsVerify': 1, 'websiteType': 1, 'adCreateType': 1, 'websiteWechatType': 1, 'bgColor': '', 'bgImage': '', 'version': '2.0.0', 'compReqs': [{'compJson': '{"id":"kcmrxf4afj4414j","type":19,"width":375,"height":70,"isFixed":true,"goodsName":"python公开课视频课","goodsId":416,"priceText":0.01,"priceOrigin":0.01,"priceTextColor":"#FF0363","priceTextSize":28,"tipText":"前100名活动限时价","tipTextColor":"#666666","tipTextSize":11,"buttonText":"立即购买","buttonTextColor":"#FFFFFF","buttonTextSize":18,"buttonBg":"#FF0363","isOneKey":true,"y":0}', 'fileIds': [], 'scene': 1, 'type': 19}, {'compJson': '{"id":"kcmrxf7pawt8u71","type":24,"width":375,"height":257,"goodsName":"python公开课视频课","goodsId":0,"goodsDesc":null,"goodsCover":"https://res.shiguangkey.com/file/201811/07/20181107094126190210027.png","priceText":0.01,"priceOrigin":0.01,"phoneNo":"130XXXXXXXX","payNo":"D000000000000000000","isPay":true,"y":0}', 'fileIds': [], 'scene': 2, 'type': 24}, {'compJson': '{"id":"kcmrxf7pltcazu2","type":13,"width":375,"height":136,"text":"上课须知\\n1.本产品为特价活动课程，一经购买，概不退款，请谅解；\\n2.课程购买成功后，老师会在24小时以内通过电话、微信或短信的方式联系您，请保持联系方式畅通。","fontSize":12,"fontWeight":"normal","fontStyle":"normal","textDecoration":"none","opacity":100,"textAlign":"left","letterSpacing":0,"lineHeight":2,"placeholder":"请输入文本内容","color":"#999999","y":257}', 'fileIds': [], 'scene': 2, 'type': 13}, {'compJson': '{"id":"kcmrxf7oqv0p0pw","type":3,"width":375,"height":176,"required":true,"value":"","title":"手机 (已加密)","placeholder":"请输入手机号码","unique":true,"validate":true,"layout":1,"phoneCodeType":0,"codeTextColor":"#FFFFFF","codeTextSize":15,"codeBgColor":"#1855FB","isAbroad":false,"y":0}', 'fileIds': [], 'scene': 3, 'type': 3}, {'compJson': '{"id":"kcmrxf7pxhahryk","type":24,"width":375,"height":218,"goodsName":"python公开课视频课","goodsId":0,"goodsDesc":null,"goodsCover":"https://res.shiguangkey.com/file/201811/07/20181107094126190210027.png","priceText":0.01,"priceOrigin":0.01,"phoneNo":"130XXXXXXXX","payNo":"D000000000000000000","y":176}', 'fileIds': [], 'scene': 3, 'type': 24}, {'compJson': '{"id":"kcmrxf7pwj33r33","type":23,"width":339,"height":71,"buttonHeight":45,"text":"确认支付 ￥0.01","textColor":"#FFFFFF","textSize":18,"borderColor":"#FF0363","borderWidth":2,"borderRadius":4,"bgColor":"#FF0363","isDownloadApp":false,"isFixed":true,"y":394}', 'fileIds': [], 'scene': 3, 'type': 23}]}
2020-10-20 17:36:39,713 - root - INFO : 响应消息: {'status': 0, 'msg': 'success', 'traceId': '1a1f8e52198647758b04d5db263df19e', 'data': {'code': '1318486282184564738', 'id': 9024}}
2020-10-20 17:36:39,713 - root - INFO : 提取变量: [ websiteId: 9024 ]
2020-10-20 17:36:39,713 - root - INFO : 校验类型: [-status], 结果: [Passed], 预期: [0]
2020-10-20 17:36:39,713 - root - INFO : 校验类型: [-msg], 结果: [Passed], 预期: [success]
2020-10-20 17:36:39,713 - root - INFO :  = = =  = = =  = = =  = = =  = = =  = = =  = = =  = = = 分割线 = = =  = = =  = = =  = = =  = = =  = = =  = = =  = = = 
2020-10-20 17:36:39,713 - root - INFO : 正在执行Function: publish_website
2020-10-20 17:36:39,714 - root - INFO : 描述信息: 【银河/工具/落地页工具】发布落地页
2020-10-20 17:36:39,714 - root - INFO : 请求地址: https://luban-api-fat.shiguangkey.com/website-edit-api/website/publish_website
2020-10-20 17:36:39,714 - root - INFO : 请求方法: [- POST -]
2020-10-20 17:36:39,714 - root - INFO : 请求头部: {'content-type': 'application/json', 'token': '0x77bd0f0712f1fa10299423e8b051d1'}
2020-10-20 17:36:39,714 - root - INFO : 请求正文: {'websiteId': '9024'}
2020-10-20 17:36:39,872 - root - INFO : 响应消息: {'status': 0, 'msg': '落地页发布成功', 'traceId': 'f88b64705f324cd79b05f8d97baeb200', 'data': None}
2020-10-20 17:36:39,872 - root - INFO : 校验类型: [-status], 结果: [Passed], 预期: [0]
2020-10-20 17:36:39,872 - root - INFO : 校验类型: [-msg], 结果: [Passed], 预期: [落地页发布成功]
2020-10-20 17:36:39,872 - root - INFO :  = = =  = = =  = = =  = = =  = = =  = = =  = = =  = = = 分割线 = = =  = = =  = = =  = = =  = = =  = = =  = = =  = = = 
2020-10-20 17:36:39,915 - root - INFO : 正在执行Function: creativity_pageList
2020-10-20 17:36:39,915 - root - INFO : 描述信息: 【银河/广告/广告创意】查询广告创意
2020-10-20 17:36:39,915 - root - INFO : 请求地址: https://galaxy-api-fat.shiguangkey.com/api/galaxy/creativity/pageList
2020-10-20 17:36:39,915 - root - INFO : 请求方法: [- POST -]
2020-10-20 17:36:39,915 - root - INFO : 请求头部: {'content-type': 'application/x-www-form-urlencoded', 'token': '0x77bd0f0712f1fa10299423e8b051d1'}
2020-10-20 17:36:39,915 - root - INFO : 请求正文: {'gatherType': 1, 'programId': '14211', 'isHide': 0, 'pageIndex': 1, 'pageSize': 20}
2020-10-20 17:36:40,286 - root - INFO : 响应消息: {'traceId': '3975ee7c497b45669863a6669e5d02a9', 'status': '0', 'msg': 'success', 'data': {'totalItem': 1, 'list': [{'id': 114002, 'oldCreativityId': None, 'oldProgramId': None, 'no': 'd5842b044c9547a2b470b2a3d7fd42e9', 'name': '自动化创意16859487', 'programName': '自动化计划01465495', 'subjectName': 'Python', 'subjectId': 282, 'channelName': '微信', 'channelId': 6, 'isImport': 0, 'position': '1', 'keyword': None, 'areaId': None, 'areaName': None, 'creatorName': '自动化专用-勿动', 'createTime': 1603186600000, 'remark': None, 'isNeedCaptch': 1, 'state': 2, 'adMainId': None, 'channelAgencyAccountId': None, 'accountCode': None, 'adMainAccount': None, 'thirdUrl': None, 'allocInstType': 1, 'receiveDeptId': None, 'receiveDeptIdChain': None, 'isHide': 0, 'isTest': 0, 'creatorDeptId': 8009, 'vector': None, 'customerVectorValue': None, 'followerName': None, 'followerTanzkAccount': None, 'putMode': 1, 'receptionistId': None, 'receptionistName': None, 'receptionistTanzkAccount': None, 'receptionistDeptId': None, 'receptionistDeptIdChain': None, 'creatorDeptIdChain': '1001-8006-8007-8008-8009', 'updateState': 1, 'type': 1, 'programId': 14211, 'promotionTerminal': 1, 'vectorType': None, 'channelQrCode': None, 'channelNumber': None, 'companyWechatId': None, 'vectorId': None, 'vectorName': None}]}}
2020-10-20 17:36:40,287 - root - INFO : 提取变量: [ creativityId: 114002 ]
2020-10-20 17:36:40,287 - root - INFO : 提取变量: [ creativityName: 自动化创意16859487 ]
2020-10-20 17:36:40,288 - root - INFO : 提取变量: [ creativityNo: d5842b044c9547a2b470b2a3d7fd42e9 ]
2020-10-20 17:36:40,288 - root - INFO : 校验类型: [-status], 结果: [Passed], 预期: [0]
2020-10-20 17:36:40,288 - root - INFO : 校验类型: [-msg], 结果: [Passed], 预期: [success]
2020-10-20 17:36:40,288 - root - INFO :  = = =  = = =  = = =  = = =  = = =  = = =  = = =  = = = 分割线 = = =  = = =  = = =  = = =  = = =  = = =  = = =  = = = 
2020-10-20 17:36:40,288 - root - INFO : 正在执行Function: association_creativity
2020-10-20 17:36:40,288 - root - INFO : 描述信息: 【银河/工具/落地页工具】生成链接
2020-10-20 17:36:40,288 - root - INFO : 请求地址: https://luban-api-fat.shiguangkey.com/website-edit-api/website_link/association_creativity
2020-10-20 17:36:40,288 - root - INFO : 请求方法: [- POST -]
2020-10-20 17:36:40,288 - root - INFO : 请求头部: {'content-type': 'application/json', 'token': '0x77bd0f0712f1fa10299423e8b051d1'}
2020-10-20 17:36:40,288 - root - INFO : 请求正文: {'websiteId': '9024', 'title': '自动化落地页95097329', 'releaseChannel': 3, 'putPlanNames': ['自动化计划01465495'], 'adType': 1, 'adPlan': '自动化计划01465495', 'channel': '微信', 'channelId': 6, 'subject': 'Python', 'subjectId': 282, 'baseReqs': [{'adCreativity': '自动化创意16859487', 'adNo': 'd5842b044c9547a2b470b2a3d7fd42e9', 'creativityId': '114002'}], 'accountId': 'wx359bdedd5d18907a', 'domain': 'https://mz-fat.tanzhouedu.com'}
2020-10-20 17:36:40,485 - root - INFO : 响应消息: {'status': 0, 'msg': 'success', 'traceId': 'a14a43b3bf41442fafec608960c048f7', 'data': [{'putPlanName': '自动化计划01465495', 'creativityCode': '30124881da9d2bd8'}]}
2020-10-20 17:36:40,485 - root - INFO : 提取变量: [ creativityCode: 30124881da9d2bd8 ]
2020-10-20 17:36:40,486 - root - INFO : 校验类型: [-status], 结果: [Passed], 预期: [0]
2020-10-20 17:36:40,486 - root - INFO : 校验类型: [-msg], 结果: [Passed], 预期: [success]
2020-10-20 17:36:40,486 - root - INFO : 校验类型: [-in]  结果: [Passed]  预期: [creativityCode]
2020-10-20 17:36:40,486 - root - INFO :  = = =  = = =  = = =  = = =  = = =  = = =  = = =  = = = 分割线 = = =  = = =  = = =  = = =  = = =  = = =  = = =  = = = 
2020-10-20 17:36:40,486 - root - INFO : 正在执行Function: check_one_submit
2020-10-20 17:36:40,486 - root - INFO : 正在执行Function: landing_page_query
2020-10-20 17:36:40,486 - root - INFO : 正在执行Function: list_landing_page
2020-10-20 17:36:40,486 - root - INFO : 描述信息: 【银河/工具/落地页工具】落地页数据查询
2020-10-20 17:36:40,486 - root - INFO : 请求地址: https://luban-api-fat.shiguangkey.com/website-edit-api/website_link/list_creativity
2020-10-20 17:36:40,486 - root - INFO : 请求方法: [- POST -]
2020-10-20 17:36:40,486 - root - INFO : 请求头部: {'content-type': 'application/json', 'token': '0x77bd0f0712f1fa10299423e8b051d1'}
2020-10-20 17:36:40,486 - root - INFO : 请求正文: {'websiteCode': '', 'creativityCode': '', 'adNo': '', 'isTest': '', 'channelCode': '', 'subjectId': '', 'putMode': '', 'websiteName': '自动化落地页95097329', 'submitStartTime': '2020-10-20 00:00:00', 'submitEndTime': '2020-10-20 23:59:59', 'pageNo': 1, 'pageSize': 10, 'websiteType': 1}
2020-10-20 17:36:40,787 - root - INFO : 响应消息: {'status': 0, 'msg': 'success', 'traceId': 'c4b369ef6604468cae59e278a4944589', 'data': {'totalPage': 1, 'rows': [{'websiteLinkId': 8449, 'websiteName': '自动化落地页95097329', 'previewUrl': 'https://fat-huawei-media.shiguangkey.com/kcmry3ec1go5l9l', 'adNo': 'd5842b044c9547a2b470b2a3d7fd42e9', 'creativityId': 114002, 'putPlanName': '自动化计划01465495', 'websiteCode': '1318486282184564738', 'websiteId': 9024, 'promoter': '自动化专用-勿动', 'publishTime': '2020-10-20 17:36:41', 'updatedAt': 1603186601000, 'channel': '微信', 'subject': 'Python', 'putMode': None, 'creativityCode': '30124881da9d2bd8', 'creativityStat': {'creativityCode': '30124881da9d2bd8', 'pageView': 0, 'uniqueVisitor': 0, 'conversionRate': 0, 'orderNum': 0, 'formSubmitNum': 0, 'clickNum': 0, 'adultNum': 0, 'minorNum': 0, 'avgLoadTime': 0, 'downloadNum': 0, 'noCustomerGrown': None, 'noCustomerChild': None, 'cpc': None, 'noLeaningRepeatGrown': None, 'noLeaningRepeatChild': None, 'noLeaning': None}, 'websiteType': 1, 'transferType': 0, 'isTest': None, 'receiveDeptName': None, 'allocInstType': None, 'isDisable': 0, 'releaseChannel': 3, 'url': 'https://mz-fat.tanzhouedu.com?s=30124881da9d2bd8', 'customerNum': None, 'userId': 1737}], 'totalCount': 1, 'pageNo': 1, 'pageSize': 10, 'currentPageSize': 1}}
2020-10-20 17:36:40,788 - root - INFO : 提取变量: [ adNo: d5842b044c9547a2b470b2a3d7fd42e9 ]
2020-10-20 17:36:40,788 - root - INFO : 提取变量: [ websiteCode: 1318486282184564738 ]
2020-10-20 17:36:40,788 - root - INFO : 提取变量: [ websiteLinkId: 8449 ]
2020-10-20 17:36:40,789 - root - INFO : 提取变量: [ url: https://mz-fat.tanzhouedu.com?s=30124881da9d2bd8 ]
2020-10-20 17:36:40,789 - root - INFO : 校验类型: [-status], 结果: [Passed], 预期: [0]
2020-10-20 17:36:40,789 - root - INFO : 校验类型: [-msg], 结果: [Passed], 预期: [success]
2020-10-20 17:36:40,789 - root - INFO :  = = =  = = =  = = =  = = =  = = =  = = =  = = =  = = = 分割线 = = =  = = =  = = =  = = =  = = =  = = =  = = =  = = = 
2020-10-20 17:36:40,789 - root - INFO : 正在执行Function: website_stat_queryStatInfo
2020-10-20 17:36:40,789 - root - INFO : 描述信息: 【银河/工具/落地页工具/查询落地页数据】查看数据
2020-10-20 17:36:40,789 - root - INFO : 请求地址: https://luban-api-fat.shiguangkey.com/website-edit-api/website_stat/queryStatInfo
2020-10-20 17:36:40,789 - root - INFO : 请求方法: [- GET -]
2020-10-20 17:36:40,789 - root - INFO : 请求头部: {'token': '0x77bd0f0712f1fa10299423e8b051d1'}
2020-10-20 17:36:40,789 - root - INFO : 请求正文: {'startTime': '2020-10-20 00:00:00', 'endTime': '2020-10-20 23:59:59', 'adNo': 'd5842b044c9547a2b470b2a3d7fd42e9', 'webSiteCode': '1318486282184564738', 'transferType': 0, 'creativityCode': '30124881da9d2bd8'}
2020-10-20 17:36:40,992 - root - INFO : 响应消息: {'status': 0, 'msg': 'success', 'traceId': 'a93307cc67b94e7c8a9573d01316d0a7', 'data': {'pageView': 0, 'avgDuration': 0, 'bounceRate': 0.0, 'avgStayTime': 0, 'conversionRate': 0.0, 'userView': 0, 'formNumber': 0, 'weChats': None, 'orderNumber': 0, 'clickNumber': None, 'isRecommendApp': None, 'downloadNum': 0}}
2020-10-20 17:36:40,992 - root - INFO : 校验类型: [-status], 结果: [Passed], 预期: [0]
2020-10-20 17:36:40,992 - root - INFO : 校验类型: [-msg], 结果: [Passed], 预期: [success]
2020-10-20 17:36:40,992 - root - INFO :  = = =  = = =  = = =  = = =  = = =  = = =  = = =  = = = 分割线 = = =  = = =  = = =  = = =  = = =  = = =  = = =  = = = 
2020-10-20 17:36:40,992 - root - INFO : 正在执行Function: classroom_query
2020-10-20 17:36:40,992 - root - INFO : 正在执行Function: classroom_login
2020-10-20 17:36:40,993 - root - INFO : 描述信息: 【潭州课堂】获取登录学员 token
2020-10-20 17:36:40,993 - root - INFO : 请求地址: https://open-fat.shiguangkey.com/api/udb/login/standard
2020-10-20 17:36:40,993 - root - INFO : 请求方法: [- POST -]
2020-10-20 17:36:40,993 - root - INFO : 请求头部: {'content-type': 'application/x-www-form-urlencoded', 'terminaltype': '4', 'inviteLinkId': ''}
2020-10-20 17:36:40,993 - root - INFO : 请求正文: {'account': '86-18774925933', 'password': 'awtXQHQoCXGTz04Tm1guMw'}
2020-10-20 17:36:41,169 - root - INFO : 响应消息: {'traceId': 'f79571690b2d4c578acd2673e0371ef4', 'status': '0', 'msg': 'success', 'data': {'user': {'uid': 19845808, 'mobile': '18774925933', 'account': 't0339123108', 'nickname': '奇妙的合果芋', 'headImg': 'https://res.shiguangkey.com/res/images/default.png', 'openId': '', 'newRegister': False, 'needBindPhone': False, 'showAccountList': False}, 'token': 'ee0a19650712ed2b0d29343e080202da'}}
2020-10-20 17:36:41,169 - root - INFO : 提取变量: [ student: ee0a19650712ed2b0d29343e080202da ]
2020-10-20 17:36:41,169 - root - INFO : 校验类型: [-status], 结果: [Passed], 预期: [0]
2020-10-20 17:36:41,169 - root - INFO : 校验类型: [-msg], 结果: [Passed], 预期: [success]
2020-10-20 17:36:41,169 - root - INFO :  = = =  = = =  = = =  = = =  = = =  = = =  = = =  = = = 分割线 = = =  = = =  = = =  = = =  = = =  = = =  = = =  = = = 
2020-10-20 17:36:41,169 - root - INFO : 正在执行Function: api_course_queryByStudent
2020-10-20 17:36:41,170 - root - INFO : 描述信息: 【潭州课堂/我的课表】查看我的课表
2020-10-20 17:36:41,170 - root - INFO : 请求地址: https://www-fat.shiguangkey.com/api/course/queryByStudent
2020-10-20 17:36:41,170 - root - INFO : 请求方法: [- POST -]
2020-10-20 17:36:41,170 - root - INFO : 请求头部: {'content-type': 'application/x-www-form-urlencoded', 'token': 'ee0a19650712ed2b0d29343e080202da'}
2020-10-20 17:36:41,170 - root - INFO : 请求正文: {'pageIndex': 1, 'pageSize': 10, 'terminalType': 4}
2020-10-20 17:36:41,353 - root - INFO : 响应消息: {'bizId': '2924428', 'version': '1.1.2', 'messageId': '20201020173642254806700', 'status': 0, 'msg': 'success', 'data': {'courses': [{'liveChapterTitle': '', 'flowerCount': '', 'liveChapterStartTime': '', 'startTimeMills': 0, 'realStudyNum': '', 'endChapterNumber': 0, 'liveStatusDicFk': '', 'resetStatus': 6510, 'title': 'python公开课视频课', 'enterWay': 2, 'chapterNum': 4, 'unshelveDicFk': 1410, 'accessId': 2773998, 'chapterTeacherName': '', 'cover': 'file/201811/07/20181107094126190210027.png', 'classId': 13060, 'dropOutStatus': 0, 'payType': 0, 'listenBeginDate': '', 'price': '0.00', 'mainTeacher': 'teacher', 'placementStatus': 0, 'startTime': '', 'id': 3806, 'chapterTitle': '', 'schoolName': '', 'origTypeDicFk': '', 'period': 1, 'liveChapterId': '', 'teacherName': '', 'visibility': 5510, 'openState': '', 'shangkeStatusDicFk': 1313, 'chapterTeacherId': '', 'teachingMethod': 8011, 'classStatus': 0, 'applyNum': '', 'userId': 19845808, 'listenEndDate': '', 'studyIncrement': '', 'typeDicFk': 5311, 'nextChapterId': '', 'startDate': '', 'canCancel': True, 'status': 0}, {'liveChapterTitle': '', 'flowerCount': '', 'liveChapterStartTime': '', 'startTimeMills': 0, 'realStudyNum': '', 'endChapterNumber': '', 'liveStatusDicFk': '', 'resetStatus': 6510, 'title': 'zhaoliang', 'enterWay': 2, 'chapterNum': '', 'unshelveDicFk': 1410, 'accessId': 2675637, 'chapterTeacherName': '', 'cover': 'file/202003/11/20200311174214640489523.png', 'classId': 0, 'dropOutStatus': 0, 'payType': 0, 'listenBeginDate': '', 'price': '0.00', 'mainTeacher': '', 'placementStatus': 1, 'startTime': '', 'id': 7615, 'chapterTitle': '', 'schoolName': '', 'origTypeDicFk': '', 'period': 0, 'liveChapterId': '', 'teacherName': '', 'visibility': 5510, 'openState': '', 'shangkeStatusDicFk': '', 'chapterTeacherId': '', 'teachingMethod': 8010, 'classStatus': 2, 'applyNum': '', 'userId': 19845808, 'listenEndDate': '', 'studyIncrement': '', 'typeDicFk': 5311, 'nextChapterId': '', 'startDate': '', 'canCancel': True, 'status': 0}, {'liveChapterTitle': '', 'flowerCount': '', 'liveChapterStartTime': '', 'startTimeMills': 0, 'realStudyNum': '', 'endChapterNumber': '', 'liveStatusDicFk': '', 'resetStatus': 6510, 'title': 'python测试08385871', 'enterWay': 1, 'chapterNum': '', 'unshelveDicFk': 1410, 'accessId': 2675577, 'chapterTeacherName': '', 'cover': 'file/202005/08/20200508190126690159259.png', 'classId': 0, 'dropOutStatus': 0, 'payType': 1, 'listenBeginDate': '', 'price': '1000.00', 'mainTeacher': '', 'placementStatus': 1, 'startTime': '', 'id': 10621, 'chapterTitle': '', 'schoolName': '', 'origTypeDicFk': '', 'period': 0, 'liveChapterId': '', 'teacherName': '', 'visibility': 5510, 'openState': '', 'shangkeStatusDicFk': '', 'chapterTeacherId': '', 'teachingMethod': 8010, 'classStatus': 2, 'applyNum': '', 'userId': 19845808, 'listenEndDate': '', 'studyIncrement': '', 'typeDicFk': 5310, 'nextChapterId': '', 'startDate': '', 'canCancel': False, 'status': 0}, {'liveChapterTitle': '', 'flowerCount': '', 'liveChapterStartTime': '', 'startTimeMills': 0, 'realStudyNum': '', 'endChapterNumber': '', 'liveStatusDicFk': '', 'resetStatus': 6510, 'title': 'VIP直播课002', 'enterWay': 2, 'chapterNum': '', 'unshelveDicFk': 1410, 'accessId': 2672475, 'chapterTeacherName': '', 'cover': 'file/202001/08/20200108102505362885123.png', 'classId': 0, 'dropOutStatus': 0, 'payType': 1, 'listenBeginDate': '', 'price': '999.00', 'mainTeacher': '', 'placementStatus': 1, 'startTime': '', 'id': 7245, 'chapterTitle': '', 'schoolName': '', 'origTypeDicFk': '', 'period': 0, 'liveChapterId': '', 'teacherName': '', 'visibility': 5510, 'openState': '', 'shangkeStatusDicFk': '', 'chapterTeacherId': '', 'teachingMethod': 8010, 'classStatus': 2, 'applyNum': '', 'userId': 19845808, 'listenEndDate': '', 'studyIncrement': '', 'typeDicFk': 5310, 'nextChapterId': '', 'startDate': '', 'canCancel': False, 'status': 0}], 'count': 4}}
2020-10-20 17:36:41,353 - root - INFO : 校验类型: [-status], 结果: [Passed], 预期: [0]
2020-10-20 17:36:41,353 - root - INFO : 校验类型: [-msg], 结果: [Passed], 预期: [success]
2020-10-20 17:36:41,353 - root - INFO : 校验类型: [-in]  结果: [Passed]  预期: python公开课视频课
2020-10-20 17:36:41,354 - root - INFO :  = = =  = = =  = = =  = = =  = = =  = = =  = = =  = = = 分割线 = = =  = = =  = = =  = = =  = = =  = = =  = = =  = = = 
