2020-09-03 15:33:24,616 - root - INFO : 描述信息: 【潭州平台】获取登录用户 token
2020-09-03 15:33:24,616 - root - INFO : 请求地址: https://open-fat.shiguangkey.com/api/udb/workwechat/auth/login
2020-09-03 15:33:24,616 - root - INFO : 请求方法: [- POST -]
2020-09-03 15:33:24,616 - root - INFO : 请求头部: {'content-type': 'application/x-www-form-urlencoded', 'terminaltype': '4', 'user-agent': 'Mozilla/5.0 (Windows NT 10.0; Win64; x64) AppleWebKit/537.36 (KHTML, like Gecko) Chrome/80.0.3987.106 Safari/537.36', 'Connection': 'close', 'keep-alive': 'False'}
2020-09-03 15:33:24,617 - root - INFO : 请求正文: {'account': 't0384223793', 'password': '4QrcOUm6Wau+VuBX8g+IPg'}
2020-09-03 15:33:24,773 - root - INFO : 响应消息: {'traceId': 'bd72588c2b06450ab0e80e25232f1ffd', 'status': '0', 'msg': 'success', 'data': {'user': {'uid': 19862099, 'mobile': '', 'account': '', 'nickname': '日常的阿魏', 'headImg': 'https://res.shiguangkey.com/res/images/default.png', 'openId': '', 'newRegister': False, 'needBindPhone': False, 'showAccountList': False}, 'token': '0x77d16c0712f125313604a48b888f8f'}}
2020-09-03 15:33:24,774 - root - INFO : 提取变量: [ pttoken: 0x77d16c0712f125313604a48b888f8f ]
2020-09-03 15:33:24,774 - root - INFO : 校验类型: [-status], 结果: [Passed], 预期: [0]
2020-09-03 15:33:24,774 - root - INFO : 校验类型: [-msg], 结果: [Passed], 预期: [success]
2020-09-03 15:33:24,774 - root - INFO :  = = =  = = =  = = =  = = =  = = =  = = =  = = =  = = = 分割线 = = =  = = =  = = =  = = =  = = =  = = =  = = =  = = = 
2020-09-03 15:33:24,781 - root - INFO : 描述信息: 【潭州平台】获取登录用户 token
2020-09-03 15:33:24,781 - root - INFO : 请求地址: https://open-fat.shiguangkey.com/api/udb/workwechat/auth/login
2020-09-03 15:33:24,781 - root - INFO : 请求方法: [- POST -]
2020-09-03 15:33:24,781 - root - INFO : 请求头部: {'content-type': 'application/x-www-form-urlencoded', 'terminaltype': '4', 'user-agent': 'Mozilla/5.0 (Windows NT 10.0; Win64; x64) AppleWebKit/537.36 (KHTML, like Gecko) Chrome/80.0.3987.106 Safari/537.36', 'Connection': 'close', 'keep-alive': 'False'}
2020-09-03 15:33:24,781 - root - INFO : 请求正文: {'account': 't0384223793', 'password': '4QrcOUm6Wau+VuBX8g+IPg'}
2020-09-03 15:33:24,927 - root - INFO : 响应消息: {'traceId': 'd1d9519a8697491f86f117bac1fae79d', 'status': '0', 'msg': 'success', 'data': {'user': {'uid': 19862099, 'mobile': '', 'account': '', 'nickname': '日常的阿魏', 'headImg': 'https://res.shiguangkey.com/res/images/default.png', 'openId': '', 'newRegister': False, 'needBindPhone': False, 'showAccountList': False}, 'token': '0x778eb00712f1253303a45379c0e397'}}
2020-09-03 15:33:24,927 - root - INFO : 提取变量: [ pttoken: 0x778eb00712f1253303a45379c0e397 ]
2020-09-03 15:33:24,927 - root - INFO : 校验类型: [-status], 结果: [Passed], 预期: [0]
2020-09-03 15:33:24,928 - root - INFO : 校验类型: [-msg], 结果: [Passed], 预期: [success]
2020-09-03 15:33:24,928 - root - INFO :  = = =  = = =  = = =  = = =  = = =  = = =  = = =  = = = 分割线 = = =  = = =  = = =  = = =  = = =  = = =  = = =  = = = 
2020-09-03 15:33:24,940 - root - INFO : 描述信息: 【潭州平台】获取登录用户 token
2020-09-03 15:33:24,940 - root - INFO : 请求地址: https://open-fat.shiguangkey.com/api/udb/workwechat/auth/login
2020-09-03 15:33:24,940 - root - INFO : 请求方法: [- POST -]
2020-09-03 15:33:24,940 - root - INFO : 请求头部: {'content-type': 'application/x-www-form-urlencoded', 'terminaltype': '4', 'user-agent': 'Mozilla/5.0 (Windows NT 10.0; Win64; x64) AppleWebKit/537.36 (KHTML, like Gecko) Chrome/80.0.3987.106 Safari/537.36', 'Connection': 'close', 'keep-alive': 'False'}
2020-09-03 15:33:24,940 - root - INFO : 请求正文: {'account': 't0384223793', 'password': '4QrcOUm6Wau+VuBX8g+IPg'}
2020-09-03 15:33:25,081 - root - INFO : 响应消息: {'traceId': '18acbac2522343769a05b99b73179523', 'status': '0', 'msg': 'success', 'data': {'user': {'uid': 19862099, 'mobile': '', 'account': '', 'nickname': '日常的阿魏', 'headImg': 'https://res.shiguangkey.com/res/images/default.png', 'openId': '', 'newRegister': False, 'needBindPhone': False, 'showAccountList': False}, 'token': '0x77990b0712f1253e0c947478843eac'}}
2020-09-03 15:33:25,081 - root - INFO : 提取变量: [ pttoken: 0x77990b0712f1253e0c947478843eac ]
2020-09-03 15:33:25,081 - root - INFO : 校验类型: [-status], 结果: [Passed], 预期: [0]
2020-09-03 15:33:25,082 - root - INFO : 校验类型: [-msg], 结果: [Passed], 预期: [success]
2020-09-03 15:33:25,082 - root - INFO :  = = =  = = =  = = =  = = =  = = =  = = =  = = =  = = = 分割线 = = =  = = =  = = =  = = =  = = =  = = =  = = =  = = = 
2020-09-03 15:33:25,083 - root - INFO : 当前运行Case: test_del_flow_cost_mgt_batch
2020-09-03 15:33:25,083 - root - INFO : 正在执行Function: test_del_flow_cost_mgt_batch
2020-09-03 15:33:25,084 - root - INFO : 正在执行Function: flow_cost_mgt_page_list
2020-09-03 15:33:25,084 - root - INFO : 描述信息: 【预算/流量成本管理/查询】
2020-09-03 15:33:25,084 - root - INFO : 请求地址: https://galaxy-api-fat.shiguangkey.com/api/galaxy/flow/cost/manage/pageList
2020-09-03 15:33:25,084 - root - INFO : 请求方法: [- POST -]
2020-09-03 15:33:25,084 - root - INFO : 请求头部: {'content-type': 'application/x-www-form-urlencoded', 'token': '0x77990b0712f1253e0c947478843eac', 'user-agent': 'Mozilla/5.0 (Windows NT 10.0; Win64; x64) AppleWebKit/537.36 (KHTML, like Gecko) Chrome/80.0.3987.106 Safari/537.36', 'Connection': 'close', 'keep-alive': 'False'}
2020-09-03 15:33:25,084 - root - INFO : 请求正文: {'pageIndex': 1, 'pageSize': 20, 'startCostMonth': 1601481600000, 'endCostMonth': 1601654399999}
2020-09-03 15:33:25,315 - root - INFO : 响应消息: {'traceId': '819568345f294a09b6b3d980281150eb', 'status': '0', 'msg': 'success', 'data': {'list': [{'id': 98, 'costMonth': 1601481600000, 'promotionerDeptIdChain': '1001-8006-8007-8008-8009', 'promotionerDeptName': '潭州教育>自动化测试分公司--勿动>自动化测试群--勿动>自动化测试事业部>自动化测试院', 'subjectId': 495, 'subjectName': '形象设计', 'channelId': 4, 'channelName': '知乎', 'gatherType': 1, 'putMode': 1, 'lastMonthLaunchNumber': 10000, 'lastMonthCashConsume': 1000.0, 'lastMonthSupplyTotal': 10000, 'lastMonthCost': 100.0, 'lastMonthDayAverageSupply': 1600, 'sameMonthDayAverageSupply': 10000, 'sameMonthDayAverageIncrement': 100, 'sameMonthCost': 1000.0, 'sameMonthDayConsume': 100.0, 'sameMonthSupply': 10000, 'sameMonthCashConsume': 1000.0, 'creatorId': 19862099, 'creatorName': '日常的阿魏', 'creatorDeptId': 8009, 'creatorDeptIdChain': '1001-8006-8007-8008-8009', 'createTime': 1599117995000, 'modifierId': '', 'modifierName': '', 'modifyTime': '', 'isDelete': 2020}, {'id': 97, 'costMonth': 1601481600000, 'promotionerDeptIdChain': '1001-8006-8007-8008-8009', 'promotionerDeptName': '潭州教育>自动化测试分公司--勿动>自动化测试群--勿动>自动化测试事业部>自动化测试院', 'subjectId': 373, 'subjectName': 'SEM', 'channelId': 4, 'channelName': '知乎', 'gatherType': 3, 'putMode': 1, 'lastMonthLaunchNumber': 10000, 'lastMonthCashConsume': 1000.0, 'lastMonthSupplyTotal': 10000, 'lastMonthCost': 100.0, 'lastMonthDayAverageSupply': 1600, 'sameMonthDayAverageSupply': 10000, 'sameMonthDayAverageIncrement': 100, 'sameMonthCost': 1000.0, 'sameMonthDayConsume': 100.0, 'sameMonthSupply': 10000, 'sameMonthCashConsume': 1000.0, 'creatorId': 19862099, 'creatorName': '日常的阿魏', 'creatorDeptId': 8009, 'creatorDeptIdChain': '1001-8006-8007-8008-8009', 'createTime': 1599116383000, 'modifierId': '', 'modifierName': '', 'modifyTime': '', 'isDelete': 2020}], 'totalItem': 2, 'summation': {'lastMonthLaunchNumber': 20000, 'lastMonthCashConsume': 2000.0, 'lastMonthSupplyTotal': 20000, 'lastMonthCost': 0.1, 'lastMonthDayAverageSupply': 3200, 'sameMonthDayAverageSupply': 20000, 'sameMonthDayAverageIncrement': 200, 'sameMonthCost': 0.1, 'sameMonthDayConsume': 200.0, 'sameMonthSupply': 20000, 'sameMonthCashConsume': 2000.0}}}
2020-09-03 15:33:25,316 - root - INFO : 提取变量: [ id: 98 ]
2020-09-03 15:33:25,316 - root - INFO : 提取变量: [ costMonth: 1601481600000 ]
2020-09-03 15:33:25,317 - root - INFO : 提取变量: [ subjectId: 495 ]
2020-09-03 15:33:25,317 - root - INFO : 提取变量: [ subjectName: 形象设计 ]
2020-09-03 15:33:25,317 - root - INFO : 校验类型: [-status], 结果: [Passed], 预期: [0]
2020-09-03 15:33:25,317 - root - INFO : 校验类型: [-msg], 结果: [Passed], 预期: [success]
2020-09-03 15:33:25,317 - root - INFO :  = = =  = = =  = = =  = = =  = = =  = = =  = = =  = = = 分割线 = = =  = = =  = = =  = = =  = = =  = = =  = = =  = = = 
