2020-10-24 14:02:45,004 - root - INFO : 描述信息: 【潭州平台】获取登录用户 token
2020-10-24 14:02:45,004 - root - INFO : 请求地址: https://open-fat.shiguangkey.com/api/udb/workwechat/auth/login
2020-10-24 14:02:45,005 - root - INFO : 请求方法: [- POST -]
2020-10-24 14:02:45,005 - root - INFO : 请求头部: {'content-type': 'application/x-www-form-urlencoded', 'terminaltype': '4'}
2020-10-24 14:02:45,005 - root - INFO : 请求正文: {'account': 't0383212689', 'password': '4QrcOUm6Wau+VuBX8g+IPg'}
2020-10-24 14:02:45,235 - root - INFO : 响应消息: {'traceId': '99f191d095ad4bdda60426788d923ee3', 'status': '0', 'msg': 'success', 'data': {'user': {'uid': 19861712, 'mobile': '', 'account': '', 'nickname': '暖和的少女花', 'headImg': 'https://res.shiguangkey.com/res/images/default.png', 'openId': '', 'newRegister': False, 'needBindPhone': False, 'showAccountList': False}, 'token': '0x77287d0712f10d06fd048a49ba4bae'}}
2020-10-24 14:02:45,236 - root - INFO : 提取变量: [ pttoken: 0x77287d0712f10d06fd048a49ba4bae ]
2020-10-24 14:02:45,236 - root - INFO : 校验类型: [-status], 结果: [Passed], 预期: [0]
2020-10-24 14:02:45,236 - root - INFO : 校验类型: [-msg], 结果: [Passed], 预期: [success]
2020-10-24 14:02:45,236 - root - INFO :  = = =  = = =  = = =  = = =  = = =  = = =  = = =  = = = 分割线 = = =  = = =  = = =  = = =  = = =  = = =  = = =  = = = 
2020-10-24 14:03:11,976 - root - INFO : 正在执行Function: add_agent
2020-10-24 14:03:11,977 - root - INFO : 描述信息: 【银河/账户/代理商管理】新增代理商
2020-10-24 14:03:11,977 - root - INFO : 请求地址: https://galaxy-api-fat.shiguangkey.com/api/galaxy/channelAgency/save
2020-10-24 14:03:11,977 - root - INFO : 请求方法: [- POST -]
2020-10-24 14:03:11,977 - root - INFO : 请求头部: {'content-type': 'application/x-www-form-urlencoded', 'token': '0x77287d0712f10d06fd048a49ba4bae', 'terminaltype': '4'}
2020-10-24 14:03:11,978 - root - INFO : 请求正文: {'agencyShortName': '丁聪测试', 'agencyName': '丁聪测试', 'thirdAgencyCode': '3513210215', 'channelId': '6', 'channelName': '微信'}
2020-10-24 14:03:12,244 - root - INFO : 响应消息: {'traceId': 'ca7a037c89da42d19b0dde2b58c3dd7a', 'status': '0', 'msg': 'success', 'data': {}}
2020-10-24 14:03:12,245 - root - INFO : 校验类型: [-status], 结果: [Passed], 预期: [0]
2020-10-24 14:03:12,245 - root - INFO : 校验类型: [-msg], 结果: [Passed], 预期: [success]
2020-10-24 14:03:12,245 - root - INFO :  = = =  = = =  = = =  = = =  = = =  = = =  = = =  = = = 分割线 = = =  = = =  = = =  = = =  = = =  = = =  = = =  = = = 
2020-10-24 14:03:12,245 - root - INFO : 正在执行Function: qry_channel_agency
2020-10-24 14:03:12,245 - root - INFO : 描述信息: 【银河/账户/代理商管理】查询代理商
2020-10-24 14:03:12,246 - root - INFO : 请求地址: https://galaxy-api-fat.shiguangkey.com/api/galaxy/channelAgency/pageList
2020-10-24 14:03:12,246 - root - INFO : 请求方法: [- POST -]
2020-10-24 14:03:12,246 - root - INFO : 请求头部: {'content-type': 'application/x-www-form-urlencoded', 'token': '0x77287d0712f10d06fd048a49ba4bae', 'terminaltype': '4'}
2020-10-24 14:03:12,246 - root - INFO : 请求正文: {'pageIndex': 1, 'pageSize': 20, 'thirdAgencyCode': '3513210215'}
2020-10-24 14:03:12,475 - root - INFO : 响应消息: {'traceId': '35f86e4502264affa1e9d458f5565524', 'status': '0', 'msg': 'success', 'data': {'totalItem': 1, 'list': [{'id': 129, 'agencyCode': 10000107, 'agencyName': '丁聪测试', 'agencyShortName': '丁聪测试', 'channelId': 6, 'channelName': '微信', 'bank': '-1', 'bankAccount': '-1', 'state': 1, 'creatorId': 19861712, 'creatorName': '暖和的少女花', 'creatorDeptId': 8009, 'creatorDeptIdChain': '1001-8006-8007-8008-8009', 'createTime': 1603519393000, 'modifierId': None, 'modifierName': None, 'modifyTime': 1603519393000, 'isDelete': 0, 'thirdAgencyCode': '3513210215', 'stateName': None, 'rebateNum': 0}]}}
2020-10-24 14:03:12,476 - root - INFO : 提取变量: [ channelAgencyId: 129 ]
2020-10-24 14:03:12,476 - root - INFO : 提取变量: [ agencyCode: 10000107 ]
2020-10-24 14:03:12,477 - root - INFO : 提取变量: [ agencyName: 丁聪测试 ]
2020-10-24 14:03:12,477 - root - INFO : 提取变量: [ agencyShortName: 丁聪测试 ]
2020-10-24 14:03:12,477 - root - INFO : 提取变量: [ channelId: 6 ]
