2020-10-21 15:52:49,903 - root - INFO : 描述信息: 【潭州平台】获取登录用户 token
2020-10-21 15:52:49,903 - root - INFO : 请求地址: https://open-fat.shiguangkey.com/api/udb/workwechat/auth/login
2020-10-21 15:52:49,903 - root - INFO : 请求方法: [- POST -]
2020-10-21 15:52:49,903 - root - INFO : 请求头部: {'content-type': 'application/x-www-form-urlencoded', 'terminaltype': '4'}
2020-10-21 15:52:49,903 - root - INFO : 请求正文: {'account': 't0384223793', 'password': '4QrcOUm6Wau+VuBX8g+IPg'}
2020-10-21 15:52:50,136 - root - INFO : 响应消息: {'traceId': '4a1348ff1023417c85d1090f88ecdf07', 'status': '0', 'msg': 'success', 'data': {'user': {'uid': 19862099, 'mobile': '', 'account': '', 'nickname': '日常的阿魏', 'headImg': 'https://res.shiguangkey.com/res/images/default.png', 'openId': '', 'newRegister': False, 'needBindPhone': False, 'showAccountList': False}, 'token': '0x779ea90712f1253f240481e9026e01'}}
2020-10-21 15:52:50,138 - root - INFO : 提取变量: [ pttoken: 0x779ea90712f1253f240481e9026e01 ]
2020-10-21 15:52:50,138 - root - INFO : 校验类型: [-status], 结果: [Passed], 预期: [0]
2020-10-21 15:52:50,138 - root - INFO : 校验类型: [-msg], 结果: [Passed], 预期: [success]
2020-10-21 15:52:50,138 - root - INFO :  = = =  = = =  = = =  = = =  = = =  = = =  = = =  = = = 分割线 = = =  = = =  = = =  = = =  = = =  = = =  = = =  = = = 
2020-10-21 16:02:59,990 - root - INFO : ************** 当前运行环境: Fat *************
2020-10-21 16:03:00,209 - root - INFO : 描述信息: 【潭州平台】获取登录用户 token
2020-10-21 16:03:00,209 - root - INFO : 请求地址: https://open-fat.shiguangkey.com/api/udb/workwechat/auth/login
2020-10-21 16:03:00,209 - root - INFO : 请求方法: [- POST -]
2020-10-21 16:03:00,209 - root - INFO : 请求头部: {'content-type': 'application/x-www-form-urlencoded', 'terminaltype': '4'}
2020-10-21 16:03:00,210 - root - INFO : 请求正文: {'account': 't0383212689', 'password': '4QrcOUm6Wau+VuBX8g+IPg'}
2020-10-21 16:03:00,509 - root - INFO : 响应消息: {'traceId': '3014e64a58d74a40bcce584b690ecb2b', 'status': '0', 'msg': 'success', 'data': {'user': {'uid': 19861712, 'mobile': '', 'account': '', 'nickname': '暖和的少女花', 'headImg': 'https://res.shiguangkey.com/res/images/default.png', 'openId': '', 'newRegister': False, 'needBindPhone': False, 'showAccountList': False}, 'token': '0x77906c0712f10d035214ad295cf73f'}}
2020-10-21 16:03:00,509 - root - INFO : 提取变量: [ pttoken: 0x77906c0712f10d035214ad295cf73f ]
2020-10-21 16:03:00,509 - root - INFO : 校验类型: [-status], 结果: [Passed], 预期: [0]
2020-10-21 16:03:00,509 - root - INFO : 校验类型: [-msg], 结果: [Passed], 预期: [success]
2020-10-21 16:03:00,509 - root - INFO :  = = =  = = =  = = =  = = =  = = =  = = =  = = =  = = = 分割线 = = =  = = =  = = =  = = =  = = =  = = =  = = =  = = = 
2020-10-21 16:03:00,509 - root - INFO : 正在执行Function: add_ad_plan
2020-10-21 16:03:00,510 - root - INFO : 描述信息: 【银河/广告/广告计划】新增广告计划
2020-10-21 16:03:00,510 - root - INFO : 描述信息: 【潭州平台】获取登录用户 token
2020-10-21 16:03:00,510 - root - INFO : 请求地址: https://open-fat.shiguangkey.com/api/udb/workwechat/auth/login
2020-10-21 16:03:00,510 - root - INFO : 请求方法: [- POST -]
2020-10-21 16:03:00,510 - root - INFO : 请求头部: {'content-type': 'application/x-www-form-urlencoded', 'terminaltype': '4'}
2020-10-21 16:03:00,510 - root - INFO : 请求正文: {'account': 't0383212689', 'password': '4QrcOUm6Wau+VuBX8g+IPg'}
2020-10-21 16:03:00,669 - root - INFO : 响应消息: {'traceId': '619dd841e55c4c3f9e0cc1f97f83dc0f', 'status': '0', 'msg': 'success', 'data': {'user': {'uid': 19861712, 'mobile': '', 'account': '', 'nickname': '暖和的少女花', 'headImg': 'https://res.shiguangkey.com/res/images/default.png', 'openId': '', 'newRegister': False, 'needBindPhone': False, 'showAccountList': False}, 'token': '0x77fbaf0712f10d01000463d8e6b4d4'}}
2020-10-21 16:03:00,670 - root - INFO : 提取变量: [ pttoken: 0x77fbaf0712f10d01000463d8e6b4d4 ]
2020-10-21 16:03:00,670 - root - INFO : 校验类型: [-status], 结果: [Passed], 预期: [0]
2020-10-21 16:03:00,670 - root - INFO : 校验类型: [-msg], 结果: [Passed], 预期: [success]
2020-10-21 16:03:00,670 - root - INFO :  = = =  = = =  = = =  = = =  = = =  = = =  = = =  = = = 分割线 = = =  = = =  = = =  = = =  = = =  = = =  = = =  = = = 
2020-10-21 16:03:00,670 - root - INFO : 请求地址: https://galaxy-api-fat.shiguangkey.com/api/galaxy/program/info/save
2020-10-21 16:03:00,670 - root - INFO : 请求方法: [- POST -]
2020-10-21 16:03:00,670 - root - INFO : 请求头部: {'content-type': 'application/json', 'token': '0x77fbaf0712f10d01000463d8e6b4d4'}
2020-10-21 16:03:00,670 - root - INFO : 请求正文: {'channelId': 6, 'name': '自动化计划28259831', 'subjectId': 282, 'subjectName': 'Python', 'isTest': 0, 'putMode': 1, 'type': 1, 'gatherType': 1, 'allocInstType': 1, 'channelName': '微信'}
2020-10-21 16:03:00,960 - root - INFO : 响应消息: {'traceId': '8b8cb70ad20840c6acd8023820162306', 'status': '0', 'msg': 'success', 'data': {}}
2020-10-21 16:03:00,961 - root - INFO : 校验类型: [-status], 结果: [Passed], 预期: [0]
2020-10-21 16:03:00,961 - root - INFO : 校验类型: [-msg], 结果: [Passed], 预期: [success]
2020-10-21 16:03:00,961 - root - INFO :  = = =  = = =  = = =  = = =  = = =  = = =  = = =  = = = 分割线 = = =  = = =  = = =  = = =  = = =  = = =  = = =  = = = 
2020-10-21 16:03:00,961 - root - INFO : 正在执行Function: program_pageList
2020-10-21 16:03:00,961 - root - INFO : 描述信息: 【银河/广告/广告计划】查询广告计划
2020-10-21 16:03:00,961 - root - INFO : 描述信息: 【潭州平台】获取登录用户 token
2020-10-21 16:03:00,961 - root - INFO : 请求地址: https://open-fat.shiguangkey.com/api/udb/workwechat/auth/login
2020-10-21 16:03:00,961 - root - INFO : 请求方法: [- POST -]
2020-10-21 16:03:00,961 - root - INFO : 请求头部: {'content-type': 'application/x-www-form-urlencoded', 'terminaltype': '4'}
2020-10-21 16:03:00,961 - root - INFO : 请求正文: {'account': 't0383212689', 'password': '4QrcOUm6Wau+VuBX8g+IPg'}
2020-10-21 16:03:01,101 - root - INFO : 响应消息: {'traceId': 'a3d3bede2e9045a291835b29204c47ce', 'status': '0', 'msg': 'success', 'data': {'user': {'uid': 19861712, 'mobile': '', 'account': '', 'nickname': '暖和的少女花', 'headImg': 'https://res.shiguangkey.com/res/images/default.png', 'openId': '', 'newRegister': False, 'needBindPhone': False, 'showAccountList': False}, 'token': '0x7726dc0712f10d09fd04ba5aae7ae2'}}
2020-10-21 16:03:01,101 - root - INFO : 提取变量: [ pttoken: 0x7726dc0712f10d09fd04ba5aae7ae2 ]
2020-10-21 16:03:01,101 - root - INFO : 校验类型: [-status], 结果: [Passed], 预期: [0]
2020-10-21 16:03:01,101 - root - INFO : 校验类型: [-msg], 结果: [Passed], 预期: [success]
2020-10-21 16:03:01,101 - root - INFO :  = = =  = = =  = = =  = = =  = = =  = = =  = = =  = = = 分割线 = = =  = = =  = = =  = = =  = = =  = = =  = = =  = = = 
2020-10-21 16:03:01,101 - root - INFO : 请求地址: https://galaxy-api-fat.shiguangkey.com/api/galaxy/program/pageList
2020-10-21 16:03:01,101 - root - INFO : 请求方法: [- POST -]
2020-10-21 16:03:01,101 - root - INFO : 请求头部: {'content-type': 'application/x-www-form-urlencoded', 'token': '0x7726dc0712f10d09fd04ba5aae7ae2'}
2020-10-21 16:03:01,101 - root - INFO : 请求正文: {'name': '自动化计划28259831', 'isHide': 0, 'pageIndex': 1, 'pageSize': 20, 'gatherType': 1}
2020-10-21 16:03:01,429 - root - INFO : 响应消息: {'traceId': 'cc259432cacc428da9ec8a3387e7d086', 'status': '0', 'msg': 'success', 'data': {'totalItem': 1, 'list': [{'id': 14272, 'oldProgramId': None, 'no': '1000001181139230', 'name': '自动化计划28259831', 'type': 1, 'programName': None, 'subjectName': 'Python', 'subjectId': 282, 'channelName': '微信', 'channelId': 6, 'isImport': None, 'position': None, 'keyword': None, 'areaId': None, 'areaName': None, 'remark': None, 'isNeedCaptch': None, 'state': None, 'adMainId': None, 'channelAgencyAccountId': None, 'accountCode': None, 'adMainAccount': None, 'thirdUrl': None, 'allocInstType': 1, 'receiveDeptId': None, 'receiveDeptIdChain': None, 'isHide': 0, 'isTest': 0, 'creatorDeptId': 8009, 'creatorName': '暖和的少女花', 'createTime': 1603267381000, 'putMode': 1, 'updateState': 1}]}}
2020-10-21 16:03:01,430 - root - INFO : 提取变量: [ channelId: 6 ]
2020-10-21 16:03:01,430 - root - INFO : 提取变量: [ putMode: 1 ]
2020-10-21 16:03:01,430 - root - INFO : 提取变量: [ adName: 自动化计划28259831 ]
2020-10-21 16:03:01,430 - root - INFO : 提取变量: [ adId: 14272 ]
2020-10-21 16:03:01,431 - root - INFO : 提取变量: [ type: 1 ]
2020-10-21 16:03:01,431 - root - INFO : 校验类型: [-status], 结果: [Passed], 预期: [0]
2020-10-21 16:03:01,431 - root - INFO : 校验类型: [-msg], 结果: [Passed], 预期: [success]
2020-10-21 16:03:01,431 - root - INFO : 校验类型: [-in]  结果: [Passed]  预期: [name]
2020-10-21 16:03:01,431 - root - INFO :  = = =  = = =  = = =  = = =  = = =  = = =  = = =  = = = 分割线 = = =  = = =  = = =  = = =  = = =  = = =  = = =  = = = 
2020-10-21 16:03:01,431 - root - INFO : 正在执行Function: creativity_save
2020-10-21 16:03:01,431 - root - INFO : 描述信息: 【银河/广告/广告计划】新建广告创意
2020-10-21 16:03:01,431 - root - INFO : 描述信息: 【潭州平台】获取登录用户 token
2020-10-21 16:03:01,431 - root - INFO : 请求地址: https://open-fat.shiguangkey.com/api/udb/workwechat/auth/login
2020-10-21 16:03:01,431 - root - INFO : 请求方法: [- POST -]
2020-10-21 16:03:01,431 - root - INFO : 请求头部: {'content-type': 'application/x-www-form-urlencoded', 'terminaltype': '4'}
2020-10-21 16:03:01,431 - root - INFO : 请求正文: {'account': 't0383212689', 'password': '4QrcOUm6Wau+VuBX8g+IPg'}
2020-10-21 16:03:01,592 - root - INFO : 响应消息: {'traceId': '0004d8af546749dfa148dac839ff05c9', 'status': '0', 'msg': 'success', 'data': {'user': {'uid': 19861712, 'mobile': '', 'account': '', 'nickname': '暖和的少女花', 'headImg': 'https://res.shiguangkey.com/res/images/default.png', 'openId': '', 'newRegister': False, 'needBindPhone': False, 'showAccountList': False}, 'token': '0x7713ba0712f10d007fb4b20a61d6f6'}}
2020-10-21 16:03:01,592 - root - INFO : 提取变量: [ pttoken: 0x7713ba0712f10d007fb4b20a61d6f6 ]
2020-10-21 16:03:01,592 - root - INFO : 校验类型: [-status], 结果: [Passed], 预期: [0]
2020-10-21 16:03:01,592 - root - INFO : 校验类型: [-msg], 结果: [Passed], 预期: [success]
2020-10-21 16:03:01,592 - root - INFO :  = = =  = = =  = = =  = = =  = = =  = = =  = = =  = = = 分割线 = = =  = = =  = = =  = = =  = = =  = = =  = = =  = = = 
2020-10-21 16:03:01,592 - root - INFO : 请求地址: https://galaxy-api-fat.shiguangkey.com/api/galaxy/creativity/save
2020-10-21 16:03:01,592 - root - INFO : 请求方法: [- POST -]
2020-10-21 16:03:01,592 - root - INFO : 请求头部: {'content-type': 'application/x-www-form-urlencoded', 'token': '0x7713ba0712f10d007fb4b20a61d6f6'}
2020-10-21 16:03:01,592 - root - INFO : 请求正文: {'name': '自动化创意47454750', 'gatherType': 1, 'isNeedCaptch': 1, 'position': 1, 'type': '1', 'putMode': '1', 'channelId': '6', 'programId': '14272', 'programName': '自动化计划28259831'}
2020-10-21 16:03:01,832 - root - INFO : 响应消息: {'traceId': 'b37ed2bb59a24bd391fdd2f1fe1fe756', 'status': '0', 'msg': 'success', 'data': {}}
2020-10-21 16:03:01,833 - root - INFO : 校验类型: [-status], 结果: [Passed], 预期: [0]
2020-10-21 16:03:01,833 - root - INFO : 校验类型: [-msg], 结果: [Passed], 预期: [success]
2020-10-21 16:03:01,833 - root - INFO :  = = =  = = =  = = =  = = =  = = =  = = =  = = =  = = = 分割线 = = =  = = =  = = =  = = =  = = =  = = =  = = =  = = = 
2020-10-21 16:03:01,833 - root - INFO : 正在执行Function: creativity_pageList
2020-10-21 16:03:01,833 - root - INFO : 描述信息: 【银河/广告/广告创意】查询广告创意
2020-10-21 16:03:01,833 - root - INFO : 描述信息: 【潭州平台】获取登录用户 token
2020-10-21 16:03:01,833 - root - INFO : 请求地址: https://open-fat.shiguangkey.com/api/udb/workwechat/auth/login
2020-10-21 16:03:01,833 - root - INFO : 请求方法: [- POST -]
2020-10-21 16:03:01,833 - root - INFO : 请求头部: {'content-type': 'application/x-www-form-urlencoded', 'terminaltype': '4'}
2020-10-21 16:03:01,833 - root - INFO : 请求正文: {'account': 't0383212689', 'password': '4QrcOUm6Wau+VuBX8g+IPg'}
2020-10-21 16:03:01,994 - root - INFO : 响应消息: {'traceId': '44e949b2a71b454db8a664bcea3c3880', 'status': '0', 'msg': 'success', 'data': {'user': {'uid': 19861712, 'mobile': '', 'account': '', 'nickname': '暖和的少女花', 'headImg': 'https://res.shiguangkey.com/res/images/default.png', 'openId': '', 'newRegister': False, 'needBindPhone': False, 'showAccountList': False}, 'token': '0x7713470712f10d0dcd54af882bf3a9'}}
2020-10-21 16:03:01,995 - root - INFO : 提取变量: [ pttoken: 0x7713470712f10d0dcd54af882bf3a9 ]
2020-10-21 16:03:01,995 - root - INFO : 校验类型: [-status], 结果: [Passed], 预期: [0]
2020-10-21 16:03:01,995 - root - INFO : 校验类型: [-msg], 结果: [Passed], 预期: [success]
2020-10-21 16:03:01,995 - root - INFO :  = = =  = = =  = = =  = = =  = = =  = = =  = = =  = = = 分割线 = = =  = = =  = = =  = = =  = = =  = = =  = = =  = = = 
2020-10-21 16:03:01,995 - root - INFO : 请求地址: https://galaxy-api-fat.shiguangkey.com/api/galaxy/creativity/pageList
2020-10-21 16:03:01,995 - root - INFO : 请求方法: [- POST -]
2020-10-21 16:03:01,995 - root - INFO : 请求头部: {'content-type': 'application/x-www-form-urlencoded', 'token': '0x7713470712f10d0dcd54af882bf3a9'}
2020-10-21 16:03:01,995 - root - INFO : 请求正文: {'gatherType': 1, 'programId': '14272', 'isHide': 0, 'pageIndex': 1, 'pageSize': 20}
2020-10-21 16:03:02,322 - root - INFO : 响应消息: {'traceId': '09002d4d93494203ab8660243e2a056e', 'status': '0', 'msg': 'success', 'data': {'totalItem': 1, 'list': [{'id': 114070, 'oldCreativityId': None, 'oldProgramId': None, 'no': '5e2588b9892b424e8f481ea3ece1f0c1', 'name': '自动化创意47454750', 'programName': '自动化计划28259831', 'subjectName': 'Python', 'subjectId': 282, 'channelName': '微信', 'channelId': 6, 'isImport': 0, 'position': '1', 'keyword': None, 'areaId': None, 'areaName': None, 'creatorName': '暖和的少女花', 'createTime': 1603267382000, 'remark': None, 'isNeedCaptch': 1, 'state': 2, 'adMainId': None, 'channelAgencyAccountId': None, 'accountCode': None, 'adMainAccount': None, 'thirdUrl': None, 'allocInstType': 1, 'receiveDeptId': None, 'receiveDeptIdChain': None, 'isHide': 0, 'isTest': 0, 'creatorDeptId': 8009, 'vector': None, 'customerVectorValue': None, 'followerName': None, 'followerTanzkAccount': None, 'putMode': 1, 'receptionistId': None, 'receptionistName': None, 'receptionistTanzkAccount': None, 'receptionistDeptId': None, 'receptionistDeptIdChain': None, 'creatorDeptIdChain': '1001-8006-8007-8008-8009', 'updateState': 1, 'type': 1, 'programId': 14272, 'promotionTerminal': 1, 'vectorType': None, 'channelQrCode': None, 'channelNumber': None, 'companyWechatId': None, 'vectorId': None, 'vectorName': None}]}}
2020-10-21 16:03:02,323 - root - INFO : 提取变量: [ creativityId: 114070 ]
2020-10-21 16:03:02,323 - root - INFO : 提取变量: [ creativityName: 自动化创意47454750 ]
2020-10-21 16:03:02,323 - root - INFO : 提取变量: [ creativityNo: 5e2588b9892b424e8f481ea3ece1f0c1 ]
2020-10-21 16:03:02,323 - root - INFO : 校验类型: [-status], 结果: [Passed], 预期: [0]
2020-10-21 16:03:02,324 - root - INFO : 校验类型: [-msg], 结果: [Passed], 预期: [success]
2020-10-21 16:03:02,324 - root - INFO :  = = =  = = =  = = =  = = =  = = =  = = =  = = =  = = = 分割线 = = =  = = =  = = =  = = =  = = =  = = =  = = =  = = = 
2020-10-21 16:03:02,324 - root - INFO : 描述信息: 【银河/广告/广告创意】导入单个手机流量
2020-10-21 16:03:02,430 - root - INFO : 请求地址: https://galaxy-api-fat.shiguangkey.com/api/galaxy/gather/importing
2020-10-21 16:03:02,430 - root - INFO : 请求方法: [- POST -]
2020-10-21 16:03:02,430 - root - INFO : 请求头部: {'content-type': 'multipart/form-data; boundary=e26e9f7256090c6d791ba62deeeeb6ad', 'token': '0x7713470712f10d0dcd54af882bf3a9'}
2020-10-21 16:03:02,430 - root - INFO : 请求正文: b'--e26e9f7256090c6d791ba62deeeeb6ad\r\nContent-Disposition: form-data; name="adNo"\r\n\r\n5e2588b9892b424e8f481ea3ece1f0c1\r\n--e26e9f7256090c6d791ba62deeeeb6ad\r\nContent-Disposition: form-data; name="putMode"\r\n\r\n1\r\n--e26e9f7256090c6d791ba62deeeeb6ad\r\nContent-Disposition: form-data; name="file"; filename="import20201021160302.xlsx"\r\nContent-Type: application/vnd.openxmlformats-officedocument.spreadsheetml.sheet\r\n\r\n\xd0\xcf\x11\xe0\xa1\xb1\x1a\xe1\x00\x00\x00\x00\x00\x00\x00\x00\x00\x00\x00\x00\x00\x00\x00\x00>\x00\x03\x00\xfe\xff\t\x00\x06\x00\x00\x00\x00\x00\x00\x00\x00\x00\x00\x00\x01\x00\x00\x00\t\x00\x00\x00\x00\x00\x00\x00\x00\x10\x00\x00\xfe\xff\xff\xff\x00\x00\x00\x00\xfe\xff\xff\xff\x00\x00\x00\x00\x08\x00\x00\x00\xff\xff\xff\xff\xff\xff\xff\xff\xff\xff\xff\xff\xff\xff\xff\xff\xff\xff\xff\xff\xff\xff\xff\xff\xff\xff\xff\xff\xff\xff\xff\xff\xff\xff\xff\xff\xff\xff\xff\xff\xff\xff\xff\xff\xff\xff\xff\xff\xff\xff\xff\xff\xff\xff\xff\xff\xff\xff\xff\xff\xff\xff\xff\xff\xff\xff\xff\xff\xff\xff\xff\xff\xff\xff\xff\xff\xff\xff\xff\xff\xff\xff\xff\xff\xff\xff\xff\xff\xff\xff\xff\xff\xff\xff\xff\xff\xff\xff\xff\xff\xff\xff\xff\xff\xff\xff\xff\xff\xff\xff\xff\xff\xff\xff\xff\xff\xff\xff\xff\xff\xff\xff\xff\xff\xff\xff\xff\xff\xff\xff\xff\xff\xff\xff\xff\xff\xff\xff\xff\xff\xff\xff\xff\xff\xff\xff\xff\xff\xff\xff\xff\xff\xff\xff\xff\xff\xff\xff\xff\xff\xff\xff\xff\xff\xff\xff\xff\xff\xff\xff\xff\xff\xff\xff\xff\xff\xff\xff\xff\xff\xff\xff\xff\xff\xff\xff\xff\xff\xff\xff\xff\xff\xff\xff\xff\xff\xff\xff\xff\xff\xff\xff\xff\xff\xff\xff\xff\xff\xff\xff\xff\xff\xff\xff\xff\xff\xff\xff\xff\xff\xff\xff\xff\xff\xff\xff\xff\xff\xff\xff\xff\xff\xff\xff\xff\xff\xff\xff\xff\xff\xff\xff\xff\xff\xff\xff\xff\xff\xff\xff\xff\xff\xff\xff\xff\xff\xff\xff\xff\xff\xff\xff\xff\xff\xff\xff\xff\xff\xff\xff\xff\xff\xff\xff\xff\xff\xff\xff\xff\xff\xff\xff\xff\xff\xff\xff\xff\xff\xff\xff\xff\xff\xff\xff\xff\xff\xff\xff\xff\xff\xff\xff\xff\xff\xff\xff\xff\xff\xff\xff\xff\xff\xff\xff\xff\xff\xff\xff\xff\xff\xff\xff\xff\xff\xff\xff\xff\xff\xff\xff\xff\xff\xff\xff\xff\xff\xff\xff\xff\xff\xff\xff\xff\xff\xff\xff\xff\xff\xff\xff\xff\xff\xff\xff\xff\xff\xff\xff\xff\xff\xff\xff\xff\xff\xff\xff\xff\xff\xff\xff\xff\xff\xff\xff\xff\xff\xff\xff\xff\xff\xff\xff\xff\xff\xff\xff\xff\xff\xff\xff\xff\xff\xff\xff\xff\xff\xff\xff\xff\xff\xff\xff\xff\xff\xff\xff\xff\xff\xff\xff\xff\xff\xff\xff\xff\xff\xff\xff\xff\xff\xff\xff\xff\xff\xff\xff\xff\xff\xff\xff\xff\xff\t\x08\x10\x00\x00\x06\x05\x00\xbb\r\xcc\x07\x00\x00\x00\x00\x06\x00\x00\x00\xe1\x00\x02\x00\xb0\x04\xc1\x00\x02\x00\x00\x00\xe2\x00\x00\x00\\\x00p\x00None                                                                                                            B\x00\x02\x00\xb0\x04a\x01\x02\x00\x00\x00=\x01\x02\x00\x01\x00\x9c\x00\x02\x00\x0e\x00\x19\x00\x02\x00\x00\x00\x12\x00\x02\x00\x00\x00c\x00\x02\x00\x00\x00\x13\x00\x02\x00\x00\x00\xaf\x01\x02\x00\x00\x00\xbc\x01\x02\x00\x00\x00@\x00\x02\x00\x00\x00\x8d\x00\x02\x00\x00\x00=\x00\x12\x00\xe0\x01Z\x00\xcf?N*8\x00\x00\x00\x00\x00\x01\x00X\x02"\x00\x02\x00\x00\x00\x0e\x00\x02\x00\x01\x00\xb7\x01\x02\x00\x00\x00\xda\x00\x02\x00\x00\x001\x00\x15\x00\xc8\x00\x00\x00\xff\x7f\x90\x01\x00\x00\x00\x00\x01\x00\x05\x00Arial1\x00\x15\x00\xc8\x00\x00\x00\xff\x7f\x90\x01\x00\x00\x00\x00\x01\x00\x05\x00Arial1\x00\x15\x00\xc8\x00\x00\x00\xff\x7f\x90\x01\x00\x00\x00\x00\x01\x00\x05\x00Arial1\x00\x15\x00\xc8\x00\x00\x00\xff\x7f\x90\x01\x00\x00\x00\x00\x01\x00\x05\x00Arial1\x00\x15\x00\xc8\x00\x00\x00\xff\x7f\x90\x01\x00\x00\x00\x00\x01\x00\x05\x00Arial1\x00\x15\x00\xc8\x00\x00\x00\xff\x7f\x90\x01\x00\x00\x00\x00\x01\x00\x05\x00Arial1\x00\x15\x00\xc8\x00\x00\x00\xff\x7f\x90\x01\x00\x00\x00\x00\x01\x00\x05\x00Arial\x1e\x04\x0c\x00\xa4\x00\x07\x00\x00General\xe0\x00\x14\x00\x06\x00\xa4\x00\xf5\xff \x00\x00\xf4\x00\x00\x00\x00\x00\x00\x00\x00\xc0 \xe0\x00\x14\x00\x06\x00\xa4\x00\xf5\xff \x00\x00\xf4\x00\x00\x00\x00\x00\x00\x00\x00\xc0 \xe0\x00\x14\x00\x06\x00\xa4\x00\xf5\xff \x00\x00\xf4\x00\x00\x00\x00\x00\x00\x00\x00\xc0 \xe0\x00\x14\x00\x06\x00\xa4\x00\xf5\xff \x00\x00\xf4\x00\x00\x00\x00\x00\x00\x00\x00\xc0 \xe0\x00\x14\x00\x06\x00\xa4\x00\xf5\xff \x00\x00\xf4\x00\x00\x00\x00\x00\x00\x00\x00\xc0 \xe0\x00\x14\x00\x06\x00\xa4\x00\xf5\xff \x00\x00\xf4\x00\x00\x00\x00\x00\x00\x00\x00\xc0 \xe0\x00\x14\x00\x06\x00\xa4\x00\xf5\xff \x00\x00\xf4\x00\x00\x00\x00\x00\x00\x00\x00\xc0 \xe0\x00\x14\x00\x06\x00\xa4\x00\xf5\xff \x00\x00\xf4\x00\x00\x00\x00\x00\x00\x00\x00\xc0 \xe0\x00\x14\x00\x06\x00\xa4\x00\xf5\xff \x00\x00\xf4\x00\x00\x00\x00\x00\x00\x00\x00\xc0 \xe0\x00\x14\x00\x06\x00\xa4\x00\xf5\xff \x00\x00\xf4\x00\x00\x00\x00\x00\x00\x00\x00\xc0 \xe0\x00\x14\x00\x06\x00\xa4\x00\xf5\xff \x00\x00\xf4\x00\x00\x00\x00\x00\x00\x00\x00\xc0 \xe0\x00\x14\x00\x06\x00\xa4\x00\xf5\xff \x00\x00\xf4\x00\x00\x00\x00\x00\x00\x00\x00\xc0 \xe0\x00\x14\x00\x06\x00\xa4\x00\xf5\xff \x00\x00\xf4\x00\x00\x00\x00\x00\x00\x00\x00\xc0 \xe0\x00\x14\x00\x06\x00\xa4\x00\xf5\xff \x00\x00\xf4\x00\x00\x00\x00\x00\x00\x00\x00\xc0 \xe0\x00\x14\x00\x06\x00\xa4\x00\xf5\xff \x00\x00\xf4\x00\x00\x00\x00\x00\x00\x00\x00\xc0 \xe0\x00\x14\x00\x06\x00\xa4\x00\xf5\xff \x00\x00\xf4\x00\x00\x00\x00\x00\x00\x00\x00\xc0 \xe0\x00\x14\x00\x06\x00\xa4\x00\x01\x00 \x00\x00\xf8\x00\x00\x00\x00\x00\x00\x00\x00\xc0 \xe0\x00\x14\x00\x07\x00\xa4\x00\x01\x00 \x00\x00\xf8\x00\x00\x00\x00\x00\x00\x00\x00\xc0 \x93\x02\x04\x00\x00\x80\x00\xff`\x01\x02\x00\x01\x00\x85\x00\x0e\x00t\x04\x00\x00\x00\x00\x06\x00Sheet1\xfc\x00\xcf\x00\x0f\x00\x00\x00\r\x00\x00\x00\x08\x00\x01\xa2[7b5f\xf0y\x08\xff\xd3Y\rT\t\xff\x08\x00\x01Kb:g\xf7S\x01x\x08\xff\xc5_kX\t\xff\x04\x00\x01Q\x00Q\x00\xf7S\x01x\x02\x00\x01\xae_\xe1O\x04\x00\x01\xc2S\x03\x80t^\x84\x9f\x10\x00\x01Am\xcf\x91eg\x90n\xf6e\xf4\x95\x08\xff\xc5_kX,\x00\tN)Y\x85Qpenc\t\xff\n\x00\x010W\xdfW\x08\xff\x02^\xa7~\x0c\xff^\x97\xc5_kX\t\xff\x04\x00\x01Am\xcf\x91\x07Y\xe8l\x02\x00\x01 _\tN\x0b\x00\x0013771741576\x08\x00\x0047662483\x13\x00\x002020/10/21 15:52:49\x03\x00\x01\x7f\x95\x99l\x02^\n\x00\x00\x00\t\x08\x10\x00\x00\x06\x10\x00\xbb\r\xcc\x07\x00\x00\x00\x00\x06\x00\x00\x00\r\x00\x02\x00\x01\x00\x0c\x00\x02\x00d\x00\x0f\x00\x02\x00\x01\x00\x11\x00\x02\x00\x00\x00\x10\x00\x08\x00\xfc\xa9\xf1\xd2MbP?_\x00\x02\x00\x00\x00\x80\x00\x08\x00\x00\x00\x00\x00\x01\x00\x00\x00%\x02\x04\x00\x00\x00\xff\x00\x81\x00\x02\x00\x01\x0c\x00\x02\x0e\x00\x00\x00\x00\x00\x02\x00\x00\x00\x00\x00\x08\x00\x00\x00*\x00\x02\x00\x00\x00+\x00\x02\x00\x00\x00\x82\x00\x02\x00\x01\x00\x1b\x00\x02\x00\x00\x00\x1a\x00\x02\x00\x00\x00\x14\x00\x05\x00\x02\x00\x00&P\x15\x00\x05\x00\x02\x00\x00&F\x83\x00\x02\x00\x01\x00\x84\x00\x02\x00\x00\x00&\x00\x08\x00333333\xd3?\'\x00\x08\x00333333\xd3?(\x00\x08\x00\x85\xebQ\xb8\x1e\x85\xe3?)\x00\x08\x00\xaeG\xe1z\x14\xae\xd7?\xa1\x00"\x00\t\x00d\x00\x01\x00\x01\x00\x01\x00\x83\x00,\x01,\x01\x9a\x99\x99\x99\x99\x99\xb9?\x9a\x99\x99\x99\x99\x99\xb9?\x01\x00\x12\x00\x02\x00\x00\x00\xdd\x00\x02\x00\x00\x00\x19\x00\x02\x00\x00\x00c\x00\x02\x00\x00\x00\x13\x00\x02\x00\x00\x00\x08\x02\x10\x00\x00\x00\x00\x00\x08\x00\xff\x00\x00\x00\x00\x00\x00\x01\x0f\x00\xfd\x00\n\x00\x00\x00\x00\x00\x11\x00\x00\x00\x00\x00\xfd\x00\n\x00\x00\x00\x01\x00\x11\x00\x01\x00\x00\x00\xfd\x00\n\x00\x00\x00\x02\x00\x11\x00\x02\x00\x00\x00\xfd\x00\n\x00\x00\x00\x03\x00\x11\x00\x03\x00\x00\x00\xfd\x00\n\x00\x00\x00\x04\x00\x11\x00\x04\x00\x00\x00\xfd\x00\n\x00\x00\x00\x05\x00\x11\x00\x05\x00\x00\x00\xfd\x00\n\x00\x00\x00\x06\x00\x11\x00\x06\x00\x00\x00\xfd\x00\n\x00\x00\x00\x07\x00\x11\x00\x07\x00\x00\x00\x08\x02\x10\x00\x01\x00\x00\x00\x08\x00\xff\x00\x00\x00\x00\x00\x00\x01\x0f\x00\xfd\x00\n\x00\x01\x00\x00\x00\x11\x00\x08\x00\x00\x00\xfd\x00\n\x00\x01\x00\x01\x00\x11\x00\t\x00\x00\x00\xfd\x00\n\x00\x01\x00\x02\x00\x11\x00\n\x00\x00\x00\xfd\x00\n\x00\x01\x00\x03\x00\x11\x00\n\x00\x00\x00~\x02\n\x00\x01\x00\x04\x00\x11\x00r\x00\x00\x00\xfd\x00\n\x00\x01\x00\x05\x00\x11\x00\x0b\x00\x00\x00\xfd\x00\n\x00\x01\x00\x06\x00\x11\x00\x0c\x00\x00\x00\xfd\x00\n\x00\x01\x00\x07\x00\x11\x00\x07\x00\x00\x00>\x02\x12\x00\xb6\x02\x00\x00\x00\x00@\x00\x00\x00\x00\x00\x00\x00\x00\x00\x00\x00\n\x00\x00\x00\x00\x00\x00\x00\x00\x00\x00\x00\x00\x00\x00\x00\x00\x00\x00\x00\x00\x00\x00\x00\x00\x00\x00\x00\x00\x00\x00\x00\x00\x00\x00\x00\x00\x00\x00\x00\x00\x00\x00\x00\x00\x00\x00\x00\x00\x00\x00\x00\x00\x00\x00\x00\x00\x00\x00\x00\x00\x00\x00\x00\x00\x00\x00\x00\x00\x00\x00\x00\x00\x00\x00\x00\x00\x00\x00\x00\x00\x00\x00\x00\x00\x00\x00\x00\x00\x00\x00\x00\x00\x00\x00\x00\x00\x00\x00\x00\x00\x00\x00\x00\x00\x00\x00\x00\x00\x00\x00\x00\x00\x00\x00\x00\x00\x00\x00\x00\x00\x00\x00\x00\x00\x00\x00\x00\x00\x00\x00\x00\x00\x00\x00\x00\x00\x00\x00\x00\x00\x00\x00\x00\x00\x00\x00\x00\x00\x00\x00\x00\x00\x00\x00\x00\x00\x00\x00\x00\x00\x00\x00\x00\x00\x00\x00\x00\x00\x00\x00\x00\x00\x00\x00\x00\x00\x00\x00\x00\x00\x00\x00\x00\x00\x00\x00\x00\x00\x00\x00\x00\x00\x00\x00\x00\x00\x00\x00\x00\x00\x00\x00\x00\x00\x00\x00\x00\x00\x00\x00\x00\x00\x00\x00\x00\x00\x00\x00\x00\x00\x00\x00\x00\x00\x00\x00\x00\x00\x00\x00\x00\x00\x00\x00\x00\x00\x00\x00\x00\x00\x00\x00\x00\x00\x00\x00\x00\x00\x00\x00\x00\x00\x00\x00\x00\x00\x00\x00\x00\x00\x00\x00\x00\x00\x00\x00\x00\x00\x00\x00\x00\x00\x00\x00\x00\x00\x00\x00\x00\x00\x00\x00\x00\x00\x00\x00\x00\x00\x00\x00\x00\x00\x00\x00\x00\x00\x00\x00\x00\x00\x00\x00\x00\x00\x00\x00\x00\x00\x00\x00\x00\x00\x00\x00\x00\x00\x00\x00\x00\x00\x00\x00\x00\x00\x00\x00\x00\x00\x00\x00\x00\x00\x00\x00\x00\x00\x00\x00\x00\x00\x00\x00\x00\x00\x00\x00\x00\x00\x00\x00\x00\x00\x00\x00\x00\x00\x00\x00\x00\x00\x00\x00\x00\x00\x00\x00\x00\x00\x00\x00\x00\x00\x00\x00\x00\x00\x00\x00\x00\x00\x00\x00\x00\x00\x00\x00\x00\x00\x00\x00\x00\x00\x00\x00\x00\x00\x00\x00\x00\x00\x00\x00\x00\x00\x00\x00\x00\x00\x00\x00\x00\x00\x00\x00\x00\x00\x00\x00\x00\x00\x00\x00\x00\x00\x00\x00\x00\x00\x00\x00\x00\x00\x00\x00\x00\x00\x00\x00\x00\x00\x00\x00\x00\x00\x00\x00\x00\x00\x00\x00\x00\x00\x00\x00\x00\x00\x00\x00\x00\x00\x00\x00\x00\x00\x00\x00\x00\x00\x00\x00\x00\x00\x00\x00\x00\x00\x00\x00\x00\x00\x00\x00\x00\x00\x00\x00\x00\x00\x00\x00\x00\x00\x00\x00\x00\x00\x00\x00\x00\x00\x00\x00\x00\x00\x00\x00\x00\x00\x00\x00\x00\x00\x00\x00\x00\x00\x00\x00\x00\x00\x00\x00\x00\x00\x00\x00\x00\x00\x00\x00\x00\x00\x00\x00\x00\x00\x00\x00\x00\x00\x00\x00\x00\x00\x00\x00\x00\x00\x00\x00\x00\x00\x00\x00\x00\x00\x00\x00\x00\x00\x00\x00\x00\x00\x00\x00\x00\x00\x00\x00\x00\x00\x00\x00\x00\x00\x00\x00\x00\x00\x00\x00\x00\x00\x00\x00\x00\x00\x00\x00\x00\x00\x00\x00\x00\x00\x00\x00\x00\x00\x00\x00\x00\x00\x00\x00\x00\x00\x00\x00\x00\x00\x00\x00\x00\x00\x00\x00\x00\x00\x00\x00\x00\x00\x00\x00\x00\x00\x00\x00\x00\x00\x00\x00\x00\x00\x00\x00\x00\x00\x00\x00\x00\x00\x00\x00\x00\x00\x00\x00\x00\x00\x00\x00\x00\x00\x00\x00\x00\x00\x00\x00\x00\x00\x00\x00\x00\x00\x00\x00\x00\x00\x00\x00\x00\x00\x00\x00\x00\x00\x00\x00\x00\x00\x00\x00\x00\x00\x00\x00\x00\x00\x00\x00\x00\x00\x00\x00\x00\x00\x00\x00\x00\x00\x00\x00\x00\x00\x00\x00\x00\x00\x00\x00\x00\x00\x00\x00\x00\x00\x00\x00\x00\x00\x00\x00\x00\x00\x00\x00\x00\x00\x00\x00\x00\x00\x00\x00\x00\x00\x00\x00\x00\x00\x00\x00\x00\x00\x00\x00\x00\x00\x00\x00\x00\x00\x00\x00\x00\x00\x00\x00\x00\x00\x00\x00\x00\x00\x00\x00\x00\x00\x00\x00\x00\x00\x00\x00\x00\x00\x00\x00\x00\x00\x00\x00\x00\x00\x00\x00\x00\x00\x00\x00\x00\x00\x00\x00\x00\x00\x00\x00\x00\x00\x00\x00\x00\x00\x00\x00\x00\x00\x00\x00\x00\x00\x00\x00\x00\x00\x00\x00\x00\x00\x00\x00\x00\x00\x00\x00\x00\x00\x00\x00\x00\x00\x00\x00\x00\x00\x00\x00\x00\x00\x00\x00\x00\x00\x00\x00\x00\x00\x00\x00\x00\x00\x00\x00\x00\x00\x00\x00\x00\x00\x00\x00\x00\x00\x00\x00\x00\x00\x00\x00\x00\x00\x00\x00\x00\x00\x00\x00\x00\x00\x00\x00\x00\x00\x00\x00\x00\x00\x00\x00\x00\x00\x00\x00\x00\x00\x00\x00\x00\x00\x00\x00\x00\x00\x00\x00\x00\x00\x00\x00\x00\x00\x00\x00\x00\x00\x00\x00\x00\x00\x00\x00\x00\x00\x00\x00\x00\x00\x00\x00\x00\x00\x00\x00\x00\x00\x00\x00\x00\x00\x00\x00\x00\x00\x00\x00\x00\x00\x00\x00\x00\x00\x00\x00\x00\x00\x00\x00\x00\x00\x00\x00\x00\x00\x00\x00\x00\x00\x00\x00\x00\x00\x00\x00\x00\x00\x00\x00\x00\x00\x00\x00\x00\x00\x00\x00\x00\x00\x00\x00\x00\x00\x00\x00\x00\x00\x00\x00\x00\x00\x00\x00\x00\x00\x00\x00\x00\x00\x00\x00\x00\x00\x00\x00\x00\x00\x00\x00\x00\x00\x00\x00\x00\x00\x00\x00\x00\x00\x00\x00\x00\x00\x00\x00\x00\x00\x00\x00\x00\x00\x00\x00\x00\x00\x00\x00\x00\x00\x00\x00\x00\x00\x00\x00\x00\x00\x00\x00\x00\x00\x00\x00\x00\x00\x00\x00\x00\x00\x00\x00\x00\x00\x00\x00\x00\x00\x00\x00\x00\x00\x00\x00\x00\x00\x00\x00\x00\x00\x00\x00\x00\x00\x00\x00\x00\x00\x00\x00\x00\x00\x00\x00\x00\x00\x00\x00\x00\x00\x00\x00\x00\x00\x00\x00\x00\x00\x00\x00\x00\x00\x00\x00\x00\x00\x00\x00\x00\x00\x00\x00\x00\x00\x00\x00\x00\x00\x00\x00\x00\x00\x00\x00\x00\x00\x00\x00\x00\x00\x00\x00\x00\x00\x00\x00\x00\x00\x00\x00\x00\x00\x00\x00\x00\x00\x00\x00\x00\x00\x00\x00\x00\x00\x00\x00\x00\x00\x00\x00\x00\x00\x00\x00\x00\x00\x00\x00\x00\x00\x00\x00\x00\x00\x00\x00\x00\x00\x00\x00\x00\x00\x00\x00\x00\x00\x00\x00\x00\x00\x00\x00\x00\x00\x00\x00\x00\x00\x00\x00\x00\x00\x00\x00\x00\x00\x00\x00\x00\x00\x00\x00\x00\x00\x00\x00\x00\x00\x00\x00\x00\x00\x00\x00\x00\x00\x00\x00\x00\x00\x00\x00\x00\x00\x00\x00\x00\x00\x00\x00\x00\x00\x00\x00\x00\x00\x00\x00\x00\x00\x00\x00\x00\x00\x00\x00\x00\x00\x00\x00\x00\x00\x00\x00\x00\x00\x00\x00\x00\x00\x00\x00\x00\x00\x00\x00\x00\x00\x00\x00\x00\x00\x00\x00\x00\x00\x00\x00\x00\x00\x00\x00\x00\x00\x00\x00\x00\x00\x00\x00\x00\x00\x00\x00\x00\x00\x00\x00\x00\x00\x00\x00\x00\x00\x00\x00\x00\x00\x00\x00\x00\x00\x00\x00\x00\x00\x00\x00\x00\x00\x00\x00\x00\x00\x00\x00\x00\x00\x00\x00\x00\x00\x00\x00\x00\x00\x00\x00\x00\x00\x00\x00\x00\x00\x00\x00\x00\x00\x00\x00\x00\x00\x00\x00\x00\x00\x00\x00\x00\x00\x00\x00\x00\x00\x00\x00\x00\x00\x00\x00\x00\x00\x00\x00\x00\x00\x00\x00\x00\x00\x00\x00\x00\x00\x00\x00\x00\x00\x00\x00\x00\x00\x00\x00\x00\x00\x00\x00\x00\x00\x00\x00\x00\x00\x00\x00\x00\x00\x00\x00\x00\x00\x00\x00\x00\x00\x00\x00\x00\x00\x00\x00\x00\x00\x00\x00\x00\x00\x00\x00\x00\x00\x00\x00\x00\x00\x00\x00\x00\x00\x00\x00\x00\x00\x00\x00\x00\x00\x00\x00\x00\x00\x00\x00\x00\x00\x00\x00\x00\x00\x00\x00\x00\x00\x00\x00\x00\x00\x00\x00\x00\x00\x00\x00\x00\x00\x00\x00\x00\x00\x00\x00\x00\x00\x00\x00\x00\x00\x00\x00\x00\x00\x00\x00\x00\x00\x00\x00\x00\x00\x00\x00\x00\x00\x00\x00\x00\x00\x00\x00\x00\x00\x00\x00\x00\x00\x00\x00\x00\x00\x00\x00\x00\x00\x00\x00\x00\x00\x00\x00\x00\x00\x00\x00\x00\x00\x00\x00\x00\x00\x00\x00\x00\x00\x00\x00\x00\x00\x00\x00\x00\x00\x00\x00\x00\x00\x00\x00\x00\x00\x00\x00\x00\x00\x00\x00\x00\x00\x00\x00\x00\x00\x00\x00\x00\x00\x00\x00\x00\x00\x00\x00\x00\x00\x00\x00\x00\x00\x00\x00\x00\x00\x00\x00\x00\x00\x00\x00\x00\x00\x00\x00\x00\x00\x00\x00\x00\x00\x00\x00\x00\x00\x00\x00\x00\x00\x00\x00\x00\x00\x00\x00\x00\x00\x00\x00\x00\x00\x00\x00\x00\x00\x00\x00\x00\x00\x00\x00\x00\x00\x00\x00\x00\x00\x00\x00\x00\x00\x00\x00\x00\x00\x00\x00\x00\x00\x00\x00\x00\x00\x00\x00\x00\x00\x00\x00\x00\x00\x00\x00\x00\x00\x00\x00\x00\x00\x00\x00\x00\x00\x00\x00\x00\x00\x00\x00\x00\x00\x00\x00\x00\x00\x00\x00\x00\x00\x00\x00\x00\x00\x00\x00\x00\x00\x00\x00\x00\x00\x00\x00\x00\x00\x00\x00\x00\x00\x00\x00\x00\x00\x00\x00\x00\x00\x00\x00\x00\x00\x00\x00\x00\x00\x00\x00\x00\x00\x00\x00\x00\x00\x00\x00\x00\x00\x00\x00\x00\x00\x00\x00\x00\x00\x00\x00\x00\x00\x00\x00\x00\x00\x00\x00\x00\x00\x00\x00\x00\x00\x00\x00\x00\x00\x00\x00\x00\x00\x00\x00\x00\x00\x00\x00\x00\x00\x00\x00\x00\x00\x00\x00\x00\x00\x00\x00\x00\x00\x00\x00\x00\x00\x00\x00\x00\x00\x00\x00\x00\x00\x00\x00\x00\x00\x00\x00\x00\x00\x00\x00\x00\x00\x00\x00\x00\x00\x00\x00\x00\x00\x00\x00\x00\x00\x00\x00\x00\x00\x00\x00\x00\x00\x00\x00\x00\x00\x00\x00\x00\x00\x00\x00\x00\x00\x00\x00\x00\x00\x00\x00\x00\x00\x00\x00\x00\x00\x00\x00\x00\x00\x00\x00\x00\x00\x00\x00\x00\x00\x00\x00\x00\x00\x00\x00\x00\x00\x00\x00\x00\x00\x00\x00\x00\x00\x00\x00\x00\x00\x00\x00\x00\x00\x00\x00\x00\x00\x00\x00\x00\x00\x00\x00\x00\x00\x00\x00\x00\x00\x00\x00\x00\x00\x00\x00\x00\x00\x00\x00\x00\x00\x00\x00\x00\x00\x00\x00\x00\x00\x00\x00\x00\x00\x00\x00\x00\x00\x00\x00\x00\x00\x00\x00\x00\x00\x00\x00\x00\x00\x00\x00\x00\x00\x00\x00\x00\x00\x00\x00\x00\x00\x00\x00\x00\x00\x00\x00\x00\x00\x00\x00\x00\x00\x00\x00\x00\x00\x00\x00\x00\x00\x00\x00\x00\x00\x00\x00\x00\x00\x00\x00\x00\x00\x00\x00\x00\x00\x00\x00\x00\x00\x00\x00\x00\x00\x00\x00\x00\x00\x00\x00\x00\x00\x00\x00\x00\x00\x00\x00\x00\x00\x00\x00\x00\x00\x00\x00\x00\x00\x00\x00\x00\x00\x00\x00\x00\x00\x00\x00\x00\x00\x00\x00\x00\x00\x00\x00\x00\x00\x00\x00\x00\x00\x00\x00\x00\x00\x00\x00\x00\x00\x00\x00\x00\x00\x00\x00\x00\x00\x00\x00\x00\x00\x00\x00\x00\x00\x00\x00\x00\x00\x00\x00\x00\x00\x00\x00\x00\x00\x00\x00\x00\x00\x00\x00\x00\x00\x00\x00\x00\x00\x00\x00\x00\x00\x00\x00\x00\x00\x00\x00\x00\x00\x00\x00\x00\x00\x00\x00\x00\x00\x00\x00\x00\x00\x00\x00\x00\x00\x00\x00\x00\x00\x00\x00\x00\x00\x00\x00\x00\x00\x00\x00\x00\x00\x00\x00\x00\x00\x00\x00\x00\x00\x00\x00\x00\x00\x00\x00\x00\x00\x00\x00\x00\x00\x00\x00\x00\x00\x00\x00\x00\x00\x00\x00\x00\x00\x00\x00\x00\x00\x00\x00\x00\x00\x00\x00\x00\x00\x00\x00\x00\x00\x00\x00\x00\x00\x00\x00\x00\x00\x00\x00\x00\x00\x00\x00\x00\x00\x00\x00\x00\x00\x00\x00\x00\x00\x00\x00\x00\x00\x00\x00\x00\x00\x00\x00\x00\x00\x00\x00\x00\x00\x00\x00\x00\x00\x00\x00\x00\x00\x00\x00\x00\x00\x00\x00\x00\x00\x00\x00\x00\x00\x00\x00\x00\x00\x00\x00\x00\x00\x00\x00\x00\x00\x00\x00\x00\x00\x00\x00\x00\x00\x00\x00\x00\x00\x00\x00\x00\x00\x00\x00\x00\x00\x00\x00\x00\x00\x00\x00\x00\x00\x00\x00\x00\x00\x00\x00\x00\x00\x00\x00\x00\x00\x00\x00\x00\x00\x00\x00\x00\x00\x00\x00\x00\x00\x00\x00\x00\x00\x00\x00\x00\x00\x00\x00\x00\x00\x00\x00\x00\x00\x00\x00\x00\x00\x00\x00\x00\x00\x00\x00\x00\x00\x00\x00\x00\x01\x00\x00\x00\x02\x00\x00\x00\x03\x00\x00\x00\x04\x00\x00\x00\x05\x00\x00\x00\x06\x00\x00\x00\x07\x00\x00\x00\xfe\xff\xff\xff\xfd\xff\xff\xff\xfe\xff\xff\xff\xff\xff\xff\xff\xff\xff\xff\xff\xff\xff\xff\xff\xff\xff\xff\xff\xff\xff\xff\xff\xff\xff\xff\xff\xff\xff\xff\xff\xff\xff\xff\xff\xff\xff\xff\xff\xff\xff\xff\xff\xff\xff\xff\xff\xff\xff\xff\xff\xff\xff\xff\xff\xff\xff\xff\xff\xff\xff\xff\xff\xff\xff\xff\xff\xff\xff\xff\xff\xff\xff\xff\xff\xff\xff\xff\xff\xff\xff\xff\xff\xff\xff\xff\xff\xff\xff\xff\xff\xff\xff\xff\xff\xff\xff\xff\xff\xff\xff\xff\xff\xff\xff\xff\xff\xff\xff\xff\xff\xff\xff\xff\xff\xff\xff\xff\xff\xff\xff\xff\xff\xff\xff\xff\xff\xff\xff\xff\xff\xff\xff\xff\xff\xff\xff\xff\xff\xff\xff\xff\xff\xff\xff\xff\xff\xff\xff\xff\xff\xff\xff\xff\xff\xff\xff\xff\xff\xff\xff\xff\xff\xff\xff\xff\xff\xff\xff\xff\xff\xff\xff\xff\xff\xff\xff\xff\xff\xff\xff\xff\xff\xff\xff\xff\xff\xff\xff\xff\xff\xff\xff\xff\xff\xff\xff\xff\xff\xff\xff\xff\xff\xff\xff\xff\xff\xff\xff\xff\xff\xff\xff\xff\xff\xff\xff\xff\xff\xff\xff\xff\xff\xff\xff\xff\xff\xff\xff\xff\xff\xff\xff\xff\xff\xff\xff\xff\xff\xff\xff\xff\xff\xff\xff\xff\xff\xff\xff\xff\xff\xff\xff\xff\xff\xff\xff\xff\xff\xff\xff\xff\xff\xff\xff\xff\xff\xff\xff\xff\xff\xff\xff\xff\xff\xff\xff\xff\xff\xff\xff\xff\xff\xff\xff\xff\xff\xff\xff\xff\xff\xff\xff\xff\xff\xff\xff\xff\xff\xff\xff\xff\xff\xff\xff\xff\xff\xff\xff\xff\xff\xff\xff\xff\xff\xff\xff\xff\xff\xff\xff\xff\xff\xff\xff\xff\xff\xff\xff\xff\xff\xff\xff\xff\xff\xff\xff\xff\xff\xff\xff\xff\xff\xff\xff\xff\xff\xff\xff\xff\xff\xff\xff\xff\xff\xff\xff\xff\xff\xff\xff\xff\xff\xff\xff\xff\xff\xff\xff\xff\xff\xff\xff\xff\xff\xff\xff\xff\xff\xff\xff\xff\xff\xff\xff\xff\xff\xff\xff\xff\xff\xff\xff\xff\xff\xff\xff\xff\xff\xff\xff\xff\xff\xff\xff\xff\xff\xff\xff\xff\xff\xff\xff\xff\xff\xff\xff\xff\xff\xff\xff\xff\xff\xff\xff\xff\xff\xff\xff\xff\xff\xff\xff\xff\xff\xff\xff\xff\xff\xff\xff\xff\xff\xff\xff\xff\xff\xff\xff\xff\xff\xff\xff\xff\xff\xff\xff\xff\xff\xff\xff\xff\xff\xff\xff\xff\xff\xff\xff\xff\xff\xff\xff\xff\xffR\x00o\x00o\x00t\x00 \x00E\x00n\x00t\x00r\x00y\x00\x00\x00\x00\x00\x00\x00\x00\x00\x00\x00\x00\x00\x00\x00\x00\x00\x00\x00\x00\x00\x00\x00\x00\x00\x00\x00\x00\x00\x00\x00\x00\x00\x00\x00\x00\x00\x00\x00\x00\x00\x00\x00\x00\x00\x16\x00\x05\x01\xff\xff\xff\xff\xff\xff\xff\xff\x01\x00\x00\x00\x00\x00\x00\x00\x00\x00\x00\x00\x00\x00\x00\x00\x00\x00\x00\x00\x00\x00\x00\x00\x00\x00\x00\x00\x00\x00\x00\x00\x00\x00\x00\x00\x00\x00\x00\x00\xfe\xff\xff\xff\x00\x00\x00\x00\x00\x00\x00\x00W\x00o\x00r\x00k\x00b\x00o\x00o\x00k\x00\x00\x00\x00\x00\x00\x00\x00\x00\x00\x00\x00\x00\x00\x00\x00\x00\x00\x00\x00\x00\x00\x00\x00\x00\x00\x00\x00\x00\x00\x00\x00\x00\x00\x00\x00\x00\x00\x00\x00\x00\x00\x00\x00\x00\x00\x00\x00\x00\x12\x00\x02\x01\xff\xff\xff\xff\xff\xff\xff\xff\xff\xff\xff\xff\x00\x00\x00\x00\x00\x00\x00\x00\x00\x00\x00\x00\x00\x00\x00\x00\x00\x00\x00\x00\x00\x00\x00\x00\x00\x00\x00\x00\x00\x00\x00\x00\x00\x00\x00\x00\x00\x00\x00\x00\x00\x10\x00\x00\x00\x00\x00\x00\x00\x00\x00\x00\x00\x00\x00\x00\x00\x00\x00\x00\x00\x00\x00\x00\x00\x00\x00\x00\x00\x00\x00\x00\x00\x00\x00\x00\x00\x00\x00\x00\x00\x00\x00\x00\x00\x00\x00\x00\x00\x00\x00\x00\x00\x00\x00\x00\x00\x00\x00\x00\x00\x00\x00\x00\x00\x00\x00\x00\x00\x00\x00\x00\x00\x00\x00\x01\xff\xff\xff\xff\xff\xff\xff\xff\xff\xff\xff\xff\x00\x00\x00\x00\x00\x00\x00\x00\x00\x00\x00\x00\x00\x00\x00\x00\x00\x00\x00\x00\x00\x00\x00\x00\x00\x00\x00\x00\x00\x00\x00\x00\x00\x00\x00\x00\xfe\xff\xff\xff\x00\x00\x00\x00\x00\x00\x00\x00\x00\x00\x00\x00\x00\x00\x00\x00\x00\x00\x00\x00\x00\x00\x00\x00\x00\x00\x00\x00\x00\x00\x00\x00\x00\x00\x00\x00\x00\x00\x00\x00\x00\x00\x00\x00\x00\x00\x00\x00\x00\x00\x00\x00\x00\x00\x00\x00\x00\x00\x00\x00\x00\x00\x00\x00\x00\x00\x00\x00\x00\x00\x00\x00\x00\x00\x00\x01\xff\xff\xff\xff\xff\xff\xff\xff\xff\xff\xff\xff\x00\x00\x00\x00\x00\x00\x00\x00\x00\x00\x00\x00\x00\x00\x00\x00\x00\x00\x00\x00\x00\x00\x00\x00\x00\x00\x00\x00\x00\x00\x00\x00\x00\x00\x00\x00\xfe\xff\xff\xff\x00\x00\x00\x00\x00\x00\x00\x00\r\n--e26e9f7256090c6d791ba62deeeeb6ad--\r\n'
2020-10-21 16:03:02,695 - root - INFO : 响应消息: {'traceId': '56222db1bc1c4549b8822842fc9ee94a', 'status': '0', 'msg': 'success', 'data': {}}
2020-10-21 16:03:02,695 - root - INFO : 校验类型: [-status], 结果: [Passed], 预期: [0]
2020-10-21 16:03:02,695 - root - INFO : 校验类型: [-msg], 结果: [Passed], 预期: [success]
2020-10-21 16:03:02,695 - root - INFO :  = = =  = = =  = = =  = = =  = = =  = = =  = = =  = = = 分割线 = = =  = = =  = = =  = = =  = = =  = = =  = = =  = = = 
2020-10-21 16:03:02,695 - root - INFO : 正在执行Block: register_code_phone
2020-10-21 16:03:02,696 - root - INFO : 正在执行Function: login_operation
2020-10-21 16:03:02,696 - root - INFO : 描述信息: 【运营系统】登录运营后台
2020-10-21 16:03:02,696 - root - INFO : 请求地址: https://admin-fat.shiguangkey.com/sys/login
2020-10-21 16:03:02,696 - root - INFO : 请求方法: [- POST -]
2020-10-21 16:03:02,696 - root - INFO : 请求头部: {'content-type': 'application/x-www-form-urlencoded', 'cookie': 'Hm_ct_7e8b931a9b138d095673181619178304=2382*1*1; Hm_lvt_7e8b931a9b138d095673181619178304=1597992196,1598525266,1598681451,1598930027; token=0x7798bf0712ef2ec6c4848f7ba47d63; tz-admin-token-fat=0x7798bf0712ef2ec6c4848f7ba47d63; im-token=undefined; Hm_lpvt_7e8b931a9b138d095673181619178304=1599813517; JSESSIONID=A3789CCFFD9187484EE014B2E34DE247'}
2020-10-21 16:03:02,696 - root - INFO : 请求正文: {'username': 'admin', 'password': 'admin1024', 'captcha': 'AAAAA'}
2020-10-21 16:03:02,826 - root - INFO : 响应消息: {'code': 0}
2020-10-21 16:03:02,826 - root - INFO : 校验类型: [-code], 结果: [Passed], 预期: [0]
2020-10-21 16:03:02,827 - root - INFO :  = = =  = = =  = = =  = = =  = = =  = = =  = = =  = = = 分割线 = = =  = = =  = = =  = = =  = = =  = = =  = = =  = = = 
2020-10-21 16:03:02,827 - root - INFO : 描述信息: 【运营系统】获取注册验证码
2020-10-21 16:03:02,827 - root - INFO : 请求地址: https://admin-fat.shiguangkey.com/user/set-smscode
2020-10-21 16:03:02,827 - root - INFO : 请求方法: [- GET -]
2020-10-21 16:03:02,827 - root - INFO : 请求头部: {'cookie': 'Hm_ct_7e8b931a9b138d095673181619178304=2382*1*1; Hm_lvt_7e8b931a9b138d095673181619178304=1597992196,1598525266,1598681451,1598930027; token=0x7798bf0712ef2ec6c4848f7ba47d63; tz-admin-token-fat=0x7798bf0712ef2ec6c4848f7ba47d63; im-token=undefined; Hm_lpvt_7e8b931a9b138d095673181619178304=1599813517; JSESSIONID=A3789CCFFD9187484EE014B2E34DE247'}
2020-10-21 16:03:02,827 - root - INFO : 请求正文: {'phone': '13771741576', '_': '1603266770000'}
2020-10-21 16:03:02,955 - root - INFO : 响应消息: {'bizId': None, 'data': {'smsCode': '8257'}, 'messageId': '20201021160303731865900', 'msg': 'success', 'status': 0, 'version': None}
2020-10-21 16:03:02,955 - root - INFO : 提取变量: [ smsCode: 8257 ]
2020-10-21 16:03:02,955 - root - INFO : 校验类型: [-status], 结果: [Passed], 预期: [0]
2020-10-21 16:03:02,955 - root - INFO : 校验类型: [-msg], 结果: [Passed], 预期: [success]
2020-10-21 16:03:02,956 - root - INFO : 校验类型: [-in]  结果: [Passed]  预期: smsCode
2020-10-21 16:03:02,956 - root - INFO :  = = =  = = =  = = =  = = =  = = =  = = =  = = =  = = = 分割线 = = =  = = =  = = =  = = =  = = =  = = =  = = =  = = = 
2020-10-21 16:03:02,956 - root - INFO : 描述信息: 【潭州课堂】获取登录学员 token
2020-10-21 16:03:02,956 - root - INFO : 请求地址: https://open-fat.shiguangkey.com/api/udb/login/phone/login
2020-10-21 16:03:02,956 - root - INFO : 请求方法: [- POST -]
2020-10-21 16:03:02,956 - root - INFO : 请求头部: {'content-type': 'application/x-www-form-urlencoded', 'terminaltype': '4'}
2020-10-21 16:03:02,956 - root - INFO : 请求正文: {'phone': '86-13771741576', 'code': '8257'}
2020-10-21 16:03:03,184 - root - INFO : 响应消息: {'traceId': '7fc403acfcdf4f9787bfd0ba774be1b6', 'status': '0', 'msg': 'success', 'data': {'user': {'uid': 19867132, 'mobile': '13771741576', 'account': 't0368793189', 'nickname': '牢固的红果茵芋', 'headImg': 'https://res.shiguangkey.com/res/images/default.png', 'openId': '', 'newRegister': True, 'needBindPhone': False, 'showAccountList': False}, 'token': '847cda6a0712f25fc44904df38e7f749'}}
2020-10-21 16:03:03,184 - root - INFO : 提取变量: [ student: 847cda6a0712f25fc44904df38e7f749 ]
2020-10-21 16:03:03,184 - root - INFO : 校验类型: [-status], 结果: [Passed], 预期: [0]
2020-10-21 16:03:03,184 - root - INFO : 校验类型: [-msg], 结果: [Passed], 预期: [success]
2020-10-21 16:03:03,184 - root - INFO :  = = =  = = =  = = =  = = =  = = =  = = =  = = =  = = = 分割线 = = =  = = =  = = =  = = =  = = =  = = =  = = =  = = = 
2020-10-21 16:03:03,184 - root - INFO : 描述信息: 【潭州课堂】获取潭州账号
2020-10-21 16:03:03,185 - root - INFO : 请求地址: https://open-fat.shiguangkey.com/api/udb/user/mine
2020-10-21 16:03:03,185 - root - INFO : 请求方法: [- GET -]
2020-10-21 16:03:03,185 - root - INFO : 请求头部: {'terminaltype': '4', 'token': '847cda6a0712f25fc44904df38e7f749'}
2020-10-21 16:03:03,185 - root - INFO : 请求正文: None
2020-10-21 16:03:03,326 - root - INFO : 响应消息: {'traceId': '7008d527c3c8430f9bf838fb064994e8', 'status': '0', 'msg': 'success', 'data': {'userDetail': {'uid': 19867132, 'account': 't0368793189', 'phone': '13771741576', 'nickname': '牢固的红果茵芋', 'birthday': '', 'headImg': 'https://res.shiguangkey.com/res/images/default.png', 'qq': '', 'description': '', 'realname': '', 'gender': 2, 'email': '', 'industry': '', 'profession': '', 'address': '', 'signature': '', 'openId': '', 'wechat': '', 'token': '', 'relevanceMobile': '', 'pwdNeedPerfect': True, 'certMobile': '13771741576', 'needBindPhone': False}}}
2020-10-21 16:03:03,327 - root - INFO : 提取变量: [ account: t0368793189 ]
2020-10-21 16:03:03,327 - root - INFO : 校验类型: [-status], 结果: [Passed], 预期: [0]
2020-10-21 16:03:03,327 - root - INFO : 校验类型: [-msg], 结果: [Passed], 预期: [success]
2020-10-21 16:03:03,327 - root - INFO :  = = =  = = =  = = =  = = =  = = =  = = =  = = =  = = = 分割线 = = =  = = =  = = =  = = =  = = =  = = =  = = =  = = = 
2020-10-21 16:08:03,327 - root - INFO : 描述信息: 【CRM-工单管理-工单列表】新建工单
2020-10-21 16:08:03,327 - root - INFO : 请求地址: https://order-fat.shiguangkey.com/admin/order/order/saveFirst
2020-10-21 16:08:03,327 - root - INFO : 请求方法: [- POST -]
2020-10-21 16:08:03,327 - root - INFO : 请求头部: {'content-type': 'application/x-www-form-urlencoded', 'token': '0x7713470712f10d0dcd54af882bf3a9'}
2020-10-21 16:08:03,327 - root - INFO : 请求正文: {'userAccount': 't0368793189', 'userName': '王五', 'userPhone': '13771741576', 'userQq': '13771741576', 'channel': 21, 'buyType': 1, 'goodsType': 6810, 'vipLiveState': 1, 'payTime': '1603209600000', 'payMoney': 2300, 'isKoubei': 0, 'followerUid': 19861712, 'goods': '[{"goodsType":6810,"goodsId":20814,"goodsMoney":2300}]', 'receiveChannelIdF': 1, 'receiveChannelIdT': 37, 'transNo': '1603266770000', 'loanSubsidizedAmount': 0, 'currencyValue': 1, 'voucherUrl': 'https://res.shiguangkey.com/paymentVoucher/2020/10/10/94ad995362/20200408153408271523387.jpg', 'divideDeptDetails': '[{"followerUid":19861712,"deptIdChain":"1001-8006-8007-8008-8009","divideAmount":2300}]', 'customerDeptId': 8009, 'isSuspend': 0}
2020-10-21 16:08:05,025 - root - INFO : 响应消息: {'traceId': '60df4445c24b77c0', 'status': '0', 'msg': 'success', 'data': {'result': {'courseTitles': '售前售后-股票大课', 'createTime': 1603267686000, 'followerMobile': '13907380002', 'url': 'https://m-fat.shiguangkey.com/payForWork?w=NqkM8eXkD7r+aO851mEt/yBtm1siKgocc5DMPaVnaDM='}}}
2020-10-21 16:08:05,025 - root - INFO : 校验类型: [-status], 结果: [Passed], 预期: [0]
2020-10-21 16:08:05,025 - root - INFO : 校验类型: [-msg], 结果: [Passed], 预期: [success]
2020-10-21 16:08:05,025 - root - INFO :  = = =  = = =  = = =  = = =  = = =  = = =  = = =  = = = 分割线 = = =  = = =  = = =  = = =  = = =  = = =  = = =  = = = 
2020-10-21 16:08:05,025 - root - INFO : 描述信息: 【CRM-工单管理-工单列表】查询工单
2020-10-21 16:08:05,025 - root - INFO : 请求地址: https://order-fat.shiguangkey.com/admin/order/paymentWater/getPageList
2020-10-21 16:08:05,025 - root - INFO : 请求方法: [- GET -]
2020-10-21 16:08:05,025 - root - INFO : 请求头部: {'token': '0x7713470712f10d0dcd54af882bf3a9'}
2020-10-21 16:08:05,026 - root - INFO : 请求正文: {'userAccount': 't0368793189', 'createTimeStart': '1603209600000', 'createTimeEnd': '1603295999000', 'pageIndex': 1, 'pageSize': 20}
2020-10-21 16:08:05,201 - root - INFO : 响应消息: {'traceId': 'ed89b6f8b2a2e5d5', 'status': '0', 'msg': 'success', 'data': {'totalItem': 1, 'list': [{'id': 166047, 'userPhone': '13771741576', 'userName': '王五', 'userAccount': 't0368793189', 'userQq': '13771741576', 'userWechat': None, 'ordersNo': 'D201021768505898665512960', 'ordersId': 115199, 'payWaterNo': 'W768505899412099072', 'payMoney': 2300.0, 'payStatus': 1131, 'completeStatus': 1, 'followerAccount': 't0383212689', 'customerDeptName': None, 'isOverdue': 0, 'isOpenSea': 0, 'channel': 21, 'transNo': '1603266770000', 'createTime': 1603267686000, 'creatorUid': 19861712, 'initialId': 0, 'creatorName': '丁聪2', 'receiveChannelIdF': 1}]}}
2020-10-21 16:08:05,201 - root - INFO : 提取变量: [ id: 166047 ]
2020-10-21 16:08:05,201 - root - INFO : 校验类型: [-status], 结果: [Passed], 预期: [0]
2020-10-21 16:08:05,201 - root - INFO : 校验类型: [-msg], 结果: [Passed], 预期: [success]
2020-10-21 16:08:05,201 - root - INFO :  = = =  = = =  = = =  = = =  = = =  = = =  = = =  = = = 分割线 = = =  = = =  = = =  = = =  = = =  = = =  = = =  = = = 
2020-10-21 16:08:05,202 - root - INFO : 描述信息: 【CRM-财务管理-工单审核列表】审核工单
2020-10-21 16:08:05,202 - root - INFO : 请求地址: https://order-fat.shiguangkey.com/admin/order/finance/audit/pass
2020-10-21 16:08:05,202 - root - INFO : 请求方法: [- GET -]
2020-10-21 16:08:05,202 - root - INFO : 请求头部: {'content_type': 'application/x-www-form-urlencoded', 'token': '0x7713470712f10d0dcd54af882bf3a9'}
2020-10-21 16:08:05,202 - root - INFO : 请求正文: {'id': '166047'}
2020-10-21 16:08:05,818 - root - INFO : 响应消息: {'traceId': '11d4008352319955', 'status': '0', 'msg': 'success', 'data': {}}
2020-10-21 16:08:05,818 - root - INFO : 校验类型: [-status], 结果: [Passed], 预期: [0]
2020-10-21 16:08:05,818 - root - INFO : 校验类型: [-msg], 结果: [Passed], 预期: [success]
2020-10-21 16:08:05,818 - root - INFO :  = = =  = = =  = = =  = = =  = = =  = = =  = = =  = = = 分割线 = = =  = = =  = = =  = = =  = = =  = = =  = = =  = = = 
2020-10-21 16:13:05,818 - root - INFO : 描述信息: 【流量/成单记录查询】成单记录数据查询
2020-10-21 16:13:05,818 - root - INFO : 请求地址: https://galaxy-api-fat.shiguangkey.com/api/galaxy/customerManage/customerLeaningDirectAllocPageList
2020-10-21 16:13:05,818 - root - INFO : 请求方法: [- POST -]
2020-10-21 16:13:05,818 - root - INFO : 请求头部: {'content-type': 'application/x-www-form-urlencoded', 'token': '0x7713470712f10d0dcd54af882bf3a9'}
2020-10-21 16:13:05,818 - root - INFO : 请求正文: {'gatherTimeStart': '1603209600000', 'gatherTimeEnd': '1603295999000', 'isAdult': 1, 'tanzkAccount': 't0368793189', 'pageIndex': 1, 'pageSize': 20}
2020-10-21 16:13:06,079 - root - INFO : 响应消息: {'traceId': 'ef408680de7b495c82c1193c03a72d62', 'status': '0', 'msg': 'success', 'data': {'totalItem': 1, 'list': [{'id': 688064, 'customerId': 640643, 'nick': '张三', 'mobile': '13771741576', 'tanzkAccount': 't0368793189', 'qq': '47662483', 'wx': '47662483', 'referenceAge': '28', 'subjectName': 'Python', 'promotionerDeptIdChain': '1001-8006-8007-8008-8009', 'promotionerDeptNameChain': '潭州教育>自动化测试分公司--勿动>自动化测试群--勿动>自动化测试事业部>自动化测试院', 'channelName': '微信', 'creativityId': 114070, 'adKey': '1', 'creativityCreatorName': '暖和的少女花', 'gatherTime': 1603266720000, 'gatherType': 1, 'putMode': 1, 'putModeName': None, 'enterWay': 30, 'enterWayName': None, 'gatherTypeName': None, 'worksheetCreateTime': 1603267686000, 'status': 93, 'statusName': None, 'payType': 1, 'payTypeName': None, 'payTime': 1603209600000, 'paidMoney': 2300.0, 'worksheetCreatorDeptIdChain': '1001-8006-8007-8008-8009', 'worksheetCreatorDeptNameChain': '潭州教育>自动化测试分公司--勿动>自动化测试群--勿动>自动化测试事业部>自动化测试院', 'worksheetCreatorName': '丁聪2', 'followerName': '暖和的少女花', 'followDeptIdChain': '1001-8006-8007-8008-8009', 'followDeptNameChain': '潭州教育>自动化测试分公司--勿动>自动化测试群--勿动>自动化测试事业部>自动化测试院', 'promotionerName': '暖和的少女花', 'receptionistName': None, 'belongDeptIdChain': '1001-8006-8007-8008-8009', 'belongDeptIdNameChain': '潭州教育>自动化测试分公司--勿动>自动化测试群--勿动>自动化测试事业部>自动化测试院', 'workSheetId': 166047, 'wsQq': '13771741576', 'wsWx': None, 'wsMobile': '13771741576', 'courseSubjectName': '股票', 'remarks': '流量备注', 'isAdult': 1, 'isAdultName': None, 'isHighSeas': 0, 'isHighSeasName': None, 'isFirstName': None, 'payAmount': 0.0, 'vector': None, 'isTest': 0, 'isTestName': None, 'labelInfo': None, 'headIcon': None, 'websiteLinkId': None, 'websiteUrl': None, 'courseId': None, 'courseName': None}]}}
2020-10-21 16:13:06,079 - root - INFO :  = = =  = = =  = = =  = = =  = = =  = = =  = = =  = = = 分割线 = = =  = = =  = = =  = = =  = = =  = = =  = = =  = = = 
