2020-10-14 18:25:01,035 - root - INFO : 描述信息: 【潭州平台】获取登录用户 token
2020-10-14 18:25:01,035 - root - INFO : 请求地址: https://open-fat.shiguangkey.com/api/udb/workwechat/auth/login
2020-10-14 18:25:01,035 - root - INFO : 请求方法: [- POST -]
2020-10-14 18:25:01,035 - root - INFO : 请求头部: {'content-type': 'application/x-www-form-urlencoded', 'terminaltype': '4'}
2020-10-14 18:25:01,035 - root - INFO : 请求正文: {'account': 't0384223793', 'password': '4QrcOUm6Wau+VuBX8g+IPg'}
2020-10-14 18:25:01,255 - root - INFO : 响应消息: {'traceId': '012866fac6c3408ca3a7322298006d75', 'status': '0', 'msg': 'success', 'data': {'user': {'uid': 19862099, 'mobile': '', 'account': '', 'nickname': '日常的阿魏', 'headImg': 'https://res.shiguangkey.com/res/images/default.png', 'openId': '', 'newRegister': False, 'needBindPhone': False, 'showAccountList': False}, 'token': '0x776ce60712f12532ebf4f6cac6ab1f'}}
2020-10-14 18:25:01,256 - root - INFO : 提取变量: [ pttoken: 0x776ce60712f12532ebf4f6cac6ab1f ]
2020-10-14 18:25:01,256 - root - INFO : 校验类型: [-status], 结果: [Passed], 预期: [0]
2020-10-14 18:25:01,256 - root - INFO : 校验类型: [-msg], 结果: [Passed], 预期: [success]
2020-10-14 18:25:01,256 - root - INFO :  = = =  = = =  = = =  = = =  = = =  = = =  = = =  = = = 分割线 = = =  = = =  = = =  = = =  = = =  = = =  = = =  = = = 
2020-10-14 18:25:01,256 - root - INFO : 正在执行Function: ad_plan
2020-10-14 18:25:01,256 - root - INFO : 正在执行Function: program_info_save
2020-10-14 18:25:01,256 - root - INFO : 描述信息: 【银河/广告/广告计划】新增广告计划
2020-10-14 18:25:01,257 - root - INFO : 请求地址: https://galaxy-api-fat.shiguangkey.com/api/galaxy/program/info/save
2020-10-14 18:25:01,257 - root - INFO : 请求方法: [- POST -]
2020-10-14 18:25:01,257 - root - INFO : 请求头部: {'content-type': 'application/json', 'token': '0x7706e00712f1fa187d94642b4c37aa'}
2020-10-14 18:25:01,257 - root - INFO : 请求正文: {'channelId': 6, 'name': '自动化计划98002351', 'subjectId': 282, 'subjectName': 'Python', 'isTest': 0, 'putMode': 1, 'type': 1, 'gatherType': 1, 'allocInstType': 1, 'channelName': '微信'}
2020-10-14 18:25:01,479 - root - INFO : 响应消息: {'traceId': '9e14f12e48824315b0c8669f08162828', 'status': '0', 'msg': 'success', 'data': {}}
2020-10-14 18:25:01,479 - root - INFO : 校验类型: [-status], 结果: [Passed], 预期: [0]
2020-10-14 18:25:01,480 - root - INFO : 校验类型: [-msg], 结果: [Passed], 预期: [success]
2020-10-14 18:25:01,480 - root - INFO :  = = =  = = =  = = =  = = =  = = =  = = =  = = =  = = = 分割线 = = =  = = =  = = =  = = =  = = =  = = =  = = =  = = = 
2020-10-14 18:25:01,480 - root - INFO : 正在执行Function: program_pageList
2020-10-14 18:25:01,480 - root - INFO : 描述信息: 【银河/广告/广告计划】查询广告计划
2020-10-14 18:25:01,480 - root - INFO : 请求地址: https://galaxy-api-fat.shiguangkey.com/api/galaxy/program/pageList
2020-10-14 18:25:01,480 - root - INFO : 请求方法: [- POST -]
2020-10-14 18:25:01,480 - root - INFO : 请求头部: {'content-type': 'application/x-www-form-urlencoded', 'token': '0x7706e00712f1fa187d94642b4c37aa'}
2020-10-14 18:25:01,480 - root - INFO : 请求正文: {'name': '自动化计划98002351', 'isHide': 0, 'pageIndex': 1, 'pageSize': 20, 'gatherType': 1, 'putMode': 1, 'allocInstType': 1}
2020-10-14 18:25:01,808 - root - INFO : 响应消息: {'traceId': 'eaea78913d2b4c5696d0e4c250af811f', 'status': '0', 'msg': 'success', 'data': {'totalItem': 1, 'list': [{'id': 13711, 'oldProgramId': None, 'no': '1000002079724730', 'name': '自动化计划98002351', 'type': 1, 'programName': None, 'subjectName': 'Python', 'subjectId': 282, 'channelName': '微信', 'channelId': 6, 'isImport': None, 'position': None, 'keyword': None, 'areaId': None, 'areaName': None, 'remark': None, 'isNeedCaptch': None, 'state': None, 'adMainId': None, 'channelAgencyAccountId': None, 'accountCode': None, 'adMainAccount': None, 'thirdUrl': None, 'allocInstType': 1, 'receiveDeptId': None, 'receiveDeptIdChain': None, 'isHide': 0, 'isTest': 0, 'creatorDeptId': 8009, 'creatorName': '自动化专用-勿动', 'createTime': 1602671103000, 'putMode': 1, 'updateState': 1}]}}
2020-10-14 18:25:01,808 - root - INFO : 提取变量: [ channelId: 6 ]
2020-10-14 18:25:01,808 - root - INFO : 提取变量: [ putMode: 1 ]
2020-10-14 18:25:01,809 - root - INFO : 提取变量: [ adName: 自动化计划98002351 ]
2020-10-14 18:25:01,809 - root - INFO : 提取变量: [ adId: 13711 ]
2020-10-14 18:25:01,809 - root - INFO : 提取变量: [ type: 1 ]
2020-10-14 18:25:01,809 - root - INFO : 校验类型: [-status], 结果: [Passed], 预期: [0]
2020-10-14 18:25:01,809 - root - INFO : 校验类型: [-msg], 结果: [Passed], 预期: [success]
2020-10-14 18:25:01,809 - root - INFO : 校验类型: [-in]  结果: [Passed]  预期: [name]
2020-10-14 18:25:01,809 - root - INFO :  = = =  = = =  = = =  = = =  = = =  = = =  = = =  = = = 分割线 = = =  = = =  = = =  = = =  = = =  = = =  = = =  = = = 
2020-10-14 18:25:01,810 - root - INFO : 正在执行Function: creativity_save
2020-10-14 18:25:01,810 - root - INFO : 描述信息: 【银河/广告/广告计划】新建广告创意
2020-10-14 18:25:01,810 - root - INFO : 请求地址: https://galaxy-api-fat.shiguangkey.com/api/galaxy/creativity/save
2020-10-14 18:25:01,810 - root - INFO : 请求方法: [- POST -]
2020-10-14 18:25:01,810 - root - INFO : 请求头部: {'content-type': 'application/x-www-form-urlencoded', 'token': '0x7706e00712f1fa187d94642b4c37aa'}
2020-10-14 18:25:01,810 - root - INFO : 请求正文: {'name': '自动化创意81949601', 'gatherType': 1, 'isNeedCaptch': 1, 'position': 1, 'type': '1', 'putMode': '1', 'channelId': '6', 'programId': '13711', 'programName': '自动化计划98002351'}
2020-10-14 18:25:02,070 - root - INFO : 响应消息: {'traceId': '8c463275c551473da8fb012572b26984', 'status': '0', 'msg': 'success', 'data': {}}
2020-10-14 18:25:02,070 - root - INFO : 校验类型: [-status], 结果: [Passed], 预期: [0]
2020-10-14 18:25:02,070 - root - INFO : 校验类型: [-msg], 结果: [Passed], 预期: [success]
2020-10-14 18:25:02,070 - root - INFO :  = = =  = = =  = = =  = = =  = = =  = = =  = = =  = = = 分割线 = = =  = = =  = = =  = = =  = = =  = = =  = = =  = = = 
2020-10-14 18:25:02,070 - root - INFO : 正在执行Function: creativity_pageList
2020-10-14 18:25:02,070 - root - INFO : 描述信息: 【银河/广告/广告创意】查询广告创意
2020-10-14 18:25:02,070 - root - INFO : 请求地址: https://galaxy-api-fat.shiguangkey.com/api/galaxy/creativity/pageList
2020-10-14 18:25:02,070 - root - INFO : 请求方法: [- POST -]
2020-10-14 18:25:02,070 - root - INFO : 请求头部: {'content-type': 'application/x-www-form-urlencoded', 'token': '0x7706e00712f1fa187d94642b4c37aa'}
2020-10-14 18:25:02,070 - root - INFO : 请求正文: {'gatherType': 1, 'programId': '13711', 'isHide': 0, 'pageIndex': 1, 'pageSize': 20}
2020-10-14 18:25:02,419 - root - INFO : 响应消息: {'traceId': 'e09b85198d9c4b6688c91d7c5f9ffbe9', 'status': '0', 'msg': 'success', 'data': {'totalItem': 1, 'list': [{'id': 113356, 'oldCreativityId': None, 'oldProgramId': None, 'no': '4c19d97069124e12b0439460dc353c73', 'name': '自动化创意81949601', 'programName': '自动化计划98002351', 'subjectName': 'Python', 'subjectId': 282, 'channelName': '微信', 'channelId': 6, 'isImport': 0, 'position': '1', 'keyword': None, 'areaId': None, 'areaName': None, 'creatorName': '自动化专用-勿动', 'createTime': 1602671104000, 'remark': None, 'isNeedCaptch': 1, 'state': 2, 'adMainId': None, 'channelAgencyAccountId': None, 'accountCode': None, 'adMainAccount': None, 'thirdUrl': None, 'allocInstType': 1, 'receiveDeptId': None, 'receiveDeptIdChain': None, 'isHide': 0, 'isTest': 0, 'creatorDeptId': 8009, 'vector': None, 'customerVectorValue': None, 'followerName': None, 'followerTanzkAccount': None, 'putMode': 1, 'receptionistId': None, 'receptionistName': None, 'receptionistTanzkAccount': None, 'receptionistDeptId': None, 'receptionistDeptIdChain': None, 'creatorDeptIdChain': '1001-8006-8007-8008-8009', 'updateState': 1, 'type': 1, 'programId': 13711, 'promotionTerminal': 1, 'vectorType': None, 'channelQrCode': None, 'channelNumber': None, 'companyWechatId': None, 'vectorId': None, 'vectorName': None}]}}
2020-10-14 18:25:02,420 - root - INFO : 提取变量: [ creativityId: 113356 ]
2020-10-14 18:25:02,420 - root - INFO : 提取变量: [ creativityName: 自动化创意81949601 ]
2020-10-14 18:25:02,420 - root - INFO : 提取变量: [ creativityNo: 4c19d97069124e12b0439460dc353c73 ]
2020-10-14 18:25:02,420 - root - INFO : 校验类型: [-status], 结果: [Passed], 预期: [0]
2020-10-14 18:25:02,420 - root - INFO : 校验类型: [-msg], 结果: [Passed], 预期: [success]
2020-10-14 18:25:02,420 - root - INFO :  = = =  = = =  = = =  = = =  = = =  = = =  = = =  = = = 分割线 = = =  = = =  = = =  = = =  = = =  = = =  = = =  = = = 
