2020-09-03 10:50:51,422 - root - INFO : 描述信息: 【潭州平台】获取登录用户 token
2020-09-03 10:50:51,424 - root - INFO : 请求地址: https://open-fat.shiguangkey.com/api/udb/workwechat/auth/login
2020-09-03 10:50:51,424 - root - INFO : 请求方法: [- POST -]
2020-09-03 10:50:51,424 - root - INFO : 请求头部: {'content-type': 'application/x-www-form-urlencoded', 'terminaltype': '4', 'user-agent': 'Mozilla/5.0 (Windows NT 10.0; Win64; x64) AppleWebKit/537.36 (KHTML, like Gecko) Chrome/80.0.3987.106 Safari/537.36', 'Connection': 'close', 'keep-alive': 'False'}
2020-09-03 10:50:51,424 - root - INFO : 请求正文: {'account': 't0384223793', 'password': '4QrcOUm6Wau+VuBX8g+IPg'}
2020-09-03 10:50:51,565 - root - INFO : 响应消息: {'traceId': 'b5121af5b98d43e9ba8cf390119a83bd', 'status': '0', 'msg': 'success', 'data': {'user': {'uid': 19862099, 'mobile': '', 'account': '', 'nickname': '日常的阿魏', 'headImg': 'https://res.shiguangkey.com/res/images/default.png', 'openId': '', 'newRegister': False, 'needBindPhone': False, 'showAccountList': False}, 'token': '0x77fd220712f12535a6844beade13f1'}}
2020-09-03 10:50:51,566 - root - INFO : 提取变量: [ pttoken: 0x77fd220712f12535a6844beade13f1 ]
2020-09-03 10:50:51,566 - root - INFO : 校验类型: [-status], 结果: [Passed], 预期: [0]
2020-09-03 10:50:51,566 - root - INFO : 校验类型: [-msg], 结果: [Passed], 预期: [success]
2020-09-03 10:50:51,566 - root - INFO :  = = =  = = =  = = =  = = =  = = =  = = =  = = =  = = = 分割线 = = =  = = =  = = =  = = =  = = =  = = =  = = =  = = = 
2020-09-03 10:50:51,577 - root - INFO : 当前运行Case: test_add_flow_cost_mgt_mobile
2020-09-03 10:50:51,577 - root - INFO : 正在执行Function: test_add_flow_cost_mgt_mobile
2020-09-03 10:50:51,578 - root - INFO : 正在执行Function: flow_cost_mgt_save
2020-09-03 10:50:51,578 - root - INFO : 描述信息: 【预算/流量成本管理/新增流量成本】手机流量成本-普通投放模式
2020-09-03 10:50:51,578 - root - INFO : 请求地址: https://galaxy-api-fat.shiguangkey.com/api/galaxy/flow/cost/manage/save
2020-09-03 10:50:51,578 - root - INFO : 请求方法: [- POST -]
2020-09-03 10:50:51,578 - root - INFO : 请求头部: {'content-type': 'application/x-www-form-urlencoded', 'token': '0x77fd220712f12535a6844beade13f1', 'x-dept-id-chain': '1001-8006-8007-8008-8009', 'user-agent': 'Mozilla/5.0 (Windows NT 10.0; Win64; x64) AppleWebKit/537.36 (KHTML, like Gecko) Chrome/80.0.3987.106 Safari/537.36', 'Connection': 'close', 'keep-alive': 'False'}
2020-09-03 10:50:51,578 - root - INFO : 请求正文: {'costMonth': 1598889600000, 'promotionerDeptIdChain': '1001-8006-8007-8008-8009', 'subjectId': '272', 'channelId': 4, 'gatherType': 1, 'putMode': 1, 'lastMonthLaunchNumber': 10000, 'lastMonthCashConsume': 1000, 'lastMonthSupplyTotal': 10000, 'lastMonthCost': 100, 'lastMonthDayAverageSupply': 1600, 'sameMonthDayAverageSupply': 10000, 'sameMonthDayAverageIncrement': 100, 'sameMonthCost': 1000, 'sameMonthDayConsume': 100, 'sameMonthSupply': 10000, 'sameMonthCashConsume': 1000, 'promotionerDeptName': '潭州教育>自动化测试分公司--勿动>自动化测试群--勿动>自动化测试事业部>自动化测试院', 'subjectName': '游戏运营', 'channelName': '知乎'}
2020-09-03 10:50:51,833 - root - INFO : 响应消息: {'traceId': '5168eb12a0d84eb1839e3217b2bb88ad', 'status': '110111002', 'msg': '已有同维度数据', 'data': {}}
2020-09-03 10:50:51,883 - root - INFO : 当前运行Case: test_add_flow_cost_mgt_wx
2020-09-03 10:50:51,883 - root - INFO : 正在执行Function: test_add_flow_cost_mgt_wx
2020-09-03 10:50:51,883 - root - INFO : 正在执行Function: flow_cost_mgt_save
2020-09-03 10:50:51,883 - root - INFO : 描述信息: 【预算/流量成本管理/新增流量成本】手机流量成本-普通投放模式
2020-09-03 10:50:51,883 - root - INFO : 请求地址: https://galaxy-api-fat.shiguangkey.com/api/galaxy/flow/cost/manage/save
2020-09-03 10:50:51,883 - root - INFO : 请求方法: [- POST -]
2020-09-03 10:50:51,883 - root - INFO : 请求头部: {'content-type': 'application/x-www-form-urlencoded', 'token': '0x77fd220712f12535a6844beade13f1', 'x-dept-id-chain': '1001-8006-8007-8008-8009', 'user-agent': 'Mozilla/5.0 (Windows NT 10.0; Win64; x64) AppleWebKit/537.36 (KHTML, like Gecko) Chrome/80.0.3987.106 Safari/537.36', 'Connection': 'close', 'keep-alive': 'False'}
2020-09-03 10:50:51,883 - root - INFO : 请求正文: {'costMonth': 1598889600000, 'promotionerDeptIdChain': '1001-8006-8007-8008-8009', 'subjectId': '272', 'channelId': 4, 'gatherType': 3, 'putMode': 1, 'lastMonthLaunchNumber': 10000, 'lastMonthCashConsume': 1000, 'lastMonthSupplyTotal': 10000, 'lastMonthCost': 100, 'lastMonthDayAverageSupply': 1600, 'sameMonthDayAverageSupply': 10000, 'sameMonthDayAverageIncrement': 100, 'sameMonthCost': 1000, 'sameMonthDayConsume': 100, 'sameMonthSupply': 10000, 'sameMonthCashConsume': 1000, 'promotionerDeptName': '潭州教育>自动化测试分公司--勿动>自动化测试群--勿动>自动化测试事业部>自动化测试院', 'subjectName': '游戏运营', 'channelName': '知乎'}
2020-09-03 10:50:52,100 - root - INFO : 响应消息: {'traceId': '42b59d2e2fc648e4bd7359af97b8b45d', 'status': '110111002', 'msg': '已有同维度数据', 'data': {}}
2020-09-03 10:50:52,122 - root - INFO : 当前运行Case: test_add_flow_cost_mgt_qq
2020-09-03 10:50:52,122 - root - INFO : 正在执行Function: test_add_flow_cost_mgt_qq
2020-09-03 10:50:52,122 - root - INFO : 正在执行Function: flow_cost_mgt_save
2020-09-03 10:50:52,123 - root - INFO : 描述信息: 【预算/流量成本管理/新增流量成本】手机流量成本-普通投放模式
2020-09-03 10:50:52,123 - root - INFO : 请求地址: https://galaxy-api-fat.shiguangkey.com/api/galaxy/flow/cost/manage/save
2020-09-03 10:50:52,123 - root - INFO : 请求方法: [- POST -]
2020-09-03 10:50:52,123 - root - INFO : 请求头部: {'content-type': 'application/x-www-form-urlencoded', 'token': '0x77fd220712f12535a6844beade13f1', 'x-dept-id-chain': '1001-8006-8007-8008-8009', 'user-agent': 'Mozilla/5.0 (Windows NT 10.0; Win64; x64) AppleWebKit/537.36 (KHTML, like Gecko) Chrome/80.0.3987.106 Safari/537.36', 'Connection': 'close', 'keep-alive': 'False'}
2020-09-03 10:50:52,123 - root - INFO : 请求正文: {'costMonth': 1598889600000, 'promotionerDeptIdChain': '1001-8006-8007-8008-8009', 'subjectId': '272', 'channelId': 4, 'gatherType': 2, 'putMode': 1, 'lastMonthLaunchNumber': 10000, 'lastMonthCashConsume': 1000, 'lastMonthSupplyTotal': 10000, 'lastMonthCost': 100, 'lastMonthDayAverageSupply': 1600, 'sameMonthDayAverageSupply': 10000, 'sameMonthDayAverageIncrement': 100, 'sameMonthCost': 1000, 'sameMonthDayConsume': 100, 'sameMonthSupply': 10000, 'sameMonthCashConsume': 1000, 'promotionerDeptName': '潭州教育>自动化测试分公司--勿动>自动化测试群--勿动>自动化测试事业部>自动化测试院', 'subjectName': '游戏运营', 'channelName': '知乎'}
2020-09-03 10:50:52,314 - root - INFO : 响应消息: {'traceId': '68c49b34a184452182f57b24e84b961d', 'status': '110111002', 'msg': '已有同维度数据', 'data': {}}
2020-09-03 10:50:52,336 - root - INFO : 当前运行Case: test_update_flow_cost_mgt
2020-09-03 10:50:52,336 - root - INFO : 正在执行Function: test_update_flow_cost_mgt
2020-09-03 10:50:52,337 - root - INFO : 正在执行Function: flow_cost_mgt_save
2020-09-03 10:50:52,337 - root - INFO : 描述信息: 【预算/流量成本管理/新增流量成本】手机流量成本-普通投放模式
2020-09-03 10:50:52,337 - root - INFO : 请求地址: https://galaxy-api-fat.shiguangkey.com/api/galaxy/flow/cost/manage/save
2020-09-03 10:50:52,337 - root - INFO : 请求方法: [- POST -]
2020-09-03 10:50:52,337 - root - INFO : 请求头部: {'content-type': 'application/x-www-form-urlencoded', 'token': '0x77fd220712f12535a6844beade13f1', 'x-dept-id-chain': '1001-8006-8007-8008-8009', 'user-agent': 'Mozilla/5.0 (Windows NT 10.0; Win64; x64) AppleWebKit/537.36 (KHTML, like Gecko) Chrome/80.0.3987.106 Safari/537.36', 'Connection': 'close', 'keep-alive': 'False'}
2020-09-03 10:50:52,337 - root - INFO : 请求正文: {'costMonth': 1601481600000, 'promotionerDeptIdChain': '1001-8006-8007-8008-8009', 'subjectId': '272', 'channelId': 4, 'gatherType': 2, 'putMode': 1, 'lastMonthLaunchNumber': 10000, 'lastMonthCashConsume': 1000, 'lastMonthSupplyTotal': 10000, 'lastMonthCost': 100, 'lastMonthDayAverageSupply': 1600, 'sameMonthDayAverageSupply': 10000, 'sameMonthDayAverageIncrement': 100, 'sameMonthCost': 1000, 'sameMonthDayConsume': 100, 'sameMonthSupply': 10000, 'sameMonthCashConsume': 1000, 'promotionerDeptName': '潭州教育>自动化测试分公司--勿动>自动化测试群--勿动>自动化测试事业部>自动化测试院', 'subjectName': '游戏运营', 'channelName': '知乎'}
2020-09-03 10:50:52,531 - root - INFO : 响应消息: {'traceId': '6708f74f6ef842c3bd23e2349938d4e4', 'status': '110111002', 'msg': '已有同维度数据', 'data': {}}
