2020-09-03 11:13:38,103 - root - INFO : 描述信息: 【潭州平台】获取登录用户 token
2020-09-03 11:13:38,103 - root - INFO : 请求地址: https://open-fat.shiguangkey.com/api/udb/workwechat/auth/login
2020-09-03 11:13:38,103 - root - INFO : 请求方法: [- POST -]
2020-09-03 11:13:38,103 - root - INFO : 请求头部: {'content-type': 'application/x-www-form-urlencoded', 'terminaltype': '4', 'user-agent': 'Mozilla/5.0 (Windows NT 10.0; Win64; x64) AppleWebKit/537.36 (KHTML, like Gecko) Chrome/80.0.3987.106 Safari/537.36', 'Connection': 'close', 'keep-alive': 'False'}
2020-09-03 11:13:38,104 - root - INFO : 请求正文: {'account': 't0384223793', 'password': '4QrcOUm6Wau+VuBX8g+IPg'}
2020-09-03 11:13:38,258 - root - INFO : 响应消息: {'traceId': '3e280a6fc2b24e069639e98aa732c889', 'status': '0', 'msg': 'success', 'data': {'user': {'uid': 19862099, 'mobile': '', 'account': '', 'nickname': '日常的阿魏', 'headImg': 'https://res.shiguangkey.com/res/images/default.png', 'openId': '', 'newRegister': False, 'needBindPhone': False, 'showAccountList': False}, 'token': '0x779e5c0712f12535d1f4146b018db8'}}
2020-09-03 11:13:38,259 - root - INFO : 提取变量: [ pttoken: 0x779e5c0712f12535d1f4146b018db8 ]
2020-09-03 11:13:38,259 - root - INFO : 校验类型: [-status], 结果: [Passed], 预期: [0]
2020-09-03 11:13:38,259 - root - INFO : 校验类型: [-msg], 结果: [Passed], 预期: [success]
2020-09-03 11:13:38,259 - root - INFO :  = = =  = = =  = = =  = = =  = = =  = = =  = = =  = = = 分割线 = = =  = = =  = = =  = = =  = = =  = = =  = = =  = = = 
2020-09-03 11:13:38,271 - root - INFO : 当前运行Case: test_add_flow_cost_mgt_mobile
2020-09-03 11:13:38,271 - root - INFO : 正在执行Function: test_add_flow_cost_mgt_mobile
2020-09-03 11:13:38,272 - root - INFO : 正在执行Function: flow_cost_mgt_save
2020-09-03 11:13:38,272 - root - INFO : 描述信息: 【预算/流量成本管理/新增流量成本】手机流量成本-普通投放模式
2020-09-03 11:13:38,272 - root - INFO : 请求地址: https://galaxy-api-fat.shiguangkey.com/api/galaxy/flow/cost/manage/save
2020-09-03 11:13:38,272 - root - INFO : 请求方法: [- POST -]
2020-09-03 11:13:38,272 - root - INFO : 请求头部: {'content-type': 'application/x-www-form-urlencoded', 'token': '0x779e5c0712f12535d1f4146b018db8', 'x-dept-id-chain': '1001-8006-8007-8008-8009', 'user-agent': 'Mozilla/5.0 (Windows NT 10.0; Win64; x64) AppleWebKit/537.36 (KHTML, like Gecko) Chrome/80.0.3987.106 Safari/537.36', 'Connection': 'close', 'keep-alive': 'False'}
2020-09-03 11:13:38,272 - root - INFO : 请求正文: {'costMonth': 1598889600000, 'promotionerDeptIdChain': '1001-8006-8007-8008-8009', 'subjectId': '269', 'channelId': 4, 'gatherType': 1, 'putMode': 1, 'lastMonthLaunchNumber': 10000, 'lastMonthCashConsume': 1000, 'lastMonthSupplyTotal': 10000, 'lastMonthCost': 100, 'lastMonthDayAverageSupply': 1600, 'sameMonthDayAverageSupply': 10000, 'sameMonthDayAverageIncrement': 100, 'sameMonthCost': 1000, 'sameMonthDayConsume': 100, 'sameMonthSupply': 10000, 'sameMonthCashConsume': 1000, 'promotionerDeptName': '潭州教育>自动化测试分公司--勿动>自动化测试群--勿动>自动化测试事业部>自动化测试院', 'subjectName': '产品策划', 'channelName': '知乎'}
2020-09-03 11:13:38,536 - root - INFO : 响应消息: {'traceId': '3ac13f74e19840cfb4c6f5bb3d606f76', 'status': '110111002', 'msg': '已有同维度数据', 'data': {}}
2020-09-03 11:13:38,590 - root - INFO : 当前运行Case: test_add_flow_cost_mgt_wx
2020-09-03 11:13:38,591 - root - INFO : 正在执行Function: test_add_flow_cost_mgt_wx
2020-09-03 11:13:38,591 - root - INFO : 正在执行Function: flow_cost_mgt_save
2020-09-03 11:13:38,591 - root - INFO : 描述信息: 【预算/流量成本管理/新增流量成本】手机流量成本-普通投放模式
2020-09-03 11:13:38,591 - root - INFO : 请求地址: https://galaxy-api-fat.shiguangkey.com/api/galaxy/flow/cost/manage/save
2020-09-03 11:13:38,591 - root - INFO : 请求方法: [- POST -]
2020-09-03 11:13:38,591 - root - INFO : 请求头部: {'content-type': 'application/x-www-form-urlencoded', 'token': '0x779e5c0712f12535d1f4146b018db8', 'x-dept-id-chain': '1001-8006-8007-8008-8009', 'user-agent': 'Mozilla/5.0 (Windows NT 10.0; Win64; x64) AppleWebKit/537.36 (KHTML, like Gecko) Chrome/80.0.3987.106 Safari/537.36', 'Connection': 'close', 'keep-alive': 'False'}
2020-09-03 11:13:38,591 - root - INFO : 请求正文: {'costMonth': 1598889600000, 'promotionerDeptIdChain': '1001-8006-8007-8008-8009', 'subjectId': '269', 'channelId': 4, 'gatherType': 3, 'putMode': 1, 'lastMonthLaunchNumber': 10000, 'lastMonthCashConsume': 1000, 'lastMonthSupplyTotal': 10000, 'lastMonthCost': 100, 'lastMonthDayAverageSupply': 1600, 'sameMonthDayAverageSupply': 10000, 'sameMonthDayAverageIncrement': 100, 'sameMonthCost': 1000, 'sameMonthDayConsume': 100, 'sameMonthSupply': 10000, 'sameMonthCashConsume': 1000, 'promotionerDeptName': '潭州教育>自动化测试分公司--勿动>自动化测试群--勿动>自动化测试事业部>自动化测试院', 'subjectName': '产品策划', 'channelName': '知乎'}
2020-09-03 11:13:38,793 - root - INFO : 响应消息: {'traceId': '53d61142b56946f38e3dc3175abc320c', 'status': '110111002', 'msg': '已有同维度数据', 'data': {}}
2020-09-03 11:13:38,816 - root - INFO : 当前运行Case: test_add_flow_cost_mgt_qq
2020-09-03 11:13:38,817 - root - INFO : 正在执行Function: test_add_flow_cost_mgt_qq
2020-09-03 11:13:38,817 - root - INFO : 正在执行Function: flow_cost_mgt_save
2020-09-03 11:13:38,817 - root - INFO : 描述信息: 【预算/流量成本管理/新增流量成本】手机流量成本-普通投放模式
2020-09-03 11:13:38,817 - root - INFO : 请求地址: https://galaxy-api-fat.shiguangkey.com/api/galaxy/flow/cost/manage/save
2020-09-03 11:13:38,817 - root - INFO : 请求方法: [- POST -]
2020-09-03 11:13:38,817 - root - INFO : 请求头部: {'content-type': 'application/x-www-form-urlencoded', 'token': '0x779e5c0712f12535d1f4146b018db8', 'x-dept-id-chain': '1001-8006-8007-8008-8009', 'user-agent': 'Mozilla/5.0 (Windows NT 10.0; Win64; x64) AppleWebKit/537.36 (KHTML, like Gecko) Chrome/80.0.3987.106 Safari/537.36', 'Connection': 'close', 'keep-alive': 'False'}
2020-09-03 11:13:38,817 - root - INFO : 请求正文: {'costMonth': 1598889600000, 'promotionerDeptIdChain': '1001-8006-8007-8008-8009', 'subjectId': '269', 'channelId': 4, 'gatherType': 2, 'putMode': 1, 'lastMonthLaunchNumber': 10000, 'lastMonthCashConsume': 1000, 'lastMonthSupplyTotal': 10000, 'lastMonthCost': 100, 'lastMonthDayAverageSupply': 1600, 'sameMonthDayAverageSupply': 10000, 'sameMonthDayAverageIncrement': 100, 'sameMonthCost': 1000, 'sameMonthDayConsume': 100, 'sameMonthSupply': 10000, 'sameMonthCashConsume': 1000, 'promotionerDeptName': '潭州教育>自动化测试分公司--勿动>自动化测试群--勿动>自动化测试事业部>自动化测试院', 'subjectName': '产品策划', 'channelName': '知乎'}
2020-09-03 11:13:39,038 - root - INFO : 响应消息: {'traceId': '8af157040dd049f5bf97a8d9d0d1ccfc', 'status': '110111002', 'msg': '已有同维度数据', 'data': {}}
2020-09-03 11:13:39,063 - root - INFO : 当前运行Case: test_update_flow_cost_mgt
2020-09-03 11:13:39,063 - root - INFO : 正在执行Function: test_update_flow_cost_mgt
2020-09-03 11:13:39,063 - root - INFO : 正在执行Function: flow_cost_mgt_save
2020-09-03 11:13:39,063 - root - INFO : 描述信息: 【预算/流量成本管理/新增流量成本】手机流量成本-普通投放模式
2020-09-03 11:13:39,063 - root - INFO : 请求地址: https://galaxy-api-fat.shiguangkey.com/api/galaxy/flow/cost/manage/save
2020-09-03 11:13:39,063 - root - INFO : 请求方法: [- POST -]
2020-09-03 11:13:39,063 - root - INFO : 请求头部: {'content-type': 'application/x-www-form-urlencoded', 'token': '0x779e5c0712f12535d1f4146b018db8', 'x-dept-id-chain': '1001-8006-8007-8008-8009', 'user-agent': 'Mozilla/5.0 (Windows NT 10.0; Win64; x64) AppleWebKit/537.36 (KHTML, like Gecko) Chrome/80.0.3987.106 Safari/537.36', 'Connection': 'close', 'keep-alive': 'False'}
2020-09-03 11:13:39,064 - root - INFO : 请求正文: {'costMonth': 1601481600000, 'promotionerDeptIdChain': '1001-8006-8007-8008-8009', 'subjectId': '495', 'channelId': 4, 'gatherType': 1, 'putMode': 1, 'lastMonthLaunchNumber': 10000, 'lastMonthCashConsume': 1000, 'lastMonthSupplyTotal': 10000, 'lastMonthCost': 100, 'lastMonthDayAverageSupply': 1600, 'sameMonthDayAverageSupply': 10000, 'sameMonthDayAverageIncrement': 100, 'sameMonthCost': 1000, 'sameMonthDayConsume': 100, 'sameMonthSupply': 10000, 'sameMonthCashConsume': 1000, 'promotionerDeptName': '潭州教育>自动化测试分公司--勿动>自动化测试群--勿动>自动化测试事业部>自动化测试院', 'subjectName': '形象设计', 'channelName': '知乎'}
2020-09-03 11:13:39,278 - root - INFO : 响应消息: {'traceId': 'd037f215a026446c89327f4da45c8b99', 'status': '0', 'msg': 'success', 'data': {}}
2020-09-03 11:13:39,278 - root - INFO : 校验类型: [-status], 结果: [Passed], 预期: [0]
2020-09-03 11:13:39,278 - root - INFO : 校验类型: [-msg], 结果: [Passed], 预期: [success]
2020-09-03 11:13:39,278 - root - INFO :  = = =  = = =  = = =  = = =  = = =  = = =  = = =  = = = 分割线 = = =  = = =  = = =  = = =  = = =  = = =  = = =  = = = 
2020-09-03 11:13:39,278 - root - INFO : 正在执行Function: flow_cost_mgt_page_list
2020-09-03 11:13:39,279 - root - INFO : 描述信息: 【预算/流量成本管理/查询】
2020-09-03 11:13:39,279 - root - INFO : 请求地址: https://galaxy-api-fat.shiguangkey.com/api/galaxy/flow/cost/manage/pageList
2020-09-03 11:13:39,279 - root - INFO : 请求方法: [- POST -]
2020-09-03 11:13:39,279 - root - INFO : 请求头部: {'content-type': 'application/x-www-form-urlencoded', 'token': '0x779e5c0712f12535d1f4146b018db8', 'user-agent': 'Mozilla/5.0 (Windows NT 10.0; Win64; x64) AppleWebKit/537.36 (KHTML, like Gecko) Chrome/80.0.3987.106 Safari/537.36', 'Connection': 'close', 'keep-alive': 'False'}
2020-09-03 11:13:39,279 - root - INFO : 请求正文: {'pageIndex': 1, 'pageSize': 20, 'gatherType': 1, 'startCostMonth': 1601481600000, 'endCostMonth': 1601654399999, 'channelId': 4}
2020-09-03 11:13:39,489 - root - INFO : 响应消息: {'traceId': '7fb540160eec47a7a73a25d78eda26ad', 'status': '0', 'msg': 'success', 'data': {'list': [{'id': 66, 'costMonth': 1601481600000, 'promotionerDeptIdChain': '1001-8006-8007-8008-8009', 'promotionerDeptName': '潭州教育>自动化测试分公司--勿动>自动化测试群--勿动>自动化测试事业部>自动化测试院', 'subjectId': 495, 'subjectName': '形象设计', 'channelId': 4, 'channelName': '知乎', 'gatherType': 1, 'putMode': 1, 'lastMonthLaunchNumber': 10000, 'lastMonthCashConsume': 1000.0, 'lastMonthSupplyTotal': 10000, 'lastMonthCost': 100.0, 'lastMonthDayAverageSupply': 1600, 'sameMonthDayAverageSupply': 10000, 'sameMonthDayAverageIncrement': 100, 'sameMonthCost': 1000.0, 'sameMonthDayConsume': 100.0, 'sameMonthSupply': 10000, 'sameMonthCashConsume': 1000.0, 'creatorId': 19862099, 'creatorName': '日常的阿魏', 'creatorDeptId': 8009, 'creatorDeptIdChain': '1001-8006-8007-8008-8009', 'createTime': 1599102816000, 'modifierId': '', 'modifierName': '', 'modifyTime': '', 'isDelete': 2020}, {'id': 54, 'costMonth': 1601481600000, 'promotionerDeptIdChain': '1001-8006-8007-8008-8009', 'promotionerDeptName': '潭州教育>自动化测试分公司--勿动>自动化测试群--勿动>自动化测试事业部>自动化测试院', 'subjectId': 272, 'subjectName': '游戏运营', 'channelId': 4, 'channelName': '知乎', 'gatherType': 1, 'putMode': 1, 'lastMonthLaunchNumber': 10000, 'lastMonthCashConsume': 1000.0, 'lastMonthSupplyTotal': 10000, 'lastMonthCost': 100.0, 'lastMonthDayAverageSupply': 1600, 'sameMonthDayAverageSupply': 10000, 'sameMonthDayAverageIncrement': 100, 'sameMonthCost': 1000.0, 'sameMonthDayConsume': 100.0, 'sameMonthSupply': 10000, 'sameMonthCashConsume': 1000.0, 'creatorId': 19862099, 'creatorName': '日常的阿魏', 'creatorDeptId': 8009, 'creatorDeptIdChain': '1001-8006-8007-8008-8009', 'createTime': 1599096064000, 'modifierId': '', 'modifierName': '', 'modifyTime': '', 'isDelete': 2020}, {'id': 50, 'costMonth': 1601481600000, 'promotionerDeptIdChain': '1001-8006-8007-8008-8009', 'promotionerDeptName': '潭州教育>自动化测试分公司--勿动>自动化测试群--勿动>自动化测试事业部>自动化测试院', 'subjectId': 275, 'subjectName': '新媒体运营', 'channelId': 4, 'channelName': '知乎', 'gatherType': 1, 'putMode': 1, 'lastMonthLaunchNumber': 1, 'lastMonthCashConsume': 1.0, 'lastMonthSupplyTotal': 1, 'lastMonthCost': 1.0, 'lastMonthDayAverageSupply': 1, 'sameMonthDayAverageSupply': 1, 'sameMonthDayAverageIncrement': 1, 'sameMonthCost': 1.0, 'sameMonthDayConsume': 1.0, 'sameMonthSupply': 1, 'sameMonthCashConsume': 1.0, 'creatorId': 19862099, 'creatorName': '日常的阿魏', 'creatorDeptId': 8009, 'creatorDeptIdChain': '1001-8006-8007-8008-8009', 'createTime': 1599037032000, 'modifierId': '', 'modifierName': '', 'modifyTime': '', 'isDelete': 2020}], 'totalItem': 3, 'summation': {'lastMonthLaunchNumber': 20001, 'lastMonthCashConsume': 2001.0, 'lastMonthSupplyTotal': 20001, 'lastMonthCost': 0.1, 'lastMonthDayAverageSupply': 3201, 'sameMonthDayAverageSupply': 20001, 'sameMonthDayAverageIncrement': 201, 'sameMonthCost': 0.1, 'sameMonthDayConsume': 201.0, 'sameMonthSupply': 20001, 'sameMonthCashConsume': 2001.0}}}
2020-09-03 11:13:39,489 - root - INFO : 提取变量: [ id: 66 ]
2020-09-03 11:13:39,489 - root - INFO : 提取变量: [ costMonth: 1601481600000 ]
2020-09-03 11:13:39,491 - root - INFO : 提取变量: [ subjectId: 495 ]
2020-09-03 11:13:39,491 - root - INFO : 提取变量: [ subjectName: 形象设计 ]
2020-09-03 11:13:39,491 - root - INFO : 校验类型: [-status], 结果: [Passed], 预期: [0]
2020-09-03 11:13:39,491 - root - INFO : 校验类型: [-msg], 结果: [Passed], 预期: [success]
2020-09-03 11:13:39,491 - root - INFO :  = = =  = = =  = = =  = = =  = = =  = = =  = = =  = = = 分割线 = = =  = = =  = = =  = = =  = = =  = = =  = = =  = = = 
2020-09-03 11:13:39,492 - root - INFO : 正在执行Function: flow_cost_mgt_update
2020-09-03 11:13:39,492 - root - INFO : 描述信息: 【预算/流量成本管理/更新流量成本】手机流量成本-普通投放模式
2020-09-03 11:13:39,492 - root - INFO : 请求地址: https://galaxy-api-fat.shiguangkey.com/api/galaxy/flow/cost/manage/update
2020-09-03 11:13:39,492 - root - INFO : 请求方法: [- POST -]
2020-09-03 11:13:39,492 - root - INFO : 请求头部: {'content-type': 'application/x-www-form-urlencoded', 'token': '0x779e5c0712f12535d1f4146b018db8', 'x-dept-id-chain': '1001-8006-8007-8008-8009', 'user-agent': 'Mozilla/5.0 (Windows NT 10.0; Win64; x64) AppleWebKit/537.36 (KHTML, like Gecko) Chrome/80.0.3987.106 Safari/537.36', 'Connection': 'close', 'keep-alive': 'False'}
2020-09-03 11:13:39,492 - root - INFO : 请求正文: {'id': '66', 'costMonth': '1601481600000', 'promotionerDeptIdChain': '1001-8006-8007-8008-8009', 'subjectId': '495', 'channelId': 4, 'gatherType': 3, 'putMode': 1, 'lastMonthLaunchNumber': 10000, 'lastMonthCashConsume': 1000, 'lastMonthSupplyTotal': 10000, 'lastMonthCost': 100, 'lastMonthDayAverageSupply': 1600, 'sameMonthDayAverageSupply': 10000, 'sameMonthDayAverageIncrement': 100, 'sameMonthCost': 1000, 'sameMonthDayConsume': 100, 'sameMonthSupply': 10000, 'sameMonthCashConsume': 1000, 'promotionerDeptName': '潭州教育>自动化测试分公司--勿动>自动化测试群--勿动>自动化测试事业部>自动化测试院', 'subjectName': '形象设计', 'channelName': '知乎'}
2020-09-03 11:13:39,732 - root - INFO : 响应消息: {'traceId': '9ac3477436374346bb90361a8a760edf', 'status': '110111002', 'msg': '已有同维度数据', 'data': {}}
