2020-10-29 16:02:34,900 - root - INFO : ************** 当前运行环境: Fat *************
2020-10-29 16:02:34,901 - root - INFO : 描述信息: 【潭州平台】获取登录用户 token
2020-10-29 16:02:34,901 - root - INFO : 请求地址: https://open-fat.shiguangkey.com/api/udb/workwechat/auth/login
2020-10-29 16:02:34,901 - root - INFO : 请求方法: [- POST -]
2020-10-29 16:02:34,901 - root - INFO : 请求头部: {'content-type': 'application/x-www-form-urlencoded', 'terminaltype': '4'}
2020-10-29 16:02:34,901 - root - INFO : 请求正文: {'account': 't0312814888', 'password': '4QrcOUm6Wau+VuBX8g+IPg'}
2020-10-29 16:02:35,132 - root - INFO : 响应消息: {'traceId': 'd024e023af3a4fd48fb8021be1d93a8e', 'status': '0', 'msg': 'success', 'data': {'user': {'uid': 19865505, 'mobile': '', 'account': '', 'nickname': '拥挤的鳐鱼', 'headImg': 'https://res.shiguangkey.com/res/images/default.png', 'openId': '', 'newRegister': False, 'needBindPhone': False, 'showAccountList': False}, 'token': '0x7795da0712f1fa1e459419eb772639'}}
2020-10-29 16:02:35,133 - root - INFO : 提取变量: [ pttoken: 0x7795da0712f1fa1e459419eb772639 ]
2020-10-29 16:02:35,133 - root - INFO : 校验类型: [-status], 结果: [Passed], 预期: [0]
2020-10-29 16:02:35,133 - root - INFO : 校验类型: [-msg], 结果: [Passed], 预期: [success]
2020-10-29 16:02:35,133 - root - INFO :  = = =  = = =  = = =  = = =  = = =  = = =  = = =  = = = 分割线 = = =  = = =  = = =  = = =  = = =  = = =  = = =  = = = 
2020-10-29 16:02:35,256 - root - INFO : 凭证获取成功并写入 /common/config.txt 配置文件中
2020-10-29 16:02:35,257 - root - INFO : 当前所在Class: Website || 类描述信息: None
2020-10-29 16:02:35,303 - root - INFO : 当前所在Class: Check || 类描述信息: None
2020-10-29 16:02:35,333 - root - INFO : 当前运行Case: test_website_NotneedCaptch_plan
2020-10-29 16:02:35,334 - root - INFO : 正在执行Function: create_website_NotneedCaptch
2020-10-29 16:02:35,334 - root - INFO : 描述信息: 【银河/工具/落地页工具】新建落地页-空白落地页不需要验证
2020-10-29 16:02:35,334 - root - INFO : 请求地址: https://luban-api-fat.shiguangkey.com/website-edit-api/website/create_website
2020-10-29 16:02:35,334 - root - INFO : 请求方法: [- POST -]
2020-10-29 16:02:35,334 - root - INFO : 请求头部: {'content-type': 'application/json', 'token': '0x77b61a0712f1fa15f04426ab7c5864'}
2020-10-29 16:02:35,335 - root - INFO : 请求正文: {'name': '自动化落地页33464077', 'goodsId': None, 'previewUrl': 'https://fat-huawei-media.shiguangkey.com/kcolji7cllgr0ee', 'isRecommendApp': False, 'submitType': 0, 'isSmsVerify': 0, 'websiteType': 1, 'adCreateType': 2, 'websiteWechatType': 1, 'bgColor': '', 'bgImage': '', 'version': 2.13, 'compReqs': [{'compJson': '{"id":"kcolj5jz1vue0hy","type":3,"width":375,"height":115,"required":true,"value":"","title":"手机 (已加密)","placeholder":"请输入手机号码","unique":true,"validate":false,"layout":1,"phoneCodeType":0,"codeTextColor":"#FFFFFF","codeTextSize":15,"codeBgColor":"#1855FB","isAbroad":false,"y":0}', 'fileIds': [], 'scene': 1, 'type': 3}, {'compJson': '{"id":"kcolj64vjygwwbi","type":8,"width":375,"height":102,"title":"年龄","options":[{"label":"成年","isDefault":false},{"label":"未成年","isDefault":false}],"required":true,"layout":1,"optColNum":2,"y":115}', 'fileIds': [], 'scene': 1, 'type': 8}, {'compJson': '{"id":"kcolj7tqmvsgoj0","type":6,"width":339,"height":77,"text":"提交","textColor":"#FFFFFF","textSize":17,"borderColor":"#1855FB","borderWidth":2,"borderRadius":4,"bgColor":"#1855FB","position":false,"positionBtnBgColor":"#1855FB","isBuy":false,"y":217}', 'fileIds': [], 'scene': 1, 'type': 6}, {'compJson': '{"id":"kcolj7tryu2ia4b","type":20,"width":375,"img":"https://prod-qiniu-media.shiguangkey.com/FhUCXVlZjjAzQghQxr1bHT9pa3yz","height":220,"title":"提交成功","desc":"我们已收到您的反馈，感谢填写","isDownloadApp":false,"y":0}', 'fileIds': [], 'scene': 2, 'type': 20}]}
2020-10-29 16:02:35,615 - root - INFO : 响应消息: {'status': 0, 'msg': 'success', 'traceId': 'de0347d927dc463eb2bf911f19643830', 'data': {'code': '1321724098934894594', 'id': 9700}}
2020-10-29 16:02:35,615 - root - INFO : 提取变量: [ websiteId: 9700 ]
2020-10-29 16:02:35,615 - root - INFO : 校验类型: [-status], 结果: [Passed], 预期: [0]
2020-10-29 16:02:35,615 - root - INFO : 校验类型: [-msg], 结果: [Passed], 预期: [success]
2020-10-29 16:02:35,615 - root - INFO :  = = =  = = =  = = =  = = =  = = =  = = =  = = =  = = = 分割线 = = =  = = =  = = =  = = =  = = =  = = =  = = =  = = = 
2020-10-29 16:02:35,616 - root - INFO : 正在执行Function: publish_website
2020-10-29 16:02:35,616 - root - INFO : 描述信息: 【银河/工具/落地页工具】发布落地页
2020-10-29 16:02:35,616 - root - INFO : 请求地址: https://luban-api-fat.shiguangkey.com/website-edit-api/website/publish_website
2020-10-29 16:02:35,616 - root - INFO : 请求方法: [- POST -]
2020-10-29 16:02:35,616 - root - INFO : 请求头部: {'content-type': 'application/json', 'token': '0x77b61a0712f1fa15f04426ab7c5864'}
2020-10-29 16:02:35,616 - root - INFO : 请求正文: {'websiteId': '9700'}
2020-10-29 16:02:35,790 - root - INFO : 响应消息: {'status': 0, 'msg': '落地页发布成功', 'traceId': 'd2c655ba8d92424280407cfde2a792a7', 'data': None}
2020-10-29 16:02:35,790 - root - INFO : 校验类型: [-status], 结果: [Passed], 预期: [0]
2020-10-29 16:02:35,790 - root - INFO : 校验类型: [-msg], 结果: [Passed], 预期: [落地页发布成功]
2020-10-29 16:02:35,790 - root - INFO :  = = =  = = =  = = =  = = =  = = =  = = =  = = =  = = = 分割线 = = =  = = =  = = =  = = =  = = =  = = =  = = =  = = = 
2020-10-29 16:02:35,790 - root - INFO : 正在执行Function: association_creativity_api
2020-10-29 16:02:35,790 - root - INFO : 描述信息: 【银河/工具/落地页工具】生成链接
2020-10-29 16:02:35,790 - root - INFO : 请求地址: https://luban-api-fat.shiguangkey.com/website-edit-api/website_link/association_creativity
2020-10-29 16:02:35,791 - root - INFO : 请求方法: [- POST -]
2020-10-29 16:02:35,791 - root - INFO : 请求头部: {'content-type': 'application/json', 'token': '0x77b61a0712f1fa15f04426ab7c5864'}
2020-10-29 16:02:35,791 - root - INFO : 请求正文: {'websiteId': '9700', 'title': '自动化落地页33464077', 'releaseChannel': 3, 'channel': '微信', 'channelId': 6, 'subject': 'Python', 'subjectId': 282, 'putPlanNames': ['自动化计划80802129'], 'adType': 1, 'adPlan': '自动化计划80802129', 'websiteLinkFollowReq': {'allocInstType': 1, 'gatherType': 1, 'isTest': None, 'putMode': 1, 'receiveDeptId': None, 'receiveDeptIdChain': '', 'receiveDeptName': ''}, 'accountId': 'wx359bdedd5d18907a', 'domain': 'https://mz-fat.tanzhouedu.com', 'allocInstType': 1}
2020-10-29 16:02:35,977 - root - INFO : 响应消息: {'status': 0, 'msg': 'success', 'traceId': 'd0d06fb010b14ec2b8121df215bfe49c', 'data': [{'putPlanName': None, 'creativityCode': '1005f14cdbe1b758'}]}
2020-10-29 16:02:35,977 - root - INFO : 提取变量: [ creativityCode: 1005f14cdbe1b758 ]
2020-10-29 16:02:35,977 - root - INFO : 校验类型: [-status], 结果: [Passed], 预期: [0]
2020-10-29 16:02:35,977 - root - INFO : 校验类型: [-msg], 结果: [Passed], 预期: [success]
2020-10-29 16:02:35,977 - root - INFO : 校验类型: [-in]  结果: [Passed]  预期: [creativityCode]
2020-10-29 16:02:35,978 - root - INFO :  = = =  = = =  = = =  = = =  = = =  = = =  = = =  = = = 分割线 = = =  = = =  = = =  = = =  = = =  = = =  = = =  = = = 
2020-10-29 16:02:35,978 - root - INFO : 正在执行Function: check_one_submit
2020-10-29 16:02:35,978 - root - INFO : 正在执行Function: landing_page_query
2020-10-29 16:02:35,978 - root - INFO : 正在执行Function: list_landing_page_NoonedCapath
2020-10-29 16:02:35,978 - root - INFO : 描述信息: 【银河/工具/落地页工具】落地页数据查询--无支付
2020-10-29 16:02:35,978 - root - INFO : 请求地址: https://luban-api-fat.shiguangkey.com/website-edit-api/website_link/list_creativity
2020-10-29 16:02:35,978 - root - INFO : 请求方法: [- POST -]
2020-10-29 16:02:35,978 - root - INFO : 请求头部: {'content-type': 'application/json', 'token': '0x77b61a0712f1fa15f04426ab7c5864'}
2020-10-29 16:02:35,978 - root - INFO : 请求正文: {'websiteCode': '', 'creativityCode': '', 'adNo': '', 'isTest': '', 'channelCode': '', 'subjectId': '', 'putMode': '', 'websiteName': '自动化落地页33464077', 'submitStartTime': '2020-10-29 00:00:00', 'submitEndTime': '2020-10-29 23:59:59', 'pageNo': 1, 'pageSize': 10, 'websiteType': 1}
2020-10-29 16:02:36,539 - root - INFO : 响应消息: {'status': 0, 'msg': 'success', 'traceId': '5345ec2d2ae044739bddf528a52e542d', 'data': {'totalPage': 1, 'rows': [{'websiteLinkId': 9076, 'websiteName': '自动化落地页33464077', 'previewUrl': 'https://fat-huawei-media.shiguangkey.com/kcolji7cllgr0ee', 'adNo': '', 'creativityId': 0, 'putPlanName': '自动化计划80802129', 'websiteCode': '1321724098934894594', 'websiteId': 9700, 'promoter': '自动化专用-勿动', 'publishTime': '2020-10-29 16:02:37', 'updatedAt': 1603958556000, 'channel': '微信', 'subject': 'Python', 'putMode': 1, 'creativityCode': '1005f14cdbe1b758', 'creativityStat': {'creativityCode': '1005f14cdbe1b758', 'pageView': 0, 'uniqueVisitor': 0, 'conversionRate': 0, 'orderNum': 0, 'formSubmitNum': 0, 'clickNum': 0, 'adultNum': 0, 'minorNum': 0, 'avgLoadTime': 0, 'downloadNum': 0, 'noCustomerGrown': None, 'noCustomerChild': None, 'cpc': None, 'noLeaningRepeatGrown': None, 'noLeaningRepeatChild': None, 'noLeaning': None}, 'websiteType': 1, 'transferType': 0, 'isTest': 0, 'receiveDeptName': None, 'allocInstType': 1, 'isDisable': 0, 'releaseChannel': 3, 'url': 'https://mz-fat.tanzhouedu.com?s=1005f14cdbe1b758', 'customerNum': None, 'userId': 1737}], 'totalCount': 1, 'pageNo': 1, 'pageSize': 10, 'currentPageSize': 1}}
2020-10-29 16:02:36,539 - root - INFO : 提取变量: [ adNo:  ]
2020-10-29 16:02:36,539 - root - INFO : 提取变量: [ websiteCode: 1321724098934894594 ]
2020-10-29 16:02:36,540 - root - INFO : 提取变量: [ websiteLinkId: 9076 ]
2020-10-29 16:02:36,540 - root - INFO : 校验类型: [-status], 结果: [Passed], 预期: [0]
2020-10-29 16:02:36,540 - root - INFO : 校验类型: [-msg], 结果: [Passed], 预期: [success]
2020-10-29 16:02:36,540 - root - INFO :  = = =  = = =  = = =  = = =  = = =  = = =  = = =  = = = 分割线 = = =  = = =  = = =  = = =  = = =  = = =  = = =  = = = 
2020-10-29 16:02:36,540 - root - INFO : 正在执行Function: website_queryStatInfo_NoonedCapath
2020-10-29 16:02:36,540 - root - INFO : 描述信息: 【银河/工具/落地页工具/查询落地页数据】查看数据--无支付
2020-10-29 16:02:36,540 - root - INFO : 请求地址: https://luban-api-fat.shiguangkey.com/website-edit-api/website_stat/queryStatInfo
2020-10-29 16:02:36,540 - root - INFO : 请求方法: [- GET -]
2020-10-29 16:02:36,540 - root - INFO : 请求头部: {'token': '0x77b61a0712f1fa15f04426ab7c5864'}
2020-10-29 16:02:36,540 - root - INFO : 请求正文: {'startTime': '2020-10-29 00:00:00', 'endTime': '2020-10-29 23:59:59', 'adNo': None, 'webSiteCode': '1321724098934894594', 'transferType': 0, 'creativityCode': '1005f14cdbe1b758'}
2020-10-29 16:02:36,891 - root - INFO : 响应消息: {'status': 0, 'msg': 'success', 'traceId': '60d76e8d80eb40459365f162047976f4', 'data': {'pageView': 0, 'avgDuration': 0, 'bounceRate': 0.0, 'avgStayTime': 0, 'conversionRate': 0.0, 'userView': 0, 'formNumber': 0, 'weChats': None, 'orderNumber': 0, 'clickNumber': None, 'isRecommendApp': None, 'downloadNum': 0}}
2020-10-29 16:02:36,891 - root - INFO : 校验类型: [-status], 结果: [Passed], 预期: [0]
2020-10-29 16:02:36,891 - root - INFO : 校验类型: [-msg], 结果: [Passed], 预期: [success]
2020-10-29 16:02:36,891 - root - INFO :  = = =  = = =  = = =  = = =  = = =  = = =  = = =  = = = 分割线 = = =  = = =  = = =  = = =  = = =  = = =  = = =  = = = 
