2020-09-03 15:26:34,476 - root - INFO : 描述信息: 【潭州平台】获取登录用户 token
2020-09-03 15:26:34,476 - root - INFO : 请求地址: https://open-fat.shiguangkey.com/api/udb/workwechat/auth/login
2020-09-03 15:26:34,476 - root - INFO : 请求方法: [- POST -]
2020-09-03 15:26:34,476 - root - INFO : 请求头部: {'content-type': 'application/x-www-form-urlencoded', 'terminaltype': '4', 'user-agent': 'Mozilla/5.0 (Windows NT 10.0; Win64; x64) AppleWebKit/537.36 (KHTML, like Gecko) Chrome/80.0.3987.106 Safari/537.36', 'Connection': 'close', 'keep-alive': 'False'}
2020-09-03 15:26:34,477 - root - INFO : 请求正文: {'account': 't0384223793', 'password': '4QrcOUm6Wau+VuBX8g+IPg'}
2020-09-03 15:26:34,622 - root - INFO : 响应消息: {'traceId': '7e4229739a44423696800ee62ac4a62b', 'status': '0', 'msg': 'success', 'data': {'user': {'uid': 19862099, 'mobile': '', 'account': '', 'nickname': '日常的阿魏', 'headImg': 'https://res.shiguangkey.com/res/images/default.png', 'openId': '', 'newRegister': False, 'needBindPhone': False, 'showAccountList': False}, 'token': '0x77f9240712f1253cf6b41dba61533f'}}
2020-09-03 15:26:34,622 - root - INFO : 提取变量: [ pttoken: 0x77f9240712f1253cf6b41dba61533f ]
2020-09-03 15:26:34,622 - root - INFO : 校验类型: [-status], 结果: [Passed], 预期: [0]
2020-09-03 15:26:34,622 - root - INFO : 校验类型: [-msg], 结果: [Passed], 预期: [success]
2020-09-03 15:26:34,622 - root - INFO :  = = =  = = =  = = =  = = =  = = =  = = =  = = =  = = = 分割线 = = =  = = =  = = =  = = =  = = =  = = =  = = =  = = = 
2020-09-03 15:26:34,628 - root - INFO : 描述信息: 【潭州平台】获取登录用户 token
2020-09-03 15:26:34,629 - root - INFO : 请求地址: https://open-fat.shiguangkey.com/api/udb/workwechat/auth/login
2020-09-03 15:26:34,629 - root - INFO : 请求方法: [- POST -]
2020-09-03 15:26:34,629 - root - INFO : 请求头部: {'content-type': 'application/x-www-form-urlencoded', 'terminaltype': '4', 'user-agent': 'Mozilla/5.0 (Windows NT 10.0; Win64; x64) AppleWebKit/537.36 (KHTML, like Gecko) Chrome/80.0.3987.106 Safari/537.36', 'Connection': 'close', 'keep-alive': 'False'}
2020-09-03 15:26:34,629 - root - INFO : 请求正文: {'account': 't0384223793', 'password': '4QrcOUm6Wau+VuBX8g+IPg'}
2020-09-03 15:26:34,787 - root - INFO : 响应消息: {'traceId': '9013aa3e63df4064bab0b3136444af7e', 'status': '0', 'msg': 'success', 'data': {'user': {'uid': 19862099, 'mobile': '', 'account': '', 'nickname': '日常的阿魏', 'headImg': 'https://res.shiguangkey.com/res/images/default.png', 'openId': '', 'newRegister': False, 'needBindPhone': False, 'showAccountList': False}, 'token': '0x77406a0712f1253eea048fe82fb944'}}
2020-09-03 15:26:34,788 - root - INFO : 提取变量: [ pttoken: 0x77406a0712f1253eea048fe82fb944 ]
2020-09-03 15:26:34,788 - root - INFO : 校验类型: [-status], 结果: [Passed], 预期: [0]
2020-09-03 15:26:34,788 - root - INFO : 校验类型: [-msg], 结果: [Passed], 预期: [success]
2020-09-03 15:26:34,788 - root - INFO :  = = =  = = =  = = =  = = =  = = =  = = =  = = =  = = = 分割线 = = =  = = =  = = =  = = =  = = =  = = =  = = =  = = = 
2020-09-03 15:26:34,801 - root - INFO : 描述信息: 【潭州平台】获取登录用户 token
2020-09-03 15:26:34,801 - root - INFO : 请求地址: https://open-fat.shiguangkey.com/api/udb/workwechat/auth/login
2020-09-03 15:26:34,801 - root - INFO : 请求方法: [- POST -]
2020-09-03 15:26:34,801 - root - INFO : 请求头部: {'content-type': 'application/x-www-form-urlencoded', 'terminaltype': '4', 'user-agent': 'Mozilla/5.0 (Windows NT 10.0; Win64; x64) AppleWebKit/537.36 (KHTML, like Gecko) Chrome/80.0.3987.106 Safari/537.36', 'Connection': 'close', 'keep-alive': 'False'}
2020-09-03 15:26:34,801 - root - INFO : 请求正文: {'account': 't0384223793', 'password': '4QrcOUm6Wau+VuBX8g+IPg'}
2020-09-03 15:26:34,953 - root - INFO : 响应消息: {'traceId': '5fb95323e768478a975012d8b30d2734', 'status': '0', 'msg': 'success', 'data': {'user': {'uid': 19862099, 'mobile': '', 'account': '', 'nickname': '日常的阿魏', 'headImg': 'https://res.shiguangkey.com/res/images/default.png', 'openId': '', 'newRegister': False, 'needBindPhone': False, 'showAccountList': False}, 'token': '0x77b83c0712f1253cb694f38b9b773b'}}
2020-09-03 15:26:34,954 - root - INFO : 提取变量: [ pttoken: 0x77b83c0712f1253cb694f38b9b773b ]
2020-09-03 15:26:34,954 - root - INFO : 校验类型: [-status], 结果: [Passed], 预期: [0]
2020-09-03 15:26:34,954 - root - INFO : 校验类型: [-msg], 结果: [Passed], 预期: [success]
2020-09-03 15:26:34,954 - root - INFO :  = = =  = = =  = = =  = = =  = = =  = = =  = = =  = = = 分割线 = = =  = = =  = = =  = = =  = = =  = = =  = = =  = = = 
2020-09-03 15:26:34,955 - root - INFO : 当前运行Case: test_update_flow_cost_mgt_gather
2020-09-03 15:26:34,955 - root - INFO : 正在执行Function: test_update_flow_cost_mgt_gather
2020-09-03 15:26:34,956 - root - INFO : 正在执行Function: flow_cost_mgt_save
2020-09-03 15:26:34,956 - root - INFO : 描述信息: 【预算/流量成本管理/新增流量成本】
2020-09-03 15:26:34,956 - root - INFO : 请求地址: https://galaxy-api-fat.shiguangkey.com/api/galaxy/flow/cost/manage/save
2020-09-03 15:26:34,956 - root - INFO : 请求方法: [- POST -]
2020-09-03 15:26:34,956 - root - INFO : 请求头部: {'content-type': 'application/x-www-form-urlencoded', 'token': '0x77b83c0712f1253cb694f38b9b773b', 'x-dept-id-chain': '1001-8006-8007-8008-8009', 'user-agent': 'Mozilla/5.0 (Windows NT 10.0; Win64; x64) AppleWebKit/537.36 (KHTML, like Gecko) Chrome/80.0.3987.106 Safari/537.36', 'Connection': 'close', 'keep-alive': 'False'}
2020-09-03 15:26:34,956 - root - INFO : 请求正文: {'costMonth': 1601481600000, 'promotionerDeptIdChain': '1001-8006-8007-8008-8009', 'subjectId': '495', 'channelId': 4, 'gatherType': 1, 'putMode': 1, 'lastMonthLaunchNumber': 10000, 'lastMonthCashConsume': 1000, 'lastMonthSupplyTotal': 10000, 'lastMonthCost': 100, 'lastMonthDayAverageSupply': 1600, 'sameMonthDayAverageSupply': 10000, 'sameMonthDayAverageIncrement': 100, 'sameMonthCost': 1000, 'sameMonthDayConsume': 100, 'sameMonthSupply': 10000, 'sameMonthCashConsume': 1000, 'promotionerDeptName': '潭州教育>自动化测试分公司--勿动>自动化测试群--勿动>自动化测试事业部>自动化测试院', 'subjectName': '形象设计', 'channelName': '知乎'}
2020-09-03 15:26:35,213 - root - INFO : 响应消息: {'traceId': '6b493f7f7e75454d9d7e615b7fa3a974', 'status': '0', 'msg': 'success', 'data': {}}
2020-09-03 15:26:35,213 - root - INFO : 校验类型: [-status], 结果: [Passed], 预期: [0]
2020-09-03 15:26:35,213 - root - INFO : 校验类型: [-msg], 结果: [Passed], 预期: [success]
2020-09-03 15:26:35,213 - root - INFO :  = = =  = = =  = = =  = = =  = = =  = = =  = = =  = = = 分割线 = = =  = = =  = = =  = = =  = = =  = = =  = = =  = = = 
2020-09-03 15:26:35,213 - root - INFO : 正在执行Function: flow_cost_mgt_page_list
2020-09-03 15:26:35,213 - root - INFO : 描述信息: 【预算/流量成本管理/查询】
2020-09-03 15:26:35,213 - root - INFO : 请求地址: https://galaxy-api-fat.shiguangkey.com/api/galaxy/flow/cost/manage/pageList
2020-09-03 15:26:35,213 - root - INFO : 请求方法: [- POST -]
2020-09-03 15:26:35,213 - root - INFO : 请求头部: {'content-type': 'application/x-www-form-urlencoded', 'token': '0x77b83c0712f1253cb694f38b9b773b', 'user-agent': 'Mozilla/5.0 (Windows NT 10.0; Win64; x64) AppleWebKit/537.36 (KHTML, like Gecko) Chrome/80.0.3987.106 Safari/537.36', 'Connection': 'close', 'keep-alive': 'False'}
2020-09-03 15:26:35,213 - root - INFO : 请求正文: {'pageIndex': 1, 'pageSize': 20, 'gatherType': 1, 'startCostMonth': 1601481600000, 'endCostMonth': 1601654399999, 'channelId': 4}
2020-09-03 15:26:35,377 - root - INFO : 响应消息: {'traceId': '96a3888f14b74a0e8de3d7bf1c610a9b', 'status': '0', 'msg': 'success', 'data': {'list': [{'id': 98, 'costMonth': 1601481600000, 'promotionerDeptIdChain': '1001-8006-8007-8008-8009', 'promotionerDeptName': '潭州教育>自动化测试分公司--勿动>自动化测试群--勿动>自动化测试事业部>自动化测试院', 'subjectId': 495, 'subjectName': '形象设计', 'channelId': 4, 'channelName': '知乎', 'gatherType': 1, 'putMode': 1, 'lastMonthLaunchNumber': 10000, 'lastMonthCashConsume': 1000.0, 'lastMonthSupplyTotal': 10000, 'lastMonthCost': 100.0, 'lastMonthDayAverageSupply': 1600, 'sameMonthDayAverageSupply': 10000, 'sameMonthDayAverageIncrement': 100, 'sameMonthCost': 1000.0, 'sameMonthDayConsume': 100.0, 'sameMonthSupply': 10000, 'sameMonthCashConsume': 1000.0, 'creatorId': 19862099, 'creatorName': '日常的阿魏', 'creatorDeptId': 8009, 'creatorDeptIdChain': '1001-8006-8007-8008-8009', 'createTime': 1599117995000, 'modifierId': '', 'modifierName': '', 'modifyTime': '', 'isDelete': 2020}], 'totalItem': 1, 'summation': {'lastMonthLaunchNumber': 10000, 'lastMonthCashConsume': 1000.0, 'lastMonthSupplyTotal': 10000, 'lastMonthCost': 0.1, 'lastMonthDayAverageSupply': 1600, 'sameMonthDayAverageSupply': 10000, 'sameMonthDayAverageIncrement': 100, 'sameMonthCost': 0.1, 'sameMonthDayConsume': 100.0, 'sameMonthSupply': 10000, 'sameMonthCashConsume': 1000.0}}}
2020-09-03 15:26:35,377 - root - INFO : 提取变量: [ id: 98 ]
2020-09-03 15:26:35,378 - root - INFO : 提取变量: [ costMonth: 1601481600000 ]
2020-09-03 15:26:35,378 - root - INFO : 提取变量: [ subjectId: 495 ]
2020-09-03 15:26:35,378 - root - INFO : 提取变量: [ subjectName: 形象设计 ]
2020-09-03 15:26:35,378 - root - INFO : 校验类型: [-status], 结果: [Passed], 预期: [0]
2020-09-03 15:26:35,378 - root - INFO : 校验类型: [-msg], 结果: [Passed], 预期: [success]
2020-09-03 15:26:35,379 - root - INFO :  = = =  = = =  = = =  = = =  = = =  = = =  = = =  = = = 分割线 = = =  = = =  = = =  = = =  = = =  = = =  = = =  = = = 
2020-09-03 15:26:35,379 - root - INFO : 正在执行Function: flow_cost_mgt_update
2020-09-03 15:26:35,379 - root - INFO : 描述信息: 【预算/流量成本管理/更新流量成本】
2020-09-03 15:26:35,379 - root - INFO : 请求地址: https://galaxy-api-fat.shiguangkey.com/api/galaxy/flow/cost/manage/update
2020-09-03 15:26:35,379 - root - INFO : 请求方法: [- POST -]
2020-09-03 15:26:35,379 - root - INFO : 请求头部: {'content-type': 'application/x-www-form-urlencoded', 'token': '0x77b83c0712f1253cb694f38b9b773b', 'x-dept-id-chain': '1001-8006-8007-8008-8009', 'user-agent': 'Mozilla/5.0 (Windows NT 10.0; Win64; x64) AppleWebKit/537.36 (KHTML, like Gecko) Chrome/80.0.3987.106 Safari/537.36', 'Connection': 'close', 'keep-alive': 'False'}
2020-09-03 15:26:35,379 - root - INFO : 请求正文: {'id': '98', 'costMonth': '1601481600000', 'promotionerDeptIdChain': '1001-8006-8007-8008-8009', 'subjectId': '495', 'channelId': 4, 'gatherType': 3, 'putMode': 1, 'lastMonthLaunchNumber': 10000, 'lastMonthCashConsume': 1000, 'lastMonthSupplyTotal': 10000, 'lastMonthCost': 100, 'lastMonthDayAverageSupply': 1600, 'sameMonthDayAverageSupply': 10000, 'sameMonthDayAverageIncrement': 100, 'sameMonthCost': 1000, 'sameMonthDayConsume': 100, 'sameMonthSupply': 10000, 'sameMonthCashConsume': 1000, 'promotionerDeptName': '潭州教育>自动化测试分公司--勿动>自动化测试群--勿动>自动化测试事业部>自动化测试院', 'subjectName': '形象设计', 'channelName': '知乎'}
2020-09-03 15:26:35,571 - root - INFO : 响应消息: {'traceId': '4e6b9f07a171434cbcd167e287d7f384', 'status': '110111002', 'msg': '已有同维度数据', 'data': {}}
