2020-09-03 15:42:00,668 - root - INFO : 描述信息: 【潭州平台】获取登录用户 token
2020-09-03 15:42:00,668 - root - INFO : 请求地址: https://open-fat.shiguangkey.com/api/udb/workwechat/auth/login
2020-09-03 15:42:00,668 - root - INFO : 请求方法: [- POST -]
2020-09-03 15:42:00,668 - root - INFO : 请求头部: {'content-type': 'application/x-www-form-urlencoded', 'terminaltype': '4', 'user-agent': 'Mozilla/5.0 (Windows NT 10.0; Win64; x64) AppleWebKit/537.36 (KHTML, like Gecko) Chrome/80.0.3987.106 Safari/537.36', 'Connection': 'close', 'keep-alive': 'False'}
2020-09-03 15:42:00,680 - root - INFO : 请求正文: {'account': 't0384223793', 'password': '4QrcOUm6Wau+VuBX8g+IPg'}
2020-09-03 15:42:00,829 - root - INFO : 响应消息: {'traceId': 'c20a3b781e2746af91bbd2259c0af576', 'status': '0', 'msg': 'success', 'data': {'user': {'uid': 19862099, 'mobile': '', 'account': '', 'nickname': '日常的阿魏', 'headImg': 'https://res.shiguangkey.com/res/images/default.png', 'openId': '', 'newRegister': False, 'needBindPhone': False, 'showAccountList': False}, 'token': '0x776f320712f1253a52146629fb513e'}}
2020-09-03 15:42:00,829 - root - INFO : 提取变量: [ pttoken: 0x776f320712f1253a52146629fb513e ]
2020-09-03 15:42:00,829 - root - INFO : 校验类型: [-status], 结果: [Passed], 预期: [0]
2020-09-03 15:42:00,829 - root - INFO : 校验类型: [-msg], 结果: [Passed], 预期: [success]
2020-09-03 15:42:00,830 - root - INFO :  = = =  = = =  = = =  = = =  = = =  = = =  = = =  = = = 分割线 = = =  = = =  = = =  = = =  = = =  = = =  = = =  = = = 
2020-09-03 15:42:00,836 - root - INFO : 描述信息: 【潭州平台】获取登录用户 token
2020-09-03 15:42:00,837 - root - INFO : 请求地址: https://open-fat.shiguangkey.com/api/udb/workwechat/auth/login
2020-09-03 15:42:00,837 - root - INFO : 请求方法: [- POST -]
2020-09-03 15:42:00,837 - root - INFO : 请求头部: {'content-type': 'application/x-www-form-urlencoded', 'terminaltype': '4', 'user-agent': 'Mozilla/5.0 (Windows NT 10.0; Win64; x64) AppleWebKit/537.36 (KHTML, like Gecko) Chrome/80.0.3987.106 Safari/537.36', 'Connection': 'close', 'keep-alive': 'False'}
2020-09-03 15:42:00,837 - root - INFO : 请求正文: {'account': 't0384223793', 'password': '4QrcOUm6Wau+VuBX8g+IPg'}
2020-09-03 15:42:00,990 - root - INFO : 响应消息: {'traceId': 'e1d0b37ff86447b4a4fc6b6a70f34147', 'status': '0', 'msg': 'success', 'data': {'user': {'uid': 19862099, 'mobile': '', 'account': '', 'nickname': '日常的阿魏', 'headImg': 'https://res.shiguangkey.com/res/images/default.png', 'openId': '', 'newRegister': False, 'needBindPhone': False, 'showAccountList': False}, 'token': '0x775d3d0712f1253be754a7ea7cb663'}}
2020-09-03 15:42:00,990 - root - INFO : 提取变量: [ pttoken: 0x775d3d0712f1253be754a7ea7cb663 ]
2020-09-03 15:42:00,990 - root - INFO : 校验类型: [-status], 结果: [Passed], 预期: [0]
2020-09-03 15:42:00,990 - root - INFO : 校验类型: [-msg], 结果: [Passed], 预期: [success]
2020-09-03 15:42:00,990 - root - INFO :  = = =  = = =  = = =  = = =  = = =  = = =  = = =  = = = 分割线 = = =  = = =  = = =  = = =  = = =  = = =  = = =  = = = 
2020-09-03 15:42:01,003 - root - INFO : 描述信息: 【潭州平台】获取登录用户 token
2020-09-03 15:42:01,003 - root - INFO : 请求地址: https://open-fat.shiguangkey.com/api/udb/workwechat/auth/login
2020-09-03 15:42:01,003 - root - INFO : 请求方法: [- POST -]
2020-09-03 15:42:01,003 - root - INFO : 请求头部: {'content-type': 'application/x-www-form-urlencoded', 'terminaltype': '4', 'user-agent': 'Mozilla/5.0 (Windows NT 10.0; Win64; x64) AppleWebKit/537.36 (KHTML, like Gecko) Chrome/80.0.3987.106 Safari/537.36', 'Connection': 'close', 'keep-alive': 'False'}
2020-09-03 15:42:01,003 - root - INFO : 请求正文: {'account': 't0384223793', 'password': '4QrcOUm6Wau+VuBX8g+IPg'}
2020-09-03 15:42:01,137 - root - INFO : 响应消息: {'traceId': 'e090565b0bbe459cb1b73bf9d10a195d', 'status': '0', 'msg': 'success', 'data': {'user': {'uid': 19862099, 'mobile': '', 'account': '', 'nickname': '日常的阿魏', 'headImg': 'https://res.shiguangkey.com/res/images/default.png', 'openId': '', 'newRegister': False, 'needBindPhone': False, 'showAccountList': False}, 'token': '0x7727970712f125388784ca787b718c'}}
2020-09-03 15:42:01,137 - root - INFO : 提取变量: [ pttoken: 0x7727970712f125388784ca787b718c ]
2020-09-03 15:42:01,137 - root - INFO : 校验类型: [-status], 结果: [Passed], 预期: [0]
2020-09-03 15:42:01,137 - root - INFO : 校验类型: [-msg], 结果: [Passed], 预期: [success]
2020-09-03 15:42:01,137 - root - INFO :  = = =  = = =  = = =  = = =  = = =  = = =  = = =  = = = 分割线 = = =  = = =  = = =  = = =  = = =  = = =  = = =  = = = 
2020-09-03 15:42:01,142 - root - INFO : 当前运行Case: test_update_flow_cost_mgt
2020-09-03 15:42:01,142 - root - INFO : 正在执行Function: test_update_flow_cost_mgt
2020-09-03 15:42:01,143 - root - INFO : 正在执行Function: flow_cost_mgt_save
2020-09-03 15:42:01,143 - root - INFO : 描述信息: 【预算/流量成本管理/新增流量成本】
2020-09-03 15:42:01,143 - root - INFO : 请求地址: https://galaxy-api-fat.shiguangkey.com/api/galaxy/flow/cost/manage/save
2020-09-03 15:42:01,143 - root - INFO : 请求方法: [- POST -]
2020-09-03 15:42:01,143 - root - INFO : 请求头部: {'content-type': 'application/x-www-form-urlencoded', 'token': '0x7727970712f125388784ca787b718c', 'x-dept-id-chain': '1001-8006-8007-8008-8009', 'user-agent': 'Mozilla/5.0 (Windows NT 10.0; Win64; x64) AppleWebKit/537.36 (KHTML, like Gecko) Chrome/80.0.3987.106 Safari/537.36', 'Connection': 'close', 'keep-alive': 'False'}
2020-09-03 15:42:01,143 - root - INFO : 请求正文: {'costMonth': 1601481600000, 'promotionerDeptIdChain': '1001-8006-8007-8008-8009', 'subjectId': '495', 'channelId': 4, 'gatherType': 2, 'putMode': 1, 'lastMonthLaunchNumber': 10000, 'lastMonthCashConsume': 1000, 'lastMonthSupplyTotal': 10000, 'lastMonthCost': 100, 'lastMonthDayAverageSupply': 1600, 'sameMonthDayAverageSupply': 10000, 'sameMonthDayAverageIncrement': 100, 'sameMonthCost': 1000, 'sameMonthDayConsume': 100, 'sameMonthSupply': 10000, 'sameMonthCashConsume': 1000, 'promotionerDeptName': '潭州教育>自动化测试分公司--勿动>自动化测试群--勿动>自动化测试事业部>自动化测试院', 'subjectName': '形象设计', 'channelName': '知乎'}
2020-09-03 15:42:01,353 - root - INFO : 响应消息: {'traceId': '893c8bad28734b2299cd2274e2779df4', 'status': '0', 'msg': 'success', 'data': {}}
2020-09-03 15:42:01,353 - root - INFO : 校验类型: [-status], 结果: [Passed], 预期: [0]
2020-09-03 15:42:01,353 - root - INFO : 校验类型: [-msg], 结果: [Passed], 预期: [success]
2020-09-03 15:42:01,353 - root - INFO :  = = =  = = =  = = =  = = =  = = =  = = =  = = =  = = = 分割线 = = =  = = =  = = =  = = =  = = =  = = =  = = =  = = = 
2020-09-03 15:42:01,354 - root - INFO : 正在执行Function: flow_cost_mgt_page_list
2020-09-03 15:42:01,354 - root - INFO : 描述信息: 【预算/流量成本管理/查询】
2020-09-03 15:42:01,354 - root - INFO : 请求地址: https://galaxy-api-fat.shiguangkey.com/api/galaxy/flow/cost/manage/pageList
2020-09-03 15:42:01,354 - root - INFO : 请求方法: [- POST -]
2020-09-03 15:42:01,354 - root - INFO : 请求头部: {'content-type': 'application/x-www-form-urlencoded', 'token': '0x7727970712f125388784ca787b718c', 'user-agent': 'Mozilla/5.0 (Windows NT 10.0; Win64; x64) AppleWebKit/537.36 (KHTML, like Gecko) Chrome/80.0.3987.106 Safari/537.36', 'Connection': 'close', 'keep-alive': 'False'}
2020-09-03 15:42:01,354 - root - INFO : 请求正文: {'pageIndex': 1, 'pageSize': 20, 'gatherType': 2, 'startCostMonth': 1601481600000, 'endCostMonth': 1601654399999, 'channelId': 4}
2020-09-03 15:42:01,536 - root - INFO : 响应消息: {'traceId': '36981af8e1704896841244b16e4bcdd2', 'status': '0', 'msg': 'success', 'data': {'list': [{'id': 100, 'costMonth': 1601481600000, 'promotionerDeptIdChain': '1001-8006-8007-8008-8009', 'promotionerDeptName': '潭州教育>自动化测试分公司--勿动>自动化测试群--勿动>自动化测试事业部>自动化测试院', 'subjectId': 495, 'subjectName': '形象设计', 'channelId': 4, 'channelName': '知乎', 'gatherType': 2, 'putMode': 1, 'lastMonthLaunchNumber': 10000, 'lastMonthCashConsume': 1000.0, 'lastMonthSupplyTotal': 10000, 'lastMonthCost': 100.0, 'lastMonthDayAverageSupply': 1600, 'sameMonthDayAverageSupply': 10000, 'sameMonthDayAverageIncrement': 100, 'sameMonthCost': 1000.0, 'sameMonthDayConsume': 100.0, 'sameMonthSupply': 10000, 'sameMonthCashConsume': 1000.0, 'creatorId': 19862099, 'creatorName': '日常的阿魏', 'creatorDeptId': 8009, 'creatorDeptIdChain': '1001-8006-8007-8008-8009', 'createTime': 1599118922000, 'modifierId': '', 'modifierName': '', 'modifyTime': '', 'isDelete': 2020}], 'totalItem': 1, 'summation': {'lastMonthLaunchNumber': 10000, 'lastMonthCashConsume': 1000.0, 'lastMonthSupplyTotal': 10000, 'lastMonthCost': 0.1, 'lastMonthDayAverageSupply': 1600, 'sameMonthDayAverageSupply': 10000, 'sameMonthDayAverageIncrement': 100, 'sameMonthCost': 0.1, 'sameMonthDayConsume': 100.0, 'sameMonthSupply': 10000, 'sameMonthCashConsume': 1000.0}}}
2020-09-03 15:42:01,536 - root - INFO : 提取变量: [ id: 100 ]
2020-09-03 15:42:01,537 - root - INFO : 提取变量: [ costMonth: 1601481600000 ]
2020-09-03 15:42:01,537 - root - INFO : 提取变量: [ subjectId: 495 ]
2020-09-03 15:42:01,537 - root - INFO : 提取变量: [ subjectName: 形象设计 ]
2020-09-03 15:42:01,537 - root - INFO : 校验类型: [-status], 结果: [Passed], 预期: [0]
2020-09-03 15:42:01,537 - root - INFO : 校验类型: [-msg], 结果: [Passed], 预期: [success]
2020-09-03 15:42:01,538 - root - INFO :  = = =  = = =  = = =  = = =  = = =  = = =  = = =  = = = 分割线 = = =  = = =  = = =  = = =  = = =  = = =  = = =  = = = 
2020-09-03 15:42:01,538 - root - INFO : 正在执行Function: flow_cost_mgt_update
2020-09-03 15:42:01,538 - root - INFO : 描述信息: 【预算/流量成本管理/更新流量成本】
2020-09-03 15:42:01,538 - root - INFO : 请求地址: https://galaxy-api-fat.shiguangkey.com/api/galaxy/flow/cost/manage/update
2020-09-03 15:42:01,538 - root - INFO : 请求方法: [- POST -]
2020-09-03 15:42:01,538 - root - INFO : 请求头部: {'content-type': 'application/x-www-form-urlencoded', 'token': '0x7727970712f125388784ca787b718c', 'x-dept-id-chain': '1001-8006-8007-8008-8009', 'user-agent': 'Mozilla/5.0 (Windows NT 10.0; Win64; x64) AppleWebKit/537.36 (KHTML, like Gecko) Chrome/80.0.3987.106 Safari/537.36', 'Connection': 'close', 'keep-alive': 'False'}
2020-09-03 15:42:01,538 - root - INFO : 请求正文: {'id': '100', 'costMonth': '1601481600000', 'promotionerDeptIdChain': '1001-8006-8007-8008-8009', 'subjectId': '495', 'channelId': 4, 'gatherType': 2, 'putMode': 1, 'lastMonthLaunchNumber': 10000, 'lastMonthCashConsume': 1000, 'lastMonthSupplyTotal': 10000, 'lastMonthCost': 100, 'lastMonthDayAverageSupply': 1600, 'sameMonthDayAverageSupply': 10000, 'sameMonthDayAverageIncrement': 100, 'sameMonthCost': 1000, 'sameMonthDayConsume': 100, 'sameMonthSupply': 10000, 'sameMonthCashConsume': 1000, 'promotionerDeptName': '潭州教育>自动化测试分公司--勿动>自动化测试群--勿动>自动化测试事业部>自动化测试院', 'subjectName': '形象设计', 'channelName': '知乎'}
2020-09-03 15:42:01,740 - root - INFO : 响应消息: {'traceId': '45b2e43df0b14a7d8f4f68f836b47a30', 'status': '0', 'msg': 'success', 'data': {}}
2020-09-03 15:42:01,740 - root - INFO : 校验类型: [-status], 结果: [Passed], 预期: [0]
2020-09-03 15:42:01,740 - root - INFO : 校验类型: [-msg], 结果: [Passed], 预期: [success]
2020-09-03 15:42:01,740 - root - INFO :  = = =  = = =  = = =  = = =  = = =  = = =  = = =  = = = 分割线 = = =  = = =  = = =  = = =  = = =  = = =  = = =  = = = 
