2020-10-27 14:21:30,531 - root - INFO : 描述信息: 【潭州平台】获取登录用户 token
2020-10-27 14:21:30,531 - root - INFO : 请求地址: https://open-fat.shiguangkey.com/api/udb/workwechat/auth/login
2020-10-27 14:21:30,531 - root - INFO : 请求方法: [- POST -]
2020-10-27 14:21:30,531 - root - INFO : 请求头部: {'content-type': 'application/x-www-form-urlencoded', 'terminaltype': '4'}
2020-10-27 14:21:30,532 - root - INFO : 请求正文: {'account': 't0383212689', 'password': '4QrcOUm6Wau+VuBX8g+IPg'}
2020-10-27 14:21:30,748 - root - INFO : 响应消息: {'traceId': '87aeef0a16dd46bc8c03378056a37bd6', 'status': '0', 'msg': 'success', 'data': {'user': {'uid': 19861712, 'mobile': '', 'account': '', 'nickname': '暖和的少女花', 'headImg': 'https://res.shiguangkey.com/res/images/default.png', 'openId': '', 'newRegister': False, 'needBindPhone': False, 'showAccountList': False}, 'token': '0x771c890712f10d0ed9040048b60646'}}
2020-10-27 14:21:30,749 - root - INFO : 提取变量: [ pttoken: 0x771c890712f10d0ed9040048b60646 ]
2020-10-27 14:21:30,749 - root - INFO : 校验类型: [-status], 结果: [Passed], 预期: [0]
2020-10-27 14:21:30,749 - root - INFO : 校验类型: [-msg], 结果: [Passed], 预期: [success]
2020-10-27 14:21:30,750 - root - INFO :  = = =  = = =  = = =  = = =  = = =  = = =  = = =  = = = 分割线 = = =  = = =  = = =  = = =  = = =  = = =  = = =  = = = 
2020-10-27 14:21:43,831 - root - INFO : 当前所在Class: Website || 类描述信息: None
2020-10-27 14:21:43,924 - root - INFO : 当前所在Class: Check || 类描述信息: None
2020-10-27 14:21:43,987 - root - INFO : 当前所在Class: Check || 类描述信息: None
2020-10-27 14:21:44,015 - root - INFO : 描述信息: 【银河/广告/广告创意】查询广告创意
2020-10-27 14:21:44,015 - root - INFO : 请求地址: https://galaxy-api-fat.shiguangkey.com/api/galaxy/creativity/pageList
2020-10-27 14:21:44,016 - root - INFO : 请求方法: [- POST -]
2020-10-27 14:21:44,016 - root - INFO : 请求头部: {'content-type': 'application/x-www-form-urlencoded', 'token': '0x771c890712f10d0ed9040048b60646'}
2020-10-27 14:21:44,016 - root - INFO : 请求正文: {'gatherType': 1, 'id': '114321', 'isHide': 0, 'pageIndex': 1, 'pageSize': 20}
2020-10-27 14:21:44,199 - root - INFO : 响应消息: {'traceId': 'd3745c4e5f3c4ede92ec00a7eaffbee2', 'status': '0', 'msg': 'success', 'data': {'totalItem': 1, 'list': [{'id': 114321, 'oldCreativityId': None, 'oldProgramId': None, 'no': '0b26346c13474960b4b191a8438e5632', 'name': '自动化创意67059508', 'programName': '自动化计划35947820', 'subjectName': 'Python', 'subjectId': 282, 'channelName': '微信', 'channelId': 6, 'isImport': 0, 'position': '1', 'keyword': None, 'areaId': None, 'areaName': None, 'creatorName': '自动化专用-勿动', 'createTime': 1603761143000, 'remark': None, 'isNeedCaptch': 1, 'state': 2, 'adMainId': None, 'channelAgencyAccountId': None, 'accountCode': None, 'adMainAccount': None, 'thirdUrl': None, 'allocInstType': 3, 'receiveDeptId': 4572, 'receiveDeptIdChain': '1001-2001-4569-4570-4571-4572', 'isHide': 0, 'isTest': 0, 'creatorDeptId': 8009, 'vector': None, 'customerVectorValue': None, 'followerName': None, 'followerTanzkAccount': None, 'putMode': 3, 'receptionistId': None, 'receptionistName': None, 'receptionistTanzkAccount': None, 'receptionistDeptId': None, 'receptionistDeptIdChain': None, 'creatorDeptIdChain': '1001-8006-8007-8008-8009', 'updateState': 1, 'type': 1, 'programId': 14553, 'promotionTerminal': 1, 'vectorType': None, 'channelQrCode': None, 'channelNumber': None, 'companyWechatId': None, 'vectorId': None, 'vectorName': None}]}}
2020-10-27 14:21:44,201 - root - INFO : 提取变量: [ creativityId: 114321 ]
2020-10-27 14:21:44,202 - root - INFO : 提取变量: [ creativityName: 自动化创意67059508 ]
2020-10-27 14:21:44,202 - root - INFO : 提取变量: [ creativityNo: 0b26346c13474960b4b191a8438e5632 ]
2020-10-27 14:21:44,203 - root - INFO : 提取变量: [ adName: 自动化计划35947820 ]
2020-10-27 14:21:44,203 - root - INFO : 正在执行Function: landing_page_crt
2020-10-27 14:21:44,204 - root - INFO : 正在执行Function: create_website_no
2020-10-27 14:21:44,204 - root - INFO : 描述信息: 【银河/工具/落地页工具】新建落地页-空白落地页不需要验证
2020-10-27 14:21:44,204 - root - INFO : 请求地址: https://luban-api-fat.shiguangkey.com/website-edit-api/website/create_website
2020-10-27 14:21:44,204 - root - INFO : 请求方法: [- POST -]
2020-10-27 14:21:44,204 - root - INFO : 请求头部: {'content-type': 'application/json', 'token': '0x771c890712f10d0ed9040048b60646'}
2020-10-27 14:21:44,204 - root - INFO : 请求正文: {'name': '自动化落地页04262688', 'goodsId': None, 'previewUrl': 'https://fat-huawei-media.shiguangkey.com/kcolji7cllgr0ee', 'isRecommendApp': False, 'submitType': 0, 'isSmsVerify': 0, 'websiteType': 1, 'adCreateType': 1, 'websiteWechatType': 1, 'bgColor': '', 'bgImage': '', 'version': '2.0.0', 'compReqs': [{'compJson': '{"id":"kcolj5jz1vue0hy","type":3,"width":375,"height":115,"required":true,"value":"","title":"手机 (已加密)","placeholder":"请输入手机号码","unique":true,"validate":false,"layout":1,"phoneCodeType":0,"codeTextColor":"#FFFFFF","codeTextSize":15,"codeBgColor":"#1855FB","isAbroad":false,"y":0}', 'fileIds': [], 'scene': 1, 'type': 3}, {'compJson': '{"id":"kcolj64vjygwwbi","type":8,"width":375,"height":102,"title":"年龄","options":[{"label":"成年","isDefault":false},{"label":"未成年","isDefault":false}],"required":true,"layout":1,"optColNum":2,"y":115}', 'fileIds': [], 'scene': 1, 'type': 8}, {'compJson': '{"id":"kcolj7tqmvsgoj0","type":6,"width":339,"height":77,"text":"提交","textColor":"#FFFFFF","textSize":17,"borderColor":"#1855FB","borderWidth":2,"borderRadius":4,"bgColor":"#1855FB","position":false,"positionBtnBgColor":"#1855FB","isBuy":false,"y":217}', 'fileIds': [], 'scene': 1, 'type': 6}, {'compJson': '{"id":"kcolj7tryu2ia4b","type":20,"width":375,"img":"https://prod-qiniu-media.shiguangkey.com/FhUCXVlZjjAzQghQxr1bHT9pa3yz","height":220,"title":"提交成功","desc":"我们已收到您的反馈，感谢填写","isDownloadApp":false,"y":0}', 'fileIds': [], 'scene': 2, 'type': 20}]}
2020-10-27 14:21:44,447 - root - INFO : 响应消息: {'status': 0, 'msg': 'success', 'traceId': '062c7705237a454f9f73cf0286787545', 'data': {'code': '1320973943742840834', 'id': 9412}}
2020-10-27 14:21:44,447 - root - INFO : 提取变量: [ websiteId: 9412 ]
2020-10-27 14:21:44,447 - root - INFO : 正在执行Function: publish_web
2020-10-27 14:21:44,447 - root - INFO : 描述信息: 【银河/工具/落地页工具】发布落地页
2020-10-27 14:21:44,447 - root - INFO : 请求地址: https://luban-api-fat.shiguangkey.com/website-edit-api/website/publish_website
2020-10-27 14:21:44,447 - root - INFO : 请求方法: [- POST -]
2020-10-27 14:21:44,447 - root - INFO : 请求头部: {'content-type': 'application/json', 'token': '0x771c890712f10d0ed9040048b60646'}
2020-10-27 14:21:44,447 - root - INFO : 请求正文: {'websiteId': '9412'}
2020-10-27 14:21:44,624 - root - INFO : 响应消息: {'status': 0, 'msg': '落地页发布成功', 'traceId': '7886559e9a1f43c2bbbe2d65566f31b2', 'data': None}
2020-10-27 14:21:44,624 - root - INFO : 正在执行Function: association_cr
2020-10-27 14:21:44,625 - root - INFO : 描述信息: 【银河/工具/落地页工具】生成链接
2020-10-27 14:21:44,625 - root - INFO : 请求地址: https://luban-api-fat.shiguangkey.com/website-edit-api/website_link/association_creativity
2020-10-27 14:21:44,625 - root - INFO : 请求方法: [- POST -]
2020-10-27 14:21:44,625 - root - INFO : 请求头部: {'content-type': 'application/json', 'token': '0x771c890712f10d0ed9040048b60646'}
2020-10-27 14:21:44,625 - root - INFO : 请求正文: {'websiteId': '9412', 'title': '自动化落地页04262688', 'releaseChannel': 3, 'putPlanNames': ['自动化计划35947820'], 'adType': 1, 'adPlan': '自动化计划35947820', 'channel': '微信', 'channelId': 6, 'subject': 'Python', 'subjectId': 282, 'baseReqs': [{'adCreativity': '自动化创意67059508', 'adNo': '0b26346c13474960b4b191a8438e5632', 'creativityId': '114321'}], 'accountId': 'wx359bdedd5d18907a', 'domain': 'https://mz-fat.tanzhouedu.com'}
2020-10-27 14:21:44,829 - root - INFO : 响应消息: {'status': 0, 'msg': 'success', 'traceId': 'e10f0ac7782143d69f095af7b5fda297', 'data': [{'putPlanName': '自动化计划35947820', 'creativityCode': '6b3ea45e4c12fdef'}]}
2020-10-27 14:21:44,829 - root - INFO : 提取变量: [ creativityCode: 6b3ea45e4c12fdef ]
2020-10-27 14:21:44,830 - root - INFO : 正在执行Function: list_landing_page
2020-10-27 14:21:44,830 - root - INFO : 描述信息: 【银河/工具/落地页工具】落地页数据查询
2020-10-27 14:21:44,830 - root - INFO : 请求地址: https://luban-api-fat.shiguangkey.com/website-edit-api/website_link/list_creativity
2020-10-27 14:21:44,831 - root - INFO : 请求方法: [- POST -]
2020-10-27 14:21:44,831 - root - INFO : 请求头部: {'content-type': 'application/json', 'token': '0x771c890712f10d0ed9040048b60646'}
2020-10-27 14:21:44,831 - root - INFO : 请求正文: {'websiteCode': '', 'creativityCode': '', 'adNo': '', 'isTest': '', 'channelCode': '', 'subjectId': '', 'putMode': '', 'websiteName': '自动化落地页04262688', 'submitStartTime': '2020-10-27 00:00:00', 'submitEndTime': '2020-10-27 23:59:59', 'pageNo': 1, 'pageSize': 10, 'websiteType': 1}
2020-10-27 14:21:45,440 - root - INFO : 响应消息: {'status': 0, 'msg': 'success', 'traceId': '6b4ce1d619744f2693e0f5214f105edf', 'data': {'totalPage': 1, 'rows': [{'websiteLinkId': 8814, 'websiteName': '自动化落地页04262688', 'previewUrl': 'https://fat-huawei-media.shiguangkey.com/kcolji7cllgr0ee', 'adNo': '0b26346c13474960b4b191a8438e5632', 'creativityId': 114321, 'putPlanName': '自动化计划35947820', 'websiteCode': '1320973943742840834', 'websiteId': 9412, 'promoter': '暖和的少女花', 'publishTime': '2020-10-27 14:21:46', 'updatedAt': 1603779705000, 'channel': '微信', 'subject': 'Python', 'putMode': None, 'creativityCode': '6b3ea45e4c12fdef', 'creativityStat': {'creativityCode': '6b3ea45e4c12fdef', 'pageView': 0, 'uniqueVisitor': 0, 'conversionRate': 0, 'orderNum': 0, 'formSubmitNum': 0, 'clickNum': 0, 'adultNum': 0, 'minorNum': 0, 'avgLoadTime': 0, 'downloadNum': 0, 'noCustomerGrown': None, 'noCustomerChild': None, 'cpc': None, 'noLeaningRepeatGrown': None, 'noLeaningRepeatChild': None, 'noLeaning': None}, 'websiteType': 1, 'transferType': 0, 'isTest': None, 'receiveDeptName': None, 'allocInstType': None, 'isDisable': 0, 'releaseChannel': 3, 'url': 'https://mz-fat.tanzhouedu.com?s=6b3ea45e4c12fdef', 'customerNum': None, 'userId': 637}], 'totalCount': 1, 'pageNo': 1, 'pageSize': 10, 'currentPageSize': 1}}
2020-10-27 14:21:45,441 - root - INFO : 提取变量: [ adNo: 0b26346c13474960b4b191a8438e5632 ]
2020-10-27 14:21:45,442 - root - INFO : 提取变量: [ websiteCode: 1320973943742840834 ]
2020-10-27 14:21:45,442 - root - INFO : 提取变量: [ websiteLinkId: 8814 ]
2020-10-27 14:21:45,443 - root - INFO : 提取变量: [ url: https://mz-fat.tanzhouedu.com?s=6b3ea45e4c12fdef ]
2020-10-27 14:21:45,443 - root - INFO : 校验类型: [-status], 结果: [Passed], 预期: [0]
2020-10-27 14:21:45,443 - root - INFO : 校验类型: [-msg], 结果: [Passed], 预期: [success]
2020-10-27 14:21:45,443 - root - INFO :  = = =  = = =  = = =  = = =  = = =  = = =  = = =  = = = 分割线 = = =  = = =  = = =  = = =  = = =  = = =  = = =  = = = 
2020-10-27 15:38:33,242 - root - INFO : 当前所在Class: Website || 类描述信息: None
2020-10-27 15:38:33,339 - root - INFO : 当前所在Class: Check || 类描述信息: None
2020-10-27 15:38:33,402 - root - INFO : 当前所在Class: Check || 类描述信息: None
2020-10-27 15:38:33,430 - root - INFO : 描述信息: 【银河/广告/广告创意】查询广告创意
2020-10-27 15:38:33,431 - root - INFO : 请求地址: https://galaxy-api-fat.shiguangkey.com/api/galaxy/creativity/pageList
2020-10-27 15:38:33,431 - root - INFO : 请求方法: [- POST -]
2020-10-27 15:38:33,431 - root - INFO : 请求头部: {'content-type': 'application/x-www-form-urlencoded', 'token': '0x771c890712f10d0ed9040048b60646'}
2020-10-27 15:38:33,431 - root - INFO : 请求正文: {'gatherType': 1, 'id': '114321', 'isHide': 0, 'pageIndex': 1, 'pageSize': 20}
2020-10-27 15:38:33,691 - root - INFO : 响应消息: {'traceId': '97222acd6fd94012bda6263b0ae8fafc', 'status': '0', 'msg': 'success', 'data': {'totalItem': 1, 'list': [{'id': 114321, 'oldCreativityId': None, 'oldProgramId': None, 'no': '0b26346c13474960b4b191a8438e5632', 'name': '自动化创意67059508', 'programName': '自动化计划35947820', 'subjectName': 'Python', 'subjectId': 282, 'channelName': '微信', 'channelId': 6, 'isImport': 0, 'position': '1', 'keyword': None, 'areaId': None, 'areaName': None, 'creatorName': '自动化专用-勿动', 'createTime': 1603761143000, 'remark': None, 'isNeedCaptch': 1, 'state': 2, 'adMainId': None, 'channelAgencyAccountId': None, 'accountCode': None, 'adMainAccount': None, 'thirdUrl': None, 'allocInstType': 3, 'receiveDeptId': 4572, 'receiveDeptIdChain': '1001-2001-4569-4570-4571-4572', 'isHide': 0, 'isTest': 0, 'creatorDeptId': 8009, 'vector': None, 'customerVectorValue': None, 'followerName': None, 'followerTanzkAccount': None, 'putMode': 3, 'receptionistId': None, 'receptionistName': None, 'receptionistTanzkAccount': None, 'receptionistDeptId': None, 'receptionistDeptIdChain': None, 'creatorDeptIdChain': '1001-8006-8007-8008-8009', 'updateState': 1, 'type': 1, 'programId': 14553, 'promotionTerminal': 1, 'vectorType': None, 'channelQrCode': None, 'channelNumber': None, 'companyWechatId': None, 'vectorId': None, 'vectorName': None}]}}
2020-10-27 15:38:33,691 - root - INFO : 提取变量: [ creativityId: 114321 ]
2020-10-27 15:38:33,692 - root - INFO : 提取变量: [ creativityName: 自动化创意67059508 ]
2020-10-27 15:38:33,692 - root - INFO : 提取变量: [ creativityNo: 0b26346c13474960b4b191a8438e5632 ]
2020-10-27 15:38:33,693 - root - INFO : 提取变量: [ adName: 自动化计划35947820 ]
2020-10-27 15:38:33,693 - root - INFO : 正在执行Function: landing_page_crt
2020-10-27 15:38:33,693 - root - INFO : 正在执行Function: create_website_n
2020-10-27 15:38:33,693 - root - INFO : 描述信息: 【银河/工具/落地页工具】新建落地页-空白落地页需要验证
2020-10-27 15:38:33,693 - root - INFO : 请求地址: https://luban-api-fat.shiguangkey.com/website-edit-api/website/create_website
2020-10-27 15:38:33,693 - root - INFO : 请求方法: [- POST -]
2020-10-27 15:38:33,694 - root - INFO : 请求头部: {'content-type': 'application/json', 'token': '0x771c890712f10d0ed9040048b60646'}
2020-10-27 15:38:33,694 - root - INFO : 请求正文: {'name': '自动化落地页30099098', 'goodsId': None, 'previewUrl': 'https://fat-huawei-media.shiguangkey.com/kcx594r34s18uoq', 'isRecommendApp': False, 'submitType': 0, 'isSmsVerify': 1, 'websiteType': 1, 'adCreateType': 1, 'websiteWechatType': 1, 'bgColor': '', 'bgImage': '', 'version': '2.0.0', 'compReqs': [{'compJson': '{"id":"kcx58wtk471fc3t","type":3,"width":375,"height":176,"required":true,"value":"","title":"手机 (已加密)","placeholder":"请输入手机号码","unique":true,"validate":true,"layout":1,"phoneCodeType":0,"codeTextColor":"#FFFFFF","codeTextSize":15,"codeBgColor":"#1855FB","isAbroad":false,"y":0}', 'fileIds': [], 'scene': 1, 'type': 3}, {'compJson': '{"id":"kcx58xfke5x7xrm","type":8,"width":375,"height":102,"title":"年龄","options":[{"label":"成年","isDefault":false},{"label":"未成年","isDefault":false}],"required":true,"layout":1,"optColNum":2,"y":176}', 'fileIds': [], 'scene': 1, 'type': 8}, {'compJson': '{"id":"kcx5908gjvytg5v","type":6,"width":339,"height":77,"text":"提交","textColor":"#FFFFFF","textSize":17,"borderColor":"#1855FB","borderWidth":2,"borderRadius":4,"bgColor":"#1855FB","position":false,"positionBtnBgColor":"#1855FB","isBuy":false,"y":278}', 'fileIds': [], 'scene': 1, 'type': 6}, {'compJson': '{"id":"kcx5908gi0o5iva","type":20,"width":375,"img":"https://prod-qiniu-media.shiguangkey.com/FhUCXVlZjjAzQghQxr1bHT9pa3yz","height":220,"title":"提交成功","desc":"我们已收到您的反馈，感谢填写","isDownloadApp":false,"y":0}', 'fileIds': [], 'scene': 2, 'type': 20}]}
2020-10-27 15:38:33,959 - root - INFO : 响应消息: {'status': 0, 'msg': 'success', 'traceId': '04895c090ef84804b4934685c9c7c798', 'data': {'code': '1320993277995302914', 'id': 9417}}
2020-10-27 15:38:33,959 - root - INFO : 提取变量: [ websiteId: 9417 ]
2020-10-27 15:38:33,959 - root - INFO : 正在执行Function: publish_web
2020-10-27 15:38:33,960 - root - INFO : 描述信息: 【银河/工具/落地页工具】发布落地页
2020-10-27 15:38:33,960 - root - INFO : 请求地址: https://luban-api-fat.shiguangkey.com/website-edit-api/website/publish_website
2020-10-27 15:38:33,960 - root - INFO : 请求方法: [- POST -]
2020-10-27 15:38:33,960 - root - INFO : 请求头部: {'content-type': 'application/json', 'token': '0x771c890712f10d0ed9040048b60646'}
2020-10-27 15:38:33,960 - root - INFO : 请求正文: {'websiteId': '9417'}
2020-10-27 15:38:34,133 - root - INFO : 响应消息: {'status': 0, 'msg': '落地页发布成功', 'traceId': '5282d259f5b5440c8ce978bbf1cf12b0', 'data': None}
2020-10-27 15:38:34,133 - root - INFO : 正在执行Function: association_cr
2020-10-27 15:38:34,133 - root - INFO : 描述信息: 【银河/工具/落地页工具】生成链接
2020-10-27 15:38:34,133 - root - INFO : 请求地址: https://luban-api-fat.shiguangkey.com/website-edit-api/website_link/association_creativity
2020-10-27 15:38:34,133 - root - INFO : 请求方法: [- POST -]
2020-10-27 15:38:34,134 - root - INFO : 请求头部: {'content-type': 'application/json', 'token': '0x771c890712f10d0ed9040048b60646'}
2020-10-27 15:38:34,134 - root - INFO : 请求正文: {'websiteId': '9417', 'title': '自动化落地页30099098', 'releaseChannel': 3, 'putPlanNames': ['自动化计划35947820'], 'adType': 1, 'adPlan': '自动化计划35947820', 'channel': '微信', 'channelId': 6, 'subject': 'Python', 'subjectId': 282, 'baseReqs': [{'adCreativity': '自动化创意67059508', 'adNo': '0b26346c13474960b4b191a8438e5632', 'creativityId': '114321'}], 'accountId': 'wx359bdedd5d18907a', 'domain': 'https://mz-fat.tanzhouedu.com'}
2020-10-27 15:38:34,347 - root - INFO : 响应消息: {'status': 0, 'msg': 'success', 'traceId': '3144501879354900985f2881b3a4624f', 'data': [{'putPlanName': '自动化计划35947820', 'creativityCode': '93ff53e8286570a6'}]}
2020-10-27 15:38:34,347 - root - INFO : 提取变量: [ creativityCode: 93ff53e8286570a6 ]
2020-10-27 15:38:34,347 - root - INFO : 正在执行Function: list_landing_page
2020-10-27 15:38:34,348 - root - INFO : 描述信息: 【银河/工具/落地页工具】落地页数据查询
2020-10-27 15:38:34,348 - root - INFO : 请求地址: https://luban-api-fat.shiguangkey.com/website-edit-api/website_link/list_creativity
2020-10-27 15:38:34,348 - root - INFO : 请求方法: [- POST -]
2020-10-27 15:38:34,348 - root - INFO : 请求头部: {'content-type': 'application/json', 'token': '0x771c890712f10d0ed9040048b60646'}
2020-10-27 15:38:34,348 - root - INFO : 请求正文: {'websiteCode': '', 'creativityCode': '', 'adNo': '', 'isTest': '', 'channelCode': '', 'subjectId': '', 'putMode': '', 'websiteName': '自动化落地页30099098', 'submitStartTime': '2020-10-27 00:00:00', 'submitEndTime': '2020-10-27 23:59:59', 'pageNo': 1, 'pageSize': 10, 'websiteType': 1}
2020-10-27 15:38:35,037 - root - INFO : 响应消息: {'status': 0, 'msg': 'success', 'traceId': 'b7de3cb71f9a44bdbda6c9c212331221', 'data': {'totalPage': 1, 'rows': [{'websiteLinkId': 8817, 'websiteName': '自动化落地页30099098', 'previewUrl': 'https://fat-huawei-media.shiguangkey.com/kcx594r34s18uoq', 'adNo': '0b26346c13474960b4b191a8438e5632', 'creativityId': 114321, 'putPlanName': '自动化计划35947820', 'websiteCode': '1320993277995302914', 'websiteId': 9417, 'promoter': '暖和的少女花', 'publishTime': '2020-10-27 15:38:35', 'updatedAt': 1603784315000, 'channel': '微信', 'subject': 'Python', 'putMode': None, 'creativityCode': '93ff53e8286570a6', 'creativityStat': {'creativityCode': '93ff53e8286570a6', 'pageView': 0, 'uniqueVisitor': 0, 'conversionRate': 0, 'orderNum': 0, 'formSubmitNum': 0, 'clickNum': 0, 'adultNum': 0, 'minorNum': 0, 'avgLoadTime': 0, 'downloadNum': 0, 'noCustomerGrown': None, 'noCustomerChild': None, 'cpc': None, 'noLeaningRepeatGrown': None, 'noLeaningRepeatChild': None, 'noLeaning': None}, 'websiteType': 1, 'transferType': 0, 'isTest': None, 'receiveDeptName': None, 'allocInstType': None, 'isDisable': 0, 'releaseChannel': 3, 'url': 'https://mz-fat.tanzhouedu.com?s=93ff53e8286570a6', 'customerNum': None, 'userId': 637}], 'totalCount': 1, 'pageNo': 1, 'pageSize': 10, 'currentPageSize': 1}}
2020-10-27 15:38:35,038 - root - INFO : 提取变量: [ adNo: 0b26346c13474960b4b191a8438e5632 ]
2020-10-27 15:38:35,038 - root - INFO : 提取变量: [ websiteCode: 1320993277995302914 ]
2020-10-27 15:38:35,039 - root - INFO : 提取变量: [ websiteLinkId: 8817 ]
2020-10-27 15:38:35,039 - root - INFO : 提取变量: [ url: https://mz-fat.tanzhouedu.com?s=93ff53e8286570a6 ]
2020-10-27 15:38:35,039 - root - INFO : 校验类型: [-status], 结果: [Passed], 预期: [0]
2020-10-27 15:38:35,040 - root - INFO : 校验类型: [-msg], 结果: [Passed], 预期: [success]
2020-10-27 15:38:35,040 - root - INFO :  = = =  = = =  = = =  = = =  = = =  = = =  = = =  = = = 分割线 = = =  = = =  = = =  = = =  = = =  = = =  = = =  = = = 
2020-10-27 15:38:40,770 - root - INFO : 当前所在Class: Website || 类描述信息: None
2020-10-27 15:38:40,864 - root - INFO : 当前所在Class: Check || 类描述信息: None
2020-10-27 15:38:40,929 - root - INFO : 当前所在Class: Check || 类描述信息: None
2020-10-27 15:38:40,957 - root - INFO : 描述信息: 【银河/广告/广告创意】查询广告创意
2020-10-27 15:38:40,957 - root - INFO : 请求地址: https://galaxy-api-fat.shiguangkey.com/api/galaxy/creativity/pageList
2020-10-27 15:38:40,957 - root - INFO : 请求方法: [- POST -]
2020-10-27 15:38:40,958 - root - INFO : 请求头部: {'content-type': 'application/x-www-form-urlencoded', 'token': '0x771c890712f10d0ed9040048b60646'}
2020-10-27 15:38:40,958 - root - INFO : 请求正文: {'gatherType': 1, 'id': '114321', 'isHide': 0, 'pageIndex': 1, 'pageSize': 20}
2020-10-27 15:38:41,146 - root - INFO : 响应消息: {'traceId': 'ea475d85e75c43caaff6dfffc1e12523', 'status': '0', 'msg': 'success', 'data': {'totalItem': 1, 'list': [{'id': 114321, 'oldCreativityId': None, 'oldProgramId': None, 'no': '0b26346c13474960b4b191a8438e5632', 'name': '自动化创意67059508', 'programName': '自动化计划35947820', 'subjectName': 'Python', 'subjectId': 282, 'channelName': '微信', 'channelId': 6, 'isImport': 0, 'position': '1', 'keyword': None, 'areaId': None, 'areaName': None, 'creatorName': '自动化专用-勿动', 'createTime': 1603761143000, 'remark': None, 'isNeedCaptch': 1, 'state': 2, 'adMainId': None, 'channelAgencyAccountId': None, 'accountCode': None, 'adMainAccount': None, 'thirdUrl': None, 'allocInstType': 3, 'receiveDeptId': 4572, 'receiveDeptIdChain': '1001-2001-4569-4570-4571-4572', 'isHide': 0, 'isTest': 0, 'creatorDeptId': 8009, 'vector': None, 'customerVectorValue': None, 'followerName': None, 'followerTanzkAccount': None, 'putMode': 3, 'receptionistId': None, 'receptionistName': None, 'receptionistTanzkAccount': None, 'receptionistDeptId': None, 'receptionistDeptIdChain': None, 'creatorDeptIdChain': '1001-8006-8007-8008-8009', 'updateState': 1, 'type': 1, 'programId': 14553, 'promotionTerminal': 1, 'vectorType': None, 'channelQrCode': None, 'channelNumber': None, 'companyWechatId': None, 'vectorId': None, 'vectorName': None}]}}
2020-10-27 15:38:41,147 - root - INFO : 提取变量: [ creativityId: 114321 ]
2020-10-27 15:38:41,147 - root - INFO : 提取变量: [ creativityName: 自动化创意67059508 ]
2020-10-27 15:38:41,148 - root - INFO : 提取变量: [ creativityNo: 0b26346c13474960b4b191a8438e5632 ]
2020-10-27 15:38:41,148 - root - INFO : 提取变量: [ adName: 自动化计划35947820 ]
2020-10-27 15:38:41,148 - root - INFO : 正在执行Function: landing_page_crt
2020-10-27 15:38:41,148 - root - INFO : 正在执行Function: create_website_n
2020-10-27 15:38:41,149 - root - INFO : 描述信息: 【银河/工具/落地页工具】新建落地页-空白落地页需要验证
2020-10-27 15:38:41,149 - root - INFO : 请求地址: https://luban-api-fat.shiguangkey.com/website-edit-api/website/create_website
2020-10-27 15:38:41,150 - root - INFO : 请求方法: [- POST -]
2020-10-27 15:38:41,151 - root - INFO : 请求头部: {'content-type': 'application/json', 'token': '0x771c890712f10d0ed9040048b60646'}
2020-10-27 15:38:41,151 - root - INFO : 请求正文: {'name': '自动化落地页52857737', 'goodsId': None, 'previewUrl': 'https://fat-huawei-media.shiguangkey.com/kcx594r34s18uoq', 'isRecommendApp': False, 'submitType': 0, 'isSmsVerify': 1, 'websiteType': 1, 'adCreateType': 1, 'websiteWechatType': 1, 'bgColor': '', 'bgImage': '', 'version': '2.0.0', 'compReqs': [{'compJson': '{"id":"kcx58wtk471fc3t","type":3,"width":375,"height":176,"required":true,"value":"","title":"手机 (已加密)","placeholder":"请输入手机号码","unique":true,"validate":true,"layout":1,"phoneCodeType":0,"codeTextColor":"#FFFFFF","codeTextSize":15,"codeBgColor":"#1855FB","isAbroad":false,"y":0}', 'fileIds': [], 'scene': 1, 'type': 3}, {'compJson': '{"id":"kcx58xfke5x7xrm","type":8,"width":375,"height":102,"title":"年龄","options":[{"label":"成年","isDefault":false},{"label":"未成年","isDefault":false}],"required":true,"layout":1,"optColNum":2,"y":176}', 'fileIds': [], 'scene': 1, 'type': 8}, {'compJson': '{"id":"kcx5908gjvytg5v","type":6,"width":339,"height":77,"text":"提交","textColor":"#FFFFFF","textSize":17,"borderColor":"#1855FB","borderWidth":2,"borderRadius":4,"bgColor":"#1855FB","position":false,"positionBtnBgColor":"#1855FB","isBuy":false,"y":278}', 'fileIds': [], 'scene': 1, 'type': 6}, {'compJson': '{"id":"kcx5908gi0o5iva","type":20,"width":375,"img":"https://prod-qiniu-media.shiguangkey.com/FhUCXVlZjjAzQghQxr1bHT9pa3yz","height":220,"title":"提交成功","desc":"我们已收到您的反馈，感谢填写","isDownloadApp":false,"y":0}', 'fileIds': [], 'scene': 2, 'type': 20}]}
2020-10-27 15:38:41,348 - root - INFO : 响应消息: {'status': 0, 'msg': 'success', 'traceId': '6e2fa658a7844a06853ffdffbea37933', 'data': {'code': '1320993308987015169', 'id': 9418}}
2020-10-27 15:38:41,348 - root - INFO : 提取变量: [ websiteId: 9418 ]
2020-10-27 15:38:41,348 - root - INFO : 正在执行Function: publish_web
2020-10-27 15:38:41,349 - root - INFO : 描述信息: 【银河/工具/落地页工具】发布落地页
2020-10-27 15:38:41,349 - root - INFO : 请求地址: https://luban-api-fat.shiguangkey.com/website-edit-api/website/publish_website
2020-10-27 15:38:41,349 - root - INFO : 请求方法: [- POST -]
2020-10-27 15:38:41,349 - root - INFO : 请求头部: {'content-type': 'application/json', 'token': '0x771c890712f10d0ed9040048b60646'}
2020-10-27 15:38:41,349 - root - INFO : 请求正文: {'websiteId': '9418'}
2020-10-27 15:38:41,532 - root - INFO : 响应消息: {'status': 0, 'msg': '落地页发布成功', 'traceId': 'afba086c102d4cc88c100eb77c4945c3', 'data': None}
2020-10-27 15:38:41,533 - root - INFO : 正在执行Function: association_cr
2020-10-27 15:38:41,533 - root - INFO : 描述信息: 【银河/工具/落地页工具】生成链接
2020-10-27 15:38:41,533 - root - INFO : 请求地址: https://luban-api-fat.shiguangkey.com/website-edit-api/website_link/association_creativity
2020-10-27 15:38:41,533 - root - INFO : 请求方法: [- POST -]
2020-10-27 15:38:41,534 - root - INFO : 请求头部: {'content-type': 'application/json', 'token': '0x771c890712f10d0ed9040048b60646'}
2020-10-27 15:38:41,534 - root - INFO : 请求正文: {'websiteId': '9418', 'title': '自动化落地页52857737', 'releaseChannel': 3, 'putPlanNames': ['自动化计划35947820'], 'adType': 1, 'adPlan': '自动化计划35947820', 'channel': '微信', 'channelId': 6, 'subject': 'Python', 'subjectId': 282, 'baseReqs': [{'adCreativity': '自动化创意67059508', 'adNo': '0b26346c13474960b4b191a8438e5632', 'creativityId': '114321'}], 'accountId': 'wx359bdedd5d18907a', 'domain': 'https://mz-fat.tanzhouedu.com'}
2020-10-27 15:38:41,729 - root - INFO : 响应消息: {'status': 0, 'msg': 'success', 'traceId': 'c8507a84e00644019245b77ed6c59476', 'data': [{'putPlanName': '自动化计划35947820', 'creativityCode': 'fd4b314e977882aa'}]}
2020-10-27 15:38:41,729 - root - INFO : 提取变量: [ creativityCode: fd4b314e977882aa ]
2020-10-27 15:38:41,730 - root - INFO : 正在执行Function: list_landing_page
2020-10-27 15:38:41,731 - root - INFO : 描述信息: 【银河/工具/落地页工具】落地页数据查询
2020-10-27 15:38:41,731 - root - INFO : 请求地址: https://luban-api-fat.shiguangkey.com/website-edit-api/website_link/list_creativity
2020-10-27 15:38:41,731 - root - INFO : 请求方法: [- POST -]
2020-10-27 15:38:41,733 - root - INFO : 请求头部: {'content-type': 'application/json', 'token': '0x771c890712f10d0ed9040048b60646'}
2020-10-27 15:38:41,734 - root - INFO : 请求正文: {'websiteCode': '', 'creativityCode': '', 'adNo': '', 'isTest': '', 'channelCode': '', 'subjectId': '', 'putMode': '', 'websiteName': '自动化落地页52857737', 'submitStartTime': '2020-10-27 00:00:00', 'submitEndTime': '2020-10-27 23:59:59', 'pageNo': 1, 'pageSize': 10, 'websiteType': 1}
2020-10-27 15:38:42,375 - root - INFO : 响应消息: {'status': 0, 'msg': 'success', 'traceId': 'ba2d918c48e94663ad3ddf71cb4a8b14', 'data': {'totalPage': 1, 'rows': [{'websiteLinkId': 8818, 'websiteName': '自动化落地页52857737', 'previewUrl': 'https://fat-huawei-media.shiguangkey.com/kcx594r34s18uoq', 'adNo': '0b26346c13474960b4b191a8438e5632', 'creativityId': 114321, 'putPlanName': '自动化计划35947820', 'websiteCode': '1320993308987015169', 'websiteId': 9418, 'promoter': '暖和的少女花', 'publishTime': '2020-10-27 15:38:43', 'updatedAt': 1603784322000, 'channel': '微信', 'subject': 'Python', 'putMode': None, 'creativityCode': 'fd4b314e977882aa', 'creativityStat': {'creativityCode': 'fd4b314e977882aa', 'pageView': 0, 'uniqueVisitor': 0, 'conversionRate': 0, 'orderNum': 0, 'formSubmitNum': 0, 'clickNum': 0, 'adultNum': 0, 'minorNum': 0, 'avgLoadTime': 0, 'downloadNum': 0, 'noCustomerGrown': None, 'noCustomerChild': None, 'cpc': None, 'noLeaningRepeatGrown': None, 'noLeaningRepeatChild': None, 'noLeaning': None}, 'websiteType': 1, 'transferType': 0, 'isTest': None, 'receiveDeptName': None, 'allocInstType': None, 'isDisable': 0, 'releaseChannel': 3, 'url': 'https://mz-fat.tanzhouedu.com?s=fd4b314e977882aa', 'customerNum': None, 'userId': 637}], 'totalCount': 1, 'pageNo': 1, 'pageSize': 10, 'currentPageSize': 1}}
2020-10-27 15:38:42,376 - root - INFO : 提取变量: [ adNo: 0b26346c13474960b4b191a8438e5632 ]
2020-10-27 15:38:42,376 - root - INFO : 提取变量: [ websiteCode: 1320993308987015169 ]
2020-10-27 15:38:42,377 - root - INFO : 提取变量: [ websiteLinkId: 8818 ]
2020-10-27 15:38:42,377 - root - INFO : 提取变量: [ url: https://mz-fat.tanzhouedu.com?s=fd4b314e977882aa ]
2020-10-27 15:38:42,377 - root - INFO : 校验类型: [-status], 结果: [Passed], 预期: [0]
2020-10-27 15:38:42,377 - root - INFO : 校验类型: [-msg], 结果: [Passed], 预期: [success]
2020-10-27 15:38:42,378 - root - INFO :  = = =  = = =  = = =  = = =  = = =  = = =  = = =  = = = 分割线 = = =  = = =  = = =  = = =  = = =  = = =  = = =  = = = 
2020-10-27 15:39:02,330 - root - INFO : 当前所在Class: Website || 类描述信息: None
2020-10-27 15:39:02,424 - root - INFO : 当前所在Class: Check || 类描述信息: None
2020-10-27 15:39:02,488 - root - INFO : 当前所在Class: Check || 类描述信息: None
2020-10-27 15:39:02,528 - root - INFO : 描述信息: 【银河/广告/广告创意】查询广告创意
2020-10-27 15:39:02,529 - root - INFO : 请求地址: https://galaxy-api-fat.shiguangkey.com/api/galaxy/creativity/pageList
2020-10-27 15:39:02,529 - root - INFO : 请求方法: [- POST -]
2020-10-27 15:39:02,529 - root - INFO : 请求头部: {'content-type': 'application/x-www-form-urlencoded', 'token': '0x771c890712f10d0ed9040048b60646'}
2020-10-27 15:39:02,529 - root - INFO : 请求正文: {'gatherType': 1, 'id': '114331', 'isHide': 0, 'pageIndex': 1, 'pageSize': 20}
2020-10-27 15:39:02,707 - root - INFO : 响应消息: {'traceId': 'c4d4d3213049498590da04705473a134', 'status': '0', 'msg': 'success', 'data': {'totalItem': 0, 'list': []}}
