2020-09-03 15:27:27,362 - root - INFO : 描述信息: 【潭州平台】获取登录用户 token
2020-09-03 15:27:27,363 - root - INFO : 请求地址: https://open-fat.shiguangkey.com/api/udb/workwechat/auth/login
2020-09-03 15:27:27,363 - root - INFO : 请求方法: [- POST -]
2020-09-03 15:27:27,363 - root - INFO : 请求头部: {'content-type': 'application/x-www-form-urlencoded', 'terminaltype': '4', 'user-agent': 'Mozilla/5.0 (Windows NT 10.0; Win64; x64) AppleWebKit/537.36 (KHTML, like Gecko) Chrome/80.0.3987.106 Safari/537.36', 'Connection': 'close', 'keep-alive': 'False'}
2020-09-03 15:27:27,363 - root - INFO : 请求正文: {'account': 't0384223793', 'password': '4QrcOUm6Wau+VuBX8g+IPg'}
2020-09-03 15:27:27,521 - root - INFO : 响应消息: {'traceId': 'aee9996c476940b1b26120ff5f748fa8', 'status': '0', 'msg': 'success', 'data': {'user': {'uid': 19862099, 'mobile': '', 'account': '', 'nickname': '日常的阿魏', 'headImg': 'https://res.shiguangkey.com/res/images/default.png', 'openId': '', 'newRegister': False, 'needBindPhone': False, 'showAccountList': False}, 'token': '0x771e860712f1253306d4fcc85298f8'}}
2020-09-03 15:27:27,522 - root - INFO : 提取变量: [ pttoken: 0x771e860712f1253306d4fcc85298f8 ]
2020-09-03 15:27:27,522 - root - INFO : 校验类型: [-status], 结果: [Passed], 预期: [0]
2020-09-03 15:27:27,522 - root - INFO : 校验类型: [-msg], 结果: [Passed], 预期: [success]
2020-09-03 15:27:27,522 - root - INFO :  = = =  = = =  = = =  = = =  = = =  = = =  = = =  = = = 分割线 = = =  = = =  = = =  = = =  = = =  = = =  = = =  = = = 
2020-09-03 15:27:27,529 - root - INFO : 描述信息: 【潭州平台】获取登录用户 token
2020-09-03 15:27:27,529 - root - INFO : 请求地址: https://open-fat.shiguangkey.com/api/udb/workwechat/auth/login
2020-09-03 15:27:27,529 - root - INFO : 请求方法: [- POST -]
2020-09-03 15:27:27,529 - root - INFO : 请求头部: {'content-type': 'application/x-www-form-urlencoded', 'terminaltype': '4', 'user-agent': 'Mozilla/5.0 (Windows NT 10.0; Win64; x64) AppleWebKit/537.36 (KHTML, like Gecko) Chrome/80.0.3987.106 Safari/537.36', 'Connection': 'close', 'keep-alive': 'False'}
2020-09-03 15:27:27,529 - root - INFO : 请求正文: {'account': 't0384223793', 'password': '4QrcOUm6Wau+VuBX8g+IPg'}
2020-09-03 15:27:27,666 - root - INFO : 响应消息: {'traceId': 'b4c9aeba2af940f7b8cad1bb56be64da', 'status': '0', 'msg': 'success', 'data': {'user': {'uid': 19862099, 'mobile': '', 'account': '', 'nickname': '日常的阿魏', 'headImg': 'https://res.shiguangkey.com/res/images/default.png', 'openId': '', 'newRegister': False, 'needBindPhone': False, 'showAccountList': False}, 'token': '0x7723040712f1253dca64639a400a68'}}
2020-09-03 15:27:27,666 - root - INFO : 提取变量: [ pttoken: 0x7723040712f1253dca64639a400a68 ]
2020-09-03 15:27:27,667 - root - INFO : 校验类型: [-status], 结果: [Passed], 预期: [0]
2020-09-03 15:27:27,667 - root - INFO : 校验类型: [-msg], 结果: [Passed], 预期: [success]
2020-09-03 15:27:27,667 - root - INFO :  = = =  = = =  = = =  = = =  = = =  = = =  = = =  = = = 分割线 = = =  = = =  = = =  = = =  = = =  = = =  = = =  = = = 
2020-09-03 15:27:27,679 - root - INFO : 描述信息: 【潭州平台】获取登录用户 token
2020-09-03 15:27:27,679 - root - INFO : 请求地址: https://open-fat.shiguangkey.com/api/udb/workwechat/auth/login
2020-09-03 15:27:27,679 - root - INFO : 请求方法: [- POST -]
2020-09-03 15:27:27,679 - root - INFO : 请求头部: {'content-type': 'application/x-www-form-urlencoded', 'terminaltype': '4', 'user-agent': 'Mozilla/5.0 (Windows NT 10.0; Win64; x64) AppleWebKit/537.36 (KHTML, like Gecko) Chrome/80.0.3987.106 Safari/537.36', 'Connection': 'close', 'keep-alive': 'False'}
2020-09-03 15:27:27,679 - root - INFO : 请求正文: {'account': 't0384223793', 'password': '4QrcOUm6Wau+VuBX8g+IPg'}
2020-09-03 15:27:27,826 - root - INFO : 响应消息: {'traceId': 'e895f7d9a8114f8faaffb4b296ef8a3a', 'status': '0', 'msg': 'success', 'data': {'user': {'uid': 19862099, 'mobile': '', 'account': '', 'nickname': '日常的阿魏', 'headImg': 'https://res.shiguangkey.com/res/images/default.png', 'openId': '', 'newRegister': False, 'needBindPhone': False, 'showAccountList': False}, 'token': '0x772ed20712f12536e1d4cf79901f4d'}}
2020-09-03 15:27:27,827 - root - INFO : 提取变量: [ pttoken: 0x772ed20712f12536e1d4cf79901f4d ]
2020-09-03 15:27:27,827 - root - INFO : 校验类型: [-status], 结果: [Passed], 预期: [0]
2020-09-03 15:27:27,827 - root - INFO : 校验类型: [-msg], 结果: [Passed], 预期: [success]
2020-09-03 15:27:27,827 - root - INFO :  = = =  = = =  = = =  = = =  = = =  = = =  = = =  = = = 分割线 = = =  = = =  = = =  = = =  = = =  = = =  = = =  = = = 
2020-09-03 15:27:27,832 - root - INFO : 当前运行Case: test_del_flow_cost_mgt_batch
2020-09-03 15:27:27,832 - root - INFO : 正在执行Function: test_del_flow_cost_mgt_batch
2020-09-03 15:27:27,833 - root - INFO : 正在执行Function: flow_cost_mgt_page_list
2020-09-03 15:27:27,833 - root - INFO : 描述信息: 【预算/流量成本管理/查询】
2020-09-03 15:27:27,833 - root - INFO : 请求地址: https://galaxy-api-fat.shiguangkey.com/api/galaxy/flow/cost/manage/pageList
2020-09-03 15:27:27,833 - root - INFO : 请求方法: [- POST -]
2020-09-03 15:27:27,833 - root - INFO : 请求头部: {'content-type': 'application/x-www-form-urlencoded', 'token': '0x772ed20712f12536e1d4cf79901f4d', 'user-agent': 'Mozilla/5.0 (Windows NT 10.0; Win64; x64) AppleWebKit/537.36 (KHTML, like Gecko) Chrome/80.0.3987.106 Safari/537.36', 'Connection': 'close', 'keep-alive': 'False'}
2020-09-03 15:27:27,833 - root - INFO : 请求正文: {'pageIndex': 1, 'pageSize': 20, 'startCostMonth': 1601481600000, 'endCostMonth': 1601654399999}
2020-09-03 15:27:28,020 - root - INFO : 响应消息: {'traceId': '61f16f878c774049aff9b78062bc6951', 'status': '0', 'msg': 'success', 'data': {'list': [{'id': 98, 'costMonth': 1601481600000, 'promotionerDeptIdChain': '1001-8006-8007-8008-8009', 'promotionerDeptName': '潭州教育>自动化测试分公司--勿动>自动化测试群--勿动>自动化测试事业部>自动化测试院', 'subjectId': 495, 'subjectName': '形象设计', 'channelId': 4, 'channelName': '知乎', 'gatherType': 1, 'putMode': 1, 'lastMonthLaunchNumber': 10000, 'lastMonthCashConsume': 1000.0, 'lastMonthSupplyTotal': 10000, 'lastMonthCost': 100.0, 'lastMonthDayAverageSupply': 1600, 'sameMonthDayAverageSupply': 10000, 'sameMonthDayAverageIncrement': 100, 'sameMonthCost': 1000.0, 'sameMonthDayConsume': 100.0, 'sameMonthSupply': 10000, 'sameMonthCashConsume': 1000.0, 'creatorId': 19862099, 'creatorName': '日常的阿魏', 'creatorDeptId': 8009, 'creatorDeptIdChain': '1001-8006-8007-8008-8009', 'createTime': 1599117995000, 'modifierId': '', 'modifierName': '', 'modifyTime': '', 'isDelete': 2020}, {'id': 97, 'costMonth': 1601481600000, 'promotionerDeptIdChain': '1001-8006-8007-8008-8009', 'promotionerDeptName': '潭州教育>自动化测试分公司--勿动>自动化测试群--勿动>自动化测试事业部>自动化测试院', 'subjectId': 373, 'subjectName': 'SEM', 'channelId': 4, 'channelName': '知乎', 'gatherType': 3, 'putMode': 1, 'lastMonthLaunchNumber': 10000, 'lastMonthCashConsume': 1000.0, 'lastMonthSupplyTotal': 10000, 'lastMonthCost': 100.0, 'lastMonthDayAverageSupply': 1600, 'sameMonthDayAverageSupply': 10000, 'sameMonthDayAverageIncrement': 100, 'sameMonthCost': 1000.0, 'sameMonthDayConsume': 100.0, 'sameMonthSupply': 10000, 'sameMonthCashConsume': 1000.0, 'creatorId': 19862099, 'creatorName': '日常的阿魏', 'creatorDeptId': 8009, 'creatorDeptIdChain': '1001-8006-8007-8008-8009', 'createTime': 1599116383000, 'modifierId': '', 'modifierName': '', 'modifyTime': '', 'isDelete': 2020}, {'id': 91, 'costMonth': 1601481600000, 'promotionerDeptIdChain': '1001-8006-8007-8008-8009', 'promotionerDeptName': '潭州教育>自动化测试分公司--勿动>自动化测试群--勿动>自动化测试事业部>自动化测试院', 'subjectId': 495, 'subjectName': '形象设计', 'channelId': 4, 'channelName': '知乎', 'gatherType': 3, 'putMode': 1, 'lastMonthLaunchNumber': 10000, 'lastMonthCashConsume': 1000.0, 'lastMonthSupplyTotal': 10000, 'lastMonthCost': 100.0, 'lastMonthDayAverageSupply': 1600, 'sameMonthDayAverageSupply': 10000, 'sameMonthDayAverageIncrement': 100, 'sameMonthCost': 1000.0, 'sameMonthDayConsume': 100.0, 'sameMonthSupply': 10000, 'sameMonthCashConsume': 1000.0, 'creatorId': 19862099, 'creatorName': '日常的阿魏', 'creatorDeptId': 8009, 'creatorDeptIdChain': '1001-8006-8007-8008-8009', 'createTime': 1599116035000, 'modifierId': 19862099, 'modifierName': '日常的阿魏', 'modifyTime': '', 'isDelete': 2020}], 'totalItem': 3, 'summation': {'lastMonthLaunchNumber': 30000, 'lastMonthCashConsume': 3000.0, 'lastMonthSupplyTotal': 30000, 'lastMonthCost': 0.1, 'lastMonthDayAverageSupply': 4800, 'sameMonthDayAverageSupply': 30000, 'sameMonthDayAverageIncrement': 300, 'sameMonthCost': 0.1, 'sameMonthDayConsume': 300.0, 'sameMonthSupply': 30000, 'sameMonthCashConsume': 3000.0}}}
2020-09-03 15:27:28,021 - root - INFO : 提取变量: [ id: 98 ]
2020-09-03 15:27:28,021 - root - INFO : 提取变量: [ costMonth: 1601481600000 ]
2020-09-03 15:27:28,022 - root - INFO : 提取变量: [ subjectId: 495 ]
2020-09-03 15:27:28,022 - root - INFO : 提取变量: [ subjectName: 形象设计 ]
2020-09-03 15:27:28,022 - root - INFO : 校验类型: [-status], 结果: [Passed], 预期: [0]
2020-09-03 15:27:28,023 - root - INFO : 校验类型: [-msg], 结果: [Passed], 预期: [success]
2020-09-03 15:27:28,023 - root - INFO :  = = =  = = =  = = =  = = =  = = =  = = =  = = =  = = = 分割线 = = =  = = =  = = =  = = =  = = =  = = =  = = =  = = = 
2020-09-03 15:27:28,023 - root - INFO : 正在执行Function: del_flow_cost_mgt
2020-09-03 15:27:28,023 - root - INFO : 描述信息: 【预算/流量成本管理/删除流量成本】
2020-09-03 15:27:28,023 - root - INFO : 请求地址: https://galaxy-api-fat.shiguangkey.com/api/galaxy/flow/cost/manage/delete
2020-09-03 15:27:28,023 - root - INFO : 请求方法: [- POST -]
2020-09-03 15:27:28,023 - root - INFO : 请求头部: {'content-type': 'application/x-www-form-urlencoded', 'token': '0x772ed20712f12536e1d4cf79901f4d', 'x-dept-id-chain': '1001-8006-8007-8008-8009', 'user-agent': 'Mozilla/5.0 (Windows NT 10.0; Win64; x64) AppleWebKit/537.36 (KHTML, like Gecko) Chrome/80.0.3987.106 Safari/537.36', 'Connection': 'close', 'keep-alive': 'False'}
2020-09-03 15:27:28,023 - root - INFO : 请求正文: {'ids': 91}
2020-09-03 15:27:28,198 - root - INFO : 响应消息: {'traceId': '09142ea9566d4bdabbb1a253b3e3494c', 'status': '0', 'msg': 'success', 'data': {}}
2020-09-03 15:27:28,198 - root - INFO : 校验类型: [-status], 结果: [Passed], 预期: [0]
2020-09-03 15:27:28,198 - root - INFO : 校验类型: [-msg], 结果: [Passed], 预期: [success]
2020-09-03 15:27:28,198 - root - INFO :  = = =  = = =  = = =  = = =  = = =  = = =  = = =  = = = 分割线 = = =  = = =  = = =  = = =  = = =  = = =  = = =  = = = 
