2020-10-09 14:30:51,515 - root - INFO : 描述信息: 【潭州平台】获取登录用户 token
2020-10-09 14:30:51,515 - root - INFO : 请求地址: https://open-fat.shiguangkey.com/api/udb/workwechat/auth/login
2020-10-09 14:30:51,515 - root - INFO : 请求方法: [- POST -]
2020-10-09 14:30:51,515 - root - INFO : 请求头部: {'content-type': 'application/x-www-form-urlencoded', 'terminaltype': '4'}
2020-10-09 14:30:51,515 - root - INFO : 请求正文: {'account': 't0384223793', 'password': '4QrcOUm6Wau+VuBX8g+IPg'}
2020-10-09 14:30:51,663 - root - INFO : 响应消息: {'traceId': '4d8d29a231694b808688af281928e125', 'status': '0', 'msg': 'success', 'data': {'user': {'uid': 19862099, 'mobile': '', 'account': '', 'nickname': '日常的阿魏', 'headImg': 'https://res.shiguangkey.com/res/images/default.png', 'openId': '', 'newRegister': False, 'needBindPhone': False, 'showAccountList': False}, 'token': '0x7710040712f125361184e13b1699ab'}}
2020-10-09 14:30:51,664 - root - INFO : 提取变量: [ pttoken: 0x7710040712f125361184e13b1699ab ]
2020-10-09 14:30:51,664 - root - INFO : 校验类型: [-status], 结果: [Passed], 预期: [0]
2020-10-09 14:30:51,664 - root - INFO : 校验类型: [-msg], 结果: [Passed], 预期: [success]
2020-10-09 14:30:51,665 - root - INFO :  = = =  = = =  = = =  = = =  = = =  = = =  = = =  = = = 分割线 = = =  = = =  = = =  = = =  = = =  = = =  = = =  = = = 
2020-10-09 14:30:51,665 - root - INFO : 正在执行Function: ad_plan
2020-10-09 14:30:51,665 - root - INFO : 正在执行Function: program_info_save
2020-10-09 14:30:51,665 - root - INFO : 描述信息: 【银河/广告/广告计划】新增广告计划
2020-10-09 14:30:51,665 - root - INFO : 请求地址: https://galaxy-api-fat.shiguangkey.com/api/galaxy/program/info/save
2020-10-09 14:30:51,665 - root - INFO : 请求方法: [- POST -]
2020-10-09 14:30:51,665 - root - INFO : 请求头部: {'content-type': 'application/json', 'token': '0x775fb60712f1fa187cc4589af1010a'}
2020-10-09 14:30:51,665 - root - INFO : 请求正文: {'channelId': 6, 'name': '自动化计划46717191', 'subjectId': 282, 'subjectName': 'Python', 'isTest': 0, 'putMode': 1, 'type': 1, 'gatherType': 1, 'allocInstType': 1, 'channelName': '微信'}
2020-10-09 14:30:51,870 - root - INFO : 响应消息: {'traceId': '11fbd55f4fa34c03b2b00950a0f8bb44', 'status': '0', 'msg': 'success', 'data': {}}
2020-10-09 14:30:51,870 - root - INFO : 校验类型: [-status], 结果: [Passed], 预期: [0]
2020-10-09 14:30:51,870 - root - INFO : 校验类型: [-msg], 结果: [Passed], 预期: [success]
2020-10-09 14:30:51,870 - root - INFO :  = = =  = = =  = = =  = = =  = = =  = = =  = = =  = = = 分割线 = = =  = = =  = = =  = = =  = = =  = = =  = = =  = = = 
2020-10-09 14:30:51,870 - root - INFO : 正在执行Function: program_pageList
2020-10-09 14:30:51,871 - root - INFO : 描述信息: 【银河/广告/广告计划】查询广告计划
2020-10-09 14:30:51,871 - root - INFO : 请求地址: https://galaxy-api-fat.shiguangkey.com/api/galaxy/program/pageList
2020-10-09 14:30:51,871 - root - INFO : 请求方法: [- POST -]
2020-10-09 14:30:51,871 - root - INFO : 请求头部: {'content-type': 'application/x-www-form-urlencoded', 'token': '0x775fb60712f1fa187cc4589af1010a'}
2020-10-09 14:30:51,871 - root - INFO : 请求正文: {'name': '自动化计划46717191', 'isHide': 0, 'pageIndex': 1, 'pageSize': 20, 'gatherType': 1, 'putMode': 1, 'allocInstType': 1}
2020-10-09 14:30:52,180 - root - INFO : 响应消息: {'traceId': 'eaaecb7608614051a8111ea299efe86a', 'status': '0', 'msg': 'success', 'data': {'totalItem': 1, 'list': [{'id': 13381, 'oldProgramId': None, 'no': '1000002014393314', 'name': '自动化计划46717191', 'type': 1, 'programName': None, 'subjectName': 'Python', 'subjectId': 282, 'channelName': '微信', 'channelId': 6, 'isImport': None, 'position': None, 'keyword': None, 'areaId': None, 'areaName': None, 'remark': None, 'isNeedCaptch': None, 'state': None, 'adMainId': None, 'channelAgencyAccountId': None, 'accountCode': None, 'adMainAccount': None, 'thirdUrl': None, 'allocInstType': 1, 'receiveDeptId': None, 'receiveDeptIdChain': None, 'isHide': 0, 'isTest': 0, 'creatorDeptId': 8009, 'creatorName': '自动化专用-勿动', 'createTime': 1602225054000, 'putMode': 1, 'updateState': 1}]}}
2020-10-09 14:30:52,180 - root - INFO : 提取变量: [ channelId: 6 ]
2020-10-09 14:30:52,181 - root - INFO : 提取变量: [ putMode: 1 ]
2020-10-09 14:30:52,181 - root - INFO : 提取变量: [ adName: 自动化计划46717191 ]
2020-10-09 14:30:52,182 - root - INFO : 提取变量: [ adId: 13381 ]
2020-10-09 14:30:52,182 - root - INFO : 提取变量: [ type: 1 ]
2020-10-09 14:30:52,182 - root - INFO : 校验类型: [-status], 结果: [Passed], 预期: [0]
2020-10-09 14:30:52,182 - root - INFO : 校验类型: [-msg], 结果: [Passed], 预期: [success]
2020-10-09 14:30:52,182 - root - INFO : 校验类型: [-in]  结果: [Passed]  预期: [name]
2020-10-09 14:30:52,182 - root - INFO :  = = =  = = =  = = =  = = =  = = =  = = =  = = =  = = = 分割线 = = =  = = =  = = =  = = =  = = =  = = =  = = =  = = = 
2020-10-09 14:30:52,182 - root - INFO : 正在执行Function: creativity_save
2020-10-09 14:30:52,182 - root - INFO : 描述信息: 【银河/广告/广告计划】新建广告创意
2020-10-09 14:30:52,183 - root - INFO : 请求地址: https://galaxy-api-fat.shiguangkey.com/api/galaxy/creativity/save
2020-10-09 14:30:52,183 - root - INFO : 请求方法: [- POST -]
2020-10-09 14:30:52,183 - root - INFO : 请求头部: {'content-type': 'application/x-www-form-urlencoded', 'token': '0x775fb60712f1fa187cc4589af1010a'}
2020-10-09 14:30:52,183 - root - INFO : 请求正文: {'name': '自动化创意25954722', 'gatherType': 1, 'isNeedCaptch': 1, 'position': 1, 'type': '1', 'putMode': '1', 'channelId': '6', 'programId': '13381', 'programName': '自动化计划46717191'}
2020-10-09 14:30:52,462 - root - INFO : 响应消息: {'traceId': '27717c5239db4a489b86e96038c2a9fc', 'status': '0', 'msg': 'success', 'data': {}}
2020-10-09 14:30:52,463 - root - INFO : 校验类型: [-status], 结果: [Passed], 预期: [0]
2020-10-09 14:30:52,463 - root - INFO : 校验类型: [-msg], 结果: [Passed], 预期: [success]
2020-10-09 14:30:52,463 - root - INFO :  = = =  = = =  = = =  = = =  = = =  = = =  = = =  = = = 分割线 = = =  = = =  = = =  = = =  = = =  = = =  = = =  = = = 
2020-10-09 14:30:52,463 - root - INFO : 正在执行Function: creativity_pageList
2020-10-09 14:30:52,463 - root - INFO : 描述信息: 【银河/广告/广告创意】查询广告创意
2020-10-09 14:30:52,463 - root - INFO : 请求地址: https://galaxy-api-fat.shiguangkey.com/api/galaxy/creativity/pageList
2020-10-09 14:30:52,463 - root - INFO : 请求方法: [- POST -]
2020-10-09 14:30:52,463 - root - INFO : 请求头部: {'content-type': 'application/x-www-form-urlencoded', 'token': '0x775fb60712f1fa187cc4589af1010a'}
2020-10-09 14:30:52,463 - root - INFO : 请求正文: {'gatherType': 1, 'programId': '13381', 'isHide': 0, 'pageIndex': 1, 'pageSize': 20}
2020-10-09 14:30:52,792 - root - INFO : 响应消息: {'traceId': '24941078a5aa486ab98869c5f534ab3a', 'status': '0', 'msg': 'success', 'data': {'totalItem': 1, 'list': [{'id': 113019, 'oldCreativityId': None, 'oldProgramId': None, 'no': 'ae6233239d54457e9aba6b546f27d530', 'name': '自动化创意25954722', 'programName': '自动化计划46717191', 'subjectName': 'Python', 'subjectId': 282, 'channelName': '微信', 'channelId': 6, 'isImport': 0, 'position': '1', 'keyword': None, 'areaId': None, 'areaName': None, 'creatorName': '自动化专用-勿动', 'createTime': 1602225054000, 'remark': None, 'isNeedCaptch': 1, 'state': 2, 'adMainId': None, 'channelAgencyAccountId': None, 'accountCode': None, 'adMainAccount': None, 'thirdUrl': None, 'allocInstType': 1, 'receiveDeptId': None, 'receiveDeptIdChain': None, 'isHide': 0, 'isTest': 0, 'creatorDeptId': 8009, 'vector': None, 'customerVectorValue': None, 'followerName': None, 'followerTanzkAccount': None, 'putMode': 1, 'receptionistId': None, 'receptionistName': None, 'receptionistTanzkAccount': None, 'receptionistDeptId': None, 'receptionistDeptIdChain': None, 'creatorDeptIdChain': '1001-8006-8007-8008-8009', 'updateState': 1, 'type': 1, 'programId': 13381, 'promotionTerminal': 1, 'vectorType': None, 'channelQrCode': None, 'channelNumber': None, 'companyWechatId': None, 'vectorId': None, 'vectorName': None}]}}
2020-10-09 14:30:52,793 - root - INFO : 提取变量: [ creativityId: 113019 ]
2020-10-09 14:30:52,793 - root - INFO : 提取变量: [ creativityName: 自动化创意25954722 ]
2020-10-09 14:30:52,794 - root - INFO : 提取变量: [ creativityNo: ae6233239d54457e9aba6b546f27d530 ]
2020-10-09 14:30:52,794 - root - INFO : 校验类型: [-status], 结果: [Passed], 预期: [0]
2020-10-09 14:30:52,794 - root - INFO : 校验类型: [-msg], 结果: [Passed], 预期: [success]
2020-10-09 14:30:52,794 - root - INFO :  = = =  = = =  = = =  = = =  = = =  = = =  = = =  = = = 分割线 = = =  = = =  = = =  = = =  = = =  = = =  = = =  = = = 
