2020-09-04 14:29:06,089 - root - INFO : 描述信息: 【潭州平台】获取登录用户 token
2020-09-04 14:29:06,089 - root - INFO : 请求地址: https://open-fat.shiguangkey.com/api/udb/workwechat/auth/login
2020-09-04 14:29:06,089 - root - INFO : 请求方法: [- POST -]
2020-09-04 14:29:06,089 - root - INFO : 请求头部: {'content-type': 'application/x-www-form-urlencoded', 'terminaltype': '4', 'user-agent': 'Mozilla/5.0 (Windows NT 10.0; Win64; x64) AppleWebKit/537.36 (KHTML, like Gecko) Chrome/80.0.3987.106 Safari/537.36', 'Connection': 'close', 'keep-alive': 'False'}
2020-09-04 14:29:06,090 - root - INFO : 请求正文: {'account': 't0384223793', 'password': '4QrcOUm6Wau+VuBX8g+IPg'}
2020-09-04 14:29:06,232 - root - INFO : 响应消息: {'traceId': '2efd8995f5aa482d9954811335362856', 'status': '0', 'msg': 'success', 'data': {'user': {'uid': 19862099, 'mobile': '', 'account': '', 'nickname': '日常的阿魏', 'headImg': 'https://res.shiguangkey.com/res/images/default.png', 'openId': '', 'newRegister': False, 'needBindPhone': False, 'showAccountList': False}, 'token': '0x7767480712f12530c3f4b61a7dcf8f'}}
2020-09-04 14:29:06,233 - root - INFO : 提取变量: [ pttoken: 0x7767480712f12530c3f4b61a7dcf8f ]
2020-09-04 14:29:06,233 - root - INFO : 校验类型: [-status], 结果: [Passed], 预期: [0]
2020-09-04 14:29:06,233 - root - INFO : 校验类型: [-msg], 结果: [Passed], 预期: [success]
2020-09-04 14:29:06,233 - root - INFO :  = = =  = = =  = = =  = = =  = = =  = = =  = = =  = = = 分割线 = = =  = = =  = = =  = = =  = = =  = = =  = = =  = = = 
2020-09-04 14:29:06,250 - root - INFO : 当前运行Case: test_chk_cost_apply_batch_pass
2020-09-04 14:29:06,250 - root - INFO : 正在执行Function: test_chk_cost_apply_batch_pass
2020-09-04 14:29:06,251 - root - INFO : 描述信息: 【潭州平台】获取登录用户 token
2020-09-04 14:29:06,251 - root - INFO : 请求地址: https://open-fat.shiguangkey.com/api/udb/workwechat/auth/login
2020-09-04 14:29:06,251 - root - INFO : 请求方法: [- POST -]
2020-09-04 14:29:06,251 - root - INFO : 请求头部: {'content-type': 'application/x-www-form-urlencoded', 'terminaltype': '4', 'user-agent': 'Mozilla/5.0 (Windows NT 10.0; Win64; x64) AppleWebKit/537.36 (KHTML, like Gecko) Chrome/80.0.3987.106 Safari/537.36', 'Connection': 'close', 'keep-alive': 'False'}
2020-09-04 14:29:06,251 - root - INFO : 请求正文: {'account': 't0385252771', 'password': '4QrcOUm6Wau+VuBX8g+IPg'}
2020-09-04 14:29:06,388 - root - INFO : 响应消息: {'traceId': '1858ca285e784fb2bdb7e12e6d388d82', 'status': '0', 'msg': 'success', 'data': {'user': {'uid': 19861714, 'mobile': '', 'account': '', 'nickname': '精彩的鲀鱼', 'headImg': 'https://res.shiguangkey.com/res/images/default.png', 'openId': '', 'newRegister': False, 'needBindPhone': False, 'showAccountList': False}, 'token': '0x776fb20712f10d27ca648c6aa4df34'}}
2020-09-04 14:29:06,389 - root - INFO : 提取变量: [ pttoken: 0x776fb20712f10d27ca648c6aa4df34 ]
2020-09-04 14:29:06,389 - root - INFO : 校验类型: [-status], 结果: [Passed], 预期: [0]
2020-09-04 14:29:06,389 - root - INFO : 校验类型: [-msg], 结果: [Passed], 预期: [success]
2020-09-04 14:29:06,389 - root - INFO :  = = =  = = =  = = =  = = =  = = =  = = =  = = =  = = = 分割线 = = =  = = =  = = =  = = =  = = =  = = =  = = =  = = = 
2020-09-04 14:29:06,389 - root - INFO : 正在执行Function: add_flow_budget
2020-09-04 14:29:06,389 - root - INFO : 描述信息: 【海川/预算管理/流量预算】新增流量预算
2020-09-04 14:29:06,389 - root - INFO : 请求地址: https://ocean-fat.shiguangkey.com/api/stat/budget/traffic/add?organizationId=8009
2020-09-04 14:29:06,389 - root - INFO : 请求方法: [- POST -]
2020-09-04 14:29:06,389 - root - INFO : 请求头部: {'content-type': 'application/json', 'token': '0x776fb20712f10d27ca648c6aa4df34', 'user-agent': 'Mozilla/5.0 (Windows NT 10.0; Win64; x64) AppleWebKit/537.36 (KHTML, like Gecko) Chrome/80.0.3987.106 Safari/537.36', 'Connection': 'close', 'keep-alive': 'False'}
2020-09-04 14:29:06,389 - root - INFO : 请求正文: {'id': '', 'costMonth': '2020-10-01', 'weekNum': 1, 'weekRange': '1-4', 'promotionerDeptId': 8009, 'subjectId': '521', 'putMode': 2, 'gatherType': 1, 'flowCost': '0.00', 'avgCardNum': 1, 'monthEntryNum': 1, 'monthUnCorrectNum': 1, 'monthCorrectNum': 1, 'visitorNum': 3, 'workDay': 1, 'stageCardNum': 3, 'flowExpenditure': 0, 'customerPrice': 1, 'conversionRate': 1, 'signUpNum': 3, 'performance': 3, 'roi': 0, 'applyRemark': '', 'subjectName': 'Flash', 'receiveDeptId': '', 'receiveDeptName': '', 'promotionerDeptName': '', 'subjectIdChain': '261-505-521', 'organizationId': 8009}
2020-09-04 14:29:06,648 - root - INFO : 响应消息: {'data': None, 'msg': '该条申请已存在', 'platform': 'ocean-stat-service', 'res': -99999, 'traceId': '728504a80cd1bb14'}
