2020-11-03 10:41:12,621 - root - INFO : 正在执行Function: program_inf_save
2020-11-03 10:41:12,622 - root - INFO : 描述信息: 【银河/广告/广告计划】新增广告计划
2020-11-03 10:41:12,622 - root - INFO : 请求地址: https://galaxy-api-fat.shiguangkey.com/api/galaxy/program/info/save
2020-11-03 10:41:12,622 - root - INFO : 请求方法: [- POST -]
2020-11-03 10:41:12,623 - root - INFO : 请求头部: {'content-type': 'application/json', 'token': '0x7795da0712f1fa1e459419eb772639'}
2020-11-03 10:41:12,623 - root - INFO : 请求正文: {'channelId': 6, 'name': '自动化计划67682539', 'subjectId': '282', 'subjectName': 'Python', 'isTest': 0, 'putMode': 1, 'type': 1, 'gatherType': 1, 'allocInstType': 1, 'channelName': '微信'}
2020-11-03 10:41:12,995 - root - INFO : 响应消息: {'traceId': '2431d3ad4ca4454a8a4b9cbe630dc2ad', 'status': '0', 'msg': 'success', 'data': {}}
2020-11-03 10:41:12,995 - root - INFO : 正在执行Function: program_page_list
2020-11-03 10:41:12,996 - root - INFO : 描述信息: 【银河/广告/广告计划】查询广告计划
2020-11-03 10:41:12,996 - root - INFO : 请求地址: https://galaxy-api-fat.shiguangkey.com/api/galaxy/program/pageList
2020-11-03 10:41:12,996 - root - INFO : 请求方法: [- POST -]
2020-11-03 10:41:12,997 - root - INFO : 请求头部: {'content-type': 'application/x-www-form-urlencoded', 'token': '0x7795da0712f1fa1e459419eb772639'}
2020-11-03 10:41:12,997 - root - INFO : 请求正文: {'name': '自动化计划67682539', 'isHide': 0, 'pageIndex': 1, 'pageSize': 20, 'gatherType': 1}
2020-11-03 10:41:13,322 - root - INFO : 响应消息: {'traceId': '80febd1563174de8b53f880f9b7cf31a', 'status': '0', 'msg': 'success', 'data': {'totalItem': 1, 'list': [{'id': 14939, 'oldProgramId': None, 'no': '1000000384891345', 'name': '自动化计划67682539', 'type': 1, 'programName': None, 'subjectName': 'Python', 'subjectId': 282, 'channelName': '微信', 'channelId': 6, 'isImport': None, 'position': None, 'keyword': None, 'areaId': None, 'areaName': None, 'remark': None, 'isNeedCaptch': None, 'state': None, 'adMainId': None, 'channelAgencyAccountId': None, 'accountCode': None, 'adMainAccount': None, 'thirdUrl': None, 'allocInstType': 1, 'receiveDeptId': None, 'receiveDeptIdChain': None, 'isHide': 0, 'isTest': 0, 'creatorDeptId': 8009, 'creatorName': '自动化专用-勿动', 'createTime': 1604371274000, 'putMode': 1, 'updateState': 1}]}}
2020-11-03 10:41:13,323 - root - INFO : 提取变量: [ channelId: 6 ]
2020-11-03 10:41:13,323 - root - INFO : 提取变量: [ putMode: 1 ]
2020-11-03 10:41:13,324 - root - INFO : 提取变量: [ adName: 自动化计划67682539 ]
2020-11-03 10:41:13,325 - root - INFO : 提取变量: [ adId: 14939 ]
2020-11-03 10:41:13,325 - root - INFO : 提取变量: [ type: 1 ]
2020-11-03 10:41:13,326 - root - INFO : 提取变量: [ subjectId: 282 ]
2020-11-03 10:41:13,326 - root - INFO : 正在执行Function: creativity_sav
2020-11-03 10:41:13,326 - root - INFO : 描述信息: 【银河/广告/广告计划】新建广告创意
2020-11-03 10:41:13,327 - root - INFO : 请求地址: https://galaxy-api-fat.shiguangkey.com/api/galaxy/creativity/save
2020-11-03 10:41:13,327 - root - INFO : 请求方法: [- POST -]
2020-11-03 10:41:13,327 - root - INFO : 请求头部: {'content-type': 'application/x-www-form-urlencoded', 'token': '0x7795da0712f1fa1e459419eb772639'}
2020-11-03 10:41:13,327 - root - INFO : 请求正文: {'name': '自动化创意62744478', 'gatherType': 1, 'isNeedCaptch': 0, 'position': 1, 'type': '1', 'putMode': '1', 'channelId': '6', 'programId': '14939', 'programName': '自动化计划67682539'}
2020-11-03 10:41:13,561 - root - INFO : 响应消息: {'traceId': '63f1fe3d1ae9465fa1988210d9853b33', 'status': '0', 'msg': 'success', 'data': {}}
2020-11-03 10:41:13,562 - root - INFO : 正在执行Function: creativity_page_list
2020-11-03 10:41:13,563 - root - INFO : 描述信息: 【银河/广告/广告创意】查询广告创意
2020-11-03 10:41:13,563 - root - INFO : 请求地址: https://galaxy-api-fat.shiguangkey.com/api/galaxy/creativity/pageList
2020-11-03 10:41:13,563 - root - INFO : 请求方法: [- POST -]
2020-11-03 10:41:13,563 - root - INFO : 请求头部: {'content-type': 'application/x-www-form-urlencoded', 'token': '0x7795da0712f1fa1e459419eb772639'}
2020-11-03 10:41:13,563 - root - INFO : 请求正文: {'gatherType': 1, 'programId': '14939', 'isHide': 0, 'pageIndex': 1, 'pageSize': 20}
2020-11-03 10:41:13,923 - root - INFO : 响应消息: {'traceId': 'fc6885960d2f4af7bbfb5571c4164ac4', 'status': '0', 'msg': 'success', 'data': {'totalItem': 1, 'list': [{'id': 114649, 'oldCreativityId': None, 'oldProgramId': None, 'no': '7a1647265f204b1eaae7fa014125f2d4', 'name': '自动化创意62744478', 'programName': '自动化计划67682539', 'subjectName': 'Python', 'subjectId': 282, 'channelName': '微信', 'channelId': 6, 'isImport': 0, 'position': '1', 'keyword': None, 'areaId': None, 'areaName': None, 'creatorName': '自动化专用-勿动', 'createTime': 1604371275000, 'remark': None, 'isNeedCaptch': 0, 'state': 2, 'adMainId': None, 'channelAgencyAccountId': None, 'accountCode': None, 'adMainAccount': None, 'thirdUrl': None, 'allocInstType': 1, 'receiveDeptId': None, 'receiveDeptIdChain': None, 'isHide': 0, 'isTest': 0, 'creatorDeptId': 8009, 'vector': None, 'customerVectorValue': None, 'followerName': None, 'followerTanzkAccount': None, 'putMode': 1, 'receptionistId': None, 'receptionistName': None, 'receptionistTanzkAccount': None, 'receptionistDeptId': None, 'receptionistDeptIdChain': None, 'creatorDeptIdChain': '1001-8006-8007-8008-8009', 'updateState': 1, 'type': 1, 'programId': 14939, 'promotionTerminal': 1, 'vectorType': None, 'channelQrCode': None, 'channelNumber': None, 'companyWechatId': None, 'vectorId': None, 'vectorName': None}]}}
2020-11-03 10:41:13,924 - root - INFO : 提取变量: [ creativityId: 114649 ]
2020-11-03 10:41:13,924 - root - INFO : 提取变量: [ creativityName: 自动化创意62744478 ]
2020-11-03 10:41:13,925 - root - INFO : 提取变量: [ creativityNo: 7a1647265f204b1eaae7fa014125f2d4 ]
