2020-09-03 20:04:20,508 - root - INFO : 描述信息: 【潭州平台】获取登录用户 token
2020-09-03 20:04:20,508 - root - INFO : 请求地址: https://open-fat.shiguangkey.com/api/udb/workwechat/auth/login
2020-09-03 20:04:20,508 - root - INFO : 请求方法: [- POST -]
2020-09-03 20:04:20,509 - root - INFO : 请求头部: {'content-type': 'application/x-www-form-urlencoded', 'terminaltype': '4', 'user-agent': 'Mozilla/5.0 (Windows NT 10.0; Win64; x64) AppleWebKit/537.36 (KHTML, like Gecko) Chrome/80.0.3987.106 Safari/537.36', 'Connection': 'close', 'keep-alive': 'False'}
2020-09-03 20:04:20,509 - root - INFO : 请求正文: {'account': 't0385252771', 'password': '4QrcOUm6Wau+VuBX8g+IPg'}
2020-09-03 20:04:20,642 - root - INFO : 响应消息: {'traceId': 'aa0cb6a464444f4c9c1caf4d556052f8', 'status': '0', 'msg': 'success', 'data': {'user': {'uid': 19861714, 'mobile': '', 'account': '', 'nickname': '精彩的鲀鱼', 'headImg': 'https://res.shiguangkey.com/res/images/default.png', 'openId': '', 'newRegister': False, 'needBindPhone': False, 'showAccountList': False}, 'token': '0x7718de0712f10d27e1a4228a4fd0f3'}}
2020-09-03 20:04:20,643 - root - INFO : 提取变量: [ pttoken: 0x7718de0712f10d27e1a4228a4fd0f3 ]
2020-09-03 20:04:20,643 - root - INFO : 校验类型: [-status], 结果: [Passed], 预期: [0]
2020-09-03 20:04:20,643 - root - INFO : 校验类型: [-msg], 结果: [Passed], 预期: [success]
2020-09-03 20:04:20,643 - root - INFO :  = = =  = = =  = = =  = = =  = = =  = = =  = = =  = = = 分割线 = = =  = = =  = = =  = = =  = = =  = = =  = = =  = = = 
2020-09-03 20:04:20,651 - root - INFO : 当前运行Case: test_chk_flow_budget
2020-09-03 20:04:20,652 - root - INFO : 正在执行Function: test_chk_flow_budget
2020-09-03 20:04:20,652 - root - INFO : 正在执行Function: qry_flow_budget
2020-09-03 20:04:20,652 - root - INFO : 描述信息: 【海川/预算管理/流量预算】查询流量预算
2020-09-03 20:04:20,652 - root - INFO : 请求地址: https://ocean-fat.shiguangkey.com/api/stat/budget/traffic/pageList?organizationId=8009
2020-09-03 20:04:20,653 - root - INFO : 请求方法: [- POST -]
2020-09-03 20:04:20,653 - root - INFO : 请求头部: {'content-type': 'application/json', 'token': '0x7718de0712f10d27e1a4228a4fd0f3', 'user-agent': 'Mozilla/5.0 (Windows NT 10.0; Win64; x64) AppleWebKit/537.36 (KHTML, like Gecko) Chrome/80.0.3987.106 Safari/537.36', 'Connection': 'close', 'keep-alive': 'False'}
2020-09-03 20:04:20,653 - root - INFO : 请求正文: {'pageNow': 1, 'pageSize': 20, 'auditState': 3, 'organizationId': [8009], 'deptId': 8009}
2020-09-03 20:04:20,893 - root - INFO : 响应消息: {'data': {'extraData': None, 'list': [{'apply': '精彩的鲀鱼', 'applyRemark': '', 'applyTime': 1599133674000, 'applyUid': 19861714, 'auditState': 3, 'avgCardNum': 1, 'conversionRate': 1.0, 'costMonth': 1601481600000, 'createTime': 1599133674000, 'creatorDeptId': 8009, 'creatorDeptIdChain': '1001', 'creatorId': 19861714, 'creatorName': '精彩的鲀鱼', 'customerPrice': 1.0, 'flowCost': 0.0, 'flowExpenditure': 0.0, 'gatherType': 1, 'id': 36, 'modifierId': 19861714, 'modifierName': '精彩的鲀鱼', 'modifyTime': 1599133830000, 'monthCorrectNum': 1, 'monthEntryNum': 1, 'monthUnCorrectNum': 1, 'performance': 3.0, 'promotionerDeptId': 8009, 'promotionerDeptIdChain': '1001-8006-8007-8008-8009', 'promotionerDeptName': '潭州教育>自动化测试分公司--勿动>自动化测试群--勿动>自动化测试事业部>自动化测试院', 'putMode': 1, 'receiveDeptId': 8009, 'receiveDeptIdChain': '1001-8006-8007-8008-8009', 'receiveDeptName': '潭州教育>自动化测试分公司--勿动>自动化测试群--勿动>自动化测试事业部>自动化测试院', 'roi': 0.0, 'signUpNum': 3, 'stageCardNum': 3, 'subjectId': 607, 'subjectIdChain': '258-267-607', 'subjectName': 'Boot', 'visitorNum': 3, 'weekNum': 1, 'weekRange': '1-4', 'workDay': 1}, {'apply': '精彩的鲀鱼', 'applyRemark': '', 'applyTime': 1599126384000, 'applyUid': 19861714, 'auditState': 3, 'avgCardNum': 1, 'conversionRate': 1.0, 'costMonth': 1601481600000, 'createTime': 1599126384000, 'creatorDeptId': 8009, 'creatorDeptIdChain': '1001', 'creatorId': 19861714, 'creatorName': '精彩的鲀鱼', 'customerPrice': 1.0, 'flowCost': 0.0, 'flowExpenditure': 0.0, 'gatherType': 1, 'id': 34, 'modifierId': 19861714, 'modifierName': '精彩的鲀鱼', 'modifyTime': 1599126550000, 'monthCorrectNum': 1, 'monthEntryNum': 1, 'monthUnCorrectNum': 1, 'performance': 3.0, 'promotionerDeptId': 8009, 'promotionerDeptIdChain': '1001-8006-8007-8008-8009', 'promotionerDeptName': '潭州教育>自动化测试分公司--勿动>自动化测试群--勿动>自动化测试事业部>自动化测试院', 'putMode': 1, 'receiveDeptId': 8009, 'receiveDeptIdChain': '1001-8006-8007-8008-8009', 'receiveDeptName': '潭州教育>自动化测试分公司--勿动>自动化测试群--勿动>自动化测试事业部>自动化测试院', 'roi': 0.0, 'signUpNum': 3, 'stageCardNum': 3, 'subjectId': 509, 'subjectIdChain': '261-505-509', 'subjectName': 'CDR', 'visitorNum': 3, 'weekNum': 1, 'weekRange': '1-4', 'workDay': 1}], 'pageNum': 1, 'pageSize': 20, 'pages': 1, 'sEcho': None, 'size': 2, 'total': 2}, 'msg': None, 'platform': None, 'res': 100, 'traceId': '00f8ababf06f7c33'}
2020-09-03 20:04:20,893 - root - INFO : 校验类型: [-res], 结果: [Passed], 预期: [100]
2020-09-03 20:04:20,893 - root - INFO : 校验类型: [-msg], 结果: [Passed], 预期: [None]
2020-09-03 20:04:20,893 - root - INFO :  = = =  = = =  = = =  = = =  = = =  = = =  = = =  = = = 分割线 = = =  = = =  = = =  = = =  = = =  = = =  = = =  = = = 
2020-09-03 20:04:20,893 - root - INFO : 正在执行Function: chk_flow_budget
2020-09-03 20:04:20,894 - root - INFO : 描述信息: 【海川/预算管理/流量预算】审核流量预算
