2020-09-09 08:57:19,000 - root - INFO : 描述信息: 【潭州平台】获取登录用户 token
2020-09-09 08:57:19,001 - root - INFO : 请求地址: https://open-fat.shiguangkey.com/api/udb/workwechat/auth/login
2020-09-09 08:57:19,001 - root - INFO : 请求方法: [- POST -]
2020-09-09 08:57:19,001 - root - INFO : 请求头部: {'content-type': 'application/x-www-form-urlencoded', 'terminaltype': '4', 'user-agent': 'Mozilla/5.0 (Windows NT 10.0; Win64; x64) AppleWebKit/537.36 (KHTML, like Gecko) Chrome/80.0.3987.106 Safari/537.36', 'Connection': 'close', 'keep-alive': 'False'}
2020-09-09 08:57:19,001 - root - INFO : 请求正文: {'account': 't0384223793', 'password': '4QrcOUm6Wau+VuBX8g+IPg'}
2020-09-09 08:57:19,142 - root - INFO : 响应消息: {'traceId': '04c1d180edb6427ca47e9ee747d1d97e', 'status': '0', 'msg': 'success', 'data': {'user': {'uid': 19862099, 'mobile': '', 'account': '', 'nickname': '日常的阿魏', 'headImg': 'https://res.shiguangkey.com/res/images/default.png', 'openId': '', 'newRegister': False, 'needBindPhone': False, 'showAccountList': False}, 'token': '0x770f180712f125305fc402293ebd6d'}}
2020-09-09 08:57:19,143 - root - INFO : 提取变量: [ pttoken: 0x770f180712f125305fc402293ebd6d ]
2020-09-09 08:57:19,143 - root - INFO : 校验类型: [-status], 结果: [Passed], 预期: [0]
2020-09-09 08:57:19,143 - root - INFO : 校验类型: [-msg], 结果: [Passed], 预期: [success]
2020-09-09 08:57:19,143 - root - INFO :  = = =  = = =  = = =  = = =  = = =  = = =  = = =  = = = 分割线 = = =  = = =  = = =  = = =  = = =  = = =  = = =  = = = 
2020-09-09 08:57:19,157 - root - INFO : 当前运行Case: test_add_flow_cost_mgt_mobile
2020-09-09 08:57:19,157 - root - INFO : 正在执行Function: test_add_flow_cost_mgt_mobile
2020-09-09 08:57:19,158 - root - INFO : 正在执行Function: flow_cost_mgt_save
2020-09-09 08:57:19,158 - root - INFO : 描述信息: 【预算/流量成本管理/新增流量成本】
2020-09-09 08:57:19,158 - root - INFO : 请求地址: https://galaxy-api-fat.shiguangkey.com/api/galaxy/flow/cost/manage/save
2020-09-09 08:57:19,158 - root - INFO : 请求方法: [- POST -]
2020-09-09 08:57:19,159 - root - INFO : 请求头部: {'content-type': 'application/x-www-form-urlencoded', 'token': '0x770f180712f125305fc402293ebd6d', 'x-dept-id-chain': '1001-8006-8007-8008-8009', 'user-agent': 'Mozilla/5.0 (Windows NT 10.0; Win64; x64) AppleWebKit/537.36 (KHTML, like Gecko) Chrome/80.0.3987.106 Safari/537.36', 'Connection': 'close', 'keep-alive': 'False'}
2020-09-09 08:57:19,159 - root - INFO : 请求正文: {'costMonth': '1598889600000', 'promotionerDeptIdChain': '1001-8006-8007-8008-8009', 'subjectId': '275', 'channelId': 4, 'gatherType': 1, 'putMode': 1, 'lastMonthLaunchNumber': 10000, 'lastMonthCashConsume': 1000, 'lastMonthSupplyTotal': 10000, 'lastMonthCost': 100, 'lastMonthDayAverageSupply': 1600, 'sameMonthDayAverageSupply': 10000, 'sameMonthDayAverageIncrement': 100, 'sameMonthCost': 1000, 'sameMonthDayConsume': 100, 'sameMonthSupply': 10000, 'sameMonthCashConsume': 1000, 'promotionerDeptName': '潭州教育>自动化测试分公司--勿动>自动化测试群--勿动>自动化测试事业部>自动化测试院', 'subjectName': '新媒体运营', 'channelName': '知乎'}
2020-09-09 08:57:19,440 - root - INFO : 响应消息: {'traceId': '37521b97a0774ac1b93744f77fb648cf', 'status': '110111002', 'msg': '已有同维度数据', 'data': {}}
2020-09-09 08:57:19,492 - root - INFO : 当前运行Case: test_add_flow_cost_mgt_wx
2020-09-09 08:57:19,492 - root - INFO : 正在执行Function: test_add_flow_cost_mgt_wx
2020-09-09 08:57:19,493 - root - INFO : 正在执行Function: flow_cost_mgt_save
2020-09-09 08:57:19,493 - root - INFO : 描述信息: 【预算/流量成本管理/新增流量成本】
2020-09-09 08:57:19,493 - root - INFO : 请求地址: https://galaxy-api-fat.shiguangkey.com/api/galaxy/flow/cost/manage/save
2020-09-09 08:57:19,493 - root - INFO : 请求方法: [- POST -]
2020-09-09 08:57:19,493 - root - INFO : 请求头部: {'content-type': 'application/x-www-form-urlencoded', 'token': '0x770f180712f125305fc402293ebd6d', 'x-dept-id-chain': '1001-8006-8007-8008-8009', 'user-agent': 'Mozilla/5.0 (Windows NT 10.0; Win64; x64) AppleWebKit/537.36 (KHTML, like Gecko) Chrome/80.0.3987.106 Safari/537.36', 'Connection': 'close', 'keep-alive': 'False'}
2020-09-09 08:57:19,493 - root - INFO : 请求正文: {'costMonth': '1598889600000', 'promotionerDeptIdChain': '1001-8006-8007-8008-8009', 'subjectId': '275', 'channelId': 4, 'gatherType': 3, 'putMode': 1, 'lastMonthLaunchNumber': 10000, 'lastMonthCashConsume': 1000, 'lastMonthSupplyTotal': 10000, 'lastMonthCost': 100, 'lastMonthDayAverageSupply': 1600, 'sameMonthDayAverageSupply': 10000, 'sameMonthDayAverageIncrement': 100, 'sameMonthCost': 1000, 'sameMonthDayConsume': 100, 'sameMonthSupply': 10000, 'sameMonthCashConsume': 1000, 'promotionerDeptName': '潭州教育>自动化测试分公司--勿动>自动化测试群--勿动>自动化测试事业部>自动化测试院', 'subjectName': '新媒体运营', 'channelName': '知乎'}
2020-09-09 08:57:19,693 - root - INFO : 响应消息: {'traceId': '6c377e3faf76436883675928726915b4', 'status': '110111002', 'msg': '已有同维度数据', 'data': {}}
2020-09-09 08:57:19,723 - root - INFO : 当前运行Case: test_add_flow_cost_mgt_qq
2020-09-09 08:57:19,723 - root - INFO : 正在执行Function: test_add_flow_cost_mgt_qq
2020-09-09 08:57:19,724 - root - INFO : 正在执行Function: flow_cost_mgt_save
2020-09-09 08:57:19,724 - root - INFO : 描述信息: 【预算/流量成本管理/新增流量成本】
2020-09-09 08:57:19,724 - root - INFO : 请求地址: https://galaxy-api-fat.shiguangkey.com/api/galaxy/flow/cost/manage/save
2020-09-09 08:57:19,724 - root - INFO : 请求方法: [- POST -]
2020-09-09 08:57:19,724 - root - INFO : 请求头部: {'content-type': 'application/x-www-form-urlencoded', 'token': '0x770f180712f125305fc402293ebd6d', 'x-dept-id-chain': '1001-8006-8007-8008-8009', 'user-agent': 'Mozilla/5.0 (Windows NT 10.0; Win64; x64) AppleWebKit/537.36 (KHTML, like Gecko) Chrome/80.0.3987.106 Safari/537.36', 'Connection': 'close', 'keep-alive': 'False'}
2020-09-09 08:57:19,724 - root - INFO : 请求正文: {'costMonth': '1598889600000', 'promotionerDeptIdChain': '1001-8006-8007-8008-8009', 'subjectId': '275', 'channelId': 4, 'gatherType': 2, 'putMode': 1, 'lastMonthLaunchNumber': 10000, 'lastMonthCashConsume': 1000, 'lastMonthSupplyTotal': 10000, 'lastMonthCost': 100, 'lastMonthDayAverageSupply': 1600, 'sameMonthDayAverageSupply': 10000, 'sameMonthDayAverageIncrement': 100, 'sameMonthCost': 1000, 'sameMonthDayConsume': 100, 'sameMonthSupply': 10000, 'sameMonthCashConsume': 1000, 'promotionerDeptName': '潭州教育>自动化测试分公司--勿动>自动化测试群--勿动>自动化测试事业部>自动化测试院', 'subjectName': '新媒体运营', 'channelName': '知乎'}
2020-09-09 08:57:19,922 - root - INFO : 响应消息: {'traceId': 'dd653f08560948979716b5aca9d76646', 'status': '110111002', 'msg': '已有同维度数据', 'data': {}}
2020-09-09 08:57:19,953 - root - INFO : 当前运行Case: test_update_flow_cost_mgt
2020-09-09 08:57:19,953 - root - INFO : 正在执行Function: test_update_flow_cost_mgt
2020-09-09 08:57:19,953 - root - INFO : 正在执行Function: flow_cost_mgt_save
2020-09-09 08:57:19,954 - root - INFO : 描述信息: 【预算/流量成本管理/新增流量成本】
2020-09-09 08:57:19,954 - root - INFO : 请求地址: https://galaxy-api-fat.shiguangkey.com/api/galaxy/flow/cost/manage/save
2020-09-09 08:57:19,954 - root - INFO : 请求方法: [- POST -]
2020-09-09 08:57:19,954 - root - INFO : 请求头部: {'content-type': 'application/x-www-form-urlencoded', 'token': '0x770f180712f125305fc402293ebd6d', 'x-dept-id-chain': '1001-8006-8007-8008-8009', 'user-agent': 'Mozilla/5.0 (Windows NT 10.0; Win64; x64) AppleWebKit/537.36 (KHTML, like Gecko) Chrome/80.0.3987.106 Safari/537.36', 'Connection': 'close', 'keep-alive': 'False'}
2020-09-09 08:57:19,954 - root - INFO : 请求正文: {'costMonth': '1601481600000', 'promotionerDeptIdChain': '1001-8006-8007-8008-8009', 'subjectId': '489', 'channelId': 4, 'gatherType': 2, 'putMode': 1, 'lastMonthLaunchNumber': 10000, 'lastMonthCashConsume': 1000, 'lastMonthSupplyTotal': 10000, 'lastMonthCost': 100, 'lastMonthDayAverageSupply': 1600, 'sameMonthDayAverageSupply': 10000, 'sameMonthDayAverageIncrement': 100, 'sameMonthCost': 1000, 'sameMonthDayConsume': 100, 'sameMonthSupply': 10000, 'sameMonthCashConsume': 1000, 'promotionerDeptName': '潭州教育>自动化测试分公司--勿动>自动化测试群--勿动>自动化测试事业部>自动化测试院', 'subjectName': '泰语', 'channelName': '知乎'}
2020-09-09 08:57:20,158 - root - INFO : 响应消息: {'traceId': 'cec26b070f8e4517a040ae00e49b6a35', 'status': '0', 'msg': 'success', 'data': {}}
2020-09-09 08:57:20,158 - root - INFO : 校验类型: [-status], 结果: [Passed], 预期: [0]
2020-09-09 08:57:20,158 - root - INFO : 校验类型: [-msg], 结果: [Passed], 预期: [success]
2020-09-09 08:57:20,158 - root - INFO :  = = =  = = =  = = =  = = =  = = =  = = =  = = =  = = = 分割线 = = =  = = =  = = =  = = =  = = =  = = =  = = =  = = = 
2020-09-09 08:57:20,158 - root - INFO : 正在执行Function: flow_cost_mgt_page_list
2020-09-09 08:57:20,159 - root - INFO : 描述信息: 【预算/流量成本管理/查询】
2020-09-09 08:57:20,159 - root - INFO : 请求地址: https://galaxy-api-fat.shiguangkey.com/api/galaxy/flow/cost/manage/pageList
2020-09-09 08:57:20,159 - root - INFO : 请求方法: [- POST -]
2020-09-09 08:57:20,159 - root - INFO : 请求头部: {'content-type': 'application/x-www-form-urlencoded', 'token': '0x770f180712f125305fc402293ebd6d', 'user-agent': 'Mozilla/5.0 (Windows NT 10.0; Win64; x64) AppleWebKit/537.36 (KHTML, like Gecko) Chrome/80.0.3987.106 Safari/537.36', 'Connection': 'close', 'keep-alive': 'False'}
2020-09-09 08:57:20,159 - root - INFO : 请求正文: {'pageIndex': 1, 'pageSize': 20, 'gatherType': 2, 'startCostMonth': '1601481600000', 'endCostMonth': '1602172799999', 'channelId': 4}
2020-09-09 08:57:20,338 - root - INFO : 响应消息: {'traceId': 'ac0a667a984a4a3b80c328b4690e7014', 'status': '0', 'msg': 'success', 'data': {'list': [{'id': 103, 'costMonth': 1601481600000, 'promotionerDeptIdChain': '1001-8006-8007-8008-8009', 'promotionerDeptName': '潭州教育>自动化测试分公司--勿动>自动化测试群--勿动>自动化测试事业部>自动化测试院', 'subjectId': 489, 'subjectName': '泰语', 'channelId': 4, 'channelName': '知乎', 'gatherType': 2, 'putMode': 1, 'lastMonthLaunchNumber': 10000, 'lastMonthCashConsume': 1000.0, 'lastMonthSupplyTotal': 10000, 'lastMonthCost': 100.0, 'lastMonthDayAverageSupply': 1600, 'sameMonthDayAverageSupply': 10000, 'sameMonthDayAverageIncrement': 100, 'sameMonthCost': 1000.0, 'sameMonthDayConsume': 100.0, 'sameMonthSupply': 10000, 'sameMonthCashConsume': 1000.0, 'creatorId': 19862099, 'creatorName': '日常的阿魏', 'creatorDeptId': 8009, 'creatorDeptIdChain': '1001-8006-8007-8008-8009', 'createTime': 1599613042000, 'modifierId': '', 'modifierName': '', 'modifyTime': '', 'isDelete': 2020}], 'totalItem': 1, 'summation': {'lastMonthLaunchNumber': 10000, 'lastMonthCashConsume': 1000.0, 'lastMonthSupplyTotal': 10000, 'lastMonthCost': 0.1, 'lastMonthDayAverageSupply': 1600, 'sameMonthDayAverageSupply': 10000, 'sameMonthDayAverageIncrement': 100, 'sameMonthCost': 0.1, 'sameMonthDayConsume': 100.0, 'sameMonthSupply': 10000, 'sameMonthCashConsume': 1000.0}}}
2020-09-09 08:57:20,338 - root - INFO : 提取变量: [ id: 103 ]
2020-09-09 08:57:20,338 - root - INFO : 提取变量: [ costMonth: 1601481600000 ]
2020-09-09 08:57:20,339 - root - INFO : 提取变量: [ subjectId: 489 ]
2020-09-09 08:57:20,339 - root - INFO : 提取变量: [ subjectName: 泰语 ]
2020-09-09 08:57:20,339 - root - INFO : 校验类型: [-status], 结果: [Passed], 预期: [0]
2020-09-09 08:57:20,339 - root - INFO : 校验类型: [-msg], 结果: [Passed], 预期: [success]
2020-09-09 08:57:20,339 - root - INFO :  = = =  = = =  = = =  = = =  = = =  = = =  = = =  = = = 分割线 = = =  = = =  = = =  = = =  = = =  = = =  = = =  = = = 
2020-09-09 08:57:20,339 - root - INFO : 正在执行Function: flow_cost_mgt_update
2020-09-09 08:57:20,339 - root - INFO : 描述信息: 【预算/流量成本管理/更新流量成本】
2020-09-09 08:57:20,340 - root - INFO : 请求地址: https://galaxy-api-fat.shiguangkey.com/api/galaxy/flow/cost/manage/update
2020-09-09 08:57:20,340 - root - INFO : 请求方法: [- POST -]
2020-09-09 08:57:20,340 - root - INFO : 请求头部: {'content-type': 'application/x-www-form-urlencoded', 'token': '0x770f180712f125305fc402293ebd6d', 'x-dept-id-chain': '1001-8006-8007-8008-8009', 'user-agent': 'Mozilla/5.0 (Windows NT 10.0; Win64; x64) AppleWebKit/537.36 (KHTML, like Gecko) Chrome/80.0.3987.106 Safari/537.36', 'Connection': 'close', 'keep-alive': 'False'}
2020-09-09 08:57:20,340 - root - INFO : 请求正文: {'id': '103', 'costMonth': '1601481600000', 'promotionerDeptIdChain': '1001-8006-8007-8008-8009', 'subjectId': '489', 'channelId': 4, 'gatherType': 2, 'putMode': 1, 'lastMonthLaunchNumber': 10000, 'lastMonthCashConsume': 1000, 'lastMonthSupplyTotal': 10000, 'lastMonthCost': 100, 'lastMonthDayAverageSupply': 1600, 'sameMonthDayAverageSupply': 10000, 'sameMonthDayAverageIncrement': 100, 'sameMonthCost': 1000, 'sameMonthDayConsume': 100, 'sameMonthSupply': 10000, 'sameMonthCashConsume': 1000, 'promotionerDeptName': '潭州教育>自动化测试分公司--勿动>自动化测试群--勿动>自动化测试事业部>自动化测试院', 'subjectName': '泰语', 'channelName': '知乎'}
2020-09-09 08:57:20,530 - root - INFO : 响应消息: {'traceId': '43385fc323974e35b94be22c9af65c22', 'status': '0', 'msg': 'success', 'data': {}}
2020-09-09 08:57:20,530 - root - INFO : 校验类型: [-status], 结果: [Passed], 预期: [0]
2020-09-09 08:57:20,530 - root - INFO : 校验类型: [-msg], 结果: [Passed], 预期: [success]
2020-09-09 08:57:20,530 - root - INFO :  = = =  = = =  = = =  = = =  = = =  = = =  = = =  = = = 分割线 = = =  = = =  = = =  = = =  = = =  = = =  = = =  = = = 
2020-09-09 08:57:20,549 - root - INFO : 当前运行Case: test_update_flow_cost_mgt_gather
2020-09-09 08:57:20,549 - root - INFO : 正在执行Function: test_update_flow_cost_mgt_gather
2020-09-09 08:57:20,550 - root - INFO : 正在执行Function: flow_cost_mgt_save
2020-09-09 08:57:20,550 - root - INFO : 描述信息: 【预算/流量成本管理/新增流量成本】
2020-09-09 08:57:20,550 - root - INFO : 请求地址: https://galaxy-api-fat.shiguangkey.com/api/galaxy/flow/cost/manage/save
2020-09-09 08:57:20,550 - root - INFO : 请求方法: [- POST -]
2020-09-09 08:57:20,550 - root - INFO : 请求头部: {'content-type': 'application/x-www-form-urlencoded', 'token': '0x770f180712f125305fc402293ebd6d', 'x-dept-id-chain': '1001-8006-8007-8008-8009', 'user-agent': 'Mozilla/5.0 (Windows NT 10.0; Win64; x64) AppleWebKit/537.36 (KHTML, like Gecko) Chrome/80.0.3987.106 Safari/537.36', 'Connection': 'close', 'keep-alive': 'False'}
2020-09-09 08:57:20,550 - root - INFO : 请求正文: {'costMonth': '1601481600000', 'promotionerDeptIdChain': '1001-8006-8007-8008-8009', 'subjectId': '489', 'channelId': 4, 'gatherType': 1, 'putMode': 1, 'lastMonthLaunchNumber': 10000, 'lastMonthCashConsume': 1000, 'lastMonthSupplyTotal': 10000, 'lastMonthCost': 100, 'lastMonthDayAverageSupply': 1600, 'sameMonthDayAverageSupply': 10000, 'sameMonthDayAverageIncrement': 100, 'sameMonthCost': 1000, 'sameMonthDayConsume': 100, 'sameMonthSupply': 10000, 'sameMonthCashConsume': 1000, 'promotionerDeptName': '潭州教育>自动化测试分公司--勿动>自动化测试群--勿动>自动化测试事业部>自动化测试院', 'subjectName': '泰语', 'channelName': '知乎'}
2020-09-09 08:57:20,754 - root - INFO : 响应消息: {'traceId': 'b69530f9e7d54dd8b7242f591c4ca6dd', 'status': '0', 'msg': 'success', 'data': {}}
2020-09-09 08:57:20,754 - root - INFO : 校验类型: [-status], 结果: [Passed], 预期: [0]
2020-09-09 08:57:20,754 - root - INFO : 校验类型: [-msg], 结果: [Passed], 预期: [success]
2020-09-09 08:57:20,754 - root - INFO :  = = =  = = =  = = =  = = =  = = =  = = =  = = =  = = = 分割线 = = =  = = =  = = =  = = =  = = =  = = =  = = =  = = = 
2020-09-09 08:57:20,754 - root - INFO : 正在执行Function: flow_cost_mgt_page_list
2020-09-09 08:57:20,755 - root - INFO : 描述信息: 【预算/流量成本管理/查询】
2020-09-09 08:57:20,755 - root - INFO : 请求地址: https://galaxy-api-fat.shiguangkey.com/api/galaxy/flow/cost/manage/pageList
2020-09-09 08:57:20,755 - root - INFO : 请求方法: [- POST -]
2020-09-09 08:57:20,755 - root - INFO : 请求头部: {'content-type': 'application/x-www-form-urlencoded', 'token': '0x770f180712f125305fc402293ebd6d', 'user-agent': 'Mozilla/5.0 (Windows NT 10.0; Win64; x64) AppleWebKit/537.36 (KHTML, like Gecko) Chrome/80.0.3987.106 Safari/537.36', 'Connection': 'close', 'keep-alive': 'False'}
2020-09-09 08:57:20,755 - root - INFO : 请求正文: {'pageIndex': 1, 'pageSize': 20, 'gatherType': 1, 'startCostMonth': '1601481600000', 'endCostMonth': '1602172799999', 'channelId': 4}
2020-09-09 08:57:20,944 - root - INFO : 响应消息: {'traceId': '36db3828e9344e78bfcbfa974d7db76d', 'status': '0', 'msg': 'success', 'data': {'list': [{'id': 104, 'costMonth': 1601481600000, 'promotionerDeptIdChain': '1001-8006-8007-8008-8009', 'promotionerDeptName': '潭州教育>自动化测试分公司--勿动>自动化测试群--勿动>自动化测试事业部>自动化测试院', 'subjectId': 489, 'subjectName': '泰语', 'channelId': 4, 'channelName': '知乎', 'gatherType': 1, 'putMode': 1, 'lastMonthLaunchNumber': 10000, 'lastMonthCashConsume': 1000.0, 'lastMonthSupplyTotal': 10000, 'lastMonthCost': 100.0, 'lastMonthDayAverageSupply': 1600, 'sameMonthDayAverageSupply': 10000, 'sameMonthDayAverageIncrement': 100, 'sameMonthCost': 1000.0, 'sameMonthDayConsume': 100.0, 'sameMonthSupply': 10000, 'sameMonthCashConsume': 1000.0, 'creatorId': 19862099, 'creatorName': '日常的阿魏', 'creatorDeptId': 8009, 'creatorDeptIdChain': '1001-8006-8007-8008-8009', 'createTime': 1599613042000, 'modifierId': '', 'modifierName': '', 'modifyTime': '', 'isDelete': 2020}], 'totalItem': 1, 'summation': {'lastMonthLaunchNumber': 10000, 'lastMonthCashConsume': 1000.0, 'lastMonthSupplyTotal': 10000, 'lastMonthCost': 0.1, 'lastMonthDayAverageSupply': 1600, 'sameMonthDayAverageSupply': 10000, 'sameMonthDayAverageIncrement': 100, 'sameMonthCost': 0.1, 'sameMonthDayConsume': 100.0, 'sameMonthSupply': 10000, 'sameMonthCashConsume': 1000.0}}}
2020-09-09 08:57:20,944 - root - INFO : 提取变量: [ id: 104 ]
2020-09-09 08:57:20,944 - root - INFO : 提取变量: [ costMonth: 1601481600000 ]
2020-09-09 08:57:20,945 - root - INFO : 提取变量: [ subjectId: 489 ]
2020-09-09 08:57:20,945 - root - INFO : 提取变量: [ subjectName: 泰语 ]
2020-09-09 08:57:20,945 - root - INFO : 校验类型: [-status], 结果: [Passed], 预期: [0]
2020-09-09 08:57:20,945 - root - INFO : 校验类型: [-msg], 结果: [Passed], 预期: [success]
2020-09-09 08:57:20,945 - root - INFO :  = = =  = = =  = = =  = = =  = = =  = = =  = = =  = = = 分割线 = = =  = = =  = = =  = = =  = = =  = = =  = = =  = = = 
2020-09-09 08:57:20,945 - root - INFO : 正在执行Function: flow_cost_mgt_update
2020-09-09 08:57:20,945 - root - INFO : 描述信息: 【预算/流量成本管理/更新流量成本】
2020-09-09 08:57:20,946 - root - INFO : 请求地址: https://galaxy-api-fat.shiguangkey.com/api/galaxy/flow/cost/manage/update
2020-09-09 08:57:20,946 - root - INFO : 请求方法: [- POST -]
2020-09-09 08:57:20,946 - root - INFO : 请求头部: {'content-type': 'application/x-www-form-urlencoded', 'token': '0x770f180712f125305fc402293ebd6d', 'x-dept-id-chain': '1001-8006-8007-8008-8009', 'user-agent': 'Mozilla/5.0 (Windows NT 10.0; Win64; x64) AppleWebKit/537.36 (KHTML, like Gecko) Chrome/80.0.3987.106 Safari/537.36', 'Connection': 'close', 'keep-alive': 'False'}
2020-09-09 08:57:20,946 - root - INFO : 请求正文: {'id': '104', 'costMonth': '1601481600000', 'promotionerDeptIdChain': '1001-8006-8007-8008-8009', 'subjectId': '489', 'channelId': 4, 'gatherType': 3, 'putMode': 1, 'lastMonthLaunchNumber': 10000, 'lastMonthCashConsume': 1000, 'lastMonthSupplyTotal': 10000, 'lastMonthCost': 100, 'lastMonthDayAverageSupply': 1600, 'sameMonthDayAverageSupply': 10000, 'sameMonthDayAverageIncrement': 100, 'sameMonthCost': 1000, 'sameMonthDayConsume': 100, 'sameMonthSupply': 10000, 'sameMonthCashConsume': 1000, 'promotionerDeptName': '潭州教育>自动化测试分公司--勿动>自动化测试群--勿动>自动化测试事业部>自动化测试院', 'subjectName': '泰语', 'channelName': '知乎'}
2020-09-09 08:57:21,141 - root - INFO : 响应消息: {'traceId': 'd3b1092625cc4e94a44ac079cfa2d237', 'status': '0', 'msg': 'success', 'data': {}}
2020-09-09 08:57:21,141 - root - INFO : 校验类型: [-status], 结果: [Passed], 预期: [0]
2020-09-09 08:57:21,141 - root - INFO : 校验类型: [-msg], 结果: [Passed], 预期: [success]
2020-09-09 08:57:21,141 - root - INFO :  = = =  = = =  = = =  = = =  = = =  = = =  = = =  = = = 分割线 = = =  = = =  = = =  = = =  = = =  = = =  = = =  = = = 
2020-09-09 08:57:21,159 - root - INFO : 当前运行Case: test_del_flow_cost_mgt
2020-09-09 08:57:21,159 - root - INFO : 正在执行Function: test_del_flow_cost_mgt
2020-09-09 08:57:21,159 - root - INFO : 正在执行Function: flow_cost_mgt_save
2020-09-09 08:57:21,160 - root - INFO : 描述信息: 【预算/流量成本管理/新增流量成本】
2020-09-09 08:57:21,160 - root - INFO : 请求地址: https://galaxy-api-fat.shiguangkey.com/api/galaxy/flow/cost/manage/save
2020-09-09 08:57:21,160 - root - INFO : 请求方法: [- POST -]
2020-09-09 08:57:21,160 - root - INFO : 请求头部: {'content-type': 'application/x-www-form-urlencoded', 'token': '0x770f180712f125305fc402293ebd6d', 'x-dept-id-chain': '1001-8006-8007-8008-8009', 'user-agent': 'Mozilla/5.0 (Windows NT 10.0; Win64; x64) AppleWebKit/537.36 (KHTML, like Gecko) Chrome/80.0.3987.106 Safari/537.36', 'Connection': 'close', 'keep-alive': 'False'}
2020-09-09 08:57:21,160 - root - INFO : 请求正文: {'costMonth': '1601481600000', 'promotionerDeptIdChain': '1001-8006-8007-8008-8009', 'subjectId': '275', 'channelId': 4, 'gatherType': 3, 'putMode': 1, 'lastMonthLaunchNumber': 10000, 'lastMonthCashConsume': 1000, 'lastMonthSupplyTotal': 10000, 'lastMonthCost': 100, 'lastMonthDayAverageSupply': 1600, 'sameMonthDayAverageSupply': 10000, 'sameMonthDayAverageIncrement': 100, 'sameMonthCost': 1000, 'sameMonthDayConsume': 100, 'sameMonthSupply': 10000, 'sameMonthCashConsume': 1000, 'promotionerDeptName': '潭州教育>自动化测试分公司--勿动>自动化测试群--勿动>自动化测试事业部>自动化测试院', 'subjectName': '新媒体运营', 'channelName': '知乎'}
2020-09-09 08:57:21,364 - root - INFO : 响应消息: {'traceId': '47320d0d63ce4714bf9b31eb9067e620', 'status': '0', 'msg': 'success', 'data': {}}
2020-09-09 08:57:21,364 - root - INFO : 校验类型: [-status], 结果: [Passed], 预期: [0]
2020-09-09 08:57:21,364 - root - INFO : 校验类型: [-msg], 结果: [Passed], 预期: [success]
2020-09-09 08:57:21,364 - root - INFO :  = = =  = = =  = = =  = = =  = = =  = = =  = = =  = = = 分割线 = = =  = = =  = = =  = = =  = = =  = = =  = = =  = = = 
2020-09-09 08:57:21,364 - root - INFO : 正在执行Function: flow_cost_mgt_page_list
2020-09-09 08:57:21,364 - root - INFO : 描述信息: 【预算/流量成本管理/查询】
2020-09-09 08:57:21,364 - root - INFO : 请求地址: https://galaxy-api-fat.shiguangkey.com/api/galaxy/flow/cost/manage/pageList
2020-09-09 08:57:21,364 - root - INFO : 请求方法: [- POST -]
2020-09-09 08:57:21,364 - root - INFO : 请求头部: {'content-type': 'application/x-www-form-urlencoded', 'token': '0x770f180712f125305fc402293ebd6d', 'user-agent': 'Mozilla/5.0 (Windows NT 10.0; Win64; x64) AppleWebKit/537.36 (KHTML, like Gecko) Chrome/80.0.3987.106 Safari/537.36', 'Connection': 'close', 'keep-alive': 'False'}
2020-09-09 08:57:21,364 - root - INFO : 请求正文: {'pageIndex': 1, 'pageSize': 20, 'gatherType': 3, 'startCostMonth': '1601481600000', 'endCostMonth': '1602172799999', 'channelId': 4}
2020-09-09 08:57:21,545 - root - INFO : 响应消息: {'traceId': '88d6e896e0a941b588f6c7c240528800', 'status': '0', 'msg': 'success', 'data': {'list': [{'id': 105, 'costMonth': 1601481600000, 'promotionerDeptIdChain': '1001-8006-8007-8008-8009', 'promotionerDeptName': '潭州教育>自动化测试分公司--勿动>自动化测试群--勿动>自动化测试事业部>自动化测试院', 'subjectId': 275, 'subjectName': '新媒体运营', 'channelId': 4, 'channelName': '知乎', 'gatherType': 3, 'putMode': 1, 'lastMonthLaunchNumber': 10000, 'lastMonthCashConsume': 1000.0, 'lastMonthSupplyTotal': 10000, 'lastMonthCost': 100.0, 'lastMonthDayAverageSupply': 1600, 'sameMonthDayAverageSupply': 10000, 'sameMonthDayAverageIncrement': 100, 'sameMonthCost': 1000.0, 'sameMonthDayConsume': 100.0, 'sameMonthSupply': 10000, 'sameMonthCashConsume': 1000.0, 'creatorId': 19862099, 'creatorName': '日常的阿魏', 'creatorDeptId': 8009, 'creatorDeptIdChain': '1001-8006-8007-8008-8009', 'createTime': 1599613043000, 'modifierId': '', 'modifierName': '', 'modifyTime': '', 'isDelete': 2020}, {'id': 104, 'costMonth': 1601481600000, 'promotionerDeptIdChain': '1001-8006-8007-8008-8009', 'promotionerDeptName': '潭州教育>自动化测试分公司--勿动>自动化测试群--勿动>自动化测试事业部>自动化测试院', 'subjectId': 489, 'subjectName': '泰语', 'channelId': 4, 'channelName': '知乎', 'gatherType': 3, 'putMode': 1, 'lastMonthLaunchNumber': 10000, 'lastMonthCashConsume': 1000.0, 'lastMonthSupplyTotal': 10000, 'lastMonthCost': 100.0, 'lastMonthDayAverageSupply': 1600, 'sameMonthDayAverageSupply': 10000, 'sameMonthDayAverageIncrement': 100, 'sameMonthCost': 1000.0, 'sameMonthDayConsume': 100.0, 'sameMonthSupply': 10000, 'sameMonthCashConsume': 1000.0, 'creatorId': 19862099, 'creatorName': '日常的阿魏', 'creatorDeptId': 8009, 'creatorDeptIdChain': '1001-8006-8007-8008-8009', 'createTime': 1599613042000, 'modifierId': 19862099, 'modifierName': '日常的阿魏', 'modifyTime': '', 'isDelete': 2020}], 'totalItem': 2, 'summation': {'lastMonthLaunchNumber': 20000, 'lastMonthCashConsume': 2000.0, 'lastMonthSupplyTotal': 20000, 'lastMonthCost': 0.1, 'lastMonthDayAverageSupply': 3200, 'sameMonthDayAverageSupply': 20000, 'sameMonthDayAverageIncrement': 200, 'sameMonthCost': 0.1, 'sameMonthDayConsume': 200.0, 'sameMonthSupply': 20000, 'sameMonthCashConsume': 2000.0}}}
2020-09-09 08:57:21,545 - root - INFO : 提取变量: [ id: 105 ]
2020-09-09 08:57:21,546 - root - INFO : 提取变量: [ costMonth: 1601481600000 ]
2020-09-09 08:57:21,546 - root - INFO : 提取变量: [ subjectId: 275 ]
2020-09-09 08:57:21,546 - root - INFO : 提取变量: [ subjectName: 新媒体运营 ]
2020-09-09 08:57:21,547 - root - INFO : 校验类型: [-status], 结果: [Passed], 预期: [0]
2020-09-09 08:57:21,547 - root - INFO : 校验类型: [-msg], 结果: [Passed], 预期: [success]
2020-09-09 08:57:21,547 - root - INFO :  = = =  = = =  = = =  = = =  = = =  = = =  = = =  = = = 分割线 = = =  = = =  = = =  = = =  = = =  = = =  = = =  = = = 
2020-09-09 08:57:21,547 - root - INFO : 正在执行Function: del_flow_cost_mgt
2020-09-09 08:57:21,547 - root - INFO : 描述信息: 【预算/流量成本管理/删除流量成本】
2020-09-09 08:57:21,547 - root - INFO : 请求地址: https://galaxy-api-fat.shiguangkey.com/api/galaxy/flow/cost/manage/delete
2020-09-09 08:57:21,547 - root - INFO : 请求方法: [- POST -]
2020-09-09 08:57:21,547 - root - INFO : 请求头部: {'content-type': 'application/x-www-form-urlencoded', 'token': '0x770f180712f125305fc402293ebd6d', 'x-dept-id-chain': '1001-8006-8007-8008-8009', 'user-agent': 'Mozilla/5.0 (Windows NT 10.0; Win64; x64) AppleWebKit/537.36 (KHTML, like Gecko) Chrome/80.0.3987.106 Safari/537.36', 'Connection': 'close', 'keep-alive': 'False'}
2020-09-09 08:57:21,547 - root - INFO : 请求正文: {'ids': '105'}
2020-09-09 08:57:21,744 - root - INFO : 响应消息: {'traceId': '1e994e6cf83e42c7a805d8d7096ee4fc', 'status': '0', 'msg': 'success', 'data': {}}
2020-09-09 08:57:21,744 - root - INFO : 校验类型: [-status], 结果: [Passed], 预期: [0]
2020-09-09 08:57:21,744 - root - INFO : 校验类型: [-msg], 结果: [Passed], 预期: [success]
2020-09-09 08:57:21,744 - root - INFO :  = = =  = = =  = = =  = = =  = = =  = = =  = = =  = = = 分割线 = = =  = = =  = = =  = = =  = = =  = = =  = = =  = = = 
2020-09-09 08:57:21,762 - root - INFO : 当前运行Case: test_del_flow_cost_mgt_batch
2020-09-09 08:57:21,763 - root - INFO : 正在执行Function: test_del_flow_cost_mgt_batch
2020-09-09 08:57:21,763 - root - INFO : 正在执行Function: flow_cost_mgt_page_list
2020-09-09 08:57:21,763 - root - INFO : 描述信息: 【预算/流量成本管理/查询】
2020-09-09 08:57:21,763 - root - INFO : 请求地址: https://galaxy-api-fat.shiguangkey.com/api/galaxy/flow/cost/manage/pageList
2020-09-09 08:57:21,763 - root - INFO : 请求方法: [- POST -]
2020-09-09 08:57:21,763 - root - INFO : 请求头部: {'content-type': 'application/x-www-form-urlencoded', 'token': '0x770f180712f125305fc402293ebd6d', 'user-agent': 'Mozilla/5.0 (Windows NT 10.0; Win64; x64) AppleWebKit/537.36 (KHTML, like Gecko) Chrome/80.0.3987.106 Safari/537.36', 'Connection': 'close', 'keep-alive': 'False'}
2020-09-09 08:57:21,763 - root - INFO : 请求正文: {'pageIndex': 1, 'pageSize': 20, 'startCostMonth': '1601481600000', 'endCostMonth': '1602172799999'}
2020-09-09 08:57:21,962 - root - INFO : 响应消息: {'traceId': 'aecb0ee61d6e421bb26a16b7c02b405e', 'status': '0', 'msg': 'success', 'data': {'list': [{'id': 104, 'costMonth': 1601481600000, 'promotionerDeptIdChain': '1001-8006-8007-8008-8009', 'promotionerDeptName': '潭州教育>自动化测试分公司--勿动>自动化测试群--勿动>自动化测试事业部>自动化测试院', 'subjectId': 489, 'subjectName': '泰语', 'channelId': 4, 'channelName': '知乎', 'gatherType': 3, 'putMode': 1, 'lastMonthLaunchNumber': 10000, 'lastMonthCashConsume': 1000.0, 'lastMonthSupplyTotal': 10000, 'lastMonthCost': 100.0, 'lastMonthDayAverageSupply': 1600, 'sameMonthDayAverageSupply': 10000, 'sameMonthDayAverageIncrement': 100, 'sameMonthCost': 1000.0, 'sameMonthDayConsume': 100.0, 'sameMonthSupply': 10000, 'sameMonthCashConsume': 1000.0, 'creatorId': 19862099, 'creatorName': '日常的阿魏', 'creatorDeptId': 8009, 'creatorDeptIdChain': '1001-8006-8007-8008-8009', 'createTime': 1599613042000, 'modifierId': 19862099, 'modifierName': '日常的阿魏', 'modifyTime': '', 'isDelete': 2020}, {'id': 103, 'costMonth': 1601481600000, 'promotionerDeptIdChain': '1001-8006-8007-8008-8009', 'promotionerDeptName': '潭州教育>自动化测试分公司--勿动>自动化测试群--勿动>自动化测试事业部>自动化测试院', 'subjectId': 489, 'subjectName': '泰语', 'channelId': 4, 'channelName': '知乎', 'gatherType': 2, 'putMode': 1, 'lastMonthLaunchNumber': 10000, 'lastMonthCashConsume': 1000.0, 'lastMonthSupplyTotal': 10000, 'lastMonthCost': 100.0, 'lastMonthDayAverageSupply': 1600, 'sameMonthDayAverageSupply': 10000, 'sameMonthDayAverageIncrement': 100, 'sameMonthCost': 1000.0, 'sameMonthDayConsume': 100.0, 'sameMonthSupply': 10000, 'sameMonthCashConsume': 1000.0, 'creatorId': 19862099, 'creatorName': '日常的阿魏', 'creatorDeptId': 8009, 'creatorDeptIdChain': '1001-8006-8007-8008-8009', 'createTime': 1599613042000, 'modifierId': 19862099, 'modifierName': '日常的阿魏', 'modifyTime': '', 'isDelete': 2020}], 'totalItem': 2, 'summation': {'lastMonthLaunchNumber': 20000, 'lastMonthCashConsume': 2000.0, 'lastMonthSupplyTotal': 20000, 'lastMonthCost': 0.1, 'lastMonthDayAverageSupply': 3200, 'sameMonthDayAverageSupply': 20000, 'sameMonthDayAverageIncrement': 200, 'sameMonthCost': 0.1, 'sameMonthDayConsume': 200.0, 'sameMonthSupply': 20000, 'sameMonthCashConsume': 2000.0}}}
2020-09-09 08:57:21,963 - root - INFO : 提取变量: [ id: 104 ]
2020-09-09 08:57:21,963 - root - INFO : 提取变量: [ costMonth: 1601481600000 ]
2020-09-09 08:57:21,964 - root - INFO : 提取变量: [ subjectId: 489 ]
2020-09-09 08:57:21,964 - root - INFO : 提取变量: [ subjectName: 泰语 ]
2020-09-09 08:57:21,964 - root - INFO : 校验类型: [-status], 结果: [Passed], 预期: [0]
2020-09-09 08:57:21,964 - root - INFO : 校验类型: [-msg], 结果: [Passed], 预期: [success]
2020-09-09 08:57:21,964 - root - INFO :  = = =  = = =  = = =  = = =  = = =  = = =  = = =  = = = 分割线 = = =  = = =  = = =  = = =  = = =  = = =  = = =  = = = 
2020-09-09 08:57:21,964 - root - INFO : 正在执行Function: del_flow_cost_mgt
2020-09-09 08:57:21,964 - root - INFO : 描述信息: 【预算/流量成本管理/删除流量成本】
2020-09-09 08:57:21,964 - root - INFO : 请求地址: https://galaxy-api-fat.shiguangkey.com/api/galaxy/flow/cost/manage/delete
2020-09-09 08:57:21,965 - root - INFO : 请求方法: [- POST -]
2020-09-09 08:57:21,965 - root - INFO : 请求头部: {'content-type': 'application/x-www-form-urlencoded', 'token': '0x770f180712f125305fc402293ebd6d', 'x-dept-id-chain': '1001-8006-8007-8008-8009', 'user-agent': 'Mozilla/5.0 (Windows NT 10.0; Win64; x64) AppleWebKit/537.36 (KHTML, like Gecko) Chrome/80.0.3987.106 Safari/537.36', 'Connection': 'close', 'keep-alive': 'False'}
2020-09-09 08:57:21,965 - root - INFO : 请求正文: {'ids': '104,103'}
2020-09-09 08:57:22,145 - root - INFO : 响应消息: {'traceId': '486176bfeffa4ddc9389518c802e99cb', 'status': '0', 'msg': 'success', 'data': {}}
2020-09-09 08:57:22,146 - root - INFO : 校验类型: [-status], 结果: [Passed], 预期: [0]
2020-09-09 08:57:22,146 - root - INFO : 校验类型: [-msg], 结果: [Passed], 预期: [success]
2020-09-09 08:57:22,146 - root - INFO :  = = =  = = =  = = =  = = =  = = =  = = =  = = =  = = = 分割线 = = =  = = =  = = =  = = =  = = =  = = =  = = =  = = = 
