2020-10-09 10:53:28,591 - root - INFO : ************** 当前运行环境: Fat *************
2020-10-09 10:53:28,592 - root - INFO : 描述信息: 【潭州平台】获取登录用户 token
2020-10-09 10:53:28,592 - root - INFO : 请求地址: https://open-fat.shiguangkey.com/api/udb/workwechat/auth/login
2020-10-09 10:53:28,592 - root - INFO : 请求方法: [- POST -]
2020-10-09 10:53:28,592 - root - INFO : 请求头部: {'content-type': 'application/x-www-form-urlencoded', 'terminaltype': '4'}
2020-10-09 10:53:28,592 - root - INFO : 请求正文: {'account': 't0312814888', 'password': '4QrcOUm6Wau+VuBX8g+IPg'}
2020-10-09 10:53:28,834 - root - INFO : 响应消息: {'traceId': '67e7798ec19540638edd355f72b24376', 'status': '0', 'msg': 'success', 'data': {'user': {'uid': 19865505, 'mobile': '', 'account': '', 'nickname': '拥挤的鳐鱼', 'headImg': 'https://res.shiguangkey.com/res/images/default.png', 'openId': '', 'newRegister': False, 'needBindPhone': False, 'showAccountList': False}, 'token': '0x775fb60712f1fa187cc4589af1010a'}}
2020-10-09 10:53:28,835 - root - INFO : 提取变量: [ pttoken: 0x775fb60712f1fa187cc4589af1010a ]
2020-10-09 10:53:28,835 - root - INFO : 校验类型: [-status], 结果: [Passed], 预期: [0]
2020-10-09 10:53:28,835 - root - INFO : 校验类型: [-msg], 结果: [Passed], 预期: [success]
2020-10-09 10:53:28,835 - root - INFO :  = = =  = = =  = = =  = = =  = = =  = = =  = = =  = = = 分割线 = = =  = = =  = = =  = = =  = = =  = = =  = = =  = = = 
2020-10-09 10:53:29,068 - root - INFO : 凭证获取成功并写入 /common/config.txt 配置文件中
2020-10-09 10:53:29,068 - root - INFO : 描述信息: 【潭州平台】获取登录用户 token
2020-10-09 10:53:29,068 - root - INFO : 请求地址: https://open-fat.shiguangkey.com/api/udb/workwechat/auth/login
2020-10-09 10:53:29,068 - root - INFO : 请求方法: [- POST -]
2020-10-09 10:53:29,068 - root - INFO : 请求头部: {'content-type': 'application/x-www-form-urlencoded', 'terminaltype': '4'}
2020-10-09 10:53:29,068 - root - INFO : 请求正文: {'account': 't0384223793', 'password': '4QrcOUm6Wau+VuBX8g+IPg'}
2020-10-09 10:53:29,220 - root - INFO : 响应消息: {'traceId': '59e8250bb92a4d0cb3c0daa4c9d9a8ef', 'status': '0', 'msg': 'success', 'data': {'user': {'uid': 19862099, 'mobile': '', 'account': '', 'nickname': '日常的阿魏', 'headImg': 'https://res.shiguangkey.com/res/images/default.png', 'openId': '', 'newRegister': False, 'needBindPhone': False, 'showAccountList': False}, 'token': '0x77bac90712f12533b8b4fbbae9e2be'}}
2020-10-09 10:53:29,220 - root - INFO : 提取变量: [ pttoken: 0x77bac90712f12533b8b4fbbae9e2be ]
2020-10-09 10:53:29,220 - root - INFO : 校验类型: [-status], 结果: [Passed], 预期: [0]
2020-10-09 10:53:29,221 - root - INFO : 校验类型: [-msg], 结果: [Passed], 预期: [success]
2020-10-09 10:53:29,221 - root - INFO :  = = =  = = =  = = =  = = =  = = =  = = =  = = =  = = = 分割线 = = =  = = =  = = =  = = =  = = =  = = =  = = =  = = = 
2020-10-09 10:53:29,255 - root - INFO : 当前运行Case: test_chk_cost_apply
2020-10-09 10:53:29,256 - root - INFO : 描述信息: 【潭州平台】获取登录用户 token
2020-10-09 10:53:29,256 - root - INFO : 请求地址: https://open-fat.shiguangkey.com/api/udb/workwechat/auth/login
2020-10-09 10:53:29,256 - root - INFO : 请求方法: [- POST -]
2020-10-09 10:53:29,256 - root - INFO : 请求头部: {'content-type': 'application/x-www-form-urlencoded', 'terminaltype': '4'}
2020-10-09 10:53:29,256 - root - INFO : 请求正文: {'account': 't0385252771', 'password': '4QrcOUm6Wau+VuBX8g+IPg'}
2020-10-09 10:53:29,412 - root - INFO : 响应消息: {'traceId': '829ee2036c724b4fbe39fa1f6e49a15e', 'status': '0', 'msg': 'success', 'data': {'user': {'uid': 19861714, 'mobile': '', 'account': '', 'nickname': '精彩的鲀鱼', 'headImg': 'https://res.shiguangkey.com/res/images/default.png', 'openId': '', 'newRegister': False, 'needBindPhone': False, 'showAccountList': False}, 'token': '0x771dad0712f10d287b14e4c8e8b3a2'}}
2020-10-09 10:53:29,412 - root - INFO : 提取变量: [ pttoken: 0x771dad0712f10d287b14e4c8e8b3a2 ]
2020-10-09 10:53:29,413 - root - INFO : 校验类型: [-status], 结果: [Passed], 预期: [0]
2020-10-09 10:53:29,413 - root - INFO : 校验类型: [-msg], 结果: [Passed], 预期: [success]
2020-10-09 10:53:29,413 - root - INFO :  = = =  = = =  = = =  = = =  = = =  = = =  = = =  = = = 分割线 = = =  = = =  = = =  = = =  = = =  = = =  = = =  = = = 
2020-10-09 10:53:29,413 - root - INFO : 正在执行Function: add_flow_budget
2020-10-09 10:53:29,413 - root - INFO : 描述信息: 【海川/预算管理/流量预算】新增流量预算
2020-10-09 10:53:29,413 - root - INFO : 请求地址: https://ocean-fat.shiguangkey.com/api/stat/budget/traffic/add?organizationId=8009
2020-10-09 10:53:29,413 - root - INFO : 请求方法: [- POST -]
2020-10-09 10:53:29,413 - root - INFO : 请求头部: {'content-type': 'application/json', 'token': '0x771dad0712f10d287b14e4c8e8b3a2'}
2020-10-09 10:53:29,413 - root - INFO : 请求正文: {'id': '', 'costMonth': '2020-12-01', 'weekNum': 1, 'weekRange': '1-4', 'promotionerDeptId': 8009, 'subjectId': '514', 'putMode': 2, 'gatherType': 1, 'flowCost': '0.00', 'avgCardNum': 1, 'monthEntryNum': 1, 'monthUnCorrectNum': 1, 'monthCorrectNum': 1, 'visitorNum': 3, 'workDay': 1, 'stageCardNum': 3, 'flowExpenditure': 0, 'customerPrice': 1, 'conversionRate': 1, 'signUpNum': 3, 'performance': 3, 'roi': 0, 'applyRemark': '', 'subjectName': 'Solidworks', 'receiveDeptId': '', 'receiveDeptName': '', 'promotionerDeptName': '', 'subjectIdChain': '261-505-514', 'organizationId': 8009}
2020-10-09 10:53:29,816 - root - INFO : 响应消息: {'data': None, 'msg': '该条申请已存在', 'platform': 'ocean-stat-service', 'res': -99999, 'traceId': '064fe7f08e79a7bd'}
