2020-10-20 20:13:21,705 - root - INFO : 描述信息: 【广告/广告创意/微信流量】获取创意ID(工具使用)
2020-10-20 20:13:21,705 - root - INFO : 请求地址: https://galaxy-api-fat.shiguangkey.com/api/galaxy/creativity/pageList
2020-10-20 20:13:21,705 - root - INFO : 请求方法: [- POST -]
2020-10-20 20:13:21,705 - root - INFO : 请求头部: {'content-type': 'application/x-www-form-urlencoded', 'token': '0x77ffb30712f1fa16cc04677878f70c'}
2020-10-20 20:13:21,705 - root - INFO : 请求正文: {'id': '113997', 'isHide': 0, 'gatherType': 3, 'pageIndex': 1, 'pageSize': 20}
2020-10-20 20:13:21,919 - root - INFO : 响应消息: {'traceId': '78b7a611c8224b0b9b5e30c754cad76e', 'status': '0', 'msg': 'success', 'data': {'totalItem': 1, 'list': [{'id': 113997, 'oldCreativityId': 0, 'oldProgramId': 0, 'no': 'Wb1c634a60aae4d16b17d86e1931bace2', 'name': 'qiyeweixin', 'programName': 'createdata_cy', 'subjectName': 'Python', 'subjectId': 282, 'channelName': '知乎', 'channelId': 4, 'isImport': 0, 'position': None, 'keyword': None, 'areaId': None, 'areaName': None, 'creatorName': '自动化专用-勿动', 'createTime': 1603180073000, 'remark': None, 'isNeedCaptch': 0, 'state': 2, 'adMainId': None, 'channelAgencyAccountId': None, 'accountCode': None, 'adMainAccount': None, 'thirdUrl': None, 'allocInstType': 3, 'receiveDeptId': 8009, 'receiveDeptIdChain': '1001-8006-8007-8008-8009', 'isHide': 0, 'isTest': 0, 'creatorDeptId': 8009, 'vector': 'Jones', 'customerVectorValue': None, 'followerName': '精彩的鲀鱼', 'followerTanzkAccount': 't0385252771', 'putMode': 1, 'receptionistId': None, 'receptionistName': None, 'receptionistTanzkAccount': None, 'receptionistDeptId': None, 'receptionistDeptIdChain': None, 'creatorDeptIdChain': '1001-8006-8007-8008-8009', 'updateState': 1, 'type': 1, 'programId': 14200, 'promotionTerminal': 1, 'vectorType': 3, 'channelQrCode': 'https://wework.qpic.cn/wwpic/531132_wTwQzOo_SsK7XFi_1603180072/0', 'channelNumber': 624, 'companyWechatId': 35140, 'vectorId': 870, 'vectorName': 'Jones'}]}}
2020-10-20 20:13:21,920 - root - INFO : 提取变量: [ creativityId: 113997 ]
2020-10-20 20:13:21,921 - root - INFO : 提取变量: [ creativityNo: Wb1c634a60aae4d16b17d86e1931bace2 ]
2020-10-20 20:13:21,921 - root - INFO : 提取变量: [ vectorName: Jones ]
2020-10-20 20:13:21,921 - root - INFO : 提取变量: [ vectorId: 870 ]
2020-10-20 20:13:21,922 - root - INFO : 提取变量: [ vector: Jones ]
2020-10-20 20:13:21,922 - root - INFO : 提取变量: [ channelNumber: 624 ]
2020-10-20 20:13:21,922 - root - INFO : 提取变量: [ programName: createdata_cy ]
2020-10-20 20:13:21,923 - root - INFO : 提取变量: [ newName: qiyeweixin ]
2020-10-20 20:13:21,923 - root - INFO : 提取变量: [ position: None ]
2020-10-20 20:13:21,923 - root - INFO : 提取变量: [ remark: None ]
2020-10-20 20:13:21,924 - root - INFO : 校验类型: [-status], 结果: [Passed], 预期: [0]
2020-10-20 20:13:21,924 - root - INFO : 校验类型: [-msg], 结果: [Passed], 预期: [success]
2020-10-20 20:13:21,924 - root - INFO :  = = =  = = =  = = =  = = =  = = =  = = =  = = =  = = = 分割线 = = =  = = =  = = =  = = =  = = =  = = =  = = =  = = = 
2020-10-20 20:13:21,924 - root - INFO : 描述信息: 【工具/落地页工具/新建落地页/手动】生成二维码，保存(工具使用)
2020-10-20 20:13:21,924 - root - INFO : 请求地址: https://luban-api-fat.shiguangkey.com/website-edit-api/website/create_website
2020-10-20 20:13:21,924 - root - INFO : 请求方法: [- POST -]
2020-10-20 20:13:21,924 - root - INFO : 请求头部: {'content-type': 'application/json', 'token': '0x77ffb30712f1fa16cc04677878f70c'}
2020-10-20 20:13:21,924 - root - INFO : 请求正文: {'name': '落地页-62221603', 'goodsId': None, 'previewUrl': 'https://fat-huawei-media.shiguangkey.com/kfgggwadl35zu6j', 'isRecommendApp': False, 'submitType': 0, 'wechatReqs': [{'imageUrl': 'https://wework.qpic.cn/wwpic/960110_J5MXkoF2T4KA13J_1600930134/0', 'wechat': 'Jones', 'wechatChangeTime': 50, 'creativityId': '113997', 'creativityNo': 'Wb1c634a60aae4d16b17d86e1931bace2', 'limitClickNum': 100, 'isWehub': False, 'isCarrier': True, 'channelNumber': 584, 'carrierId': '870'}], 'isSmsVerify': 0, 'pageMode': 1, 'websiteType': 2, 'adCreateType': 1, 'websiteWechatType': 2, 'bgColor': '', 'bgImage': '', 'version': '2.3.0', 'compReqs': [{'compJson': '{"id":"kfgggj37c3bv3yc","type":15,"wechatList":[{"imageUrl":"https://wework.qpic.cn/wwpic/960110_J5MXkoF2T4KA13J_1600930134/0", "wechat":"Jones","wechatChangeTime":50,"creativityId":113997,"creativityNo":Wb1c634a60aae4d16b17d86e1931bace2, "creativityName":"自动化创意55615853","limitClickNum":100,"carrierName":"Abbey","isWehub":false,"isCarrier":true, "channelId":7,"channelNumber":371,"carrierId":296,"disabledCarrier":true,"disabled":false,"deleted":false}], "width":375,"height":375,"y":0}', 'fileIds': [], 'scene': 1, 'type': 15}]}
2020-10-20 20:13:22,181 - root - INFO : 响应消息: {'status': 0, 'msg': 'success', 'traceId': '2e8de8f23f544ea7a5ce6e4cca9ab9f0', 'data': {'code': '1318525720138752002', 'id': 9035}}
2020-10-20 20:13:22,181 - root - INFO : 提取变量: [ websiteId: 9035 ]
2020-10-20 20:13:22,181 - root - INFO : 校验类型: [-status], 结果: [Passed], 预期: [0]
2020-10-20 20:13:22,181 - root - INFO : 校验类型: [-msg], 结果: [Passed], 预期: [success]
2020-10-20 20:13:22,181 - root - INFO :  = = =  = = =  = = =  = = =  = = =  = = =  = = =  = = = 分割线 = = =  = = =  = = =  = = =  = = =  = = =  = = =  = = = 
2020-10-20 20:13:22,181 - root - INFO : 描述信息: 【工具/落地页工具/新建落地页/手动】发布落地页
2020-10-20 20:13:22,181 - root - INFO : 请求地址: https://luban-api-fat.shiguangkey.com/website-edit-api/website/publish_website
2020-10-20 20:13:22,181 - root - INFO : 请求方法: [- POST -]
2020-10-20 20:13:22,181 - root - INFO : 请求头部: {'content-type': 'application/json', 'token': '0x77ffb30712f1fa16cc04677878f70c'}
2020-10-20 20:13:22,181 - root - INFO : 请求正文: {'websiteId': '9035'}
2020-10-20 20:13:22,382 - root - INFO : 响应消息: {'status': 0, 'msg': '落地页发布成功', 'traceId': 'd0a0cce018e1483dbc5adf5f8814d584', 'data': None}
2020-10-20 20:13:22,382 - root - INFO : 校验类型: [-status], 结果: [Passed], 预期: [0]
2020-10-20 20:13:22,382 - root - INFO :  = = =  = = =  = = =  = = =  = = =  = = =  = = =  = = = 分割线 = = =  = = =  = = =  = = =  = = =  = = =  = = =  = = = 
2020-10-20 20:13:22,382 - root - INFO : 描述信息: 【工具/落地页工具/新建落地页/手动】生成链接
2020-10-20 20:13:22,382 - root - INFO : 请求地址: https://luban-api-fat.shiguangkey.com/website-edit-api/website_link/association_creativity
2020-10-20 20:13:22,382 - root - INFO : 请求方法: [- POST -]
2020-10-20 20:13:22,382 - root - INFO : 请求头部: {'content-type': 'application/json', 'token': '0x77ffb30712f1fa16cc04677878f70c'}
2020-10-20 20:13:22,382 - root - INFO : 请求正文: {'websiteId': '9035', 'title': 'kuaishou', 'accountId': None, 'releaseChannel': 8, 'putPlanNames': ['自动化落地页14722264'], 'domain': 'https://mz-fat.tanzhouedu.com'}
2020-10-20 20:13:22,589 - root - INFO : 响应消息: {'status': 0, 'msg': 'success', 'traceId': 'a79ccb7d0ac24820ad87b55e72c38fea', 'data': [{'putPlanName': '自动化落地页14722264', 'creativityCode': '0285ebdc7e576ac4'}]}
2020-10-20 20:13:22,590 - root - INFO : 提取变量: [ creativityCode: 0285ebdc7e576ac4 ]
2020-10-20 20:13:22,590 - root - INFO : 校验类型: [-status], 结果: [Passed], 预期: [0]
2020-10-20 20:13:22,590 - root - INFO : 校验类型: [-msg], 结果: [Passed], 预期: [success]
2020-10-20 20:13:22,590 - root - INFO :  = = =  = = =  = = =  = = =  = = =  = = =  = = =  = = = 分割线 = = =  = = =  = = =  = = =  = = =  = = =  = = =  = = = 
2020-10-20 20:13:22,590 - root - INFO : 描述信息: 【工具/落地页工具/落地页数据】落地页数据列表统计查询
2020-10-20 20:13:22,590 - root - INFO : 请求地址: https://luban-api-fat.shiguangkey.com/website-edit-api/website_link/list_creativity
2020-10-20 20:13:22,590 - root - INFO : 请求方法: [- POST -]
2020-10-20 20:13:22,590 - root - INFO : 请求头部: {'content-type': 'application/json', 'token': '0x77ffb30712f1fa16cc04677878f70c'}
2020-10-20 20:13:22,590 - root - INFO : 请求正文: {'websiteId': '9035', 'websiteCode': '', 'creativityCode': '', 'adNo': '', 'isTest': '', 'channelCode': '', 'subjectId': '', 'putMode': '', 'websiteName': '', 'submitStartTime': '2020-10-20 00:00:00', 'submitEndTime': '2020-10-20 23:59:59', 'pageNo': 1, 'pageSize': 10, 'websiteType': 2}
2020-10-20 20:13:23,195 - root - INFO : 响应消息: {'status': 0, 'msg': 'success', 'traceId': '87f2587c25514811b3c5cdc1a08480d0', 'data': {'totalPage': 1, 'rows': [{'websiteLinkId': 8457, 'websiteName': '落地页-62221603', 'previewUrl': 'https://fat-huawei-media.shiguangkey.com/kfgggwadl35zu6j', 'adNo': '', 'creativityId': 0, 'putPlanName': '自动化落地页14722264', 'websiteCode': '1318525720138752002', 'websiteId': 9035, 'promoter': '自动化专用-勿动', 'publishTime': '2020-10-20 20:13:24', 'updatedAt': 1603196003000, 'channel': None, 'subject': None, 'putMode': None, 'creativityCode': '0285ebdc7e576ac4', 'creativityStat': {'creativityCode': '0285ebdc7e576ac4', 'pageView': 0, 'uniqueVisitor': 0, 'conversionRate': 0, 'orderNum': 0, 'formSubmitNum': None, 'clickNum': 0, 'adultNum': 0, 'minorNum': 0, 'avgLoadTime': 0, 'downloadNum': 0, 'noCustomerGrown': None, 'noCustomerChild': None, 'cpc': None, 'noLeaningRepeatGrown': None, 'noLeaningRepeatChild': None, 'noLeaning': None}, 'websiteType': 2, 'transferType': 1, 'isTest': None, 'receiveDeptName': None, 'allocInstType': None, 'isDisable': 0, 'releaseChannel': 8, 'url': 'https://mz-fat.tanzhouedu.com?s=0285ebdc7e576ac4', 'customerNum': None, 'userId': 1737}], 'totalCount': 1, 'pageNo': 1, 'pageSize': 10, 'currentPageSize': 1}}
2020-10-20 20:13:23,195 - root - INFO : 提取变量: [ websiteLinkId: 8457 ]
2020-10-20 20:13:23,196 - root - INFO : 提取变量: [ url: https://mz-fat.tanzhouedu.com?s=0285ebdc7e576ac4 ]
2020-10-20 20:13:23,196 - root - INFO : 校验类型: [-status], 结果: [Passed], 预期: [0]
2020-10-20 20:13:23,196 - root - INFO : 校验类型: [-msg], 结果: [Passed], 预期: [success]
2020-10-20 20:13:23,196 - root - INFO :  = = =  = = =  = = =  = = =  = = =  = = =  = = =  = = = 分割线 = = =  = = =  = = =  = = =  = = =  = = =  = = =  = = = 
2020-10-20 20:13:23,236 - root - INFO : 描述信息: 【潭州平台】获取登录用户 token
2020-10-20 20:13:23,237 - root - INFO : 请求地址: https://open-fat.shiguangkey.com/api/udb/workwechat/auth/login
2020-10-20 20:13:23,237 - root - INFO : 请求方法: [- POST -]
2020-10-20 20:13:23,237 - root - INFO : 请求头部: {'content-type': 'application/x-www-form-urlencoded', 'terminaltype': '4'}
2020-10-20 20:13:23,237 - root - INFO : 请求正文: {'account': 't0384223793', 'password': '4QrcOUm6Wau+VuBX8g+IPg'}
2020-10-20 20:13:23,494 - root - INFO : 响应消息: {'traceId': '55b4f88bc6c145c49a0517147efa7d91', 'status': '0', 'msg': 'success', 'data': {'user': {'uid': 19862099, 'mobile': '', 'account': '', 'nickname': '日常的阿魏', 'headImg': 'https://res.shiguangkey.com/res/images/default.png', 'openId': '', 'newRegister': False, 'needBindPhone': False, 'showAccountList': False}, 'token': '0x779bb40712f12533ec342dd89847de'}}
2020-10-20 20:13:23,494 - root - INFO : 提取变量: [ pttoken: 0x779bb40712f12533ec342dd89847de ]
2020-10-20 20:13:23,494 - root - INFO : 校验类型: [-status], 结果: [Passed], 预期: [0]
2020-10-20 20:13:23,494 - root - INFO : 校验类型: [-msg], 结果: [Passed], 预期: [success]
2020-10-20 20:13:23,494 - root - INFO :  = = =  = = =  = = =  = = =  = = =  = = =  = = =  = = = 分割线 = = =  = = =  = = =  = = =  = = =  = = =  = = =  = = = 
2020-10-20 20:14:19,857 - root - INFO : 当前所在Class: Website || 类描述信息: None
2020-10-20 20:14:19,952 - root - INFO : 当前所在Class: Check || 类描述信息: None
2020-10-20 20:14:20,015 - root - INFO : 描述信息: 【银河/广告/广告创意】查询广告创意
2020-10-20 20:14:20,015 - root - INFO : 请求地址: https://galaxy-api-fat.shiguangkey.com/api/galaxy/creativity/pageList
2020-10-20 20:14:20,015 - root - INFO : 请求方法: [- POST -]
2020-10-20 20:14:20,015 - root - INFO : 请求头部: {'content-type': 'application/x-www-form-urlencoded', 'token': '0x779bb40712f12533ec342dd89847de'}
2020-10-20 20:14:20,015 - root - INFO : 请求正文: {'gatherType': 1, 'id': '113997', 'isHide': 0, 'pageIndex': 1, 'pageSize': 20}
2020-10-20 20:14:20,214 - root - INFO : 响应消息: {'traceId': 'd6bd3f5050174e0ea0129fe0313bfbeb', 'status': '0', 'msg': 'success', 'data': {'totalItem': 0, 'list': []}}
