2020-11-03 15:44:17,625 - root - INFO : 正在执行Function: program_inf_save
2020-11-03 15:44:17,626 - root - INFO : 描述信息: 【银河/广告/广告计划】新增广告计划
2020-11-03 15:44:17,626 - root - INFO : 请求地址: https://galaxy-api-fat.shiguangkey.com/api/galaxy/program/info/save
2020-11-03 15:44:17,626 - root - INFO : 请求方法: [- POST -]
2020-11-03 15:44:17,626 - root - INFO : 请求头部: {'content-type': 'application/json', 'token': '0x7774550712f1fa1b1d6403d835b3e1'}
2020-11-03 15:44:17,626 - root - INFO : 请求正文: {'channelId': 6, 'name': '自动化计划96825273', 'subjectId': '280', 'subjectName': 'Python', 'isTest': 0, 'putMode': 1, 'type': 1, 'gatherType': 1, 'allocInstType': 1, 'channelName': '微信'}
2020-11-03 15:44:17,911 - root - INFO : 响应消息: {'traceId': '5c154e72fba3423486c12518a2677d25', 'status': '0', 'msg': 'success', 'data': {}}
2020-11-03 15:44:17,911 - root - INFO : 正在执行Function: program_page_list
2020-11-03 15:44:17,911 - root - INFO : 描述信息: 【银河/广告/广告计划】查询广告计划
2020-11-03 15:44:17,911 - root - INFO : 请求地址: https://galaxy-api-fat.shiguangkey.com/api/galaxy/program/pageList
2020-11-03 15:44:17,911 - root - INFO : 请求方法: [- POST -]
2020-11-03 15:44:17,911 - root - INFO : 请求头部: {'content-type': 'application/x-www-form-urlencoded', 'token': '0x7774550712f1fa1b1d6403d835b3e1'}
2020-11-03 15:44:17,911 - root - INFO : 请求正文: {'name': '自动化计划96825273', 'isHide': 0, 'pageIndex': 1, 'pageSize': 20, 'gatherType': 1}
2020-11-03 15:44:18,230 - root - INFO : 响应消息: {'traceId': 'eca8b0c0ade64ebc8017c723328ae358', 'status': '0', 'msg': 'success', 'data': {'totalItem': 1, 'list': [{'id': 14945, 'oldProgramId': None, 'no': '1000001157855721', 'name': '自动化计划96825273', 'type': 1, 'programName': None, 'subjectName': 'Python', 'subjectId': 280, 'channelName': '微信', 'channelId': 6, 'isImport': None, 'position': None, 'keyword': None, 'areaId': None, 'areaName': None, 'remark': None, 'isNeedCaptch': None, 'state': None, 'adMainId': None, 'channelAgencyAccountId': None, 'accountCode': None, 'adMainAccount': None, 'thirdUrl': None, 'allocInstType': 1, 'receiveDeptId': None, 'receiveDeptIdChain': None, 'isHide': 0, 'isTest': 0, 'creatorDeptId': 8009, 'creatorName': '自动化专用-勿动', 'createTime': 1604389460000, 'putMode': 1, 'updateState': 1}]}}
2020-11-03 15:44:18,231 - root - INFO : 提取变量: [ channelId: 6 ]
2020-11-03 15:44:18,232 - root - INFO : 提取变量: [ putMode: 1 ]
2020-11-03 15:44:18,232 - root - INFO : 提取变量: [ adName: 自动化计划96825273 ]
2020-11-03 15:44:18,232 - root - INFO : 提取变量: [ adId: 14945 ]
2020-11-03 15:44:18,232 - root - INFO : 提取变量: [ type: 1 ]
2020-11-03 15:44:18,233 - root - INFO : 提取变量: [ subjectId: 280 ]
2020-11-03 15:44:18,233 - root - INFO : 正在执行Function: creativity_sav
2020-11-03 15:44:18,233 - root - INFO : 描述信息: 【银河/广告/广告计划】新建广告创意
2020-11-03 15:44:18,233 - root - INFO : 请求地址: https://galaxy-api-fat.shiguangkey.com/api/galaxy/creativity/save
2020-11-03 15:44:18,233 - root - INFO : 请求方法: [- POST -]
2020-11-03 15:44:18,233 - root - INFO : 请求头部: {'content-type': 'application/x-www-form-urlencoded', 'token': '0x7774550712f1fa1b1d6403d835b3e1'}
2020-11-03 15:44:18,233 - root - INFO : 请求正文: {'name': '自动化创意12398188', 'gatherType': 1, 'isNeedCaptch': 1, 'position': 1, 'type': '1', 'putMode': '1', 'channelId': '6', 'programId': '14945', 'programName': '自动化计划96825273'}
2020-11-03 15:44:18,561 - root - INFO : 响应消息: {'traceId': '1d2fdcafd6dd4732a1c999dbce9906de', 'status': '0', 'msg': 'success', 'data': {}}
2020-11-03 15:44:18,561 - root - INFO : 正在执行Function: creativity_page_list
2020-11-03 15:44:18,561 - root - INFO : 描述信息: 【银河/广告/广告创意】查询广告创意
2020-11-03 15:44:18,561 - root - INFO : 请求地址: https://galaxy-api-fat.shiguangkey.com/api/galaxy/creativity/pageList
2020-11-03 15:44:18,562 - root - INFO : 请求方法: [- POST -]
2020-11-03 15:44:18,562 - root - INFO : 请求头部: {'content-type': 'application/x-www-form-urlencoded', 'token': '0x7774550712f1fa1b1d6403d835b3e1'}
2020-11-03 15:44:18,562 - root - INFO : 请求正文: {'gatherType': 1, 'programId': '14945', 'isHide': 0, 'pageIndex': 1, 'pageSize': 20}
2020-11-03 15:44:18,911 - root - INFO : 响应消息: {'traceId': '11702f6d666743a987bcf0724fa42022', 'status': '0', 'msg': 'success', 'data': {'totalItem': 1, 'list': [{'id': 114655, 'oldCreativityId': None, 'oldProgramId': None, 'no': 'ad94ccab297a4114bd477960212270db', 'name': '自动化创意12398188', 'programName': '自动化计划96825273', 'subjectName': 'Python', 'subjectId': 280, 'channelName': '微信', 'channelId': 6, 'isImport': 0, 'position': '1', 'keyword': None, 'areaId': None, 'areaName': None, 'creatorName': '自动化专用-勿动', 'createTime': 1604389460000, 'remark': None, 'isNeedCaptch': 1, 'state': 2, 'adMainId': None, 'channelAgencyAccountId': None, 'accountCode': None, 'adMainAccount': None, 'thirdUrl': None, 'allocInstType': 1, 'receiveDeptId': None, 'receiveDeptIdChain': None, 'isHide': 0, 'isTest': 0, 'creatorDeptId': 8009, 'vector': None, 'customerVectorValue': None, 'followerName': None, 'followerTanzkAccount': None, 'putMode': 1, 'receptionistId': None, 'receptionistName': None, 'receptionistTanzkAccount': None, 'receptionistDeptId': None, 'receptionistDeptIdChain': None, 'creatorDeptIdChain': '1001-8006-8007-8008-8009', 'updateState': 1, 'type': 1, 'programId': 14945, 'promotionTerminal': 1, 'vectorType': None, 'channelQrCode': None, 'channelNumber': None, 'companyWechatId': None, 'vectorId': None, 'vectorName': None}]}}
2020-11-03 15:44:18,912 - root - INFO : 提取变量: [ creativityId: 114655 ]
2020-11-03 15:44:18,912 - root - INFO : 提取变量: [ creativityName: 自动化创意12398188 ]
2020-11-03 15:44:18,912 - root - INFO : 提取变量: [ creativityNo: ad94ccab297a4114bd477960212270db ]
