2020-10-24 14:20:29,414 - root - INFO : 描述信息: 【潭州平台】获取登录用户 token
2020-10-24 14:20:29,415 - root - INFO : 请求地址: https://open-fat.shiguangkey.com/api/udb/workwechat/auth/login
2020-10-24 14:20:29,415 - root - INFO : 请求方法: [- POST -]
2020-10-24 14:20:29,415 - root - INFO : 请求头部: {'content-type': 'application/x-www-form-urlencoded', 'terminaltype': '4'}
2020-10-24 14:20:29,415 - root - INFO : 请求正文: {'account': 't0383212689', 'password': '4QrcOUm6Wau+VuBX8g+IPg'}
2020-10-24 14:20:29,740 - root - INFO : 响应消息: {'traceId': '33b7fdaff99f4642a6be9b6fa591c165', 'status': '0', 'msg': 'success', 'data': {'user': {'uid': 19861712, 'mobile': '', 'account': '', 'nickname': '暖和的少女花', 'headImg': 'https://res.shiguangkey.com/res/images/default.png', 'openId': '', 'newRegister': False, 'needBindPhone': False, 'showAccountList': False}, 'token': '0x77d7930712f10d0485f435d96a5f1b'}}
2020-10-24 14:20:29,741 - root - INFO : 提取变量: [ pttoken: 0x77d7930712f10d0485f435d96a5f1b ]
2020-10-24 14:20:29,741 - root - INFO : 校验类型: [-status], 结果: [Passed], 预期: [0]
2020-10-24 14:20:29,741 - root - INFO : 校验类型: [-msg], 结果: [Passed], 预期: [success]
2020-10-24 14:20:29,741 - root - INFO :  = = =  = = =  = = =  = = =  = = =  = = =  = = =  = = = 分割线 = = =  = = =  = = =  = = =  = = =  = = =  = = =  = = = 
2020-10-24 14:20:49,288 - root - INFO : 正在执行Function: add_agent
2020-10-24 14:20:49,288 - root - INFO : 描述信息: 【银河/账户/代理商管理】新增代理商
2020-10-24 14:20:49,289 - root - INFO : 请求地址: https://galaxy-api-fat.shiguangkey.com/api/galaxy/channelAgency/save
2020-10-24 14:20:49,289 - root - INFO : 请求方法: [- POST -]
2020-10-24 14:20:49,289 - root - INFO : 请求头部: {'content-type': 'application/x-www-form-urlencoded', 'token': '0x77d7930712f10d0485f435d96a5f1b', 'terminaltype': '4'}
2020-10-24 14:20:49,289 - root - INFO : 请求正文: {'agencyShortName': '微信死', 'agencyName': '微信死', 'thirdAgencyCode': '6', 'channelId': '1565321513132', 'channelName': '微信'}
2020-10-24 14:20:49,593 - root - INFO : 响应消息: {'traceId': 'd8757d6e1ee6415d876a907d05839326', 'status': '0', 'msg': 'success', 'data': {}}
2020-10-24 14:20:49,593 - root - INFO : 校验类型: [-status], 结果: [Passed], 预期: [0]
2020-10-24 14:20:49,593 - root - INFO : 校验类型: [-msg], 结果: [Passed], 预期: [success]
2020-10-24 14:20:49,593 - root - INFO :  = = =  = = =  = = =  = = =  = = =  = = =  = = =  = = = 分割线 = = =  = = =  = = =  = = =  = = =  = = =  = = =  = = = 
2020-10-24 14:20:49,593 - root - INFO : 正在执行Function: qry_channel_agency
2020-10-24 14:20:49,594 - root - INFO : 描述信息: 【银河/账户/代理商管理】查询代理商
2020-10-24 14:20:49,594 - root - INFO : 请求地址: https://galaxy-api-fat.shiguangkey.com/api/galaxy/channelAgency/pageList
2020-10-24 14:20:49,594 - root - INFO : 请求方法: [- POST -]
2020-10-24 14:20:49,594 - root - INFO : 请求头部: {'content-type': 'application/x-www-form-urlencoded', 'token': '0x77d7930712f10d0485f435d96a5f1b', 'terminaltype': '4'}
2020-10-24 14:20:49,594 - root - INFO : 请求正文: {'pageIndex': 1, 'pageSize': 20, 'thirdAgencyCode': '6'}
2020-10-24 14:20:49,797 - root - INFO : 响应消息: {'traceId': '32568c80a1cd45c098da3bdcca7eca1a', 'status': '0', 'msg': 'success', 'data': {'totalItem': 4, 'list': [{'id': 130, 'agencyCode': 10000119, 'agencyName': '微信一', 'agencyShortName': '微信一', 'channelId': 562120124532, 'channelName': '微信', 'bank': '-1', 'bankAccount': '-1', 'state': 1, 'creatorId': 19861712, 'creatorName': '暖和的少女花', 'creatorDeptId': 8009, 'creatorDeptIdChain': '1001-8006-8007-8008-8009', 'createTime': 1603520167000, 'modifierId': None, 'modifierName': None, 'modifyTime': 1603520167000, 'isDelete': 0, 'thirdAgencyCode': '6', 'stateName': None, 'rebateNum': 0}, {'id': 131, 'agencyCode': 10000120, 'agencyName': '微信二', 'agencyShortName': '微信二', 'channelId': 15132154215, 'channelName': '微信', 'bank': '-1', 'bankAccount': '-1', 'state': 1, 'creatorId': 19861712, 'creatorName': '暖和的少女花', 'creatorDeptId': 8009, 'creatorDeptIdChain': '1001-8006-8007-8008-8009', 'createTime': 1603520317000, 'modifierId': None, 'modifierName': None, 'modifyTime': 1603520317000, 'isDelete': 0, 'thirdAgencyCode': '6', 'stateName': None, 'rebateNum': 0}, {'id': 132, 'agencyCode': 10000121, 'agencyName': '微信三', 'agencyShortName': '微信三', 'channelId': 154213152132, 'channelName': '微信', 'bank': '-1', 'bankAccount': '-1', 'state': 1, 'creatorId': 19861712, 'creatorName': '暖和的少女花', 'creatorDeptId': 8009, 'creatorDeptIdChain': '1001-8006-8007-8008-8009', 'createTime': 1603520360000, 'modifierId': None, 'modifierName': None, 'modifyTime': 1603520360000, 'isDelete': 0, 'thirdAgencyCode': '6', 'stateName': None, 'rebateNum': 0}, {'id': 133, 'agencyCode': 10000122, 'agencyName': '微信死', 'agencyShortName': '微信死', 'channelId': 1565321513132, 'channelName': '微信', 'bank': '-1', 'bankAccount': '-1', 'state': 1, 'creatorId': 19861712, 'creatorName': '暖和的少女花', 'creatorDeptId': 8009, 'creatorDeptIdChain': '1001-8006-8007-8008-8009', 'createTime': 1603520450000, 'modifierId': None, 'modifierName': None, 'modifyTime': 1603520450000, 'isDelete': 0, 'thirdAgencyCode': '6', 'stateName': None, 'rebateNum': 0}]}}
2020-10-24 14:20:49,798 - root - INFO : 提取变量: [ channelAgencyId: 130 ]
2020-10-24 14:20:49,798 - root - INFO : 提取变量: [ agencyCode: 10000119 ]
2020-10-24 14:20:49,799 - root - INFO : 提取变量: [ agencyName: 微信一 ]
2020-10-24 14:20:49,799 - root - INFO : 提取变量: [ agencyShortName: 微信一 ]
2020-10-24 14:20:49,800 - root - INFO : 提取变量: [ channelId: 562120124532 ]
2020-10-24 14:20:49,800 - root - INFO : 提取变量: [ thirdAgencyCode: 6 ]
2020-10-24 14:20:49,801 - root - INFO : 提取变量: [ rebateNum: 0 ]
2020-10-24 14:20:49,801 - root - INFO : 校验类型: [-status], 结果: [Passed], 预期: [0]
2020-10-24 14:20:49,801 - root - INFO : 校验类型: [-msg], 结果: [Passed], 预期: [success]
2020-10-24 14:20:49,801 - root - INFO :  = = =  = = =  = = =  = = =  = = =  = = =  = = =  = = = 分割线 = = =  = = =  = = =  = = =  = = =  = = =  = = =  = = = 
