2020-09-03 15:48:44,753 - root - INFO : 描述信息: 【潭州平台】获取登录用户 token
2020-09-03 15:48:44,754 - root - INFO : 请求地址: https://open-fat.shiguangkey.com/api/udb/workwechat/auth/login
2020-09-03 15:48:44,754 - root - INFO : 请求方法: [- POST -]
2020-09-03 15:48:44,754 - root - INFO : 请求头部: {'content-type': 'application/x-www-form-urlencoded', 'terminaltype': '4', 'user-agent': 'Mozilla/5.0 (Windows NT 10.0; Win64; x64) AppleWebKit/537.36 (KHTML, like Gecko) Chrome/80.0.3987.106 Safari/537.36', 'Connection': 'close', 'keep-alive': 'False'}
2020-09-03 15:48:44,754 - root - INFO : 请求正文: {'account': 't0384223793', 'password': '4QrcOUm6Wau+VuBX8g+IPg'}
2020-09-03 15:48:44,919 - root - INFO : 响应消息: {'traceId': 'c72f30efc719418c8c3813aa37cc1918', 'status': '0', 'msg': 'success', 'data': {'user': {'uid': 19862099, 'mobile': '', 'account': '', 'nickname': '日常的阿魏', 'headImg': 'https://res.shiguangkey.com/res/images/default.png', 'openId': '', 'newRegister': False, 'needBindPhone': False, 'showAccountList': False}, 'token': '0x77ac250712f1253c2ea4a3bb0d8de4'}}
2020-09-03 15:48:44,920 - root - INFO : 提取变量: [ pttoken: 0x77ac250712f1253c2ea4a3bb0d8de4 ]
2020-09-03 15:48:44,920 - root - INFO : 校验类型: [-status], 结果: [Passed], 预期: [0]
2020-09-03 15:48:44,920 - root - INFO : 校验类型: [-msg], 结果: [Passed], 预期: [success]
2020-09-03 15:48:44,920 - root - INFO :  = = =  = = =  = = =  = = =  = = =  = = =  = = =  = = = 分割线 = = =  = = =  = = =  = = =  = = =  = = =  = = =  = = = 
2020-09-03 15:48:44,927 - root - INFO : 描述信息: 【潭州平台】获取登录用户 token
2020-09-03 15:48:44,927 - root - INFO : 请求地址: https://open-fat.shiguangkey.com/api/udb/workwechat/auth/login
2020-09-03 15:48:44,927 - root - INFO : 请求方法: [- POST -]
2020-09-03 15:48:44,928 - root - INFO : 请求头部: {'content-type': 'application/x-www-form-urlencoded', 'terminaltype': '4', 'user-agent': 'Mozilla/5.0 (Windows NT 10.0; Win64; x64) AppleWebKit/537.36 (KHTML, like Gecko) Chrome/80.0.3987.106 Safari/537.36', 'Connection': 'close', 'keep-alive': 'False'}
2020-09-03 15:48:44,928 - root - INFO : 请求正文: {'account': 't0384223793', 'password': '4QrcOUm6Wau+VuBX8g+IPg'}
2020-09-03 15:48:45,078 - root - INFO : 响应消息: {'traceId': 'f65913af8da04a21a0a7d6dc254b2315', 'status': '0', 'msg': 'success', 'data': {'user': {'uid': 19862099, 'mobile': '', 'account': '', 'nickname': '日常的阿魏', 'headImg': 'https://res.shiguangkey.com/res/images/default.png', 'openId': '', 'newRegister': False, 'needBindPhone': False, 'showAccountList': False}, 'token': '0x77af250712f1253928648bb950e05d'}}
2020-09-03 15:48:45,078 - root - INFO : 提取变量: [ pttoken: 0x77af250712f1253928648bb950e05d ]
2020-09-03 15:48:45,078 - root - INFO : 校验类型: [-status], 结果: [Passed], 预期: [0]
2020-09-03 15:48:45,078 - root - INFO : 校验类型: [-msg], 结果: [Passed], 预期: [success]
2020-09-03 15:48:45,078 - root - INFO :  = = =  = = =  = = =  = = =  = = =  = = =  = = =  = = = 分割线 = = =  = = =  = = =  = = =  = = =  = = =  = = =  = = = 
2020-09-03 15:48:45,090 - root - INFO : 描述信息: 【潭州平台】获取登录用户 token
2020-09-03 15:48:45,091 - root - INFO : 请求地址: https://open-fat.shiguangkey.com/api/udb/workwechat/auth/login
2020-09-03 15:48:45,091 - root - INFO : 请求方法: [- POST -]
2020-09-03 15:48:45,091 - root - INFO : 请求头部: {'content-type': 'application/x-www-form-urlencoded', 'terminaltype': '4', 'user-agent': 'Mozilla/5.0 (Windows NT 10.0; Win64; x64) AppleWebKit/537.36 (KHTML, like Gecko) Chrome/80.0.3987.106 Safari/537.36', 'Connection': 'close', 'keep-alive': 'False'}
2020-09-03 15:48:45,091 - root - INFO : 请求正文: {'account': 't0384223793', 'password': '4QrcOUm6Wau+VuBX8g+IPg'}
2020-09-03 15:48:45,222 - root - INFO : 响应消息: {'traceId': 'cd05a93acdd648d9874dd16b155edb4b', 'status': '0', 'msg': 'success', 'data': {'user': {'uid': 19862099, 'mobile': '', 'account': '', 'nickname': '日常的阿魏', 'headImg': 'https://res.shiguangkey.com/res/images/default.png', 'openId': '', 'newRegister': False, 'needBindPhone': False, 'showAccountList': False}, 'token': '0x77d1b10712f1253fb5b4246853baa9'}}
2020-09-03 15:48:45,222 - root - INFO : 提取变量: [ pttoken: 0x77d1b10712f1253fb5b4246853baa9 ]
2020-09-03 15:48:45,222 - root - INFO : 校验类型: [-status], 结果: [Passed], 预期: [0]
2020-09-03 15:48:45,223 - root - INFO : 校验类型: [-msg], 结果: [Passed], 预期: [success]
2020-09-03 15:48:45,223 - root - INFO :  = = =  = = =  = = =  = = =  = = =  = = =  = = =  = = = 分割线 = = =  = = =  = = =  = = =  = = =  = = =  = = =  = = = 
2020-09-03 15:48:45,225 - root - INFO : 当前运行Case: test_del_flow_cost_mgt
2020-09-03 15:48:45,225 - root - INFO : 正在执行Function: test_del_flow_cost_mgt
2020-09-03 15:48:45,226 - root - INFO : 正在执行Function: flow_cost_mgt_save
2020-09-03 15:48:45,226 - root - INFO : 描述信息: 【预算/流量成本管理/新增流量成本】
2020-09-03 15:48:45,226 - root - INFO : 请求地址: https://galaxy-api-fat.shiguangkey.com/api/galaxy/flow/cost/manage/save
2020-09-03 15:48:45,226 - root - INFO : 请求方法: [- POST -]
2020-09-03 15:48:45,226 - root - INFO : 请求头部: {'content-type': 'application/x-www-form-urlencoded', 'token': '0x77d1b10712f1253fb5b4246853baa9', 'x-dept-id-chain': '1001-8006-8007-8008-8009', 'user-agent': 'Mozilla/5.0 (Windows NT 10.0; Win64; x64) AppleWebKit/537.36 (KHTML, like Gecko) Chrome/80.0.3987.106 Safari/537.36', 'Connection': 'close', 'keep-alive': 'False'}
2020-09-03 15:48:45,226 - root - INFO : 请求正文: {'costMonth': 1601481600000, 'promotionerDeptIdChain': '1001-8006-8007-8008-8009', 'subjectId': '373', 'channelId': 4, 'gatherType': 3, 'putMode': 1, 'lastMonthLaunchNumber': 10000, 'lastMonthCashConsume': 1000, 'lastMonthSupplyTotal': 10000, 'lastMonthCost': 100, 'lastMonthDayAverageSupply': 1600, 'sameMonthDayAverageSupply': 10000, 'sameMonthDayAverageIncrement': 100, 'sameMonthCost': 1000, 'sameMonthDayConsume': 100, 'sameMonthSupply': 10000, 'sameMonthCashConsume': 1000, 'promotionerDeptName': '潭州教育>自动化测试分公司--勿动>自动化测试群--勿动>自动化测试事业部>自动化测试院', 'subjectName': 'SEM', 'channelName': '知乎'}
2020-09-03 15:48:45,550 - root - INFO : 响应消息: {'traceId': '803c284b0bd04ffaa68134d1a40dc9db', 'status': '0', 'msg': 'success', 'data': {}}
2020-09-03 15:48:45,550 - root - INFO : 校验类型: [-status], 结果: [Passed], 预期: [0]
2020-09-03 15:48:45,550 - root - INFO : 校验类型: [-msg], 结果: [Passed], 预期: [success]
2020-09-03 15:48:45,550 - root - INFO :  = = =  = = =  = = =  = = =  = = =  = = =  = = =  = = = 分割线 = = =  = = =  = = =  = = =  = = =  = = =  = = =  = = = 
