2020-10-21 17:11:15,378 - root - INFO : 描述信息: 【潭州平台】获取登录用户 token
2020-10-21 17:11:15,378 - root - INFO : 请求地址: https://open-fat.shiguangkey.com/api/udb/workwechat/auth/login
2020-10-21 17:11:15,379 - root - INFO : 请求方法: [- POST -]
2020-10-21 17:11:15,379 - root - INFO : 请求头部: {'content-type': 'application/x-www-form-urlencoded', 'terminaltype': '4'}
2020-10-21 17:11:15,379 - root - INFO : 请求正文: {'account': 't0384223793', 'password': '4QrcOUm6Wau+VuBX8g+IPg'}
2020-10-21 17:11:15,631 - root - INFO : 响应消息: {'traceId': '6f334c1326304b50bc39aafc5d2b1c60', 'status': '0', 'msg': 'success', 'data': {'user': {'uid': 19862099, 'mobile': '', 'account': '', 'nickname': '日常的阿魏', 'headImg': 'https://res.shiguangkey.com/res/images/default.png', 'openId': '', 'newRegister': False, 'needBindPhone': False, 'showAccountList': False}, 'token': '0x77348a0712f12534bf945afb54bfca'}}
2020-10-21 17:11:15,632 - root - INFO : 提取变量: [ pttoken: 0x77348a0712f12534bf945afb54bfca ]
2020-10-21 17:11:15,632 - root - INFO : 校验类型: [-status], 结果: [Passed], 预期: [0]
2020-10-21 17:11:15,633 - root - INFO : 校验类型: [-msg], 结果: [Passed], 预期: [success]
2020-10-21 17:11:15,633 - root - INFO :  = = =  = = =  = = =  = = =  = = =  = = =  = = =  = = = 分割线 = = =  = = =  = = =  = = =  = = =  = = =  = = =  = = = 
2020-10-21 17:11:35,760 - root - INFO : 描述信息: 【潭州平台】获取登录用户 token
2020-10-21 17:11:35,760 - root - INFO : 请求地址: https://open-fat.shiguangkey.com/api/udb/workwechat/auth/login
2020-10-21 17:11:35,761 - root - INFO : 请求方法: [- POST -]
2020-10-21 17:11:35,761 - root - INFO : 请求头部: {'content-type': 'application/x-www-form-urlencoded', 'terminaltype': '4'}
2020-10-21 17:11:35,761 - root - INFO : 请求正文: {'account': 't0384223793', 'password': '4QrcOUm6Wau+VuBX8g+IPg'}
2020-10-21 17:11:35,923 - root - INFO : 响应消息: {'traceId': '00740942edfb489a84cf95eab75e1b3e', 'status': '0', 'msg': 'success', 'data': {'user': {'uid': 19862099, 'mobile': '', 'account': '', 'nickname': '日常的阿魏', 'headImg': 'https://res.shiguangkey.com/res/images/default.png', 'openId': '', 'newRegister': False, 'needBindPhone': False, 'showAccountList': False}, 'token': '0x7799c20712f1253bd79418c88fcc55'}}
2020-10-21 17:11:35,923 - root - INFO : 提取变量: [ pttoken: 0x7799c20712f1253bd79418c88fcc55 ]
2020-10-21 17:11:35,923 - root - INFO : 校验类型: [-status], 结果: [Passed], 预期: [0]
2020-10-21 17:11:35,923 - root - INFO : 校验类型: [-msg], 结果: [Passed], 预期: [success]
2020-10-21 17:11:35,923 - root - INFO :  = = =  = = =  = = =  = = =  = = =  = = =  = = =  = = = 分割线 = = =  = = =  = = =  = = =  = = =  = = =  = = =  = = = 
2020-10-21 17:11:35,923 - root - INFO : 正在执行Function: program_info_save
2020-10-21 17:11:35,923 - root - INFO : 描述信息: 【银河/广告/广告计划】新增广告计划
2020-10-21 17:11:35,923 - root - INFO : 请求地址: https://galaxy-api-fat.shiguangkey.com/api/galaxy/program/info/save
2020-10-21 17:11:35,923 - root - INFO : 请求方法: [- POST -]
2020-10-21 17:11:35,923 - root - INFO : 请求头部: {'content-type': 'application/json', 'token': '0x7799c20712f1253bd79418c88fcc55'}
2020-10-21 17:11:35,924 - root - INFO : 请求正文: {'channelId': 6, 'name': '自动化计划92323230', 'subjectId': '282', 'subjectName': 'Python', 'isTest': 0, 'putMode': 1, 'type': 1, 'gatherType': 3, 'allocInstType': 3, 'channelName': '微信'}
2020-10-21 17:11:36,254 - root - INFO : 响应消息: {'traceId': 'bd521153f1604e14a86b2d32f31948c2', 'status': '0', 'msg': 'success', 'data': {}}
2020-10-21 17:11:36,254 - root - INFO : 校验类型: [-status], 结果: [Passed], 预期: [0]
2020-10-21 17:11:36,254 - root - INFO : 校验类型: [-msg], 结果: [Passed], 预期: [success]
2020-10-21 17:11:36,254 - root - INFO :  = = =  = = =  = = =  = = =  = = =  = = =  = = =  = = = 分割线 = = =  = = =  = = =  = = =  = = =  = = =  = = =  = = = 
2020-10-21 17:11:36,254 - root - INFO : 正在执行Function: program_pageList
2020-10-21 17:11:36,254 - root - INFO : 描述信息: 【银河/广告/广告计划】查询广告计划
2020-10-21 17:11:36,254 - root - INFO : 请求地址: https://galaxy-api-fat.shiguangkey.com/api/galaxy/program/pageList
2020-10-21 17:11:36,254 - root - INFO : 请求方法: [- POST -]
2020-10-21 17:11:36,254 - root - INFO : 请求头部: {'content-type': 'application/x-www-form-urlencoded', 'token': '0x7799c20712f1253bd79418c88fcc55'}
2020-10-21 17:11:36,254 - root - INFO : 请求正文: {'name': '自动化计划92323230', 'isHide': 0, 'pageIndex': 1, 'pageSize': 20, 'gatherType': 3}
2020-10-21 17:11:36,712 - root - INFO : 响应消息: {'traceId': 'fad9020f16644401ac37ee46584ed0d4', 'status': '0', 'msg': 'success', 'data': {'totalItem': 1, 'list': [{'id': 14280, 'oldProgramId': None, 'no': 'W1000001220619573', 'name': '自动化计划92323230', 'type': 1, 'programName': None, 'subjectName': 'Python', 'subjectId': 282, 'channelName': '微信', 'channelId': 6, 'isImport': None, 'position': None, 'keyword': None, 'areaId': None, 'areaName': None, 'remark': None, 'isNeedCaptch': None, 'state': None, 'adMainId': None, 'channelAgencyAccountId': None, 'accountCode': None, 'adMainAccount': None, 'thirdUrl': None, 'allocInstType': 3, 'receiveDeptId': None, 'receiveDeptIdChain': None, 'isHide': 0, 'isTest': 0, 'creatorDeptId': 8009, 'creatorName': '日常的阿魏', 'createTime': 1603271497000, 'putMode': 1, 'updateState': 1}]}}
2020-10-21 17:11:36,712 - root - INFO : 提取变量: [ channelId: 6 ]
2020-10-21 17:11:36,713 - root - INFO : 提取变量: [ putMode: 1 ]
2020-10-21 17:11:36,713 - root - INFO : 提取变量: [ adName: 自动化计划92323230 ]
2020-10-21 17:11:36,713 - root - INFO : 提取变量: [ adId: 14280 ]
2020-10-21 17:11:36,713 - root - INFO : 提取变量: [ type: 1 ]
2020-10-21 17:11:36,713 - root - INFO : 校验类型: [-status], 结果: [Passed], 预期: [0]
2020-10-21 17:11:36,713 - root - INFO : 校验类型: [-msg], 结果: [Passed], 预期: [success]
2020-10-21 17:11:36,714 - root - INFO : 校验类型: [-in]  结果: [Passed]  预期: [name]
2020-10-21 17:11:36,714 - root - INFO :  = = =  = = =  = = =  = = =  = = =  = = =  = = =  = = = 分割线 = = =  = = =  = = =  = = =  = = =  = = =  = = =  = = = 
2020-10-21 17:11:36,714 - root - INFO : 描述信息: 查询企业微信载体信息
