2020-10-20 17:32:58,213 - root - INFO : 当前所在Class: Website || 类描述信息: None
2020-10-20 17:32:58,303 - root - INFO : 当前所在Class: Check || 类描述信息: None
2020-10-20 17:32:58,336 - root - INFO : 描述信息: 【银河/广告/广告创意】查询广告创意
2020-10-20 17:32:58,336 - root - INFO : 请求地址: https://galaxy-api-fat.shiguangkey.com/api/galaxy/creativity/pageList
2020-10-20 17:32:58,338 - root - INFO : 请求方法: [- POST -]
2020-10-20 17:32:58,338 - root - INFO : 请求头部: {'content-type': 'application/x-www-form-urlencoded', 'token': '0x7754d70712f1fa11f034ba5b927c67'}
2020-10-20 17:32:58,338 - root - INFO : 请求正文: {'gatherType': 1, 'id': '114001', 'isHide': 0, 'pageIndex': 1, 'pageSize': 20}
2020-10-20 17:32:58,628 - root - INFO : 响应消息: {'traceId': 'e0fdc1539e1e42b581266cee47d19bf7', 'status': '0', 'msg': 'success', 'data': {'totalItem': 1, 'list': [{'id': 114001, 'oldCreativityId': None, 'oldProgramId': None, 'no': 'a68445b86aa84f268889c019e471a85e', 'name': '自动化创意86197816', 'programName': '自动化计划58066256', 'subjectName': 'Python', 'subjectId': 282, 'channelName': '微信', 'channelId': 6, 'isImport': 0, 'position': '1', 'keyword': None, 'areaId': None, 'areaName': None, 'creatorName': '暖和的少女花', 'createTime': 1603185305000, 'remark': None, 'isNeedCaptch': 1, 'state': 2, 'adMainId': None, 'channelAgencyAccountId': None, 'accountCode': None, 'adMainAccount': None, 'thirdUrl': None, 'allocInstType': 1, 'receiveDeptId': None, 'receiveDeptIdChain': None, 'isHide': 0, 'isTest': 0, 'creatorDeptId': 8009, 'vector': None, 'customerVectorValue': None, 'followerName': None, 'followerTanzkAccount': None, 'putMode': 1, 'receptionistId': None, 'receptionistName': None, 'receptionistTanzkAccount': None, 'receptionistDeptId': None, 'receptionistDeptIdChain': None, 'creatorDeptIdChain': '1001-8006-8007-8008-8009', 'updateState': 0, 'type': 1, 'programId': 14210, 'promotionTerminal': 1, 'vectorType': None, 'channelQrCode': None, 'channelNumber': None, 'companyWechatId': None, 'vectorId': None, 'vectorName': None}]}}
2020-10-20 17:32:58,629 - root - INFO : 提取变量: [ creativityId: 114001 ]
2020-10-20 17:32:58,630 - root - INFO : 提取变量: [ creativityName: 自动化创意86197816 ]
2020-10-20 17:32:58,630 - root - INFO : 提取变量: [ creativityNo: a68445b86aa84f268889c019e471a85e ]
2020-10-20 17:32:58,631 - root - INFO : 提取变量: [ adName: 自动化计划58066256 ]
2020-10-20 17:32:58,631 - root - INFO : 校验类型: [-status], 结果: [Passed], 预期: [0]
2020-10-20 17:32:58,631 - root - INFO : 校验类型: [-msg], 结果: [Passed], 预期: [success]
2020-10-20 17:32:58,631 - root - INFO :  = = =  = = =  = = =  = = =  = = =  = = =  = = =  = = = 分割线 = = =  = = =  = = =  = = =  = = =  = = =  = = =  = = = 
2020-10-20 17:32:58,631 - root - INFO : 正在执行Function: landing_page_crt
2020-10-20 17:32:58,632 - root - INFO : 正在执行Function: create_website_pay
2020-10-20 17:32:58,632 - root - INFO : 描述信息: 【银河/工具/落地页工具】新建落地页-一键支付
2020-10-20 17:32:58,632 - root - INFO : 请求地址: https://luban-api-fat.shiguangkey.com/website-edit-api/website/create_website
2020-10-20 17:32:58,632 - root - INFO : 请求方法: [- POST -]
2020-10-20 17:32:58,633 - root - INFO : 请求头部: {'content-type': 'application/json', 'token': '0x7754d70712f1fa11f034ba5b927c67'}
2020-10-20 17:32:58,633 - root - INFO : 请求正文: {'name': '自动化落地页90155994', 'goodsId': '19041', 'previewUrl': 'https://fat-huawei-media.shiguangkey.com/kcmry3ec1go5l9l', 'isRecommendApp': False, 'submitType': 3, 'isSmsVerify': 1, 'websiteType': 1, 'adCreateType': 1, 'websiteWechatType': 1, 'bgColor': '', 'bgImage': '', 'version': '2.0.0', 'compReqs': [{'compJson': '{"id":"kcmrxf4afj4414j","type":19,"width":375,"height":70,"isFixed":true,"goodsName":"python公开课视频课","goodsId":416,"priceText":0.01,"priceOrigin":0.01,"priceTextColor":"#FF0363","priceTextSize":28,"tipText":"前100名活动限时价","tipTextColor":"#666666","tipTextSize":11,"buttonText":"立即购买","buttonTextColor":"#FFFFFF","buttonTextSize":18,"buttonBg":"#FF0363","isOneKey":true,"y":0}', 'fileIds': [], 'scene': 1, 'type': 19}, {'compJson': '{"id":"kcmrxf7pawt8u71","type":24,"width":375,"height":257,"goodsName":"python公开课视频课","goodsId":0,"goodsDesc":null,"goodsCover":"https://res.shiguangkey.com/file/201811/07/20181107094126190210027.png","priceText":0.01,"priceOrigin":0.01,"phoneNo":"130XXXXXXXX","payNo":"D000000000000000000","isPay":true,"y":0}', 'fileIds': [], 'scene': 2, 'type': 24}, {'compJson': '{"id":"kcmrxf7pltcazu2","type":13,"width":375,"height":136,"text":"上课须知\\n1.本产品为特价活动课程，一经购买，概不退款，请谅解；\\n2.课程购买成功后，老师会在24小时以内通过电话、微信或短信的方式联系您，请保持联系方式畅通。","fontSize":12,"fontWeight":"normal","fontStyle":"normal","textDecoration":"none","opacity":100,"textAlign":"left","letterSpacing":0,"lineHeight":2,"placeholder":"请输入文本内容","color":"#999999","y":257}', 'fileIds': [], 'scene': 2, 'type': 13}, {'compJson': '{"id":"kcmrxf7oqv0p0pw","type":3,"width":375,"height":176,"required":true,"value":"","title":"手机 (已加密)","placeholder":"请输入手机号码","unique":true,"validate":true,"layout":1,"phoneCodeType":0,"codeTextColor":"#FFFFFF","codeTextSize":15,"codeBgColor":"#1855FB","isAbroad":false,"y":0}', 'fileIds': [], 'scene': 3, 'type': 3}, {'compJson': '{"id":"kcmrxf7pxhahryk","type":24,"width":375,"height":218,"goodsName":"python公开课视频课","goodsId":0,"goodsDesc":null,"goodsCover":"https://res.shiguangkey.com/file/201811/07/20181107094126190210027.png","priceText":0.01,"priceOrigin":0.01,"phoneNo":"130XXXXXXXX","payNo":"D000000000000000000","y":176}', 'fileIds': [], 'scene': 3, 'type': 24}, {'compJson': '{"id":"kcmrxf7pwj33r33","type":23,"width":339,"height":71,"buttonHeight":45,"text":"确认支付 ￥0.01","textColor":"#FFFFFF","textSize":18,"borderColor":"#FF0363","borderWidth":2,"borderRadius":4,"bgColor":"#FF0363","isDownloadApp":false,"isFixed":true,"y":394}', 'fileIds': [], 'scene': 3, 'type': 23}]}
2020-10-20 17:32:59,053 - root - INFO : 响应消息: {'status': -1, 'msg': '程序异常', 'traceId': 'b59ad3c3589941a8b542b714a64257c3', 'data': None}
