2020-10-21 18:09:04,419 - root - INFO : 描述信息: 【潭州平台】获取登录用户 token
2020-10-21 18:09:04,419 - root - INFO : 请求地址: https://open-fat.shiguangkey.com/api/udb/workwechat/auth/login
2020-10-21 18:09:04,419 - root - INFO : 请求方法: [- POST -]
2020-10-21 18:09:04,419 - root - INFO : 请求头部: {'content-type': 'application/x-www-form-urlencoded', 'terminaltype': '4'}
2020-10-21 18:09:04,421 - root - INFO : 请求正文: {'account': 't0383212689', 'password': '4QrcOUm6Wau+VuBX8g+IPg'}
2020-10-21 18:09:04,641 - root - INFO : 响应消息: {'traceId': '5cbdf0f47e77434cb3f087345f5ab070', 'status': '0', 'msg': 'success', 'data': {'user': {'uid': 19861712, 'mobile': '', 'account': '', 'nickname': '暖和的少女花', 'headImg': 'https://res.shiguangkey.com/res/images/default.png', 'openId': '', 'newRegister': False, 'needBindPhone': False, 'showAccountList': False}, 'token': '0x7700ca0712f10d0c0644dd58739151'}}
2020-10-21 18:09:04,644 - root - INFO : 提取变量: [ pttoken: 0x7700ca0712f10d0c0644dd58739151 ]
2020-10-21 18:09:04,644 - root - INFO : 校验类型: [-status], 结果: [Passed], 预期: [0]
2020-10-21 18:09:04,644 - root - INFO : 校验类型: [-msg], 结果: [Passed], 预期: [success]
2020-10-21 18:09:04,645 - root - INFO :  = = =  = = =  = = =  = = =  = = =  = = =  = = =  = = = 分割线 = = =  = = =  = = =  = = =  = = =  = = =  = = =  = = = 
2020-10-21 18:09:18,214 - root - INFO : 当前所在Class: Website || 类描述信息: None
2020-10-21 18:09:18,323 - root - INFO : 当前所在Class: Check || 类描述信息: None
2020-10-21 18:09:18,387 - root - INFO : 描述信息: 查询企业微信载体信息
2020-10-21 18:09:18,387 - root - INFO : 请求地址: https://luban-api-fat.shiguangkey.com/website-edit-api/carrier/search
2020-10-21 18:09:18,388 - root - INFO : 请求方法: [- POST -]
2020-10-21 18:09:18,388 - root - INFO : 请求头部: {'content-type': 'application/json', 'token': '0x7700ca0712f10d0c0644dd58739151'}
2020-10-21 18:09:18,388 - root - INFO : 请求正文: {'carrierName': '别皱眉', 'type': 3}
2020-10-21 18:09:18,608 - root - INFO : 响应消息: {'status': 0, 'msg': 'success', 'traceId': '653ab51eb45a4718859f747ff7bbe9c8', 'data': [{'id': 552, 'carrierName': '别皱眉', 'carrierNo': '别皱眉', 'qrCodeUrl': 'https://open.work.weixin.qq.com/wwopen/userQRCode?vcode=vc42c79008dbbacc02', 'wwUserId': '17444'}]}
2020-10-21 18:09:18,608 - root - INFO : 提取变量: [ zt_id: 552 ]
2020-10-21 18:09:18,609 - root - INFO : 提取变量: [ carrierNo: 别皱眉 ]
2020-10-21 18:09:18,609 - root - INFO : 提取变量: [ carrierName: 别皱眉 ]
2020-10-21 18:09:18,609 - root - INFO : 校验类型: [-status], 结果: [Passed], 预期: [0]
2020-10-21 18:09:18,609 - root - INFO : 校验类型: [-msg], 结果: [Passed], 预期: [success]
2020-10-21 18:09:18,609 - root - INFO :  = = =  = = =  = = =  = = =  = = =  = = =  = = =  = = = 分割线 = = =  = = =  = = =  = = =  = = =  = = =  = = =  = = = 
2020-10-21 18:09:18,610 - root - INFO : 描述信息: 【工具/落地页工具/新建落地页/手动】生成二维码，保存(工具使用)
