2020-10-10 09:30:10,522 - root - INFO : ************** 当前运行环境: Fat *************
2020-10-10 09:30:10,522 - root - INFO : 描述信息: 【潭州平台】获取登录用户 token
2020-10-10 09:30:10,522 - root - INFO : 请求地址: https://open-fat.shiguangkey.com/api/udb/workwechat/auth/login
2020-10-10 09:30:10,522 - root - INFO : 请求方法: [- POST -]
2020-10-10 09:30:10,522 - root - INFO : 请求头部: {'content-type': 'application/x-www-form-urlencoded', 'terminaltype': '4'}
2020-10-10 09:30:10,523 - root - INFO : 请求正文: {'account': 't0312814888', 'password': '4QrcOUm6Wau+VuBX8g+IPg'}
2020-10-10 09:30:10,755 - root - INFO : 响应消息: {'traceId': '53052cb83aed4e1aab1b8e5631a9fb0c', 'status': '0', 'msg': 'success', 'data': {'user': {'uid': 19865505, 'mobile': '', 'account': '', 'nickname': '拥挤的鳐鱼', 'headImg': 'https://res.shiguangkey.com/res/images/default.png', 'openId': '', 'newRegister': False, 'needBindPhone': False, 'showAccountList': False}, 'token': '0x775bff0712f1fa1f1f246819104dad'}}
2020-10-10 09:30:10,756 - root - INFO : 提取变量: [ pttoken: 0x775bff0712f1fa1f1f246819104dad ]
2020-10-10 09:30:10,756 - root - INFO : 校验类型: [-status], 结果: [Passed], 预期: [0]
2020-10-10 09:30:10,756 - root - INFO : 校验类型: [-msg], 结果: [Passed], 预期: [success]
2020-10-10 09:30:10,756 - root - INFO :  = = =  = = =  = = =  = = =  = = =  = = =  = = =  = = = 分割线 = = =  = = =  = = =  = = =  = = =  = = =  = = =  = = = 
2020-10-10 09:30:10,950 - root - INFO : 凭证获取成功并写入 /common/config.txt 配置文件中
2020-10-10 09:30:10,950 - root - INFO : 描述信息: 【潭州平台】获取登录用户 token
2020-10-10 09:30:10,950 - root - INFO : 请求地址: https://open-fat.shiguangkey.com/api/udb/workwechat/auth/login
2020-10-10 09:30:10,950 - root - INFO : 请求方法: [- POST -]
2020-10-10 09:30:10,950 - root - INFO : 请求头部: {'content-type': 'application/x-www-form-urlencoded', 'terminaltype': '4'}
2020-10-10 09:30:10,950 - root - INFO : 请求正文: {'account': 't0384223793', 'password': '4QrcOUm6Wau+VuBX8g+IPg'}
2020-10-10 09:30:11,105 - root - INFO : 响应消息: {'traceId': 'd29fde6cf8164aeaa0b4d4470a7a72b6', 'status': '0', 'msg': 'success', 'data': {'user': {'uid': 19862099, 'mobile': '', 'account': '', 'nickname': '日常的阿魏', 'headImg': 'https://res.shiguangkey.com/res/images/default.png', 'openId': '', 'newRegister': False, 'needBindPhone': False, 'showAccountList': False}, 'token': '0x77bacb0712f1253da1549c4bd16502'}}
2020-10-10 09:30:11,105 - root - INFO : 提取变量: [ pttoken: 0x77bacb0712f1253da1549c4bd16502 ]
2020-10-10 09:30:11,105 - root - INFO : 校验类型: [-status], 结果: [Passed], 预期: [0]
2020-10-10 09:30:11,105 - root - INFO : 校验类型: [-msg], 结果: [Passed], 预期: [success]
2020-10-10 09:30:11,105 - root - INFO :  = = =  = = =  = = =  = = =  = = =  = = =  = = =  = = = 分割线 = = =  = = =  = = =  = = =  = = =  = = =  = = =  = = = 
2020-10-10 09:30:11,135 - root - INFO : 当前运行Case: test_chk_cost_apply_batch_pass
2020-10-10 09:30:11,136 - root - INFO : 描述信息: 【潭州平台】获取登录用户 token
2020-10-10 09:30:11,136 - root - INFO : 请求地址: https://open-fat.shiguangkey.com/api/udb/workwechat/auth/login
2020-10-10 09:30:11,136 - root - INFO : 请求方法: [- POST -]
2020-10-10 09:30:11,136 - root - INFO : 请求头部: {'content-type': 'application/x-www-form-urlencoded', 'terminaltype': '4'}
2020-10-10 09:30:11,136 - root - INFO : 请求正文: {'account': 't0385252771', 'password': '4QrcOUm6Wau+VuBX8g+IPg'}
2020-10-10 09:30:11,281 - root - INFO : 响应消息: {'traceId': '5adb987998c44b37996bf86df93275ab', 'status': '0', 'msg': 'success', 'data': {'user': {'uid': 19861714, 'mobile': '', 'account': '', 'nickname': '精彩的鲀鱼', 'headImg': 'https://res.shiguangkey.com/res/images/default.png', 'openId': '', 'newRegister': False, 'needBindPhone': False, 'showAccountList': False}, 'token': '0x77677a0712f10d267cf4fefb55fe02'}}
2020-10-10 09:30:11,281 - root - INFO : 提取变量: [ pttoken: 0x77677a0712f10d267cf4fefb55fe02 ]
2020-10-10 09:30:11,281 - root - INFO : 校验类型: [-status], 结果: [Passed], 预期: [0]
2020-10-10 09:30:11,281 - root - INFO : 校验类型: [-msg], 结果: [Passed], 预期: [success]
2020-10-10 09:30:11,281 - root - INFO :  = = =  = = =  = = =  = = =  = = =  = = =  = = =  = = = 分割线 = = =  = = =  = = =  = = =  = = =  = = =  = = =  = = = 
2020-10-10 09:30:11,281 - root - INFO : 正在执行Function: add_flow_budget
2020-10-10 09:30:11,281 - root - INFO : 描述信息: 【海川/预算管理/流量预算】新增流量预算
2020-10-10 09:30:11,281 - root - INFO : 请求地址: https://ocean-fat.shiguangkey.com/api/stat/budget/traffic/add?organizationId=8009
2020-10-10 09:30:11,281 - root - INFO : 请求方法: [- POST -]
2020-10-10 09:30:11,281 - root - INFO : 请求头部: {'content-type': 'application/json', 'token': '0x77677a0712f10d267cf4fefb55fe02'}
2020-10-10 09:30:11,282 - root - INFO : 请求正文: {'id': '', 'costMonth': '2020-12-01', 'weekNum': 1, 'weekRange': '1-4', 'promotionerDeptId': 8009, 'subjectId': '925', 'putMode': 2, 'gatherType': 2, 'flowCost': '0.00', 'avgCardNum': 1, 'monthEntryNum': 1, 'monthUnCorrectNum': 1, 'monthCorrectNum': 1, 'visitorNum': 3, 'workDay': 1, 'stageCardNum': 3, 'flowExpenditure': 0, 'customerPrice': 1, 'conversionRate': 1, 'signUpNum': 3, 'performance': 3, 'roi': 0, 'applyRemark': '', 'subjectName': 'DEMO', 'receiveDeptId': '', 'receiveDeptName': '', 'promotionerDeptName': '', 'subjectIdChain': '261-505-925', 'organizationId': 8009}
2020-10-10 09:30:11,675 - root - INFO : 响应消息: {'data': None, 'msg': None, 'platform': None, 'res': 100, 'traceId': 'a6459718c09394b4'}
2020-10-10 09:30:11,676 - root - INFO : 校验类型: [-res], 结果: [Passed], 预期: [100]
2020-10-10 09:30:11,676 - root - INFO : 校验类型: [-msg], 结果: [Passed], 预期: [None]
2020-10-10 09:30:11,676 - root - INFO :  = = =  = = =  = = =  = = =  = = =  = = =  = = =  = = = 分割线 = = =  = = =  = = =  = = =  = = =  = = =  = = =  = = = 
2020-10-10 09:30:11,676 - root - INFO : 正在执行Function: add_flow_budget
2020-10-10 09:30:11,676 - root - INFO : 描述信息: 【海川/预算管理/流量预算】新增流量预算
2020-10-10 09:30:11,676 - root - INFO : 请求地址: https://ocean-fat.shiguangkey.com/api/stat/budget/traffic/add?organizationId=8009
2020-10-10 09:30:11,676 - root - INFO : 请求方法: [- POST -]
2020-10-10 09:30:11,676 - root - INFO : 请求头部: {'content-type': 'application/json', 'token': '0x778ba20712f1fa17a8e492c98d887c'}
2020-10-10 09:30:11,676 - root - INFO : 请求正文: {'id': '', 'costMonth': '2020-12-01', 'weekNum': 1, 'weekRange': '1-4', 'promotionerDeptId': 8009, 'subjectId': '925', 'putMode': 3, 'gatherType': 2, 'flowCost': '0.00', 'avgCardNum': 1, 'monthEntryNum': 1, 'monthUnCorrectNum': 1, 'monthCorrectNum': 1, 'visitorNum': 3, 'workDay': 1, 'stageCardNum': 3, 'flowExpenditure': 0, 'customerPrice': 1, 'conversionRate': 1, 'signUpNum': 3, 'performance': 3, 'roi': 0, 'applyRemark': '', 'subjectName': 'DEMO', 'receiveDeptId': '', 'receiveDeptName': '', 'promotionerDeptName': '', 'subjectIdChain': '261-505-925', 'organizationId': 8009}
