2020-10-21 18:56:26,666 - root - INFO : 描述信息: 【潭州平台】获取登录用户 token
2020-10-21 18:56:26,666 - root - INFO : 请求地址: https://open-fat.shiguangkey.com/api/udb/workwechat/auth/login
2020-10-21 18:56:26,666 - root - INFO : 请求方法: [- POST -]
2020-10-21 18:56:26,666 - root - INFO : 请求头部: {'content-type': 'application/x-www-form-urlencoded', 'terminaltype': '4'}
2020-10-21 18:56:26,666 - root - INFO : 请求正文: {'account': 't0383212689', 'password': '4QrcOUm6Wau+VuBX8g+IPg'}
2020-10-21 18:56:26,962 - root - INFO : 响应消息: {'traceId': 'ceb9551cffe149c59ed2a903c8539b92', 'status': '0', 'msg': 'success', 'data': {'user': {'uid': 19861712, 'mobile': '', 'account': '', 'nickname': '暖和的少女花', 'headImg': 'https://res.shiguangkey.com/res/images/default.png', 'openId': '', 'newRegister': False, 'needBindPhone': False, 'showAccountList': False}, 'token': '0x77a09b0712f10d0d145409189990af'}}
2020-10-21 18:56:26,963 - root - INFO : 提取变量: [ pttoken: 0x77a09b0712f10d0d145409189990af ]
2020-10-21 18:56:26,963 - root - INFO : 校验类型: [-status], 结果: [Passed], 预期: [0]
2020-10-21 18:56:26,963 - root - INFO : 校验类型: [-msg], 结果: [Passed], 预期: [success]
2020-10-21 18:56:26,964 - root - INFO :  = = =  = = =  = = =  = = =  = = =  = = =  = = =  = = = 分割线 = = =  = = =  = = =  = = =  = = =  = = =  = = =  = = = 
2020-10-21 18:57:34,923 - root - INFO : 描述信息: 【银河/广告/广告创意】录入单个消费记录
2020-10-21 18:57:34,924 - root - INFO : 请求地址: https://galaxy-api-fat.shiguangkey.com/api/galaxy/grgz/cost/save
2020-10-21 18:57:34,924 - root - INFO : 请求方法: [- POST -]
2020-10-21 18:57:34,924 - root - INFO : 请求头部: {'content-type': 'application/json', 'token': '0x77a09b0712f10d0d145409189990af'}
2020-10-21 18:57:34,924 - root - INFO : 请求正文: {'noExposure': 100, 'noClicks': 100, 'cost': 10000, 'rebates': 1, 'costDate': '1603209600000', 'creativityId': '114070'}
2020-10-21 18:57:35,178 - root - INFO : 响应消息: {'traceId': '83d3557833c74c4abfcaf404f157ae82', 'status': '0', 'msg': 'success', 'data': {}}
2020-10-21 18:57:35,179 - root - INFO : 校验类型: [-status], 结果: [Passed], 预期: [0]
2020-10-21 18:57:35,179 - root - INFO : 校验类型: [-msg], 结果: [Passed], 预期: [success]
2020-10-21 18:57:35,179 - root - INFO :  = = =  = = =  = = =  = = =  = = =  = = =  = = =  = = = 分割线 = = =  = = =  = = =  = = =  = = =  = = =  = = =  = = = 
2020-10-21 18:58:50,841 - root - INFO : 当前所在Class: Website || 类描述信息: None
2020-10-21 18:58:50,943 - root - INFO : 当前所在Class: Check || 类描述信息: None
2020-10-21 18:58:51,011 - root - INFO : 当前所在Class: Check || 类描述信息: None
2020-10-21 18:58:51,040 - root - INFO : 描述信息: 查询企业微信载体信息
2020-10-21 18:58:51,040 - root - INFO : 请求地址: https://luban-api-fat.shiguangkey.com/website-edit-api/carrier/search
2020-10-21 18:58:51,041 - root - INFO : 请求方法: [- POST -]
2020-10-21 18:58:51,041 - root - INFO : 请求头部: {'content-type': 'application/json', 'token': '0x77a09b0712f10d0d145409189990af'}
2020-10-21 18:58:51,041 - root - INFO : 请求正文: {'carrierName': '别皱眉', 'type': 3}
2020-10-21 18:58:51,279 - root - INFO : 响应消息: {'status': 0, 'msg': 'success', 'traceId': '57ec00ebacc8470aa798acb6e7242c22', 'data': [{'id': 552, 'carrierName': '别皱眉', 'carrierNo': '别皱眉', 'qrCodeUrl': 'https://open.work.weixin.qq.com/wwopen/userQRCode?vcode=vc42c79008dbbacc02', 'wwUserId': '17444'}]}
2020-10-21 18:58:51,279 - root - INFO : 提取变量: [ vectorId: 552 ]
2020-10-21 18:58:51,280 - root - INFO : 提取变量: [ carrierNo: 别皱眉 ]
2020-10-21 18:58:51,280 - root - INFO : 提取变量: [ vector: 别皱眉 ]
2020-10-21 18:58:51,280 - root - INFO : 校验类型: [-status], 结果: [Passed], 预期: [0]
2020-10-21 18:58:51,280 - root - INFO : 校验类型: [-msg], 结果: [Passed], 预期: [success]
2020-10-21 18:58:51,281 - root - INFO :  = = =  = = =  = = =  = = =  = = =  = = =  = = =  = = = 分割线 = = =  = = =  = = =  = = =  = = =  = = =  = = =  = = = 
2020-10-21 18:58:51,342 - root - INFO : 描述信息: 【工具/落地页工具/新建落地页/手动】生成二维码，保存(工具使用)
2020-10-21 18:58:51,342 - root - INFO : 请求地址: https://luban-api-fat.shiguangkey.com/website-edit-api/website/create_website
2020-10-21 18:58:51,342 - root - INFO : 请求方法: [- POST -]
2020-10-21 18:58:51,343 - root - INFO : 请求头部: {'content-type': 'application/json', 'token': '0x77a09b0712f10d0d145409189990af'}
2020-10-21 18:58:51,343 - root - INFO : 请求正文: {'name': '自动化落地页68168476', 'goodsId': None, 'previewUrl': 'https://fat-huawei-media.shiguangkey.com/kgj83rvewqrs6j6', 'isRecommendApp': False, 'submitType': 0, 'wechatReqs': [{'imageUrl': 'https://wework.qpic.cn/wwpic/825733_CZSQHUg-SMCv0u5_1603273871/0', 'wechat': '别皱眉', 'wechatChangeTime': 50, 'creativityId': 0, 'creativityNo': '', 'limitClickNum': 100, 'isWehub': False, 'isCarrier': True, 'carrierId': '552', 'channelNumber': 630}], 'isSmsVerify': 0, 'pageMode': 1, 'websiteType': 2, 'adCreateType': 2, 'websiteWechatType': 2, 'bgColor': '', 'bgImage': '', 'version': '2.5.0', 'compReqs': [{'compJson': '{"id":"kgj7urhze978pok","type":15,"wechatList":[{"imageUrl":"https://wework.qpic.cn/wwpic/825733_CZSQHUg-SMCv0u5_1603273871/0","wechat":"别皱眉","wechatChangeTime":50,"creativityId":0,"creativityNo":"","creativityName":"","limitClickNum":100,"carrierName":"别皱眉","isWehub":false,"isCarrier":true,"channelId":"","carrierId":552,"channelNumber":630,"disabled":false,"deleted":false}],"width":375,"height":160,"backgroundType":2,"background":"","codeWidth":120,"codeLeft":50,"codeTop":50,"y":0}', 'fileIds': [], 'scene': 1, 'type': 15}]}
2020-10-21 18:58:51,539 - root - INFO : 响应消息: {'status': 0, 'msg': 'success', 'traceId': '5cc2ae08081c468994d4e05ec5288997', 'data': {'code': '1318869356248440833', 'id': 9120}}
2020-10-21 18:58:51,540 - root - INFO : 提取变量: [ websiteId: 9120 ]
2020-10-21 18:58:51,540 - root - INFO : 校验类型: [-status], 结果: [Passed], 预期: [0]
2020-10-21 18:58:51,541 - root - INFO : 校验类型: [-msg], 结果: [Passed], 预期: [success]
2020-10-21 18:58:51,541 - root - INFO :  = = =  = = =  = = =  = = =  = = =  = = =  = = =  = = = 分割线 = = =  = = =  = = =  = = =  = = =  = = =  = = =  = = = 
2020-10-21 18:58:51,541 - root - INFO : 描述信息: 【工具/落地页工具/新建落地页/手动】发布落地页
2020-10-21 18:58:51,541 - root - INFO : 请求地址: https://luban-api-fat.shiguangkey.com/website-edit-api/website/publish_website
2020-10-21 18:58:51,541 - root - INFO : 请求方法: [- POST -]
2020-10-21 18:58:51,541 - root - INFO : 请求头部: {'content-type': 'application/json', 'token': '0x77a09b0712f10d0d145409189990af'}
2020-10-21 18:58:51,541 - root - INFO : 请求正文: {'websiteId': '9120'}
2020-10-21 18:58:51,727 - root - INFO : 响应消息: {'status': 0, 'msg': '落地页发布成功', 'traceId': 'cea9e5ba4ff04130b221b9e358830d9a', 'data': None}
2020-10-21 18:58:51,728 - root - INFO : 校验类型: [-status], 结果: [Passed], 预期: [0]
2020-10-21 18:58:51,728 - root - INFO :  = = =  = = =  = = =  = = =  = = =  = = =  = = =  = = = 分割线 = = =  = = =  = = =  = = =  = = =  = = =  = = =  = = = 
2020-10-21 18:58:51,729 - root - INFO : 描述信息: 【工具/落地页工具/新建落地页/手动】生成链接
2020-10-21 18:58:51,729 - root - INFO : 请求地址: https://luban-api-fat.shiguangkey.com/website-edit-api/website_link/association_creativity
2020-10-21 18:58:51,729 - root - INFO : 请求方法: [- POST -]
2020-10-21 18:58:51,729 - root - INFO : 请求头部: {'content-type': 'application/json', 'token': '0x77a09b0712f10d0d145409189990af'}
2020-10-21 18:58:51,729 - root - INFO : 请求正文: {'websiteId': '9120', 'title': 'kuaishou', 'accountId': 'wx359bdedd5d18907a', 'releaseChannel': 3, 'putPlanNames': ['自动化落地页68168476'], 'domain': 'https://mz-fat.tanzhouedu.com', 'subjectId': 280, 'websiteLinkFollowReq': {'gatherType': 3, 'isTest': 0, 'receiveDeptIdChain': '', 'receiveDeptName': '', 'allocInstType': 3, 'putMode': 1}, 'channelId': 6, 'subject': 'PHP'}
2020-10-21 18:58:51,944 - root - INFO : 响应消息: {'status': 0, 'msg': 'success', 'traceId': '820886d400c04377a1101570c91905a2', 'data': [{'putPlanName': None, 'creativityCode': '095949517d5c3ff9'}]}
2020-10-21 18:58:51,944 - root - INFO : 提取变量: [ creativityCode: 095949517d5c3ff9 ]
2020-10-21 18:58:51,944 - root - INFO : 校验类型: [-status], 结果: [Passed], 预期: [0]
2020-10-21 18:58:51,944 - root - INFO : 校验类型: [-msg], 结果: [Passed], 预期: [success]
2020-10-21 18:58:51,945 - root - INFO :  = = =  = = =  = = =  = = =  = = =  = = =  = = =  = = = 分割线 = = =  = = =  = = =  = = =  = = =  = = =  = = =  = = = 
2020-10-21 18:58:51,945 - root - INFO : 正在执行Function: list_landing_page
2020-10-21 18:58:51,945 - root - INFO : 描述信息: 【银河/工具/落地页工具】落地页数据查询
2020-10-21 18:58:51,946 - root - INFO : 请求地址: https://luban-api-fat.shiguangkey.com/website-edit-api/website_link/list_creativity
2020-10-21 18:58:51,946 - root - INFO : 请求方法: [- POST -]
2020-10-21 18:58:51,946 - root - INFO : 请求头部: {'content-type': 'application/json', 'token': '0x77a09b0712f10d0d145409189990af'}
2020-10-21 18:58:51,946 - root - INFO : 请求正文: {'websiteCode': '', 'creativityCode': '', 'adNo': '', 'isTest': '', 'channelCode': '', 'subjectId': '', 'putMode': '', 'websiteName': '自动化落地页68168476', 'submitStartTime': '2020-10-21 00:00:00', 'submitEndTime': '2020-10-21 23:59:59', 'pageNo': 1, 'pageSize': 10, 'websiteType': 2}
2020-10-21 18:58:52,624 - root - INFO : 响应消息: {'status': 0, 'msg': 'success', 'traceId': 'e3e81197340047538511833b153fd2cf', 'data': {'totalPage': 1, 'rows': [{'websiteLinkId': 8526, 'websiteName': '自动化落地页68168476', 'previewUrl': 'https://fat-huawei-media.shiguangkey.com/kgj83rvewqrs6j6', 'adNo': '', 'creativityId': 0, 'putPlanName': '自动化落地页68168476', 'websiteCode': '1318869356248440833', 'websiteId': 9120, 'promoter': '暖和的少女花', 'publishTime': '2020-10-21 18:58:53', 'updatedAt': 1603277933000, 'channel': None, 'subject': 'PHP', 'putMode': 1, 'creativityCode': '095949517d5c3ff9', 'creativityStat': {'creativityCode': '095949517d5c3ff9', 'pageView': 0, 'uniqueVisitor': 0, 'conversionRate': 0, 'orderNum': 0, 'formSubmitNum': None, 'clickNum': 0, 'adultNum': 0, 'minorNum': 0, 'avgLoadTime': 0, 'downloadNum': 0, 'noCustomerGrown': None, 'noCustomerChild': None, 'cpc': None, 'noLeaningRepeatGrown': None, 'noLeaningRepeatChild': None, 'noLeaning': None}, 'websiteType': 2, 'transferType': 1, 'isTest': 0, 'receiveDeptName': '', 'allocInstType': 3, 'isDisable': 0, 'releaseChannel': 3, 'url': 'https://mz-fat.tanzhouedu.com?s=095949517d5c3ff9', 'customerNum': None, 'userId': 637}], 'totalCount': 1, 'pageNo': 1, 'pageSize': 10, 'currentPageSize': 1}}
2020-10-21 18:58:52,625 - root - INFO : 提取变量: [ adNo:  ]
2020-10-21 18:58:52,626 - root - INFO : 提取变量: [ websiteCode: 1318869356248440833 ]
2020-10-21 18:58:52,626 - root - INFO : 提取变量: [ websiteLinkId: 8526 ]
2020-10-21 18:58:52,627 - root - INFO : 提取变量: [ url: https://mz-fat.tanzhouedu.com?s=095949517d5c3ff9 ]
2020-10-21 18:58:52,627 - root - INFO : 校验类型: [-status], 结果: [Passed], 预期: [0]
2020-10-21 18:58:52,627 - root - INFO : 校验类型: [-msg], 结果: [Passed], 预期: [success]
2020-10-21 18:58:52,627 - root - INFO :  = = =  = = =  = = =  = = =  = = =  = = =  = = =  = = = 分割线 = = =  = = =  = = =  = = =  = = =  = = =  = = =  = = = 
2020-10-21 18:59:41,722 - root - INFO : 当前所在Class: Website || 类描述信息: None
2020-10-21 18:59:41,824 - root - INFO : 当前所在Class: Check || 类描述信息: None
2020-10-21 18:59:41,893 - root - INFO : 当前所在Class: Check || 类描述信息: None
2020-10-21 18:59:41,923 - root - INFO : 描述信息: 查询企业微信载体信息
2020-10-21 18:59:41,924 - root - INFO : 请求地址: https://luban-api-fat.shiguangkey.com/website-edit-api/carrier/search
2020-10-21 18:59:41,924 - root - INFO : 请求方法: [- POST -]
2020-10-21 18:59:41,925 - root - INFO : 请求头部: {'content-type': 'application/json', 'token': '0x77ffb30712f1fa16cc04677878f70c'}
2020-10-21 18:59:41,925 - root - INFO : 请求正文: {'carrierName': '别皱眉', 'type': 3}
2020-10-21 18:59:42,141 - root - INFO : 响应消息: {'status': 0, 'msg': 'success', 'traceId': '0b082c3b2ea44d85b08702edb976cf40', 'data': []}
