2020-10-29 15:20:29,396 - root - INFO : 描述信息: 【潭州平台】获取登录用户 token
2020-10-29 15:20:29,396 - root - INFO : 请求地址: https://open-fat.shiguangkey.com/api/udb/workwechat/auth/login
2020-10-29 15:20:29,396 - root - INFO : 请求方法: [- POST -]
2020-10-29 15:20:29,396 - root - INFO : 请求头部: {'content-type': 'application/x-www-form-urlencoded', 'terminaltype': '4'}
2020-10-29 15:20:29,397 - root - INFO : 请求正文: {'account': 't0373492024', 'password': '4QrcOUm6Wau+VuBX8g+IPg'}
2020-10-29 15:20:29,556 - root - INFO : 响应消息: {'traceId': '935784a4c56f4baa9c81b29aa2d79a89', 'status': '0', 'msg': 'success', 'data': {'user': {'uid': 19861716, 'mobile': '', 'account': '', 'nickname': '用功的柠檬', 'headImg': 'https://res.shiguangkey.com/res/images/default.png', 'openId': '', 'newRegister': False, 'needBindPhone': False, 'showAccountList': False}, 'token': '0x775c500712f10d492d84ad486d0d69'}}
2020-10-29 15:20:29,557 - root - INFO : 提取变量: [ pttoken: 0x775c500712f10d492d84ad486d0d69 ]
2020-10-29 15:20:29,557 - root - INFO : 校验类型: [-status], 结果: [Passed], 预期: [0]
2020-10-29 15:20:29,557 - root - INFO : 校验类型: [-msg], 结果: [Passed], 预期: [success]
2020-10-29 15:20:29,557 - root - INFO :  = = =  = = =  = = =  = = =  = = =  = = =  = = =  = = = 分割线 = = =  = = =  = = =  = = =  = = =  = = =  = = =  = = = 
2020-10-29 15:20:57,972 - root - INFO : 描述信息: 【潭州平台】获取登录用户 token
2020-10-29 15:20:57,973 - root - INFO : 请求地址: https://open-fat.shiguangkey.com/api/udb/workwechat/auth/login
2020-10-29 15:20:57,973 - root - INFO : 请求方法: [- POST -]
2020-10-29 15:20:57,973 - root - INFO : 请求头部: {'content-type': 'application/x-www-form-urlencoded', 'terminaltype': '4'}
2020-10-29 15:20:57,973 - root - INFO : 请求正文: {'account': 't0373492024', 'password': '4QrcOUm6Wau+VuBX8g+IPg'}
2020-10-29 15:20:58,206 - root - INFO : 响应消息: {'traceId': '559725547ada452d93177e61713a3f4b', 'status': '0', 'msg': 'success', 'data': {'user': {'uid': 19861716, 'mobile': '', 'account': '', 'nickname': '用功的柠檬', 'headImg': 'https://res.shiguangkey.com/res/images/default.png', 'openId': '', 'newRegister': False, 'needBindPhone': False, 'showAccountList': False}, 'token': '0x7744470712f10d46f1949b7adcbf8c'}}
2020-10-29 15:20:58,206 - root - INFO : 提取变量: [ pttoken: 0x7744470712f10d46f1949b7adcbf8c ]
2020-10-29 15:20:58,206 - root - INFO : 校验类型: [-status], 结果: [Passed], 预期: [0]
2020-10-29 15:20:58,207 - root - INFO : 校验类型: [-msg], 结果: [Passed], 预期: [success]
2020-10-29 15:20:58,207 - root - INFO :  = = =  = = =  = = =  = = =  = = =  = = =  = = =  = = = 分割线 = = =  = = =  = = =  = = =  = = =  = = =  = = =  = = = 
