2020-10-21 18:50:06,926 - root - INFO : 描述信息: 【潭州平台】获取登录用户 token
2020-10-21 18:50:06,927 - root - INFO : 请求地址: https://open-fat.shiguangkey.com/api/udb/workwechat/auth/login
2020-10-21 18:50:06,927 - root - INFO : 请求方法: [- POST -]
2020-10-21 18:50:06,927 - root - INFO : 请求头部: {'content-type': 'application/x-www-form-urlencoded', 'terminaltype': '4'}
2020-10-21 18:50:06,927 - root - INFO : 请求正文: {'account': 't0383212689', 'password': '4QrcOUm6Wau+VuBX8g+IPg'}
2020-10-21 18:50:07,213 - root - INFO : 响应消息: {'traceId': '919437afeff64c1b88163cd73314c03c', 'status': '0', 'msg': 'success', 'data': {'user': {'uid': 19861712, 'mobile': '', 'account': '', 'nickname': '暖和的少女花', 'headImg': 'https://res.shiguangkey.com/res/images/default.png', 'openId': '', 'newRegister': False, 'needBindPhone': False, 'showAccountList': False}, 'token': '0x77f8e60712f10d0412e4c7babbe7e9'}}
2020-10-21 18:50:07,214 - root - INFO : 提取变量: [ pttoken: 0x77f8e60712f10d0412e4c7babbe7e9 ]
2020-10-21 18:50:07,214 - root - INFO : 校验类型: [-status], 结果: [Passed], 预期: [0]
2020-10-21 18:50:07,214 - root - INFO : 校验类型: [-msg], 结果: [Passed], 预期: [success]
2020-10-21 18:50:07,214 - root - INFO :  = = =  = = =  = = =  = = =  = = =  = = =  = = =  = = = 分割线 = = =  = = =  = = =  = = =  = = =  = = =  = = =  = = = 
2020-10-21 18:50:25,900 - root - INFO : 当前所在Class: Website || 类描述信息: None
2020-10-21 18:50:26,012 - root - INFO : 当前所在Class: Check || 类描述信息: None
2020-10-21 18:50:26,081 - root - INFO : 当前所在Class: Check || 类描述信息: None
2020-10-21 18:50:26,112 - root - INFO : 描述信息: 查询企业微信载体信息
2020-10-21 18:50:26,112 - root - INFO : 请求地址: https://luban-api-fat.shiguangkey.com/website-edit-api/carrier/search
2020-10-21 18:50:26,112 - root - INFO : 请求方法: [- POST -]
2020-10-21 18:50:26,112 - root - INFO : 请求头部: {'content-type': 'application/json', 'token': '0x77f8e60712f10d0412e4c7babbe7e9'}
2020-10-21 18:50:26,113 - root - INFO : 请求正文: {'carrierName': '别皱眉', 'type': 3}
2020-10-21 18:50:26,374 - root - INFO : 响应消息: {'status': 0, 'msg': 'success', 'traceId': '36abb9d462c9474a973e3721335084ef', 'data': [{'id': 552, 'carrierName': '别皱眉', 'carrierNo': '别皱眉', 'qrCodeUrl': 'https://open.work.weixin.qq.com/wwopen/userQRCode?vcode=vc42c79008dbbacc02', 'wwUserId': '17444'}]}
2020-10-21 18:50:26,375 - root - INFO : 提取变量: [ vectorId: 552 ]
2020-10-21 18:50:26,375 - root - INFO : 提取变量: [ carrierNo: 别皱眉 ]
2020-10-21 18:50:26,376 - root - INFO : 提取变量: [ vector: 别皱眉 ]
2020-10-21 18:50:26,376 - root - INFO : 校验类型: [-status], 结果: [Passed], 预期: [0]
2020-10-21 18:50:26,376 - root - INFO : 校验类型: [-msg], 结果: [Passed], 预期: [success]
2020-10-21 18:50:26,376 - root - INFO :  = = =  = = =  = = =  = = =  = = =  = = =  = = =  = = = 分割线 = = =  = = =  = = =  = = =  = = =  = = =  = = =  = = = 
2020-10-21 18:50:26,437 - root - INFO : 描述信息: 【工具/落地页工具/新建落地页/手动】生成二维码，保存(工具使用)
2020-10-21 18:50:26,438 - root - INFO : 请求地址: https://luban-api-fat.shiguangkey.com/website-edit-api/website/create_website
2020-10-21 18:50:26,438 - root - INFO : 请求方法: [- POST -]
2020-10-21 18:50:26,438 - root - INFO : 请求头部: {'content-type': 'application/json', 'token': '0x77f8e60712f10d0412e4c7babbe7e9'}
2020-10-21 18:50:26,438 - root - INFO : 请求正文: {'name': '自动化落地页26202341', 'goodsId': None, 'previewUrl': 'https://fat-huawei-media.shiguangkey.com/kgj83rvewqrs6j6', 'isRecommendApp': False, 'submitType': 0, 'wechatReqs': [{'imageUrl': 'https://wework.qpic.cn/wwpic/825733_CZSQHUg-SMCv0u5_1603273871/0', 'wechat': '别皱眉', 'wechatChangeTime': 50, 'creativityId': 0, 'creativityNo': '', 'limitClickNum': 100, 'isWehub': False, 'isCarrier': True, 'carrierId': '552', 'channelNumber': 630}], 'isSmsVerify': 0, 'pageMode': 1, 'websiteType': 2, 'adCreateType': 2, 'websiteWechatType': 2, 'bgColor': '', 'bgImage': '', 'version': '2.5.0', 'compReqs': [{'compJson': '{"id":"kgj7urhze978pok","type":15,"wechatList":[{"imageUrl":"https://wework.qpic.cn/wwpic/825733_CZSQHUg-SMCv0u5_1603273871/0","wechat":"别皱眉","wechatChangeTime":50,"creativityId":0,"creativityNo":"","creativityName":"","limitClickNum":100,"carrierName":"别皱眉","isWehub":false,"isCarrier":true,"channelId":"","carrierId":552,"channelNumber":630,"disabled":false,"deleted":false}],"width":375,"height":160,"backgroundType":2,"background":"","codeWidth":120,"codeLeft":50,"codeTop":50,"y":0}', 'fileIds': [], 'scene': 1, 'type': 15}]}
2020-10-21 18:50:26,638 - root - INFO : 响应消息: {'status': 0, 'msg': 'success', 'traceId': 'f28a6494947341679fe73631fd1dd11c', 'data': {'code': '1318867238489825281', 'id': 9118}}
2020-10-21 18:50:26,638 - root - INFO : 提取变量: [ websiteId: 9118 ]
2020-10-21 18:50:26,639 - root - INFO : 校验类型: [-status], 结果: [Passed], 预期: [0]
2020-10-21 18:50:26,639 - root - INFO : 校验类型: [-msg], 结果: [Passed], 预期: [success]
2020-10-21 18:50:26,639 - root - INFO :  = = =  = = =  = = =  = = =  = = =  = = =  = = =  = = = 分割线 = = =  = = =  = = =  = = =  = = =  = = =  = = =  = = = 
2020-10-21 18:50:26,639 - root - INFO : 描述信息: 【工具/落地页工具/新建落地页/手动】发布落地页
2020-10-21 18:50:26,639 - root - INFO : 请求地址: https://luban-api-fat.shiguangkey.com/website-edit-api/website/publish_website
2020-10-21 18:50:26,639 - root - INFO : 请求方法: [- POST -]
2020-10-21 18:50:26,639 - root - INFO : 请求头部: {'content-type': 'application/json', 'token': '0x77f8e60712f10d0412e4c7babbe7e9'}
2020-10-21 18:50:26,639 - root - INFO : 请求正文: {'websiteId': '9118'}
2020-10-21 18:50:26,813 - root - INFO : 响应消息: {'status': 0, 'msg': '落地页发布成功', 'traceId': 'c1dc452dd7f046788dd3605f46aef776', 'data': None}
2020-10-21 18:50:26,813 - root - INFO : 校验类型: [-status], 结果: [Passed], 预期: [0]
2020-10-21 18:50:26,814 - root - INFO :  = = =  = = =  = = =  = = =  = = =  = = =  = = =  = = = 分割线 = = =  = = =  = = =  = = =  = = =  = = =  = = =  = = = 
2020-10-21 18:50:26,814 - root - INFO : 描述信息: 【工具/落地页工具/新建落地页/手动】生成链接
2020-10-21 18:50:26,814 - root - INFO : 请求地址: https://luban-api-fat.shiguangkey.com/website-edit-api/website_link/association_creativity
2020-10-21 18:50:26,814 - root - INFO : 请求方法: [- POST -]
2020-10-21 18:50:26,814 - root - INFO : 请求头部: {'content-type': 'application/json', 'token': '0x77f8e60712f10d0412e4c7babbe7e9'}
2020-10-21 18:50:26,814 - root - INFO : 请求正文: {'websiteId': '9118', 'title': 'kuaishou', 'accountId': 'wx359bdedd5d18907a', 'releaseChannel': 3, 'putPlanNames': ['自动化落地页26202341'], 'domain': 'https://mz-fat.tanzhouedu.com', 'subjectId': 280, 'websiteLinkFollowReq': {'gatherType': 3, 'isTest': 0, 'receiveDeptIdChain': '', 'receiveDeptName': '', 'allocInstType': 3, 'putMode': 1}, 'channelId': 6, 'subject': 'PHP'}
2020-10-21 18:50:27,008 - root - INFO : 响应消息: {'status': 0, 'msg': 'success', 'traceId': '98db672d32144380b68b7e9303f6b2d6', 'data': [{'putPlanName': None, 'creativityCode': 'b61e42248ae58a96'}]}
2020-10-21 18:50:27,009 - root - INFO : 提取变量: [ creativityCode: b61e42248ae58a96 ]
2020-10-21 18:50:27,010 - root - INFO : 校验类型: [-status], 结果: [Passed], 预期: [0]
2020-10-21 18:50:27,011 - root - INFO : 校验类型: [-msg], 结果: [Passed], 预期: [success]
2020-10-21 18:50:27,011 - root - INFO :  = = =  = = =  = = =  = = =  = = =  = = =  = = =  = = = 分割线 = = =  = = =  = = =  = = =  = = =  = = =  = = =  = = = 
2020-10-21 18:50:27,011 - root - INFO : 正在执行Function: list_landing_page
2020-10-21 18:50:27,012 - root - INFO : 描述信息: 【银河/工具/落地页工具】落地页数据查询
2020-10-21 18:50:27,012 - root - INFO : 请求地址: https://luban-api-fat.shiguangkey.com/website-edit-api/website_link/list_creativity
2020-10-21 18:50:27,012 - root - INFO : 请求方法: [- POST -]
2020-10-21 18:50:27,012 - root - INFO : 请求头部: {'content-type': 'application/json', 'token': '0x77f8e60712f10d0412e4c7babbe7e9'}
2020-10-21 18:50:27,012 - root - INFO : 请求正文: {'websiteCode': '', 'creativityCode': '', 'adNo': '', 'isTest': '', 'channelCode': '', 'subjectId': '', 'putMode': '', 'websiteName': '自动化落地页26202341', 'submitStartTime': '2020-10-21 00:00:00', 'submitEndTime': '2020-10-21 23:59:59', 'pageNo': 1, 'pageSize': 10, 'websiteType': 2}
2020-10-21 18:50:27,533 - root - INFO : 响应消息: {'status': 0, 'msg': 'success', 'traceId': '502bd3f5a9404778995d7d2053783fef', 'data': {'totalPage': 1, 'rows': [{'websiteLinkId': 8524, 'websiteName': '自动化落地页26202341', 'previewUrl': 'https://fat-huawei-media.shiguangkey.com/kgj83rvewqrs6j6', 'adNo': '', 'creativityId': 0, 'putPlanName': '自动化落地页26202341', 'websiteCode': '1318867238489825281', 'websiteId': 9118, 'promoter': '暖和的少女花', 'publishTime': '2020-10-21 18:50:28', 'updatedAt': 1603277428000, 'channel': None, 'subject': 'PHP', 'putMode': 1, 'creativityCode': 'b61e42248ae58a96', 'creativityStat': {'creativityCode': 'b61e42248ae58a96', 'pageView': 0, 'uniqueVisitor': 0, 'conversionRate': 0, 'orderNum': 0, 'formSubmitNum': None, 'clickNum': 0, 'adultNum': 0, 'minorNum': 0, 'avgLoadTime': 0, 'downloadNum': 0, 'noCustomerGrown': None, 'noCustomerChild': None, 'cpc': None, 'noLeaningRepeatGrown': None, 'noLeaningRepeatChild': None, 'noLeaning': None}, 'websiteType': 2, 'transferType': 1, 'isTest': 0, 'receiveDeptName': '', 'allocInstType': 3, 'isDisable': 0, 'releaseChannel': 3, 'url': 'https://mz-fat.tanzhouedu.com?s=b61e42248ae58a96', 'customerNum': None, 'userId': 637}], 'totalCount': 1, 'pageNo': 1, 'pageSize': 10, 'currentPageSize': 1}}
2020-10-21 18:50:27,534 - root - INFO : 提取变量: [ adNo:  ]
2020-10-21 18:50:27,534 - root - INFO : 提取变量: [ websiteCode: 1318867238489825281 ]
2020-10-21 18:50:27,535 - root - INFO : 提取变量: [ websiteLinkId: 8524 ]
2020-10-21 18:50:27,535 - root - INFO : 提取变量: [ url: https://mz-fat.tanzhouedu.com?s=b61e42248ae58a96 ]
2020-10-21 18:50:27,535 - root - INFO : 校验类型: [-status], 结果: [Passed], 预期: [0]
2020-10-21 18:50:27,535 - root - INFO : 校验类型: [-msg], 结果: [Passed], 预期: [success]
2020-10-21 18:50:27,536 - root - INFO :  = = =  = = =  = = =  = = =  = = =  = = =  = = =  = = = 分割线 = = =  = = =  = = =  = = =  = = =  = = =  = = =  = = = 
2020-10-21 18:50:36,482 - root - INFO : 当前所在Class: Website || 类描述信息: None
2020-10-21 18:50:36,587 - root - INFO : 当前所在Class: Check || 类描述信息: None
2020-10-21 18:50:36,656 - root - INFO : 当前所在Class: Check || 类描述信息: None
2020-10-21 18:50:36,686 - root - INFO : 描述信息: 查询企业微信载体信息
