2020-09-10 10:03:58,089 - root - INFO : 描述信息: 【潭州平台】获取登录用户 token
2020-09-10 10:03:58,089 - root - INFO : 请求地址: https://open-fat.shiguangkey.com/api/udb/workwechat/auth/login
2020-09-10 10:03:58,089 - root - INFO : 请求方法: [- POST -]
2020-09-10 10:03:58,089 - root - INFO : 请求头部: {'content-type': 'application/x-www-form-urlencoded', 'terminaltype': '4', 'user-agent': 'Mozilla/5.0 (Windows NT 10.0; Win64; x64) AppleWebKit/537.36 (KHTML, like Gecko) Chrome/80.0.3987.106 Safari/537.36', 'Connection': 'close', 'keep-alive': 'False'}
2020-09-10 10:03:58,090 - root - INFO : 请求正文: {'account': 't0384223793', 'password': '4QrcOUm6Wau+VuBX8g+IPg'}
2020-09-10 10:03:58,238 - root - INFO : 响应消息: {'traceId': 'b3c631327306419886ee8384a4304141', 'status': '0', 'msg': 'success', 'data': {'user': {'uid': 19862099, 'mobile': '', 'account': '', 'nickname': '日常的阿魏', 'headImg': 'https://res.shiguangkey.com/res/images/default.png', 'openId': '', 'newRegister': False, 'needBindPhone': False, 'showAccountList': False}, 'token': '0x77373f0712f125332ae4b76be2c6e2'}}
2020-09-10 10:03:58,239 - root - INFO : 提取变量: [ pttoken: 0x77373f0712f125332ae4b76be2c6e2 ]
2020-09-10 10:03:58,239 - root - INFO : 校验类型: [-status], 结果: [Passed], 预期: [0]
2020-09-10 10:03:58,239 - root - INFO : 校验类型: [-msg], 结果: [Passed], 预期: [success]
2020-09-10 10:03:58,239 - root - INFO :  = = =  = = =  = = =  = = =  = = =  = = =  = = =  = = = 分割线 = = =  = = =  = = =  = = =  = = =  = = =  = = =  = = = 
2020-09-10 10:03:58,262 - root - INFO : 当前运行Case: test_chk_cost_apply_reject
2020-09-10 10:03:58,262 - root - INFO : 正在执行Function: test_chk_cost_apply_reject
2020-09-10 10:03:58,263 - root - INFO : 描述信息: 【潭州平台】获取登录用户 token
2020-09-10 10:03:58,263 - root - INFO : 请求地址: https://open-fat.shiguangkey.com/api/udb/workwechat/auth/login
2020-09-10 10:03:58,263 - root - INFO : 请求方法: [- POST -]
2020-09-10 10:03:58,263 - root - INFO : 请求头部: {'content-type': 'application/x-www-form-urlencoded', 'terminaltype': '4', 'user-agent': 'Mozilla/5.0 (Windows NT 10.0; Win64; x64) AppleWebKit/537.36 (KHTML, like Gecko) Chrome/80.0.3987.106 Safari/537.36', 'Connection': 'close', 'keep-alive': 'False'}
2020-09-10 10:03:58,263 - root - INFO : 请求正文: {'account': 't0385252771', 'password': '4QrcOUm6Wau+VuBX8g+IPg'}
2020-09-10 10:03:58,406 - root - INFO : 响应消息: {'traceId': '427e926d4f624beea8ba174e3d123b67', 'status': '0', 'msg': 'success', 'data': {'user': {'uid': 19861714, 'mobile': '', 'account': '', 'nickname': '精彩的鲀鱼', 'headImg': 'https://res.shiguangkey.com/res/images/default.png', 'openId': '', 'newRegister': False, 'needBindPhone': False, 'showAccountList': False}, 'token': '0x772d590712f10d21a6240c093e4669'}}
2020-09-10 10:03:58,406 - root - INFO : 提取变量: [ pttoken: 0x772d590712f10d21a6240c093e4669 ]
2020-09-10 10:03:58,407 - root - INFO : 校验类型: [-status], 结果: [Passed], 预期: [0]
2020-09-10 10:03:58,407 - root - INFO : 校验类型: [-msg], 结果: [Passed], 预期: [success]
2020-09-10 10:03:58,407 - root - INFO :  = = =  = = =  = = =  = = =  = = =  = = =  = = =  = = = 分割线 = = =  = = =  = = =  = = =  = = =  = = =  = = =  = = = 
2020-09-10 10:03:58,407 - root - INFO : 正在执行Function: add_flow_budget
2020-09-10 10:03:58,407 - root - INFO : 描述信息: 【海川/预算管理/流量预算】新增流量预算
2020-09-10 10:03:58,407 - root - INFO : 请求地址: https://ocean-fat.shiguangkey.com/api/stat/budget/traffic/add?organizationId=8009
2020-09-10 10:03:58,407 - root - INFO : 请求方法: [- POST -]
2020-09-10 10:03:58,407 - root - INFO : 请求头部: {'content-type': 'application/json', 'token': '0x772d590712f10d21a6240c093e4669', 'user-agent': 'Mozilla/5.0 (Windows NT 10.0; Win64; x64) AppleWebKit/537.36 (KHTML, like Gecko) Chrome/80.0.3987.106 Safari/537.36', 'Connection': 'close', 'keep-alive': 'False'}
2020-09-10 10:03:58,407 - root - INFO : 请求正文: {'id': '', 'costMonth': '2020-10-01', 'weekNum': 1, 'weekRange': '1-4', 'promotionerDeptId': 8009, 'subjectId': '515', 'putMode': 3, 'gatherType': 1, 'flowCost': '0.00', 'avgCardNum': 1, 'monthEntryNum': 1, 'monthUnCorrectNum': 1, 'monthCorrectNum': 1, 'visitorNum': 3, 'workDay': 1, 'stageCardNum': 3, 'flowExpenditure': 0, 'customerPrice': 1, 'conversionRate': 1, 'signUpNum': 3, 'performance': 3, 'roi': 0, 'applyRemark': '', 'subjectName': 'Sketchup', 'receiveDeptId': '', 'receiveDeptName': '', 'promotionerDeptName': '', 'subjectIdChain': '261-505-515', 'organizationId': 8009}
2020-09-10 10:03:58,703 - root - INFO : 响应消息: {'data': None, 'msg': None, 'platform': None, 'res': 100, 'traceId': 'c3504673b3e953ce'}
2020-09-10 10:03:58,703 - root - INFO : 校验类型: [-res], 结果: [Passed], 预期: [100]
2020-09-10 10:03:58,703 - root - INFO : 校验类型: [-msg], 结果: [Passed], 预期: [None]
2020-09-10 10:03:58,703 - root - INFO :  = = =  = = =  = = =  = = =  = = =  = = =  = = =  = = = 分割线 = = =  = = =  = = =  = = =  = = =  = = =  = = =  = = = 
2020-09-10 10:03:58,704 - root - INFO : 描述信息: 【潭州平台】获取登录用户 token
2020-09-10 10:03:58,704 - root - INFO : 请求地址: https://open-fat.shiguangkey.com/api/udb/workwechat/auth/login
2020-09-10 10:03:58,704 - root - INFO : 请求方法: [- POST -]
2020-09-10 10:03:58,704 - root - INFO : 请求头部: {'content-type': 'application/x-www-form-urlencoded', 'terminaltype': '4', 'user-agent': 'Mozilla/5.0 (Windows NT 10.0; Win64; x64) AppleWebKit/537.36 (KHTML, like Gecko) Chrome/80.0.3987.106 Safari/537.36', 'Connection': 'close', 'keep-alive': 'False'}
2020-09-10 10:03:58,704 - root - INFO : 请求正文: {'account': 't0385252771', 'password': '4QrcOUm6Wau+VuBX8g+IPg'}
2020-09-10 10:03:58,847 - root - INFO : 响应消息: {'traceId': '07dd0849d2ed483382bf067ce87a46c0', 'status': '0', 'msg': 'success', 'data': {'user': {'uid': 19861714, 'mobile': '', 'account': '', 'nickname': '精彩的鲀鱼', 'headImg': 'https://res.shiguangkey.com/res/images/default.png', 'openId': '', 'newRegister': False, 'needBindPhone': False, 'showAccountList': False}, 'token': '0x77d97e0712f10d2d7e94fa6a0b8595'}}
2020-09-10 10:03:58,847 - root - INFO : 提取变量: [ pttoken: 0x77d97e0712f10d2d7e94fa6a0b8595 ]
2020-09-10 10:03:58,847 - root - INFO : 校验类型: [-status], 结果: [Passed], 预期: [0]
2020-09-10 10:03:58,847 - root - INFO : 校验类型: [-msg], 结果: [Passed], 预期: [success]
2020-09-10 10:03:58,847 - root - INFO :  = = =  = = =  = = =  = = =  = = =  = = =  = = =  = = = 分割线 = = =  = = =  = = =  = = =  = = =  = = =  = = =  = = = 
2020-09-10 10:03:58,847 - root - INFO : 正在执行Function: qry_flow_budget
2020-09-10 10:03:58,847 - root - INFO : 描述信息: 【海川/预算管理/流量预算】查询流量预算
2020-09-10 10:03:58,847 - root - INFO : 请求地址: https://ocean-fat.shiguangkey.com/api/stat/budget/traffic/pageList?organizationId=8009
2020-09-10 10:03:58,847 - root - INFO : 请求方法: [- POST -]
2020-09-10 10:03:58,847 - root - INFO : 请求头部: {'content-type': 'application/json', 'token': '0x77d97e0712f10d2d7e94fa6a0b8595', 'user-agent': 'Mozilla/5.0 (Windows NT 10.0; Win64; x64) AppleWebKit/537.36 (KHTML, like Gecko) Chrome/80.0.3987.106 Safari/537.36', 'Connection': 'close', 'keep-alive': 'False'}
2020-09-10 10:03:58,848 - root - INFO : 请求正文: {'pageNow': 1, 'pageSize': 20, 'auditState': 1, 'organizationId': [8009], 'deptId': 8009}
2020-09-10 10:03:59,090 - root - INFO : 响应消息: {'data': {'extraData': None, 'list': [{'apply': '精彩的鲀鱼', 'applyRemark': '', 'applyTime': 1599703440000, 'applyUid': 19861714, 'auditState': 1, 'avgCardNum': 1, 'conversionRate': 1.0, 'costMonth': 1601481600000, 'createTime': 1599703440000, 'creatorDeptId': 8009, 'creatorDeptIdChain': '1001', 'creatorId': 19861714, 'creatorName': '精彩的鲀鱼', 'customerPrice': 1.0, 'flowCost': 0.0, 'flowExpenditure': 0.0, 'gatherType': 1, 'id': 64, 'modifierId': 19861714, 'modifierName': '丁聪4', 'modifyTime': 1599703440000, 'monthCorrectNum': 1, 'monthEntryNum': 1, 'monthUnCorrectNum': 1, 'performance': 3.0, 'promotionerDeptId': 8009, 'promotionerDeptIdChain': '1001-8006-8007-8008-8009', 'promotionerDeptName': '潭州教育>自动化测试分公司--勿动>自动化测试群--勿动>自动化测试事业部>自动化测试院', 'putMode': 3, 'receiveDeptId': 8009, 'receiveDeptIdChain': '1001-8006-8007-8008-8009', 'receiveDeptName': '潭州教育>自动化测试分公司--勿动>自动化测试群--勿动>自动化测试事业部>自动化测试院', 'roi': 0.0, 'signUpNum': 3, 'stageCardNum': 3, 'subjectId': 515, 'subjectIdChain': '261-505-515', 'subjectName': 'Sketchup', 'visitorNum': 3, 'weekNum': 1, 'weekRange': '1-4', 'workDay': 1}, {'apply': '精彩的鲀鱼', 'applyRemark': '', 'applyTime': 1599199742000, 'applyUid': 19861714, 'auditState': 1, 'avgCardNum': 1, 'conversionRate': 1.0, 'costMonth': 1601481600000, 'createTime': 1599199742000, 'creatorDeptId': 8009, 'creatorDeptIdChain': '1001', 'creatorId': 19861714, 'creatorName': '精彩的鲀鱼', 'customerPrice': 1.0, 'flowCost': 0.0, 'flowExpenditure': 0.0, 'gatherType': 1, 'id': 46, 'modifierId': 19861714, 'modifierName': '丁聪4', 'modifyTime': 1599199742000, 'monthCorrectNum': 1, 'monthEntryNum': 1, 'monthUnCorrectNum': 1, 'performance': 3.0, 'promotionerDeptId': 8009, 'promotionerDeptIdChain': '1001-8006-8007-8008-8009', 'promotionerDeptName': '潭州教育>自动化测试分公司--勿动>自动化测试群--勿动>自动化测试事业部>自动化测试院', 'putMode': 2, 'receiveDeptId': 8009, 'receiveDeptIdChain': '1001-8006-8007-8008-8009', 'receiveDeptName': '潭州教育>自动化测试分公司--勿动>自动化测试群--勿动>自动化测试事业部>自动化测试院', 'roi': 0.0, 'signUpNum': 3, 'stageCardNum': 3, 'subjectId': 620, 'subjectIdChain': '264-300-620', 'subjectName': '稻麦主食', 'visitorNum': 3, 'weekNum': 1, 'weekRange': '1-4', 'workDay': 1}, {'apply': '精彩的鲀鱼', 'applyRemark': '', 'applyTime': 1599198895000, 'applyUid': 19861714, 'auditState': 1, 'avgCardNum': 1, 'conversionRate': 1.0, 'costMonth': 1601481600000, 'createTime': 1599198895000, 'creatorDeptId': 8009, 'creatorDeptIdChain': '1001', 'creatorId': 19861714, 'creatorName': '精彩的鲀鱼', 'customerPrice': 1.0, 'flowCost': 0.0, 'flowExpenditure': 0.0, 'gatherType': 2, 'id': 45, 'modifierId': 19861714, 'modifierName': '丁聪4', 'modifyTime': 1599198895000, 'monthCorrectNum': 1, 'monthEntryNum': 1, 'monthUnCorrectNum': 1, 'performance': 3.0, 'promotionerDeptId': 8009, 'promotionerDeptIdChain': '1001-8006-8007-8008-8009', 'promotionerDeptName': '潭州教育>自动化测试分公司--勿动>自动化测试群--勿动>自动化测试事业部>自动化测试院', 'putMode': 1, 'receiveDeptId': 8009, 'receiveDeptIdChain': '1001-8006-8007-8008-8009', 'receiveDeptName': '潭州教育>自动化测试分公司--勿动>自动化测试群--勿动>自动化测试事业部>自动化测试院', 'roi': 0.0, 'signUpNum': 3, 'stageCardNum': 3, 'subjectId': 600, 'subjectIdChain': '258-599-600', 'subjectName': 'J2EE', 'visitorNum': 3, 'weekNum': 1, 'weekRange': '1-4', 'workDay': 1}], 'pageNum': 1, 'pageSize': 20, 'pages': 1, 'sEcho': None, 'size': 3, 'total': 3}, 'msg': None, 'platform': None, 'res': 100, 'traceId': '29c2c0f4b0954e61'}
2020-09-10 10:03:59,091 - root - INFO : 提取变量: [ flow_budget_id: 64 ]
2020-09-10 10:03:59,091 - root - INFO : 校验类型: [-res], 结果: [Passed], 预期: [100]
2020-09-10 10:03:59,091 - root - INFO : 校验类型: [-msg], 结果: [Passed], 预期: [None]
2020-09-10 10:03:59,091 - root - INFO :  = = =  = = =  = = =  = = =  = = =  = = =  = = =  = = = 分割线 = = =  = = =  = = =  = = =  = = =  = = =  = = =  = = = 
2020-09-10 10:03:59,091 - root - INFO : 描述信息: 【潭州平台】获取登录用户 token
2020-09-10 10:03:59,091 - root - INFO : 请求地址: https://open-fat.shiguangkey.com/api/udb/workwechat/auth/login
2020-09-10 10:03:59,091 - root - INFO : 请求方法: [- POST -]
2020-09-10 10:03:59,091 - root - INFO : 请求头部: {'content-type': 'application/x-www-form-urlencoded', 'terminaltype': '4', 'user-agent': 'Mozilla/5.0 (Windows NT 10.0; Win64; x64) AppleWebKit/537.36 (KHTML, like Gecko) Chrome/80.0.3987.106 Safari/537.36', 'Connection': 'close', 'keep-alive': 'False'}
2020-09-10 10:03:59,091 - root - INFO : 请求正文: {'account': 't0385252771', 'password': '4QrcOUm6Wau+VuBX8g+IPg'}
2020-09-10 10:03:59,234 - root - INFO : 响应消息: {'traceId': 'fc10c634e146424685ceec8277563077', 'status': '0', 'msg': 'success', 'data': {'user': {'uid': 19861714, 'mobile': '', 'account': '', 'nickname': '精彩的鲀鱼', 'headImg': 'https://res.shiguangkey.com/res/images/default.png', 'openId': '', 'newRegister': False, 'needBindPhone': False, 'showAccountList': False}, 'token': '0x7739e80712f10d29fda415ca25177e'}}
2020-09-10 10:03:59,234 - root - INFO : 提取变量: [ pttoken: 0x7739e80712f10d29fda415ca25177e ]
2020-09-10 10:03:59,234 - root - INFO : 校验类型: [-status], 结果: [Passed], 预期: [0]
2020-09-10 10:03:59,234 - root - INFO : 校验类型: [-msg], 结果: [Passed], 预期: [success]
2020-09-10 10:03:59,234 - root - INFO :  = = =  = = =  = = =  = = =  = = =  = = =  = = =  = = = 分割线 = = =  = = =  = = =  = = =  = = =  = = =  = = =  = = = 
2020-09-10 10:03:59,235 - root - INFO : 正在执行Function: chk_flow_budget
2020-09-10 10:03:59,235 - root - INFO : 描述信息: 【海川/预算管理/流量预算】审核流量预算
2020-09-10 10:03:59,235 - root - INFO : 请求地址: https://ocean-fat.shiguangkey.com/api/stat/budget/traffic/audit
2020-09-10 10:03:59,235 - root - INFO : 请求方法: [- GET -]
2020-09-10 10:03:59,235 - root - INFO : 请求头部: {'token': '0x7739e80712f10d29fda415ca25177e', 'user-agent': 'Mozilla/5.0 (Windows NT 10.0; Win64; x64) AppleWebKit/537.36 (KHTML, like Gecko) Chrome/80.0.3987.106 Safari/537.36', 'Connection': 'close', 'keep-alive': 'False'}
2020-09-10 10:03:59,235 - root - INFO : 请求正文: {'id': '64', 'auditFlag': 1, 'organizationId': 8009}
2020-09-10 10:03:59,465 - root - INFO : 响应消息: {'data': None, 'msg': None, 'platform': None, 'res': 100, 'traceId': '0538265f4596d30a'}
2020-09-10 10:03:59,465 - root - INFO : 校验类型: [-res], 结果: [Passed], 预期: [100]
2020-09-10 10:03:59,466 - root - INFO :  = = =  = = =  = = =  = = =  = = =  = = =  = = =  = = = 分割线 = = =  = = =  = = =  = = =  = = =  = = =  = = =  = = = 
2020-09-10 10:03:59,466 - root - INFO : 描述信息: 【潭州平台】获取登录用户 token
2020-09-10 10:03:59,466 - root - INFO : 请求地址: https://open-fat.shiguangkey.com/api/udb/workwechat/auth/login
2020-09-10 10:03:59,466 - root - INFO : 请求方法: [- POST -]
2020-09-10 10:03:59,466 - root - INFO : 请求头部: {'content-type': 'application/x-www-form-urlencoded', 'terminaltype': '4', 'user-agent': 'Mozilla/5.0 (Windows NT 10.0; Win64; x64) AppleWebKit/537.36 (KHTML, like Gecko) Chrome/80.0.3987.106 Safari/537.36', 'Connection': 'close', 'keep-alive': 'False'}
2020-09-10 10:03:59,466 - root - INFO : 请求正文: {'account': 't0384223793', 'password': '4QrcOUm6Wau+VuBX8g+IPg'}
2020-09-10 10:03:59,617 - root - INFO : 响应消息: {'traceId': '98d3334990fa4da08f7f0673be1a3eb8', 'status': '0', 'msg': 'success', 'data': {'user': {'uid': 19862099, 'mobile': '', 'account': '', 'nickname': '日常的阿魏', 'headImg': 'https://res.shiguangkey.com/res/images/default.png', 'openId': '', 'newRegister': False, 'needBindPhone': False, 'showAccountList': False}, 'token': '0x77cd430712f1253a5bc4ae8ad233c5'}}
2020-09-10 10:03:59,618 - root - INFO : 提取变量: [ pttoken: 0x77cd430712f1253a5bc4ae8ad233c5 ]
2020-09-10 10:03:59,618 - root - INFO : 校验类型: [-status], 结果: [Passed], 预期: [0]
2020-09-10 10:03:59,618 - root - INFO : 校验类型: [-msg], 结果: [Passed], 预期: [success]
2020-09-10 10:03:59,618 - root - INFO :  = = =  = = =  = = =  = = =  = = =  = = =  = = =  = = = 分割线 = = =  = = =  = = =  = = =  = = =  = = =  = = =  = = = 
2020-09-10 10:03:59,618 - root - INFO : 正在执行Function: chk_cost_apply
2020-09-10 10:03:59,618 - root - INFO : 描述信息: 【预算-投放预算管理-申请记录】审核
2020-09-10 10:03:59,618 - root - INFO : 请求地址: https://galaxy-api-fat.shiguangkey.com/api/galaxy/costApply/audit
2020-09-10 10:03:59,618 - root - INFO : 请求方法: [- POST -]
2020-09-10 10:03:59,618 - root - INFO : 请求头部: {'content-type': 'application/x-www-form-urlencoded', 'token': '0x77cd430712f1253a5bc4ae8ad233c5', 'x-dept-id-chain': '1001-8006-8007-8008-8009', 'user-agent': 'Mozilla/5.0 (Windows NT 10.0; Win64; x64) AppleWebKit/537.36 (KHTML, like Gecko) Chrome/80.0.3987.106 Safari/537.36', 'Connection': 'close', 'keep-alive': 'False'}
2020-09-10 10:03:59,619 - root - INFO : 请求正文: {'ids': '64', 'auditState': 0, 'auditRemark': '拒绝'}
2020-09-10 10:03:59,802 - root - INFO : 响应消息: {'traceId': '289f9ca58f774fe49aa630cf0618f659', 'status': '0', 'msg': 'success', 'data': {}}
2020-09-10 10:03:59,802 - root - INFO : 校验类型: [-status], 结果: [Passed], 预期: [0]
2020-09-10 10:03:59,802 - root - INFO : 校验类型: [-msg], 结果: [Passed], 预期: [success]
2020-09-10 10:03:59,802 - root - INFO :  = = =  = = =  = = =  = = =  = = =  = = =  = = =  = = = 分割线 = = =  = = =  = = =  = = =  = = =  = = =  = = =  = = = 
